[7.118s] Invoking command in '/home/jizzy/ros_ws/src/my_package': DEBUGINFOD_URLS=https://debuginfod.ubuntu.com PYTHONPATH=/home/jizzy/ros_ws/build/my_package/prefix_override:/usr/lib/python3/dist-packages/colcon_core/task/python/colcon_distutils_commands:/home/jizzy/ros_ws/install/my_package/lib/python3.12/site-packages:${PYTHONPATH} /usr/bin/python3 -W ignore:setup.py install is deprecated setup.py egg_info --egg-base ../../build/my_package build --build-base /home/jizzy/ros_ws/build/my_package/build install --record /home/jizzy/ros_ws/build/my_package/install.log --single-version-externally-managed install_data
[10.074s] running egg_info
[10.329s] writing ../../build/my_package/my_package.egg-info/PKG-INFO
[10.332s] writing dependency_links to ../../build/my_package/my_package.egg-info/dependency_links.txt
[10.337s] writing entry points to ../../build/my_package/my_package.egg-info/entry_points.txt
[10.341s] writing requirements to ../../build/my_package/my_package.egg-info/requires.txt
[10.341s] writing top-level names to ../../build/my_package/my_package.egg-info/top_level.txt
[10.921s] reading manifest file '../../build/my_package/my_package.egg-info/SOURCES.txt'
[10.921s] adding license file 'LICENSE'
[10.928s] writing manifest file '../../build/my_package/my_package.egg-info/SOURCES.txt'
[10.931s] running build
[10.932s] running build_py
[10.932s] copying my_package/run_cricle_command_old.py -> /home/jizzy/ros_ws/build/my_package/build/lib/my_package
[10.944s] copying my_package/run_circle_command.py -> /home/jizzy/ros_ws/build/my_package/build/lib/my_package
[10.945s] running install
[10.994s] running install_lib
[11.230s] copying /home/jizzy/ros_ws/build/my_package/build/lib/my_package/run_cricle_command_old.py -> /home/jizzy/ros_ws/install/my_package/lib/python3.12/site-packages/my_package
[11.232s] copying /home/jizzy/ros_ws/build/my_package/build/lib/my_package/run_circle_command.py -> /home/jizzy/ros_ws/install/my_package/lib/python3.12/site-packages/my_package
[11.237s] byte-compiling /home/jizzy/ros_ws/install/my_package/lib/python3.12/site-packages/my_package/run_cricle_command_old.py to run_cricle_command_old.cpython-312.pyc
[11.267s] byte-compiling /home/jizzy/ros_ws/install/my_package/lib/python3.12/site-packages/my_package/run_circle_command.py to run_circle_command.cpython-312.pyc
[11.267s] running install_data
[11.283s] running install_egg_info
[11.417s] removing '/home/jizzy/ros_ws/install/my_package/lib/python3.12/site-packages/my_package-0.0.0-py3.12.egg-info' (and everything under it)
[11.417s] Copying ../../build/my_package/my_package.egg-info to /home/jizzy/ros_ws/install/my_package/lib/python3.12/site-packages/my_package-0.0.0-py3.12.egg-info
[11.420s] running install_scripts
[12.531s] Installing my_node script to /home/jizzy/ros_ws/install/my_package/lib/my_package
[12.538s] Installing run_circle_command script to /home/jizzy/ros_ws/install/my_package/lib/my_package
[12.546s] writing list of installed files to '/home/jizzy/ros_ws/build/my_package/install.log'
[12.958s] Invoked command in '/home/jizzy/ros_ws/src/my_package' returned '0': DEBUGINFOD_URLS=https://debuginfod.ubuntu.com PYTHONPATH=/home/jizzy/ros_ws/build/my_package/prefix_override:/usr/lib/python3/dist-packages/colcon_core/task/python/colcon_distutils_commands:/home/jizzy/ros_ws/install/my_package/lib/python3.12/site-packages:${PYTHONPATH} /usr/bin/python3 -W ignore:setup.py install is deprecated setup.py egg_info --egg-base ../../build/my_package build --build-base /home/jizzy/ros_ws/build/my_package/build install --record /home/jizzy/ros_ws/build/my_package/install.log --single-version-externally-managed install_data
