[0.812s] Invoking command in '/home/gisbert12843/ros2_ws/build/webots_ros2_importer': PYTHONPATH=/home/gisbert12843/ros2_ws/build/webots_ros2_importer/prefix_override:/usr/lib/python3/dist-packages/colcon_core/task/python/colcon_distutils_commands:/home/gisbert12843/ros2_ws/install/webots_ros2_importer/lib/python3.10/site-packages:${PYTHONPATH} /usr/bin/python3 -W ignore:setup.py install is deprecated setup.py develop --editable --build-directory /home/gisbert12843/ros2_ws/build/webots_ros2_importer/build --no-deps symlink_data
[1.056s] running develop
[1.056s] /usr/lib/python3/dist-packages/setuptools/command/easy_install.py:158: EasyInstallDeprecationWarning: easy_install command is deprecated. Use build and pip and other standards-based tools.
[1.056s]   warnings.warn(
[1.214s] running egg_info
[1.214s] creating webots_ros2_importer.egg-info
[1.214s] writing webots_ros2_importer.egg-info/PKG-INFO
[1.214s] writing dependency_links to webots_ros2_importer.egg-info/dependency_links.txt
[1.215s] writing entry points to webots_ros2_importer.egg-info/entry_points.txt
[1.215s] writing requirements to webots_ros2_importer.egg-info/requires.txt
[1.215s] writing top-level names to webots_ros2_importer.egg-info/top_level.txt
[1.215s] writing manifest file 'webots_ros2_importer.egg-info/SOURCES.txt'
[1.217s] reading manifest file 'webots_ros2_importer.egg-info/SOURCES.txt'
[1.217s] writing manifest file 'webots_ros2_importer.egg-info/SOURCES.txt'
[1.219s] running build_ext
[1.220s] Creating /home/gisbert12843/ros2_ws/install/webots_ros2_importer/lib/python3.10/site-packages/webots-ros2-importer.egg-link (link to .)
[1.220s] Installing urdf2proto script to /home/gisbert12843/ros2_ws/install/webots_ros2_importer/lib/webots_ros2_importer
[1.221s] Installing xacro2proto script to /home/gisbert12843/ros2_ws/install/webots_ros2_importer/lib/webots_ros2_importer
[1.221s] 
[1.221s] Installed /home/gisbert12843/ros2_ws/build/webots_ros2_importer
[1.221s] running symlink_data
[1.221s] creating /home/gisbert12843/ros2_ws/install/webots_ros2_importer/share/ament_index
[1.221s] creating /home/gisbert12843/ros2_ws/install/webots_ros2_importer/share/ament_index/resource_index
[1.221s] creating /home/gisbert12843/ros2_ws/install/webots_ros2_importer/share/ament_index/resource_index/packages
[1.222s] symbolically linking /home/gisbert12843/ros2_ws/build/webots_ros2_importer/resource/webots_ros2_importer -> /home/gisbert12843/ros2_ws/install/webots_ros2_importer/share/ament_index/resource_index/packages
[1.222s] symbolically linking /home/gisbert12843/ros2_ws/build/webots_ros2_importer/package.xml -> /home/gisbert12843/ros2_ws/install/webots_ros2_importer/share/webots_ros2_importer
[1.254s] Invoked command in '/home/gisbert12843/ros2_ws/build/webots_ros2_importer' returned '0': PYTHONPATH=/home/gisbert12843/ros2_ws/build/webots_ros2_importer/prefix_override:/usr/lib/python3/dist-packages/colcon_core/task/python/colcon_distutils_commands:/home/gisbert12843/ros2_ws/install/webots_ros2_importer/lib/python3.10/site-packages:${PYTHONPATH} /usr/bin/python3 -W ignore:setup.py install is deprecated setup.py develop --editable --build-directory /home/gisbert12843/ros2_ws/build/webots_ros2_importer/build --no-deps symlink_data
