[11.714s] Invoking command in '/home/jizzy/ros_ws/src/my_package': DEBUGINFOD_URLS=https://debuginfod.ubuntu.com PYTHONPATH=/home/jizzy/ros_ws/build/my_package/prefix_override:/usr/lib/python3/dist-packages/colcon_core/task/python/colcon_distutils_commands:/home/jizzy/ros_ws/install/my_package/lib/python3.12/site-packages:${PYTHONPATH} /usr/bin/python3 -W ignore:setup.py install is deprecated setup.py egg_info --egg-base ../../build/my_package build --build-base /home/jizzy/ros_ws/build/my_package/build install --record /home/jizzy/ros_ws/build/my_package/install.log --single-version-externally-managed install_data
[16.040s] running egg_info
[16.213s] writing ../../build/my_package/my_package.egg-info/PKG-INFO
[16.214s] writing dependency_links to ../../build/my_package/my_package.egg-info/dependency_links.txt
[16.222s] writing entry points to ../../build/my_package/my_package.egg-info/entry_points.txt
[16.224s] writing requirements to ../../build/my_package/my_package.egg-info/requires.txt
[16.236s] writing top-level names to ../../build/my_package/my_package.egg-info/top_level.txt
[16.497s] reading manifest file '../../build/my_package/my_package.egg-info/SOURCES.txt'
[16.607s] adding license file 'LICENSE'
[16.612s] writing manifest file '../../build/my_package/my_package.egg-info/SOURCES.txt'
[16.615s] running build
[16.616s] running build_py
[16.617s] copying my_package/run_cricle_command.py -> /home/jizzy/ros_ws/build/my_package/build/lib/my_package
[16.623s] running install
[16.749s] running install_lib
[16.979s] copying /home/jizzy/ros_ws/build/my_package/build/lib/my_package/run_cricle_command.py -> /home/jizzy/ros_ws/install/my_package/lib/python3.12/site-packages/my_package
[16.987s] byte-compiling /home/jizzy/ros_ws/install/my_package/lib/python3.12/site-packages/my_package/run_cricle_command.py to run_cricle_command.cpython-312.pyc
[16.993s] running install_data
[16.998s] copying package.xml -> /home/jizzy/ros_ws/install/my_package/share/my_package
[17.002s] running install_egg_info
[17.255s] removing '/home/jizzy/ros_ws/install/my_package/lib/python3.12/site-packages/my_package-0.0.0-py3.12.egg-info' (and everything under it)
[17.264s] Copying ../../build/my_package/my_package.egg-info to /home/jizzy/ros_ws/install/my_package/lib/python3.12/site-packages/my_package-0.0.0-py3.12.egg-info
[17.343s] running install_scripts
[18.844s] Installing my_node script to /home/jizzy/ros_ws/install/my_package/lib/my_package
[18.853s] writing list of installed files to '/home/jizzy/ros_ws/build/my_package/install.log'
[19.095s] Invoked command in '/home/jizzy/ros_ws/src/my_package' returned '0': DEBUGINFOD_URLS=https://debuginfod.ubuntu.com PYTHONPATH=/home/jizzy/ros_ws/build/my_package/prefix_override:/usr/lib/python3/dist-packages/colcon_core/task/python/colcon_distutils_commands:/home/jizzy/ros_ws/install/my_package/lib/python3.12/site-packages:${PYTHONPATH} /usr/bin/python3 -W ignore:setup.py install is deprecated setup.py egg_info --egg-base ../../build/my_package build --build-base /home/jizzy/ros_ws/build/my_package/build install --record /home/jizzy/ros_ws/build/my_package/install.log --single-version-externally-managed install_data
