[5.609s] Invoking command in '/home/jizzy/ros_ws/src/my_package': DEBUGINFOD_URLS=https://debuginfod.ubuntu.com PYTHONPATH=/home/jizzy/ros_ws/build/my_package/prefix_override:/usr/lib/python3/dist-packages/colcon_core/task/python/colcon_distutils_commands:/home/jizzy/ros_ws/install/my_package/lib/python3.12/site-packages:${PYTHONPATH} /usr/bin/python3 -W ignore:setup.py install is deprecated setup.py egg_info --egg-base ../../build/my_package build --build-base /home/jizzy/ros_ws/build/my_package/build install --record /home/jizzy/ros_ws/build/my_package/install.log --single-version-externally-managed install_data
[7.553s] running egg_info
[7.683s] writing ../../build/my_package/my_package.egg-info/PKG-INFO
[7.690s] writing dependency_links to ../../build/my_package/my_package.egg-info/dependency_links.txt
[7.694s] writing entry points to ../../build/my_package/my_package.egg-info/entry_points.txt
[7.698s] writing requirements to ../../build/my_package/my_package.egg-info/requires.txt
[7.703s] writing top-level names to ../../build/my_package/my_package.egg-info/top_level.txt
[7.963s] reading manifest file '../../build/my_package/my_package.egg-info/SOURCES.txt'
[7.968s] adding license file 'LICENSE'
[7.977s] writing manifest file '../../build/my_package/my_package.egg-info/SOURCES.txt'
[7.977s] running build
[7.978s] running build_py
[7.978s] copying my_package/run_circle_command.py -> /home/jizzy/ros_ws/build/my_package/build/lib/my_package
[7.985s] running install
[8.080s] running install_lib
[8.209s] copying /home/jizzy/ros_ws/build/my_package/build/lib/my_package/run_circle_command.py -> /home/jizzy/ros_ws/install/my_package/lib/python3.12/site-packages/my_package
[8.220s] byte-compiling /home/jizzy/ros_ws/install/my_package/lib/python3.12/site-packages/my_package/run_circle_command.py to run_circle_command.cpython-312.pyc
[8.221s] running install_data
[8.221s] copying launch/prak1_launch.py -> /home/jizzy/ros_ws/install/my_package/share/my_package/launch
[8.242s] running install_egg_info
[8.415s] removing '/home/jizzy/ros_ws/install/my_package/lib/python3.12/site-packages/my_package-0.0.0-py3.12.egg-info' (and everything under it)
[8.427s] Copying ../../build/my_package/my_package.egg-info to /home/jizzy/ros_ws/install/my_package/lib/python3.12/site-packages/my_package-0.0.0-py3.12.egg-info
[8.441s] running install_scripts
[10.393s] Installing my_node script to /home/jizzy/ros_ws/install/my_package/lib/my_package
[10.393s] Installing run_circle_command script to /home/jizzy/ros_ws/install/my_package/lib/my_package
[10.402s] writing list of installed files to '/home/jizzy/ros_ws/build/my_package/install.log'
[10.916s] Invoked command in '/home/jizzy/ros_ws/src/my_package' returned '0': DEBUGINFOD_URLS=https://debuginfod.ubuntu.com PYTHONPATH=/home/jizzy/ros_ws/build/my_package/prefix_override:/usr/lib/python3/dist-packages/colcon_core/task/python/colcon_distutils_commands:/home/jizzy/ros_ws/install/my_package/lib/python3.12/site-packages:${PYTHONPATH} /usr/bin/python3 -W ignore:setup.py install is deprecated setup.py egg_info --egg-base ../../build/my_package build --build-base /home/jizzy/ros_ws/build/my_package/build install --record /home/jizzy/ros_ws/build/my_package/install.log --single-version-externally-managed install_data
