[7.553s] Invoking command in '/home/jizzy/ros_ws/src/my_package': DEBUGINFOD_URLS=https://debuginfod.ubuntu.com PYTHONPATH=/home/jizzy/ros_ws/build/my_package/prefix_override:/usr/lib/python3/dist-packages/colcon_core/task/python/colcon_distutils_commands:/home/jizzy/ros_ws/install/my_package/lib/python3.12/site-packages:${PYTHONPATH} /usr/bin/python3 -W ignore:setup.py install is deprecated setup.py egg_info --egg-base ../../build/my_package build --build-base /home/jizzy/ros_ws/build/my_package/build install --record /home/jizzy/ros_ws/build/my_package/install.log --single-version-externally-managed install_data
[10.070s] running egg_info
[10.364s] writing ../../build/my_package/my_package.egg-info/PKG-INFO
[10.373s] writing dependency_links to ../../build/my_package/my_package.egg-info/dependency_links.txt
[10.374s] writing entry points to ../../build/my_package/my_package.egg-info/entry_points.txt
[10.401s] writing requirements to ../../build/my_package/my_package.egg-info/requires.txt
[10.401s] writing top-level names to ../../build/my_package/my_package.egg-info/top_level.txt
[11.218s] reading manifest file '../../build/my_package/my_package.egg-info/SOURCES.txt'
[11.225s] adding license file 'LICENSE'
[11.225s] writing manifest file '../../build/my_package/my_package.egg-info/SOURCES.txt'
[11.226s] running build
[11.233s] running build_py
[11.259s] copying my_package/run_circle_command.py -> /home/jizzy/ros_ws/build/my_package/build/lib/my_package
[11.269s] running install
[11.355s] running install_lib
[11.786s] copying /home/jizzy/ros_ws/build/my_package/build/lib/my_package/run_circle_command.py -> /home/jizzy/ros_ws/install/my_package/lib/python3.12/site-packages/my_package
[11.812s] byte-compiling /home/jizzy/ros_ws/install/my_package/lib/python3.12/site-packages/my_package/run_circle_command.py to run_circle_command.cpython-312.pyc
[11.832s] running install_data
[11.847s] running install_egg_info
[12.251s] removing '/home/jizzy/ros_ws/install/my_package/lib/python3.12/site-packages/my_package-0.0.0-py3.12.egg-info' (and everything under it)
[12.262s] Copying ../../build/my_package/my_package.egg-info to /home/jizzy/ros_ws/install/my_package/lib/python3.12/site-packages/my_package-0.0.0-py3.12.egg-info
[12.266s] running install_scripts
[14.356s] Installing my_node script to /home/jizzy/ros_ws/install/my_package/lib/my_package
[14.372s] Installing run_circle_command script to /home/jizzy/ros_ws/install/my_package/lib/my_package
[14.372s] writing list of installed files to '/home/jizzy/ros_ws/build/my_package/install.log'
[15.192s] Invoked command in '/home/jizzy/ros_ws/src/my_package' returned '0': DEBUGINFOD_URLS=https://debuginfod.ubuntu.com PYTHONPATH=/home/jizzy/ros_ws/build/my_package/prefix_override:/usr/lib/python3/dist-packages/colcon_core/task/python/colcon_distutils_commands:/home/jizzy/ros_ws/install/my_package/lib/python3.12/site-packages:${PYTHONPATH} /usr/bin/python3 -W ignore:setup.py install is deprecated setup.py egg_info --egg-base ../../build/my_package build --build-base /home/jizzy/ros_ws/build/my_package/build install --record /home/jizzy/ros_ws/build/my_package/install.log --single-version-externally-managed install_data
