[0.250s] Invoking command in '/home/gisbert12843/Robotics_Prak/prak2_ws/build/webots_ros2_msgs': CMAKE_PREFIX_PATH=${CMAKE_PREFIX_PATH}:/home/gisbert12843/ros2_ws/install/webots_ros2:/home/gisbert12843/ros2_ws/install/webots_ros2_universal_robot:/home/gisbert12843/ros2_ws/install/webots_ros2_turtlebot:/home/gisbert12843/ros2_ws/install/webots_ros2_tiago:/home/gisbert12843/ros2_ws/install/webots_ros2_tests:/home/gisbert12843/ros2_ws/install/webots_ros2_tesla:/home/gisbert12843/ros2_ws/install/webots_ros2_mavic:/home/gisbert12843/ros2_ws/install/webots_ros2_epuck:/home/gisbert12843/ros2_ws/install/webots_ros2_importer:/home/gisbert12843/Robotics_Prak/prak2_ws/install/webots_spot_teleop:/home/gisbert12843/Robotics_Prak/prak2_ws/install/webots_spot:/home/gisbert12843/Robotics_Prak/prak2_ws/install/webots_ros2:/home/gisbert12843/Robotics_Prak/prak2_ws/install/webots_ros2_universal_robot:/home/gisbert12843/Robotics_Prak/prak2_ws/install/webots_ros2_turtlebot:/home/gisbert12843/Robotics_Prak/prak2_ws/install/webots_ros2_tiago:/home/gisbert12843/Robotics_Prak/prak2_ws/install/webots_ros2_tests:/home/gisbert12843/Robotics_Prak/prak2_ws/install/webots_ros2_tesla:/home/gisbert12843/Robotics_Prak/prak2_ws/install/webots_ros2_mavic:/home/gisbert12843/Robotics_Prak/prak2_ws/install/webots_ros2_epuck:/home/gisbert12843/Robotics_Prak/prak2_ws/install/webots_ros2_importer:/home/gisbert12843/Robotics_Prak/prak2_ws/install/prak2_pkg:/opt/ros/humble /usr/bin/cmake /home/gisbert12843/Robotics_Prak/prak2_ws/src/webots_ros2/webots_ros2_msgs -DAMENT_CMAKE_SYMLINK_INSTALL=1 -DCMAKE_INSTALL_PREFIX=/home/gisbert12843/Robotics_Prak/prak2_ws/install/webots_ros2_msgs
[0.302s] -- The C compiler identification is GNU 11.4.0
[0.353s] -- The CXX compiler identification is GNU 11.4.0
[0.361s] -- Detecting C compiler ABI info
[0.416s] -- Detecting C compiler ABI info - done
[0.423s] -- Check for working C compiler: /usr/bin/cc - skipped
[0.423s] -- Detecting C compile features
[0.423s] -- Detecting C compile features - done
[0.426s] -- Detecting CXX compiler ABI info
[0.487s] -- Detecting CXX compiler ABI info - done
[0.498s] -- Check for working CXX compiler: /usr/bin/c++ - skipped
[0.499s] -- Detecting CXX compile features
[0.499s] -- Detecting CXX compile features - done
[0.502s] -- Found ament_cmake: 1.3.11 (/opt/ros/humble/share/ament_cmake/cmake)
[0.691s] -- Found Python3: /usr/bin/python3 (found version "3.10.12") found components: Interpreter 
[0.765s] -- Override CMake install command with custom implementation using symlinks instead of copying resources
[0.802s] -- Found builtin_interfaces: 1.2.1 (/opt/ros/humble/share/builtin_interfaces/cmake)
[0.839s] -- Found rosidl_generator_c: 3.1.6 (/opt/ros/humble/share/rosidl_generator_c/cmake)
[0.845s] -- Found rosidl_adapter: 3.1.6 (/opt/ros/humble/share/rosidl_adapter/cmake)
[0.855s] -- Found rosidl_generator_cpp: 3.1.6 (/opt/ros/humble/share/rosidl_generator_cpp/cmake)
[0.868s] -- Using all available rosidl_typesupport_c: rosidl_typesupport_fastrtps_c;rosidl_typesupport_introspection_c
[0.887s] -- Using all available rosidl_typesupport_cpp: rosidl_typesupport_fastrtps_cpp;rosidl_typesupport_introspection_cpp
[0.905s] -- Found rosidl_default_generators: 1.2.0 (/opt/ros/humble/share/rosidl_default_generators/cmake)
[0.920s] -- Found geometry_msgs: 4.2.4 (/opt/ros/humble/share/geometry_msgs/cmake)
[0.952s] -- Found vision_msgs: 4.1.1 (/opt/ros/humble/share/vision_msgs/cmake)
[1.401s] -- Found ament_cmake_cppcheck: 0.12.11 (/opt/ros/humble/share/ament_cmake_cppcheck/cmake)
[1.405s] -- Found ament_cmake_cpplint: 0.12.11 (/opt/ros/humble/share/ament_cmake_cpplint/cmake)
[1.409s] -- Found ament_cmake_uncrustify: 0.12.11 (/opt/ros/humble/share/ament_cmake_uncrustify/cmake)
[1.412s] -- Found ament_cmake_ros: 0.10.0 (/opt/ros/humble/share/ament_cmake_ros/cmake)
[1.881s] -- Using all available rosidl_typesupport_c: rosidl_typesupport_fastrtps_c;rosidl_typesupport_introspection_c
[2.049s] -- Using all available rosidl_typesupport_cpp: rosidl_typesupport_fastrtps_cpp;rosidl_typesupport_introspection_cpp
[2.074s] -- Found PythonInterp: /usr/bin/python3 (found suitable version "3.10.12", minimum required is "3.6") 
[2.076s] -- Found python_cmake_module: 0.10.0 (/opt/ros/humble/share/python_cmake_module/cmake)
[2.104s] -- Found PythonLibs: /usr/lib/x86_64-linux-gnu/libpython3.10.so (found suitable version "3.10.12", minimum required is "3.5") 
[2.104s] -- Using PYTHON_EXECUTABLE: /usr/bin/python3
[2.104s] -- Using PYTHON_INCLUDE_DIRS: /usr/include/python3.10
[2.104s] -- Using PYTHON_LIBRARIES: /usr/lib/x86_64-linux-gnu/libpython3.10.so
[2.128s] -- Found PythonExtra: .so  
[2.222s] -- Found ament_cmake_flake8: 0.12.11 (/opt/ros/humble/share/ament_cmake_flake8/cmake)
[2.225s] -- Found ament_cmake_pep257: 0.12.11 (/opt/ros/humble/share/ament_cmake_pep257/cmake)
[2.232s] -- Found ament_lint_auto: 0.12.11 (/opt/ros/humble/share/ament_lint_auto/cmake)
[2.249s] -- Added test 'lint_cmake' to check CMake code style
[2.249s] -- Added test 'xmllint' to check XML markup files
[2.253s] -- Configuring done
[2.307s] -- Generating done
[2.320s] -- Build files have been written to: /home/gisbert12843/Robotics_Prak/prak2_ws/build/webots_ros2_msgs
[2.329s] Invoked command in '/home/gisbert12843/Robotics_Prak/prak2_ws/build/webots_ros2_msgs' returned '0': CMAKE_PREFIX_PATH=${CMAKE_PREFIX_PATH}:/home/gisbert12843/ros2_ws/install/webots_ros2:/home/gisbert12843/ros2_ws/install/webots_ros2_universal_robot:/home/gisbert12843/ros2_ws/install/webots_ros2_turtlebot:/home/gisbert12843/ros2_ws/install/webots_ros2_tiago:/home/gisbert12843/ros2_ws/install/webots_ros2_tests:/home/gisbert12843/ros2_ws/install/webots_ros2_tesla:/home/gisbert12843/ros2_ws/install/webots_ros2_mavic:/home/gisbert12843/ros2_ws/install/webots_ros2_epuck:/home/gisbert12843/ros2_ws/install/webots_ros2_importer:/home/gisbert12843/Robotics_Prak/prak2_ws/install/webots_spot_teleop:/home/gisbert12843/Robotics_Prak/prak2_ws/install/webots_spot:/home/gisbert12843/Robotics_Prak/prak2_ws/install/webots_ros2:/home/gisbert12843/Robotics_Prak/prak2_ws/install/webots_ros2_universal_robot:/home/gisbert12843/Robotics_Prak/prak2_ws/install/webots_ros2_turtlebot:/home/gisbert12843/Robotics_Prak/prak2_ws/install/webots_ros2_tiago:/home/gisbert12843/Robotics_Prak/prak2_ws/install/webots_ros2_tests:/home/gisbert12843/Robotics_Prak/prak2_ws/install/webots_ros2_tesla:/home/gisbert12843/Robotics_Prak/prak2_ws/install/webots_ros2_mavic:/home/gisbert12843/Robotics_Prak/prak2_ws/install/webots_ros2_epuck:/home/gisbert12843/Robotics_Prak/prak2_ws/install/webots_ros2_importer:/home/gisbert12843/Robotics_Prak/prak2_ws/install/prak2_pkg:/opt/ros/humble /usr/bin/cmake /home/gisbert12843/Robotics_Prak/prak2_ws/src/webots_ros2/webots_ros2_msgs -DAMENT_CMAKE_SYMLINK_INSTALL=1 -DCMAKE_INSTALL_PREFIX=/home/gisbert12843/Robotics_Prak/prak2_ws/install/webots_ros2_msgs
[2.331s] Invoking command in '/home/gisbert12843/Robotics_Prak/prak2_ws/build/webots_ros2_msgs': CMAKE_PREFIX_PATH=${CMAKE_PREFIX_PATH}:/home/gisbert12843/ros2_ws/install/webots_ros2:/home/gisbert12843/ros2_ws/install/webots_ros2_universal_robot:/home/gisbert12843/ros2_ws/install/webots_ros2_turtlebot:/home/gisbert12843/ros2_ws/install/webots_ros2_tiago:/home/gisbert12843/ros2_ws/install/webots_ros2_tests:/home/gisbert12843/ros2_ws/install/webots_ros2_tesla:/home/gisbert12843/ros2_ws/install/webots_ros2_mavic:/home/gisbert12843/ros2_ws/install/webots_ros2_epuck:/home/gisbert12843/ros2_ws/install/webots_ros2_importer:/home/gisbert12843/Robotics_Prak/prak2_ws/install/webots_spot_teleop:/home/gisbert12843/Robotics_Prak/prak2_ws/install/webots_spot:/home/gisbert12843/Robotics_Prak/prak2_ws/install/webots_ros2:/home/gisbert12843/Robotics_Prak/prak2_ws/install/webots_ros2_universal_robot:/home/gisbert12843/Robotics_Prak/prak2_ws/install/webots_ros2_turtlebot:/home/gisbert12843/Robotics_Prak/prak2_ws/install/webots_ros2_tiago:/home/gisbert12843/Robotics_Prak/prak2_ws/install/webots_ros2_tests:/home/gisbert12843/Robotics_Prak/prak2_ws/install/webots_ros2_tesla:/home/gisbert12843/Robotics_Prak/prak2_ws/install/webots_ros2_mavic:/home/gisbert12843/Robotics_Prak/prak2_ws/install/webots_ros2_epuck:/home/gisbert12843/Robotics_Prak/prak2_ws/install/webots_ros2_importer:/home/gisbert12843/Robotics_Prak/prak2_ws/install/prak2_pkg:/opt/ros/humble /usr/bin/cmake --build /home/gisbert12843/Robotics_Prak/prak2_ws/build/webots_ros2_msgs -- -j8 -l8
[2.372s] [  1%] [34m[1mGenerating C code for ROS interfaces[0m
[2.378s] [  1%] [34m[1mGenerating C++ code for ROS interfaces[0m
[2.394s] [  1%] Built target ament_cmake_python_symlink_webots_ros2_msgs
[2.711s] running egg_info
[2.712s] creating webots_ros2_msgs.egg-info
[2.712s] writing webots_ros2_msgs.egg-info/PKG-INFO
[2.712s] writing dependency_links to webots_ros2_msgs.egg-info/dependency_links.txt
[2.712s] writing top-level names to webots_ros2_msgs.egg-info/top_level.txt
[2.713s] writing manifest file 'webots_ros2_msgs.egg-info/SOURCES.txt'
[2.715s] reading manifest file 'webots_ros2_msgs.egg-info/SOURCES.txt'
[2.715s] writing manifest file 'webots_ros2_msgs.egg-info/SOURCES.txt'
[2.739s] [  1%] Built target ament_cmake_python_build_webots_ros2_msgs_egg
[3.603s] [  1%] Built target webots_ros2_msgs__cpp
[3.613s] [  2%] [34m[1mGenerating C++ type support dispatch for ROS interfaces[0m
[3.614s] [  2%] [34m[1mGenerating C++ type support for eProsima Fast-RTPS[0m
[3.617s] [  3%] [34m[1mGenerating C++ introspection for ROS interfaces[0m
[4.043s] [  4%] [32mBuilding C object CMakeFiles/webots_ros2_msgs__rosidl_generator_c.dir/rosidl_generator_c/webots_ros2_msgs/msg/detail/bool_stamped__functions.c.o[0m
[4.049s] [  5%] [32mBuilding C object CMakeFiles/webots_ros2_msgs__rosidl_generator_c.dir/rosidl_generator_c/webots_ros2_msgs/msg/detail/camera_recognition_object__functions.c.o[0m
[4.049s] [  5%] [32mBuilding C object CMakeFiles/webots_ros2_msgs__rosidl_generator_c.dir/rosidl_generator_c/webots_ros2_msgs/msg/detail/string_stamped__functions.c.o[0m
[4.051s] [  6%] [32mBuilding C object CMakeFiles/webots_ros2_msgs__rosidl_generator_c.dir/rosidl_generator_c/webots_ros2_msgs/msg/detail/camera_recognition_objects__functions.c.o[0m
[4.053s] [  7%] [32mBuilding C object CMakeFiles/webots_ros2_msgs__rosidl_generator_c.dir/rosidl_generator_c/webots_ros2_msgs/msg/detail/float_stamped__functions.c.o[0m
[4.187s] [  8%] [32mBuilding C object CMakeFiles/webots_ros2_msgs__rosidl_generator_c.dir/rosidl_generator_c/webots_ros2_msgs/msg/detail/urdf_robot__functions.c.o[0m
[4.198s] [  9%] [32mBuilding C object CMakeFiles/webots_ros2_msgs__rosidl_generator_c.dir/rosidl_generator_c/webots_ros2_msgs/msg/detail/pen_ink_properties__functions.c.o[0m
[4.209s] [ 10%] [32mBuilding C object CMakeFiles/webots_ros2_msgs__rosidl_generator_c.dir/rosidl_generator_c/webots_ros2_msgs/srv/detail/emitter_send_string__functions.c.o[0m
[4.220s] [ 11%] [32mBuilding C object CMakeFiles/webots_ros2_msgs__rosidl_generator_c.dir/rosidl_generator_c/webots_ros2_msgs/srv/detail/get_bool__functions.c.o[0m
[4.239s] [ 11%] [32mBuilding C object CMakeFiles/webots_ros2_msgs__rosidl_generator_c.dir/rosidl_generator_c/webots_ros2_msgs/srv/detail/set_string__functions.c.o[0m
[4.330s] [ 12%] [32mBuilding C object CMakeFiles/webots_ros2_msgs__rosidl_generator_c.dir/rosidl_generator_c/webots_ros2_msgs/srv/detail/spawn_node_from_string__functions.c.o[0m
[4.376s] [ 13%] [32mBuilding C object CMakeFiles/webots_ros2_msgs__rosidl_generator_c.dir/rosidl_generator_c/webots_ros2_msgs/srv/detail/spawn_urdf_robot__functions.c.o[0m
[4.559s] [ 14%] [32m[1mLinking C shared library libwebots_ros2_msgs__rosidl_generator_c.so[0m
[4.682s] [ 14%] Built target webots_ros2_msgs__rosidl_generator_c
[4.712s] [ 15%] [34m[1mGenerating C type support for eProsima Fast-RTPS[0m
[4.715s] [ 16%] [34m[1mGenerating C introspection for ROS interfaces[0m
[4.723s] [ 17%] [34m[1mGenerating C type support dispatch for ROS interfaces[0m
[5.644s] [ 18%] [32mBuilding CXX object CMakeFiles/webots_ros2_msgs__rosidl_typesupport_cpp.dir/rosidl_typesupport_cpp/webots_ros2_msgs/msg/bool_stamped__type_support.cpp.o[0m
[5.646s] [ 19%] [32mBuilding CXX object CMakeFiles/webots_ros2_msgs__rosidl_typesupport_cpp.dir/rosidl_typesupport_cpp/webots_ros2_msgs/msg/float_stamped__type_support.cpp.o[0m
[5.668s] [ 20%] [32mBuilding CXX object CMakeFiles/webots_ros2_msgs__rosidl_typesupport_cpp.dir/rosidl_typesupport_cpp/webots_ros2_msgs/msg/string_stamped__type_support.cpp.o[0m
[5.861s] [ 20%] [32mBuilding CXX object CMakeFiles/webots_ros2_msgs__rosidl_typesupport_introspection_cpp.dir/rosidl_typesupport_introspection_cpp/webots_ros2_msgs/msg/detail/bool_stamped__type_support.cpp.o[0m
[6.060s] [ 21%] [32mBuilding CXX object CMakeFiles/webots_ros2_msgs__rosidl_typesupport_fastrtps_cpp.dir/rosidl_typesupport_fastrtps_cpp/webots_ros2_msgs/msg/detail/dds_fastrtps/bool_stamped__type_support.cpp.o[0m
[6.411s] [ 22%] [32mBuilding CXX object CMakeFiles/webots_ros2_msgs__rosidl_typesupport_cpp.dir/rosidl_typesupport_cpp/webots_ros2_msgs/msg/camera_recognition_object__type_support.cpp.o[0m
[6.481s] [ 22%] [32mBuilding CXX object CMakeFiles/webots_ros2_msgs__rosidl_typesupport_cpp.dir/rosidl_typesupport_cpp/webots_ros2_msgs/msg/camera_recognition_objects__type_support.cpp.o[0m
[6.494s] [ 23%] [32mBuilding CXX object CMakeFiles/webots_ros2_msgs__rosidl_typesupport_cpp.dir/rosidl_typesupport_cpp/webots_ros2_msgs/msg/urdf_robot__type_support.cpp.o[0m
[6.651s] [ 24%] [32mBuilding CXX object CMakeFiles/webots_ros2_msgs__rosidl_typesupport_introspection_cpp.dir/rosidl_typesupport_introspection_cpp/webots_ros2_msgs/msg/detail/float_stamped__type_support.cpp.o[0m
[6.919s] [ 25%] [32mBuilding CXX object CMakeFiles/webots_ros2_msgs__rosidl_typesupport_c.dir/rosidl_typesupport_c/webots_ros2_msgs/msg/bool_stamped__type_support.cpp.o[0m
[7.013s] [ 25%] [32mBuilding CXX object CMakeFiles/webots_ros2_msgs__rosidl_typesupport_c.dir/rosidl_typesupport_c/webots_ros2_msgs/msg/float_stamped__type_support.cpp.o[0m
[7.111s] [ 26%] [32mBuilding CXX object CMakeFiles/webots_ros2_msgs__rosidl_typesupport_c.dir/rosidl_typesupport_c/webots_ros2_msgs/msg/string_stamped__type_support.cpp.o[0m
[7.157s] [ 27%] [32mBuilding CXX object CMakeFiles/webots_ros2_msgs__rosidl_typesupport_cpp.dir/rosidl_typesupport_cpp/webots_ros2_msgs/msg/pen_ink_properties__type_support.cpp.o[0m
[7.196s] [ 28%] [32mBuilding CXX object CMakeFiles/webots_ros2_msgs__rosidl_typesupport_c.dir/rosidl_typesupport_c/webots_ros2_msgs/msg/camera_recognition_object__type_support.cpp.o[0m
[7.286s] [ 29%] [32mBuilding CXX object CMakeFiles/webots_ros2_msgs__rosidl_typesupport_c.dir/rosidl_typesupport_c/webots_ros2_msgs/msg/camera_recognition_objects__type_support.cpp.o[0m
[7.290s] [ 30%] [32mBuilding CXX object CMakeFiles/webots_ros2_msgs__rosidl_typesupport_introspection_cpp.dir/rosidl_typesupport_introspection_cpp/webots_ros2_msgs/msg/detail/string_stamped__type_support.cpp.o[0m
[7.390s] [ 31%] [32mBuilding CXX object CMakeFiles/webots_ros2_msgs__rosidl_typesupport_cpp.dir/rosidl_typesupport_cpp/webots_ros2_msgs/srv/emitter_send_string__type_support.cpp.o[0m
[7.422s] [ 32%] [32mBuilding CXX object CMakeFiles/webots_ros2_msgs__rosidl_typesupport_c.dir/rosidl_typesupport_c/webots_ros2_msgs/msg/urdf_robot__type_support.cpp.o[0m
[7.500s] [ 33%] [32mBuilding CXX object CMakeFiles/webots_ros2_msgs__rosidl_typesupport_fastrtps_cpp.dir/rosidl_typesupport_fastrtps_cpp/webots_ros2_msgs/msg/detail/dds_fastrtps/float_stamped__type_support.cpp.o[0m
[7.507s] [ 34%] [32mBuilding C object CMakeFiles/webots_ros2_msgs__rosidl_typesupport_introspection_c.dir/rosidl_typesupport_introspection_c/webots_ros2_msgs/msg/detail/bool_stamped__type_support.c.o[0m
[7.516s] [ 35%] [32mBuilding CXX object CMakeFiles/webots_ros2_msgs__rosidl_typesupport_c.dir/rosidl_typesupport_c/webots_ros2_msgs/msg/pen_ink_properties__type_support.cpp.o[0m
[7.601s] [ 36%] [32mBuilding C object CMakeFiles/webots_ros2_msgs__rosidl_typesupport_introspection_c.dir/rosidl_typesupport_introspection_c/webots_ros2_msgs/msg/detail/float_stamped__type_support.c.o[0m
[7.610s] [ 36%] [32mBuilding CXX object CMakeFiles/webots_ros2_msgs__rosidl_typesupport_c.dir/rosidl_typesupport_c/webots_ros2_msgs/srv/emitter_send_string__type_support.cpp.o[0m
[7.680s] [ 38%] [32mBuilding CXX object CMakeFiles/webots_ros2_msgs__rosidl_typesupport_c.dir/rosidl_typesupport_c/webots_ros2_msgs/srv/get_bool__type_support.cpp.o[0m
[7.680s] [ 38%] [32mBuilding C object CMakeFiles/webots_ros2_msgs__rosidl_typesupport_introspection_c.dir/rosidl_typesupport_introspection_c/webots_ros2_msgs/msg/detail/string_stamped__type_support.c.o[0m
[7.726s] [ 39%] [32mBuilding CXX object CMakeFiles/webots_ros2_msgs__rosidl_typesupport_c.dir/rosidl_typesupport_c/webots_ros2_msgs/srv/set_string__type_support.cpp.o[0m
[7.768s] [ 39%] [32mBuilding C object CMakeFiles/webots_ros2_msgs__rosidl_typesupport_introspection_c.dir/rosidl_typesupport_introspection_c/webots_ros2_msgs/msg/detail/camera_recognition_object__type_support.c.o[0m
[7.805s] [ 40%] [32mBuilding CXX object CMakeFiles/webots_ros2_msgs__rosidl_typesupport_c.dir/rosidl_typesupport_c/webots_ros2_msgs/srv/spawn_node_from_string__type_support.cpp.o[0m
[7.867s] [ 41%] [32mBuilding C object CMakeFiles/webots_ros2_msgs__rosidl_typesupport_introspection_c.dir/rosidl_typesupport_introspection_c/webots_ros2_msgs/msg/detail/camera_recognition_objects__type_support.c.o[0m
[7.898s] [ 42%] [32mBuilding CXX object CMakeFiles/webots_ros2_msgs__rosidl_typesupport_cpp.dir/rosidl_typesupport_cpp/webots_ros2_msgs/srv/get_bool__type_support.cpp.o[0m
[7.901s] [ 43%] [32mBuilding CXX object CMakeFiles/webots_ros2_msgs__rosidl_typesupport_c.dir/rosidl_typesupport_c/webots_ros2_msgs/srv/spawn_urdf_robot__type_support.cpp.o[0m
[7.987s] [ 44%] [32mBuilding C object CMakeFiles/webots_ros2_msgs__rosidl_typesupport_introspection_c.dir/rosidl_typesupport_introspection_c/webots_ros2_msgs/msg/detail/urdf_robot__type_support.c.o[0m
[8.002s] [ 45%] [32m[1mLinking CXX shared library libwebots_ros2_msgs__rosidl_typesupport_c.so[0m
[8.064s] [ 46%] [32mBuilding C object CMakeFiles/webots_ros2_msgs__rosidl_typesupport_introspection_c.dir/rosidl_typesupport_introspection_c/webots_ros2_msgs/msg/detail/pen_ink_properties__type_support.c.o[0m
[8.139s] [ 47%] [32mBuilding C object CMakeFiles/webots_ros2_msgs__rosidl_typesupport_introspection_c.dir/rosidl_typesupport_introspection_c/webots_ros2_msgs/srv/detail/emitter_send_string__type_support.c.o[0m
[8.146s] [ 48%] [32mBuilding CXX object CMakeFiles/webots_ros2_msgs__rosidl_typesupport_cpp.dir/rosidl_typesupport_cpp/webots_ros2_msgs/srv/set_string__type_support.cpp.o[0m
[8.155s] [ 48%] Built target webots_ros2_msgs__rosidl_typesupport_c
[8.179s] [ 49%] [32mBuilding CXX object CMakeFiles/webots_ros2_msgs__rosidl_typesupport_fastrtps_cpp.dir/rosidl_typesupport_fastrtps_cpp/webots_ros2_msgs/msg/detail/dds_fastrtps/string_stamped__type_support.cpp.o[0m
[8.191s] [ 50%] [32mBuilding CXX object CMakeFiles/webots_ros2_msgs__rosidl_typesupport_fastrtps_c.dir/rosidl_typesupport_fastrtps_c/webots_ros2_msgs/msg/detail/bool_stamped__type_support_c.cpp.o[0m
[8.234s] [ 51%] [32mBuilding C object CMakeFiles/webots_ros2_msgs__rosidl_typesupport_introspection_c.dir/rosidl_typesupport_introspection_c/webots_ros2_msgs/srv/detail/get_bool__type_support.c.o[0m
[8.281s] [ 52%] [32mBuilding CXX object CMakeFiles/webots_ros2_msgs__rosidl_typesupport_fastrtps_c.dir/rosidl_typesupport_fastrtps_c/webots_ros2_msgs/msg/detail/float_stamped__type_support_c.cpp.o[0m
[8.288s] [ 53%] [32mBuilding CXX object CMakeFiles/webots_ros2_msgs__rosidl_typesupport_introspection_cpp.dir/rosidl_typesupport_introspection_cpp/webots_ros2_msgs/msg/detail/camera_recognition_object__type_support.cpp.o[0m
[8.336s] [ 54%] [32mBuilding C object CMakeFiles/webots_ros2_msgs__rosidl_typesupport_introspection_c.dir/rosidl_typesupport_introspection_c/webots_ros2_msgs/srv/detail/set_string__type_support.c.o[0m
[8.447s] [ 54%] [32mBuilding C object CMakeFiles/webots_ros2_msgs__rosidl_typesupport_introspection_c.dir/rosidl_typesupport_introspection_c/webots_ros2_msgs/srv/detail/spawn_node_from_string__type_support.c.o[0m
[8.565s] [ 54%] [32mBuilding CXX object CMakeFiles/webots_ros2_msgs__rosidl_typesupport_fastrtps_c.dir/rosidl_typesupport_fastrtps_c/webots_ros2_msgs/msg/detail/string_stamped__type_support_c.cpp.o[0m
[8.569s] [ 55%] [32mBuilding C object CMakeFiles/webots_ros2_msgs__rosidl_typesupport_introspection_c.dir/rosidl_typesupport_introspection_c/webots_ros2_msgs/srv/detail/spawn_urdf_robot__type_support.c.o[0m
[8.720s] [ 56%] [32m[1mLinking C shared library libwebots_ros2_msgs__rosidl_typesupport_introspection_c.so[0m
[8.747s] [ 57%] [32mBuilding CXX object CMakeFiles/webots_ros2_msgs__rosidl_typesupport_fastrtps_c.dir/rosidl_typesupport_fastrtps_c/webots_ros2_msgs/msg/detail/camera_recognition_object__type_support_c.cpp.o[0m
[8.837s] [ 57%] Built target webots_ros2_msgs__rosidl_typesupport_introspection_c
[8.870s] [ 57%] [32mBuilding CXX object CMakeFiles/webots_ros2_msgs__rosidl_typesupport_cpp.dir/rosidl_typesupport_cpp/webots_ros2_msgs/srv/spawn_node_from_string__type_support.cpp.o[0m
[8.944s] [ 58%] [32mBuilding CXX object CMakeFiles/webots_ros2_msgs__rosidl_typesupport_introspection_cpp.dir/rosidl_typesupport_introspection_cpp/webots_ros2_msgs/msg/detail/camera_recognition_objects__type_support.cpp.o[0m
[9.238s] [ 59%] [32mBuilding CXX object CMakeFiles/webots_ros2_msgs__rosidl_typesupport_fastrtps_c.dir/rosidl_typesupport_fastrtps_c/webots_ros2_msgs/msg/detail/camera_recognition_objects__type_support_c.cpp.o[0m
[9.272s] [ 60%] [32mBuilding CXX object CMakeFiles/webots_ros2_msgs__rosidl_typesupport_fastrtps_cpp.dir/rosidl_typesupport_fastrtps_cpp/webots_ros2_msgs/msg/detail/dds_fastrtps/camera_recognition_object__type_support.cpp.o[0m
[9.448s] [ 61%] [32mBuilding CXX object CMakeFiles/webots_ros2_msgs__rosidl_typesupport_cpp.dir/rosidl_typesupport_cpp/webots_ros2_msgs/srv/spawn_urdf_robot__type_support.cpp.o[0m
[9.484s] [ 62%] [32mBuilding CXX object CMakeFiles/webots_ros2_msgs__rosidl_typesupport_fastrtps_c.dir/rosidl_typesupport_fastrtps_c/webots_ros2_msgs/msg/detail/urdf_robot__type_support_c.cpp.o[0m
[9.492s] [ 63%] [32mBuilding CXX object CMakeFiles/webots_ros2_msgs__rosidl_typesupport_fastrtps_cpp.dir/rosidl_typesupport_fastrtps_cpp/webots_ros2_msgs/msg/detail/dds_fastrtps/camera_recognition_objects__type_support.cpp.o[0m
[9.797s] [ 63%] [32mBuilding CXX object CMakeFiles/webots_ros2_msgs__rosidl_typesupport_fastrtps_cpp.dir/rosidl_typesupport_fastrtps_cpp/webots_ros2_msgs/msg/detail/dds_fastrtps/urdf_robot__type_support.cpp.o[0m
[9.871s] [ 64%] [32mBuilding CXX object CMakeFiles/webots_ros2_msgs__rosidl_typesupport_introspection_cpp.dir/rosidl_typesupport_introspection_cpp/webots_ros2_msgs/msg/detail/urdf_robot__type_support.cpp.o[0m
[9.898s] [ 65%] [32mBuilding CXX object CMakeFiles/webots_ros2_msgs__rosidl_typesupport_fastrtps_c.dir/rosidl_typesupport_fastrtps_c/webots_ros2_msgs/msg/detail/pen_ink_properties__type_support_c.cpp.o[0m
[10.483s] [ 66%] [32mBuilding CXX object CMakeFiles/webots_ros2_msgs__rosidl_typesupport_fastrtps_cpp.dir/rosidl_typesupport_fastrtps_cpp/webots_ros2_msgs/msg/detail/dds_fastrtps/pen_ink_properties__type_support.cpp.o[0m
[10.514s] [ 67%] [32m[1mLinking CXX shared library libwebots_ros2_msgs__rosidl_typesupport_cpp.so[0m
[10.631s] [ 67%] [32mBuilding CXX object CMakeFiles/webots_ros2_msgs__rosidl_typesupport_introspection_cpp.dir/rosidl_typesupport_introspection_cpp/webots_ros2_msgs/msg/detail/pen_ink_properties__type_support.cpp.o[0m
[10.636s] [ 68%] [32mBuilding CXX object CMakeFiles/webots_ros2_msgs__rosidl_typesupport_introspection_cpp.dir/rosidl_typesupport_introspection_cpp/webots_ros2_msgs/srv/detail/emitter_send_string__type_support.cpp.o[0m
[10.660s] [ 68%] Built target webots_ros2_msgs__rosidl_typesupport_cpp
[10.681s] [ 69%] [32mBuilding CXX object CMakeFiles/webots_ros2_msgs__rosidl_typesupport_introspection_cpp.dir/rosidl_typesupport_introspection_cpp/webots_ros2_msgs/srv/detail/get_bool__type_support.cpp.o[0m
[10.701s] [ 70%] [32mBuilding CXX object CMakeFiles/webots_ros2_msgs__rosidl_typesupport_introspection_cpp.dir/rosidl_typesupport_introspection_cpp/webots_ros2_msgs/srv/detail/set_string__type_support.cpp.o[0m
[10.884s] [ 71%] [32mBuilding CXX object CMakeFiles/webots_ros2_msgs__rosidl_typesupport_fastrtps_c.dir/rosidl_typesupport_fastrtps_c/webots_ros2_msgs/srv/detail/emitter_send_string__type_support_c.cpp.o[0m
[11.028s] [ 71%] [32mBuilding CXX object CMakeFiles/webots_ros2_msgs__rosidl_typesupport_fastrtps_c.dir/rosidl_typesupport_fastrtps_c/webots_ros2_msgs/srv/detail/get_bool__type_support_c.cpp.o[0m
[11.180s] [ 72%] [32mBuilding CXX object CMakeFiles/webots_ros2_msgs__rosidl_typesupport_fastrtps_cpp.dir/rosidl_typesupport_fastrtps_cpp/webots_ros2_msgs/srv/detail/dds_fastrtps/emitter_send_string__type_support.cpp.o[0m
[11.431s] [ 73%] [32mBuilding CXX object CMakeFiles/webots_ros2_msgs__rosidl_typesupport_fastrtps_c.dir/rosidl_typesupport_fastrtps_c/webots_ros2_msgs/srv/detail/set_string__type_support_c.cpp.o[0m
[11.535s] [ 74%] [32mBuilding CXX object CMakeFiles/webots_ros2_msgs__rosidl_typesupport_fastrtps_cpp.dir/rosidl_typesupport_fastrtps_cpp/webots_ros2_msgs/srv/detail/dds_fastrtps/get_bool__type_support.cpp.o[0m
[11.568s] [ 75%] [32mBuilding CXX object CMakeFiles/webots_ros2_msgs__rosidl_typesupport_fastrtps_c.dir/rosidl_typesupport_fastrtps_c/webots_ros2_msgs/srv/detail/spawn_node_from_string__type_support_c.cpp.o[0m
[11.604s] [ 76%] [32mBuilding CXX object CMakeFiles/webots_ros2_msgs__rosidl_typesupport_introspection_cpp.dir/rosidl_typesupport_introspection_cpp/webots_ros2_msgs/srv/detail/spawn_node_from_string__type_support.cpp.o[0m
[11.663s] [ 77%] [32mBuilding CXX object CMakeFiles/webots_ros2_msgs__rosidl_typesupport_introspection_cpp.dir/rosidl_typesupport_introspection_cpp/webots_ros2_msgs/srv/detail/spawn_urdf_robot__type_support.cpp.o[0m
[11.689s] [ 78%] [32mBuilding CXX object CMakeFiles/webots_ros2_msgs__rosidl_typesupport_fastrtps_cpp.dir/rosidl_typesupport_fastrtps_cpp/webots_ros2_msgs/srv/detail/dds_fastrtps/set_string__type_support.cpp.o[0m
[11.709s] [ 79%] [32mBuilding CXX object CMakeFiles/webots_ros2_msgs__rosidl_typesupport_fastrtps_c.dir/rosidl_typesupport_fastrtps_c/webots_ros2_msgs/srv/detail/spawn_urdf_robot__type_support_c.cpp.o[0m
[11.978s] [ 80%] [32mBuilding CXX object CMakeFiles/webots_ros2_msgs__rosidl_typesupport_fastrtps_cpp.dir/rosidl_typesupport_fastrtps_cpp/webots_ros2_msgs/srv/detail/dds_fastrtps/spawn_node_from_string__type_support.cpp.o[0m
[11.986s] [ 80%] [32mBuilding CXX object CMakeFiles/webots_ros2_msgs__rosidl_typesupport_fastrtps_cpp.dir/rosidl_typesupport_fastrtps_cpp/webots_ros2_msgs/srv/detail/dds_fastrtps/spawn_urdf_robot__type_support.cpp.o[0m
[12.278s] [ 81%] [32m[1mLinking CXX shared library libwebots_ros2_msgs__rosidl_typesupport_fastrtps_c.so[0m
[12.322s] [ 82%] [32m[1mLinking CXX shared library libwebots_ros2_msgs__rosidl_typesupport_introspection_cpp.so[0m
[12.405s] [ 82%] Built target webots_ros2_msgs__rosidl_typesupport_fastrtps_c
[12.411s] [ 82%] Built target webots_ros2_msgs__rosidl_typesupport_introspection_cpp
[12.543s] [ 83%] [32m[1mLinking CXX shared library libwebots_ros2_msgs__rosidl_typesupport_fastrtps_cpp.so[0m
[12.615s] [ 83%] Built target webots_ros2_msgs__rosidl_typesupport_fastrtps_cpp
[12.633s] [ 83%] Built target webots_ros2_msgs
[12.651s] [ 84%] [34m[1mGenerating Python code for ROS interfaces[0m
[14.176s] [ 84%] Built target webots_ros2_msgs__py
[14.196s] [ 85%] [32mBuilding C object CMakeFiles/webots_ros2_msgs__rosidl_generator_py.dir/rosidl_generator_py/webots_ros2_msgs/msg/_bool_stamped_s.c.o[0m
[14.197s] [ 87%] [32mBuilding C object CMakeFiles/webots_ros2_msgs__rosidl_generator_py.dir/rosidl_generator_py/webots_ros2_msgs/msg/_camera_recognition_object_s.c.o[0m
[14.197s] [ 87%] [32mBuilding C object CMakeFiles/webots_ros2_msgs__rosidl_generator_py.dir/rosidl_generator_py/webots_ros2_msgs/msg/_float_stamped_s.c.o[0m
[14.197s] [ 90%] [32mBuilding C object CMakeFiles/webots_ros2_msgs__rosidl_generator_py.dir/rosidl_generator_py/webots_ros2_msgs/msg/_camera_recognition_objects_s.c.o[0m
[14.198s] [ 90%] [32mBuilding C object CMakeFiles/webots_ros2_msgs__rosidl_generator_py.dir/rosidl_generator_py/webots_ros2_msgs/msg/_urdf_robot_s.c.o[0m
[14.198s] [ 90%] [32mBuilding C object CMakeFiles/webots_ros2_msgs__rosidl_generator_py.dir/rosidl_generator_py/webots_ros2_msgs/msg/_pen_ink_properties_s.c.o[0m
[14.200s] [ 90%] [32mBuilding C object CMakeFiles/webots_ros2_msgs__rosidl_generator_py.dir/rosidl_generator_py/webots_ros2_msgs/msg/_string_stamped_s.c.o[0m
[14.204s] [ 91%] [32mBuilding C object CMakeFiles/webots_ros2_msgs__rosidl_generator_py.dir/rosidl_generator_py/webots_ros2_msgs/srv/_emitter_send_string_s.c.o[0m
[14.390s] [ 91%] [32mBuilding C object CMakeFiles/webots_ros2_msgs__rosidl_generator_py.dir/rosidl_generator_py/webots_ros2_msgs/srv/_set_string_s.c.o[0m
[14.399s] [ 92%] [32mBuilding C object CMakeFiles/webots_ros2_msgs__rosidl_generator_py.dir/rosidl_generator_py/webots_ros2_msgs/srv/_get_bool_s.c.o[0m
[14.400s] [ 93%] [32mBuilding C object CMakeFiles/webots_ros2_msgs__rosidl_generator_py.dir/rosidl_generator_py/webots_ros2_msgs/srv/_spawn_node_from_string_s.c.o[0m
[14.408s] [ 94%] [32mBuilding C object CMakeFiles/webots_ros2_msgs__rosidl_generator_py.dir/rosidl_generator_py/webots_ros2_msgs/srv/_spawn_urdf_robot_s.c.o[0m
[14.682s] [ 95%] [32m[1mLinking C shared library rosidl_generator_py/webots_ros2_msgs/libwebots_ros2_msgs__rosidl_generator_py.so[0m
[14.720s] [ 95%] Built target webots_ros2_msgs__rosidl_generator_py
[14.737s] [ 97%] [32mBuilding C object CMakeFiles/webots_ros2_msgs__rosidl_typesupport_introspection_c__pyext.dir/rosidl_generator_py/webots_ros2_msgs/_webots_ros2_msgs_s.ep.rosidl_typesupport_introspection_c.c.o[0m
[14.738s] [ 97%] [32mBuilding C object CMakeFiles/webots_ros2_msgs__rosidl_typesupport_fastrtps_c__pyext.dir/rosidl_generator_py/webots_ros2_msgs/_webots_ros2_msgs_s.ep.rosidl_typesupport_fastrtps_c.c.o[0m
[14.738s] [ 97%] [32mBuilding C object CMakeFiles/webots_ros2_msgs__rosidl_typesupport_c__pyext.dir/rosidl_generator_py/webots_ros2_msgs/_webots_ros2_msgs_s.ep.rosidl_typesupport_c.c.o[0m
[14.886s] [ 98%] [32m[1mLinking C shared library rosidl_generator_py/webots_ros2_msgs/webots_ros2_msgs_s__rosidl_typesupport_c.cpython-310-x86_64-linux-gnu.so[0m
[14.927s] [ 98%] Built target webots_ros2_msgs__rosidl_typesupport_c__pyext
[14.957s] [ 99%] [32m[1mLinking C shared library rosidl_generator_py/webots_ros2_msgs/webots_ros2_msgs_s__rosidl_typesupport_fastrtps_c.cpython-310-x86_64-linux-gnu.so[0m
[14.964s] [100%] [32m[1mLinking C shared library rosidl_generator_py/webots_ros2_msgs/webots_ros2_msgs_s__rosidl_typesupport_introspection_c.cpython-310-x86_64-linux-gnu.so[0m
[15.005s] [100%] Built target webots_ros2_msgs__rosidl_typesupport_introspection_c__pyext
[15.011s] [100%] Built target webots_ros2_msgs__rosidl_typesupport_fastrtps_c__pyext
[15.022s] Invoked command in '/home/gisbert12843/Robotics_Prak/prak2_ws/build/webots_ros2_msgs' returned '0': CMAKE_PREFIX_PATH=${CMAKE_PREFIX_PATH}:/home/gisbert12843/ros2_ws/install/webots_ros2:/home/gisbert12843/ros2_ws/install/webots_ros2_universal_robot:/home/gisbert12843/ros2_ws/install/webots_ros2_turtlebot:/home/gisbert12843/ros2_ws/install/webots_ros2_tiago:/home/gisbert12843/ros2_ws/install/webots_ros2_tests:/home/gisbert12843/ros2_ws/install/webots_ros2_tesla:/home/gisbert12843/ros2_ws/install/webots_ros2_mavic:/home/gisbert12843/ros2_ws/install/webots_ros2_epuck:/home/gisbert12843/ros2_ws/install/webots_ros2_importer:/home/gisbert12843/Robotics_Prak/prak2_ws/install/webots_spot_teleop:/home/gisbert12843/Robotics_Prak/prak2_ws/install/webots_spot:/home/gisbert12843/Robotics_Prak/prak2_ws/install/webots_ros2:/home/gisbert12843/Robotics_Prak/prak2_ws/install/webots_ros2_universal_robot:/home/gisbert12843/Robotics_Prak/prak2_ws/install/webots_ros2_turtlebot:/home/gisbert12843/Robotics_Prak/prak2_ws/install/webots_ros2_tiago:/home/gisbert12843/Robotics_Prak/prak2_ws/install/webots_ros2_tests:/home/gisbert12843/Robotics_Prak/prak2_ws/install/webots_ros2_tesla:/home/gisbert12843/Robotics_Prak/prak2_ws/install/webots_ros2_mavic:/home/gisbert12843/Robotics_Prak/prak2_ws/install/webots_ros2_epuck:/home/gisbert12843/Robotics_Prak/prak2_ws/install/webots_ros2_importer:/home/gisbert12843/Robotics_Prak/prak2_ws/install/prak2_pkg:/opt/ros/humble /usr/bin/cmake --build /home/gisbert12843/Robotics_Prak/prak2_ws/build/webots_ros2_msgs -- -j8 -l8
[15.030s] Invoking command in '/home/gisbert12843/Robotics_Prak/prak2_ws/build/webots_ros2_msgs': CMAKE_PREFIX_PATH=${CMAKE_PREFIX_PATH}:/home/gisbert12843/ros2_ws/install/webots_ros2:/home/gisbert12843/ros2_ws/install/webots_ros2_universal_robot:/home/gisbert12843/ros2_ws/install/webots_ros2_turtlebot:/home/gisbert12843/ros2_ws/install/webots_ros2_tiago:/home/gisbert12843/ros2_ws/install/webots_ros2_tests:/home/gisbert12843/ros2_ws/install/webots_ros2_tesla:/home/gisbert12843/ros2_ws/install/webots_ros2_mavic:/home/gisbert12843/ros2_ws/install/webots_ros2_epuck:/home/gisbert12843/ros2_ws/install/webots_ros2_importer:/home/gisbert12843/Robotics_Prak/prak2_ws/install/webots_spot_teleop:/home/gisbert12843/Robotics_Prak/prak2_ws/install/webots_spot:/home/gisbert12843/Robotics_Prak/prak2_ws/install/webots_ros2:/home/gisbert12843/Robotics_Prak/prak2_ws/install/webots_ros2_universal_robot:/home/gisbert12843/Robotics_Prak/prak2_ws/install/webots_ros2_turtlebot:/home/gisbert12843/Robotics_Prak/prak2_ws/install/webots_ros2_tiago:/home/gisbert12843/Robotics_Prak/prak2_ws/install/webots_ros2_tests:/home/gisbert12843/Robotics_Prak/prak2_ws/install/webots_ros2_tesla:/home/gisbert12843/Robotics_Prak/prak2_ws/install/webots_ros2_mavic:/home/gisbert12843/Robotics_Prak/prak2_ws/install/webots_ros2_epuck:/home/gisbert12843/Robotics_Prak/prak2_ws/install/webots_ros2_importer:/home/gisbert12843/Robotics_Prak/prak2_ws/install/prak2_pkg:/opt/ros/humble /usr/bin/cmake --install /home/gisbert12843/Robotics_Prak/prak2_ws/build/webots_ros2_msgs
[15.037s] -- Install configuration: ""
[15.038s] -- Execute custom install script
[15.038s] -- Symlinking: /home/gisbert12843/Robotics_Prak/prak2_ws/install/webots_ros2_msgs/share/ament_index/resource_index/rosidl_interfaces/webots_ros2_msgs
[15.046s] -- Symlinking: /home/gisbert12843/Robotics_Prak/prak2_ws/install/webots_ros2_msgs/include/webots_ros2_msgs/webots_ros2_msgs/msg/bool_stamped.h
[15.054s] -- Symlinking: /home/gisbert12843/Robotics_Prak/prak2_ws/install/webots_ros2_msgs/include/webots_ros2_msgs/webots_ros2_msgs/msg/camera_recognition_object.h
[15.061s] -- Symlinking: /home/gisbert12843/Robotics_Prak/prak2_ws/install/webots_ros2_msgs/include/webots_ros2_msgs/webots_ros2_msgs/msg/camera_recognition_objects.h
[15.069s] -- Symlinking: /home/gisbert12843/Robotics_Prak/prak2_ws/install/webots_ros2_msgs/include/webots_ros2_msgs/webots_ros2_msgs/msg/detail/bool_stamped__functions.h
[15.076s] -- Symlinking: /home/gisbert12843/Robotics_Prak/prak2_ws/install/webots_ros2_msgs/include/webots_ros2_msgs/webots_ros2_msgs/msg/detail/bool_stamped__struct.h
[15.083s] -- Symlinking: /home/gisbert12843/Robotics_Prak/prak2_ws/install/webots_ros2_msgs/include/webots_ros2_msgs/webots_ros2_msgs/msg/detail/bool_stamped__type_support.h
[15.090s] -- Symlinking: /home/gisbert12843/Robotics_Prak/prak2_ws/install/webots_ros2_msgs/include/webots_ros2_msgs/webots_ros2_msgs/msg/detail/camera_recognition_object__functions.h
[15.097s] -- Symlinking: /home/gisbert12843/Robotics_Prak/prak2_ws/install/webots_ros2_msgs/include/webots_ros2_msgs/webots_ros2_msgs/msg/detail/camera_recognition_object__struct.h
[15.104s] -- Symlinking: /home/gisbert12843/Robotics_Prak/prak2_ws/install/webots_ros2_msgs/include/webots_ros2_msgs/webots_ros2_msgs/msg/detail/camera_recognition_object__type_support.h
[15.112s] -- Symlinking: /home/gisbert12843/Robotics_Prak/prak2_ws/install/webots_ros2_msgs/include/webots_ros2_msgs/webots_ros2_msgs/msg/detail/camera_recognition_objects__functions.h
[15.119s] -- Symlinking: /home/gisbert12843/Robotics_Prak/prak2_ws/install/webots_ros2_msgs/include/webots_ros2_msgs/webots_ros2_msgs/msg/detail/camera_recognition_objects__struct.h
[15.127s] -- Symlinking: /home/gisbert12843/Robotics_Prak/prak2_ws/install/webots_ros2_msgs/include/webots_ros2_msgs/webots_ros2_msgs/msg/detail/camera_recognition_objects__type_support.h
[15.134s] -- Symlinking: /home/gisbert12843/Robotics_Prak/prak2_ws/install/webots_ros2_msgs/include/webots_ros2_msgs/webots_ros2_msgs/msg/detail/float_stamped__functions.h
[15.141s] -- Symlinking: /home/gisbert12843/Robotics_Prak/prak2_ws/install/webots_ros2_msgs/include/webots_ros2_msgs/webots_ros2_msgs/msg/detail/float_stamped__struct.h
[15.149s] -- Symlinking: /home/gisbert12843/Robotics_Prak/prak2_ws/install/webots_ros2_msgs/include/webots_ros2_msgs/webots_ros2_msgs/msg/detail/float_stamped__type_support.h
[15.156s] -- Symlinking: /home/gisbert12843/Robotics_Prak/prak2_ws/install/webots_ros2_msgs/include/webots_ros2_msgs/webots_ros2_msgs/msg/detail/pen_ink_properties__functions.h
[15.164s] -- Symlinking: /home/gisbert12843/Robotics_Prak/prak2_ws/install/webots_ros2_msgs/include/webots_ros2_msgs/webots_ros2_msgs/msg/detail/pen_ink_properties__struct.h
[15.171s] -- Symlinking: /home/gisbert12843/Robotics_Prak/prak2_ws/install/webots_ros2_msgs/include/webots_ros2_msgs/webots_ros2_msgs/msg/detail/pen_ink_properties__type_support.h
[15.179s] -- Symlinking: /home/gisbert12843/Robotics_Prak/prak2_ws/install/webots_ros2_msgs/include/webots_ros2_msgs/webots_ros2_msgs/msg/detail/string_stamped__functions.h
[15.186s] -- Symlinking: /home/gisbert12843/Robotics_Prak/prak2_ws/install/webots_ros2_msgs/include/webots_ros2_msgs/webots_ros2_msgs/msg/detail/string_stamped__struct.h
[15.193s] -- Symlinking: /home/gisbert12843/Robotics_Prak/prak2_ws/install/webots_ros2_msgs/include/webots_ros2_msgs/webots_ros2_msgs/msg/detail/string_stamped__type_support.h
[15.201s] -- Symlinking: /home/gisbert12843/Robotics_Prak/prak2_ws/install/webots_ros2_msgs/include/webots_ros2_msgs/webots_ros2_msgs/msg/detail/urdf_robot__functions.h
[15.208s] -- Symlinking: /home/gisbert12843/Robotics_Prak/prak2_ws/install/webots_ros2_msgs/include/webots_ros2_msgs/webots_ros2_msgs/msg/detail/urdf_robot__struct.h
[15.215s] -- Symlinking: /home/gisbert12843/Robotics_Prak/prak2_ws/install/webots_ros2_msgs/include/webots_ros2_msgs/webots_ros2_msgs/msg/detail/urdf_robot__type_support.h
[15.223s] -- Symlinking: /home/gisbert12843/Robotics_Prak/prak2_ws/install/webots_ros2_msgs/include/webots_ros2_msgs/webots_ros2_msgs/msg/float_stamped.h
[15.230s] -- Symlinking: /home/gisbert12843/Robotics_Prak/prak2_ws/install/webots_ros2_msgs/include/webots_ros2_msgs/webots_ros2_msgs/msg/pen_ink_properties.h
[15.237s] -- Symlinking: /home/gisbert12843/Robotics_Prak/prak2_ws/install/webots_ros2_msgs/include/webots_ros2_msgs/webots_ros2_msgs/msg/rosidl_generator_c__visibility_control.h
[15.245s] -- Symlinking: /home/gisbert12843/Robotics_Prak/prak2_ws/install/webots_ros2_msgs/include/webots_ros2_msgs/webots_ros2_msgs/msg/string_stamped.h
[15.252s] -- Symlinking: /home/gisbert12843/Robotics_Prak/prak2_ws/install/webots_ros2_msgs/include/webots_ros2_msgs/webots_ros2_msgs/msg/urdf_robot.h
[15.260s] -- Symlinking: /home/gisbert12843/Robotics_Prak/prak2_ws/install/webots_ros2_msgs/include/webots_ros2_msgs/webots_ros2_msgs/srv/detail/emitter_send_string__functions.h
[15.267s] -- Symlinking: /home/gisbert12843/Robotics_Prak/prak2_ws/install/webots_ros2_msgs/include/webots_ros2_msgs/webots_ros2_msgs/srv/detail/emitter_send_string__struct.h
[15.274s] -- Symlinking: /home/gisbert12843/Robotics_Prak/prak2_ws/install/webots_ros2_msgs/include/webots_ros2_msgs/webots_ros2_msgs/srv/detail/emitter_send_string__type_support.h
[15.281s] -- Symlinking: /home/gisbert12843/Robotics_Prak/prak2_ws/install/webots_ros2_msgs/include/webots_ros2_msgs/webots_ros2_msgs/srv/detail/get_bool__functions.h
[15.289s] -- Symlinking: /home/gisbert12843/Robotics_Prak/prak2_ws/install/webots_ros2_msgs/include/webots_ros2_msgs/webots_ros2_msgs/srv/detail/get_bool__struct.h
[15.296s] -- Symlinking: /home/gisbert12843/Robotics_Prak/prak2_ws/install/webots_ros2_msgs/include/webots_ros2_msgs/webots_ros2_msgs/srv/detail/get_bool__type_support.h
[15.303s] -- Symlinking: /home/gisbert12843/Robotics_Prak/prak2_ws/install/webots_ros2_msgs/include/webots_ros2_msgs/webots_ros2_msgs/srv/detail/set_string__functions.h
[15.311s] -- Symlinking: /home/gisbert12843/Robotics_Prak/prak2_ws/install/webots_ros2_msgs/include/webots_ros2_msgs/webots_ros2_msgs/srv/detail/set_string__struct.h
[15.318s] -- Symlinking: /home/gisbert12843/Robotics_Prak/prak2_ws/install/webots_ros2_msgs/include/webots_ros2_msgs/webots_ros2_msgs/srv/detail/set_string__type_support.h
[15.326s] -- Symlinking: /home/gisbert12843/Robotics_Prak/prak2_ws/install/webots_ros2_msgs/include/webots_ros2_msgs/webots_ros2_msgs/srv/detail/spawn_node_from_string__functions.h
[15.333s] -- Symlinking: /home/gisbert12843/Robotics_Prak/prak2_ws/install/webots_ros2_msgs/include/webots_ros2_msgs/webots_ros2_msgs/srv/detail/spawn_node_from_string__struct.h
[15.340s] -- Symlinking: /home/gisbert12843/Robotics_Prak/prak2_ws/install/webots_ros2_msgs/include/webots_ros2_msgs/webots_ros2_msgs/srv/detail/spawn_node_from_string__type_support.h
[15.347s] -- Symlinking: /home/gisbert12843/Robotics_Prak/prak2_ws/install/webots_ros2_msgs/include/webots_ros2_msgs/webots_ros2_msgs/srv/detail/spawn_urdf_robot__functions.h
[15.354s] -- Symlinking: /home/gisbert12843/Robotics_Prak/prak2_ws/install/webots_ros2_msgs/include/webots_ros2_msgs/webots_ros2_msgs/srv/detail/spawn_urdf_robot__struct.h
[15.362s] -- Symlinking: /home/gisbert12843/Robotics_Prak/prak2_ws/install/webots_ros2_msgs/include/webots_ros2_msgs/webots_ros2_msgs/srv/detail/spawn_urdf_robot__type_support.h
[15.369s] -- Symlinking: /home/gisbert12843/Robotics_Prak/prak2_ws/install/webots_ros2_msgs/include/webots_ros2_msgs/webots_ros2_msgs/srv/emitter_send_string.h
[15.376s] -- Symlinking: /home/gisbert12843/Robotics_Prak/prak2_ws/install/webots_ros2_msgs/include/webots_ros2_msgs/webots_ros2_msgs/srv/get_bool.h
[15.383s] -- Symlinking: /home/gisbert12843/Robotics_Prak/prak2_ws/install/webots_ros2_msgs/include/webots_ros2_msgs/webots_ros2_msgs/srv/set_string.h
[15.391s] -- Symlinking: /home/gisbert12843/Robotics_Prak/prak2_ws/install/webots_ros2_msgs/include/webots_ros2_msgs/webots_ros2_msgs/srv/spawn_node_from_string.h
[15.398s] -- Symlinking: /home/gisbert12843/Robotics_Prak/prak2_ws/install/webots_ros2_msgs/include/webots_ros2_msgs/webots_ros2_msgs/srv/spawn_urdf_robot.h
[15.405s] -- Symlinking: /home/gisbert12843/Robotics_Prak/prak2_ws/install/webots_ros2_msgs/share/webots_ros2_msgs/environment/library_path.sh
[15.412s] -- Symlinking: /home/gisbert12843/Robotics_Prak/prak2_ws/install/webots_ros2_msgs/share/webots_ros2_msgs/environment/library_path.dsv
[15.420s] -- Symlinking: /home/gisbert12843/Robotics_Prak/prak2_ws/install/webots_ros2_msgs/include/webots_ros2_msgs/webots_ros2_msgs/msg/detail/bool_stamped__rosidl_typesupport_fastrtps_c.h
[15.427s] -- Symlinking: /home/gisbert12843/Robotics_Prak/prak2_ws/install/webots_ros2_msgs/include/webots_ros2_msgs/webots_ros2_msgs/msg/detail/camera_recognition_object__rosidl_typesupport_fastrtps_c.h
[15.434s] -- Symlinking: /home/gisbert12843/Robotics_Prak/prak2_ws/install/webots_ros2_msgs/include/webots_ros2_msgs/webots_ros2_msgs/msg/detail/camera_recognition_objects__rosidl_typesupport_fastrtps_c.h
[15.441s] -- Symlinking: /home/gisbert12843/Robotics_Prak/prak2_ws/install/webots_ros2_msgs/include/webots_ros2_msgs/webots_ros2_msgs/msg/detail/float_stamped__rosidl_typesupport_fastrtps_c.h
[15.448s] -- Symlinking: /home/gisbert12843/Robotics_Prak/prak2_ws/install/webots_ros2_msgs/include/webots_ros2_msgs/webots_ros2_msgs/msg/detail/pen_ink_properties__rosidl_typesupport_fastrtps_c.h
[15.456s] -- Symlinking: /home/gisbert12843/Robotics_Prak/prak2_ws/install/webots_ros2_msgs/include/webots_ros2_msgs/webots_ros2_msgs/msg/detail/string_stamped__rosidl_typesupport_fastrtps_c.h
[15.463s] -- Symlinking: /home/gisbert12843/Robotics_Prak/prak2_ws/install/webots_ros2_msgs/include/webots_ros2_msgs/webots_ros2_msgs/msg/detail/urdf_robot__rosidl_typesupport_fastrtps_c.h
[15.470s] -- Symlinking: /home/gisbert12843/Robotics_Prak/prak2_ws/install/webots_ros2_msgs/include/webots_ros2_msgs/webots_ros2_msgs/msg/rosidl_typesupport_fastrtps_c__visibility_control.h
[15.477s] -- Symlinking: /home/gisbert12843/Robotics_Prak/prak2_ws/install/webots_ros2_msgs/include/webots_ros2_msgs/webots_ros2_msgs/srv/detail/emitter_send_string__rosidl_typesupport_fastrtps_c.h
[15.484s] -- Symlinking: /home/gisbert12843/Robotics_Prak/prak2_ws/install/webots_ros2_msgs/include/webots_ros2_msgs/webots_ros2_msgs/srv/detail/get_bool__rosidl_typesupport_fastrtps_c.h
[15.491s] -- Symlinking: /home/gisbert12843/Robotics_Prak/prak2_ws/install/webots_ros2_msgs/include/webots_ros2_msgs/webots_ros2_msgs/srv/detail/set_string__rosidl_typesupport_fastrtps_c.h
[15.498s] -- Symlinking: /home/gisbert12843/Robotics_Prak/prak2_ws/install/webots_ros2_msgs/include/webots_ros2_msgs/webots_ros2_msgs/srv/detail/spawn_node_from_string__rosidl_typesupport_fastrtps_c.h
[15.505s] -- Symlinking: /home/gisbert12843/Robotics_Prak/prak2_ws/install/webots_ros2_msgs/include/webots_ros2_msgs/webots_ros2_msgs/srv/detail/spawn_urdf_robot__rosidl_typesupport_fastrtps_c.h
[15.513s] -- Symlinking: /home/gisbert12843/Robotics_Prak/prak2_ws/install/webots_ros2_msgs/include/webots_ros2_msgs/webots_ros2_msgs/msg/bool_stamped.hpp
[15.521s] -- Symlinking: /home/gisbert12843/Robotics_Prak/prak2_ws/install/webots_ros2_msgs/include/webots_ros2_msgs/webots_ros2_msgs/msg/camera_recognition_object.hpp
[15.528s] -- Symlinking: /home/gisbert12843/Robotics_Prak/prak2_ws/install/webots_ros2_msgs/include/webots_ros2_msgs/webots_ros2_msgs/msg/camera_recognition_objects.hpp
[15.535s] -- Symlinking: /home/gisbert12843/Robotics_Prak/prak2_ws/install/webots_ros2_msgs/include/webots_ros2_msgs/webots_ros2_msgs/msg/detail/bool_stamped__builder.hpp
[15.543s] -- Symlinking: /home/gisbert12843/Robotics_Prak/prak2_ws/install/webots_ros2_msgs/include/webots_ros2_msgs/webots_ros2_msgs/msg/detail/bool_stamped__struct.hpp
[15.550s] -- Symlinking: /home/gisbert12843/Robotics_Prak/prak2_ws/install/webots_ros2_msgs/include/webots_ros2_msgs/webots_ros2_msgs/msg/detail/bool_stamped__traits.hpp
[15.557s] -- Symlinking: /home/gisbert12843/Robotics_Prak/prak2_ws/install/webots_ros2_msgs/include/webots_ros2_msgs/webots_ros2_msgs/msg/detail/bool_stamped__type_support.hpp
[15.565s] -- Symlinking: /home/gisbert12843/Robotics_Prak/prak2_ws/install/webots_ros2_msgs/include/webots_ros2_msgs/webots_ros2_msgs/msg/detail/camera_recognition_object__builder.hpp
[15.572s] -- Symlinking: /home/gisbert12843/Robotics_Prak/prak2_ws/install/webots_ros2_msgs/include/webots_ros2_msgs/webots_ros2_msgs/msg/detail/camera_recognition_object__struct.hpp
[15.579s] -- Symlinking: /home/gisbert12843/Robotics_Prak/prak2_ws/install/webots_ros2_msgs/include/webots_ros2_msgs/webots_ros2_msgs/msg/detail/camera_recognition_object__traits.hpp
[15.586s] -- Symlinking: /home/gisbert12843/Robotics_Prak/prak2_ws/install/webots_ros2_msgs/include/webots_ros2_msgs/webots_ros2_msgs/msg/detail/camera_recognition_object__type_support.hpp
[15.593s] -- Symlinking: /home/gisbert12843/Robotics_Prak/prak2_ws/install/webots_ros2_msgs/include/webots_ros2_msgs/webots_ros2_msgs/msg/detail/camera_recognition_objects__builder.hpp
[15.601s] -- Symlinking: /home/gisbert12843/Robotics_Prak/prak2_ws/install/webots_ros2_msgs/include/webots_ros2_msgs/webots_ros2_msgs/msg/detail/camera_recognition_objects__struct.hpp
[15.608s] -- Symlinking: /home/gisbert12843/Robotics_Prak/prak2_ws/install/webots_ros2_msgs/include/webots_ros2_msgs/webots_ros2_msgs/msg/detail/camera_recognition_objects__traits.hpp
[15.615s] -- Symlinking: /home/gisbert12843/Robotics_Prak/prak2_ws/install/webots_ros2_msgs/include/webots_ros2_msgs/webots_ros2_msgs/msg/detail/camera_recognition_objects__type_support.hpp
[15.623s] -- Symlinking: /home/gisbert12843/Robotics_Prak/prak2_ws/install/webots_ros2_msgs/include/webots_ros2_msgs/webots_ros2_msgs/msg/detail/float_stamped__builder.hpp
[15.630s] -- Symlinking: /home/gisbert12843/Robotics_Prak/prak2_ws/install/webots_ros2_msgs/include/webots_ros2_msgs/webots_ros2_msgs/msg/detail/float_stamped__struct.hpp
[15.638s] -- Symlinking: /home/gisbert12843/Robotics_Prak/prak2_ws/install/webots_ros2_msgs/include/webots_ros2_msgs/webots_ros2_msgs/msg/detail/float_stamped__traits.hpp
[15.645s] -- Symlinking: /home/gisbert12843/Robotics_Prak/prak2_ws/install/webots_ros2_msgs/include/webots_ros2_msgs/webots_ros2_msgs/msg/detail/float_stamped__type_support.hpp
[15.652s] -- Symlinking: /home/gisbert12843/Robotics_Prak/prak2_ws/install/webots_ros2_msgs/include/webots_ros2_msgs/webots_ros2_msgs/msg/detail/pen_ink_properties__builder.hpp
[15.659s] -- Symlinking: /home/gisbert12843/Robotics_Prak/prak2_ws/install/webots_ros2_msgs/include/webots_ros2_msgs/webots_ros2_msgs/msg/detail/pen_ink_properties__struct.hpp
[15.666s] -- Symlinking: /home/gisbert12843/Robotics_Prak/prak2_ws/install/webots_ros2_msgs/include/webots_ros2_msgs/webots_ros2_msgs/msg/detail/pen_ink_properties__traits.hpp
[15.673s] -- Symlinking: /home/gisbert12843/Robotics_Prak/prak2_ws/install/webots_ros2_msgs/include/webots_ros2_msgs/webots_ros2_msgs/msg/detail/pen_ink_properties__type_support.hpp
[15.681s] -- Symlinking: /home/gisbert12843/Robotics_Prak/prak2_ws/install/webots_ros2_msgs/include/webots_ros2_msgs/webots_ros2_msgs/msg/detail/string_stamped__builder.hpp
[15.688s] -- Symlinking: /home/gisbert12843/Robotics_Prak/prak2_ws/install/webots_ros2_msgs/include/webots_ros2_msgs/webots_ros2_msgs/msg/detail/string_stamped__struct.hpp
[15.695s] -- Symlinking: /home/gisbert12843/Robotics_Prak/prak2_ws/install/webots_ros2_msgs/include/webots_ros2_msgs/webots_ros2_msgs/msg/detail/string_stamped__traits.hpp
[15.703s] -- Symlinking: /home/gisbert12843/Robotics_Prak/prak2_ws/install/webots_ros2_msgs/include/webots_ros2_msgs/webots_ros2_msgs/msg/detail/string_stamped__type_support.hpp
[15.710s] -- Symlinking: /home/gisbert12843/Robotics_Prak/prak2_ws/install/webots_ros2_msgs/include/webots_ros2_msgs/webots_ros2_msgs/msg/detail/urdf_robot__builder.hpp
[15.717s] -- Symlinking: /home/gisbert12843/Robotics_Prak/prak2_ws/install/webots_ros2_msgs/include/webots_ros2_msgs/webots_ros2_msgs/msg/detail/urdf_robot__struct.hpp
[15.724s] -- Symlinking: /home/gisbert12843/Robotics_Prak/prak2_ws/install/webots_ros2_msgs/include/webots_ros2_msgs/webots_ros2_msgs/msg/detail/urdf_robot__traits.hpp
[15.731s] -- Symlinking: /home/gisbert12843/Robotics_Prak/prak2_ws/install/webots_ros2_msgs/include/webots_ros2_msgs/webots_ros2_msgs/msg/detail/urdf_robot__type_support.hpp
[15.738s] -- Symlinking: /home/gisbert12843/Robotics_Prak/prak2_ws/install/webots_ros2_msgs/include/webots_ros2_msgs/webots_ros2_msgs/msg/float_stamped.hpp
[15.746s] -- Symlinking: /home/gisbert12843/Robotics_Prak/prak2_ws/install/webots_ros2_msgs/include/webots_ros2_msgs/webots_ros2_msgs/msg/pen_ink_properties.hpp
[15.753s] -- Symlinking: /home/gisbert12843/Robotics_Prak/prak2_ws/install/webots_ros2_msgs/include/webots_ros2_msgs/webots_ros2_msgs/msg/rosidl_generator_cpp__visibility_control.hpp
[15.760s] -- Symlinking: /home/gisbert12843/Robotics_Prak/prak2_ws/install/webots_ros2_msgs/include/webots_ros2_msgs/webots_ros2_msgs/msg/string_stamped.hpp
[15.767s] -- Symlinking: /home/gisbert12843/Robotics_Prak/prak2_ws/install/webots_ros2_msgs/include/webots_ros2_msgs/webots_ros2_msgs/msg/urdf_robot.hpp
[15.774s] -- Symlinking: /home/gisbert12843/Robotics_Prak/prak2_ws/install/webots_ros2_msgs/include/webots_ros2_msgs/webots_ros2_msgs/srv/detail/emitter_send_string__builder.hpp
[15.781s] -- Symlinking: /home/gisbert12843/Robotics_Prak/prak2_ws/install/webots_ros2_msgs/include/webots_ros2_msgs/webots_ros2_msgs/srv/detail/emitter_send_string__struct.hpp
[15.788s] -- Symlinking: /home/gisbert12843/Robotics_Prak/prak2_ws/install/webots_ros2_msgs/include/webots_ros2_msgs/webots_ros2_msgs/srv/detail/emitter_send_string__traits.hpp
[15.796s] -- Symlinking: /home/gisbert12843/Robotics_Prak/prak2_ws/install/webots_ros2_msgs/include/webots_ros2_msgs/webots_ros2_msgs/srv/detail/emitter_send_string__type_support.hpp
[15.803s] -- Symlinking: /home/gisbert12843/Robotics_Prak/prak2_ws/install/webots_ros2_msgs/include/webots_ros2_msgs/webots_ros2_msgs/srv/detail/get_bool__builder.hpp
[15.810s] -- Symlinking: /home/gisbert12843/Robotics_Prak/prak2_ws/install/webots_ros2_msgs/include/webots_ros2_msgs/webots_ros2_msgs/srv/detail/get_bool__struct.hpp
[15.818s] -- Symlinking: /home/gisbert12843/Robotics_Prak/prak2_ws/install/webots_ros2_msgs/include/webots_ros2_msgs/webots_ros2_msgs/srv/detail/get_bool__traits.hpp
[15.825s] -- Symlinking: /home/gisbert12843/Robotics_Prak/prak2_ws/install/webots_ros2_msgs/include/webots_ros2_msgs/webots_ros2_msgs/srv/detail/get_bool__type_support.hpp
[15.832s] -- Symlinking: /home/gisbert12843/Robotics_Prak/prak2_ws/install/webots_ros2_msgs/include/webots_ros2_msgs/webots_ros2_msgs/srv/detail/set_string__builder.hpp
[15.840s] -- Symlinking: /home/gisbert12843/Robotics_Prak/prak2_ws/install/webots_ros2_msgs/include/webots_ros2_msgs/webots_ros2_msgs/srv/detail/set_string__struct.hpp
[15.847s] -- Symlinking: /home/gisbert12843/Robotics_Prak/prak2_ws/install/webots_ros2_msgs/include/webots_ros2_msgs/webots_ros2_msgs/srv/detail/set_string__traits.hpp
[15.854s] -- Symlinking: /home/gisbert12843/Robotics_Prak/prak2_ws/install/webots_ros2_msgs/include/webots_ros2_msgs/webots_ros2_msgs/srv/detail/set_string__type_support.hpp
[15.862s] -- Symlinking: /home/gisbert12843/Robotics_Prak/prak2_ws/install/webots_ros2_msgs/include/webots_ros2_msgs/webots_ros2_msgs/srv/detail/spawn_node_from_string__builder.hpp
[15.869s] -- Symlinking: /home/gisbert12843/Robotics_Prak/prak2_ws/install/webots_ros2_msgs/include/webots_ros2_msgs/webots_ros2_msgs/srv/detail/spawn_node_from_string__struct.hpp
[15.876s] -- Symlinking: /home/gisbert12843/Robotics_Prak/prak2_ws/install/webots_ros2_msgs/include/webots_ros2_msgs/webots_ros2_msgs/srv/detail/spawn_node_from_string__traits.hpp
[15.884s] -- Symlinking: /home/gisbert12843/Robotics_Prak/prak2_ws/install/webots_ros2_msgs/include/webots_ros2_msgs/webots_ros2_msgs/srv/detail/spawn_node_from_string__type_support.hpp
[15.891s] -- Symlinking: /home/gisbert12843/Robotics_Prak/prak2_ws/install/webots_ros2_msgs/include/webots_ros2_msgs/webots_ros2_msgs/srv/detail/spawn_urdf_robot__builder.hpp
[15.898s] -- Symlinking: /home/gisbert12843/Robotics_Prak/prak2_ws/install/webots_ros2_msgs/include/webots_ros2_msgs/webots_ros2_msgs/srv/detail/spawn_urdf_robot__struct.hpp
[15.906s] -- Symlinking: /home/gisbert12843/Robotics_Prak/prak2_ws/install/webots_ros2_msgs/include/webots_ros2_msgs/webots_ros2_msgs/srv/detail/spawn_urdf_robot__traits.hpp
[15.913s] -- Symlinking: /home/gisbert12843/Robotics_Prak/prak2_ws/install/webots_ros2_msgs/include/webots_ros2_msgs/webots_ros2_msgs/srv/detail/spawn_urdf_robot__type_support.hpp
[15.921s] -- Symlinking: /home/gisbert12843/Robotics_Prak/prak2_ws/install/webots_ros2_msgs/include/webots_ros2_msgs/webots_ros2_msgs/srv/emitter_send_string.hpp
[15.928s] -- Symlinking: /home/gisbert12843/Robotics_Prak/prak2_ws/install/webots_ros2_msgs/include/webots_ros2_msgs/webots_ros2_msgs/srv/get_bool.hpp
[15.935s] -- Symlinking: /home/gisbert12843/Robotics_Prak/prak2_ws/install/webots_ros2_msgs/include/webots_ros2_msgs/webots_ros2_msgs/srv/set_string.hpp
[15.942s] -- Symlinking: /home/gisbert12843/Robotics_Prak/prak2_ws/install/webots_ros2_msgs/include/webots_ros2_msgs/webots_ros2_msgs/srv/spawn_node_from_string.hpp
[15.950s] -- Symlinking: /home/gisbert12843/Robotics_Prak/prak2_ws/install/webots_ros2_msgs/include/webots_ros2_msgs/webots_ros2_msgs/srv/spawn_urdf_robot.hpp
[15.958s] -- Symlinking: /home/gisbert12843/Robotics_Prak/prak2_ws/install/webots_ros2_msgs/include/webots_ros2_msgs/webots_ros2_msgs/msg/detail/bool_stamped__rosidl_typesupport_fastrtps_cpp.hpp
[15.965s] -- Symlinking: /home/gisbert12843/Robotics_Prak/prak2_ws/install/webots_ros2_msgs/include/webots_ros2_msgs/webots_ros2_msgs/msg/detail/camera_recognition_object__rosidl_typesupport_fastrtps_cpp.hpp
[15.972s] -- Symlinking: /home/gisbert12843/Robotics_Prak/prak2_ws/install/webots_ros2_msgs/include/webots_ros2_msgs/webots_ros2_msgs/msg/detail/camera_recognition_objects__rosidl_typesupport_fastrtps_cpp.hpp
[15.979s] -- Symlinking: /home/gisbert12843/Robotics_Prak/prak2_ws/install/webots_ros2_msgs/include/webots_ros2_msgs/webots_ros2_msgs/msg/detail/float_stamped__rosidl_typesupport_fastrtps_cpp.hpp
[15.986s] -- Symlinking: /home/gisbert12843/Robotics_Prak/prak2_ws/install/webots_ros2_msgs/include/webots_ros2_msgs/webots_ros2_msgs/msg/detail/pen_ink_properties__rosidl_typesupport_fastrtps_cpp.hpp
[15.993s] -- Symlinking: /home/gisbert12843/Robotics_Prak/prak2_ws/install/webots_ros2_msgs/include/webots_ros2_msgs/webots_ros2_msgs/msg/detail/string_stamped__rosidl_typesupport_fastrtps_cpp.hpp
[16.000s] -- Symlinking: /home/gisbert12843/Robotics_Prak/prak2_ws/install/webots_ros2_msgs/include/webots_ros2_msgs/webots_ros2_msgs/msg/detail/urdf_robot__rosidl_typesupport_fastrtps_cpp.hpp
[16.008s] -- Symlinking: /home/gisbert12843/Robotics_Prak/prak2_ws/install/webots_ros2_msgs/include/webots_ros2_msgs/webots_ros2_msgs/msg/rosidl_typesupport_fastrtps_cpp__visibility_control.h
[16.015s] -- Symlinking: /home/gisbert12843/Robotics_Prak/prak2_ws/install/webots_ros2_msgs/include/webots_ros2_msgs/webots_ros2_msgs/srv/detail/emitter_send_string__rosidl_typesupport_fastrtps_cpp.hpp
[16.022s] -- Symlinking: /home/gisbert12843/Robotics_Prak/prak2_ws/install/webots_ros2_msgs/include/webots_ros2_msgs/webots_ros2_msgs/srv/detail/get_bool__rosidl_typesupport_fastrtps_cpp.hpp
[16.030s] -- Symlinking: /home/gisbert12843/Robotics_Prak/prak2_ws/install/webots_ros2_msgs/include/webots_ros2_msgs/webots_ros2_msgs/srv/detail/set_string__rosidl_typesupport_fastrtps_cpp.hpp
[16.037s] -- Symlinking: /home/gisbert12843/Robotics_Prak/prak2_ws/install/webots_ros2_msgs/include/webots_ros2_msgs/webots_ros2_msgs/srv/detail/spawn_node_from_string__rosidl_typesupport_fastrtps_cpp.hpp
[16.045s] -- Symlinking: /home/gisbert12843/Robotics_Prak/prak2_ws/install/webots_ros2_msgs/include/webots_ros2_msgs/webots_ros2_msgs/srv/detail/spawn_urdf_robot__rosidl_typesupport_fastrtps_cpp.hpp
[16.052s] -- Symlinking: /home/gisbert12843/Robotics_Prak/prak2_ws/install/webots_ros2_msgs/include/webots_ros2_msgs/webots_ros2_msgs/msg/detail/bool_stamped__rosidl_typesupport_introspection_c.h
[16.059s] -- Symlinking: /home/gisbert12843/Robotics_Prak/prak2_ws/install/webots_ros2_msgs/include/webots_ros2_msgs/webots_ros2_msgs/msg/detail/camera_recognition_object__rosidl_typesupport_introspection_c.h
[16.066s] -- Symlinking: /home/gisbert12843/Robotics_Prak/prak2_ws/install/webots_ros2_msgs/include/webots_ros2_msgs/webots_ros2_msgs/msg/detail/camera_recognition_objects__rosidl_typesupport_introspection_c.h
[16.073s] -- Symlinking: /home/gisbert12843/Robotics_Prak/prak2_ws/install/webots_ros2_msgs/include/webots_ros2_msgs/webots_ros2_msgs/msg/detail/float_stamped__rosidl_typesupport_introspection_c.h
[16.081s] -- Symlinking: /home/gisbert12843/Robotics_Prak/prak2_ws/install/webots_ros2_msgs/include/webots_ros2_msgs/webots_ros2_msgs/msg/detail/pen_ink_properties__rosidl_typesupport_introspection_c.h
[16.088s] -- Symlinking: /home/gisbert12843/Robotics_Prak/prak2_ws/install/webots_ros2_msgs/include/webots_ros2_msgs/webots_ros2_msgs/msg/detail/string_stamped__rosidl_typesupport_introspection_c.h
[16.095s] -- Symlinking: /home/gisbert12843/Robotics_Prak/prak2_ws/install/webots_ros2_msgs/include/webots_ros2_msgs/webots_ros2_msgs/msg/detail/urdf_robot__rosidl_typesupport_introspection_c.h
[16.103s] -- Symlinking: /home/gisbert12843/Robotics_Prak/prak2_ws/install/webots_ros2_msgs/include/webots_ros2_msgs/webots_ros2_msgs/msg/rosidl_typesupport_introspection_c__visibility_control.h
[16.110s] -- Symlinking: /home/gisbert12843/Robotics_Prak/prak2_ws/install/webots_ros2_msgs/include/webots_ros2_msgs/webots_ros2_msgs/srv/detail/emitter_send_string__rosidl_typesupport_introspection_c.h
[16.117s] -- Symlinking: /home/gisbert12843/Robotics_Prak/prak2_ws/install/webots_ros2_msgs/include/webots_ros2_msgs/webots_ros2_msgs/srv/detail/get_bool__rosidl_typesupport_introspection_c.h
[16.125s] -- Symlinking: /home/gisbert12843/Robotics_Prak/prak2_ws/install/webots_ros2_msgs/include/webots_ros2_msgs/webots_ros2_msgs/srv/detail/set_string__rosidl_typesupport_introspection_c.h
[16.132s] -- Symlinking: /home/gisbert12843/Robotics_Prak/prak2_ws/install/webots_ros2_msgs/include/webots_ros2_msgs/webots_ros2_msgs/srv/detail/spawn_node_from_string__rosidl_typesupport_introspection_c.h
[16.139s] -- Symlinking: /home/gisbert12843/Robotics_Prak/prak2_ws/install/webots_ros2_msgs/include/webots_ros2_msgs/webots_ros2_msgs/srv/detail/spawn_urdf_robot__rosidl_typesupport_introspection_c.h
[16.147s] -- Symlinking: /home/gisbert12843/Robotics_Prak/prak2_ws/install/webots_ros2_msgs/include/webots_ros2_msgs/webots_ros2_msgs/msg/detail/bool_stamped__rosidl_typesupport_introspection_cpp.hpp
[16.154s] -- Symlinking: /home/gisbert12843/Robotics_Prak/prak2_ws/install/webots_ros2_msgs/include/webots_ros2_msgs/webots_ros2_msgs/msg/detail/camera_recognition_object__rosidl_typesupport_introspection_cpp.hpp
[16.162s] -- Symlinking: /home/gisbert12843/Robotics_Prak/prak2_ws/install/webots_ros2_msgs/include/webots_ros2_msgs/webots_ros2_msgs/msg/detail/camera_recognition_objects__rosidl_typesupport_introspection_cpp.hpp
[16.169s] -- Symlinking: /home/gisbert12843/Robotics_Prak/prak2_ws/install/webots_ros2_msgs/include/webots_ros2_msgs/webots_ros2_msgs/msg/detail/float_stamped__rosidl_typesupport_introspection_cpp.hpp
[16.176s] -- Symlinking: /home/gisbert12843/Robotics_Prak/prak2_ws/install/webots_ros2_msgs/include/webots_ros2_msgs/webots_ros2_msgs/msg/detail/pen_ink_properties__rosidl_typesupport_introspection_cpp.hpp
[16.184s] -- Symlinking: /home/gisbert12843/Robotics_Prak/prak2_ws/install/webots_ros2_msgs/include/webots_ros2_msgs/webots_ros2_msgs/msg/detail/string_stamped__rosidl_typesupport_introspection_cpp.hpp
[16.191s] -- Symlinking: /home/gisbert12843/Robotics_Prak/prak2_ws/install/webots_ros2_msgs/include/webots_ros2_msgs/webots_ros2_msgs/msg/detail/urdf_robot__rosidl_typesupport_introspection_cpp.hpp
[16.199s] -- Symlinking: /home/gisbert12843/Robotics_Prak/prak2_ws/install/webots_ros2_msgs/include/webots_ros2_msgs/webots_ros2_msgs/srv/detail/emitter_send_string__rosidl_typesupport_introspection_cpp.hpp
[16.206s] -- Symlinking: /home/gisbert12843/Robotics_Prak/prak2_ws/install/webots_ros2_msgs/include/webots_ros2_msgs/webots_ros2_msgs/srv/detail/get_bool__rosidl_typesupport_introspection_cpp.hpp
[16.214s] -- Symlinking: /home/gisbert12843/Robotics_Prak/prak2_ws/install/webots_ros2_msgs/include/webots_ros2_msgs/webots_ros2_msgs/srv/detail/set_string__rosidl_typesupport_introspection_cpp.hpp
[16.221s] -- Symlinking: /home/gisbert12843/Robotics_Prak/prak2_ws/install/webots_ros2_msgs/include/webots_ros2_msgs/webots_ros2_msgs/srv/detail/spawn_node_from_string__rosidl_typesupport_introspection_cpp.hpp
[16.228s] -- Symlinking: /home/gisbert12843/Robotics_Prak/prak2_ws/install/webots_ros2_msgs/include/webots_ros2_msgs/webots_ros2_msgs/srv/detail/spawn_urdf_robot__rosidl_typesupport_introspection_cpp.hpp
[16.236s] -- Symlinking: /home/gisbert12843/Robotics_Prak/prak2_ws/install/webots_ros2_msgs/share/webots_ros2_msgs/environment/pythonpath.sh
[16.244s] -- Symlinking: /home/gisbert12843/Robotics_Prak/prak2_ws/install/webots_ros2_msgs/share/webots_ros2_msgs/environment/pythonpath.dsv
[16.251s] -- Symlinking: /home/gisbert12843/Robotics_Prak/prak2_ws/install/webots_ros2_msgs/local/lib/python3.10/dist-packages/webots_ros2_msgs-2023.1.3-py3.10.egg-info/PKG-INFO
[16.258s] -- Symlinking: /home/gisbert12843/Robotics_Prak/prak2_ws/install/webots_ros2_msgs/local/lib/python3.10/dist-packages/webots_ros2_msgs-2023.1.3-py3.10.egg-info/SOURCES.txt
[16.266s] -- Symlinking: /home/gisbert12843/Robotics_Prak/prak2_ws/install/webots_ros2_msgs/local/lib/python3.10/dist-packages/webots_ros2_msgs-2023.1.3-py3.10.egg-info/dependency_links.txt
[16.273s] -- Symlinking: /home/gisbert12843/Robotics_Prak/prak2_ws/install/webots_ros2_msgs/local/lib/python3.10/dist-packages/webots_ros2_msgs-2023.1.3-py3.10.egg-info/top_level.txt
[16.281s] -- Symlinking: /home/gisbert12843/Robotics_Prak/prak2_ws/install/webots_ros2_msgs/local/lib/python3.10/dist-packages/webots_ros2_msgs/__init__.py
[16.288s] -- Symlinking: /home/gisbert12843/Robotics_Prak/prak2_ws/install/webots_ros2_msgs/local/lib/python3.10/dist-packages/webots_ros2_msgs/_webots_ros2_msgs_s.ep.rosidl_typesupport_c.c
[16.296s] -- Symlinking: /home/gisbert12843/Robotics_Prak/prak2_ws/install/webots_ros2_msgs/local/lib/python3.10/dist-packages/webots_ros2_msgs/_webots_ros2_msgs_s.ep.rosidl_typesupport_fastrtps_c.c
[16.303s] -- Symlinking: /home/gisbert12843/Robotics_Prak/prak2_ws/install/webots_ros2_msgs/local/lib/python3.10/dist-packages/webots_ros2_msgs/_webots_ros2_msgs_s.ep.rosidl_typesupport_introspection_c.c
[16.311s] -- Symlinking: /home/gisbert12843/Robotics_Prak/prak2_ws/install/webots_ros2_msgs/local/lib/python3.10/dist-packages/webots_ros2_msgs/libwebots_ros2_msgs__rosidl_generator_py.so
[16.319s] -- Symlinking: /home/gisbert12843/Robotics_Prak/prak2_ws/install/webots_ros2_msgs/local/lib/python3.10/dist-packages/webots_ros2_msgs/msg/__init__.py
[16.326s] -- Symlinking: /home/gisbert12843/Robotics_Prak/prak2_ws/install/webots_ros2_msgs/local/lib/python3.10/dist-packages/webots_ros2_msgs/msg/_bool_stamped.py
[16.334s] -- Symlinking: /home/gisbert12843/Robotics_Prak/prak2_ws/install/webots_ros2_msgs/local/lib/python3.10/dist-packages/webots_ros2_msgs/msg/_bool_stamped_s.c
[16.341s] -- Symlinking: /home/gisbert12843/Robotics_Prak/prak2_ws/install/webots_ros2_msgs/local/lib/python3.10/dist-packages/webots_ros2_msgs/msg/_camera_recognition_object.py
[16.348s] -- Symlinking: /home/gisbert12843/Robotics_Prak/prak2_ws/install/webots_ros2_msgs/local/lib/python3.10/dist-packages/webots_ros2_msgs/msg/_camera_recognition_object_s.c
[16.356s] -- Symlinking: /home/gisbert12843/Robotics_Prak/prak2_ws/install/webots_ros2_msgs/local/lib/python3.10/dist-packages/webots_ros2_msgs/msg/_camera_recognition_objects.py
[16.363s] -- Symlinking: /home/gisbert12843/Robotics_Prak/prak2_ws/install/webots_ros2_msgs/local/lib/python3.10/dist-packages/webots_ros2_msgs/msg/_camera_recognition_objects_s.c
[16.371s] -- Symlinking: /home/gisbert12843/Robotics_Prak/prak2_ws/install/webots_ros2_msgs/local/lib/python3.10/dist-packages/webots_ros2_msgs/msg/_float_stamped.py
[16.378s] -- Symlinking: /home/gisbert12843/Robotics_Prak/prak2_ws/install/webots_ros2_msgs/local/lib/python3.10/dist-packages/webots_ros2_msgs/msg/_float_stamped_s.c
[16.385s] -- Symlinking: /home/gisbert12843/Robotics_Prak/prak2_ws/install/webots_ros2_msgs/local/lib/python3.10/dist-packages/webots_ros2_msgs/msg/_pen_ink_properties.py
[16.393s] -- Symlinking: /home/gisbert12843/Robotics_Prak/prak2_ws/install/webots_ros2_msgs/local/lib/python3.10/dist-packages/webots_ros2_msgs/msg/_pen_ink_properties_s.c
[16.400s] -- Symlinking: /home/gisbert12843/Robotics_Prak/prak2_ws/install/webots_ros2_msgs/local/lib/python3.10/dist-packages/webots_ros2_msgs/msg/_string_stamped.py
[16.407s] -- Symlinking: /home/gisbert12843/Robotics_Prak/prak2_ws/install/webots_ros2_msgs/local/lib/python3.10/dist-packages/webots_ros2_msgs/msg/_string_stamped_s.c
[16.415s] -- Symlinking: /home/gisbert12843/Robotics_Prak/prak2_ws/install/webots_ros2_msgs/local/lib/python3.10/dist-packages/webots_ros2_msgs/msg/_urdf_robot.py
[16.422s] -- Symlinking: /home/gisbert12843/Robotics_Prak/prak2_ws/install/webots_ros2_msgs/local/lib/python3.10/dist-packages/webots_ros2_msgs/msg/_urdf_robot_s.c
[16.429s] -- Symlinking: /home/gisbert12843/Robotics_Prak/prak2_ws/install/webots_ros2_msgs/local/lib/python3.10/dist-packages/webots_ros2_msgs/srv/__init__.py
[16.436s] -- Symlinking: /home/gisbert12843/Robotics_Prak/prak2_ws/install/webots_ros2_msgs/local/lib/python3.10/dist-packages/webots_ros2_msgs/srv/_emitter_send_string.py
[16.444s] -- Symlinking: /home/gisbert12843/Robotics_Prak/prak2_ws/install/webots_ros2_msgs/local/lib/python3.10/dist-packages/webots_ros2_msgs/srv/_emitter_send_string_s.c
[16.451s] -- Symlinking: /home/gisbert12843/Robotics_Prak/prak2_ws/install/webots_ros2_msgs/local/lib/python3.10/dist-packages/webots_ros2_msgs/srv/_get_bool.py
[16.459s] -- Symlinking: /home/gisbert12843/Robotics_Prak/prak2_ws/install/webots_ros2_msgs/local/lib/python3.10/dist-packages/webots_ros2_msgs/srv/_get_bool_s.c
[16.466s] -- Symlinking: /home/gisbert12843/Robotics_Prak/prak2_ws/install/webots_ros2_msgs/local/lib/python3.10/dist-packages/webots_ros2_msgs/srv/_set_string.py
[16.473s] -- Symlinking: /home/gisbert12843/Robotics_Prak/prak2_ws/install/webots_ros2_msgs/local/lib/python3.10/dist-packages/webots_ros2_msgs/srv/_set_string_s.c
[16.481s] -- Symlinking: /home/gisbert12843/Robotics_Prak/prak2_ws/install/webots_ros2_msgs/local/lib/python3.10/dist-packages/webots_ros2_msgs/srv/_spawn_node_from_string.py
[16.488s] -- Symlinking: /home/gisbert12843/Robotics_Prak/prak2_ws/install/webots_ros2_msgs/local/lib/python3.10/dist-packages/webots_ros2_msgs/srv/_spawn_node_from_string_s.c
[16.496s] -- Symlinking: /home/gisbert12843/Robotics_Prak/prak2_ws/install/webots_ros2_msgs/local/lib/python3.10/dist-packages/webots_ros2_msgs/srv/_spawn_urdf_robot.py
[16.504s] -- Symlinking: /home/gisbert12843/Robotics_Prak/prak2_ws/install/webots_ros2_msgs/local/lib/python3.10/dist-packages/webots_ros2_msgs/srv/_spawn_urdf_robot_s.c
[16.512s] -- Symlinking: /home/gisbert12843/Robotics_Prak/prak2_ws/install/webots_ros2_msgs/local/lib/python3.10/dist-packages/webots_ros2_msgs/webots_ros2_msgs_s__rosidl_typesupport_c.cpython-310-x86_64-linux-gnu.so
[16.520s] -- Symlinking: /home/gisbert12843/Robotics_Prak/prak2_ws/install/webots_ros2_msgs/local/lib/python3.10/dist-packages/webots_ros2_msgs/webots_ros2_msgs_s__rosidl_typesupport_fastrtps_c.cpython-310-x86_64-linux-gnu.so
[16.527s] -- Symlinking: /home/gisbert12843/Robotics_Prak/prak2_ws/install/webots_ros2_msgs/local/lib/python3.10/dist-packages/webots_ros2_msgs/webots_ros2_msgs_s__rosidl_typesupport_introspection_c.cpython-310-x86_64-linux-gnu.so
[16.536s] -- Up-to-date symlink: /home/gisbert12843/Robotics_Prak/prak2_ws/install/webots_ros2_msgs/local/lib/python3.10/dist-packages/webots_ros2_msgs/webots_ros2_msgs_s__rosidl_typesupport_fastrtps_c.cpython-310-x86_64-linux-gnu.so
[16.536s] -- Up-to-date symlink: /home/gisbert12843/Robotics_Prak/prak2_ws/install/webots_ros2_msgs/local/lib/python3.10/dist-packages/webots_ros2_msgs/webots_ros2_msgs_s__rosidl_typesupport_introspection_c.cpython-310-x86_64-linux-gnu.so
[16.536s] -- Up-to-date symlink: /home/gisbert12843/Robotics_Prak/prak2_ws/install/webots_ros2_msgs/local/lib/python3.10/dist-packages/webots_ros2_msgs/webots_ros2_msgs_s__rosidl_typesupport_c.cpython-310-x86_64-linux-gnu.so
[16.536s] -- Symlinking: /home/gisbert12843/Robotics_Prak/prak2_ws/install/webots_ros2_msgs/share/webots_ros2_msgs/msg/BoolStamped.idl
[16.544s] -- Symlinking: /home/gisbert12843/Robotics_Prak/prak2_ws/install/webots_ros2_msgs/share/webots_ros2_msgs/msg/FloatStamped.idl
[16.551s] -- Symlinking: /home/gisbert12843/Robotics_Prak/prak2_ws/install/webots_ros2_msgs/share/webots_ros2_msgs/msg/StringStamped.idl
[16.559s] -- Symlinking: /home/gisbert12843/Robotics_Prak/prak2_ws/install/webots_ros2_msgs/share/webots_ros2_msgs/msg/CameraRecognitionObject.idl
[16.568s] -- Symlinking: /home/gisbert12843/Robotics_Prak/prak2_ws/install/webots_ros2_msgs/share/webots_ros2_msgs/msg/CameraRecognitionObjects.idl
[16.575s] -- Symlinking: /home/gisbert12843/Robotics_Prak/prak2_ws/install/webots_ros2_msgs/share/webots_ros2_msgs/msg/UrdfRobot.idl
[16.583s] -- Symlinking: /home/gisbert12843/Robotics_Prak/prak2_ws/install/webots_ros2_msgs/share/webots_ros2_msgs/msg/PenInkProperties.idl
[16.590s] -- Symlinking: /home/gisbert12843/Robotics_Prak/prak2_ws/install/webots_ros2_msgs/share/webots_ros2_msgs/srv/EmitterSendString.idl
[16.598s] -- Symlinking: /home/gisbert12843/Robotics_Prak/prak2_ws/install/webots_ros2_msgs/share/webots_ros2_msgs/srv/GetBool.idl
[16.606s] -- Symlinking: /home/gisbert12843/Robotics_Prak/prak2_ws/install/webots_ros2_msgs/share/webots_ros2_msgs/srv/SetString.idl
[16.614s] -- Symlinking: /home/gisbert12843/Robotics_Prak/prak2_ws/install/webots_ros2_msgs/share/webots_ros2_msgs/srv/SpawnNodeFromString.idl
[16.622s] -- Symlinking: /home/gisbert12843/Robotics_Prak/prak2_ws/install/webots_ros2_msgs/share/webots_ros2_msgs/srv/SpawnUrdfRobot.idl
[16.630s] -- Symlinking: /home/gisbert12843/Robotics_Prak/prak2_ws/install/webots_ros2_msgs/share/webots_ros2_msgs/msg/BoolStamped.msg
[16.637s] -- Symlinking: /home/gisbert12843/Robotics_Prak/prak2_ws/install/webots_ros2_msgs/share/webots_ros2_msgs/msg/FloatStamped.msg
[16.645s] -- Symlinking: /home/gisbert12843/Robotics_Prak/prak2_ws/install/webots_ros2_msgs/share/webots_ros2_msgs/msg/StringStamped.msg
[16.652s] -- Symlinking: /home/gisbert12843/Robotics_Prak/prak2_ws/install/webots_ros2_msgs/share/webots_ros2_msgs/msg/CameraRecognitionObject.msg
[16.660s] -- Symlinking: /home/gisbert12843/Robotics_Prak/prak2_ws/install/webots_ros2_msgs/share/webots_ros2_msgs/msg/CameraRecognitionObjects.msg
[16.667s] -- Symlinking: /home/gisbert12843/Robotics_Prak/prak2_ws/install/webots_ros2_msgs/share/webots_ros2_msgs/msg/UrdfRobot.msg
[16.675s] -- Symlinking: /home/gisbert12843/Robotics_Prak/prak2_ws/install/webots_ros2_msgs/share/webots_ros2_msgs/msg/PenInkProperties.msg
[16.683s] -- Symlinking: /home/gisbert12843/Robotics_Prak/prak2_ws/install/webots_ros2_msgs/share/webots_ros2_msgs/srv/EmitterSendString.srv
[16.690s] -- Symlinking: /home/gisbert12843/Robotics_Prak/prak2_ws/install/webots_ros2_msgs/share/webots_ros2_msgs/srv/EmitterSendString_Request.msg
[16.698s] -- Symlinking: /home/gisbert12843/Robotics_Prak/prak2_ws/install/webots_ros2_msgs/share/webots_ros2_msgs/srv/EmitterSendString_Response.msg
[16.705s] -- Symlinking: /home/gisbert12843/Robotics_Prak/prak2_ws/install/webots_ros2_msgs/share/webots_ros2_msgs/srv/GetBool.srv
[16.714s] -- Symlinking: /home/gisbert12843/Robotics_Prak/prak2_ws/install/webots_ros2_msgs/share/webots_ros2_msgs/srv/GetBool_Request.msg
[16.722s] -- Symlinking: /home/gisbert12843/Robotics_Prak/prak2_ws/install/webots_ros2_msgs/share/webots_ros2_msgs/srv/GetBool_Response.msg
[16.729s] -- Symlinking: /home/gisbert12843/Robotics_Prak/prak2_ws/install/webots_ros2_msgs/share/webots_ros2_msgs/srv/SetString.srv
[16.736s] -- Symlinking: /home/gisbert12843/Robotics_Prak/prak2_ws/install/webots_ros2_msgs/share/webots_ros2_msgs/srv/SetString_Request.msg
[16.744s] -- Symlinking: /home/gisbert12843/Robotics_Prak/prak2_ws/install/webots_ros2_msgs/share/webots_ros2_msgs/srv/SetString_Response.msg
[16.751s] -- Symlinking: /home/gisbert12843/Robotics_Prak/prak2_ws/install/webots_ros2_msgs/share/webots_ros2_msgs/srv/SpawnNodeFromString.srv
[16.758s] -- Symlinking: /home/gisbert12843/Robotics_Prak/prak2_ws/install/webots_ros2_msgs/share/webots_ros2_msgs/srv/SpawnNodeFromString_Request.msg
[16.766s] -- Symlinking: /home/gisbert12843/Robotics_Prak/prak2_ws/install/webots_ros2_msgs/share/webots_ros2_msgs/srv/SpawnNodeFromString_Response.msg
[16.773s] -- Symlinking: /home/gisbert12843/Robotics_Prak/prak2_ws/install/webots_ros2_msgs/share/webots_ros2_msgs/srv/SpawnUrdfRobot.srv
[16.781s] -- Symlinking: /home/gisbert12843/Robotics_Prak/prak2_ws/install/webots_ros2_msgs/share/webots_ros2_msgs/srv/SpawnUrdfRobot_Request.msg
[16.788s] -- Symlinking: /home/gisbert12843/Robotics_Prak/prak2_ws/install/webots_ros2_msgs/share/webots_ros2_msgs/srv/SpawnUrdfRobot_Response.msg
[16.795s] -- Symlinking: /home/gisbert12843/Robotics_Prak/prak2_ws/install/webots_ros2_msgs/share/ament_index/resource_index/package_run_dependencies/webots_ros2_msgs
[16.803s] -- Symlinking: /home/gisbert12843/Robotics_Prak/prak2_ws/install/webots_ros2_msgs/share/ament_index/resource_index/parent_prefix_path/webots_ros2_msgs
[16.810s] -- Symlinking: /home/gisbert12843/Robotics_Prak/prak2_ws/install/webots_ros2_msgs/share/webots_ros2_msgs/environment/ament_prefix_path.sh
[16.817s] -- Symlinking: /home/gisbert12843/Robotics_Prak/prak2_ws/install/webots_ros2_msgs/share/webots_ros2_msgs/environment/ament_prefix_path.dsv
[16.824s] -- Symlinking: /home/gisbert12843/Robotics_Prak/prak2_ws/install/webots_ros2_msgs/share/webots_ros2_msgs/environment/path.sh
[16.832s] -- Symlinking: /home/gisbert12843/Robotics_Prak/prak2_ws/install/webots_ros2_msgs/share/webots_ros2_msgs/environment/path.dsv
[16.840s] -- Symlinking: /home/gisbert12843/Robotics_Prak/prak2_ws/install/webots_ros2_msgs/share/webots_ros2_msgs/local_setup.bash
[16.850s] -- Symlinking: /home/gisbert12843/Robotics_Prak/prak2_ws/install/webots_ros2_msgs/share/webots_ros2_msgs/local_setup.sh
[16.858s] -- Symlinking: /home/gisbert12843/Robotics_Prak/prak2_ws/install/webots_ros2_msgs/share/webots_ros2_msgs/local_setup.zsh
[16.866s] -- Symlinking: /home/gisbert12843/Robotics_Prak/prak2_ws/install/webots_ros2_msgs/share/webots_ros2_msgs/local_setup.dsv
[16.873s] -- Symlinking: /home/gisbert12843/Robotics_Prak/prak2_ws/install/webots_ros2_msgs/share/webots_ros2_msgs/package.dsv
[16.881s] -- Symlinking: /home/gisbert12843/Robotics_Prak/prak2_ws/install/webots_ros2_msgs/share/ament_index/resource_index/packages/webots_ros2_msgs
[16.888s] -- Symlinking: /home/gisbert12843/Robotics_Prak/prak2_ws/install/webots_ros2_msgs/share/webots_ros2_msgs/cmake/rosidl_cmake-extras.cmake
[16.896s] -- Symlinking: /home/gisbert12843/Robotics_Prak/prak2_ws/install/webots_ros2_msgs/share/webots_ros2_msgs/cmake/ament_cmake_export_dependencies-extras.cmake
[16.904s] -- Symlinking: /home/gisbert12843/Robotics_Prak/prak2_ws/install/webots_ros2_msgs/share/webots_ros2_msgs/cmake/ament_cmake_export_include_directories-extras.cmake
[16.913s] -- Symlinking: /home/gisbert12843/Robotics_Prak/prak2_ws/install/webots_ros2_msgs/share/webots_ros2_msgs/cmake/ament_cmake_export_libraries-extras.cmake
[16.921s] -- Symlinking: /home/gisbert12843/Robotics_Prak/prak2_ws/install/webots_ros2_msgs/share/webots_ros2_msgs/cmake/ament_cmake_export_targets-extras.cmake
[16.928s] -- Symlinking: /home/gisbert12843/Robotics_Prak/prak2_ws/install/webots_ros2_msgs/share/webots_ros2_msgs/cmake/rosidl_cmake_export_typesupport_targets-extras.cmake
[16.936s] -- Symlinking: /home/gisbert12843/Robotics_Prak/prak2_ws/install/webots_ros2_msgs/share/webots_ros2_msgs/cmake/rosidl_cmake_export_typesupport_libraries-extras.cmake
[16.943s] -- Symlinking: /home/gisbert12843/Robotics_Prak/prak2_ws/install/webots_ros2_msgs/share/webots_ros2_msgs/cmake/webots_ros2_msgsConfig.cmake
[16.951s] -- Symlinking: /home/gisbert12843/Robotics_Prak/prak2_ws/install/webots_ros2_msgs/share/webots_ros2_msgs/cmake/webots_ros2_msgsConfig-version.cmake
[16.958s] -- Symlinking: /home/gisbert12843/Robotics_Prak/prak2_ws/install/webots_ros2_msgs/share/webots_ros2_msgs/package.xml
[16.966s] -- Installing: /home/gisbert12843/Robotics_Prak/prak2_ws/install/webots_ros2_msgs/lib/libwebots_ros2_msgs__rosidl_generator_c.so
[16.966s] -- Set runtime path of "/home/gisbert12843/Robotics_Prak/prak2_ws/install/webots_ros2_msgs/lib/libwebots_ros2_msgs__rosidl_generator_c.so" to ""
[16.967s] -- Installing: /home/gisbert12843/Robotics_Prak/prak2_ws/install/webots_ros2_msgs/lib/libwebots_ros2_msgs__rosidl_typesupport_fastrtps_c.so
[16.967s] -- Set runtime path of "/home/gisbert12843/Robotics_Prak/prak2_ws/install/webots_ros2_msgs/lib/libwebots_ros2_msgs__rosidl_typesupport_fastrtps_c.so" to ""
[16.967s] -- Installing: /home/gisbert12843/Robotics_Prak/prak2_ws/install/webots_ros2_msgs/lib/libwebots_ros2_msgs__rosidl_typesupport_fastrtps_cpp.so
[16.967s] -- Set runtime path of "/home/gisbert12843/Robotics_Prak/prak2_ws/install/webots_ros2_msgs/lib/libwebots_ros2_msgs__rosidl_typesupport_fastrtps_cpp.so" to ""
[16.967s] -- Installing: /home/gisbert12843/Robotics_Prak/prak2_ws/install/webots_ros2_msgs/lib/libwebots_ros2_msgs__rosidl_typesupport_introspection_c.so
[16.968s] -- Set runtime path of "/home/gisbert12843/Robotics_Prak/prak2_ws/install/webots_ros2_msgs/lib/libwebots_ros2_msgs__rosidl_typesupport_introspection_c.so" to ""
[16.968s] -- Installing: /home/gisbert12843/Robotics_Prak/prak2_ws/install/webots_ros2_msgs/lib/libwebots_ros2_msgs__rosidl_typesupport_c.so
[16.968s] -- Set runtime path of "/home/gisbert12843/Robotics_Prak/prak2_ws/install/webots_ros2_msgs/lib/libwebots_ros2_msgs__rosidl_typesupport_c.so" to ""
[16.968s] -- Installing: /home/gisbert12843/Robotics_Prak/prak2_ws/install/webots_ros2_msgs/lib/libwebots_ros2_msgs__rosidl_typesupport_introspection_cpp.so
[16.968s] -- Set runtime path of "/home/gisbert12843/Robotics_Prak/prak2_ws/install/webots_ros2_msgs/lib/libwebots_ros2_msgs__rosidl_typesupport_introspection_cpp.so" to ""
[16.968s] -- Installing: /home/gisbert12843/Robotics_Prak/prak2_ws/install/webots_ros2_msgs/lib/libwebots_ros2_msgs__rosidl_typesupport_cpp.so
[16.969s] -- Set runtime path of "/home/gisbert12843/Robotics_Prak/prak2_ws/install/webots_ros2_msgs/lib/libwebots_ros2_msgs__rosidl_typesupport_cpp.so" to ""
[17.022s] Listing '/home/gisbert12843/Robotics_Prak/prak2_ws/install/webots_ros2_msgs/local/lib/python3.10/dist-packages/webots_ros2_msgs'...
[17.022s] Compiling '/home/gisbert12843/Robotics_Prak/prak2_ws/install/webots_ros2_msgs/local/lib/python3.10/dist-packages/webots_ros2_msgs/__init__.py'...
[17.022s] Listing '/home/gisbert12843/Robotics_Prak/prak2_ws/install/webots_ros2_msgs/local/lib/python3.10/dist-packages/webots_ros2_msgs/msg'...
[17.022s] Compiling '/home/gisbert12843/Robotics_Prak/prak2_ws/install/webots_ros2_msgs/local/lib/python3.10/dist-packages/webots_ros2_msgs/msg/__init__.py'...
[17.022s] Compiling '/home/gisbert12843/Robotics_Prak/prak2_ws/install/webots_ros2_msgs/local/lib/python3.10/dist-packages/webots_ros2_msgs/msg/_bool_stamped.py'...
[17.022s] Compiling '/home/gisbert12843/Robotics_Prak/prak2_ws/install/webots_ros2_msgs/local/lib/python3.10/dist-packages/webots_ros2_msgs/msg/_camera_recognition_object.py'...
[17.022s] Compiling '/home/gisbert12843/Robotics_Prak/prak2_ws/install/webots_ros2_msgs/local/lib/python3.10/dist-packages/webots_ros2_msgs/msg/_camera_recognition_objects.py'...
[17.022s] Compiling '/home/gisbert12843/Robotics_Prak/prak2_ws/install/webots_ros2_msgs/local/lib/python3.10/dist-packages/webots_ros2_msgs/msg/_float_stamped.py'...
[17.022s] Compiling '/home/gisbert12843/Robotics_Prak/prak2_ws/install/webots_ros2_msgs/local/lib/python3.10/dist-packages/webots_ros2_msgs/msg/_pen_ink_properties.py'...
[17.022s] Compiling '/home/gisbert12843/Robotics_Prak/prak2_ws/install/webots_ros2_msgs/local/lib/python3.10/dist-packages/webots_ros2_msgs/msg/_string_stamped.py'...
[17.022s] Compiling '/home/gisbert12843/Robotics_Prak/prak2_ws/install/webots_ros2_msgs/local/lib/python3.10/dist-packages/webots_ros2_msgs/msg/_urdf_robot.py'...
[17.022s] Listing '/home/gisbert12843/Robotics_Prak/prak2_ws/install/webots_ros2_msgs/local/lib/python3.10/dist-packages/webots_ros2_msgs/srv'...
[17.022s] Compiling '/home/gisbert12843/Robotics_Prak/prak2_ws/install/webots_ros2_msgs/local/lib/python3.10/dist-packages/webots_ros2_msgs/srv/__init__.py'...
[17.022s] Compiling '/home/gisbert12843/Robotics_Prak/prak2_ws/install/webots_ros2_msgs/local/lib/python3.10/dist-packages/webots_ros2_msgs/srv/_emitter_send_string.py'...
[17.022s] Compiling '/home/gisbert12843/Robotics_Prak/prak2_ws/install/webots_ros2_msgs/local/lib/python3.10/dist-packages/webots_ros2_msgs/srv/_get_bool.py'...
[17.022s] Compiling '/home/gisbert12843/Robotics_Prak/prak2_ws/install/webots_ros2_msgs/local/lib/python3.10/dist-packages/webots_ros2_msgs/srv/_set_string.py'...
[17.022s] Compiling '/home/gisbert12843/Robotics_Prak/prak2_ws/install/webots_ros2_msgs/local/lib/python3.10/dist-packages/webots_ros2_msgs/srv/_spawn_node_from_string.py'...
[17.022s] Compiling '/home/gisbert12843/Robotics_Prak/prak2_ws/install/webots_ros2_msgs/local/lib/python3.10/dist-packages/webots_ros2_msgs/srv/_spawn_urdf_robot.py'...
[17.025s] -- Installing: /home/gisbert12843/Robotics_Prak/prak2_ws/install/webots_ros2_msgs/lib/libwebots_ros2_msgs__rosidl_generator_py.so
[17.026s] -- Set runtime path of "/home/gisbert12843/Robotics_Prak/prak2_ws/install/webots_ros2_msgs/lib/libwebots_ros2_msgs__rosidl_generator_py.so" to ""
[17.026s] -- Installing: /home/gisbert12843/Robotics_Prak/prak2_ws/install/webots_ros2_msgs/share/webots_ros2_msgs/cmake/export_webots_ros2_msgs__rosidl_generator_cExport.cmake
[17.026s] -- Installing: /home/gisbert12843/Robotics_Prak/prak2_ws/install/webots_ros2_msgs/share/webots_ros2_msgs/cmake/export_webots_ros2_msgs__rosidl_generator_cExport-noconfig.cmake
[17.026s] -- Installing: /home/gisbert12843/Robotics_Prak/prak2_ws/install/webots_ros2_msgs/share/webots_ros2_msgs/cmake/export_webots_ros2_msgs__rosidl_typesupport_fastrtps_cExport.cmake
[17.026s] -- Installing: /home/gisbert12843/Robotics_Prak/prak2_ws/install/webots_ros2_msgs/share/webots_ros2_msgs/cmake/export_webots_ros2_msgs__rosidl_typesupport_fastrtps_cExport-noconfig.cmake
[17.026s] -- Installing: /home/gisbert12843/Robotics_Prak/prak2_ws/install/webots_ros2_msgs/share/webots_ros2_msgs/cmake/export_webots_ros2_msgs__rosidl_generator_cppExport.cmake
[17.026s] -- Installing: /home/gisbert12843/Robotics_Prak/prak2_ws/install/webots_ros2_msgs/share/webots_ros2_msgs/cmake/export_webots_ros2_msgs__rosidl_typesupport_fastrtps_cppExport.cmake
[17.026s] -- Installing: /home/gisbert12843/Robotics_Prak/prak2_ws/install/webots_ros2_msgs/share/webots_ros2_msgs/cmake/export_webots_ros2_msgs__rosidl_typesupport_fastrtps_cppExport-noconfig.cmake
[17.026s] -- Installing: /home/gisbert12843/Robotics_Prak/prak2_ws/install/webots_ros2_msgs/share/webots_ros2_msgs/cmake/webots_ros2_msgs__rosidl_typesupport_introspection_cExport.cmake
[17.026s] -- Installing: /home/gisbert12843/Robotics_Prak/prak2_ws/install/webots_ros2_msgs/share/webots_ros2_msgs/cmake/webots_ros2_msgs__rosidl_typesupport_introspection_cExport-noconfig.cmake
[17.026s] -- Installing: /home/gisbert12843/Robotics_Prak/prak2_ws/install/webots_ros2_msgs/share/webots_ros2_msgs/cmake/webots_ros2_msgs__rosidl_typesupport_cExport.cmake
[17.027s] -- Installing: /home/gisbert12843/Robotics_Prak/prak2_ws/install/webots_ros2_msgs/share/webots_ros2_msgs/cmake/webots_ros2_msgs__rosidl_typesupport_cExport-noconfig.cmake
[17.027s] -- Installing: /home/gisbert12843/Robotics_Prak/prak2_ws/install/webots_ros2_msgs/share/webots_ros2_msgs/cmake/webots_ros2_msgs__rosidl_typesupport_introspection_cppExport.cmake
[17.027s] -- Installing: /home/gisbert12843/Robotics_Prak/prak2_ws/install/webots_ros2_msgs/share/webots_ros2_msgs/cmake/webots_ros2_msgs__rosidl_typesupport_introspection_cppExport-noconfig.cmake
[17.027s] -- Installing: /home/gisbert12843/Robotics_Prak/prak2_ws/install/webots_ros2_msgs/share/webots_ros2_msgs/cmake/webots_ros2_msgs__rosidl_typesupport_cppExport.cmake
[17.027s] -- Installing: /home/gisbert12843/Robotics_Prak/prak2_ws/install/webots_ros2_msgs/share/webots_ros2_msgs/cmake/webots_ros2_msgs__rosidl_typesupport_cppExport-noconfig.cmake
[17.027s] -- Installing: /home/gisbert12843/Robotics_Prak/prak2_ws/install/webots_ros2_msgs/share/webots_ros2_msgs/cmake/export_webots_ros2_msgs__rosidl_generator_pyExport.cmake
[17.027s] -- Installing: /home/gisbert12843/Robotics_Prak/prak2_ws/install/webots_ros2_msgs/share/webots_ros2_msgs/cmake/export_webots_ros2_msgs__rosidl_generator_pyExport-noconfig.cmake
[17.029s] Invoked command in '/home/gisbert12843/Robotics_Prak/prak2_ws/build/webots_ros2_msgs' returned '0': CMAKE_PREFIX_PATH=${CMAKE_PREFIX_PATH}:/home/gisbert12843/ros2_ws/install/webots_ros2:/home/gisbert12843/ros2_ws/install/webots_ros2_universal_robot:/home/gisbert12843/ros2_ws/install/webots_ros2_turtlebot:/home/gisbert12843/ros2_ws/install/webots_ros2_tiago:/home/gisbert12843/ros2_ws/install/webots_ros2_tests:/home/gisbert12843/ros2_ws/install/webots_ros2_tesla:/home/gisbert12843/ros2_ws/install/webots_ros2_mavic:/home/gisbert12843/ros2_ws/install/webots_ros2_epuck:/home/gisbert12843/ros2_ws/install/webots_ros2_importer:/home/gisbert12843/Robotics_Prak/prak2_ws/install/webots_spot_teleop:/home/gisbert12843/Robotics_Prak/prak2_ws/install/webots_spot:/home/gisbert12843/Robotics_Prak/prak2_ws/install/webots_ros2:/home/gisbert12843/Robotics_Prak/prak2_ws/install/webots_ros2_universal_robot:/home/gisbert12843/Robotics_Prak/prak2_ws/install/webots_ros2_turtlebot:/home/gisbert12843/Robotics_Prak/prak2_ws/install/webots_ros2_tiago:/home/gisbert12843/Robotics_Prak/prak2_ws/install/webots_ros2_tests:/home/gisbert12843/Robotics_Prak/prak2_ws/install/webots_ros2_tesla:/home/gisbert12843/Robotics_Prak/prak2_ws/install/webots_ros2_mavic:/home/gisbert12843/Robotics_Prak/prak2_ws/install/webots_ros2_epuck:/home/gisbert12843/Robotics_Prak/prak2_ws/install/webots_ros2_importer:/home/gisbert12843/Robotics_Prak/prak2_ws/install/prak2_pkg:/opt/ros/humble /usr/bin/cmake --install /home/gisbert12843/Robotics_Prak/prak2_ws/build/webots_ros2_msgs
