[2.092s] Invoking command in '/home/jizzy/ros_ws/build/turtlesim': CMAKE_PREFIX_PATH=${CMAKE_PREFIX_PATH}:/home/jizzy/ros_ws/install/my_package:/opt/ros/jazzy DEBUGINFOD_URLS=https://debuginfod.ubuntu.com /usr/bin/cmake --build /home/jizzy/ros_ws/build/turtlesim -- -j2 -l2
[2.738s] [  0%] Built target turtlesim__rosidl_generator_type_description
[3.423s] [  0%] Built target ament_cmake_python_copy_turtlesim
[3.660s] [  1%] Built target turtlesim__cpp
[3.824s] [ 24%] Built target turtlesim__rosidl_generator_c
[5.304s] running egg_info
[5.431s] writing turtlesim.egg-info/PKG-INFO
[5.433s] writing dependency_links to turtlesim.egg-info/dependency_links.txt
[5.434s] writing top-level names to turtlesim.egg-info/top_level.txt
[5.822s] reading manifest file 'turtlesim.egg-info/SOURCES.txt'
[5.827s] writing manifest file 'turtlesim.egg-info/SOURCES.txt'
[6.006s] [ 24%] Built target ament_cmake_python_build_turtlesim_egg
[6.137s] [ 33%] Built target turtlesim__rosidl_typesupport_cpp
[6.262s] [ 41%] Built target turtlesim__rosidl_typesupport_fastrtps_c
[6.393s] [ 50%] Built target turtlesim__rosidl_typesupport_fastrtps_cpp
[6.508s] [ 59%] Built target turtlesim__rosidl_typesupport_introspection_c
[6.647s] [ 68%] Built target turtlesim__rosidl_typesupport_c
[6.783s] [ 76%] Built target turtlesim__rosidl_typesupport_introspection_cpp
[6.986s] [ 81%] Built target turtlesim_node
[7.290s] [ 83%] Built target turtle_teleop_key
[7.542s] [ 84%] Built target draw_square
[7.694s] [ 86%] Built target mimic
[7.814s] [ 86%] Built target turtlesim
[7.938s] [ 86%] Built target turtlesim__py
[8.045s] [ 94%] Built target turtlesim__rosidl_generator_py
[8.148s] [ 96%] Built target turtlesim_s__rosidl_typesupport_fastrtps_c
[8.252s] [ 98%] Built target turtlesim_s__rosidl_typesupport_introspection_c
[8.357s] [100%] Built target turtlesim_s__rosidl_typesupport_c
[8.415s] Invoked command in '/home/jizzy/ros_ws/build/turtlesim' returned '0': CMAKE_PREFIX_PATH=${CMAKE_PREFIX_PATH}:/home/jizzy/ros_ws/install/my_package:/opt/ros/jazzy DEBUGINFOD_URLS=https://debuginfod.ubuntu.com /usr/bin/cmake --build /home/jizzy/ros_ws/build/turtlesim -- -j2 -l2
[9.763s] Invoking command in '/home/jizzy/ros_ws/build/turtlesim': CMAKE_PREFIX_PATH=${CMAKE_PREFIX_PATH}:/home/jizzy/ros_ws/install/my_package:/opt/ros/jazzy DEBUGINFOD_URLS=https://debuginfod.ubuntu.com /usr/bin/cmake --install /home/jizzy/ros_ws/build/turtlesim
[9.807s] -- Install configuration: ""
[9.807s] -- Up-to-date: /home/jizzy/ros_ws/install/turtlesim/share/ament_index/resource_index/rosidl_interfaces/turtlesim
[9.809s] -- Up-to-date: /home/jizzy/ros_ws/install/turtlesim/share/turtlesim/action/RotateAbsolute.json
[9.810s] -- Up-to-date: /home/jizzy/ros_ws/install/turtlesim/share/turtlesim/msg/Color.json
[9.810s] -- Up-to-date: /home/jizzy/ros_ws/install/turtlesim/share/turtlesim/msg/Pose.json
[9.816s] -- Up-to-date: /home/jizzy/ros_ws/install/turtlesim/share/turtlesim/srv/Kill.json
[9.816s] -- Up-to-date: /home/jizzy/ros_ws/install/turtlesim/share/turtlesim/srv/SetPen.json
[9.817s] -- Up-to-date: /home/jizzy/ros_ws/install/turtlesim/share/turtlesim/srv/Spawn.json
[9.822s] -- Up-to-date: /home/jizzy/ros_ws/install/turtlesim/share/turtlesim/srv/TeleportAbsolute.json
[9.822s] -- Up-to-date: /home/jizzy/ros_ws/install/turtlesim/share/turtlesim/srv/TeleportRelative.json
[9.825s] -- Up-to-date: /home/jizzy/ros_ws/install/turtlesim/include/turtlesim/turtlesim
[9.828s] -- Up-to-date: /home/jizzy/ros_ws/install/turtlesim/include/turtlesim/turtlesim/action
[9.831s] -- Up-to-date: /home/jizzy/ros_ws/install/turtlesim/include/turtlesim/turtlesim/action/detail
[9.831s] -- Up-to-date: /home/jizzy/ros_ws/install/turtlesim/include/turtlesim/turtlesim/action/detail/rotate_absolute__type_support.h
[9.832s] -- Installing: /home/jizzy/ros_ws/install/turtlesim/include/turtlesim/turtlesim/action/detail/rotate_absolute__type_support.c
[9.834s] -- Up-to-date: /home/jizzy/ros_ws/install/turtlesim/include/turtlesim/turtlesim/action/detail/rotate_absolute__description.c
[9.839s] -- Up-to-date: /home/jizzy/ros_ws/install/turtlesim/include/turtlesim/turtlesim/action/detail/rotate_absolute__struct.h
[9.839s] -- Up-to-date: /home/jizzy/ros_ws/install/turtlesim/include/turtlesim/turtlesim/action/detail/rotate_absolute__functions.c
[9.840s] -- Up-to-date: /home/jizzy/ros_ws/install/turtlesim/include/turtlesim/turtlesim/action/detail/rotate_absolute__functions.h
[9.844s] -- Up-to-date: /home/jizzy/ros_ws/install/turtlesim/include/turtlesim/turtlesim/action/rotate_absolute.h
[9.846s] -- Up-to-date: /home/jizzy/ros_ws/install/turtlesim/include/turtlesim/turtlesim/msg
[9.849s] -- Up-to-date: /home/jizzy/ros_ws/install/turtlesim/include/turtlesim/turtlesim/msg/detail
[9.854s] -- Up-to-date: /home/jizzy/ros_ws/install/turtlesim/include/turtlesim/turtlesim/msg/detail/color__functions.c
[9.854s] -- Up-to-date: /home/jizzy/ros_ws/install/turtlesim/include/turtlesim/turtlesim/msg/detail/pose__type_support.h
[9.855s] -- Installing: /home/jizzy/ros_ws/install/turtlesim/include/turtlesim/turtlesim/msg/detail/pose__type_support.c
[9.860s] -- Up-to-date: /home/jizzy/ros_ws/install/turtlesim/include/turtlesim/turtlesim/msg/detail/pose__functions.c
[9.861s] -- Up-to-date: /home/jizzy/ros_ws/install/turtlesim/include/turtlesim/turtlesim/msg/detail/color__type_support.h
[9.862s] -- Up-to-date: /home/jizzy/ros_ws/install/turtlesim/include/turtlesim/turtlesim/msg/detail/color__description.c
[9.862s] -- Installing: /home/jizzy/ros_ws/install/turtlesim/include/turtlesim/turtlesim/msg/detail/color__type_support.c
[9.867s] -- Up-to-date: /home/jizzy/ros_ws/install/turtlesim/include/turtlesim/turtlesim/msg/detail/pose__struct.h
[9.867s] -- Up-to-date: /home/jizzy/ros_ws/install/turtlesim/include/turtlesim/turtlesim/msg/detail/color__functions.h
[9.868s] -- Up-to-date: /home/jizzy/ros_ws/install/turtlesim/include/turtlesim/turtlesim/msg/detail/pose__description.c
[9.868s] -- Up-to-date: /home/jizzy/ros_ws/install/turtlesim/include/turtlesim/turtlesim/msg/detail/color__struct.h
[9.872s] -- Up-to-date: /home/jizzy/ros_ws/install/turtlesim/include/turtlesim/turtlesim/msg/detail/pose__functions.h
[9.873s] -- Up-to-date: /home/jizzy/ros_ws/install/turtlesim/include/turtlesim/turtlesim/msg/color.h
[9.873s] -- Up-to-date: /home/jizzy/ros_ws/install/turtlesim/include/turtlesim/turtlesim/msg/rosidl_generator_c__visibility_control.h
[9.876s] -- Up-to-date: /home/jizzy/ros_ws/install/turtlesim/include/turtlesim/turtlesim/msg/pose.h
[9.876s] -- Up-to-date: /home/jizzy/ros_ws/install/turtlesim/include/turtlesim/turtlesim/srv
[9.877s] -- Up-to-date: /home/jizzy/ros_ws/install/turtlesim/include/turtlesim/turtlesim/srv/teleport_absolute.h
[9.878s] -- Up-to-date: /home/jizzy/ros_ws/install/turtlesim/include/turtlesim/turtlesim/srv/detail
[9.879s] -- Up-to-date: /home/jizzy/ros_ws/install/turtlesim/include/turtlesim/turtlesim/srv/detail/set_pen__type_support.h
[9.883s] -- Up-to-date: /home/jizzy/ros_ws/install/turtlesim/include/turtlesim/turtlesim/srv/detail/kill__functions.c
[9.885s] -- Up-to-date: /home/jizzy/ros_ws/install/turtlesim/include/turtlesim/turtlesim/srv/detail/spawn__functions.h
[9.885s] -- Up-to-date: /home/jizzy/ros_ws/install/turtlesim/include/turtlesim/turtlesim/srv/detail/teleport_absolute__functions.h
[9.889s] -- Up-to-date: /home/jizzy/ros_ws/install/turtlesim/include/turtlesim/turtlesim/srv/detail/kill__struct.h
[9.889s] -- Installing: /home/jizzy/ros_ws/install/turtlesim/include/turtlesim/turtlesim/srv/detail/spawn__type_support.c
[9.890s] -- Up-to-date: /home/jizzy/ros_ws/install/turtlesim/include/turtlesim/turtlesim/srv/detail/teleport_relative__functions.c
[9.892s] -- Up-to-date: /home/jizzy/ros_ws/install/turtlesim/include/turtlesim/turtlesim/srv/detail/spawn__struct.h
[9.893s] -- Installing: /home/jizzy/ros_ws/install/turtlesim/include/turtlesim/turtlesim/srv/detail/teleport_absolute__type_support.c
[9.893s] -- Up-to-date: /home/jizzy/ros_ws/install/turtlesim/include/turtlesim/turtlesim/srv/detail/teleport_relative__description.c
[9.894s] -- Installing: /home/jizzy/ros_ws/install/turtlesim/include/turtlesim/turtlesim/srv/detail/kill__type_support.c
[9.894s] -- Up-to-date: /home/jizzy/ros_ws/install/turtlesim/include/turtlesim/turtlesim/srv/detail/teleport_relative__type_support.h
[9.898s] -- Up-to-date: /home/jizzy/ros_ws/install/turtlesim/include/turtlesim/turtlesim/srv/detail/kill__type_support.h
[9.899s] -- Up-to-date: /home/jizzy/ros_ws/install/turtlesim/include/turtlesim/turtlesim/srv/detail/teleport_absolute__description.c
[9.899s] -- Up-to-date: /home/jizzy/ros_ws/install/turtlesim/include/turtlesim/turtlesim/srv/detail/set_pen__functions.h
[9.905s] -- Up-to-date: /home/jizzy/ros_ws/install/turtlesim/include/turtlesim/turtlesim/srv/detail/spawn__functions.c
[9.905s] -- Up-to-date: /home/jizzy/ros_ws/install/turtlesim/include/turtlesim/turtlesim/srv/detail/set_pen__description.c
[9.906s] -- Up-to-date: /home/jizzy/ros_ws/install/turtlesim/include/turtlesim/turtlesim/srv/detail/spawn__description.c
[9.906s] -- Up-to-date: /home/jizzy/ros_ws/install/turtlesim/include/turtlesim/turtlesim/srv/detail/kill__description.c
[9.910s] -- Up-to-date: /home/jizzy/ros_ws/install/turtlesim/include/turtlesim/turtlesim/srv/detail/teleport_absolute__type_support.h
[9.910s] -- Up-to-date: /home/jizzy/ros_ws/install/turtlesim/include/turtlesim/turtlesim/srv/detail/teleport_relative__functions.h
[9.911s] -- Up-to-date: /home/jizzy/ros_ws/install/turtlesim/include/turtlesim/turtlesim/srv/detail/set_pen__functions.c
[9.912s] -- Up-to-date: /home/jizzy/ros_ws/install/turtlesim/include/turtlesim/turtlesim/srv/detail/teleport_absolute__struct.h
[9.913s] -- Up-to-date: /home/jizzy/ros_ws/install/turtlesim/include/turtlesim/turtlesim/srv/detail/kill__functions.h
[9.914s] -- Installing: /home/jizzy/ros_ws/install/turtlesim/include/turtlesim/turtlesim/srv/detail/set_pen__type_support.c
[9.914s] -- Up-to-date: /home/jizzy/ros_ws/install/turtlesim/include/turtlesim/turtlesim/srv/detail/teleport_relative__struct.h
[9.915s] -- Installing: /home/jizzy/ros_ws/install/turtlesim/include/turtlesim/turtlesim/srv/detail/teleport_relative__type_support.c
[9.915s] -- Up-to-date: /home/jizzy/ros_ws/install/turtlesim/include/turtlesim/turtlesim/srv/detail/spawn__type_support.h
[9.916s] -- Up-to-date: /home/jizzy/ros_ws/install/turtlesim/include/turtlesim/turtlesim/srv/detail/teleport_absolute__functions.c
[9.916s] -- Up-to-date: /home/jizzy/ros_ws/install/turtlesim/include/turtlesim/turtlesim/srv/detail/set_pen__struct.h
[9.917s] -- Up-to-date: /home/jizzy/ros_ws/install/turtlesim/include/turtlesim/turtlesim/srv/set_pen.h
[9.917s] -- Up-to-date: /home/jizzy/ros_ws/install/turtlesim/include/turtlesim/turtlesim/srv/teleport_relative.h
[9.918s] -- Up-to-date: /home/jizzy/ros_ws/install/turtlesim/include/turtlesim/turtlesim/srv/spawn.h
[9.918s] -- Up-to-date: /home/jizzy/ros_ws/install/turtlesim/include/turtlesim/turtlesim/srv/kill.h
[9.919s] -- Up-to-date: /home/jizzy/ros_ws/install/turtlesim/share/turtlesim/environment/library_path.sh
[9.919s] -- Up-to-date: /home/jizzy/ros_ws/install/turtlesim/share/turtlesim/environment/library_path.dsv
[9.920s] -- Up-to-date: /home/jizzy/ros_ws/install/turtlesim/lib/libturtlesim__rosidl_generator_c.so
[9.920s] -- Up-to-date: /home/jizzy/ros_ws/install/turtlesim/include/turtlesim/turtlesim
[9.920s] -- Up-to-date: /home/jizzy/ros_ws/install/turtlesim/include/turtlesim/turtlesim/action
[9.921s] -- Up-to-date: /home/jizzy/ros_ws/install/turtlesim/include/turtlesim/turtlesim/action/detail
[9.921s] -- Up-to-date: /home/jizzy/ros_ws/install/turtlesim/include/turtlesim/turtlesim/action/detail/rotate_absolute__rosidl_typesupport_fastrtps_c.h
[9.922s] -- Up-to-date: /home/jizzy/ros_ws/install/turtlesim/include/turtlesim/turtlesim/msg
[9.922s] -- Up-to-date: /home/jizzy/ros_ws/install/turtlesim/include/turtlesim/turtlesim/msg/detail
[9.923s] -- Up-to-date: /home/jizzy/ros_ws/install/turtlesim/include/turtlesim/turtlesim/msg/detail/pose__rosidl_typesupport_fastrtps_c.h
[9.923s] -- Up-to-date: /home/jizzy/ros_ws/install/turtlesim/include/turtlesim/turtlesim/msg/detail/color__rosidl_typesupport_fastrtps_c.h
[9.923s] -- Up-to-date: /home/jizzy/ros_ws/install/turtlesim/include/turtlesim/turtlesim/msg/rosidl_typesupport_fastrtps_c__visibility_control.h
[9.924s] -- Up-to-date: /home/jizzy/ros_ws/install/turtlesim/include/turtlesim/turtlesim/srv
[9.924s] -- Up-to-date: /home/jizzy/ros_ws/install/turtlesim/include/turtlesim/turtlesim/srv/detail
[9.925s] -- Up-to-date: /home/jizzy/ros_ws/install/turtlesim/include/turtlesim/turtlesim/srv/detail/spawn__rosidl_typesupport_fastrtps_c.h
[9.925s] -- Up-to-date: /home/jizzy/ros_ws/install/turtlesim/include/turtlesim/turtlesim/srv/detail/kill__rosidl_typesupport_fastrtps_c.h
[9.926s] -- Up-to-date: /home/jizzy/ros_ws/install/turtlesim/include/turtlesim/turtlesim/srv/detail/teleport_absolute__rosidl_typesupport_fastrtps_c.h
[9.926s] -- Up-to-date: /home/jizzy/ros_ws/install/turtlesim/include/turtlesim/turtlesim/srv/detail/teleport_relative__rosidl_typesupport_fastrtps_c.h
[9.927s] -- Up-to-date: /home/jizzy/ros_ws/install/turtlesim/include/turtlesim/turtlesim/srv/detail/set_pen__rosidl_typesupport_fastrtps_c.h
[9.927s] -- Up-to-date: /home/jizzy/ros_ws/install/turtlesim/lib/libturtlesim__rosidl_typesupport_fastrtps_c.so
[9.927s] -- Up-to-date: /home/jizzy/ros_ws/install/turtlesim/include/turtlesim/turtlesim
[9.928s] -- Up-to-date: /home/jizzy/ros_ws/install/turtlesim/include/turtlesim/turtlesim/action
[9.928s] -- Up-to-date: /home/jizzy/ros_ws/install/turtlesim/include/turtlesim/turtlesim/action/detail
[9.929s] -- Up-to-date: /home/jizzy/ros_ws/install/turtlesim/include/turtlesim/turtlesim/action/detail/rotate_absolute__struct.hpp
[9.929s] -- Up-to-date: /home/jizzy/ros_ws/install/turtlesim/include/turtlesim/turtlesim/action/detail/rotate_absolute__type_support.hpp
[9.930s] -- Up-to-date: /home/jizzy/ros_ws/install/turtlesim/include/turtlesim/turtlesim/action/detail/rotate_absolute__builder.hpp
[9.930s] -- Up-to-date: /home/jizzy/ros_ws/install/turtlesim/include/turtlesim/turtlesim/action/detail/rotate_absolute__traits.hpp
[9.930s] -- Up-to-date: /home/jizzy/ros_ws/install/turtlesim/include/turtlesim/turtlesim/action/rotate_absolute.hpp
[9.931s] -- Up-to-date: /home/jizzy/ros_ws/install/turtlesim/include/turtlesim/turtlesim/msg
[9.931s] -- Up-to-date: /home/jizzy/ros_ws/install/turtlesim/include/turtlesim/turtlesim/msg/detail
[9.932s] -- Up-to-date: /home/jizzy/ros_ws/install/turtlesim/include/turtlesim/turtlesim/msg/detail/color__traits.hpp
[9.932s] -- Up-to-date: /home/jizzy/ros_ws/install/turtlesim/include/turtlesim/turtlesim/msg/detail/color__struct.hpp
[9.933s] -- Up-to-date: /home/jizzy/ros_ws/install/turtlesim/include/turtlesim/turtlesim/msg/detail/color__builder.hpp
[9.933s] -- Up-to-date: /home/jizzy/ros_ws/install/turtlesim/include/turtlesim/turtlesim/msg/detail/color__type_support.hpp
[9.933s] -- Up-to-date: /home/jizzy/ros_ws/install/turtlesim/include/turtlesim/turtlesim/msg/detail/pose__type_support.hpp
[9.934s] -- Up-to-date: /home/jizzy/ros_ws/install/turtlesim/include/turtlesim/turtlesim/msg/detail/pose__traits.hpp
[9.934s] -- Up-to-date: /home/jizzy/ros_ws/install/turtlesim/include/turtlesim/turtlesim/msg/detail/pose__builder.hpp
[9.935s] -- Up-to-date: /home/jizzy/ros_ws/install/turtlesim/include/turtlesim/turtlesim/msg/detail/pose__struct.hpp
[9.935s] -- Up-to-date: /home/jizzy/ros_ws/install/turtlesim/include/turtlesim/turtlesim/msg/rosidl_generator_cpp__visibility_control.hpp
[9.936s] -- Up-to-date: /home/jizzy/ros_ws/install/turtlesim/include/turtlesim/turtlesim/msg/color.hpp
[9.936s] -- Up-to-date: /home/jizzy/ros_ws/install/turtlesim/include/turtlesim/turtlesim/msg/pose.hpp
[9.936s] -- Up-to-date: /home/jizzy/ros_ws/install/turtlesim/include/turtlesim/turtlesim/srv
[9.937s] -- Up-to-date: /home/jizzy/ros_ws/install/turtlesim/include/turtlesim/turtlesim/srv/detail
[9.937s] -- Up-to-date: /home/jizzy/ros_ws/install/turtlesim/include/turtlesim/turtlesim/srv/detail/kill__builder.hpp
[9.938s] -- Up-to-date: /home/jizzy/ros_ws/install/turtlesim/include/turtlesim/turtlesim/srv/detail/teleport_relative__builder.hpp
[9.938s] -- Up-to-date: /home/jizzy/ros_ws/install/turtlesim/include/turtlesim/turtlesim/srv/detail/teleport_absolute__struct.hpp
[9.939s] -- Up-to-date: /home/jizzy/ros_ws/install/turtlesim/include/turtlesim/turtlesim/srv/detail/teleport_absolute__type_support.hpp
[9.939s] -- Up-to-date: /home/jizzy/ros_ws/install/turtlesim/include/turtlesim/turtlesim/srv/detail/spawn__struct.hpp
[9.939s] -- Up-to-date: /home/jizzy/ros_ws/install/turtlesim/include/turtlesim/turtlesim/srv/detail/kill__struct.hpp
[9.940s] -- Up-to-date: /home/jizzy/ros_ws/install/turtlesim/include/turtlesim/turtlesim/srv/detail/set_pen__type_support.hpp
[9.940s] -- Up-to-date: /home/jizzy/ros_ws/install/turtlesim/include/turtlesim/turtlesim/srv/detail/kill__traits.hpp
[9.941s] -- Up-to-date: /home/jizzy/ros_ws/install/turtlesim/include/turtlesim/turtlesim/srv/detail/teleport_absolute__traits.hpp
[9.941s] -- Up-to-date: /home/jizzy/ros_ws/install/turtlesim/include/turtlesim/turtlesim/srv/detail/spawn__traits.hpp
[9.942s] -- Up-to-date: /home/jizzy/ros_ws/install/turtlesim/include/turtlesim/turtlesim/srv/detail/teleport_relative__struct.hpp
[9.942s] -- Up-to-date: /home/jizzy/ros_ws/install/turtlesim/include/turtlesim/turtlesim/srv/detail/set_pen__traits.hpp
[9.942s] -- Up-to-date: /home/jizzy/ros_ws/install/turtlesim/include/turtlesim/turtlesim/srv/detail/kill__type_support.hpp
[9.943s] -- Up-to-date: /home/jizzy/ros_ws/install/turtlesim/include/turtlesim/turtlesim/srv/detail/teleport_relative__traits.hpp
[9.943s] -- Up-to-date: /home/jizzy/ros_ws/install/turtlesim/include/turtlesim/turtlesim/srv/detail/set_pen__struct.hpp
[9.944s] -- Up-to-date: /home/jizzy/ros_ws/install/turtlesim/include/turtlesim/turtlesim/srv/detail/teleport_absolute__builder.hpp
[9.944s] -- Up-to-date: /home/jizzy/ros_ws/install/turtlesim/include/turtlesim/turtlesim/srv/detail/spawn__type_support.hpp
[9.945s] -- Up-to-date: /home/jizzy/ros_ws/install/turtlesim/include/turtlesim/turtlesim/srv/detail/teleport_relative__type_support.hpp
[9.948s] -- Up-to-date: /home/jizzy/ros_ws/install/turtlesim/include/turtlesim/turtlesim/srv/detail/spawn__builder.hpp
[9.949s] -- Up-to-date: /home/jizzy/ros_ws/install/turtlesim/include/turtlesim/turtlesim/srv/detail/set_pen__builder.hpp
[9.949s] -- Up-to-date: /home/jizzy/ros_ws/install/turtlesim/include/turtlesim/turtlesim/srv/spawn.hpp
[9.950s] -- Up-to-date: /home/jizzy/ros_ws/install/turtlesim/include/turtlesim/turtlesim/srv/teleport_relative.hpp
[9.950s] -- Up-to-date: /home/jizzy/ros_ws/install/turtlesim/include/turtlesim/turtlesim/srv/teleport_absolute.hpp
[9.953s] -- Up-to-date: /home/jizzy/ros_ws/install/turtlesim/include/turtlesim/turtlesim/srv/kill.hpp
[9.953s] -- Up-to-date: /home/jizzy/ros_ws/install/turtlesim/include/turtlesim/turtlesim/srv/set_pen.hpp
[9.954s] -- Up-to-date: /home/jizzy/ros_ws/install/turtlesim/include/turtlesim/turtlesim
[9.957s] -- Up-to-date: /home/jizzy/ros_ws/install/turtlesim/include/turtlesim/turtlesim/action
[9.957s] -- Up-to-date: /home/jizzy/ros_ws/install/turtlesim/include/turtlesim/turtlesim/action/detail
[9.958s] -- Up-to-date: /home/jizzy/ros_ws/install/turtlesim/include/turtlesim/turtlesim/action/detail/rotate_absolute__rosidl_typesupport_fastrtps_cpp.hpp
[9.958s] -- Up-to-date: /home/jizzy/ros_ws/install/turtlesim/include/turtlesim/turtlesim/action/detail/dds_fastrtps
[9.960s] -- Up-to-date: /home/jizzy/ros_ws/install/turtlesim/include/turtlesim/turtlesim/msg
[9.960s] -- Up-to-date: /home/jizzy/ros_ws/install/turtlesim/include/turtlesim/turtlesim/msg/detail
[9.961s] -- Up-to-date: /home/jizzy/ros_ws/install/turtlesim/include/turtlesim/turtlesim/msg/detail/pose__rosidl_typesupport_fastrtps_cpp.hpp
[9.961s] -- Up-to-date: /home/jizzy/ros_ws/install/turtlesim/include/turtlesim/turtlesim/msg/detail/dds_fastrtps
[9.962s] -- Up-to-date: /home/jizzy/ros_ws/install/turtlesim/include/turtlesim/turtlesim/msg/detail/color__rosidl_typesupport_fastrtps_cpp.hpp
[9.962s] -- Up-to-date: /home/jizzy/ros_ws/install/turtlesim/include/turtlesim/turtlesim/msg/rosidl_typesupport_fastrtps_cpp__visibility_control.h
[9.962s] -- Up-to-date: /home/jizzy/ros_ws/install/turtlesim/include/turtlesim/turtlesim/srv
[9.963s] -- Up-to-date: /home/jizzy/ros_ws/install/turtlesim/include/turtlesim/turtlesim/srv/detail
[9.963s] -- Up-to-date: /home/jizzy/ros_ws/install/turtlesim/include/turtlesim/turtlesim/srv/detail/kill__rosidl_typesupport_fastrtps_cpp.hpp
[9.964s] -- Up-to-date: /home/jizzy/ros_ws/install/turtlesim/include/turtlesim/turtlesim/srv/detail/spawn__rosidl_typesupport_fastrtps_cpp.hpp
[9.964s] -- Up-to-date: /home/jizzy/ros_ws/install/turtlesim/include/turtlesim/turtlesim/srv/detail/set_pen__rosidl_typesupport_fastrtps_cpp.hpp
[9.965s] -- Up-to-date: /home/jizzy/ros_ws/install/turtlesim/include/turtlesim/turtlesim/srv/detail/teleport_absolute__rosidl_typesupport_fastrtps_cpp.hpp
[9.965s] -- Up-to-date: /home/jizzy/ros_ws/install/turtlesim/include/turtlesim/turtlesim/srv/detail/dds_fastrtps
[9.965s] -- Up-to-date: /home/jizzy/ros_ws/install/turtlesim/include/turtlesim/turtlesim/srv/detail/teleport_relative__rosidl_typesupport_fastrtps_cpp.hpp
[9.966s] -- Up-to-date: /home/jizzy/ros_ws/install/turtlesim/lib/libturtlesim__rosidl_typesupport_fastrtps_cpp.so
[9.966s] -- Up-to-date: /home/jizzy/ros_ws/install/turtlesim/include/turtlesim/turtlesim
[9.967s] -- Up-to-date: /home/jizzy/ros_ws/install/turtlesim/include/turtlesim/turtlesim/action
[9.967s] -- Up-to-date: /home/jizzy/ros_ws/install/turtlesim/include/turtlesim/turtlesim/action/detail
[9.968s] -- Installing: /home/jizzy/ros_ws/install/turtlesim/include/turtlesim/turtlesim/action/detail/rotate_absolute__type_support.c
[9.968s] -- Up-to-date: /home/jizzy/ros_ws/install/turtlesim/include/turtlesim/turtlesim/action/detail/rotate_absolute__rosidl_typesupport_introspection_c.h
[9.969s] -- Up-to-date: /home/jizzy/ros_ws/install/turtlesim/include/turtlesim/turtlesim/msg
[9.969s] -- Up-to-date: /home/jizzy/ros_ws/install/turtlesim/include/turtlesim/turtlesim/msg/detail
[9.970s] -- Up-to-date: /home/jizzy/ros_ws/install/turtlesim/include/turtlesim/turtlesim/msg/detail/color__rosidl_typesupport_introspection_c.h
[9.970s] -- Installing: /home/jizzy/ros_ws/install/turtlesim/include/turtlesim/turtlesim/msg/detail/pose__type_support.c
[9.970s] -- Installing: /home/jizzy/ros_ws/install/turtlesim/include/turtlesim/turtlesim/msg/detail/color__type_support.c
[9.971s] -- Up-to-date: /home/jizzy/ros_ws/install/turtlesim/include/turtlesim/turtlesim/msg/detail/pose__rosidl_typesupport_introspection_c.h
[9.972s] -- Up-to-date: /home/jizzy/ros_ws/install/turtlesim/include/turtlesim/turtlesim/msg/rosidl_typesupport_introspection_c__visibility_control.h
[9.972s] -- Up-to-date: /home/jizzy/ros_ws/install/turtlesim/include/turtlesim/turtlesim/srv
[9.972s] -- Up-to-date: /home/jizzy/ros_ws/install/turtlesim/include/turtlesim/turtlesim/srv/detail
[9.973s] -- Installing: /home/jizzy/ros_ws/install/turtlesim/include/turtlesim/turtlesim/srv/detail/spawn__type_support.c
[9.973s] -- Up-to-date: /home/jizzy/ros_ws/install/turtlesim/include/turtlesim/turtlesim/srv/detail/teleport_relative__rosidl_typesupport_introspection_c.h
[9.974s] -- Installing: /home/jizzy/ros_ws/install/turtlesim/include/turtlesim/turtlesim/srv/detail/teleport_absolute__type_support.c
[9.974s] -- Installing: /home/jizzy/ros_ws/install/turtlesim/include/turtlesim/turtlesim/srv/detail/kill__type_support.c
[9.975s] -- Up-to-date: /home/jizzy/ros_ws/install/turtlesim/include/turtlesim/turtlesim/srv/detail/spawn__rosidl_typesupport_introspection_c.h
[9.975s] -- Up-to-date: /home/jizzy/ros_ws/install/turtlesim/include/turtlesim/turtlesim/srv/detail/teleport_absolute__rosidl_typesupport_introspection_c.h
[9.982s] -- Installing: /home/jizzy/ros_ws/install/turtlesim/include/turtlesim/turtlesim/srv/detail/set_pen__type_support.c
[9.982s] -- Up-to-date: /home/jizzy/ros_ws/install/turtlesim/include/turtlesim/turtlesim/srv/detail/kill__rosidl_typesupport_introspection_c.h
[9.983s] -- Installing: /home/jizzy/ros_ws/install/turtlesim/include/turtlesim/turtlesim/srv/detail/teleport_relative__type_support.c
[9.988s] -- Up-to-date: /home/jizzy/ros_ws/install/turtlesim/include/turtlesim/turtlesim/srv/detail/set_pen__rosidl_typesupport_introspection_c.h
[9.988s] -- Up-to-date: /home/jizzy/ros_ws/install/turtlesim/lib/libturtlesim__rosidl_typesupport_introspection_c.so
[9.989s] -- Up-to-date: /home/jizzy/ros_ws/install/turtlesim/lib/libturtlesim__rosidl_typesupport_c.so
[9.992s] -- Up-to-date: /home/jizzy/ros_ws/install/turtlesim/include/turtlesim/turtlesim
[9.993s] -- Up-to-date: /home/jizzy/ros_ws/install/turtlesim/include/turtlesim/turtlesim/action
[9.993s] -- Up-to-date: /home/jizzy/ros_ws/install/turtlesim/include/turtlesim/turtlesim/action/detail
[9.993s] -- Up-to-date: /home/jizzy/ros_ws/install/turtlesim/include/turtlesim/turtlesim/action/detail/rotate_absolute__type_support.cpp
[9.994s] -- Up-to-date: /home/jizzy/ros_ws/install/turtlesim/include/turtlesim/turtlesim/action/detail/rotate_absolute__rosidl_typesupport_introspection_cpp.hpp
[10.002s] -- Up-to-date: /home/jizzy/ros_ws/install/turtlesim/include/turtlesim/turtlesim/msg
[10.002s] -- Up-to-date: /home/jizzy/ros_ws/install/turtlesim/include/turtlesim/turtlesim/msg/detail
[10.003s] -- Up-to-date: /home/jizzy/ros_ws/install/turtlesim/include/turtlesim/turtlesim/msg/detail/pose__rosidl_typesupport_introspection_cpp.hpp
[10.009s] -- Up-to-date: /home/jizzy/ros_ws/install/turtlesim/include/turtlesim/turtlesim/msg/detail/pose__type_support.cpp
[10.010s] -- Up-to-date: /home/jizzy/ros_ws/install/turtlesim/include/turtlesim/turtlesim/msg/detail/color__type_support.cpp
[10.011s] -- Up-to-date: /home/jizzy/ros_ws/install/turtlesim/include/turtlesim/turtlesim/msg/detail/color__rosidl_typesupport_introspection_cpp.hpp
[10.011s] -- Up-to-date: /home/jizzy/ros_ws/install/turtlesim/include/turtlesim/turtlesim/srv
[10.014s] -- Up-to-date: /home/jizzy/ros_ws/install/turtlesim/include/turtlesim/turtlesim/srv/detail
[10.015s] -- Up-to-date: /home/jizzy/ros_ws/install/turtlesim/include/turtlesim/turtlesim/srv/detail/kill__rosidl_typesupport_introspection_cpp.hpp
[10.015s] -- Up-to-date: /home/jizzy/ros_ws/install/turtlesim/include/turtlesim/turtlesim/srv/detail/spawn__rosidl_typesupport_introspection_cpp.hpp
[10.022s] -- Up-to-date: /home/jizzy/ros_ws/install/turtlesim/include/turtlesim/turtlesim/srv/detail/teleport_relative__type_support.cpp
[10.022s] -- Up-to-date: /home/jizzy/ros_ws/install/turtlesim/include/turtlesim/turtlesim/srv/detail/set_pen__rosidl_typesupport_introspection_cpp.hpp
[10.023s] -- Up-to-date: /home/jizzy/ros_ws/install/turtlesim/include/turtlesim/turtlesim/srv/detail/teleport_relative__rosidl_typesupport_introspection_cpp.hpp
[10.023s] -- Up-to-date: /home/jizzy/ros_ws/install/turtlesim/include/turtlesim/turtlesim/srv/detail/spawn__type_support.cpp
[10.028s] -- Up-to-date: /home/jizzy/ros_ws/install/turtlesim/include/turtlesim/turtlesim/srv/detail/set_pen__type_support.cpp
[10.028s] -- Up-to-date: /home/jizzy/ros_ws/install/turtlesim/include/turtlesim/turtlesim/srv/detail/teleport_absolute__type_support.cpp
[10.031s] -- Up-to-date: /home/jizzy/ros_ws/install/turtlesim/include/turtlesim/turtlesim/srv/detail/kill__type_support.cpp
[10.032s] -- Up-to-date: /home/jizzy/ros_ws/install/turtlesim/include/turtlesim/turtlesim/srv/detail/teleport_absolute__rosidl_typesupport_introspection_cpp.hpp
[10.033s] -- Up-to-date: /home/jizzy/ros_ws/install/turtlesim/lib/libturtlesim__rosidl_typesupport_introspection_cpp.so
[10.033s] -- Up-to-date: /home/jizzy/ros_ws/install/turtlesim/lib/libturtlesim__rosidl_typesupport_cpp.so
[10.038s] -- Up-to-date: /home/jizzy/ros_ws/install/turtlesim/share/turtlesim/environment/pythonpath.sh
[10.038s] -- Up-to-date: /home/jizzy/ros_ws/install/turtlesim/share/turtlesim/environment/pythonpath.dsv
[10.039s] -- Up-to-date: /home/jizzy/ros_ws/install/turtlesim/lib/python3.12/site-packages/turtlesim-1.8.3-py3.12.egg-info
[10.039s] -- Installing: /home/jizzy/ros_ws/install/turtlesim/lib/python3.12/site-packages/turtlesim-1.8.3-py3.12.egg-info/top_level.txt
[10.044s] -- Installing: /home/jizzy/ros_ws/install/turtlesim/lib/python3.12/site-packages/turtlesim-1.8.3-py3.12.egg-info/PKG-INFO
[10.044s] -- Installing: /home/jizzy/ros_ws/install/turtlesim/lib/python3.12/site-packages/turtlesim-1.8.3-py3.12.egg-info/SOURCES.txt
[10.045s] -- Installing: /home/jizzy/ros_ws/install/turtlesim/lib/python3.12/site-packages/turtlesim-1.8.3-py3.12.egg-info/dependency_links.txt
[10.049s] -- Up-to-date: /home/jizzy/ros_ws/install/turtlesim/lib/python3.12/site-packages/turtlesim
[10.050s] -- Up-to-date: /home/jizzy/ros_ws/install/turtlesim/lib/python3.12/site-packages/turtlesim/_turtlesim_s.ep.rosidl_typesupport_introspection_c.c
[10.050s] -- Up-to-date: /home/jizzy/ros_ws/install/turtlesim/lib/python3.12/site-packages/turtlesim/action
[10.054s] -- Up-to-date: /home/jizzy/ros_ws/install/turtlesim/lib/python3.12/site-packages/turtlesim/action/__init__.py
[10.054s] -- Up-to-date: /home/jizzy/ros_ws/install/turtlesim/lib/python3.12/site-packages/turtlesim/action/_rotate_absolute.py
[10.055s] -- Up-to-date: /home/jizzy/ros_ws/install/turtlesim/lib/python3.12/site-packages/turtlesim/action/_rotate_absolute_s.c
[10.060s] -- Up-to-date: /home/jizzy/ros_ws/install/turtlesim/lib/python3.12/site-packages/turtlesim/msg
[10.060s] -- Up-to-date: /home/jizzy/ros_ws/install/turtlesim/lib/python3.12/site-packages/turtlesim/msg/_pose.py
[10.064s] -- Up-to-date: /home/jizzy/ros_ws/install/turtlesim/lib/python3.12/site-packages/turtlesim/msg/__init__.py
[10.065s] -- Up-to-date: /home/jizzy/ros_ws/install/turtlesim/lib/python3.12/site-packages/turtlesim/msg/_pose_s.c
[10.068s] -- Up-to-date: /home/jizzy/ros_ws/install/turtlesim/lib/python3.12/site-packages/turtlesim/msg/_color_s.c
[10.068s] -- Up-to-date: /home/jizzy/ros_ws/install/turtlesim/lib/python3.12/site-packages/turtlesim/msg/_color.py
[10.069s] -- Up-to-date: /home/jizzy/ros_ws/install/turtlesim/lib/python3.12/site-packages/turtlesim/_turtlesim_s.ep.rosidl_typesupport_fastrtps_c.c
[10.069s] -- Up-to-date: /home/jizzy/ros_ws/install/turtlesim/lib/python3.12/site-packages/turtlesim/turtlesim_s__rosidl_typesupport_fastrtps_c.so
[10.076s] -- Up-to-date: /home/jizzy/ros_ws/install/turtlesim/lib/python3.12/site-packages/turtlesim/__init__.py
[10.077s] -- Up-to-date: /home/jizzy/ros_ws/install/turtlesim/lib/python3.12/site-packages/turtlesim/srv
[10.077s] -- Up-to-date: /home/jizzy/ros_ws/install/turtlesim/lib/python3.12/site-packages/turtlesim/srv/_teleport_relative.py
[10.080s] -- Up-to-date: /home/jizzy/ros_ws/install/turtlesim/lib/python3.12/site-packages/turtlesim/srv/_kill_s.c
[10.080s] -- Up-to-date: /home/jizzy/ros_ws/install/turtlesim/lib/python3.12/site-packages/turtlesim/srv/_set_pen_s.c
[10.081s] -- Up-to-date: /home/jizzy/ros_ws/install/turtlesim/lib/python3.12/site-packages/turtlesim/srv/_set_pen.py
[10.081s] -- Up-to-date: /home/jizzy/ros_ws/install/turtlesim/lib/python3.12/site-packages/turtlesim/srv/__init__.py
[10.086s] -- Up-to-date: /home/jizzy/ros_ws/install/turtlesim/lib/python3.12/site-packages/turtlesim/srv/_teleport_absolute.py
[10.086s] -- Up-to-date: /home/jizzy/ros_ws/install/turtlesim/lib/python3.12/site-packages/turtlesim/srv/_teleport_absolute_s.c
[10.087s] -- Up-to-date: /home/jizzy/ros_ws/install/turtlesim/lib/python3.12/site-packages/turtlesim/srv/_spawn.py
[10.092s] -- Up-to-date: /home/jizzy/ros_ws/install/turtlesim/lib/python3.12/site-packages/turtlesim/srv/_kill.py
[10.092s] -- Up-to-date: /home/jizzy/ros_ws/install/turtlesim/lib/python3.12/site-packages/turtlesim/srv/_spawn_s.c
[10.093s] -- Up-to-date: /home/jizzy/ros_ws/install/turtlesim/lib/python3.12/site-packages/turtlesim/srv/_teleport_relative_s.c
[10.093s] -- Up-to-date: /home/jizzy/ros_ws/install/turtlesim/lib/python3.12/site-packages/turtlesim/turtlesim_s__rosidl_typesupport_introspection_c.so
[10.098s] -- Up-to-date: /home/jizzy/ros_ws/install/turtlesim/lib/python3.12/site-packages/turtlesim/_turtlesim_s.ep.rosidl_typesupport_c.c
[10.101s] -- Up-to-date: /home/jizzy/ros_ws/install/turtlesim/lib/python3.12/site-packages/turtlesim/turtlesim_s__rosidl_typesupport_c.so
[10.442s] Listing '/home/jizzy/ros_ws/install/turtlesim/lib/python3.12/site-packages/turtlesim'...
[10.442s] Listing '/home/jizzy/ros_ws/install/turtlesim/lib/python3.12/site-packages/turtlesim/action'...
[10.443s] Listing '/home/jizzy/ros_ws/install/turtlesim/lib/python3.12/site-packages/turtlesim/msg'...
[10.448s] Listing '/home/jizzy/ros_ws/install/turtlesim/lib/python3.12/site-packages/turtlesim/srv'...
[10.536s] -- Up-to-date: /home/jizzy/ros_ws/install/turtlesim/lib/python3.12/site-packages/turtlesim/turtlesim_s__rosidl_typesupport_fastrtps_c.so
[10.540s] -- Up-to-date: /home/jizzy/ros_ws/install/turtlesim/lib/python3.12/site-packages/turtlesim/turtlesim_s__rosidl_typesupport_introspection_c.so
[10.547s] -- Up-to-date: /home/jizzy/ros_ws/install/turtlesim/lib/python3.12/site-packages/turtlesim/turtlesim_s__rosidl_typesupport_c.so
[10.548s] -- Up-to-date: /home/jizzy/ros_ws/install/turtlesim/lib/libturtlesim__rosidl_generator_py.so
[10.552s] -- Up-to-date: /home/jizzy/ros_ws/install/turtlesim/share/turtlesim/action/RotateAbsolute.idl
[10.553s] -- Up-to-date: /home/jizzy/ros_ws/install/turtlesim/share/turtlesim/msg/Color.idl
[10.553s] -- Up-to-date: /home/jizzy/ros_ws/install/turtlesim/share/turtlesim/msg/Pose.idl
[10.558s] -- Up-to-date: /home/jizzy/ros_ws/install/turtlesim/share/turtlesim/srv/Kill.idl
[10.570s] -- Up-to-date: /home/jizzy/ros_ws/install/turtlesim/share/turtlesim/srv/SetPen.idl
[10.570s] -- Up-to-date: /home/jizzy/ros_ws/install/turtlesim/share/turtlesim/srv/Spawn.idl
[10.571s] -- Up-to-date: /home/jizzy/ros_ws/install/turtlesim/share/turtlesim/srv/TeleportAbsolute.idl
[10.571s] -- Up-to-date: /home/jizzy/ros_ws/install/turtlesim/share/turtlesim/srv/TeleportRelative.idl
[10.577s] -- Up-to-date: /home/jizzy/ros_ws/install/turtlesim/share/turtlesim/action/RotateAbsolute.action
[10.577s] -- Up-to-date: /home/jizzy/ros_ws/install/turtlesim/share/turtlesim/msg/Color.msg
[10.578s] -- Up-to-date: /home/jizzy/ros_ws/install/turtlesim/share/turtlesim/msg/Pose.msg
[10.578s] -- Up-to-date: /home/jizzy/ros_ws/install/turtlesim/share/turtlesim/srv/Kill.srv
[10.579s] -- Up-to-date: /home/jizzy/ros_ws/install/turtlesim/share/turtlesim/srv/SetPen.srv
[10.585s] -- Up-to-date: /home/jizzy/ros_ws/install/turtlesim/share/turtlesim/srv/Spawn.srv
[10.588s] -- Up-to-date: /home/jizzy/ros_ws/install/turtlesim/share/turtlesim/srv/TeleportAbsolute.srv
[10.589s] -- Up-to-date: /home/jizzy/ros_ws/install/turtlesim/share/turtlesim/srv/TeleportRelative.srv
[10.589s] -- Up-to-date: /home/jizzy/ros_ws/install/turtlesim/lib/turtlesim/turtlesim_node
[10.596s] -- Up-to-date: /home/jizzy/ros_ws/install/turtlesim/lib/turtlesim/turtle_teleop_key
[10.597s] -- Up-to-date: /home/jizzy/ros_ws/install/turtlesim/lib/turtlesim/draw_square
[10.598s] -- Up-to-date: /home/jizzy/ros_ws/install/turtlesim/lib/turtlesim/mimic
[10.598s] -- Up-to-date: /home/jizzy/ros_ws/install/turtlesim/share/turtlesim/images
[10.599s] -- Up-to-date: /home/jizzy/ros_ws/install/turtlesim/share/turtlesim/images/dashing.png
[10.599s] -- Up-to-date: /home/jizzy/ros_ws/install/turtlesim/share/turtlesim/images/crystal.png
[10.605s] -- Up-to-date: /home/jizzy/ros_ws/install/turtlesim/share/turtlesim/images/iron.png
[10.605s] -- Up-to-date: /home/jizzy/ros_ws/install/turtlesim/share/turtlesim/images/eloquent.png
[10.606s] -- Up-to-date: /home/jizzy/ros_ws/install/turtlesim/share/turtlesim/images/jazzy.png
[10.609s] -- Up-to-date: /home/jizzy/ros_ws/install/turtlesim/share/turtlesim/images/galactic.png
[10.610s] -- Up-to-date: /home/jizzy/ros_ws/install/turtlesim/share/turtlesim/images/foxy.png
[10.610s] -- Up-to-date: /home/jizzy/ros_ws/install/turtlesim/share/turtlesim/images/bouncy.png
[10.612s] -- Up-to-date: /home/jizzy/ros_ws/install/turtlesim/share/turtlesim/images/rolling.png
[10.612s] -- Up-to-date: /home/jizzy/ros_ws/install/turtlesim/share/turtlesim/images/humble.png
[10.613s] -- Up-to-date: /home/jizzy/ros_ws/install/turtlesim/share/turtlesim/images/ardent.png
[10.613s] -- Up-to-date: /home/jizzy/ros_ws/install/turtlesim/share/turtlesim/launch
[10.615s] -- Up-to-date: /home/jizzy/ros_ws/install/turtlesim/share/turtlesim/launch/multisim.launch.py
[10.615s] -- Up-to-date: /home/jizzy/ros_ws/install/turtlesim/share/ament_index/resource_index/package_run_dependencies/turtlesim
[10.616s] -- Up-to-date: /home/jizzy/ros_ws/install/turtlesim/share/ament_index/resource_index/parent_prefix_path/turtlesim
[10.617s] -- Up-to-date: /home/jizzy/ros_ws/install/turtlesim/share/turtlesim/environment/ament_prefix_path.sh
[10.620s] -- Up-to-date: /home/jizzy/ros_ws/install/turtlesim/share/turtlesim/environment/ament_prefix_path.dsv
[10.624s] -- Up-to-date: /home/jizzy/ros_ws/install/turtlesim/share/turtlesim/environment/path.sh
[10.625s] -- Up-to-date: /home/jizzy/ros_ws/install/turtlesim/share/turtlesim/environment/path.dsv
[10.625s] -- Up-to-date: /home/jizzy/ros_ws/install/turtlesim/share/turtlesim/local_setup.bash
[10.626s] -- Up-to-date: /home/jizzy/ros_ws/install/turtlesim/share/turtlesim/local_setup.sh
[10.626s] -- Up-to-date: /home/jizzy/ros_ws/install/turtlesim/share/turtlesim/local_setup.zsh
[10.627s] -- Up-to-date: /home/jizzy/ros_ws/install/turtlesim/share/turtlesim/local_setup.dsv
[10.627s] -- Installing: /home/jizzy/ros_ws/install/turtlesim/share/turtlesim/package.dsv
[10.628s] -- Up-to-date: /home/jizzy/ros_ws/install/turtlesim/share/ament_index/resource_index/packages/turtlesim
[10.628s] -- Up-to-date: /home/jizzy/ros_ws/install/turtlesim/share/turtlesim/cmake/export_turtlesim__rosidl_generator_cExport.cmake
[10.633s] -- Up-to-date: /home/jizzy/ros_ws/install/turtlesim/share/turtlesim/cmake/export_turtlesim__rosidl_generator_cExport-noconfig.cmake
[10.633s] -- Up-to-date: /home/jizzy/ros_ws/install/turtlesim/share/turtlesim/cmake/export_turtlesim__rosidl_typesupport_fastrtps_cExport.cmake
[10.634s] -- Up-to-date: /home/jizzy/ros_ws/install/turtlesim/share/turtlesim/cmake/export_turtlesim__rosidl_typesupport_fastrtps_cExport-noconfig.cmake
[10.635s] -- Up-to-date: /home/jizzy/ros_ws/install/turtlesim/share/turtlesim/cmake/export_turtlesim__rosidl_generator_cppExport.cmake
[10.636s] -- Up-to-date: /home/jizzy/ros_ws/install/turtlesim/share/turtlesim/cmake/export_turtlesim__rosidl_typesupport_fastrtps_cppExport.cmake
[10.636s] -- Up-to-date: /home/jizzy/ros_ws/install/turtlesim/share/turtlesim/cmake/export_turtlesim__rosidl_typesupport_fastrtps_cppExport-noconfig.cmake
[10.637s] -- Up-to-date: /home/jizzy/ros_ws/install/turtlesim/share/turtlesim/cmake/turtlesim__rosidl_typesupport_introspection_cExport.cmake
[10.637s] -- Up-to-date: /home/jizzy/ros_ws/install/turtlesim/share/turtlesim/cmake/turtlesim__rosidl_typesupport_introspection_cExport-noconfig.cmake
[10.638s] -- Up-to-date: /home/jizzy/ros_ws/install/turtlesim/share/turtlesim/cmake/turtlesim__rosidl_typesupport_cExport.cmake
[10.639s] -- Up-to-date: /home/jizzy/ros_ws/install/turtlesim/share/turtlesim/cmake/turtlesim__rosidl_typesupport_cExport-noconfig.cmake
[10.639s] -- Up-to-date: /home/jizzy/ros_ws/install/turtlesim/share/turtlesim/cmake/turtlesim__rosidl_typesupport_introspection_cppExport.cmake
[10.639s] -- Up-to-date: /home/jizzy/ros_ws/install/turtlesim/share/turtlesim/cmake/turtlesim__rosidl_typesupport_introspection_cppExport-noconfig.cmake
[10.640s] -- Up-to-date: /home/jizzy/ros_ws/install/turtlesim/share/turtlesim/cmake/turtlesim__rosidl_typesupport_cppExport.cmake
[10.640s] -- Up-to-date: /home/jizzy/ros_ws/install/turtlesim/share/turtlesim/cmake/turtlesim__rosidl_typesupport_cppExport-noconfig.cmake
[10.641s] -- Up-to-date: /home/jizzy/ros_ws/install/turtlesim/share/turtlesim/cmake/export_turtlesim__rosidl_generator_pyExport.cmake
[10.641s] -- Up-to-date: /home/jizzy/ros_ws/install/turtlesim/share/turtlesim/cmake/export_turtlesim__rosidl_generator_pyExport-noconfig.cmake
[10.642s] -- Up-to-date: /home/jizzy/ros_ws/install/turtlesim/share/turtlesim/cmake/rosidl_cmake-extras.cmake
[10.643s] -- Up-to-date: /home/jizzy/ros_ws/install/turtlesim/share/turtlesim/cmake/ament_cmake_export_dependencies-extras.cmake
[10.644s] -- Up-to-date: /home/jizzy/ros_ws/install/turtlesim/share/turtlesim/cmake/ament_cmake_export_include_directories-extras.cmake
[10.644s] -- Up-to-date: /home/jizzy/ros_ws/install/turtlesim/share/turtlesim/cmake/ament_cmake_export_libraries-extras.cmake
[10.645s] -- Up-to-date: /home/jizzy/ros_ws/install/turtlesim/share/turtlesim/cmake/ament_cmake_export_targets-extras.cmake
[10.645s] -- Up-to-date: /home/jizzy/ros_ws/install/turtlesim/share/turtlesim/cmake/rosidl_cmake_export_typesupport_targets-extras.cmake
[10.646s] -- Up-to-date: /home/jizzy/ros_ws/install/turtlesim/share/turtlesim/cmake/rosidl_cmake_export_typesupport_libraries-extras.cmake
[10.646s] -- Up-to-date: /home/jizzy/ros_ws/install/turtlesim/share/turtlesim/cmake/turtlesimConfig.cmake
[10.647s] -- Up-to-date: /home/jizzy/ros_ws/install/turtlesim/share/turtlesim/cmake/turtlesimConfig-version.cmake
[10.647s] -- Up-to-date: /home/jizzy/ros_ws/install/turtlesim/share/turtlesim/package.xml
[10.681s] Invoked command in '/home/jizzy/ros_ws/build/turtlesim' returned '0': CMAKE_PREFIX_PATH=${CMAKE_PREFIX_PATH}:/home/jizzy/ros_ws/install/my_package:/opt/ros/jazzy DEBUGINFOD_URLS=https://debuginfod.ubuntu.com /usr/bin/cmake --install /home/jizzy/ros_ws/build/turtlesim
