[0.706s] Invoking command in '/home/gisbert12843/Robotics_Prak/prak4_ws/build/prak4_pkg': PYTHONPATH=/home/gisbert12843/Robotics_Prak/prak4_ws/build/prak4_pkg/prefix_override:/usr/lib/python3/dist-packages/colcon_core/task/python/colcon_distutils_commands:/home/gisbert12843/Robotics_Prak/prak4_ws/install/prak4_pkg/lib/python3.10/site-packages:${PYTHONPATH} /usr/bin/python3 -W ignore:setup.py install is deprecated -W ignore:easy_install command is deprecated setup.py develop --editable --build-directory /home/gisbert12843/Robotics_Prak/prak4_ws/build/prak4_pkg/build --no-deps symlink_data --force
[0.982s] running develop
[1.163s] running egg_info
[1.164s] writing prak4_pkg.egg-info/PKG-INFO
[1.164s] writing dependency_links to prak4_pkg.egg-info/dependency_links.txt
[1.164s] writing entry points to prak4_pkg.egg-info/entry_points.txt
[1.164s] writing requirements to prak4_pkg.egg-info/requires.txt
[1.164s] writing top-level names to prak4_pkg.egg-info/top_level.txt
[1.165s] reading manifest file 'prak4_pkg.egg-info/SOURCES.txt'
[1.166s] writing manifest file 'prak4_pkg.egg-info/SOURCES.txt'
[1.168s] running build_ext
[1.168s] Creating /home/gisbert12843/Robotics_Prak/prak4_ws/install/prak4_pkg/lib/python3.10/site-packages/prak4-pkg.egg-link (link to .)
[1.169s] Installing goal_situps script to /home/gisbert12843/Robotics_Prak/prak4_ws/install/prak4_pkg/lib/prak4_pkg
[1.169s] Installing lidar script to /home/gisbert12843/Robotics_Prak/prak4_ws/install/prak4_pkg/lib/prak4_pkg
[1.169s] Installing push_ups script to /home/gisbert12843/Robotics_Prak/prak4_ws/install/prak4_pkg/lib/prak4_pkg
[1.169s] 
[1.169s] Installed /home/gisbert12843/Robotics_Prak/prak4_ws/build/prak4_pkg
[1.169s] running symlink_data
[1.169s] symbolically linking /home/gisbert12843/Robotics_Prak/prak4_ws/build/prak4_pkg/resource/prak4_pkg -> /home/gisbert12843/Robotics_Prak/prak4_ws/install/prak4_pkg/share/ament_index/resource_index/packages
[1.169s] symbolically linking /home/gisbert12843/Robotics_Prak/prak4_ws/build/prak4_pkg/package.xml -> /home/gisbert12843/Robotics_Prak/prak4_ws/install/prak4_pkg/share/prak4_pkg
[1.169s] symbolically linking /home/gisbert12843/Robotics_Prak/prak4_ws/build/prak4_pkg/launch/launch_nav2.py -> /home/gisbert12843/Robotics_Prak/prak4_ws/install/prak4_pkg/share/prak4_pkg/launch
[1.190s] Invoked command in '/home/gisbert12843/Robotics_Prak/prak4_ws/build/prak4_pkg' returned '0': PYTHONPATH=/home/gisbert12843/Robotics_Prak/prak4_ws/build/prak4_pkg/prefix_override:/usr/lib/python3/dist-packages/colcon_core/task/python/colcon_distutils_commands:/home/gisbert12843/Robotics_Prak/prak4_ws/install/prak4_pkg/lib/python3.10/site-packages:${PYTHONPATH} /usr/bin/python3 -W ignore:setup.py install is deprecated -W ignore:easy_install command is deprecated setup.py develop --editable --build-directory /home/gisbert12843/Robotics_Prak/prak4_ws/build/prak4_pkg/build --no-deps symlink_data --force
