[0.249s] Invoking command in '/home/gisbert12843/Robotics_Prak/prak2_ws/build/webots_spot_msgs': CMAKE_PREFIX_PATH=${CMAKE_PREFIX_PATH}:/home/gisbert12843/ros2_ws/install/webots_ros2:/home/gisbert12843/ros2_ws/install/webots_ros2_universal_robot:/home/gisbert12843/ros2_ws/install/webots_ros2_turtlebot:/home/gisbert12843/ros2_ws/install/webots_ros2_tiago:/home/gisbert12843/ros2_ws/install/webots_ros2_tests:/home/gisbert12843/ros2_ws/install/webots_ros2_tesla:/home/gisbert12843/ros2_ws/install/webots_ros2_mavic:/home/gisbert12843/ros2_ws/install/webots_ros2_epuck:/home/gisbert12843/ros2_ws/install/webots_ros2_importer:/home/gisbert12843/Robotics_Prak/prak2_ws/install/webots_spot_teleop:/home/gisbert12843/Robotics_Prak/prak2_ws/install/webots_spot:/home/gisbert12843/Robotics_Prak/prak2_ws/install/webots_ros2:/home/gisbert12843/Robotics_Prak/prak2_ws/install/webots_ros2_universal_robot:/home/gisbert12843/Robotics_Prak/prak2_ws/install/webots_ros2_turtlebot:/home/gisbert12843/Robotics_Prak/prak2_ws/install/webots_ros2_tiago:/home/gisbert12843/Robotics_Prak/prak2_ws/install/webots_ros2_tests:/home/gisbert12843/Robotics_Prak/prak2_ws/install/webots_ros2_tesla:/home/gisbert12843/Robotics_Prak/prak2_ws/install/webots_ros2_mavic:/home/gisbert12843/Robotics_Prak/prak2_ws/install/webots_ros2_epuck:/home/gisbert12843/Robotics_Prak/prak2_ws/install/webots_ros2_importer:/home/gisbert12843/Robotics_Prak/prak2_ws/install/prak2_pkg:/opt/ros/humble /usr/bin/cmake /home/gisbert12843/Robotics_Prak/prak2_ws/src/webots_spot_msgs -DAMENT_CMAKE_SYMLINK_INSTALL=1 -DCMAKE_INSTALL_PREFIX=/home/gisbert12843/Robotics_Prak/prak2_ws/install/webots_spot_msgs
[0.299s] -- The C compiler identification is GNU 11.4.0
[0.350s] -- The CXX compiler identification is GNU 11.4.0
[0.358s] -- Detecting C compiler ABI info
[0.413s] -- Detecting C compiler ABI info - done
[0.426s] -- Check for working C compiler: /usr/bin/cc - skipped
[0.426s] -- Detecting C compile features
[0.427s] -- Detecting C compile features - done
[0.431s] -- Detecting CXX compiler ABI info
[0.496s] -- Detecting CXX compiler ABI info - done
[0.503s] -- Check for working CXX compiler: /usr/bin/c++ - skipped
[0.504s] -- Detecting CXX compile features
[0.504s] -- Detecting CXX compile features - done
[0.507s] -- Found ament_cmake: 1.3.11 (/opt/ros/humble/share/ament_cmake/cmake)
[0.698s] -- Found Python3: /usr/bin/python3 (found version "3.10.12") found components: Interpreter 
[0.774s] -- Override CMake install command with custom implementation using symlinks instead of copying resources
[0.831s] -- Found rosidl_default_generators: 1.2.0 (/opt/ros/humble/share/rosidl_default_generators/cmake)
[0.842s] -- Using all available rosidl_typesupport_c: rosidl_typesupport_fastrtps_c;rosidl_typesupport_introspection_c
[0.856s] -- Found rosidl_adapter: 3.1.6 (/opt/ros/humble/share/rosidl_adapter/cmake)
[0.910s] -- Using all available rosidl_typesupport_cpp: rosidl_typesupport_fastrtps_cpp;rosidl_typesupport_introspection_cpp
[1.391s] -- Found ament_cmake_ros: 0.10.0 (/opt/ros/humble/share/ament_cmake_ros/cmake)
[1.618s] -- Using all available rosidl_typesupport_c: rosidl_typesupport_fastrtps_c;rosidl_typesupport_introspection_c
[1.868s] -- Using all available rosidl_typesupport_cpp: rosidl_typesupport_fastrtps_cpp;rosidl_typesupport_introspection_cpp
[1.891s] -- Found PythonInterp: /usr/bin/python3 (found suitable version "3.10.12", minimum required is "3.6") 
[1.893s] -- Found python_cmake_module: 0.10.0 (/opt/ros/humble/share/python_cmake_module/cmake)
[1.920s] -- Found PythonLibs: /usr/lib/x86_64-linux-gnu/libpython3.10.so (found suitable version "3.10.12", minimum required is "3.5") 
[1.920s] -- Using PYTHON_EXECUTABLE: /usr/bin/python3
[1.920s] -- Using PYTHON_INCLUDE_DIRS: /usr/include/python3.10
[1.920s] -- Using PYTHON_LIBRARIES: /usr/lib/x86_64-linux-gnu/libpython3.10.so
[1.943s] -- Found PythonExtra: .so  
[1.997s] -- Found ament_lint_auto: 0.12.11 (/opt/ros/humble/share/ament_lint_auto/cmake)
[2.029s] -- Added test 'copyright' to check source files copyright and LICENSE
[2.035s] -- Added test 'lint_cmake' to check CMake code style
[2.038s] -- Added test 'xmllint' to check XML markup files
[2.041s] -- Configuring done
[2.077s] -- Generating done
[2.087s] -- Build files have been written to: /home/gisbert12843/Robotics_Prak/prak2_ws/build/webots_spot_msgs
[2.095s] Invoked command in '/home/gisbert12843/Robotics_Prak/prak2_ws/build/webots_spot_msgs' returned '0': CMAKE_PREFIX_PATH=${CMAKE_PREFIX_PATH}:/home/gisbert12843/ros2_ws/install/webots_ros2:/home/gisbert12843/ros2_ws/install/webots_ros2_universal_robot:/home/gisbert12843/ros2_ws/install/webots_ros2_turtlebot:/home/gisbert12843/ros2_ws/install/webots_ros2_tiago:/home/gisbert12843/ros2_ws/install/webots_ros2_tests:/home/gisbert12843/ros2_ws/install/webots_ros2_tesla:/home/gisbert12843/ros2_ws/install/webots_ros2_mavic:/home/gisbert12843/ros2_ws/install/webots_ros2_epuck:/home/gisbert12843/ros2_ws/install/webots_ros2_importer:/home/gisbert12843/Robotics_Prak/prak2_ws/install/webots_spot_teleop:/home/gisbert12843/Robotics_Prak/prak2_ws/install/webots_spot:/home/gisbert12843/Robotics_Prak/prak2_ws/install/webots_ros2:/home/gisbert12843/Robotics_Prak/prak2_ws/install/webots_ros2_universal_robot:/home/gisbert12843/Robotics_Prak/prak2_ws/install/webots_ros2_turtlebot:/home/gisbert12843/Robotics_Prak/prak2_ws/install/webots_ros2_tiago:/home/gisbert12843/Robotics_Prak/prak2_ws/install/webots_ros2_tests:/home/gisbert12843/Robotics_Prak/prak2_ws/install/webots_ros2_tesla:/home/gisbert12843/Robotics_Prak/prak2_ws/install/webots_ros2_mavic:/home/gisbert12843/Robotics_Prak/prak2_ws/install/webots_ros2_epuck:/home/gisbert12843/Robotics_Prak/prak2_ws/install/webots_ros2_importer:/home/gisbert12843/Robotics_Prak/prak2_ws/install/prak2_pkg:/opt/ros/humble /usr/bin/cmake /home/gisbert12843/Robotics_Prak/prak2_ws/src/webots_spot_msgs -DAMENT_CMAKE_SYMLINK_INSTALL=1 -DCMAKE_INSTALL_PREFIX=/home/gisbert12843/Robotics_Prak/prak2_ws/install/webots_spot_msgs
[2.097s] Invoking command in '/home/gisbert12843/Robotics_Prak/prak2_ws/build/webots_spot_msgs': CMAKE_PREFIX_PATH=${CMAKE_PREFIX_PATH}:/home/gisbert12843/ros2_ws/install/webots_ros2:/home/gisbert12843/ros2_ws/install/webots_ros2_universal_robot:/home/gisbert12843/ros2_ws/install/webots_ros2_turtlebot:/home/gisbert12843/ros2_ws/install/webots_ros2_tiago:/home/gisbert12843/ros2_ws/install/webots_ros2_tests:/home/gisbert12843/ros2_ws/install/webots_ros2_tesla:/home/gisbert12843/ros2_ws/install/webots_ros2_mavic:/home/gisbert12843/ros2_ws/install/webots_ros2_epuck:/home/gisbert12843/ros2_ws/install/webots_ros2_importer:/home/gisbert12843/Robotics_Prak/prak2_ws/install/webots_spot_teleop:/home/gisbert12843/Robotics_Prak/prak2_ws/install/webots_spot:/home/gisbert12843/Robotics_Prak/prak2_ws/install/webots_ros2:/home/gisbert12843/Robotics_Prak/prak2_ws/install/webots_ros2_universal_robot:/home/gisbert12843/Robotics_Prak/prak2_ws/install/webots_ros2_turtlebot:/home/gisbert12843/Robotics_Prak/prak2_ws/install/webots_ros2_tiago:/home/gisbert12843/Robotics_Prak/prak2_ws/install/webots_ros2_tests:/home/gisbert12843/Robotics_Prak/prak2_ws/install/webots_ros2_tesla:/home/gisbert12843/Robotics_Prak/prak2_ws/install/webots_ros2_mavic:/home/gisbert12843/Robotics_Prak/prak2_ws/install/webots_ros2_epuck:/home/gisbert12843/Robotics_Prak/prak2_ws/install/webots_ros2_importer:/home/gisbert12843/Robotics_Prak/prak2_ws/install/prak2_pkg:/opt/ros/humble /usr/bin/cmake --build /home/gisbert12843/Robotics_Prak/prak2_ws/build/webots_spot_msgs -- -j8 -l8
[2.129s] [  1%] [34m[1mGenerating C code for ROS interfaces[0m
[2.138s] [  2%] [34m[1mGenerating C++ code for ROS interfaces[0m
[2.144s] [  2%] Built target ament_cmake_python_symlink_webots_spot_msgs
[2.430s] running egg_info
[2.431s] creating webots_spot_msgs.egg-info
[2.431s] writing webots_spot_msgs.egg-info/PKG-INFO
[2.431s] writing dependency_links to webots_spot_msgs.egg-info/dependency_links.txt
[2.431s] writing top-level names to webots_spot_msgs.egg-info/top_level.txt
[2.432s] writing manifest file 'webots_spot_msgs.egg-info/SOURCES.txt'
[2.434s] reading manifest file 'webots_spot_msgs.egg-info/SOURCES.txt'
[2.434s] writing manifest file 'webots_spot_msgs.egg-info/SOURCES.txt'
[2.461s] [  2%] Built target ament_cmake_python_build_webots_spot_msgs_egg
[3.289s] [  3%] [32mBuilding C object CMakeFiles/webots_spot_msgs__rosidl_generator_c.dir/rosidl_generator_c/webots_spot_msgs/srv/detail/spot_motion__functions.c.o[0m
[3.289s] [  4%] [32mBuilding C object CMakeFiles/webots_spot_msgs__rosidl_generator_c.dir/rosidl_generator_c/webots_spot_msgs/msg/detail/int32__functions.c.o[0m
[3.290s] [  5%] [32mBuilding C object CMakeFiles/webots_spot_msgs__rosidl_generator_c.dir/rosidl_generator_c/webots_spot_msgs/srv/detail/spot_height__functions.c.o[0m
[3.290s] [  6%] [32mBuilding C object CMakeFiles/webots_spot_msgs__rosidl_generator_c.dir/rosidl_generator_c/webots_spot_msgs/msg/detail/legs__functions.c.o[0m
[3.297s] [  8%] [32mBuilding C object CMakeFiles/webots_spot_msgs__rosidl_generator_c.dir/rosidl_generator_c/webots_spot_msgs/msg/detail/gait_input__functions.c.o[0m
[3.297s] [  9%] [32mBuilding C object CMakeFiles/webots_spot_msgs__rosidl_generator_c.dir/rosidl_generator_c/webots_spot_msgs/srv/detail/block_pose__functions.c.o[0m
[3.298s] [ 10%] [32mBuilding C object CMakeFiles/webots_spot_msgs__rosidl_generator_c.dir/rosidl_generator_c/webots_spot_msgs/action/detail/stack__functions.c.o[0m
[3.381s] [ 11%] [32mBuilding C object CMakeFiles/webots_spot_msgs__rosidl_generator_c.dir/rosidl_generator_c/webots_spot_msgs/action/detail/peak_and_detect_object__functions.c.o[0m
[3.598s] [ 12%] [32m[1mLinking C shared library libwebots_spot_msgs__rosidl_generator_c.so[0m
[3.610s] [ 12%] Built target webots_spot_msgs__cpp
[3.623s] [ 13%] [34m[1mGenerating C++ type support dispatch for ROS interfaces[0m
[3.624s] [ 14%] [34m[1mGenerating C++ introspection for ROS interfaces[0m
[3.624s] [ 16%] [34m[1mGenerating C++ type support for eProsima Fast-RTPS[0m
[3.652s] [ 16%] Built target webots_spot_msgs__rosidl_generator_c
[3.673s] [ 17%] [34m[1mGenerating C introspection for ROS interfaces[0m
[3.682s] [ 18%] [34m[1mGenerating C type support for eProsima Fast-RTPS[0m
[3.683s] [ 19%] [34m[1mGenerating C type support dispatch for ROS interfaces[0m
[5.146s] [ 20%] [32mBuilding CXX object CMakeFiles/webots_spot_msgs__rosidl_typesupport_introspection_cpp.dir/rosidl_typesupport_introspection_cpp/webots_spot_msgs/msg/detail/int32__type_support.cpp.o[0m
[5.154s] [ 21%] [32mBuilding CXX object CMakeFiles/webots_spot_msgs__rosidl_typesupport_introspection_cpp.dir/rosidl_typesupport_introspection_cpp/webots_spot_msgs/msg/detail/gait_input__type_support.cpp.o[0m
[5.157s] [ 22%] [32mBuilding CXX object CMakeFiles/webots_spot_msgs__rosidl_typesupport_introspection_cpp.dir/rosidl_typesupport_introspection_cpp/webots_spot_msgs/msg/detail/legs__type_support.cpp.o[0m
[5.354s] [ 24%] [32mBuilding CXX object CMakeFiles/webots_spot_msgs__rosidl_typesupport_cpp.dir/rosidl_typesupport_cpp/webots_spot_msgs/msg/int32__type_support.cpp.o[0m
[5.950s] [ 25%] [32mBuilding CXX object CMakeFiles/webots_spot_msgs__rosidl_typesupport_cpp.dir/rosidl_typesupport_cpp/webots_spot_msgs/msg/legs__type_support.cpp.o[0m
[6.226s] [ 26%] [32mBuilding CXX object CMakeFiles/webots_spot_msgs__rosidl_typesupport_c.dir/rosidl_typesupport_c/webots_spot_msgs/msg/int32__type_support.cpp.o[0m
[6.282s] [ 27%] [32mBuilding CXX object CMakeFiles/webots_spot_msgs__rosidl_typesupport_c.dir/rosidl_typesupport_c/webots_spot_msgs/msg/legs__type_support.cpp.o[0m
[6.348s] [ 28%] [32mBuilding C object CMakeFiles/webots_spot_msgs__rosidl_typesupport_introspection_c.dir/rosidl_typesupport_introspection_c/webots_spot_msgs/msg/detail/int32__type_support.c.o[0m
[6.359s] [ 29%] [32mBuilding CXX object CMakeFiles/webots_spot_msgs__rosidl_typesupport_c.dir/rosidl_typesupport_c/webots_spot_msgs/msg/gait_input__type_support.cpp.o[0m
[6.386s] [ 31%] [32mBuilding CXX object CMakeFiles/webots_spot_msgs__rosidl_typesupport_introspection_cpp.dir/rosidl_typesupport_introspection_cpp/webots_spot_msgs/srv/detail/spot_motion__type_support.cpp.o[0m
[6.433s] [ 32%] [32mBuilding CXX object CMakeFiles/webots_spot_msgs__rosidl_typesupport_fastrtps_c.dir/rosidl_typesupport_fastrtps_c/webots_spot_msgs/msg/detail/int32__type_support_c.cpp.o[0m
[6.454s] [ 33%] [32mBuilding CXX object CMakeFiles/webots_spot_msgs__rosidl_typesupport_c.dir/rosidl_typesupport_c/webots_spot_msgs/srv/spot_motion__type_support.cpp.o[0m
[6.465s] [ 34%] [32mBuilding C object CMakeFiles/webots_spot_msgs__rosidl_typesupport_introspection_c.dir/rosidl_typesupport_introspection_c/webots_spot_msgs/msg/detail/legs__type_support.c.o[0m
[6.468s] [ 35%] [32mBuilding C object CMakeFiles/webots_spot_msgs__rosidl_typesupport_introspection_c.dir/rosidl_typesupport_introspection_c/webots_spot_msgs/msg/detail/gait_input__type_support.c.o[0m
[6.558s] [ 36%] [32mBuilding CXX object CMakeFiles/webots_spot_msgs__rosidl_typesupport_c.dir/rosidl_typesupport_c/webots_spot_msgs/srv/spot_height__type_support.cpp.o[0m
[6.570s] [ 37%] [32mBuilding CXX object CMakeFiles/webots_spot_msgs__rosidl_typesupport_introspection_cpp.dir/rosidl_typesupport_introspection_cpp/webots_spot_msgs/srv/detail/spot_height__type_support.cpp.o[0m
[6.574s] [ 39%] [32mBuilding C object CMakeFiles/webots_spot_msgs__rosidl_typesupport_introspection_c.dir/rosidl_typesupport_introspection_c/webots_spot_msgs/srv/detail/spot_motion__type_support.c.o[0m
[6.693s] [ 40%] [32mBuilding CXX object CMakeFiles/webots_spot_msgs__rosidl_typesupport_c.dir/rosidl_typesupport_c/webots_spot_msgs/srv/block_pose__type_support.cpp.o[0m
[6.697s] [ 41%] [32mBuilding CXX object CMakeFiles/webots_spot_msgs__rosidl_typesupport_c.dir/rosidl_typesupport_c/webots_spot_msgs/action/stack__type_support.cpp.o[0m
[6.717s] [ 42%] [32mBuilding C object CMakeFiles/webots_spot_msgs__rosidl_typesupport_introspection_c.dir/rosidl_typesupport_introspection_c/webots_spot_msgs/srv/detail/spot_height__type_support.c.o[0m
[6.796s] [ 43%] [32mBuilding CXX object CMakeFiles/webots_spot_msgs__rosidl_typesupport_cpp.dir/rosidl_typesupport_cpp/webots_spot_msgs/msg/gait_input__type_support.cpp.o[0m
[6.827s] [ 44%] [32mBuilding C object CMakeFiles/webots_spot_msgs__rosidl_typesupport_introspection_c.dir/rosidl_typesupport_introspection_c/webots_spot_msgs/srv/detail/block_pose__type_support.c.o[0m
[6.904s] [ 45%] [32mBuilding CXX object CMakeFiles/webots_spot_msgs__rosidl_typesupport_c.dir/rosidl_typesupport_c/webots_spot_msgs/action/peak_and_detect_object__type_support.cpp.o[0m
[6.937s] [ 47%] [32mBuilding C object CMakeFiles/webots_spot_msgs__rosidl_typesupport_introspection_c.dir/rosidl_typesupport_introspection_c/webots_spot_msgs/action/detail/stack__type_support.c.o[0m
[6.991s] [ 48%] [32mBuilding C object CMakeFiles/webots_spot_msgs__rosidl_typesupport_introspection_c.dir/rosidl_typesupport_introspection_c/webots_spot_msgs/action/detail/peak_and_detect_object__type_support.c.o[0m
[7.095s] [ 49%] [32mBuilding CXX object CMakeFiles/webots_spot_msgs__rosidl_typesupport_fastrtps_c.dir/rosidl_typesupport_fastrtps_c/webots_spot_msgs/msg/detail/legs__type_support_c.cpp.o[0m
[7.098s] [ 50%] [32m[1mLinking CXX shared library libwebots_spot_msgs__rosidl_typesupport_c.so[0m
[7.137s] [ 51%] [32m[1mLinking C shared library libwebots_spot_msgs__rosidl_typesupport_introspection_c.so[0m
[7.223s] [ 52%] [32mBuilding CXX object CMakeFiles/webots_spot_msgs__rosidl_typesupport_fastrtps_cpp.dir/rosidl_typesupport_fastrtps_cpp/webots_spot_msgs/msg/detail/dds_fastrtps/int32__type_support.cpp.o[0m
[7.248s] [ 52%] Built target webots_spot_msgs__rosidl_typesupport_introspection_c
[7.270s] [ 54%] [32mBuilding CXX object CMakeFiles/webots_spot_msgs__rosidl_typesupport_introspection_cpp.dir/rosidl_typesupport_introspection_cpp/webots_spot_msgs/srv/detail/block_pose__type_support.cpp.o[0m
[7.271s] [ 54%] Built target webots_spot_msgs__rosidl_typesupport_c
[7.294s] [ 55%] [32mBuilding CXX object CMakeFiles/webots_spot_msgs__rosidl_typesupport_fastrtps_cpp.dir/rosidl_typesupport_fastrtps_cpp/webots_spot_msgs/msg/detail/dds_fastrtps/legs__type_support.cpp.o[0m
[7.324s] [ 56%] [32mBuilding CXX object CMakeFiles/webots_spot_msgs__rosidl_typesupport_fastrtps_c.dir/rosidl_typesupport_fastrtps_c/webots_spot_msgs/msg/detail/gait_input__type_support_c.cpp.o[0m
[7.387s] [ 57%] [32mBuilding CXX object CMakeFiles/webots_spot_msgs__rosidl_typesupport_fastrtps_c.dir/rosidl_typesupport_fastrtps_c/webots_spot_msgs/srv/detail/spot_motion__type_support_c.cpp.o[0m
[7.661s] [ 58%] [32mBuilding CXX object CMakeFiles/webots_spot_msgs__rosidl_typesupport_fastrtps_cpp.dir/rosidl_typesupport_fastrtps_cpp/webots_spot_msgs/msg/detail/dds_fastrtps/gait_input__type_support.cpp.o[0m
[7.742s] [ 59%] [32mBuilding CXX object CMakeFiles/webots_spot_msgs__rosidl_typesupport_cpp.dir/rosidl_typesupport_cpp/webots_spot_msgs/srv/spot_motion__type_support.cpp.o[0m
[8.154s] [ 60%] [32mBuilding CXX object CMakeFiles/webots_spot_msgs__rosidl_typesupport_cpp.dir/rosidl_typesupport_cpp/webots_spot_msgs/srv/spot_height__type_support.cpp.o[0m
[8.493s] [ 62%] [32mBuilding CXX object CMakeFiles/webots_spot_msgs__rosidl_typesupport_cpp.dir/rosidl_typesupport_cpp/webots_spot_msgs/srv/block_pose__type_support.cpp.o[0m
[8.506s] [ 63%] [32mBuilding CXX object CMakeFiles/webots_spot_msgs__rosidl_typesupport_fastrtps_c.dir/rosidl_typesupport_fastrtps_c/webots_spot_msgs/srv/detail/spot_height__type_support_c.cpp.o[0m
[8.523s] [ 64%] [32mBuilding CXX object CMakeFiles/webots_spot_msgs__rosidl_typesupport_fastrtps_cpp.dir/rosidl_typesupport_fastrtps_cpp/webots_spot_msgs/srv/detail/dds_fastrtps/spot_motion__type_support.cpp.o[0m
[8.775s] [ 65%] [32mBuilding CXX object CMakeFiles/webots_spot_msgs__rosidl_typesupport_introspection_cpp.dir/rosidl_typesupport_introspection_cpp/webots_spot_msgs/action/detail/stack__type_support.cpp.o[0m
[8.810s] [ 66%] [32mBuilding CXX object CMakeFiles/webots_spot_msgs__rosidl_typesupport_fastrtps_c.dir/rosidl_typesupport_fastrtps_c/webots_spot_msgs/srv/detail/block_pose__type_support_c.cpp.o[0m
[8.822s] [ 67%] [32mBuilding CXX object CMakeFiles/webots_spot_msgs__rosidl_typesupport_fastrtps_c.dir/rosidl_typesupport_fastrtps_c/webots_spot_msgs/action/detail/stack__type_support_c.cpp.o[0m
[9.074s] [ 68%] [32mBuilding CXX object CMakeFiles/webots_spot_msgs__rosidl_typesupport_introspection_cpp.dir/rosidl_typesupport_introspection_cpp/webots_spot_msgs/action/detail/peak_and_detect_object__type_support.cpp.o[0m
[9.198s] [ 70%] [32mBuilding CXX object CMakeFiles/webots_spot_msgs__rosidl_typesupport_fastrtps_cpp.dir/rosidl_typesupport_fastrtps_cpp/webots_spot_msgs/srv/detail/dds_fastrtps/spot_height__type_support.cpp.o[0m
[9.247s] [ 71%] [32mBuilding CXX object CMakeFiles/webots_spot_msgs__rosidl_typesupport_cpp.dir/rosidl_typesupport_cpp/webots_spot_msgs/action/stack__type_support.cpp.o[0m
[9.358s] [ 72%] [32mBuilding CXX object CMakeFiles/webots_spot_msgs__rosidl_typesupport_fastrtps_c.dir/rosidl_typesupport_fastrtps_c/webots_spot_msgs/action/detail/peak_and_detect_object__type_support_c.cpp.o[0m
[9.849s] [ 73%] [32mBuilding CXX object CMakeFiles/webots_spot_msgs__rosidl_typesupport_cpp.dir/rosidl_typesupport_cpp/webots_spot_msgs/action/peak_and_detect_object__type_support.cpp.o[0m
[9.935s] [ 74%] [32mBuilding CXX object CMakeFiles/webots_spot_msgs__rosidl_typesupport_fastrtps_cpp.dir/rosidl_typesupport_fastrtps_cpp/webots_spot_msgs/srv/detail/dds_fastrtps/block_pose__type_support.cpp.o[0m
[10.342s] [ 75%] [32mBuilding CXX object CMakeFiles/webots_spot_msgs__rosidl_typesupport_fastrtps_cpp.dir/rosidl_typesupport_fastrtps_cpp/webots_spot_msgs/action/detail/dds_fastrtps/stack__type_support.cpp.o[0m
[10.745s] [ 77%] [32mBuilding CXX object CMakeFiles/webots_spot_msgs__rosidl_typesupport_fastrtps_cpp.dir/rosidl_typesupport_fastrtps_cpp/webots_spot_msgs/action/detail/dds_fastrtps/peak_and_detect_object__type_support.cpp.o[0m
[10.805s] [ 78%] [32m[1mLinking CXX shared library libwebots_spot_msgs__rosidl_typesupport_fastrtps_c.so[0m
[11.058s] [ 78%] Built target webots_spot_msgs__rosidl_typesupport_fastrtps_c
[11.093s] [ 79%] [32m[1mLinking CXX shared library libwebots_spot_msgs__rosidl_typesupport_cpp.so[0m
[11.159s] [ 80%] [32m[1mLinking CXX shared library libwebots_spot_msgs__rosidl_typesupport_introspection_cpp.so[0m
[11.217s] [ 80%] Built target webots_spot_msgs__rosidl_typesupport_cpp
[11.410s] [ 80%] Built target webots_spot_msgs__rosidl_typesupport_introspection_cpp
[12.114s] [ 81%] [32m[1mLinking CXX shared library libwebots_spot_msgs__rosidl_typesupport_fastrtps_cpp.so[0m
[12.269s] [ 81%] Built target webots_spot_msgs__rosidl_typesupport_fastrtps_cpp
[12.292s] [ 81%] Built target webots_spot_msgs
[12.311s] [ 82%] [34m[1mGenerating Python code for ROS interfaces[0m
[14.382s] [ 82%] Built target webots_spot_msgs__py
[14.410s] [ 83%] [32mBuilding C object CMakeFiles/webots_spot_msgs__rosidl_generator_py.dir/rosidl_generator_py/webots_spot_msgs/msg/_int32_s.c.o[0m
[14.412s] [ 85%] [32mBuilding C object CMakeFiles/webots_spot_msgs__rosidl_generator_py.dir/rosidl_generator_py/webots_spot_msgs/msg/_legs_s.c.o[0m
[14.418s] [ 86%] [32mBuilding C object CMakeFiles/webots_spot_msgs__rosidl_generator_py.dir/rosidl_generator_py/webots_spot_msgs/msg/_gait_input_s.c.o[0m
[14.422s] [ 87%] [32mBuilding C object CMakeFiles/webots_spot_msgs__rosidl_generator_py.dir/rosidl_generator_py/webots_spot_msgs/srv/_spot_height_s.c.o[0m
[14.431s] [ 88%] [32mBuilding C object CMakeFiles/webots_spot_msgs__rosidl_generator_py.dir/rosidl_generator_py/webots_spot_msgs/action/_stack_s.c.o[0m
[14.432s] [ 89%] [32mBuilding C object CMakeFiles/webots_spot_msgs__rosidl_generator_py.dir/rosidl_generator_py/webots_spot_msgs/srv/_spot_motion_s.c.o[0m
[14.432s] [ 90%] [32mBuilding C object CMakeFiles/webots_spot_msgs__rosidl_generator_py.dir/rosidl_generator_py/webots_spot_msgs/srv/_block_pose_s.c.o[0m
[14.432s] [ 91%] [32mBuilding C object CMakeFiles/webots_spot_msgs__rosidl_generator_py.dir/rosidl_generator_py/webots_spot_msgs/action/_peak_and_detect_object_s.c.o[0m
[14.713s] [ 93%] [32m[1mLinking C shared library rosidl_generator_py/webots_spot_msgs/libwebots_spot_msgs__rosidl_generator_py.so[0m
[14.750s] [ 93%] Built target webots_spot_msgs__rosidl_generator_py
[14.770s] [ 94%] [32mBuilding C object CMakeFiles/webots_spot_msgs__rosidl_typesupport_fastrtps_c__pyext.dir/rosidl_generator_py/webots_spot_msgs/_webots_spot_msgs_s.ep.rosidl_typesupport_fastrtps_c.c.o[0m
[14.775s] [ 95%] [32mBuilding C object CMakeFiles/webots_spot_msgs__rosidl_typesupport_introspection_c__pyext.dir/rosidl_generator_py/webots_spot_msgs/_webots_spot_msgs_s.ep.rosidl_typesupport_introspection_c.c.o[0m
[14.776s] [ 96%] [32mBuilding C object CMakeFiles/webots_spot_msgs__rosidl_typesupport_c__pyext.dir/rosidl_generator_py/webots_spot_msgs/_webots_spot_msgs_s.ep.rosidl_typesupport_c.c.o[0m
[14.948s] [ 97%] [32m[1mLinking C shared library rosidl_generator_py/webots_spot_msgs/webots_spot_msgs_s__rosidl_typesupport_c.cpython-310-x86_64-linux-gnu.so[0m
[14.995s] [ 97%] Built target webots_spot_msgs__rosidl_typesupport_c__pyext
[15.015s] [ 98%] [32m[1mLinking C shared library rosidl_generator_py/webots_spot_msgs/webots_spot_msgs_s__rosidl_typesupport_fastrtps_c.cpython-310-x86_64-linux-gnu.so[0m
[15.015s] [100%] [32m[1mLinking C shared library rosidl_generator_py/webots_spot_msgs/webots_spot_msgs_s__rosidl_typesupport_introspection_c.cpython-310-x86_64-linux-gnu.so[0m
[15.051s] [100%] Built target webots_spot_msgs__rosidl_typesupport_introspection_c__pyext
[15.051s] [100%] Built target webots_spot_msgs__rosidl_typesupport_fastrtps_c__pyext
[15.061s] Invoked command in '/home/gisbert12843/Robotics_Prak/prak2_ws/build/webots_spot_msgs' returned '0': CMAKE_PREFIX_PATH=${CMAKE_PREFIX_PATH}:/home/gisbert12843/ros2_ws/install/webots_ros2:/home/gisbert12843/ros2_ws/install/webots_ros2_universal_robot:/home/gisbert12843/ros2_ws/install/webots_ros2_turtlebot:/home/gisbert12843/ros2_ws/install/webots_ros2_tiago:/home/gisbert12843/ros2_ws/install/webots_ros2_tests:/home/gisbert12843/ros2_ws/install/webots_ros2_tesla:/home/gisbert12843/ros2_ws/install/webots_ros2_mavic:/home/gisbert12843/ros2_ws/install/webots_ros2_epuck:/home/gisbert12843/ros2_ws/install/webots_ros2_importer:/home/gisbert12843/Robotics_Prak/prak2_ws/install/webots_spot_teleop:/home/gisbert12843/Robotics_Prak/prak2_ws/install/webots_spot:/home/gisbert12843/Robotics_Prak/prak2_ws/install/webots_ros2:/home/gisbert12843/Robotics_Prak/prak2_ws/install/webots_ros2_universal_robot:/home/gisbert12843/Robotics_Prak/prak2_ws/install/webots_ros2_turtlebot:/home/gisbert12843/Robotics_Prak/prak2_ws/install/webots_ros2_tiago:/home/gisbert12843/Robotics_Prak/prak2_ws/install/webots_ros2_tests:/home/gisbert12843/Robotics_Prak/prak2_ws/install/webots_ros2_tesla:/home/gisbert12843/Robotics_Prak/prak2_ws/install/webots_ros2_mavic:/home/gisbert12843/Robotics_Prak/prak2_ws/install/webots_ros2_epuck:/home/gisbert12843/Robotics_Prak/prak2_ws/install/webots_ros2_importer:/home/gisbert12843/Robotics_Prak/prak2_ws/install/prak2_pkg:/opt/ros/humble /usr/bin/cmake --build /home/gisbert12843/Robotics_Prak/prak2_ws/build/webots_spot_msgs -- -j8 -l8
[15.063s] Invoking command in '/home/gisbert12843/Robotics_Prak/prak2_ws/build/webots_spot_msgs': CMAKE_PREFIX_PATH=${CMAKE_PREFIX_PATH}:/home/gisbert12843/ros2_ws/install/webots_ros2:/home/gisbert12843/ros2_ws/install/webots_ros2_universal_robot:/home/gisbert12843/ros2_ws/install/webots_ros2_turtlebot:/home/gisbert12843/ros2_ws/install/webots_ros2_tiago:/home/gisbert12843/ros2_ws/install/webots_ros2_tests:/home/gisbert12843/ros2_ws/install/webots_ros2_tesla:/home/gisbert12843/ros2_ws/install/webots_ros2_mavic:/home/gisbert12843/ros2_ws/install/webots_ros2_epuck:/home/gisbert12843/ros2_ws/install/webots_ros2_importer:/home/gisbert12843/Robotics_Prak/prak2_ws/install/webots_spot_teleop:/home/gisbert12843/Robotics_Prak/prak2_ws/install/webots_spot:/home/gisbert12843/Robotics_Prak/prak2_ws/install/webots_ros2:/home/gisbert12843/Robotics_Prak/prak2_ws/install/webots_ros2_universal_robot:/home/gisbert12843/Robotics_Prak/prak2_ws/install/webots_ros2_turtlebot:/home/gisbert12843/Robotics_Prak/prak2_ws/install/webots_ros2_tiago:/home/gisbert12843/Robotics_Prak/prak2_ws/install/webots_ros2_tests:/home/gisbert12843/Robotics_Prak/prak2_ws/install/webots_ros2_tesla:/home/gisbert12843/Robotics_Prak/prak2_ws/install/webots_ros2_mavic:/home/gisbert12843/Robotics_Prak/prak2_ws/install/webots_ros2_epuck:/home/gisbert12843/Robotics_Prak/prak2_ws/install/webots_ros2_importer:/home/gisbert12843/Robotics_Prak/prak2_ws/install/prak2_pkg:/opt/ros/humble /usr/bin/cmake --install /home/gisbert12843/Robotics_Prak/prak2_ws/build/webots_spot_msgs
[15.069s] -- Install configuration: ""
[15.070s] -- Execute custom install script
[15.070s] -- Symlinking: /home/gisbert12843/Robotics_Prak/prak2_ws/install/webots_spot_msgs/share/ament_index/resource_index/rosidl_interfaces/webots_spot_msgs
[15.078s] -- Symlinking: /home/gisbert12843/Robotics_Prak/prak2_ws/install/webots_spot_msgs/include/webots_spot_msgs/webots_spot_msgs/action/detail/peak_and_detect_object__functions.h
[15.085s] -- Symlinking: /home/gisbert12843/Robotics_Prak/prak2_ws/install/webots_spot_msgs/include/webots_spot_msgs/webots_spot_msgs/action/detail/peak_and_detect_object__struct.h
[15.093s] -- Symlinking: /home/gisbert12843/Robotics_Prak/prak2_ws/install/webots_spot_msgs/include/webots_spot_msgs/webots_spot_msgs/action/detail/peak_and_detect_object__type_support.h
[15.100s] -- Symlinking: /home/gisbert12843/Robotics_Prak/prak2_ws/install/webots_spot_msgs/include/webots_spot_msgs/webots_spot_msgs/action/detail/stack__functions.h
[15.108s] -- Symlinking: /home/gisbert12843/Robotics_Prak/prak2_ws/install/webots_spot_msgs/include/webots_spot_msgs/webots_spot_msgs/action/detail/stack__struct.h
[15.116s] -- Symlinking: /home/gisbert12843/Robotics_Prak/prak2_ws/install/webots_spot_msgs/include/webots_spot_msgs/webots_spot_msgs/action/detail/stack__type_support.h
[15.123s] -- Symlinking: /home/gisbert12843/Robotics_Prak/prak2_ws/install/webots_spot_msgs/include/webots_spot_msgs/webots_spot_msgs/action/peak_and_detect_object.h
[15.131s] -- Symlinking: /home/gisbert12843/Robotics_Prak/prak2_ws/install/webots_spot_msgs/include/webots_spot_msgs/webots_spot_msgs/action/stack.h
[15.138s] -- Symlinking: /home/gisbert12843/Robotics_Prak/prak2_ws/install/webots_spot_msgs/include/webots_spot_msgs/webots_spot_msgs/msg/detail/gait_input__functions.h
[15.146s] -- Symlinking: /home/gisbert12843/Robotics_Prak/prak2_ws/install/webots_spot_msgs/include/webots_spot_msgs/webots_spot_msgs/msg/detail/gait_input__struct.h
[15.153s] -- Symlinking: /home/gisbert12843/Robotics_Prak/prak2_ws/install/webots_spot_msgs/include/webots_spot_msgs/webots_spot_msgs/msg/detail/gait_input__type_support.h
[15.160s] -- Symlinking: /home/gisbert12843/Robotics_Prak/prak2_ws/install/webots_spot_msgs/include/webots_spot_msgs/webots_spot_msgs/msg/detail/int32__functions.h
[15.168s] -- Symlinking: /home/gisbert12843/Robotics_Prak/prak2_ws/install/webots_spot_msgs/include/webots_spot_msgs/webots_spot_msgs/msg/detail/int32__struct.h
[15.175s] -- Symlinking: /home/gisbert12843/Robotics_Prak/prak2_ws/install/webots_spot_msgs/include/webots_spot_msgs/webots_spot_msgs/msg/detail/int32__type_support.h
[15.183s] -- Symlinking: /home/gisbert12843/Robotics_Prak/prak2_ws/install/webots_spot_msgs/include/webots_spot_msgs/webots_spot_msgs/msg/detail/legs__functions.h
[15.190s] -- Symlinking: /home/gisbert12843/Robotics_Prak/prak2_ws/install/webots_spot_msgs/include/webots_spot_msgs/webots_spot_msgs/msg/detail/legs__struct.h
[15.198s] -- Symlinking: /home/gisbert12843/Robotics_Prak/prak2_ws/install/webots_spot_msgs/include/webots_spot_msgs/webots_spot_msgs/msg/detail/legs__type_support.h
[15.205s] -- Symlinking: /home/gisbert12843/Robotics_Prak/prak2_ws/install/webots_spot_msgs/include/webots_spot_msgs/webots_spot_msgs/msg/gait_input.h
[15.212s] -- Symlinking: /home/gisbert12843/Robotics_Prak/prak2_ws/install/webots_spot_msgs/include/webots_spot_msgs/webots_spot_msgs/msg/int32.h
[15.220s] -- Symlinking: /home/gisbert12843/Robotics_Prak/prak2_ws/install/webots_spot_msgs/include/webots_spot_msgs/webots_spot_msgs/msg/legs.h
[15.227s] -- Symlinking: /home/gisbert12843/Robotics_Prak/prak2_ws/install/webots_spot_msgs/include/webots_spot_msgs/webots_spot_msgs/msg/rosidl_generator_c__visibility_control.h
[15.234s] -- Symlinking: /home/gisbert12843/Robotics_Prak/prak2_ws/install/webots_spot_msgs/include/webots_spot_msgs/webots_spot_msgs/srv/block_pose.h
[15.241s] -- Symlinking: /home/gisbert12843/Robotics_Prak/prak2_ws/install/webots_spot_msgs/include/webots_spot_msgs/webots_spot_msgs/srv/detail/block_pose__functions.h
[15.249s] -- Symlinking: /home/gisbert12843/Robotics_Prak/prak2_ws/install/webots_spot_msgs/include/webots_spot_msgs/webots_spot_msgs/srv/detail/block_pose__struct.h
[15.256s] -- Symlinking: /home/gisbert12843/Robotics_Prak/prak2_ws/install/webots_spot_msgs/include/webots_spot_msgs/webots_spot_msgs/srv/detail/block_pose__type_support.h
[15.263s] -- Symlinking: /home/gisbert12843/Robotics_Prak/prak2_ws/install/webots_spot_msgs/include/webots_spot_msgs/webots_spot_msgs/srv/detail/spot_height__functions.h
[15.271s] -- Symlinking: /home/gisbert12843/Robotics_Prak/prak2_ws/install/webots_spot_msgs/include/webots_spot_msgs/webots_spot_msgs/srv/detail/spot_height__struct.h
[15.278s] -- Symlinking: /home/gisbert12843/Robotics_Prak/prak2_ws/install/webots_spot_msgs/include/webots_spot_msgs/webots_spot_msgs/srv/detail/spot_height__type_support.h
[15.286s] -- Symlinking: /home/gisbert12843/Robotics_Prak/prak2_ws/install/webots_spot_msgs/include/webots_spot_msgs/webots_spot_msgs/srv/detail/spot_motion__functions.h
[15.293s] -- Symlinking: /home/gisbert12843/Robotics_Prak/prak2_ws/install/webots_spot_msgs/include/webots_spot_msgs/webots_spot_msgs/srv/detail/spot_motion__struct.h
[15.300s] -- Symlinking: /home/gisbert12843/Robotics_Prak/prak2_ws/install/webots_spot_msgs/include/webots_spot_msgs/webots_spot_msgs/srv/detail/spot_motion__type_support.h
[15.308s] -- Symlinking: /home/gisbert12843/Robotics_Prak/prak2_ws/install/webots_spot_msgs/include/webots_spot_msgs/webots_spot_msgs/srv/spot_height.h
[15.315s] -- Symlinking: /home/gisbert12843/Robotics_Prak/prak2_ws/install/webots_spot_msgs/include/webots_spot_msgs/webots_spot_msgs/srv/spot_motion.h
[15.322s] -- Symlinking: /home/gisbert12843/Robotics_Prak/prak2_ws/install/webots_spot_msgs/share/webots_spot_msgs/environment/library_path.sh
[15.329s] -- Symlinking: /home/gisbert12843/Robotics_Prak/prak2_ws/install/webots_spot_msgs/share/webots_spot_msgs/environment/library_path.dsv
[15.337s] -- Symlinking: /home/gisbert12843/Robotics_Prak/prak2_ws/install/webots_spot_msgs/include/webots_spot_msgs/webots_spot_msgs/action/detail/peak_and_detect_object__rosidl_typesupport_fastrtps_c.h
[15.344s] -- Symlinking: /home/gisbert12843/Robotics_Prak/prak2_ws/install/webots_spot_msgs/include/webots_spot_msgs/webots_spot_msgs/action/detail/stack__rosidl_typesupport_fastrtps_c.h
[15.351s] -- Symlinking: /home/gisbert12843/Robotics_Prak/prak2_ws/install/webots_spot_msgs/include/webots_spot_msgs/webots_spot_msgs/msg/detail/gait_input__rosidl_typesupport_fastrtps_c.h
[15.358s] -- Symlinking: /home/gisbert12843/Robotics_Prak/prak2_ws/install/webots_spot_msgs/include/webots_spot_msgs/webots_spot_msgs/msg/detail/int32__rosidl_typesupport_fastrtps_c.h
[15.366s] -- Symlinking: /home/gisbert12843/Robotics_Prak/prak2_ws/install/webots_spot_msgs/include/webots_spot_msgs/webots_spot_msgs/msg/detail/legs__rosidl_typesupport_fastrtps_c.h
[15.373s] -- Symlinking: /home/gisbert12843/Robotics_Prak/prak2_ws/install/webots_spot_msgs/include/webots_spot_msgs/webots_spot_msgs/msg/rosidl_typesupport_fastrtps_c__visibility_control.h
[15.380s] -- Symlinking: /home/gisbert12843/Robotics_Prak/prak2_ws/install/webots_spot_msgs/include/webots_spot_msgs/webots_spot_msgs/srv/detail/block_pose__rosidl_typesupport_fastrtps_c.h
[15.387s] -- Symlinking: /home/gisbert12843/Robotics_Prak/prak2_ws/install/webots_spot_msgs/include/webots_spot_msgs/webots_spot_msgs/srv/detail/spot_height__rosidl_typesupport_fastrtps_c.h
[15.394s] -- Symlinking: /home/gisbert12843/Robotics_Prak/prak2_ws/install/webots_spot_msgs/include/webots_spot_msgs/webots_spot_msgs/srv/detail/spot_motion__rosidl_typesupport_fastrtps_c.h
[15.402s] -- Symlinking: /home/gisbert12843/Robotics_Prak/prak2_ws/install/webots_spot_msgs/include/webots_spot_msgs/webots_spot_msgs/action/detail/peak_and_detect_object__rosidl_typesupport_introspection_c.h
[15.409s] -- Symlinking: /home/gisbert12843/Robotics_Prak/prak2_ws/install/webots_spot_msgs/include/webots_spot_msgs/webots_spot_msgs/action/detail/stack__rosidl_typesupport_introspection_c.h
[15.416s] -- Symlinking: /home/gisbert12843/Robotics_Prak/prak2_ws/install/webots_spot_msgs/include/webots_spot_msgs/webots_spot_msgs/msg/detail/gait_input__rosidl_typesupport_introspection_c.h
[15.423s] -- Symlinking: /home/gisbert12843/Robotics_Prak/prak2_ws/install/webots_spot_msgs/include/webots_spot_msgs/webots_spot_msgs/msg/detail/int32__rosidl_typesupport_introspection_c.h
[15.430s] -- Symlinking: /home/gisbert12843/Robotics_Prak/prak2_ws/install/webots_spot_msgs/include/webots_spot_msgs/webots_spot_msgs/msg/detail/legs__rosidl_typesupport_introspection_c.h
[15.438s] -- Symlinking: /home/gisbert12843/Robotics_Prak/prak2_ws/install/webots_spot_msgs/include/webots_spot_msgs/webots_spot_msgs/msg/rosidl_typesupport_introspection_c__visibility_control.h
[15.445s] -- Symlinking: /home/gisbert12843/Robotics_Prak/prak2_ws/install/webots_spot_msgs/include/webots_spot_msgs/webots_spot_msgs/srv/detail/block_pose__rosidl_typesupport_introspection_c.h
[15.452s] -- Symlinking: /home/gisbert12843/Robotics_Prak/prak2_ws/install/webots_spot_msgs/include/webots_spot_msgs/webots_spot_msgs/srv/detail/spot_height__rosidl_typesupport_introspection_c.h
[15.459s] -- Symlinking: /home/gisbert12843/Robotics_Prak/prak2_ws/install/webots_spot_msgs/include/webots_spot_msgs/webots_spot_msgs/srv/detail/spot_motion__rosidl_typesupport_introspection_c.h
[15.467s] -- Symlinking: /home/gisbert12843/Robotics_Prak/prak2_ws/install/webots_spot_msgs/include/webots_spot_msgs/webots_spot_msgs/action/detail/peak_and_detect_object__builder.hpp
[15.474s] -- Symlinking: /home/gisbert12843/Robotics_Prak/prak2_ws/install/webots_spot_msgs/include/webots_spot_msgs/webots_spot_msgs/action/detail/peak_and_detect_object__struct.hpp
[15.481s] -- Symlinking: /home/gisbert12843/Robotics_Prak/prak2_ws/install/webots_spot_msgs/include/webots_spot_msgs/webots_spot_msgs/action/detail/peak_and_detect_object__traits.hpp
[15.488s] -- Symlinking: /home/gisbert12843/Robotics_Prak/prak2_ws/install/webots_spot_msgs/include/webots_spot_msgs/webots_spot_msgs/action/detail/peak_and_detect_object__type_support.hpp
[15.495s] -- Symlinking: /home/gisbert12843/Robotics_Prak/prak2_ws/install/webots_spot_msgs/include/webots_spot_msgs/webots_spot_msgs/action/detail/stack__builder.hpp
[15.502s] -- Symlinking: /home/gisbert12843/Robotics_Prak/prak2_ws/install/webots_spot_msgs/include/webots_spot_msgs/webots_spot_msgs/action/detail/stack__struct.hpp
[15.509s] -- Symlinking: /home/gisbert12843/Robotics_Prak/prak2_ws/install/webots_spot_msgs/include/webots_spot_msgs/webots_spot_msgs/action/detail/stack__traits.hpp
[15.517s] -- Symlinking: /home/gisbert12843/Robotics_Prak/prak2_ws/install/webots_spot_msgs/include/webots_spot_msgs/webots_spot_msgs/action/detail/stack__type_support.hpp
[15.525s] -- Symlinking: /home/gisbert12843/Robotics_Prak/prak2_ws/install/webots_spot_msgs/include/webots_spot_msgs/webots_spot_msgs/action/peak_and_detect_object.hpp
[15.532s] -- Symlinking: /home/gisbert12843/Robotics_Prak/prak2_ws/install/webots_spot_msgs/include/webots_spot_msgs/webots_spot_msgs/action/stack.hpp
[15.539s] -- Symlinking: /home/gisbert12843/Robotics_Prak/prak2_ws/install/webots_spot_msgs/include/webots_spot_msgs/webots_spot_msgs/msg/detail/gait_input__builder.hpp
[15.547s] -- Symlinking: /home/gisbert12843/Robotics_Prak/prak2_ws/install/webots_spot_msgs/include/webots_spot_msgs/webots_spot_msgs/msg/detail/gait_input__struct.hpp
[15.554s] -- Symlinking: /home/gisbert12843/Robotics_Prak/prak2_ws/install/webots_spot_msgs/include/webots_spot_msgs/webots_spot_msgs/msg/detail/gait_input__traits.hpp
[15.561s] -- Symlinking: /home/gisbert12843/Robotics_Prak/prak2_ws/install/webots_spot_msgs/include/webots_spot_msgs/webots_spot_msgs/msg/detail/gait_input__type_support.hpp
[15.568s] -- Symlinking: /home/gisbert12843/Robotics_Prak/prak2_ws/install/webots_spot_msgs/include/webots_spot_msgs/webots_spot_msgs/msg/detail/int32__builder.hpp
[15.576s] -- Symlinking: /home/gisbert12843/Robotics_Prak/prak2_ws/install/webots_spot_msgs/include/webots_spot_msgs/webots_spot_msgs/msg/detail/int32__struct.hpp
[15.583s] -- Symlinking: /home/gisbert12843/Robotics_Prak/prak2_ws/install/webots_spot_msgs/include/webots_spot_msgs/webots_spot_msgs/msg/detail/int32__traits.hpp
[15.590s] -- Symlinking: /home/gisbert12843/Robotics_Prak/prak2_ws/install/webots_spot_msgs/include/webots_spot_msgs/webots_spot_msgs/msg/detail/int32__type_support.hpp
[15.597s] -- Symlinking: /home/gisbert12843/Robotics_Prak/prak2_ws/install/webots_spot_msgs/include/webots_spot_msgs/webots_spot_msgs/msg/detail/legs__builder.hpp
[15.605s] -- Symlinking: /home/gisbert12843/Robotics_Prak/prak2_ws/install/webots_spot_msgs/include/webots_spot_msgs/webots_spot_msgs/msg/detail/legs__struct.hpp
[15.612s] -- Symlinking: /home/gisbert12843/Robotics_Prak/prak2_ws/install/webots_spot_msgs/include/webots_spot_msgs/webots_spot_msgs/msg/detail/legs__traits.hpp
[15.620s] -- Symlinking: /home/gisbert12843/Robotics_Prak/prak2_ws/install/webots_spot_msgs/include/webots_spot_msgs/webots_spot_msgs/msg/detail/legs__type_support.hpp
[15.627s] -- Symlinking: /home/gisbert12843/Robotics_Prak/prak2_ws/install/webots_spot_msgs/include/webots_spot_msgs/webots_spot_msgs/msg/gait_input.hpp
[15.634s] -- Symlinking: /home/gisbert12843/Robotics_Prak/prak2_ws/install/webots_spot_msgs/include/webots_spot_msgs/webots_spot_msgs/msg/int32.hpp
[15.641s] -- Symlinking: /home/gisbert12843/Robotics_Prak/prak2_ws/install/webots_spot_msgs/include/webots_spot_msgs/webots_spot_msgs/msg/legs.hpp
[15.649s] -- Symlinking: /home/gisbert12843/Robotics_Prak/prak2_ws/install/webots_spot_msgs/include/webots_spot_msgs/webots_spot_msgs/msg/rosidl_generator_cpp__visibility_control.hpp
[15.656s] -- Symlinking: /home/gisbert12843/Robotics_Prak/prak2_ws/install/webots_spot_msgs/include/webots_spot_msgs/webots_spot_msgs/srv/block_pose.hpp
[15.663s] -- Symlinking: /home/gisbert12843/Robotics_Prak/prak2_ws/install/webots_spot_msgs/include/webots_spot_msgs/webots_spot_msgs/srv/detail/block_pose__builder.hpp
[15.670s] -- Symlinking: /home/gisbert12843/Robotics_Prak/prak2_ws/install/webots_spot_msgs/include/webots_spot_msgs/webots_spot_msgs/srv/detail/block_pose__struct.hpp
[15.677s] -- Symlinking: /home/gisbert12843/Robotics_Prak/prak2_ws/install/webots_spot_msgs/include/webots_spot_msgs/webots_spot_msgs/srv/detail/block_pose__traits.hpp
[15.685s] -- Symlinking: /home/gisbert12843/Robotics_Prak/prak2_ws/install/webots_spot_msgs/include/webots_spot_msgs/webots_spot_msgs/srv/detail/block_pose__type_support.hpp
[15.692s] -- Symlinking: /home/gisbert12843/Robotics_Prak/prak2_ws/install/webots_spot_msgs/include/webots_spot_msgs/webots_spot_msgs/srv/detail/spot_height__builder.hpp
[15.699s] -- Symlinking: /home/gisbert12843/Robotics_Prak/prak2_ws/install/webots_spot_msgs/include/webots_spot_msgs/webots_spot_msgs/srv/detail/spot_height__struct.hpp
[15.706s] -- Symlinking: /home/gisbert12843/Robotics_Prak/prak2_ws/install/webots_spot_msgs/include/webots_spot_msgs/webots_spot_msgs/srv/detail/spot_height__traits.hpp
[15.714s] -- Symlinking: /home/gisbert12843/Robotics_Prak/prak2_ws/install/webots_spot_msgs/include/webots_spot_msgs/webots_spot_msgs/srv/detail/spot_height__type_support.hpp
[15.721s] -- Symlinking: /home/gisbert12843/Robotics_Prak/prak2_ws/install/webots_spot_msgs/include/webots_spot_msgs/webots_spot_msgs/srv/detail/spot_motion__builder.hpp
[15.728s] -- Symlinking: /home/gisbert12843/Robotics_Prak/prak2_ws/install/webots_spot_msgs/include/webots_spot_msgs/webots_spot_msgs/srv/detail/spot_motion__struct.hpp
[15.735s] -- Symlinking: /home/gisbert12843/Robotics_Prak/prak2_ws/install/webots_spot_msgs/include/webots_spot_msgs/webots_spot_msgs/srv/detail/spot_motion__traits.hpp
[15.742s] -- Symlinking: /home/gisbert12843/Robotics_Prak/prak2_ws/install/webots_spot_msgs/include/webots_spot_msgs/webots_spot_msgs/srv/detail/spot_motion__type_support.hpp
[15.749s] -- Symlinking: /home/gisbert12843/Robotics_Prak/prak2_ws/install/webots_spot_msgs/include/webots_spot_msgs/webots_spot_msgs/srv/spot_height.hpp
[15.756s] -- Symlinking: /home/gisbert12843/Robotics_Prak/prak2_ws/install/webots_spot_msgs/include/webots_spot_msgs/webots_spot_msgs/srv/spot_motion.hpp
[15.764s] -- Symlinking: /home/gisbert12843/Robotics_Prak/prak2_ws/install/webots_spot_msgs/include/webots_spot_msgs/webots_spot_msgs/action/detail/peak_and_detect_object__rosidl_typesupport_fastrtps_cpp.hpp
[15.771s] -- Symlinking: /home/gisbert12843/Robotics_Prak/prak2_ws/install/webots_spot_msgs/include/webots_spot_msgs/webots_spot_msgs/action/detail/stack__rosidl_typesupport_fastrtps_cpp.hpp
[15.777s] -- Symlinking: /home/gisbert12843/Robotics_Prak/prak2_ws/install/webots_spot_msgs/include/webots_spot_msgs/webots_spot_msgs/msg/detail/gait_input__rosidl_typesupport_fastrtps_cpp.hpp
[15.785s] -- Symlinking: /home/gisbert12843/Robotics_Prak/prak2_ws/install/webots_spot_msgs/include/webots_spot_msgs/webots_spot_msgs/msg/detail/int32__rosidl_typesupport_fastrtps_cpp.hpp
[15.792s] -- Symlinking: /home/gisbert12843/Robotics_Prak/prak2_ws/install/webots_spot_msgs/include/webots_spot_msgs/webots_spot_msgs/msg/detail/legs__rosidl_typesupport_fastrtps_cpp.hpp
[15.799s] -- Symlinking: /home/gisbert12843/Robotics_Prak/prak2_ws/install/webots_spot_msgs/include/webots_spot_msgs/webots_spot_msgs/msg/rosidl_typesupport_fastrtps_cpp__visibility_control.h
[15.807s] -- Symlinking: /home/gisbert12843/Robotics_Prak/prak2_ws/install/webots_spot_msgs/include/webots_spot_msgs/webots_spot_msgs/srv/detail/block_pose__rosidl_typesupport_fastrtps_cpp.hpp
[15.814s] -- Symlinking: /home/gisbert12843/Robotics_Prak/prak2_ws/install/webots_spot_msgs/include/webots_spot_msgs/webots_spot_msgs/srv/detail/spot_height__rosidl_typesupport_fastrtps_cpp.hpp
[15.822s] -- Symlinking: /home/gisbert12843/Robotics_Prak/prak2_ws/install/webots_spot_msgs/include/webots_spot_msgs/webots_spot_msgs/srv/detail/spot_motion__rosidl_typesupport_fastrtps_cpp.hpp
[15.829s] -- Symlinking: /home/gisbert12843/Robotics_Prak/prak2_ws/install/webots_spot_msgs/include/webots_spot_msgs/webots_spot_msgs/action/detail/peak_and_detect_object__rosidl_typesupport_introspection_cpp.hpp
[15.837s] -- Symlinking: /home/gisbert12843/Robotics_Prak/prak2_ws/install/webots_spot_msgs/include/webots_spot_msgs/webots_spot_msgs/action/detail/stack__rosidl_typesupport_introspection_cpp.hpp
[15.844s] -- Symlinking: /home/gisbert12843/Robotics_Prak/prak2_ws/install/webots_spot_msgs/include/webots_spot_msgs/webots_spot_msgs/msg/detail/gait_input__rosidl_typesupport_introspection_cpp.hpp
[15.851s] -- Symlinking: /home/gisbert12843/Robotics_Prak/prak2_ws/install/webots_spot_msgs/include/webots_spot_msgs/webots_spot_msgs/msg/detail/int32__rosidl_typesupport_introspection_cpp.hpp
[15.858s] -- Symlinking: /home/gisbert12843/Robotics_Prak/prak2_ws/install/webots_spot_msgs/include/webots_spot_msgs/webots_spot_msgs/msg/detail/legs__rosidl_typesupport_introspection_cpp.hpp
[15.866s] -- Symlinking: /home/gisbert12843/Robotics_Prak/prak2_ws/install/webots_spot_msgs/include/webots_spot_msgs/webots_spot_msgs/srv/detail/block_pose__rosidl_typesupport_introspection_cpp.hpp
[15.873s] -- Symlinking: /home/gisbert12843/Robotics_Prak/prak2_ws/install/webots_spot_msgs/include/webots_spot_msgs/webots_spot_msgs/srv/detail/spot_height__rosidl_typesupport_introspection_cpp.hpp
[15.880s] -- Symlinking: /home/gisbert12843/Robotics_Prak/prak2_ws/install/webots_spot_msgs/include/webots_spot_msgs/webots_spot_msgs/srv/detail/spot_motion__rosidl_typesupport_introspection_cpp.hpp
[15.888s] -- Symlinking: /home/gisbert12843/Robotics_Prak/prak2_ws/install/webots_spot_msgs/share/webots_spot_msgs/environment/pythonpath.sh
[15.895s] -- Symlinking: /home/gisbert12843/Robotics_Prak/prak2_ws/install/webots_spot_msgs/share/webots_spot_msgs/environment/pythonpath.dsv
[15.902s] -- Symlinking: /home/gisbert12843/Robotics_Prak/prak2_ws/install/webots_spot_msgs/local/lib/python3.10/dist-packages/webots_spot_msgs-0.0.0-py3.10.egg-info/PKG-INFO
[15.910s] -- Symlinking: /home/gisbert12843/Robotics_Prak/prak2_ws/install/webots_spot_msgs/local/lib/python3.10/dist-packages/webots_spot_msgs-0.0.0-py3.10.egg-info/SOURCES.txt
[15.917s] -- Symlinking: /home/gisbert12843/Robotics_Prak/prak2_ws/install/webots_spot_msgs/local/lib/python3.10/dist-packages/webots_spot_msgs-0.0.0-py3.10.egg-info/dependency_links.txt
[15.925s] -- Symlinking: /home/gisbert12843/Robotics_Prak/prak2_ws/install/webots_spot_msgs/local/lib/python3.10/dist-packages/webots_spot_msgs-0.0.0-py3.10.egg-info/top_level.txt
[15.932s] -- Symlinking: /home/gisbert12843/Robotics_Prak/prak2_ws/install/webots_spot_msgs/local/lib/python3.10/dist-packages/webots_spot_msgs/__init__.py
[15.939s] -- Symlinking: /home/gisbert12843/Robotics_Prak/prak2_ws/install/webots_spot_msgs/local/lib/python3.10/dist-packages/webots_spot_msgs/_webots_spot_msgs_s.ep.rosidl_typesupport_c.c
[15.946s] -- Symlinking: /home/gisbert12843/Robotics_Prak/prak2_ws/install/webots_spot_msgs/local/lib/python3.10/dist-packages/webots_spot_msgs/_webots_spot_msgs_s.ep.rosidl_typesupport_fastrtps_c.c
[15.954s] -- Symlinking: /home/gisbert12843/Robotics_Prak/prak2_ws/install/webots_spot_msgs/local/lib/python3.10/dist-packages/webots_spot_msgs/_webots_spot_msgs_s.ep.rosidl_typesupport_introspection_c.c
[15.961s] -- Symlinking: /home/gisbert12843/Robotics_Prak/prak2_ws/install/webots_spot_msgs/local/lib/python3.10/dist-packages/webots_spot_msgs/action/__init__.py
[15.968s] -- Symlinking: /home/gisbert12843/Robotics_Prak/prak2_ws/install/webots_spot_msgs/local/lib/python3.10/dist-packages/webots_spot_msgs/action/_peak_and_detect_object.py
[15.975s] -- Symlinking: /home/gisbert12843/Robotics_Prak/prak2_ws/install/webots_spot_msgs/local/lib/python3.10/dist-packages/webots_spot_msgs/action/_peak_and_detect_object_s.c
[15.982s] -- Symlinking: /home/gisbert12843/Robotics_Prak/prak2_ws/install/webots_spot_msgs/local/lib/python3.10/dist-packages/webots_spot_msgs/action/_stack.py
[15.990s] -- Symlinking: /home/gisbert12843/Robotics_Prak/prak2_ws/install/webots_spot_msgs/local/lib/python3.10/dist-packages/webots_spot_msgs/action/_stack_s.c
[15.997s] -- Symlinking: /home/gisbert12843/Robotics_Prak/prak2_ws/install/webots_spot_msgs/local/lib/python3.10/dist-packages/webots_spot_msgs/libwebots_spot_msgs__rosidl_generator_py.so
[16.004s] -- Symlinking: /home/gisbert12843/Robotics_Prak/prak2_ws/install/webots_spot_msgs/local/lib/python3.10/dist-packages/webots_spot_msgs/msg/__init__.py
[16.012s] -- Symlinking: /home/gisbert12843/Robotics_Prak/prak2_ws/install/webots_spot_msgs/local/lib/python3.10/dist-packages/webots_spot_msgs/msg/_gait_input.py
[16.019s] -- Symlinking: /home/gisbert12843/Robotics_Prak/prak2_ws/install/webots_spot_msgs/local/lib/python3.10/dist-packages/webots_spot_msgs/msg/_gait_input_s.c
[16.026s] -- Symlinking: /home/gisbert12843/Robotics_Prak/prak2_ws/install/webots_spot_msgs/local/lib/python3.10/dist-packages/webots_spot_msgs/msg/_int32.py
[16.034s] -- Symlinking: /home/gisbert12843/Robotics_Prak/prak2_ws/install/webots_spot_msgs/local/lib/python3.10/dist-packages/webots_spot_msgs/msg/_int32_s.c
[16.041s] -- Symlinking: /home/gisbert12843/Robotics_Prak/prak2_ws/install/webots_spot_msgs/local/lib/python3.10/dist-packages/webots_spot_msgs/msg/_legs.py
[16.048s] -- Symlinking: /home/gisbert12843/Robotics_Prak/prak2_ws/install/webots_spot_msgs/local/lib/python3.10/dist-packages/webots_spot_msgs/msg/_legs_s.c
[16.055s] -- Symlinking: /home/gisbert12843/Robotics_Prak/prak2_ws/install/webots_spot_msgs/local/lib/python3.10/dist-packages/webots_spot_msgs/srv/__init__.py
[16.063s] -- Symlinking: /home/gisbert12843/Robotics_Prak/prak2_ws/install/webots_spot_msgs/local/lib/python3.10/dist-packages/webots_spot_msgs/srv/_block_pose.py
[16.070s] -- Symlinking: /home/gisbert12843/Robotics_Prak/prak2_ws/install/webots_spot_msgs/local/lib/python3.10/dist-packages/webots_spot_msgs/srv/_block_pose_s.c
[16.077s] -- Symlinking: /home/gisbert12843/Robotics_Prak/prak2_ws/install/webots_spot_msgs/local/lib/python3.10/dist-packages/webots_spot_msgs/srv/_spot_height.py
[16.085s] -- Symlinking: /home/gisbert12843/Robotics_Prak/prak2_ws/install/webots_spot_msgs/local/lib/python3.10/dist-packages/webots_spot_msgs/srv/_spot_height_s.c
[16.092s] -- Symlinking: /home/gisbert12843/Robotics_Prak/prak2_ws/install/webots_spot_msgs/local/lib/python3.10/dist-packages/webots_spot_msgs/srv/_spot_motion.py
[16.099s] -- Symlinking: /home/gisbert12843/Robotics_Prak/prak2_ws/install/webots_spot_msgs/local/lib/python3.10/dist-packages/webots_spot_msgs/srv/_spot_motion_s.c
[16.106s] -- Symlinking: /home/gisbert12843/Robotics_Prak/prak2_ws/install/webots_spot_msgs/local/lib/python3.10/dist-packages/webots_spot_msgs/webots_spot_msgs_s__rosidl_typesupport_c.cpython-310-x86_64-linux-gnu.so
[16.114s] -- Symlinking: /home/gisbert12843/Robotics_Prak/prak2_ws/install/webots_spot_msgs/local/lib/python3.10/dist-packages/webots_spot_msgs/webots_spot_msgs_s__rosidl_typesupport_fastrtps_c.cpython-310-x86_64-linux-gnu.so
[16.121s] -- Symlinking: /home/gisbert12843/Robotics_Prak/prak2_ws/install/webots_spot_msgs/local/lib/python3.10/dist-packages/webots_spot_msgs/webots_spot_msgs_s__rosidl_typesupport_introspection_c.cpython-310-x86_64-linux-gnu.so
[16.128s] -- Up-to-date symlink: /home/gisbert12843/Robotics_Prak/prak2_ws/install/webots_spot_msgs/local/lib/python3.10/dist-packages/webots_spot_msgs/webots_spot_msgs_s__rosidl_typesupport_fastrtps_c.cpython-310-x86_64-linux-gnu.so
[16.129s] -- Up-to-date symlink: /home/gisbert12843/Robotics_Prak/prak2_ws/install/webots_spot_msgs/local/lib/python3.10/dist-packages/webots_spot_msgs/webots_spot_msgs_s__rosidl_typesupport_introspection_c.cpython-310-x86_64-linux-gnu.so
[16.129s] -- Up-to-date symlink: /home/gisbert12843/Robotics_Prak/prak2_ws/install/webots_spot_msgs/local/lib/python3.10/dist-packages/webots_spot_msgs/webots_spot_msgs_s__rosidl_typesupport_c.cpython-310-x86_64-linux-gnu.so
[16.129s] -- Symlinking: /home/gisbert12843/Robotics_Prak/prak2_ws/install/webots_spot_msgs/share/webots_spot_msgs/msg/Int32.idl
[16.136s] -- Symlinking: /home/gisbert12843/Robotics_Prak/prak2_ws/install/webots_spot_msgs/share/webots_spot_msgs/msg/Legs.idl
[16.143s] -- Symlinking: /home/gisbert12843/Robotics_Prak/prak2_ws/install/webots_spot_msgs/share/webots_spot_msgs/msg/GaitInput.idl
[16.151s] -- Symlinking: /home/gisbert12843/Robotics_Prak/prak2_ws/install/webots_spot_msgs/share/webots_spot_msgs/srv/SpotMotion.idl
[16.158s] -- Symlinking: /home/gisbert12843/Robotics_Prak/prak2_ws/install/webots_spot_msgs/share/webots_spot_msgs/srv/SpotHeight.idl
[16.166s] -- Symlinking: /home/gisbert12843/Robotics_Prak/prak2_ws/install/webots_spot_msgs/share/webots_spot_msgs/srv/BlockPose.idl
[16.173s] -- Symlinking: /home/gisbert12843/Robotics_Prak/prak2_ws/install/webots_spot_msgs/share/webots_spot_msgs/action/Stack.idl
[16.180s] -- Symlinking: /home/gisbert12843/Robotics_Prak/prak2_ws/install/webots_spot_msgs/share/webots_spot_msgs/action/PeakAndDetectObject.idl
[16.188s] -- Symlinking: /home/gisbert12843/Robotics_Prak/prak2_ws/install/webots_spot_msgs/share/webots_spot_msgs/msg/Int32.msg
[16.195s] -- Symlinking: /home/gisbert12843/Robotics_Prak/prak2_ws/install/webots_spot_msgs/share/webots_spot_msgs/msg/Legs.msg
[16.203s] -- Symlinking: /home/gisbert12843/Robotics_Prak/prak2_ws/install/webots_spot_msgs/share/webots_spot_msgs/msg/GaitInput.msg
[16.210s] -- Symlinking: /home/gisbert12843/Robotics_Prak/prak2_ws/install/webots_spot_msgs/share/webots_spot_msgs/srv/SpotMotion.srv
[16.217s] -- Symlinking: /home/gisbert12843/Robotics_Prak/prak2_ws/install/webots_spot_msgs/share/webots_spot_msgs/srv/SpotMotion_Request.msg
[16.225s] -- Symlinking: /home/gisbert12843/Robotics_Prak/prak2_ws/install/webots_spot_msgs/share/webots_spot_msgs/srv/SpotMotion_Response.msg
[16.233s] -- Symlinking: /home/gisbert12843/Robotics_Prak/prak2_ws/install/webots_spot_msgs/share/webots_spot_msgs/srv/SpotHeight.srv
[16.240s] -- Symlinking: /home/gisbert12843/Robotics_Prak/prak2_ws/install/webots_spot_msgs/share/webots_spot_msgs/srv/SpotHeight_Request.msg
[16.248s] -- Symlinking: /home/gisbert12843/Robotics_Prak/prak2_ws/install/webots_spot_msgs/share/webots_spot_msgs/srv/SpotHeight_Response.msg
[16.255s] -- Symlinking: /home/gisbert12843/Robotics_Prak/prak2_ws/install/webots_spot_msgs/share/webots_spot_msgs/srv/BlockPose.srv
[16.262s] -- Symlinking: /home/gisbert12843/Robotics_Prak/prak2_ws/install/webots_spot_msgs/share/webots_spot_msgs/srv/BlockPose_Request.msg
[16.270s] -- Symlinking: /home/gisbert12843/Robotics_Prak/prak2_ws/install/webots_spot_msgs/share/webots_spot_msgs/srv/BlockPose_Response.msg
[16.277s] -- Symlinking: /home/gisbert12843/Robotics_Prak/prak2_ws/install/webots_spot_msgs/share/webots_spot_msgs/action/Stack.action
[16.285s] -- Symlinking: /home/gisbert12843/Robotics_Prak/prak2_ws/install/webots_spot_msgs/share/webots_spot_msgs/action/PeakAndDetectObject.action
[16.293s] -- Symlinking: /home/gisbert12843/Robotics_Prak/prak2_ws/install/webots_spot_msgs/share/ament_index/resource_index/package_run_dependencies/webots_spot_msgs
[16.300s] -- Symlinking: /home/gisbert12843/Robotics_Prak/prak2_ws/install/webots_spot_msgs/share/ament_index/resource_index/parent_prefix_path/webots_spot_msgs
[16.308s] -- Symlinking: /home/gisbert12843/Robotics_Prak/prak2_ws/install/webots_spot_msgs/share/webots_spot_msgs/environment/ament_prefix_path.sh
[16.315s] -- Symlinking: /home/gisbert12843/Robotics_Prak/prak2_ws/install/webots_spot_msgs/share/webots_spot_msgs/environment/ament_prefix_path.dsv
[16.323s] -- Symlinking: /home/gisbert12843/Robotics_Prak/prak2_ws/install/webots_spot_msgs/share/webots_spot_msgs/environment/path.sh
[16.330s] -- Symlinking: /home/gisbert12843/Robotics_Prak/prak2_ws/install/webots_spot_msgs/share/webots_spot_msgs/environment/path.dsv
[16.337s] -- Symlinking: /home/gisbert12843/Robotics_Prak/prak2_ws/install/webots_spot_msgs/share/webots_spot_msgs/local_setup.bash
[16.345s] -- Symlinking: /home/gisbert12843/Robotics_Prak/prak2_ws/install/webots_spot_msgs/share/webots_spot_msgs/local_setup.sh
[16.353s] -- Symlinking: /home/gisbert12843/Robotics_Prak/prak2_ws/install/webots_spot_msgs/share/webots_spot_msgs/local_setup.zsh
[16.360s] -- Symlinking: /home/gisbert12843/Robotics_Prak/prak2_ws/install/webots_spot_msgs/share/webots_spot_msgs/local_setup.dsv
[16.367s] -- Symlinking: /home/gisbert12843/Robotics_Prak/prak2_ws/install/webots_spot_msgs/share/webots_spot_msgs/package.dsv
[16.375s] -- Symlinking: /home/gisbert12843/Robotics_Prak/prak2_ws/install/webots_spot_msgs/share/ament_index/resource_index/packages/webots_spot_msgs
[16.382s] -- Symlinking: /home/gisbert12843/Robotics_Prak/prak2_ws/install/webots_spot_msgs/share/webots_spot_msgs/cmake/rosidl_cmake-extras.cmake
[16.389s] -- Symlinking: /home/gisbert12843/Robotics_Prak/prak2_ws/install/webots_spot_msgs/share/webots_spot_msgs/cmake/ament_cmake_export_dependencies-extras.cmake
[16.397s] -- Symlinking: /home/gisbert12843/Robotics_Prak/prak2_ws/install/webots_spot_msgs/share/webots_spot_msgs/cmake/ament_cmake_export_include_directories-extras.cmake
[16.404s] -- Symlinking: /home/gisbert12843/Robotics_Prak/prak2_ws/install/webots_spot_msgs/share/webots_spot_msgs/cmake/ament_cmake_export_libraries-extras.cmake
[16.411s] -- Symlinking: /home/gisbert12843/Robotics_Prak/prak2_ws/install/webots_spot_msgs/share/webots_spot_msgs/cmake/ament_cmake_export_targets-extras.cmake
[16.418s] -- Symlinking: /home/gisbert12843/Robotics_Prak/prak2_ws/install/webots_spot_msgs/share/webots_spot_msgs/cmake/rosidl_cmake_export_typesupport_targets-extras.cmake
[16.426s] -- Symlinking: /home/gisbert12843/Robotics_Prak/prak2_ws/install/webots_spot_msgs/share/webots_spot_msgs/cmake/rosidl_cmake_export_typesupport_libraries-extras.cmake
[16.433s] -- Symlinking: /home/gisbert12843/Robotics_Prak/prak2_ws/install/webots_spot_msgs/share/webots_spot_msgs/cmake/webots_spot_msgsConfig.cmake
[16.440s] -- Symlinking: /home/gisbert12843/Robotics_Prak/prak2_ws/install/webots_spot_msgs/share/webots_spot_msgs/cmake/webots_spot_msgsConfig-version.cmake
[16.448s] -- Symlinking: /home/gisbert12843/Robotics_Prak/prak2_ws/install/webots_spot_msgs/share/webots_spot_msgs/package.xml
[16.455s] -- Installing: /home/gisbert12843/Robotics_Prak/prak2_ws/install/webots_spot_msgs/lib/libwebots_spot_msgs__rosidl_generator_c.so
[16.455s] -- Set runtime path of "/home/gisbert12843/Robotics_Prak/prak2_ws/install/webots_spot_msgs/lib/libwebots_spot_msgs__rosidl_generator_c.so" to ""
[16.456s] -- Installing: /home/gisbert12843/Robotics_Prak/prak2_ws/install/webots_spot_msgs/lib/libwebots_spot_msgs__rosidl_typesupport_fastrtps_c.so
[16.456s] -- Set runtime path of "/home/gisbert12843/Robotics_Prak/prak2_ws/install/webots_spot_msgs/lib/libwebots_spot_msgs__rosidl_typesupport_fastrtps_c.so" to ""
[16.456s] -- Installing: /home/gisbert12843/Robotics_Prak/prak2_ws/install/webots_spot_msgs/lib/libwebots_spot_msgs__rosidl_typesupport_introspection_c.so
[16.456s] -- Set runtime path of "/home/gisbert12843/Robotics_Prak/prak2_ws/install/webots_spot_msgs/lib/libwebots_spot_msgs__rosidl_typesupport_introspection_c.so" to ""
[16.456s] -- Installing: /home/gisbert12843/Robotics_Prak/prak2_ws/install/webots_spot_msgs/lib/libwebots_spot_msgs__rosidl_typesupport_c.so
[16.456s] -- Set runtime path of "/home/gisbert12843/Robotics_Prak/prak2_ws/install/webots_spot_msgs/lib/libwebots_spot_msgs__rosidl_typesupport_c.so" to ""
[16.456s] -- Installing: /home/gisbert12843/Robotics_Prak/prak2_ws/install/webots_spot_msgs/lib/libwebots_spot_msgs__rosidl_typesupport_fastrtps_cpp.so
[16.457s] -- Set runtime path of "/home/gisbert12843/Robotics_Prak/prak2_ws/install/webots_spot_msgs/lib/libwebots_spot_msgs__rosidl_typesupport_fastrtps_cpp.so" to ""
[16.457s] -- Installing: /home/gisbert12843/Robotics_Prak/prak2_ws/install/webots_spot_msgs/lib/libwebots_spot_msgs__rosidl_typesupport_introspection_cpp.so
[16.457s] -- Set runtime path of "/home/gisbert12843/Robotics_Prak/prak2_ws/install/webots_spot_msgs/lib/libwebots_spot_msgs__rosidl_typesupport_introspection_cpp.so" to ""
[16.457s] -- Installing: /home/gisbert12843/Robotics_Prak/prak2_ws/install/webots_spot_msgs/lib/libwebots_spot_msgs__rosidl_typesupport_cpp.so
[16.457s] -- Set runtime path of "/home/gisbert12843/Robotics_Prak/prak2_ws/install/webots_spot_msgs/lib/libwebots_spot_msgs__rosidl_typesupport_cpp.so" to ""
[16.520s] Listing '/home/gisbert12843/Robotics_Prak/prak2_ws/install/webots_spot_msgs/local/lib/python3.10/dist-packages/webots_spot_msgs'...
[16.520s] Compiling '/home/gisbert12843/Robotics_Prak/prak2_ws/install/webots_spot_msgs/local/lib/python3.10/dist-packages/webots_spot_msgs/__init__.py'...
[16.521s] Listing '/home/gisbert12843/Robotics_Prak/prak2_ws/install/webots_spot_msgs/local/lib/python3.10/dist-packages/webots_spot_msgs/action'...
[16.521s] Compiling '/home/gisbert12843/Robotics_Prak/prak2_ws/install/webots_spot_msgs/local/lib/python3.10/dist-packages/webots_spot_msgs/action/__init__.py'...
[16.521s] Compiling '/home/gisbert12843/Robotics_Prak/prak2_ws/install/webots_spot_msgs/local/lib/python3.10/dist-packages/webots_spot_msgs/action/_peak_and_detect_object.py'...
[16.521s] Compiling '/home/gisbert12843/Robotics_Prak/prak2_ws/install/webots_spot_msgs/local/lib/python3.10/dist-packages/webots_spot_msgs/action/_stack.py'...
[16.521s] Listing '/home/gisbert12843/Robotics_Prak/prak2_ws/install/webots_spot_msgs/local/lib/python3.10/dist-packages/webots_spot_msgs/msg'...
[16.521s] Compiling '/home/gisbert12843/Robotics_Prak/prak2_ws/install/webots_spot_msgs/local/lib/python3.10/dist-packages/webots_spot_msgs/msg/__init__.py'...
[16.521s] Compiling '/home/gisbert12843/Robotics_Prak/prak2_ws/install/webots_spot_msgs/local/lib/python3.10/dist-packages/webots_spot_msgs/msg/_gait_input.py'...
[16.521s] Compiling '/home/gisbert12843/Robotics_Prak/prak2_ws/install/webots_spot_msgs/local/lib/python3.10/dist-packages/webots_spot_msgs/msg/_int32.py'...
[16.521s] Compiling '/home/gisbert12843/Robotics_Prak/prak2_ws/install/webots_spot_msgs/local/lib/python3.10/dist-packages/webots_spot_msgs/msg/_legs.py'...
[16.521s] Listing '/home/gisbert12843/Robotics_Prak/prak2_ws/install/webots_spot_msgs/local/lib/python3.10/dist-packages/webots_spot_msgs/srv'...
[16.522s] Compiling '/home/gisbert12843/Robotics_Prak/prak2_ws/install/webots_spot_msgs/local/lib/python3.10/dist-packages/webots_spot_msgs/srv/__init__.py'...
[16.522s] Compiling '/home/gisbert12843/Robotics_Prak/prak2_ws/install/webots_spot_msgs/local/lib/python3.10/dist-packages/webots_spot_msgs/srv/_block_pose.py'...
[16.522s] Compiling '/home/gisbert12843/Robotics_Prak/prak2_ws/install/webots_spot_msgs/local/lib/python3.10/dist-packages/webots_spot_msgs/srv/_spot_height.py'...
[16.522s] Compiling '/home/gisbert12843/Robotics_Prak/prak2_ws/install/webots_spot_msgs/local/lib/python3.10/dist-packages/webots_spot_msgs/srv/_spot_motion.py'...
[16.525s] -- Installing: /home/gisbert12843/Robotics_Prak/prak2_ws/install/webots_spot_msgs/lib/libwebots_spot_msgs__rosidl_generator_py.so
[16.526s] -- Set runtime path of "/home/gisbert12843/Robotics_Prak/prak2_ws/install/webots_spot_msgs/lib/libwebots_spot_msgs__rosidl_generator_py.so" to ""
[16.526s] -- Installing: /home/gisbert12843/Robotics_Prak/prak2_ws/install/webots_spot_msgs/share/webots_spot_msgs/cmake/export_webots_spot_msgs__rosidl_generator_cExport.cmake
[16.526s] -- Installing: /home/gisbert12843/Robotics_Prak/prak2_ws/install/webots_spot_msgs/share/webots_spot_msgs/cmake/export_webots_spot_msgs__rosidl_generator_cExport-noconfig.cmake
[16.526s] -- Installing: /home/gisbert12843/Robotics_Prak/prak2_ws/install/webots_spot_msgs/share/webots_spot_msgs/cmake/export_webots_spot_msgs__rosidl_typesupport_fastrtps_cExport.cmake
[16.526s] -- Installing: /home/gisbert12843/Robotics_Prak/prak2_ws/install/webots_spot_msgs/share/webots_spot_msgs/cmake/export_webots_spot_msgs__rosidl_typesupport_fastrtps_cExport-noconfig.cmake
[16.526s] -- Installing: /home/gisbert12843/Robotics_Prak/prak2_ws/install/webots_spot_msgs/share/webots_spot_msgs/cmake/webots_spot_msgs__rosidl_typesupport_introspection_cExport.cmake
[16.526s] -- Installing: /home/gisbert12843/Robotics_Prak/prak2_ws/install/webots_spot_msgs/share/webots_spot_msgs/cmake/webots_spot_msgs__rosidl_typesupport_introspection_cExport-noconfig.cmake
[16.527s] -- Installing: /home/gisbert12843/Robotics_Prak/prak2_ws/install/webots_spot_msgs/share/webots_spot_msgs/cmake/webots_spot_msgs__rosidl_typesupport_cExport.cmake
[16.527s] -- Installing: /home/gisbert12843/Robotics_Prak/prak2_ws/install/webots_spot_msgs/share/webots_spot_msgs/cmake/webots_spot_msgs__rosidl_typesupport_cExport-noconfig.cmake
[16.527s] -- Installing: /home/gisbert12843/Robotics_Prak/prak2_ws/install/webots_spot_msgs/share/webots_spot_msgs/cmake/export_webots_spot_msgs__rosidl_generator_cppExport.cmake
[16.527s] -- Installing: /home/gisbert12843/Robotics_Prak/prak2_ws/install/webots_spot_msgs/share/webots_spot_msgs/cmake/export_webots_spot_msgs__rosidl_typesupport_fastrtps_cppExport.cmake
[16.527s] -- Installing: /home/gisbert12843/Robotics_Prak/prak2_ws/install/webots_spot_msgs/share/webots_spot_msgs/cmake/export_webots_spot_msgs__rosidl_typesupport_fastrtps_cppExport-noconfig.cmake
[16.527s] -- Installing: /home/gisbert12843/Robotics_Prak/prak2_ws/install/webots_spot_msgs/share/webots_spot_msgs/cmake/webots_spot_msgs__rosidl_typesupport_introspection_cppExport.cmake
[16.527s] -- Installing: /home/gisbert12843/Robotics_Prak/prak2_ws/install/webots_spot_msgs/share/webots_spot_msgs/cmake/webots_spot_msgs__rosidl_typesupport_introspection_cppExport-noconfig.cmake
[16.527s] -- Installing: /home/gisbert12843/Robotics_Prak/prak2_ws/install/webots_spot_msgs/share/webots_spot_msgs/cmake/webots_spot_msgs__rosidl_typesupport_cppExport.cmake
[16.527s] -- Installing: /home/gisbert12843/Robotics_Prak/prak2_ws/install/webots_spot_msgs/share/webots_spot_msgs/cmake/webots_spot_msgs__rosidl_typesupport_cppExport-noconfig.cmake
[16.528s] -- Installing: /home/gisbert12843/Robotics_Prak/prak2_ws/install/webots_spot_msgs/share/webots_spot_msgs/cmake/export_webots_spot_msgs__rosidl_generator_pyExport.cmake
[16.528s] -- Installing: /home/gisbert12843/Robotics_Prak/prak2_ws/install/webots_spot_msgs/share/webots_spot_msgs/cmake/export_webots_spot_msgs__rosidl_generator_pyExport-noconfig.cmake
[16.530s] Invoked command in '/home/gisbert12843/Robotics_Prak/prak2_ws/build/webots_spot_msgs' returned '0': CMAKE_PREFIX_PATH=${CMAKE_PREFIX_PATH}:/home/gisbert12843/ros2_ws/install/webots_ros2:/home/gisbert12843/ros2_ws/install/webots_ros2_universal_robot:/home/gisbert12843/ros2_ws/install/webots_ros2_turtlebot:/home/gisbert12843/ros2_ws/install/webots_ros2_tiago:/home/gisbert12843/ros2_ws/install/webots_ros2_tests:/home/gisbert12843/ros2_ws/install/webots_ros2_tesla:/home/gisbert12843/ros2_ws/install/webots_ros2_mavic:/home/gisbert12843/ros2_ws/install/webots_ros2_epuck:/home/gisbert12843/ros2_ws/install/webots_ros2_importer:/home/gisbert12843/Robotics_Prak/prak2_ws/install/webots_spot_teleop:/home/gisbert12843/Robotics_Prak/prak2_ws/install/webots_spot:/home/gisbert12843/Robotics_Prak/prak2_ws/install/webots_ros2:/home/gisbert12843/Robotics_Prak/prak2_ws/install/webots_ros2_universal_robot:/home/gisbert12843/Robotics_Prak/prak2_ws/install/webots_ros2_turtlebot:/home/gisbert12843/Robotics_Prak/prak2_ws/install/webots_ros2_tiago:/home/gisbert12843/Robotics_Prak/prak2_ws/install/webots_ros2_tests:/home/gisbert12843/Robotics_Prak/prak2_ws/install/webots_ros2_tesla:/home/gisbert12843/Robotics_Prak/prak2_ws/install/webots_ros2_mavic:/home/gisbert12843/Robotics_Prak/prak2_ws/install/webots_ros2_epuck:/home/gisbert12843/Robotics_Prak/prak2_ws/install/webots_ros2_importer:/home/gisbert12843/Robotics_Prak/prak2_ws/install/prak2_pkg:/opt/ros/humble /usr/bin/cmake --install /home/gisbert12843/Robotics_Prak/prak2_ws/build/webots_spot_msgs
