[0.224s] Invoking command in '/home/gisbert12843/Projects/Robotics_Prak/prak2_ws/build/webots_ros2_msgs': CMAKE_PREFIX_PATH=${CMAKE_PREFIX_PATH}:/home/gisbert12843/Projects/Robotics_Prak/prak2_ws/install/webots_spot_teleop:/home/gisbert12843/Projects/Robotics_Prak/prak2_ws/install/webots_spot:/home/gisbert12843/Projects/Robotics_Prak/prak2_ws/install/webots_ros2:/home/gisbert12843/Projects/Robotics_Prak/prak2_ws/install/webots_ros2_universal_robot:/home/gisbert12843/Projects/Robotics_Prak/prak2_ws/install/webots_ros2_turtlebot:/home/gisbert12843/Projects/Robotics_Prak/prak2_ws/install/webots_ros2_tiago:/home/gisbert12843/Projects/Robotics_Prak/prak2_ws/install/webots_ros2_tests:/home/gisbert12843/Projects/Robotics_Prak/prak2_ws/install/webots_ros2_tesla:/home/gisbert12843/Projects/Robotics_Prak/prak2_ws/install/webots_ros2_mavic:/home/gisbert12843/Projects/Robotics_Prak/prak2_ws/install/webots_ros2_epuck:/home/gisbert12843/Projects/Robotics_Prak/prak2_ws/install/webots_ros2_importer:/home/gisbert12843/Projects/Robotics_Prak/prak2_ws/install/prak2_pkg:/opt/ros/humble /usr/bin/cmake --build /home/gisbert12843/Projects/Robotics_Prak/prak2_ws/build/webots_ros2_msgs -- -j12 -l12
[0.300s] -- Found ament_cmake: 1.3.10 (/opt/ros/humble/share/ament_cmake/cmake)
[0.347s] -- Found Python3: /usr/bin/python3 (found version "3.11.10") found components: Interpreter 
[0.399s] -- Override CMake install command with custom implementation using symlinks instead of copying resources
[0.416s] -- Found builtin_interfaces: 1.2.1 (/opt/ros/humble/share/builtin_interfaces/cmake)
[0.485s] -- Found rosidl_generator_c: 3.1.5 (/opt/ros/humble/share/rosidl_generator_c/cmake)
[0.487s] -- Found rosidl_adapter: 3.1.5 (/opt/ros/humble/share/rosidl_adapter/cmake)
[0.493s] -- Found rosidl_generator_cpp: 3.1.5 (/opt/ros/humble/share/rosidl_generator_cpp/cmake)
[0.504s] -- Using all available rosidl_typesupport_c: rosidl_typesupport_fastrtps_c;rosidl_typesupport_introspection_c
[0.514s] -- Using all available rosidl_typesupport_cpp: rosidl_typesupport_fastrtps_cpp;rosidl_typesupport_introspection_cpp
[0.523s] -- Found rosidl_default_generators: 1.2.0 (/opt/ros/humble/share/rosidl_default_generators/cmake)
[0.528s] -- Found geometry_msgs: 4.2.4 (/opt/ros/humble/share/geometry_msgs/cmake)
[0.557s] -- Found vision_msgs: 4.1.1 (/opt/ros/humble/share/vision_msgs/cmake)
[0.861s] -- Found ament_cmake_cppcheck: 0.12.11 (/opt/ros/humble/share/ament_cmake_cppcheck/cmake)
[0.862s] -- Found ament_cmake_cpplint: 0.12.11 (/opt/ros/humble/share/ament_cmake_cpplint/cmake)
[0.863s] -- Found ament_cmake_uncrustify: 0.12.11 (/opt/ros/humble/share/ament_cmake_uncrustify/cmake)
[0.864s] -- Found ament_cmake_ros: 0.10.0 (/opt/ros/humble/share/ament_cmake_ros/cmake)
[1.203s] -- Using all available rosidl_typesupport_c: rosidl_typesupport_fastrtps_c;rosidl_typesupport_introspection_c
[1.352s] -- Using all available rosidl_typesupport_cpp: rosidl_typesupport_fastrtps_cpp;rosidl_typesupport_introspection_cpp
[1.374s] -- Found PythonInterp: /usr/bin/python3 (found suitable version "3.11.10", minimum required is "3.6") 
[1.375s] -- Found python_cmake_module: 0.10.0 (/opt/ros/humble/share/python_cmake_module/cmake)
[1.397s] -- Using PYTHON_EXECUTABLE: /usr/bin/python3
[1.397s] -- Using PYTHON_INCLUDE_DIRS: /usr/include/python3.10
[1.397s] -- Using PYTHON_LIBRARIES: /usr/lib/x86_64-linux-gnu/libpython3.10.so
[1.463s] -- Found ament_cmake_flake8: 0.12.11 (/opt/ros/humble/share/ament_cmake_flake8/cmake)
[1.463s] -- Found ament_cmake_pep257: 0.12.11 (/opt/ros/humble/share/ament_cmake_pep257/cmake)
[1.469s] -- Found ament_lint_auto: 0.12.11 (/opt/ros/humble/share/ament_lint_auto/cmake)
[1.508s] -- Added test 'lint_cmake' to check CMake code style
[1.509s] -- Added test 'xmllint' to check XML markup files
[1.526s] -- Configuring done
[1.707s] -- Generating done
[1.712s] -- Build files have been written to: /home/gisbert12843/Projects/Robotics_Prak/prak2_ws/build/webots_ros2_msgs
[1.785s] [  0%] Built target webots_ros2_msgs__cpp
[1.825s] [35m[1mConsolidate compiler generated dependencies of target webots_ros2_msgs__rosidl_generator_c[0m
[1.825s] [  0%] Built target ament_cmake_python_symlink_webots_ros2_msgs
[1.825s] [35m[1mConsolidate compiler generated dependencies of target webots_ros2_msgs__rosidl_typesupport_cpp[0m
[1.836s] [35m[1mConsolidate compiler generated dependencies of target webots_ros2_msgs__rosidl_typesupport_fastrtps_cpp[0m
[1.836s] [35m[1mConsolidate compiler generated dependencies of target webots_ros2_msgs__rosidl_typesupport_introspection_cpp[0m
[1.856s] [  1%] [32mBuilding CXX object CMakeFiles/webots_ros2_msgs__rosidl_typesupport_cpp.dir/rosidl_typesupport_cpp/webots_ros2_msgs/msg/float_stamped__type_support.cpp.o[0m
[1.862s] [  2%] [32mBuilding CXX object CMakeFiles/webots_ros2_msgs__rosidl_typesupport_cpp.dir/rosidl_typesupport_cpp/webots_ros2_msgs/msg/string_stamped__type_support.cpp.o[0m
[1.870s] [  4%] [32mBuilding CXX object CMakeFiles/webots_ros2_msgs__rosidl_typesupport_cpp.dir/rosidl_typesupport_cpp/webots_ros2_msgs/msg/bool_stamped__type_support.cpp.o[0m
[1.870s] [  4%] [32mBuilding C object CMakeFiles/webots_ros2_msgs__rosidl_generator_c.dir/rosidl_generator_c/webots_ros2_msgs/msg/detail/bool_stamped__functions.c.o[0m
[1.871s] [  5%] [32mBuilding C object CMakeFiles/webots_ros2_msgs__rosidl_generator_c.dir/rosidl_generator_c/webots_ros2_msgs/msg/detail/string_stamped__functions.c.o[0m
[1.872s] [  5%] [32mBuilding CXX object CMakeFiles/webots_ros2_msgs__rosidl_typesupport_introspection_cpp.dir/rosidl_typesupport_introspection_cpp/webots_ros2_msgs/msg/detail/bool_stamped__type_support.cpp.o[0m
[1.872s] [  6%] [32mBuilding C object CMakeFiles/webots_ros2_msgs__rosidl_generator_c.dir/rosidl_generator_c/webots_ros2_msgs/msg/detail/float_stamped__functions.c.o[0m
[1.878s] [  6%] [32mBuilding C object CMakeFiles/webots_ros2_msgs__rosidl_generator_c.dir/rosidl_generator_c/webots_ros2_msgs/msg/detail/camera_recognition_object__functions.c.o[0m
[1.890s] [  7%] [32mBuilding C object CMakeFiles/webots_ros2_msgs__rosidl_generator_c.dir/rosidl_generator_c/webots_ros2_msgs/msg/detail/camera_recognition_objects__functions.c.o[0m
[1.890s] [  8%] [32mBuilding C object CMakeFiles/webots_ros2_msgs__rosidl_generator_c.dir/rosidl_generator_c/webots_ros2_msgs/msg/detail/urdf_robot__functions.c.o[0m
[1.940s] [  9%] [32mBuilding CXX object CMakeFiles/webots_ros2_msgs__rosidl_typesupport_fastrtps_cpp.dir/rosidl_typesupport_fastrtps_cpp/webots_ros2_msgs/msg/detail/dds_fastrtps/bool_stamped__type_support.cpp.o[0m
[2.050s] [ 10%] [32mBuilding CXX object CMakeFiles/webots_ros2_msgs__rosidl_typesupport_fastrtps_cpp.dir/rosidl_typesupport_fastrtps_cpp/webots_ros2_msgs/msg/detail/dds_fastrtps/float_stamped__type_support.cpp.o[0m
[2.055s] [ 11%] [32mBuilding C object CMakeFiles/webots_ros2_msgs__rosidl_generator_c.dir/rosidl_generator_c/webots_ros2_msgs/msg/detail/pen_ink_properties__functions.c.o[0m
[2.071s] [ 12%] [32mBuilding C object CMakeFiles/webots_ros2_msgs__rosidl_generator_c.dir/rosidl_generator_c/webots_ros2_msgs/srv/detail/emitter_send_string__functions.c.o[0m
[2.130s] [ 13%] [32mBuilding CXX object CMakeFiles/webots_ros2_msgs__rosidl_typesupport_fastrtps_cpp.dir/rosidl_typesupport_fastrtps_cpp/webots_ros2_msgs/msg/detail/dds_fastrtps/string_stamped__type_support.cpp.o[0m
[2.140s] [ 14%] [32mBuilding CXX object CMakeFiles/webots_ros2_msgs__rosidl_typesupport_introspection_cpp.dir/rosidl_typesupport_introspection_cpp/webots_ros2_msgs/msg/detail/float_stamped__type_support.cpp.o[0m
[2.157s] [ 15%] [32mBuilding C object CMakeFiles/webots_ros2_msgs__rosidl_generator_c.dir/rosidl_generator_c/webots_ros2_msgs/srv/detail/get_bool__functions.c.o[0m
[2.312s] [ 16%] [32mBuilding CXX object CMakeFiles/webots_ros2_msgs__rosidl_typesupport_introspection_cpp.dir/rosidl_typesupport_introspection_cpp/webots_ros2_msgs/msg/detail/string_stamped__type_support.cpp.o[0m
[2.324s] [ 16%] [32mBuilding C object CMakeFiles/webots_ros2_msgs__rosidl_generator_c.dir/rosidl_generator_c/webots_ros2_msgs/srv/detail/set_string__functions.c.o[0m
[2.386s] [ 17%] [32mBuilding C object CMakeFiles/webots_ros2_msgs__rosidl_generator_c.dir/rosidl_generator_c/webots_ros2_msgs/srv/detail/spawn_node_from_string__functions.c.o[0m
[2.389s] [ 18%] [32mBuilding CXX object CMakeFiles/webots_ros2_msgs__rosidl_typesupport_cpp.dir/rosidl_typesupport_cpp/webots_ros2_msgs/msg/camera_recognition_object__type_support.cpp.o[0m
[2.504s] [ 19%] [32mBuilding C object CMakeFiles/webots_ros2_msgs__rosidl_generator_c.dir/rosidl_generator_c/webots_ros2_msgs/srv/detail/spawn_urdf_robot__functions.c.o[0m
[2.558s] [ 19%] [32mBuilding CXX object CMakeFiles/webots_ros2_msgs__rosidl_typesupport_cpp.dir/rosidl_typesupport_cpp/webots_ros2_msgs/msg/camera_recognition_objects__type_support.cpp.o[0m
[2.591s] [ 20%] [32mBuilding CXX object CMakeFiles/webots_ros2_msgs__rosidl_typesupport_cpp.dir/rosidl_typesupport_cpp/webots_ros2_msgs/msg/urdf_robot__type_support.cpp.o[0m
[2.631s] running egg_info
[2.632s] [ 21%] [32mBuilding CXX object CMakeFiles/webots_ros2_msgs__rosidl_typesupport_fastrtps_cpp.dir/rosidl_typesupport_fastrtps_cpp/webots_ros2_msgs/msg/detail/dds_fastrtps/camera_recognition_object__type_support.cpp.o[0m
[2.641s] writing webots_ros2_msgs.egg-info/PKG-INFO
[2.644s] writing dependency_links to webots_ros2_msgs.egg-info/dependency_links.txt
[2.644s] writing top-level names to webots_ros2_msgs.egg-info/top_level.txt
[2.655s] reading manifest file 'webots_ros2_msgs.egg-info/SOURCES.txt'
[2.658s] writing manifest file 'webots_ros2_msgs.egg-info/SOURCES.txt'
[2.689s] [ 22%] [32mBuilding CXX object CMakeFiles/webots_ros2_msgs__rosidl_typesupport_fastrtps_cpp.dir/rosidl_typesupport_fastrtps_cpp/webots_ros2_msgs/msg/detail/dds_fastrtps/camera_recognition_objects__type_support.cpp.o[0m
[2.728s] [ 23%] [32m[1mLinking C shared library libwebots_ros2_msgs__rosidl_generator_c.so[0m
[2.735s] [ 24%] [32mBuilding CXX object CMakeFiles/webots_ros2_msgs__rosidl_typesupport_introspection_cpp.dir/rosidl_typesupport_introspection_cpp/webots_ros2_msgs/msg/detail/camera_recognition_object__type_support.cpp.o[0m
[2.738s] [ 25%] [32mBuilding CXX object CMakeFiles/webots_ros2_msgs__rosidl_typesupport_introspection_cpp.dir/rosidl_typesupport_introspection_cpp/webots_ros2_msgs/msg/detail/camera_recognition_objects__type_support.cpp.o[0m
[2.809s] [ 25%] Built target ament_cmake_python_build_webots_ros2_msgs_egg
[2.866s] [ 26%] [32mBuilding CXX object CMakeFiles/webots_ros2_msgs__rosidl_typesupport_introspection_cpp.dir/rosidl_typesupport_introspection_cpp/webots_ros2_msgs/msg/detail/urdf_robot__type_support.cpp.o[0m
[2.892s] [ 26%] [32mBuilding CXX object CMakeFiles/webots_ros2_msgs__rosidl_typesupport_fastrtps_cpp.dir/rosidl_typesupport_fastrtps_cpp/webots_ros2_msgs/msg/detail/dds_fastrtps/urdf_robot__type_support.cpp.o[0m
[2.944s] [ 27%] Built target webots_ros2_msgs__rosidl_generator_c
[3.036s] [35m[1mConsolidate compiler generated dependencies of target webots_ros2_msgs__rosidl_typesupport_fastrtps_c[0m
[3.135s] [ 28%] [32mBuilding CXX object CMakeFiles/webots_ros2_msgs__rosidl_typesupport_cpp.dir/rosidl_typesupport_cpp/webots_ros2_msgs/msg/pen_ink_properties__type_support.cpp.o[0m
[3.135s] [ 28%] [32mBuilding CXX object CMakeFiles/webots_ros2_msgs__rosidl_typesupport_introspection_cpp.dir/rosidl_typesupport_introspection_cpp/webots_ros2_msgs/msg/detail/pen_ink_properties__type_support.cpp.o[0m
[3.178s] [ 29%] [32mBuilding CXX object CMakeFiles/webots_ros2_msgs__rosidl_typesupport_fastrtps_c.dir/rosidl_typesupport_fastrtps_c/webots_ros2_msgs/msg/detail/bool_stamped__type_support_c.cpp.o[0m
[3.221s] [ 30%] [32mBuilding CXX object CMakeFiles/webots_ros2_msgs__rosidl_typesupport_fastrtps_c.dir/rosidl_typesupport_fastrtps_c/webots_ros2_msgs/msg/detail/float_stamped__type_support_c.cpp.o[0m
[3.452s] [ 30%] [32mBuilding CXX object CMakeFiles/webots_ros2_msgs__rosidl_typesupport_fastrtps_c.dir/rosidl_typesupport_fastrtps_c/webots_ros2_msgs/msg/detail/string_stamped__type_support_c.cpp.o[0m
[3.477s] [ 31%] [32mBuilding CXX object CMakeFiles/webots_ros2_msgs__rosidl_typesupport_cpp.dir/rosidl_typesupport_cpp/webots_ros2_msgs/srv/emitter_send_string__type_support.cpp.o[0m
[3.536s] [ 32%] [32mBuilding CXX object CMakeFiles/webots_ros2_msgs__rosidl_typesupport_fastrtps_cpp.dir/rosidl_typesupport_fastrtps_cpp/webots_ros2_msgs/msg/detail/dds_fastrtps/pen_ink_properties__type_support.cpp.o[0m
[3.537s] [ 33%] [32mBuilding CXX object CMakeFiles/webots_ros2_msgs__rosidl_typesupport_introspection_cpp.dir/rosidl_typesupport_introspection_cpp/webots_ros2_msgs/srv/detail/emitter_send_string__type_support.cpp.o[0m
[3.688s] [ 34%] [32mBuilding CXX object CMakeFiles/webots_ros2_msgs__rosidl_typesupport_introspection_cpp.dir/rosidl_typesupport_introspection_cpp/webots_ros2_msgs/srv/detail/get_bool__type_support.cpp.o[0m
[3.715s] [ 35%] [32mBuilding CXX object CMakeFiles/webots_ros2_msgs__rosidl_typesupport_introspection_cpp.dir/rosidl_typesupport_introspection_cpp/webots_ros2_msgs/srv/detail/set_string__type_support.cpp.o[0m
[3.839s] [ 36%] [32mBuilding CXX object CMakeFiles/webots_ros2_msgs__rosidl_typesupport_cpp.dir/rosidl_typesupport_cpp/webots_ros2_msgs/srv/get_bool__type_support.cpp.o[0m
[3.851s] [ 37%] [32mBuilding CXX object CMakeFiles/webots_ros2_msgs__rosidl_typesupport_fastrtps_cpp.dir/rosidl_typesupport_fastrtps_cpp/webots_ros2_msgs/srv/detail/dds_fastrtps/emitter_send_string__type_support.cpp.o[0m
[3.869s] [ 38%] [32mBuilding CXX object CMakeFiles/webots_ros2_msgs__rosidl_typesupport_cpp.dir/rosidl_typesupport_cpp/webots_ros2_msgs/srv/set_string__type_support.cpp.o[0m
[3.910s] [ 39%] [32mBuilding CXX object CMakeFiles/webots_ros2_msgs__rosidl_typesupport_fastrtps_cpp.dir/rosidl_typesupport_fastrtps_cpp/webots_ros2_msgs/srv/detail/dds_fastrtps/get_bool__type_support.cpp.o[0m
[3.931s] [ 40%] [32mBuilding CXX object CMakeFiles/webots_ros2_msgs__rosidl_typesupport_fastrtps_c.dir/rosidl_typesupport_fastrtps_c/webots_ros2_msgs/msg/detail/camera_recognition_object__type_support_c.cpp.o[0m
[3.970s] [ 41%] [32mBuilding CXX object CMakeFiles/webots_ros2_msgs__rosidl_typesupport_introspection_cpp.dir/rosidl_typesupport_introspection_cpp/webots_ros2_msgs/srv/detail/spawn_node_from_string__type_support.cpp.o[0m
[4.011s] [ 42%] [32mBuilding CXX object CMakeFiles/webots_ros2_msgs__rosidl_typesupport_fastrtps_c.dir/rosidl_typesupport_fastrtps_c/webots_ros2_msgs/msg/detail/camera_recognition_objects__type_support_c.cpp.o[0m
[4.043s] [ 43%] [32mBuilding CXX object CMakeFiles/webots_ros2_msgs__rosidl_typesupport_fastrtps_c.dir/rosidl_typesupport_fastrtps_c/webots_ros2_msgs/msg/detail/urdf_robot__type_support_c.cpp.o[0m
[4.099s] [ 44%] [32mBuilding CXX object CMakeFiles/webots_ros2_msgs__rosidl_typesupport_introspection_cpp.dir/rosidl_typesupport_introspection_cpp/webots_ros2_msgs/srv/detail/spawn_urdf_robot__type_support.cpp.o[0m
[4.224s] [ 44%] [32mBuilding CXX object CMakeFiles/webots_ros2_msgs__rosidl_typesupport_cpp.dir/rosidl_typesupport_cpp/webots_ros2_msgs/srv/spawn_node_from_string__type_support.cpp.o[0m
[4.240s] [ 45%] [32mBuilding CXX object CMakeFiles/webots_ros2_msgs__rosidl_typesupport_fastrtps_c.dir/rosidl_typesupport_fastrtps_c/webots_ros2_msgs/msg/detail/pen_ink_properties__type_support_c.cpp.o[0m
[4.273s] [ 46%] [32mBuilding CXX object CMakeFiles/webots_ros2_msgs__rosidl_typesupport_cpp.dir/rosidl_typesupport_cpp/webots_ros2_msgs/srv/spawn_urdf_robot__type_support.cpp.o[0m
[4.301s] [ 47%] [32mBuilding CXX object CMakeFiles/webots_ros2_msgs__rosidl_typesupport_fastrtps_c.dir/rosidl_typesupport_fastrtps_c/webots_ros2_msgs/srv/detail/emitter_send_string__type_support_c.cpp.o[0m
[4.341s] [ 47%] [32mBuilding CXX object CMakeFiles/webots_ros2_msgs__rosidl_typesupport_fastrtps_c.dir/rosidl_typesupport_fastrtps_c/webots_ros2_msgs/srv/detail/get_bool__type_support_c.cpp.o[0m
[4.349s] [ 48%] [32mBuilding CXX object CMakeFiles/webots_ros2_msgs__rosidl_typesupport_fastrtps_cpp.dir/rosidl_typesupport_fastrtps_cpp/webots_ros2_msgs/srv/detail/dds_fastrtps/set_string__type_support.cpp.o[0m
[4.355s] [ 49%] [32mBuilding CXX object CMakeFiles/webots_ros2_msgs__rosidl_typesupport_fastrtps_cpp.dir/rosidl_typesupport_fastrtps_cpp/webots_ros2_msgs/srv/detail/dds_fastrtps/spawn_node_from_string__type_support.cpp.o[0m
[4.363s] [ 49%] [32mBuilding CXX object CMakeFiles/webots_ros2_msgs__rosidl_typesupport_fastrtps_cpp.dir/rosidl_typesupport_fastrtps_cpp/webots_ros2_msgs/srv/detail/dds_fastrtps/spawn_urdf_robot__type_support.cpp.o[0m
[4.418s] [ 50%] [32mBuilding CXX object CMakeFiles/webots_ros2_msgs__rosidl_typesupport_fastrtps_c.dir/rosidl_typesupport_fastrtps_c/webots_ros2_msgs/srv/detail/set_string__type_support_c.cpp.o[0m
[4.491s] [ 51%] [32mBuilding CXX object CMakeFiles/webots_ros2_msgs__rosidl_typesupport_fastrtps_c.dir/rosidl_typesupport_fastrtps_c/webots_ros2_msgs/srv/detail/spawn_node_from_string__type_support_c.cpp.o[0m
[4.530s] [ 52%] [32mBuilding CXX object CMakeFiles/webots_ros2_msgs__rosidl_typesupport_fastrtps_c.dir/rosidl_typesupport_fastrtps_c/webots_ros2_msgs/srv/detail/spawn_urdf_robot__type_support_c.cpp.o[0m
[4.565s] [ 53%] [32m[1mLinking CXX shared library libwebots_ros2_msgs__rosidl_typesupport_introspection_cpp.so[0m
[4.662s] [ 54%] [32m[1mLinking CXX shared library libwebots_ros2_msgs__rosidl_typesupport_cpp.so[0m
[4.707s] [35m[1mConsolidate compiler generated dependencies of target webots_ros2_msgs__rosidl_typesupport_introspection_c[0m
[4.710s] [35m[1mConsolidate compiler generated dependencies of target webots_ros2_msgs__rosidl_typesupport_c[0m
[4.804s] [ 55%] [32mBuilding CXX object CMakeFiles/webots_ros2_msgs__rosidl_typesupport_c.dir/rosidl_typesupport_c/webots_ros2_msgs/msg/bool_stamped__type_support.cpp.o[0m
[4.804s] [ 56%] [32mBuilding C object CMakeFiles/webots_ros2_msgs__rosidl_typesupport_introspection_c.dir/rosidl_typesupport_introspection_c/webots_ros2_msgs/msg/detail/bool_stamped__type_support.c.o[0m
[4.845s] [ 56%] [32mBuilding CXX object CMakeFiles/webots_ros2_msgs__rosidl_typesupport_c.dir/rosidl_typesupport_c/webots_ros2_msgs/msg/float_stamped__type_support.cpp.o[0m
[4.854s] [ 57%] Built target webots_ros2_msgs__rosidl_typesupport_introspection_cpp
[4.876s] [ 58%] [32mBuilding C object CMakeFiles/webots_ros2_msgs__rosidl_typesupport_introspection_c.dir/rosidl_typesupport_introspection_c/webots_ros2_msgs/msg/detail/float_stamped__type_support.c.o[0m
[4.876s] [ 60%] [32mBuilding C object CMakeFiles/webots_ros2_msgs__rosidl_typesupport_introspection_c.dir/rosidl_typesupport_introspection_c/webots_ros2_msgs/msg/detail/string_stamped__type_support.c.o[0m
[4.876s] [ 59%] [32mBuilding CXX object CMakeFiles/webots_ros2_msgs__rosidl_typesupport_c.dir/rosidl_typesupport_c/webots_ros2_msgs/msg/string_stamped__type_support.cpp.o[0m
[4.887s] [ 60%] [32mBuilding C object CMakeFiles/webots_ros2_msgs__rosidl_typesupport_introspection_c.dir/rosidl_typesupport_introspection_c/webots_ros2_msgs/msg/detail/camera_recognition_object__type_support.c.o[0m
[4.900s] [ 61%] Built target webots_ros2_msgs__rosidl_typesupport_cpp
[4.906s] [ 62%] [32mBuilding CXX object CMakeFiles/webots_ros2_msgs__rosidl_typesupport_c.dir/rosidl_typesupport_c/webots_ros2_msgs/msg/camera_recognition_objects__type_support.cpp.o[0m
[4.909s] [ 63%] [32mBuilding C object CMakeFiles/webots_ros2_msgs__rosidl_typesupport_introspection_c.dir/rosidl_typesupport_introspection_c/webots_ros2_msgs/msg/detail/camera_recognition_objects__type_support.c.o[0m
[4.910s] [ 64%] [32mBuilding CXX object CMakeFiles/webots_ros2_msgs__rosidl_typesupport_c.dir/rosidl_typesupport_c/webots_ros2_msgs/msg/camera_recognition_object__type_support.cpp.o[0m
[4.910s] [ 65%] [32mBuilding CXX object CMakeFiles/webots_ros2_msgs__rosidl_typesupport_c.dir/rosidl_typesupport_c/webots_ros2_msgs/msg/urdf_robot__type_support.cpp.o[0m
[4.921s] [ 66%] [32mBuilding C object CMakeFiles/webots_ros2_msgs__rosidl_typesupport_introspection_c.dir/rosidl_typesupport_introspection_c/webots_ros2_msgs/msg/detail/urdf_robot__type_support.c.o[0m
[4.922s] [ 67%] [32mBuilding CXX object CMakeFiles/webots_ros2_msgs__rosidl_typesupport_c.dir/rosidl_typesupport_c/webots_ros2_msgs/msg/pen_ink_properties__type_support.cpp.o[0m
[4.926s] [ 68%] [32mBuilding C object CMakeFiles/webots_ros2_msgs__rosidl_typesupport_introspection_c.dir/rosidl_typesupport_introspection_c/webots_ros2_msgs/msg/detail/pen_ink_properties__type_support.c.o[0m
[4.929s] [ 69%] [32mBuilding C object CMakeFiles/webots_ros2_msgs__rosidl_typesupport_introspection_c.dir/rosidl_typesupport_introspection_c/webots_ros2_msgs/srv/detail/emitter_send_string__type_support.c.o[0m
[4.945s] [ 69%] [32mBuilding CXX object CMakeFiles/webots_ros2_msgs__rosidl_typesupport_c.dir/rosidl_typesupport_c/webots_ros2_msgs/srv/emitter_send_string__type_support.cpp.o[0m
[4.945s] [ 70%] [32mBuilding CXX object CMakeFiles/webots_ros2_msgs__rosidl_typesupport_c.dir/rosidl_typesupport_c/webots_ros2_msgs/srv/get_bool__type_support.cpp.o[0m
[4.953s] [ 71%] [32m[1mLinking CXX shared library libwebots_ros2_msgs__rosidl_typesupport_fastrtps_cpp.so[0m
[4.956s] [ 72%] [32mBuilding C object CMakeFiles/webots_ros2_msgs__rosidl_typesupport_introspection_c.dir/rosidl_typesupport_introspection_c/webots_ros2_msgs/srv/detail/get_bool__type_support.c.o[0m
[4.962s] [ 73%] [32mBuilding CXX object CMakeFiles/webots_ros2_msgs__rosidl_typesupport_c.dir/rosidl_typesupport_c/webots_ros2_msgs/srv/set_string__type_support.cpp.o[0m
[4.962s] [ 74%] [32mBuilding CXX object CMakeFiles/webots_ros2_msgs__rosidl_typesupport_c.dir/rosidl_typesupport_c/webots_ros2_msgs/srv/spawn_node_from_string__type_support.cpp.o[0m
[4.965s] [ 75%] [32mBuilding C object CMakeFiles/webots_ros2_msgs__rosidl_typesupport_introspection_c.dir/rosidl_typesupport_introspection_c/webots_ros2_msgs/srv/detail/set_string__type_support.c.o[0m
[4.969s] [ 76%] [32mBuilding C object CMakeFiles/webots_ros2_msgs__rosidl_typesupport_introspection_c.dir/rosidl_typesupport_introspection_c/webots_ros2_msgs/srv/detail/spawn_urdf_robot__type_support.c.o[0m
[4.977s] [ 76%] [32mBuilding C object CMakeFiles/webots_ros2_msgs__rosidl_typesupport_introspection_c.dir/rosidl_typesupport_introspection_c/webots_ros2_msgs/srv/detail/spawn_node_from_string__type_support.c.o[0m
[4.982s] [ 77%] [32mBuilding CXX object CMakeFiles/webots_ros2_msgs__rosidl_typesupport_c.dir/rosidl_typesupport_c/webots_ros2_msgs/srv/spawn_urdf_robot__type_support.cpp.o[0m
[5.014s] [ 78%] [32m[1mLinking CXX shared library libwebots_ros2_msgs__rosidl_typesupport_c.so[0m
[5.017s] [ 79%] [32m[1mLinking C shared library libwebots_ros2_msgs__rosidl_typesupport_introspection_c.so[0m
[5.072s] [ 79%] Built target webots_ros2_msgs__rosidl_typesupport_fastrtps_cpp
[5.081s] [ 80%] [32m[1mLinking CXX shared library libwebots_ros2_msgs__rosidl_typesupport_fastrtps_c.so[0m
[5.084s] [ 82%] Built target webots_ros2_msgs__rosidl_typesupport_introspection_c
[5.084s] [ 82%] Built target webots_ros2_msgs__rosidl_typesupport_c
[5.162s] [ 83%] Built target webots_ros2_msgs__rosidl_typesupport_fastrtps_c
[5.176s] [ 83%] Built target webots_ros2_msgs
[5.194s] [ 84%] Built target webots_ros2_msgs__py
[5.205s] [35m[1mConsolidate compiler generated dependencies of target webots_ros2_msgs__rosidl_generator_py[0m
[5.222s] [ 85%] [32mBuilding C object CMakeFiles/webots_ros2_msgs__rosidl_generator_py.dir/rosidl_generator_py/webots_ros2_msgs/msg/_bool_stamped_s.c.o[0m
[5.222s] [ 86%] [32mBuilding C object CMakeFiles/webots_ros2_msgs__rosidl_generator_py.dir/rosidl_generator_py/webots_ros2_msgs/msg/_float_stamped_s.c.o[0m
[5.223s] [ 86%] [32mBuilding C object CMakeFiles/webots_ros2_msgs__rosidl_generator_py.dir/rosidl_generator_py/webots_ros2_msgs/msg/_string_stamped_s.c.o[0m
[5.223s] [ 87%] [32mBuilding C object CMakeFiles/webots_ros2_msgs__rosidl_generator_py.dir/rosidl_generator_py/webots_ros2_msgs/msg/_camera_recognition_object_s.c.o[0m
[5.223s] [ 88%] [32mBuilding C object CMakeFiles/webots_ros2_msgs__rosidl_generator_py.dir/rosidl_generator_py/webots_ros2_msgs/msg/_camera_recognition_objects_s.c.o[0m
[5.224s] [ 89%] [32mBuilding C object CMakeFiles/webots_ros2_msgs__rosidl_generator_py.dir/rosidl_generator_py/webots_ros2_msgs/msg/_pen_ink_properties_s.c.o[0m
[5.225s] [ 90%] [32mBuilding C object CMakeFiles/webots_ros2_msgs__rosidl_generator_py.dir/rosidl_generator_py/webots_ros2_msgs/srv/_emitter_send_string_s.c.o[0m
[5.226s] [ 91%] [32mBuilding C object CMakeFiles/webots_ros2_msgs__rosidl_generator_py.dir/rosidl_generator_py/webots_ros2_msgs/srv/_get_bool_s.c.o[0m
[5.227s] [ 92%] [32mBuilding C object CMakeFiles/webots_ros2_msgs__rosidl_generator_py.dir/rosidl_generator_py/webots_ros2_msgs/srv/_spawn_urdf_robot_s.c.o[0m
[5.230s] [ 93%] [32mBuilding C object CMakeFiles/webots_ros2_msgs__rosidl_generator_py.dir/rosidl_generator_py/webots_ros2_msgs/srv/_spawn_node_from_string_s.c.o[0m
[5.239s] [ 94%] [32mBuilding C object CMakeFiles/webots_ros2_msgs__rosidl_generator_py.dir/rosidl_generator_py/webots_ros2_msgs/msg/_urdf_robot_s.c.o[0m
[5.246s] [ 94%] [32mBuilding C object CMakeFiles/webots_ros2_msgs__rosidl_generator_py.dir/rosidl_generator_py/webots_ros2_msgs/srv/_set_string_s.c.o[0m
[5.376s] [ 95%] [32m[1mLinking C shared library rosidl_generator_py/webots_ros2_msgs/libwebots_ros2_msgs__rosidl_generator_py.so[0m
[5.427s] [ 95%] Built target webots_ros2_msgs__rosidl_generator_py
[5.434s] [35m[1mConsolidate compiler generated dependencies of target webots_ros2_msgs__rosidl_typesupport_c__pyext[0m
[5.435s] [35m[1mConsolidate compiler generated dependencies of target webots_ros2_msgs__rosidl_typesupport_fastrtps_c__pyext[0m
[5.435s] [35m[1mConsolidate compiler generated dependencies of target webots_ros2_msgs__rosidl_typesupport_introspection_c__pyext[0m
[5.444s] [ 96%] [32mBuilding C object CMakeFiles/webots_ros2_msgs__rosidl_typesupport_fastrtps_c__pyext.dir/rosidl_generator_py/webots_ros2_msgs/_webots_ros2_msgs_s.ep.rosidl_typesupport_fastrtps_c.c.o[0m
[5.444s] [ 96%] [32mBuilding C object CMakeFiles/webots_ros2_msgs__rosidl_typesupport_c__pyext.dir/rosidl_generator_py/webots_ros2_msgs/_webots_ros2_msgs_s.ep.rosidl_typesupport_c.c.o[0m
[5.444s] [ 97%] [32mBuilding C object CMakeFiles/webots_ros2_msgs__rosidl_typesupport_introspection_c__pyext.dir/rosidl_generator_py/webots_ros2_msgs/_webots_ros2_msgs_s.ep.rosidl_typesupport_introspection_c.c.o[0m
[5.554s] [ 99%] [32m[1mLinking C shared library rosidl_generator_py/webots_ros2_msgs/webots_ros2_msgs_s__rosidl_typesupport_c.cpython-310-x86_64-linux-gnu.so[0m
[5.554s] [ 99%] [32m[1mLinking C shared library rosidl_generator_py/webots_ros2_msgs/webots_ros2_msgs_s__rosidl_typesupport_introspection_c.cpython-310-x86_64-linux-gnu.so[0m
[5.557s] [100%] [32m[1mLinking C shared library rosidl_generator_py/webots_ros2_msgs/webots_ros2_msgs_s__rosidl_typesupport_fastrtps_c.cpython-310-x86_64-linux-gnu.so[0m
[5.597s] [100%] Built target webots_ros2_msgs__rosidl_typesupport_introspection_c__pyext
[5.598s] [100%] Built target webots_ros2_msgs__rosidl_typesupport_c__pyext
[5.611s] [100%] Built target webots_ros2_msgs__rosidl_typesupport_fastrtps_c__pyext
[5.620s] Invoked command in '/home/gisbert12843/Projects/Robotics_Prak/prak2_ws/build/webots_ros2_msgs' returned '0': CMAKE_PREFIX_PATH=${CMAKE_PREFIX_PATH}:/home/gisbert12843/Projects/Robotics_Prak/prak2_ws/install/webots_spot_teleop:/home/gisbert12843/Projects/Robotics_Prak/prak2_ws/install/webots_spot:/home/gisbert12843/Projects/Robotics_Prak/prak2_ws/install/webots_ros2:/home/gisbert12843/Projects/Robotics_Prak/prak2_ws/install/webots_ros2_universal_robot:/home/gisbert12843/Projects/Robotics_Prak/prak2_ws/install/webots_ros2_turtlebot:/home/gisbert12843/Projects/Robotics_Prak/prak2_ws/install/webots_ros2_tiago:/home/gisbert12843/Projects/Robotics_Prak/prak2_ws/install/webots_ros2_tests:/home/gisbert12843/Projects/Robotics_Prak/prak2_ws/install/webots_ros2_tesla:/home/gisbert12843/Projects/Robotics_Prak/prak2_ws/install/webots_ros2_mavic:/home/gisbert12843/Projects/Robotics_Prak/prak2_ws/install/webots_ros2_epuck:/home/gisbert12843/Projects/Robotics_Prak/prak2_ws/install/webots_ros2_importer:/home/gisbert12843/Projects/Robotics_Prak/prak2_ws/install/prak2_pkg:/opt/ros/humble /usr/bin/cmake --build /home/gisbert12843/Projects/Robotics_Prak/prak2_ws/build/webots_ros2_msgs -- -j12 -l12
[5.983s] Invoking command in '/home/gisbert12843/Projects/Robotics_Prak/prak2_ws/build/webots_ros2_msgs': CMAKE_PREFIX_PATH=${CMAKE_PREFIX_PATH}:/home/gisbert12843/Projects/Robotics_Prak/prak2_ws/install/webots_spot_teleop:/home/gisbert12843/Projects/Robotics_Prak/prak2_ws/install/webots_spot:/home/gisbert12843/Projects/Robotics_Prak/prak2_ws/install/webots_ros2:/home/gisbert12843/Projects/Robotics_Prak/prak2_ws/install/webots_ros2_universal_robot:/home/gisbert12843/Projects/Robotics_Prak/prak2_ws/install/webots_ros2_turtlebot:/home/gisbert12843/Projects/Robotics_Prak/prak2_ws/install/webots_ros2_tiago:/home/gisbert12843/Projects/Robotics_Prak/prak2_ws/install/webots_ros2_tests:/home/gisbert12843/Projects/Robotics_Prak/prak2_ws/install/webots_ros2_tesla:/home/gisbert12843/Projects/Robotics_Prak/prak2_ws/install/webots_ros2_mavic:/home/gisbert12843/Projects/Robotics_Prak/prak2_ws/install/webots_ros2_epuck:/home/gisbert12843/Projects/Robotics_Prak/prak2_ws/install/webots_ros2_importer:/home/gisbert12843/Projects/Robotics_Prak/prak2_ws/install/prak2_pkg:/opt/ros/humble /usr/bin/cmake --install /home/gisbert12843/Projects/Robotics_Prak/prak2_ws/build/webots_ros2_msgs
[5.988s] -- Install configuration: ""
[5.989s] -- Execute custom install script
[5.989s] -- Up-to-date symlink: /home/gisbert12843/Projects/Robotics_Prak/prak2_ws/install/webots_ros2_msgs/share/ament_index/resource_index/rosidl_interfaces/webots_ros2_msgs
[5.990s] -- Up-to-date symlink: /home/gisbert12843/Projects/Robotics_Prak/prak2_ws/install/webots_ros2_msgs/include/webots_ros2_msgs/webots_ros2_msgs/msg/bool_stamped.h
[5.990s] -- Up-to-date symlink: /home/gisbert12843/Projects/Robotics_Prak/prak2_ws/install/webots_ros2_msgs/include/webots_ros2_msgs/webots_ros2_msgs/msg/camera_recognition_object.h
[5.991s] -- Up-to-date symlink: /home/gisbert12843/Projects/Robotics_Prak/prak2_ws/install/webots_ros2_msgs/include/webots_ros2_msgs/webots_ros2_msgs/msg/camera_recognition_objects.h
[5.991s] -- Up-to-date symlink: /home/gisbert12843/Projects/Robotics_Prak/prak2_ws/install/webots_ros2_msgs/include/webots_ros2_msgs/webots_ros2_msgs/msg/detail/bool_stamped__functions.h
[5.991s] -- Up-to-date symlink: /home/gisbert12843/Projects/Robotics_Prak/prak2_ws/install/webots_ros2_msgs/include/webots_ros2_msgs/webots_ros2_msgs/msg/detail/bool_stamped__struct.h
[5.991s] -- Up-to-date symlink: /home/gisbert12843/Projects/Robotics_Prak/prak2_ws/install/webots_ros2_msgs/include/webots_ros2_msgs/webots_ros2_msgs/msg/detail/bool_stamped__type_support.h
[5.992s] -- Up-to-date symlink: /home/gisbert12843/Projects/Robotics_Prak/prak2_ws/install/webots_ros2_msgs/include/webots_ros2_msgs/webots_ros2_msgs/msg/detail/camera_recognition_object__functions.h
[5.992s] -- Up-to-date symlink: /home/gisbert12843/Projects/Robotics_Prak/prak2_ws/install/webots_ros2_msgs/include/webots_ros2_msgs/webots_ros2_msgs/msg/detail/camera_recognition_object__struct.h
[5.992s] -- Up-to-date symlink: /home/gisbert12843/Projects/Robotics_Prak/prak2_ws/install/webots_ros2_msgs/include/webots_ros2_msgs/webots_ros2_msgs/msg/detail/camera_recognition_object__type_support.h
[5.993s] -- Up-to-date symlink: /home/gisbert12843/Projects/Robotics_Prak/prak2_ws/install/webots_ros2_msgs/include/webots_ros2_msgs/webots_ros2_msgs/msg/detail/camera_recognition_objects__functions.h
[5.993s] -- Up-to-date symlink: /home/gisbert12843/Projects/Robotics_Prak/prak2_ws/install/webots_ros2_msgs/include/webots_ros2_msgs/webots_ros2_msgs/msg/detail/camera_recognition_objects__struct.h
[5.993s] -- Up-to-date symlink: /home/gisbert12843/Projects/Robotics_Prak/prak2_ws/install/webots_ros2_msgs/include/webots_ros2_msgs/webots_ros2_msgs/msg/detail/camera_recognition_objects__type_support.h
[5.993s] -- Up-to-date symlink: /home/gisbert12843/Projects/Robotics_Prak/prak2_ws/install/webots_ros2_msgs/include/webots_ros2_msgs/webots_ros2_msgs/msg/detail/float_stamped__functions.h
[5.994s] -- Up-to-date symlink: /home/gisbert12843/Projects/Robotics_Prak/prak2_ws/install/webots_ros2_msgs/include/webots_ros2_msgs/webots_ros2_msgs/msg/detail/float_stamped__struct.h
[5.994s] -- Up-to-date symlink: /home/gisbert12843/Projects/Robotics_Prak/prak2_ws/install/webots_ros2_msgs/include/webots_ros2_msgs/webots_ros2_msgs/msg/detail/float_stamped__type_support.h
[5.994s] -- Up-to-date symlink: /home/gisbert12843/Projects/Robotics_Prak/prak2_ws/install/webots_ros2_msgs/include/webots_ros2_msgs/webots_ros2_msgs/msg/detail/pen_ink_properties__functions.h
[5.994s] -- Up-to-date symlink: /home/gisbert12843/Projects/Robotics_Prak/prak2_ws/install/webots_ros2_msgs/include/webots_ros2_msgs/webots_ros2_msgs/msg/detail/pen_ink_properties__struct.h
[5.995s] -- Up-to-date symlink: /home/gisbert12843/Projects/Robotics_Prak/prak2_ws/install/webots_ros2_msgs/include/webots_ros2_msgs/webots_ros2_msgs/msg/detail/pen_ink_properties__type_support.h
[5.995s] -- Up-to-date symlink: /home/gisbert12843/Projects/Robotics_Prak/prak2_ws/install/webots_ros2_msgs/include/webots_ros2_msgs/webots_ros2_msgs/msg/detail/string_stamped__functions.h
[5.995s] -- Up-to-date symlink: /home/gisbert12843/Projects/Robotics_Prak/prak2_ws/install/webots_ros2_msgs/include/webots_ros2_msgs/webots_ros2_msgs/msg/detail/string_stamped__struct.h
[5.996s] -- Up-to-date symlink: /home/gisbert12843/Projects/Robotics_Prak/prak2_ws/install/webots_ros2_msgs/include/webots_ros2_msgs/webots_ros2_msgs/msg/detail/string_stamped__type_support.h
[5.996s] -- Up-to-date symlink: /home/gisbert12843/Projects/Robotics_Prak/prak2_ws/install/webots_ros2_msgs/include/webots_ros2_msgs/webots_ros2_msgs/msg/detail/urdf_robot__functions.h
[5.996s] -- Up-to-date symlink: /home/gisbert12843/Projects/Robotics_Prak/prak2_ws/install/webots_ros2_msgs/include/webots_ros2_msgs/webots_ros2_msgs/msg/detail/urdf_robot__struct.h
[5.996s] -- Up-to-date symlink: /home/gisbert12843/Projects/Robotics_Prak/prak2_ws/install/webots_ros2_msgs/include/webots_ros2_msgs/webots_ros2_msgs/msg/detail/urdf_robot__type_support.h
[5.997s] -- Up-to-date symlink: /home/gisbert12843/Projects/Robotics_Prak/prak2_ws/install/webots_ros2_msgs/include/webots_ros2_msgs/webots_ros2_msgs/msg/float_stamped.h
[5.997s] -- Up-to-date symlink: /home/gisbert12843/Projects/Robotics_Prak/prak2_ws/install/webots_ros2_msgs/include/webots_ros2_msgs/webots_ros2_msgs/msg/pen_ink_properties.h
[5.997s] -- Up-to-date symlink: /home/gisbert12843/Projects/Robotics_Prak/prak2_ws/install/webots_ros2_msgs/include/webots_ros2_msgs/webots_ros2_msgs/msg/rosidl_generator_c__visibility_control.h
[5.997s] -- Up-to-date symlink: /home/gisbert12843/Projects/Robotics_Prak/prak2_ws/install/webots_ros2_msgs/include/webots_ros2_msgs/webots_ros2_msgs/msg/string_stamped.h
[5.998s] -- Up-to-date symlink: /home/gisbert12843/Projects/Robotics_Prak/prak2_ws/install/webots_ros2_msgs/include/webots_ros2_msgs/webots_ros2_msgs/msg/urdf_robot.h
[5.998s] -- Up-to-date symlink: /home/gisbert12843/Projects/Robotics_Prak/prak2_ws/install/webots_ros2_msgs/include/webots_ros2_msgs/webots_ros2_msgs/srv/detail/emitter_send_string__functions.h
[5.998s] -- Up-to-date symlink: /home/gisbert12843/Projects/Robotics_Prak/prak2_ws/install/webots_ros2_msgs/include/webots_ros2_msgs/webots_ros2_msgs/srv/detail/emitter_send_string__struct.h
[5.998s] -- Up-to-date symlink: /home/gisbert12843/Projects/Robotics_Prak/prak2_ws/install/webots_ros2_msgs/include/webots_ros2_msgs/webots_ros2_msgs/srv/detail/emitter_send_string__type_support.h
[5.999s] -- Up-to-date symlink: /home/gisbert12843/Projects/Robotics_Prak/prak2_ws/install/webots_ros2_msgs/include/webots_ros2_msgs/webots_ros2_msgs/srv/detail/get_bool__functions.h
[5.999s] -- Up-to-date symlink: /home/gisbert12843/Projects/Robotics_Prak/prak2_ws/install/webots_ros2_msgs/include/webots_ros2_msgs/webots_ros2_msgs/srv/detail/get_bool__struct.h
[5.999s] -- Up-to-date symlink: /home/gisbert12843/Projects/Robotics_Prak/prak2_ws/install/webots_ros2_msgs/include/webots_ros2_msgs/webots_ros2_msgs/srv/detail/get_bool__type_support.h
[5.999s] -- Up-to-date symlink: /home/gisbert12843/Projects/Robotics_Prak/prak2_ws/install/webots_ros2_msgs/include/webots_ros2_msgs/webots_ros2_msgs/srv/detail/set_string__functions.h
[6.000s] -- Up-to-date symlink: /home/gisbert12843/Projects/Robotics_Prak/prak2_ws/install/webots_ros2_msgs/include/webots_ros2_msgs/webots_ros2_msgs/srv/detail/set_string__struct.h
[6.000s] -- Up-to-date symlink: /home/gisbert12843/Projects/Robotics_Prak/prak2_ws/install/webots_ros2_msgs/include/webots_ros2_msgs/webots_ros2_msgs/srv/detail/set_string__type_support.h
[6.000s] -- Up-to-date symlink: /home/gisbert12843/Projects/Robotics_Prak/prak2_ws/install/webots_ros2_msgs/include/webots_ros2_msgs/webots_ros2_msgs/srv/detail/spawn_node_from_string__functions.h
[6.000s] -- Up-to-date symlink: /home/gisbert12843/Projects/Robotics_Prak/prak2_ws/install/webots_ros2_msgs/include/webots_ros2_msgs/webots_ros2_msgs/srv/detail/spawn_node_from_string__struct.h
[6.001s] -- Up-to-date symlink: /home/gisbert12843/Projects/Robotics_Prak/prak2_ws/install/webots_ros2_msgs/include/webots_ros2_msgs/webots_ros2_msgs/srv/detail/spawn_node_from_string__type_support.h
[6.001s] -- Up-to-date symlink: /home/gisbert12843/Projects/Robotics_Prak/prak2_ws/install/webots_ros2_msgs/include/webots_ros2_msgs/webots_ros2_msgs/srv/detail/spawn_urdf_robot__functions.h
[6.001s] -- Up-to-date symlink: /home/gisbert12843/Projects/Robotics_Prak/prak2_ws/install/webots_ros2_msgs/include/webots_ros2_msgs/webots_ros2_msgs/srv/detail/spawn_urdf_robot__struct.h
[6.001s] -- Up-to-date symlink: /home/gisbert12843/Projects/Robotics_Prak/prak2_ws/install/webots_ros2_msgs/include/webots_ros2_msgs/webots_ros2_msgs/srv/detail/spawn_urdf_robot__type_support.h
[6.002s] -- Up-to-date symlink: /home/gisbert12843/Projects/Robotics_Prak/prak2_ws/install/webots_ros2_msgs/include/webots_ros2_msgs/webots_ros2_msgs/srv/emitter_send_string.h
[6.002s] -- Up-to-date symlink: /home/gisbert12843/Projects/Robotics_Prak/prak2_ws/install/webots_ros2_msgs/include/webots_ros2_msgs/webots_ros2_msgs/srv/get_bool.h
[6.002s] -- Up-to-date symlink: /home/gisbert12843/Projects/Robotics_Prak/prak2_ws/install/webots_ros2_msgs/include/webots_ros2_msgs/webots_ros2_msgs/srv/set_string.h
[6.002s] -- Up-to-date symlink: /home/gisbert12843/Projects/Robotics_Prak/prak2_ws/install/webots_ros2_msgs/include/webots_ros2_msgs/webots_ros2_msgs/srv/spawn_node_from_string.h
[6.003s] -- Up-to-date symlink: /home/gisbert12843/Projects/Robotics_Prak/prak2_ws/install/webots_ros2_msgs/include/webots_ros2_msgs/webots_ros2_msgs/srv/spawn_urdf_robot.h
[6.003s] -- Up-to-date symlink: /home/gisbert12843/Projects/Robotics_Prak/prak2_ws/install/webots_ros2_msgs/share/webots_ros2_msgs/environment/library_path.sh
[6.003s] -- Up-to-date symlink: /home/gisbert12843/Projects/Robotics_Prak/prak2_ws/install/webots_ros2_msgs/share/webots_ros2_msgs/environment/library_path.dsv
[6.004s] -- Up-to-date symlink: /home/gisbert12843/Projects/Robotics_Prak/prak2_ws/install/webots_ros2_msgs/include/webots_ros2_msgs/webots_ros2_msgs/msg/detail/bool_stamped__rosidl_typesupport_fastrtps_c.h
[6.005s] -- Up-to-date symlink: /home/gisbert12843/Projects/Robotics_Prak/prak2_ws/install/webots_ros2_msgs/include/webots_ros2_msgs/webots_ros2_msgs/msg/detail/camera_recognition_object__rosidl_typesupport_fastrtps_c.h
[6.005s] -- Up-to-date symlink: /home/gisbert12843/Projects/Robotics_Prak/prak2_ws/install/webots_ros2_msgs/include/webots_ros2_msgs/webots_ros2_msgs/msg/detail/camera_recognition_objects__rosidl_typesupport_fastrtps_c.h
[6.005s] -- Up-to-date symlink: /home/gisbert12843/Projects/Robotics_Prak/prak2_ws/install/webots_ros2_msgs/include/webots_ros2_msgs/webots_ros2_msgs/msg/detail/float_stamped__rosidl_typesupport_fastrtps_c.h
[6.006s] -- Up-to-date symlink: /home/gisbert12843/Projects/Robotics_Prak/prak2_ws/install/webots_ros2_msgs/include/webots_ros2_msgs/webots_ros2_msgs/msg/detail/pen_ink_properties__rosidl_typesupport_fastrtps_c.h
[6.006s] -- Up-to-date symlink: /home/gisbert12843/Projects/Robotics_Prak/prak2_ws/install/webots_ros2_msgs/include/webots_ros2_msgs/webots_ros2_msgs/msg/detail/string_stamped__rosidl_typesupport_fastrtps_c.h
[6.006s] -- Up-to-date symlink: /home/gisbert12843/Projects/Robotics_Prak/prak2_ws/install/webots_ros2_msgs/include/webots_ros2_msgs/webots_ros2_msgs/msg/detail/urdf_robot__rosidl_typesupport_fastrtps_c.h
[6.006s] -- Up-to-date symlink: /home/gisbert12843/Projects/Robotics_Prak/prak2_ws/install/webots_ros2_msgs/include/webots_ros2_msgs/webots_ros2_msgs/msg/rosidl_typesupport_fastrtps_c__visibility_control.h
[6.007s] -- Up-to-date symlink: /home/gisbert12843/Projects/Robotics_Prak/prak2_ws/install/webots_ros2_msgs/include/webots_ros2_msgs/webots_ros2_msgs/srv/detail/emitter_send_string__rosidl_typesupport_fastrtps_c.h
[6.007s] -- Up-to-date symlink: /home/gisbert12843/Projects/Robotics_Prak/prak2_ws/install/webots_ros2_msgs/include/webots_ros2_msgs/webots_ros2_msgs/srv/detail/get_bool__rosidl_typesupport_fastrtps_c.h
[6.007s] -- Up-to-date symlink: /home/gisbert12843/Projects/Robotics_Prak/prak2_ws/install/webots_ros2_msgs/include/webots_ros2_msgs/webots_ros2_msgs/srv/detail/set_string__rosidl_typesupport_fastrtps_c.h
[6.008s] -- Up-to-date symlink: /home/gisbert12843/Projects/Robotics_Prak/prak2_ws/install/webots_ros2_msgs/include/webots_ros2_msgs/webots_ros2_msgs/srv/detail/spawn_node_from_string__rosidl_typesupport_fastrtps_c.h
[6.008s] -- Up-to-date symlink: /home/gisbert12843/Projects/Robotics_Prak/prak2_ws/install/webots_ros2_msgs/include/webots_ros2_msgs/webots_ros2_msgs/srv/detail/spawn_urdf_robot__rosidl_typesupport_fastrtps_c.h
[6.009s] -- Up-to-date symlink: /home/gisbert12843/Projects/Robotics_Prak/prak2_ws/install/webots_ros2_msgs/include/webots_ros2_msgs/webots_ros2_msgs/msg/bool_stamped.hpp
[6.009s] -- Up-to-date symlink: /home/gisbert12843/Projects/Robotics_Prak/prak2_ws/install/webots_ros2_msgs/include/webots_ros2_msgs/webots_ros2_msgs/msg/camera_recognition_object.hpp
[6.009s] -- Up-to-date symlink: /home/gisbert12843/Projects/Robotics_Prak/prak2_ws/install/webots_ros2_msgs/include/webots_ros2_msgs/webots_ros2_msgs/msg/camera_recognition_objects.hpp
[6.010s] -- Up-to-date symlink: /home/gisbert12843/Projects/Robotics_Prak/prak2_ws/install/webots_ros2_msgs/include/webots_ros2_msgs/webots_ros2_msgs/msg/detail/bool_stamped__builder.hpp
[6.010s] -- Up-to-date symlink: /home/gisbert12843/Projects/Robotics_Prak/prak2_ws/install/webots_ros2_msgs/include/webots_ros2_msgs/webots_ros2_msgs/msg/detail/bool_stamped__struct.hpp
[6.010s] -- Up-to-date symlink: /home/gisbert12843/Projects/Robotics_Prak/prak2_ws/install/webots_ros2_msgs/include/webots_ros2_msgs/webots_ros2_msgs/msg/detail/bool_stamped__traits.hpp
[6.011s] -- Up-to-date symlink: /home/gisbert12843/Projects/Robotics_Prak/prak2_ws/install/webots_ros2_msgs/include/webots_ros2_msgs/webots_ros2_msgs/msg/detail/camera_recognition_object__builder.hpp
[6.011s] -- Up-to-date symlink: /home/gisbert12843/Projects/Robotics_Prak/prak2_ws/install/webots_ros2_msgs/include/webots_ros2_msgs/webots_ros2_msgs/msg/detail/camera_recognition_object__struct.hpp
[6.011s] -- Up-to-date symlink: /home/gisbert12843/Projects/Robotics_Prak/prak2_ws/install/webots_ros2_msgs/include/webots_ros2_msgs/webots_ros2_msgs/msg/detail/camera_recognition_object__traits.hpp
[6.011s] -- Up-to-date symlink: /home/gisbert12843/Projects/Robotics_Prak/prak2_ws/install/webots_ros2_msgs/include/webots_ros2_msgs/webots_ros2_msgs/msg/detail/camera_recognition_objects__builder.hpp
[6.011s] -- Up-to-date symlink: /home/gisbert12843/Projects/Robotics_Prak/prak2_ws/install/webots_ros2_msgs/include/webots_ros2_msgs/webots_ros2_msgs/msg/detail/camera_recognition_objects__struct.hpp
[6.012s] -- Up-to-date symlink: /home/gisbert12843/Projects/Robotics_Prak/prak2_ws/install/webots_ros2_msgs/include/webots_ros2_msgs/webots_ros2_msgs/msg/detail/camera_recognition_objects__traits.hpp
[6.013s] -- Up-to-date symlink: /home/gisbert12843/Projects/Robotics_Prak/prak2_ws/install/webots_ros2_msgs/include/webots_ros2_msgs/webots_ros2_msgs/msg/detail/float_stamped__builder.hpp
[6.013s] -- Up-to-date symlink: /home/gisbert12843/Projects/Robotics_Prak/prak2_ws/install/webots_ros2_msgs/include/webots_ros2_msgs/webots_ros2_msgs/msg/detail/float_stamped__struct.hpp
[6.013s] -- Up-to-date symlink: /home/gisbert12843/Projects/Robotics_Prak/prak2_ws/install/webots_ros2_msgs/include/webots_ros2_msgs/webots_ros2_msgs/msg/detail/float_stamped__traits.hpp
[6.013s] -- Up-to-date symlink: /home/gisbert12843/Projects/Robotics_Prak/prak2_ws/install/webots_ros2_msgs/include/webots_ros2_msgs/webots_ros2_msgs/msg/detail/pen_ink_properties__builder.hpp
[6.013s] -- Up-to-date symlink: /home/gisbert12843/Projects/Robotics_Prak/prak2_ws/install/webots_ros2_msgs/include/webots_ros2_msgs/webots_ros2_msgs/msg/detail/pen_ink_properties__struct.hpp
[6.013s] -- Up-to-date symlink: /home/gisbert12843/Projects/Robotics_Prak/prak2_ws/install/webots_ros2_msgs/include/webots_ros2_msgs/webots_ros2_msgs/msg/detail/pen_ink_properties__traits.hpp
[6.014s] -- Up-to-date symlink: /home/gisbert12843/Projects/Robotics_Prak/prak2_ws/install/webots_ros2_msgs/include/webots_ros2_msgs/webots_ros2_msgs/msg/detail/string_stamped__builder.hpp
[6.014s] -- Up-to-date symlink: /home/gisbert12843/Projects/Robotics_Prak/prak2_ws/install/webots_ros2_msgs/include/webots_ros2_msgs/webots_ros2_msgs/msg/detail/string_stamped__struct.hpp
[6.014s] -- Up-to-date symlink: /home/gisbert12843/Projects/Robotics_Prak/prak2_ws/install/webots_ros2_msgs/include/webots_ros2_msgs/webots_ros2_msgs/msg/detail/string_stamped__traits.hpp
[6.014s] -- Up-to-date symlink: /home/gisbert12843/Projects/Robotics_Prak/prak2_ws/install/webots_ros2_msgs/include/webots_ros2_msgs/webots_ros2_msgs/msg/detail/urdf_robot__builder.hpp
[6.015s] -- Up-to-date symlink: /home/gisbert12843/Projects/Robotics_Prak/prak2_ws/install/webots_ros2_msgs/include/webots_ros2_msgs/webots_ros2_msgs/msg/detail/urdf_robot__struct.hpp
[6.015s] -- Up-to-date symlink: /home/gisbert12843/Projects/Robotics_Prak/prak2_ws/install/webots_ros2_msgs/include/webots_ros2_msgs/webots_ros2_msgs/msg/detail/urdf_robot__traits.hpp
[6.015s] -- Up-to-date symlink: /home/gisbert12843/Projects/Robotics_Prak/prak2_ws/install/webots_ros2_msgs/include/webots_ros2_msgs/webots_ros2_msgs/msg/float_stamped.hpp
[6.016s] -- Up-to-date symlink: /home/gisbert12843/Projects/Robotics_Prak/prak2_ws/install/webots_ros2_msgs/include/webots_ros2_msgs/webots_ros2_msgs/msg/pen_ink_properties.hpp
[6.016s] -- Up-to-date symlink: /home/gisbert12843/Projects/Robotics_Prak/prak2_ws/install/webots_ros2_msgs/include/webots_ros2_msgs/webots_ros2_msgs/msg/string_stamped.hpp
[6.016s] -- Up-to-date symlink: /home/gisbert12843/Projects/Robotics_Prak/prak2_ws/install/webots_ros2_msgs/include/webots_ros2_msgs/webots_ros2_msgs/msg/urdf_robot.hpp
[6.016s] -- Up-to-date symlink: /home/gisbert12843/Projects/Robotics_Prak/prak2_ws/install/webots_ros2_msgs/include/webots_ros2_msgs/webots_ros2_msgs/srv/detail/emitter_send_string__builder.hpp
[6.017s] -- Up-to-date symlink: /home/gisbert12843/Projects/Robotics_Prak/prak2_ws/install/webots_ros2_msgs/include/webots_ros2_msgs/webots_ros2_msgs/srv/detail/emitter_send_string__struct.hpp
[6.017s] -- Up-to-date symlink: /home/gisbert12843/Projects/Robotics_Prak/prak2_ws/install/webots_ros2_msgs/include/webots_ros2_msgs/webots_ros2_msgs/srv/detail/emitter_send_string__traits.hpp
[6.017s] -- Up-to-date symlink: /home/gisbert12843/Projects/Robotics_Prak/prak2_ws/install/webots_ros2_msgs/include/webots_ros2_msgs/webots_ros2_msgs/srv/detail/get_bool__builder.hpp
[6.017s] -- Up-to-date symlink: /home/gisbert12843/Projects/Robotics_Prak/prak2_ws/install/webots_ros2_msgs/include/webots_ros2_msgs/webots_ros2_msgs/srv/detail/get_bool__struct.hpp
[6.018s] -- Up-to-date symlink: /home/gisbert12843/Projects/Robotics_Prak/prak2_ws/install/webots_ros2_msgs/include/webots_ros2_msgs/webots_ros2_msgs/srv/detail/get_bool__traits.hpp
[6.018s] -- Up-to-date symlink: /home/gisbert12843/Projects/Robotics_Prak/prak2_ws/install/webots_ros2_msgs/include/webots_ros2_msgs/webots_ros2_msgs/srv/detail/set_string__builder.hpp
[6.018s] -- Up-to-date symlink: /home/gisbert12843/Projects/Robotics_Prak/prak2_ws/install/webots_ros2_msgs/include/webots_ros2_msgs/webots_ros2_msgs/srv/detail/set_string__struct.hpp
[6.018s] -- Up-to-date symlink: /home/gisbert12843/Projects/Robotics_Prak/prak2_ws/install/webots_ros2_msgs/include/webots_ros2_msgs/webots_ros2_msgs/srv/detail/set_string__traits.hpp
[6.019s] -- Up-to-date symlink: /home/gisbert12843/Projects/Robotics_Prak/prak2_ws/install/webots_ros2_msgs/include/webots_ros2_msgs/webots_ros2_msgs/srv/detail/spawn_node_from_string__builder.hpp
[6.019s] -- Up-to-date symlink: /home/gisbert12843/Projects/Robotics_Prak/prak2_ws/install/webots_ros2_msgs/include/webots_ros2_msgs/webots_ros2_msgs/srv/detail/spawn_node_from_string__struct.hpp
[6.019s] -- Up-to-date symlink: /home/gisbert12843/Projects/Robotics_Prak/prak2_ws/install/webots_ros2_msgs/include/webots_ros2_msgs/webots_ros2_msgs/srv/detail/spawn_node_from_string__traits.hpp
[6.020s] -- Up-to-date symlink: /home/gisbert12843/Projects/Robotics_Prak/prak2_ws/install/webots_ros2_msgs/include/webots_ros2_msgs/webots_ros2_msgs/srv/detail/spawn_urdf_robot__builder.hpp
[6.020s] -- Up-to-date symlink: /home/gisbert12843/Projects/Robotics_Prak/prak2_ws/install/webots_ros2_msgs/include/webots_ros2_msgs/webots_ros2_msgs/srv/detail/spawn_urdf_robot__struct.hpp
[6.020s] -- Up-to-date symlink: /home/gisbert12843/Projects/Robotics_Prak/prak2_ws/install/webots_ros2_msgs/include/webots_ros2_msgs/webots_ros2_msgs/srv/detail/spawn_urdf_robot__traits.hpp
[6.020s] -- Up-to-date symlink: /home/gisbert12843/Projects/Robotics_Prak/prak2_ws/install/webots_ros2_msgs/include/webots_ros2_msgs/webots_ros2_msgs/srv/emitter_send_string.hpp
[6.021s] -- Up-to-date symlink: /home/gisbert12843/Projects/Robotics_Prak/prak2_ws/install/webots_ros2_msgs/include/webots_ros2_msgs/webots_ros2_msgs/srv/get_bool.hpp
[6.021s] -- Up-to-date symlink: /home/gisbert12843/Projects/Robotics_Prak/prak2_ws/install/webots_ros2_msgs/include/webots_ros2_msgs/webots_ros2_msgs/srv/set_string.hpp
[6.021s] -- Up-to-date symlink: /home/gisbert12843/Projects/Robotics_Prak/prak2_ws/install/webots_ros2_msgs/include/webots_ros2_msgs/webots_ros2_msgs/srv/spawn_node_from_string.hpp
[6.021s] -- Up-to-date symlink: /home/gisbert12843/Projects/Robotics_Prak/prak2_ws/install/webots_ros2_msgs/include/webots_ros2_msgs/webots_ros2_msgs/srv/spawn_urdf_robot.hpp
[6.022s] -- Up-to-date symlink: /home/gisbert12843/Projects/Robotics_Prak/prak2_ws/install/webots_ros2_msgs/include/webots_ros2_msgs/webots_ros2_msgs/msg/detail/bool_stamped__rosidl_typesupport_fastrtps_cpp.hpp
[6.022s] -- Up-to-date symlink: /home/gisbert12843/Projects/Robotics_Prak/prak2_ws/install/webots_ros2_msgs/include/webots_ros2_msgs/webots_ros2_msgs/msg/detail/camera_recognition_object__rosidl_typesupport_fastrtps_cpp.hpp
[6.023s] -- Up-to-date symlink: /home/gisbert12843/Projects/Robotics_Prak/prak2_ws/install/webots_ros2_msgs/include/webots_ros2_msgs/webots_ros2_msgs/msg/detail/camera_recognition_objects__rosidl_typesupport_fastrtps_cpp.hpp
[6.023s] -- Up-to-date symlink: /home/gisbert12843/Projects/Robotics_Prak/prak2_ws/install/webots_ros2_msgs/include/webots_ros2_msgs/webots_ros2_msgs/msg/detail/float_stamped__rosidl_typesupport_fastrtps_cpp.hpp
[6.023s] -- Up-to-date symlink: /home/gisbert12843/Projects/Robotics_Prak/prak2_ws/install/webots_ros2_msgs/include/webots_ros2_msgs/webots_ros2_msgs/msg/detail/pen_ink_properties__rosidl_typesupport_fastrtps_cpp.hpp
[6.024s] -- Up-to-date symlink: /home/gisbert12843/Projects/Robotics_Prak/prak2_ws/install/webots_ros2_msgs/include/webots_ros2_msgs/webots_ros2_msgs/msg/detail/string_stamped__rosidl_typesupport_fastrtps_cpp.hpp
[6.024s] -- Up-to-date symlink: /home/gisbert12843/Projects/Robotics_Prak/prak2_ws/install/webots_ros2_msgs/include/webots_ros2_msgs/webots_ros2_msgs/msg/detail/urdf_robot__rosidl_typesupport_fastrtps_cpp.hpp
[6.024s] -- Up-to-date symlink: /home/gisbert12843/Projects/Robotics_Prak/prak2_ws/install/webots_ros2_msgs/include/webots_ros2_msgs/webots_ros2_msgs/msg/rosidl_typesupport_fastrtps_cpp__visibility_control.h
[6.024s] -- Up-to-date symlink: /home/gisbert12843/Projects/Robotics_Prak/prak2_ws/install/webots_ros2_msgs/include/webots_ros2_msgs/webots_ros2_msgs/srv/detail/emitter_send_string__rosidl_typesupport_fastrtps_cpp.hpp
[6.024s] -- Up-to-date symlink: /home/gisbert12843/Projects/Robotics_Prak/prak2_ws/install/webots_ros2_msgs/include/webots_ros2_msgs/webots_ros2_msgs/srv/detail/get_bool__rosidl_typesupport_fastrtps_cpp.hpp
[6.025s] -- Up-to-date symlink: /home/gisbert12843/Projects/Robotics_Prak/prak2_ws/install/webots_ros2_msgs/include/webots_ros2_msgs/webots_ros2_msgs/srv/detail/set_string__rosidl_typesupport_fastrtps_cpp.hpp
[6.025s] -- Up-to-date symlink: /home/gisbert12843/Projects/Robotics_Prak/prak2_ws/install/webots_ros2_msgs/include/webots_ros2_msgs/webots_ros2_msgs/srv/detail/spawn_node_from_string__rosidl_typesupport_fastrtps_cpp.hpp
[6.025s] -- Up-to-date symlink: /home/gisbert12843/Projects/Robotics_Prak/prak2_ws/install/webots_ros2_msgs/include/webots_ros2_msgs/webots_ros2_msgs/srv/detail/spawn_urdf_robot__rosidl_typesupport_fastrtps_cpp.hpp
[6.026s] -- Up-to-date symlink: /home/gisbert12843/Projects/Robotics_Prak/prak2_ws/install/webots_ros2_msgs/include/webots_ros2_msgs/webots_ros2_msgs/msg/detail/bool_stamped__rosidl_typesupport_introspection_c.h
[6.026s] -- Up-to-date symlink: /home/gisbert12843/Projects/Robotics_Prak/prak2_ws/install/webots_ros2_msgs/include/webots_ros2_msgs/webots_ros2_msgs/msg/detail/camera_recognition_object__rosidl_typesupport_introspection_c.h
[6.026s] -- Up-to-date symlink: /home/gisbert12843/Projects/Robotics_Prak/prak2_ws/install/webots_ros2_msgs/include/webots_ros2_msgs/webots_ros2_msgs/msg/detail/camera_recognition_objects__rosidl_typesupport_introspection_c.h
[6.027s] -- Up-to-date symlink: /home/gisbert12843/Projects/Robotics_Prak/prak2_ws/install/webots_ros2_msgs/include/webots_ros2_msgs/webots_ros2_msgs/msg/detail/float_stamped__rosidl_typesupport_introspection_c.h
[6.027s] -- Up-to-date symlink: /home/gisbert12843/Projects/Robotics_Prak/prak2_ws/install/webots_ros2_msgs/include/webots_ros2_msgs/webots_ros2_msgs/msg/detail/pen_ink_properties__rosidl_typesupport_introspection_c.h
[6.027s] -- Up-to-date symlink: /home/gisbert12843/Projects/Robotics_Prak/prak2_ws/install/webots_ros2_msgs/include/webots_ros2_msgs/webots_ros2_msgs/msg/detail/string_stamped__rosidl_typesupport_introspection_c.h
[6.027s] -- Up-to-date symlink: /home/gisbert12843/Projects/Robotics_Prak/prak2_ws/install/webots_ros2_msgs/include/webots_ros2_msgs/webots_ros2_msgs/msg/detail/urdf_robot__rosidl_typesupport_introspection_c.h
[6.028s] -- Up-to-date symlink: /home/gisbert12843/Projects/Robotics_Prak/prak2_ws/install/webots_ros2_msgs/include/webots_ros2_msgs/webots_ros2_msgs/msg/rosidl_typesupport_introspection_c__visibility_control.h
[6.028s] -- Up-to-date symlink: /home/gisbert12843/Projects/Robotics_Prak/prak2_ws/install/webots_ros2_msgs/include/webots_ros2_msgs/webots_ros2_msgs/srv/detail/emitter_send_string__rosidl_typesupport_introspection_c.h
[6.028s] -- Up-to-date symlink: /home/gisbert12843/Projects/Robotics_Prak/prak2_ws/install/webots_ros2_msgs/include/webots_ros2_msgs/webots_ros2_msgs/srv/detail/get_bool__rosidl_typesupport_introspection_c.h
[6.028s] -- Up-to-date symlink: /home/gisbert12843/Projects/Robotics_Prak/prak2_ws/install/webots_ros2_msgs/include/webots_ros2_msgs/webots_ros2_msgs/srv/detail/set_string__rosidl_typesupport_introspection_c.h
[6.029s] -- Up-to-date symlink: /home/gisbert12843/Projects/Robotics_Prak/prak2_ws/install/webots_ros2_msgs/include/webots_ros2_msgs/webots_ros2_msgs/srv/detail/spawn_node_from_string__rosidl_typesupport_introspection_c.h
[6.029s] -- Up-to-date symlink: /home/gisbert12843/Projects/Robotics_Prak/prak2_ws/install/webots_ros2_msgs/include/webots_ros2_msgs/webots_ros2_msgs/srv/detail/spawn_urdf_robot__rosidl_typesupport_introspection_c.h
[6.030s] -- Up-to-date symlink: /home/gisbert12843/Projects/Robotics_Prak/prak2_ws/install/webots_ros2_msgs/include/webots_ros2_msgs/webots_ros2_msgs/msg/detail/bool_stamped__rosidl_typesupport_introspection_cpp.hpp
[6.030s] -- Up-to-date symlink: /home/gisbert12843/Projects/Robotics_Prak/prak2_ws/install/webots_ros2_msgs/include/webots_ros2_msgs/webots_ros2_msgs/msg/detail/camera_recognition_object__rosidl_typesupport_introspection_cpp.hpp
[6.030s] -- Up-to-date symlink: /home/gisbert12843/Projects/Robotics_Prak/prak2_ws/install/webots_ros2_msgs/include/webots_ros2_msgs/webots_ros2_msgs/msg/detail/camera_recognition_objects__rosidl_typesupport_introspection_cpp.hpp
[6.031s] -- Up-to-date symlink: /home/gisbert12843/Projects/Robotics_Prak/prak2_ws/install/webots_ros2_msgs/include/webots_ros2_msgs/webots_ros2_msgs/msg/detail/float_stamped__rosidl_typesupport_introspection_cpp.hpp
[6.031s] -- Up-to-date symlink: /home/gisbert12843/Projects/Robotics_Prak/prak2_ws/install/webots_ros2_msgs/include/webots_ros2_msgs/webots_ros2_msgs/msg/detail/pen_ink_properties__rosidl_typesupport_introspection_cpp.hpp
[6.031s] -- Up-to-date symlink: /home/gisbert12843/Projects/Robotics_Prak/prak2_ws/install/webots_ros2_msgs/include/webots_ros2_msgs/webots_ros2_msgs/msg/detail/string_stamped__rosidl_typesupport_introspection_cpp.hpp
[6.031s] -- Up-to-date symlink: /home/gisbert12843/Projects/Robotics_Prak/prak2_ws/install/webots_ros2_msgs/include/webots_ros2_msgs/webots_ros2_msgs/msg/detail/urdf_robot__rosidl_typesupport_introspection_cpp.hpp
[6.032s] -- Up-to-date symlink: /home/gisbert12843/Projects/Robotics_Prak/prak2_ws/install/webots_ros2_msgs/include/webots_ros2_msgs/webots_ros2_msgs/srv/detail/emitter_send_string__rosidl_typesupport_introspection_cpp.hpp
[6.032s] -- Up-to-date symlink: /home/gisbert12843/Projects/Robotics_Prak/prak2_ws/install/webots_ros2_msgs/include/webots_ros2_msgs/webots_ros2_msgs/srv/detail/get_bool__rosidl_typesupport_introspection_cpp.hpp
[6.032s] -- Up-to-date symlink: /home/gisbert12843/Projects/Robotics_Prak/prak2_ws/install/webots_ros2_msgs/include/webots_ros2_msgs/webots_ros2_msgs/srv/detail/set_string__rosidl_typesupport_introspection_cpp.hpp
[6.032s] -- Up-to-date symlink: /home/gisbert12843/Projects/Robotics_Prak/prak2_ws/install/webots_ros2_msgs/include/webots_ros2_msgs/webots_ros2_msgs/srv/detail/spawn_node_from_string__rosidl_typesupport_introspection_cpp.hpp
[6.032s] -- Up-to-date symlink: /home/gisbert12843/Projects/Robotics_Prak/prak2_ws/install/webots_ros2_msgs/include/webots_ros2_msgs/webots_ros2_msgs/srv/detail/spawn_urdf_robot__rosidl_typesupport_introspection_cpp.hpp
[6.033s] -- Up-to-date symlink: /home/gisbert12843/Projects/Robotics_Prak/prak2_ws/install/webots_ros2_msgs/share/webots_ros2_msgs/environment/pythonpath.sh
[6.033s] -- Up-to-date symlink: /home/gisbert12843/Projects/Robotics_Prak/prak2_ws/install/webots_ros2_msgs/share/webots_ros2_msgs/environment/pythonpath.dsv
[6.033s] -- Up-to-date symlink: /home/gisbert12843/Projects/Robotics_Prak/prak2_ws/install/webots_ros2_msgs/local/lib/python3.10/dist-packages/webots_ros2_msgs-2023.1.3-py3.10.egg-info/PKG-INFO
[6.033s] -- Up-to-date symlink: /home/gisbert12843/Projects/Robotics_Prak/prak2_ws/install/webots_ros2_msgs/local/lib/python3.10/dist-packages/webots_ros2_msgs-2023.1.3-py3.10.egg-info/SOURCES.txt
[6.034s] -- Up-to-date symlink: /home/gisbert12843/Projects/Robotics_Prak/prak2_ws/install/webots_ros2_msgs/local/lib/python3.10/dist-packages/webots_ros2_msgs-2023.1.3-py3.10.egg-info/dependency_links.txt
[6.034s] -- Up-to-date symlink: /home/gisbert12843/Projects/Robotics_Prak/prak2_ws/install/webots_ros2_msgs/local/lib/python3.10/dist-packages/webots_ros2_msgs-2023.1.3-py3.10.egg-info/top_level.txt
[6.035s] -- Up-to-date symlink: /home/gisbert12843/Projects/Robotics_Prak/prak2_ws/install/webots_ros2_msgs/local/lib/python3.10/dist-packages/webots_ros2_msgs/__init__.py
[6.035s] -- Up-to-date symlink: /home/gisbert12843/Projects/Robotics_Prak/prak2_ws/install/webots_ros2_msgs/local/lib/python3.10/dist-packages/webots_ros2_msgs/_webots_ros2_msgs_s.ep.rosidl_typesupport_c.c
[6.036s] -- Up-to-date symlink: /home/gisbert12843/Projects/Robotics_Prak/prak2_ws/install/webots_ros2_msgs/local/lib/python3.10/dist-packages/webots_ros2_msgs/_webots_ros2_msgs_s.ep.rosidl_typesupport_fastrtps_c.c
[6.036s] -- Up-to-date symlink: /home/gisbert12843/Projects/Robotics_Prak/prak2_ws/install/webots_ros2_msgs/local/lib/python3.10/dist-packages/webots_ros2_msgs/_webots_ros2_msgs_s.ep.rosidl_typesupport_introspection_c.c
[6.036s] -- Up-to-date symlink: /home/gisbert12843/Projects/Robotics_Prak/prak2_ws/install/webots_ros2_msgs/local/lib/python3.10/dist-packages/webots_ros2_msgs/libwebots_ros2_msgs__rosidl_generator_py.so
[6.036s] -- Up-to-date symlink: /home/gisbert12843/Projects/Robotics_Prak/prak2_ws/install/webots_ros2_msgs/local/lib/python3.10/dist-packages/webots_ros2_msgs/msg/__init__.py
[6.037s] -- Up-to-date symlink: /home/gisbert12843/Projects/Robotics_Prak/prak2_ws/install/webots_ros2_msgs/local/lib/python3.10/dist-packages/webots_ros2_msgs/msg/_bool_stamped.py
[6.037s] -- Up-to-date symlink: /home/gisbert12843/Projects/Robotics_Prak/prak2_ws/install/webots_ros2_msgs/local/lib/python3.10/dist-packages/webots_ros2_msgs/msg/_bool_stamped_s.c
[6.037s] -- Up-to-date symlink: /home/gisbert12843/Projects/Robotics_Prak/prak2_ws/install/webots_ros2_msgs/local/lib/python3.10/dist-packages/webots_ros2_msgs/msg/_camera_recognition_object.py
[6.038s] -- Up-to-date symlink: /home/gisbert12843/Projects/Robotics_Prak/prak2_ws/install/webots_ros2_msgs/local/lib/python3.10/dist-packages/webots_ros2_msgs/msg/_camera_recognition_object_s.c
[6.038s] -- Up-to-date symlink: /home/gisbert12843/Projects/Robotics_Prak/prak2_ws/install/webots_ros2_msgs/local/lib/python3.10/dist-packages/webots_ros2_msgs/msg/_camera_recognition_objects.py
[6.038s] -- Up-to-date symlink: /home/gisbert12843/Projects/Robotics_Prak/prak2_ws/install/webots_ros2_msgs/local/lib/python3.10/dist-packages/webots_ros2_msgs/msg/_camera_recognition_objects_s.c
[6.038s] -- Up-to-date symlink: /home/gisbert12843/Projects/Robotics_Prak/prak2_ws/install/webots_ros2_msgs/local/lib/python3.10/dist-packages/webots_ros2_msgs/msg/_float_stamped.py
[6.039s] -- Up-to-date symlink: /home/gisbert12843/Projects/Robotics_Prak/prak2_ws/install/webots_ros2_msgs/local/lib/python3.10/dist-packages/webots_ros2_msgs/msg/_float_stamped_s.c
[6.039s] -- Up-to-date symlink: /home/gisbert12843/Projects/Robotics_Prak/prak2_ws/install/webots_ros2_msgs/local/lib/python3.10/dist-packages/webots_ros2_msgs/msg/_pen_ink_properties.py
[6.039s] -- Up-to-date symlink: /home/gisbert12843/Projects/Robotics_Prak/prak2_ws/install/webots_ros2_msgs/local/lib/python3.10/dist-packages/webots_ros2_msgs/msg/_pen_ink_properties_s.c
[6.040s] -- Up-to-date symlink: /home/gisbert12843/Projects/Robotics_Prak/prak2_ws/install/webots_ros2_msgs/local/lib/python3.10/dist-packages/webots_ros2_msgs/msg/_string_stamped.py
[6.040s] -- Up-to-date symlink: /home/gisbert12843/Projects/Robotics_Prak/prak2_ws/install/webots_ros2_msgs/local/lib/python3.10/dist-packages/webots_ros2_msgs/msg/_string_stamped_s.c
[6.040s] -- Up-to-date symlink: /home/gisbert12843/Projects/Robotics_Prak/prak2_ws/install/webots_ros2_msgs/local/lib/python3.10/dist-packages/webots_ros2_msgs/msg/_urdf_robot.py
[6.040s] -- Up-to-date symlink: /home/gisbert12843/Projects/Robotics_Prak/prak2_ws/install/webots_ros2_msgs/local/lib/python3.10/dist-packages/webots_ros2_msgs/msg/_urdf_robot_s.c
[6.041s] -- Up-to-date symlink: /home/gisbert12843/Projects/Robotics_Prak/prak2_ws/install/webots_ros2_msgs/local/lib/python3.10/dist-packages/webots_ros2_msgs/srv/__init__.py
[6.041s] -- Up-to-date symlink: /home/gisbert12843/Projects/Robotics_Prak/prak2_ws/install/webots_ros2_msgs/local/lib/python3.10/dist-packages/webots_ros2_msgs/srv/_emitter_send_string.py
[6.041s] -- Up-to-date symlink: /home/gisbert12843/Projects/Robotics_Prak/prak2_ws/install/webots_ros2_msgs/local/lib/python3.10/dist-packages/webots_ros2_msgs/srv/_emitter_send_string_s.c
[6.042s] -- Up-to-date symlink: /home/gisbert12843/Projects/Robotics_Prak/prak2_ws/install/webots_ros2_msgs/local/lib/python3.10/dist-packages/webots_ros2_msgs/srv/_get_bool.py
[6.042s] -- Up-to-date symlink: /home/gisbert12843/Projects/Robotics_Prak/prak2_ws/install/webots_ros2_msgs/local/lib/python3.10/dist-packages/webots_ros2_msgs/srv/_get_bool_s.c
[6.042s] -- Up-to-date symlink: /home/gisbert12843/Projects/Robotics_Prak/prak2_ws/install/webots_ros2_msgs/local/lib/python3.10/dist-packages/webots_ros2_msgs/srv/_set_string.py
[6.043s] -- Up-to-date symlink: /home/gisbert12843/Projects/Robotics_Prak/prak2_ws/install/webots_ros2_msgs/local/lib/python3.10/dist-packages/webots_ros2_msgs/srv/_set_string_s.c
[6.043s] -- Up-to-date symlink: /home/gisbert12843/Projects/Robotics_Prak/prak2_ws/install/webots_ros2_msgs/local/lib/python3.10/dist-packages/webots_ros2_msgs/srv/_spawn_node_from_string.py
[6.043s] -- Up-to-date symlink: /home/gisbert12843/Projects/Robotics_Prak/prak2_ws/install/webots_ros2_msgs/local/lib/python3.10/dist-packages/webots_ros2_msgs/srv/_spawn_node_from_string_s.c
[6.044s] -- Up-to-date symlink: /home/gisbert12843/Projects/Robotics_Prak/prak2_ws/install/webots_ros2_msgs/local/lib/python3.10/dist-packages/webots_ros2_msgs/srv/_spawn_urdf_robot.py
[6.044s] -- Up-to-date symlink: /home/gisbert12843/Projects/Robotics_Prak/prak2_ws/install/webots_ros2_msgs/local/lib/python3.10/dist-packages/webots_ros2_msgs/srv/_spawn_urdf_robot_s.c
[6.044s] -- Up-to-date symlink: /home/gisbert12843/Projects/Robotics_Prak/prak2_ws/install/webots_ros2_msgs/local/lib/python3.10/dist-packages/webots_ros2_msgs/webots_ros2_msgs_s__rosidl_typesupport_c.cpython-310-x86_64-linux-gnu.so
[6.045s] -- Up-to-date symlink: /home/gisbert12843/Projects/Robotics_Prak/prak2_ws/install/webots_ros2_msgs/local/lib/python3.10/dist-packages/webots_ros2_msgs/webots_ros2_msgs_s__rosidl_typesupport_fastrtps_c.cpython-310-x86_64-linux-gnu.so
[6.045s] -- Up-to-date symlink: /home/gisbert12843/Projects/Robotics_Prak/prak2_ws/install/webots_ros2_msgs/local/lib/python3.10/dist-packages/webots_ros2_msgs/webots_ros2_msgs_s__rosidl_typesupport_introspection_c.cpython-310-x86_64-linux-gnu.so
[6.045s] -- Up-to-date symlink: /home/gisbert12843/Projects/Robotics_Prak/prak2_ws/install/webots_ros2_msgs/local/lib/python3.10/dist-packages/webots_ros2_msgs/webots_ros2_msgs_s__rosidl_typesupport_fastrtps_c.cpython-310-x86_64-linux-gnu.so
[6.045s] -- Up-to-date symlink: /home/gisbert12843/Projects/Robotics_Prak/prak2_ws/install/webots_ros2_msgs/local/lib/python3.10/dist-packages/webots_ros2_msgs/webots_ros2_msgs_s__rosidl_typesupport_introspection_c.cpython-310-x86_64-linux-gnu.so
[6.046s] -- Up-to-date symlink: /home/gisbert12843/Projects/Robotics_Prak/prak2_ws/install/webots_ros2_msgs/local/lib/python3.10/dist-packages/webots_ros2_msgs/webots_ros2_msgs_s__rosidl_typesupport_c.cpython-310-x86_64-linux-gnu.so
[6.046s] -- Up-to-date symlink: /home/gisbert12843/Projects/Robotics_Prak/prak2_ws/install/webots_ros2_msgs/share/webots_ros2_msgs/msg/BoolStamped.idl
[6.046s] -- Up-to-date symlink: /home/gisbert12843/Projects/Robotics_Prak/prak2_ws/install/webots_ros2_msgs/share/webots_ros2_msgs/msg/FloatStamped.idl
[6.047s] -- Up-to-date symlink: /home/gisbert12843/Projects/Robotics_Prak/prak2_ws/install/webots_ros2_msgs/share/webots_ros2_msgs/msg/StringStamped.idl
[6.047s] -- Up-to-date symlink: /home/gisbert12843/Projects/Robotics_Prak/prak2_ws/install/webots_ros2_msgs/share/webots_ros2_msgs/msg/CameraRecognitionObject.idl
[6.047s] -- Up-to-date symlink: /home/gisbert12843/Projects/Robotics_Prak/prak2_ws/install/webots_ros2_msgs/share/webots_ros2_msgs/msg/CameraRecognitionObjects.idl
[6.048s] -- Up-to-date symlink: /home/gisbert12843/Projects/Robotics_Prak/prak2_ws/install/webots_ros2_msgs/share/webots_ros2_msgs/msg/UrdfRobot.idl
[6.048s] -- Up-to-date symlink: /home/gisbert12843/Projects/Robotics_Prak/prak2_ws/install/webots_ros2_msgs/share/webots_ros2_msgs/msg/PenInkProperties.idl
[6.048s] -- Up-to-date symlink: /home/gisbert12843/Projects/Robotics_Prak/prak2_ws/install/webots_ros2_msgs/share/webots_ros2_msgs/srv/EmitterSendString.idl
[6.049s] -- Up-to-date symlink: /home/gisbert12843/Projects/Robotics_Prak/prak2_ws/install/webots_ros2_msgs/share/webots_ros2_msgs/srv/GetBool.idl
[6.049s] -- Up-to-date symlink: /home/gisbert12843/Projects/Robotics_Prak/prak2_ws/install/webots_ros2_msgs/share/webots_ros2_msgs/srv/SetString.idl
[6.049s] -- Up-to-date symlink: /home/gisbert12843/Projects/Robotics_Prak/prak2_ws/install/webots_ros2_msgs/share/webots_ros2_msgs/srv/SpawnNodeFromString.idl
[6.050s] -- Up-to-date symlink: /home/gisbert12843/Projects/Robotics_Prak/prak2_ws/install/webots_ros2_msgs/share/webots_ros2_msgs/srv/SpawnUrdfRobot.idl
[6.050s] -- Up-to-date symlink: /home/gisbert12843/Projects/Robotics_Prak/prak2_ws/install/webots_ros2_msgs/share/webots_ros2_msgs/msg/BoolStamped.msg
[6.050s] -- Up-to-date symlink: /home/gisbert12843/Projects/Robotics_Prak/prak2_ws/install/webots_ros2_msgs/share/webots_ros2_msgs/msg/FloatStamped.msg
[6.050s] -- Up-to-date symlink: /home/gisbert12843/Projects/Robotics_Prak/prak2_ws/install/webots_ros2_msgs/share/webots_ros2_msgs/msg/StringStamped.msg
[6.051s] -- Up-to-date symlink: /home/gisbert12843/Projects/Robotics_Prak/prak2_ws/install/webots_ros2_msgs/share/webots_ros2_msgs/msg/CameraRecognitionObject.msg
[6.051s] -- Up-to-date symlink: /home/gisbert12843/Projects/Robotics_Prak/prak2_ws/install/webots_ros2_msgs/share/webots_ros2_msgs/msg/CameraRecognitionObjects.msg
[6.051s] -- Up-to-date symlink: /home/gisbert12843/Projects/Robotics_Prak/prak2_ws/install/webots_ros2_msgs/share/webots_ros2_msgs/msg/UrdfRobot.msg
[6.052s] -- Up-to-date symlink: /home/gisbert12843/Projects/Robotics_Prak/prak2_ws/install/webots_ros2_msgs/share/webots_ros2_msgs/msg/PenInkProperties.msg
[6.052s] -- Up-to-date symlink: /home/gisbert12843/Projects/Robotics_Prak/prak2_ws/install/webots_ros2_msgs/share/webots_ros2_msgs/srv/EmitterSendString.srv
[6.052s] -- Up-to-date symlink: /home/gisbert12843/Projects/Robotics_Prak/prak2_ws/install/webots_ros2_msgs/share/webots_ros2_msgs/srv/EmitterSendString_Request.msg
[6.052s] -- Up-to-date symlink: /home/gisbert12843/Projects/Robotics_Prak/prak2_ws/install/webots_ros2_msgs/share/webots_ros2_msgs/srv/EmitterSendString_Response.msg
[6.053s] -- Up-to-date symlink: /home/gisbert12843/Projects/Robotics_Prak/prak2_ws/install/webots_ros2_msgs/share/webots_ros2_msgs/srv/GetBool.srv
[6.053s] -- Up-to-date symlink: /home/gisbert12843/Projects/Robotics_Prak/prak2_ws/install/webots_ros2_msgs/share/webots_ros2_msgs/srv/GetBool_Request.msg
[6.053s] -- Up-to-date symlink: /home/gisbert12843/Projects/Robotics_Prak/prak2_ws/install/webots_ros2_msgs/share/webots_ros2_msgs/srv/GetBool_Response.msg
[6.054s] -- Up-to-date symlink: /home/gisbert12843/Projects/Robotics_Prak/prak2_ws/install/webots_ros2_msgs/share/webots_ros2_msgs/srv/SetString.srv
[6.054s] -- Up-to-date symlink: /home/gisbert12843/Projects/Robotics_Prak/prak2_ws/install/webots_ros2_msgs/share/webots_ros2_msgs/srv/SetString_Request.msg
[6.054s] -- Up-to-date symlink: /home/gisbert12843/Projects/Robotics_Prak/prak2_ws/install/webots_ros2_msgs/share/webots_ros2_msgs/srv/SetString_Response.msg
[6.055s] -- Up-to-date symlink: /home/gisbert12843/Projects/Robotics_Prak/prak2_ws/install/webots_ros2_msgs/share/webots_ros2_msgs/srv/SpawnNodeFromString.srv
[6.055s] -- Up-to-date symlink: /home/gisbert12843/Projects/Robotics_Prak/prak2_ws/install/webots_ros2_msgs/share/webots_ros2_msgs/srv/SpawnNodeFromString_Request.msg
[6.055s] -- Up-to-date symlink: /home/gisbert12843/Projects/Robotics_Prak/prak2_ws/install/webots_ros2_msgs/share/webots_ros2_msgs/srv/SpawnNodeFromString_Response.msg
[6.056s] -- Up-to-date symlink: /home/gisbert12843/Projects/Robotics_Prak/prak2_ws/install/webots_ros2_msgs/share/webots_ros2_msgs/srv/SpawnUrdfRobot.srv
[6.056s] -- Up-to-date symlink: /home/gisbert12843/Projects/Robotics_Prak/prak2_ws/install/webots_ros2_msgs/share/webots_ros2_msgs/srv/SpawnUrdfRobot_Request.msg
[6.056s] -- Up-to-date symlink: /home/gisbert12843/Projects/Robotics_Prak/prak2_ws/install/webots_ros2_msgs/share/webots_ros2_msgs/srv/SpawnUrdfRobot_Response.msg
[6.056s] -- Up-to-date symlink: /home/gisbert12843/Projects/Robotics_Prak/prak2_ws/install/webots_ros2_msgs/share/ament_index/resource_index/package_run_dependencies/webots_ros2_msgs
[6.057s] -- Up-to-date symlink: /home/gisbert12843/Projects/Robotics_Prak/prak2_ws/install/webots_ros2_msgs/share/ament_index/resource_index/parent_prefix_path/webots_ros2_msgs
[6.057s] -- Up-to-date symlink: /home/gisbert12843/Projects/Robotics_Prak/prak2_ws/install/webots_ros2_msgs/share/webots_ros2_msgs/environment/ament_prefix_path.sh
[6.057s] -- Up-to-date symlink: /home/gisbert12843/Projects/Robotics_Prak/prak2_ws/install/webots_ros2_msgs/share/webots_ros2_msgs/environment/ament_prefix_path.dsv
[6.058s] -- Up-to-date symlink: /home/gisbert12843/Projects/Robotics_Prak/prak2_ws/install/webots_ros2_msgs/share/webots_ros2_msgs/environment/path.sh
[6.058s] -- Up-to-date symlink: /home/gisbert12843/Projects/Robotics_Prak/prak2_ws/install/webots_ros2_msgs/share/webots_ros2_msgs/environment/path.dsv
[6.058s] -- Up-to-date symlink: /home/gisbert12843/Projects/Robotics_Prak/prak2_ws/install/webots_ros2_msgs/share/webots_ros2_msgs/local_setup.bash
[6.059s] -- Up-to-date symlink: /home/gisbert12843/Projects/Robotics_Prak/prak2_ws/install/webots_ros2_msgs/share/webots_ros2_msgs/local_setup.sh
[6.059s] -- Up-to-date symlink: /home/gisbert12843/Projects/Robotics_Prak/prak2_ws/install/webots_ros2_msgs/share/webots_ros2_msgs/local_setup.zsh
[6.059s] -- Up-to-date symlink: /home/gisbert12843/Projects/Robotics_Prak/prak2_ws/install/webots_ros2_msgs/share/webots_ros2_msgs/local_setup.dsv
[6.059s] -- Symlinking: /home/gisbert12843/Projects/Robotics_Prak/prak2_ws/install/webots_ros2_msgs/share/webots_ros2_msgs/package.dsv
[6.067s] -- Up-to-date symlink: /home/gisbert12843/Projects/Robotics_Prak/prak2_ws/install/webots_ros2_msgs/share/ament_index/resource_index/packages/webots_ros2_msgs
[6.067s] -- Up-to-date symlink: /home/gisbert12843/Projects/Robotics_Prak/prak2_ws/install/webots_ros2_msgs/share/webots_ros2_msgs/cmake/rosidl_cmake-extras.cmake
[6.067s] -- Up-to-date symlink: /home/gisbert12843/Projects/Robotics_Prak/prak2_ws/install/webots_ros2_msgs/share/webots_ros2_msgs/cmake/ament_cmake_export_dependencies-extras.cmake
[6.067s] -- Up-to-date symlink: /home/gisbert12843/Projects/Robotics_Prak/prak2_ws/install/webots_ros2_msgs/share/webots_ros2_msgs/cmake/ament_cmake_export_include_directories-extras.cmake
[6.068s] -- Up-to-date symlink: /home/gisbert12843/Projects/Robotics_Prak/prak2_ws/install/webots_ros2_msgs/share/webots_ros2_msgs/cmake/ament_cmake_export_libraries-extras.cmake
[6.068s] -- Up-to-date symlink: /home/gisbert12843/Projects/Robotics_Prak/prak2_ws/install/webots_ros2_msgs/share/webots_ros2_msgs/cmake/ament_cmake_export_targets-extras.cmake
[6.068s] -- Up-to-date symlink: /home/gisbert12843/Projects/Robotics_Prak/prak2_ws/install/webots_ros2_msgs/share/webots_ros2_msgs/cmake/rosidl_cmake_export_typesupport_targets-extras.cmake
[6.069s] -- Up-to-date symlink: /home/gisbert12843/Projects/Robotics_Prak/prak2_ws/install/webots_ros2_msgs/share/webots_ros2_msgs/cmake/rosidl_cmake_export_typesupport_libraries-extras.cmake
[6.069s] -- Up-to-date symlink: /home/gisbert12843/Projects/Robotics_Prak/prak2_ws/install/webots_ros2_msgs/share/webots_ros2_msgs/cmake/webots_ros2_msgsConfig.cmake
[6.069s] -- Up-to-date symlink: /home/gisbert12843/Projects/Robotics_Prak/prak2_ws/install/webots_ros2_msgs/share/webots_ros2_msgs/cmake/webots_ros2_msgsConfig-version.cmake
[6.069s] -- Up-to-date symlink: /home/gisbert12843/Projects/Robotics_Prak/prak2_ws/install/webots_ros2_msgs/share/webots_ros2_msgs/package.xml
[6.070s] -- Installing: /home/gisbert12843/Projects/Robotics_Prak/prak2_ws/install/webots_ros2_msgs/lib/libwebots_ros2_msgs__rosidl_generator_c.so
[6.070s] -- Set runtime path of "/home/gisbert12843/Projects/Robotics_Prak/prak2_ws/install/webots_ros2_msgs/lib/libwebots_ros2_msgs__rosidl_generator_c.so" to ""
[6.071s] -- Installing: /home/gisbert12843/Projects/Robotics_Prak/prak2_ws/install/webots_ros2_msgs/lib/libwebots_ros2_msgs__rosidl_typesupport_fastrtps_c.so
[6.071s] -- Set runtime path of "/home/gisbert12843/Projects/Robotics_Prak/prak2_ws/install/webots_ros2_msgs/lib/libwebots_ros2_msgs__rosidl_typesupport_fastrtps_c.so" to ""
[6.072s] -- Installing: /home/gisbert12843/Projects/Robotics_Prak/prak2_ws/install/webots_ros2_msgs/lib/libwebots_ros2_msgs__rosidl_typesupport_fastrtps_cpp.so
[6.073s] -- Set runtime path of "/home/gisbert12843/Projects/Robotics_Prak/prak2_ws/install/webots_ros2_msgs/lib/libwebots_ros2_msgs__rosidl_typesupport_fastrtps_cpp.so" to ""
[6.073s] -- Installing: /home/gisbert12843/Projects/Robotics_Prak/prak2_ws/install/webots_ros2_msgs/lib/libwebots_ros2_msgs__rosidl_typesupport_introspection_c.so
[6.074s] -- Set runtime path of "/home/gisbert12843/Projects/Robotics_Prak/prak2_ws/install/webots_ros2_msgs/lib/libwebots_ros2_msgs__rosidl_typesupport_introspection_c.so" to ""
[6.074s] -- Installing: /home/gisbert12843/Projects/Robotics_Prak/prak2_ws/install/webots_ros2_msgs/lib/libwebots_ros2_msgs__rosidl_typesupport_c.so
[6.075s] -- Set runtime path of "/home/gisbert12843/Projects/Robotics_Prak/prak2_ws/install/webots_ros2_msgs/lib/libwebots_ros2_msgs__rosidl_typesupport_c.so" to ""
[6.075s] -- Installing: /home/gisbert12843/Projects/Robotics_Prak/prak2_ws/install/webots_ros2_msgs/lib/libwebots_ros2_msgs__rosidl_typesupport_introspection_cpp.so
[6.076s] -- Set runtime path of "/home/gisbert12843/Projects/Robotics_Prak/prak2_ws/install/webots_ros2_msgs/lib/libwebots_ros2_msgs__rosidl_typesupport_introspection_cpp.so" to ""
[6.076s] -- Installing: /home/gisbert12843/Projects/Robotics_Prak/prak2_ws/install/webots_ros2_msgs/lib/libwebots_ros2_msgs__rosidl_typesupport_cpp.so
[6.077s] -- Set runtime path of "/home/gisbert12843/Projects/Robotics_Prak/prak2_ws/install/webots_ros2_msgs/lib/libwebots_ros2_msgs__rosidl_typesupport_cpp.so" to ""
[6.117s] Listing '/home/gisbert12843/Projects/Robotics_Prak/prak2_ws/install/webots_ros2_msgs/local/lib/python3.10/dist-packages/webots_ros2_msgs'...
[6.117s] Compiling '/home/gisbert12843/Projects/Robotics_Prak/prak2_ws/install/webots_ros2_msgs/local/lib/python3.10/dist-packages/webots_ros2_msgs/__init__.py'...
[6.117s] Listing '/home/gisbert12843/Projects/Robotics_Prak/prak2_ws/install/webots_ros2_msgs/local/lib/python3.10/dist-packages/webots_ros2_msgs/msg'...
[6.117s] Compiling '/home/gisbert12843/Projects/Robotics_Prak/prak2_ws/install/webots_ros2_msgs/local/lib/python3.10/dist-packages/webots_ros2_msgs/msg/__init__.py'...
[6.117s] Compiling '/home/gisbert12843/Projects/Robotics_Prak/prak2_ws/install/webots_ros2_msgs/local/lib/python3.10/dist-packages/webots_ros2_msgs/msg/_bool_stamped.py'...
[6.117s] Compiling '/home/gisbert12843/Projects/Robotics_Prak/prak2_ws/install/webots_ros2_msgs/local/lib/python3.10/dist-packages/webots_ros2_msgs/msg/_camera_recognition_object.py'...
[6.117s] Compiling '/home/gisbert12843/Projects/Robotics_Prak/prak2_ws/install/webots_ros2_msgs/local/lib/python3.10/dist-packages/webots_ros2_msgs/msg/_camera_recognition_objects.py'...
[6.117s] Compiling '/home/gisbert12843/Projects/Robotics_Prak/prak2_ws/install/webots_ros2_msgs/local/lib/python3.10/dist-packages/webots_ros2_msgs/msg/_float_stamped.py'...
[6.117s] Compiling '/home/gisbert12843/Projects/Robotics_Prak/prak2_ws/install/webots_ros2_msgs/local/lib/python3.10/dist-packages/webots_ros2_msgs/msg/_pen_ink_properties.py'...
[6.118s] Compiling '/home/gisbert12843/Projects/Robotics_Prak/prak2_ws/install/webots_ros2_msgs/local/lib/python3.10/dist-packages/webots_ros2_msgs/msg/_string_stamped.py'...
[6.118s] Compiling '/home/gisbert12843/Projects/Robotics_Prak/prak2_ws/install/webots_ros2_msgs/local/lib/python3.10/dist-packages/webots_ros2_msgs/msg/_urdf_robot.py'...
[6.118s] Listing '/home/gisbert12843/Projects/Robotics_Prak/prak2_ws/install/webots_ros2_msgs/local/lib/python3.10/dist-packages/webots_ros2_msgs/srv'...
[6.118s] Compiling '/home/gisbert12843/Projects/Robotics_Prak/prak2_ws/install/webots_ros2_msgs/local/lib/python3.10/dist-packages/webots_ros2_msgs/srv/__init__.py'...
[6.118s] Compiling '/home/gisbert12843/Projects/Robotics_Prak/prak2_ws/install/webots_ros2_msgs/local/lib/python3.10/dist-packages/webots_ros2_msgs/srv/_emitter_send_string.py'...
[6.118s] Compiling '/home/gisbert12843/Projects/Robotics_Prak/prak2_ws/install/webots_ros2_msgs/local/lib/python3.10/dist-packages/webots_ros2_msgs/srv/_get_bool.py'...
[6.118s] Compiling '/home/gisbert12843/Projects/Robotics_Prak/prak2_ws/install/webots_ros2_msgs/local/lib/python3.10/dist-packages/webots_ros2_msgs/srv/_set_string.py'...
[6.118s] Compiling '/home/gisbert12843/Projects/Robotics_Prak/prak2_ws/install/webots_ros2_msgs/local/lib/python3.10/dist-packages/webots_ros2_msgs/srv/_spawn_node_from_string.py'...
[6.118s] Compiling '/home/gisbert12843/Projects/Robotics_Prak/prak2_ws/install/webots_ros2_msgs/local/lib/python3.10/dist-packages/webots_ros2_msgs/srv/_spawn_urdf_robot.py'...
[6.121s] -- Installing: /home/gisbert12843/Projects/Robotics_Prak/prak2_ws/install/webots_ros2_msgs/lib/libwebots_ros2_msgs__rosidl_generator_py.so
[6.122s] -- Set runtime path of "/home/gisbert12843/Projects/Robotics_Prak/prak2_ws/install/webots_ros2_msgs/lib/libwebots_ros2_msgs__rosidl_generator_py.so" to ""
[6.122s] -- Up-to-date: /home/gisbert12843/Projects/Robotics_Prak/prak2_ws/install/webots_ros2_msgs/share/webots_ros2_msgs/cmake/export_webots_ros2_msgs__rosidl_generator_cExport.cmake
[6.122s] -- Up-to-date: /home/gisbert12843/Projects/Robotics_Prak/prak2_ws/install/webots_ros2_msgs/share/webots_ros2_msgs/cmake/export_webots_ros2_msgs__rosidl_generator_cExport-noconfig.cmake
[6.122s] -- Up-to-date: /home/gisbert12843/Projects/Robotics_Prak/prak2_ws/install/webots_ros2_msgs/share/webots_ros2_msgs/cmake/export_webots_ros2_msgs__rosidl_typesupport_fastrtps_cExport.cmake
[6.122s] -- Up-to-date: /home/gisbert12843/Projects/Robotics_Prak/prak2_ws/install/webots_ros2_msgs/share/webots_ros2_msgs/cmake/export_webots_ros2_msgs__rosidl_typesupport_fastrtps_cExport-noconfig.cmake
[6.123s] -- Up-to-date: /home/gisbert12843/Projects/Robotics_Prak/prak2_ws/install/webots_ros2_msgs/share/webots_ros2_msgs/cmake/export_webots_ros2_msgs__rosidl_generator_cppExport.cmake
[6.123s] -- Up-to-date: /home/gisbert12843/Projects/Robotics_Prak/prak2_ws/install/webots_ros2_msgs/share/webots_ros2_msgs/cmake/export_webots_ros2_msgs__rosidl_typesupport_fastrtps_cppExport.cmake
[6.123s] -- Up-to-date: /home/gisbert12843/Projects/Robotics_Prak/prak2_ws/install/webots_ros2_msgs/share/webots_ros2_msgs/cmake/export_webots_ros2_msgs__rosidl_typesupport_fastrtps_cppExport-noconfig.cmake
[6.123s] -- Up-to-date: /home/gisbert12843/Projects/Robotics_Prak/prak2_ws/install/webots_ros2_msgs/share/webots_ros2_msgs/cmake/webots_ros2_msgs__rosidl_typesupport_introspection_cExport.cmake
[6.123s] -- Up-to-date: /home/gisbert12843/Projects/Robotics_Prak/prak2_ws/install/webots_ros2_msgs/share/webots_ros2_msgs/cmake/webots_ros2_msgs__rosidl_typesupport_introspection_cExport-noconfig.cmake
[6.123s] -- Up-to-date: /home/gisbert12843/Projects/Robotics_Prak/prak2_ws/install/webots_ros2_msgs/share/webots_ros2_msgs/cmake/webots_ros2_msgs__rosidl_typesupport_cExport.cmake
[6.123s] -- Up-to-date: /home/gisbert12843/Projects/Robotics_Prak/prak2_ws/install/webots_ros2_msgs/share/webots_ros2_msgs/cmake/webots_ros2_msgs__rosidl_typesupport_cExport-noconfig.cmake
[6.124s] -- Up-to-date: /home/gisbert12843/Projects/Robotics_Prak/prak2_ws/install/webots_ros2_msgs/share/webots_ros2_msgs/cmake/webots_ros2_msgs__rosidl_typesupport_introspection_cppExport.cmake
[6.124s] -- Up-to-date: /home/gisbert12843/Projects/Robotics_Prak/prak2_ws/install/webots_ros2_msgs/share/webots_ros2_msgs/cmake/webots_ros2_msgs__rosidl_typesupport_introspection_cppExport-noconfig.cmake
[6.124s] -- Up-to-date: /home/gisbert12843/Projects/Robotics_Prak/prak2_ws/install/webots_ros2_msgs/share/webots_ros2_msgs/cmake/webots_ros2_msgs__rosidl_typesupport_cppExport.cmake
[6.124s] -- Up-to-date: /home/gisbert12843/Projects/Robotics_Prak/prak2_ws/install/webots_ros2_msgs/share/webots_ros2_msgs/cmake/webots_ros2_msgs__rosidl_typesupport_cppExport-noconfig.cmake
[6.124s] -- Up-to-date: /home/gisbert12843/Projects/Robotics_Prak/prak2_ws/install/webots_ros2_msgs/share/webots_ros2_msgs/cmake/export_webots_ros2_msgs__rosidl_generator_pyExport.cmake
[6.124s] -- Up-to-date: /home/gisbert12843/Projects/Robotics_Prak/prak2_ws/install/webots_ros2_msgs/share/webots_ros2_msgs/cmake/export_webots_ros2_msgs__rosidl_generator_pyExport-noconfig.cmake
[6.126s] Invoked command in '/home/gisbert12843/Projects/Robotics_Prak/prak2_ws/build/webots_ros2_msgs' returned '0': CMAKE_PREFIX_PATH=${CMAKE_PREFIX_PATH}:/home/gisbert12843/Projects/Robotics_Prak/prak2_ws/install/webots_spot_teleop:/home/gisbert12843/Projects/Robotics_Prak/prak2_ws/install/webots_spot:/home/gisbert12843/Projects/Robotics_Prak/prak2_ws/install/webots_ros2:/home/gisbert12843/Projects/Robotics_Prak/prak2_ws/install/webots_ros2_universal_robot:/home/gisbert12843/Projects/Robotics_Prak/prak2_ws/install/webots_ros2_turtlebot:/home/gisbert12843/Projects/Robotics_Prak/prak2_ws/install/webots_ros2_tiago:/home/gisbert12843/Projects/Robotics_Prak/prak2_ws/install/webots_ros2_tests:/home/gisbert12843/Projects/Robotics_Prak/prak2_ws/install/webots_ros2_tesla:/home/gisbert12843/Projects/Robotics_Prak/prak2_ws/install/webots_ros2_mavic:/home/gisbert12843/Projects/Robotics_Prak/prak2_ws/install/webots_ros2_epuck:/home/gisbert12843/Projects/Robotics_Prak/prak2_ws/install/webots_ros2_importer:/home/gisbert12843/Projects/Robotics_Prak/prak2_ws/install/prak2_pkg:/opt/ros/humble /usr/bin/cmake --install /home/gisbert12843/Projects/Robotics_Prak/prak2_ws/build/webots_ros2_msgs
