[1.027s] Invoking command in '/home/gisbert12843/Projects/Robotics_Prak/prak2_ws/build/webots_ros2_importer': PYTHONPATH=/home/gisbert12843/Projects/Robotics_Prak/prak2_ws/build/webots_ros2_importer/prefix_override:/usr/lib/python3/dist-packages/colcon_core/task/python/colcon_distutils_commands:/home/gisbert12843/Projects/Robotics_Prak/prak2_ws/install/webots_ros2_importer/lib/python3.11/site-packages:${PYTHONPATH} /usr/bin/python3 -W ignore:setup.py install is deprecated setup.py develop --editable --build-directory /home/gisbert12843/Projects/Robotics_Prak/prak2_ws/build/webots_ros2_importer/build --no-deps symlink_data
[1.298s] running develop
[1.298s] /usr/lib/python3/dist-packages/setuptools/command/easy_install.py:158: EasyInstallDeprecationWarning: easy_install command is deprecated. Use build and pip and other standards-based tools.
[1.298s]   warnings.warn(
[1.442s] running egg_info
[1.442s] writing webots_ros2_importer.egg-info/PKG-INFO
[1.442s] writing dependency_links to webots_ros2_importer.egg-info/dependency_links.txt
[1.442s] writing entry points to webots_ros2_importer.egg-info/entry_points.txt
[1.442s] writing requirements to webots_ros2_importer.egg-info/requires.txt
[1.442s] writing top-level names to webots_ros2_importer.egg-info/top_level.txt
[1.458s] reading manifest file 'webots_ros2_importer.egg-info/SOURCES.txt'
[1.459s] writing manifest file 'webots_ros2_importer.egg-info/SOURCES.txt'
[1.466s] running build_ext
[1.466s] Creating /home/gisbert12843/Projects/Robotics_Prak/prak2_ws/install/webots_ros2_importer/lib/python3.11/site-packages/webots-ros2-importer.egg-link (link to .)
[1.467s] Installing urdf2proto script to /home/gisbert12843/Projects/Robotics_Prak/prak2_ws/install/webots_ros2_importer/lib/webots_ros2_importer
[1.467s] Installing xacro2proto script to /home/gisbert12843/Projects/Robotics_Prak/prak2_ws/install/webots_ros2_importer/lib/webots_ros2_importer
[1.468s] 
[1.468s] Installed /home/gisbert12843/Projects/Robotics_Prak/prak2_ws/build/webots_ros2_importer
[1.468s] running symlink_data
[1.550s] Invoked command in '/home/gisbert12843/Projects/Robotics_Prak/prak2_ws/build/webots_ros2_importer' returned '0': PYTHONPATH=/home/gisbert12843/Projects/Robotics_Prak/prak2_ws/build/webots_ros2_importer/prefix_override:/usr/lib/python3/dist-packages/colcon_core/task/python/colcon_distutils_commands:/home/gisbert12843/Projects/Robotics_Prak/prak2_ws/install/webots_ros2_importer/lib/python3.11/site-packages:${PYTHONPATH} /usr/bin/python3 -W ignore:setup.py install is deprecated setup.py develop --editable --build-directory /home/gisbert12843/Projects/Robotics_Prak/prak2_ws/build/webots_ros2_importer/build --no-deps symlink_data
