[0.390s] Invoking command in '/home/gisbert12843/Projects/Robotics_Prak/prak2_ws/build/prak2_pkg': PYTHONPATH=/home/gisbert12843/Projects/Robotics_Prak/prak2_ws/build/prak2_pkg/prefix_override:/usr/lib/python3/dist-packages/colcon_core/task/python/colcon_distutils_commands:/home/gisbert12843/Projects/Robotics_Prak/prak2_ws/install/prak2_pkg/lib/python3.10/site-packages:${PYTHONPATH} /usr/bin/python3 -W ignore:setup.py install is deprecated setup.py develop --editable --build-directory /home/gisbert12843/Projects/Robotics_Prak/prak2_ws/build/prak2_pkg/build --no-deps symlink_data
[0.537s] running develop
[0.537s] /usr/lib/python3/dist-packages/setuptools/command/easy_install.py:158: EasyInstallDeprecationWarning: easy_install command is deprecated. Use build and pip and other standards-based tools.
[0.537s]   warnings.warn(
[0.638s] running egg_info
[0.638s] writing prak2_pkg.egg-info/PKG-INFO
[0.638s] writing dependency_links to prak2_pkg.egg-info/dependency_links.txt
[0.638s] writing entry points to prak2_pkg.egg-info/entry_points.txt
[0.638s] writing requirements to prak2_pkg.egg-info/requires.txt
[0.638s] writing top-level names to prak2_pkg.egg-info/top_level.txt
[0.639s] reading manifest file 'prak2_pkg.egg-info/SOURCES.txt'
[0.640s] writing manifest file 'prak2_pkg.egg-info/SOURCES.txt'
[0.641s] running build_ext
[0.641s] Creating /home/gisbert12843/Projects/Robotics_Prak/prak2_ws/install/prak2_pkg/lib/python3.10/site-packages/prak2-pkg.egg-link (link to .)
[0.641s] Installing aruco_marker_detection_node script to /home/gisbert12843/Projects/Robotics_Prak/prak2_ws/install/prak2_pkg/lib/prak2_pkg
[0.641s] Installing line_following_node script to /home/gisbert12843/Projects/Robotics_Prak/prak2_ws/install/prak2_pkg/lib/prak2_pkg
[0.641s] Installing speed_controller_node script to /home/gisbert12843/Projects/Robotics_Prak/prak2_ws/install/prak2_pkg/lib/prak2_pkg
[0.641s] 
[0.642s] Installed /home/gisbert12843/Projects/Robotics_Prak/prak2_ws/build/prak2_pkg
[0.642s] running symlink_data
[0.655s] Invoked command in '/home/gisbert12843/Projects/Robotics_Prak/prak2_ws/build/prak2_pkg' returned '0': PYTHONPATH=/home/gisbert12843/Projects/Robotics_Prak/prak2_ws/build/prak2_pkg/prefix_override:/usr/lib/python3/dist-packages/colcon_core/task/python/colcon_distutils_commands:/home/gisbert12843/Projects/Robotics_Prak/prak2_ws/install/prak2_pkg/lib/python3.10/site-packages:${PYTHONPATH} /usr/bin/python3 -W ignore:setup.py install is deprecated setup.py develop --editable --build-directory /home/gisbert12843/Projects/Robotics_Prak/prak2_ws/build/prak2_pkg/build --no-deps symlink_data
