[0.613s] Invoking command in '/home/gisbert12843/Robotics_Prak/prak2_ws/build/webots_spot_teleop': AMENT_PREFIX_PATH=/home/gisbert12843/Robotics_Prak/prak2_ws/install/webots_spot_msgs:${AMENT_PREFIX_PATH} PYTHONPATH=/home/gisbert12843/Robotics_Prak/prak2_ws/build/webots_spot_teleop/prefix_override:/usr/lib/python3/dist-packages/colcon_core/task/python/colcon_distutils_commands:/home/gisbert12843/Robotics_Prak/prak2_ws/install/webots_spot_teleop/lib/python3.10/site-packages:/home/gisbert12843/Robotics_Prak/prak2_ws/install/webots_spot_msgs/local/lib/python3.10/dist-packages:${PYTHONPATH} /usr/bin/python3 -W ignore:setup.py install is deprecated setup.py develop --editable --build-directory /home/gisbert12843/Robotics_Prak/prak2_ws/build/webots_spot_teleop/build --no-deps symlink_data
[0.838s] /usr/lib/python3/dist-packages/setuptools/dist.py:723: UserWarning: Usage of dash-separated 'script-dir' will not be supported in future versions. Please use the underscore name 'script_dir' instead
[0.838s]   warnings.warn(
[0.868s] running develop
[0.868s] /usr/lib/python3/dist-packages/setuptools/command/easy_install.py:158: EasyInstallDeprecationWarning: easy_install command is deprecated. Use build and pip and other standards-based tools.
[0.868s]   warnings.warn(
[1.042s] running egg_info
[1.042s] creating webots_spot_teleop.egg-info
[1.042s] writing webots_spot_teleop.egg-info/PKG-INFO
[1.042s] writing dependency_links to webots_spot_teleop.egg-info/dependency_links.txt
[1.042s] writing entry points to webots_spot_teleop.egg-info/entry_points.txt
[1.042s] writing requirements to webots_spot_teleop.egg-info/requires.txt
[1.043s] writing top-level names to webots_spot_teleop.egg-info/top_level.txt
[1.043s] writing manifest file 'webots_spot_teleop.egg-info/SOURCES.txt'
[1.044s] reading manifest file 'webots_spot_teleop.egg-info/SOURCES.txt'
[1.045s] writing manifest file 'webots_spot_teleop.egg-info/SOURCES.txt'
[1.046s] running build_ext
[1.046s] Creating /home/gisbert12843/Robotics_Prak/prak2_ws/install/webots_spot_teleop/lib/python3.10/site-packages/webots-spot-teleop.egg-link (link to .)
[1.047s] Installing keyboard script to /home/gisbert12843/Robotics_Prak/prak2_ws/install/webots_spot_teleop/lib/webots_spot_teleop
[1.047s] Installing sliders script to /home/gisbert12843/Robotics_Prak/prak2_ws/install/webots_spot_teleop/lib/webots_spot_teleop
[1.047s] 
[1.047s] Installed /home/gisbert12843/Robotics_Prak/prak2_ws/build/webots_spot_teleop
[1.047s] running symlink_data
[1.048s] creating /home/gisbert12843/Robotics_Prak/prak2_ws/install/webots_spot_teleop/share/ament_index
[1.048s] creating /home/gisbert12843/Robotics_Prak/prak2_ws/install/webots_spot_teleop/share/ament_index/resource_index
[1.048s] creating /home/gisbert12843/Robotics_Prak/prak2_ws/install/webots_spot_teleop/share/ament_index/resource_index/packages
[1.048s] symbolically linking /home/gisbert12843/Robotics_Prak/prak2_ws/build/webots_spot_teleop/resource/webots_spot_teleop -> /home/gisbert12843/Robotics_Prak/prak2_ws/install/webots_spot_teleop/share/ament_index/resource_index/packages
[1.048s] symbolically linking /home/gisbert12843/Robotics_Prak/prak2_ws/build/webots_spot_teleop/package.xml -> /home/gisbert12843/Robotics_Prak/prak2_ws/install/webots_spot_teleop/share/webots_spot_teleop
[1.076s] Invoked command in '/home/gisbert12843/Robotics_Prak/prak2_ws/build/webots_spot_teleop' returned '0': AMENT_PREFIX_PATH=/home/gisbert12843/Robotics_Prak/prak2_ws/install/webots_spot_msgs:${AMENT_PREFIX_PATH} PYTHONPATH=/home/gisbert12843/Robotics_Prak/prak2_ws/build/webots_spot_teleop/prefix_override:/usr/lib/python3/dist-packages/colcon_core/task/python/colcon_distutils_commands:/home/gisbert12843/Robotics_Prak/prak2_ws/install/webots_spot_teleop/lib/python3.10/site-packages:/home/gisbert12843/Robotics_Prak/prak2_ws/install/webots_spot_msgs/local/lib/python3.10/dist-packages:${PYTHONPATH} /usr/bin/python3 -W ignore:setup.py install is deprecated setup.py develop --editable --build-directory /home/gisbert12843/Robotics_Prak/prak2_ws/build/webots_spot_teleop/build --no-deps symlink_data
