[8.574s] Invoking command in '/home/jizzy/ros_ws/src/my_package': DEBUGINFOD_URLS=https://debuginfod.ubuntu.com PYTHONPATH=/home/jizzy/ros_ws/build/my_package/prefix_override:/usr/lib/python3/dist-packages/colcon_core/task/python/colcon_distutils_commands:/home/jizzy/ros_ws/install/my_package/lib/python3.12/site-packages:${PYTHONPATH} /usr/bin/python3 -W ignore:setup.py install is deprecated setup.py egg_info --egg-base ../../build/my_package build --build-base /home/jizzy/ros_ws/build/my_package/build install --record /home/jizzy/ros_ws/build/my_package/install.log --single-version-externally-managed install_data
[12.147s] running egg_info
[12.265s] writing ../../build/my_package/my_package.egg-info/PKG-INFO
[12.265s] writing dependency_links to ../../build/my_package/my_package.egg-info/dependency_links.txt
[12.270s] writing entry points to ../../build/my_package/my_package.egg-info/entry_points.txt
[12.274s] writing requirements to ../../build/my_package/my_package.egg-info/requires.txt
[12.275s] writing top-level names to ../../build/my_package/my_package.egg-info/top_level.txt
[12.500s] reading manifest file '../../build/my_package/my_package.egg-info/SOURCES.txt'
[12.504s] adding license file 'LICENSE'
[12.506s] writing manifest file '../../build/my_package/my_package.egg-info/SOURCES.txt'
[12.507s] running build
[12.511s] running build_py
[12.512s] copying my_package/run_cricle_command.py -> /home/jizzy/ros_ws/build/my_package/build/lib/my_package
[12.513s] running install
[12.538s] running install_lib
[12.654s] copying /home/jizzy/ros_ws/build/my_package/build/lib/my_package/run_cricle_command.py -> /home/jizzy/ros_ws/install/my_package/lib/python3.12/site-packages/my_package
[12.661s] byte-compiling /home/jizzy/ros_ws/install/my_package/lib/python3.12/site-packages/my_package/run_cricle_command.py to run_cricle_command.cpython-312.pyc
[12.665s] running install_data
[12.666s] running install_egg_info
[12.789s] removing '/home/jizzy/ros_ws/install/my_package/lib/python3.12/site-packages/my_package-0.0.0-py3.12.egg-info' (and everything under it)
[12.791s] Copying ../../build/my_package/my_package.egg-info to /home/jizzy/ros_ws/install/my_package/lib/python3.12/site-packages/my_package-0.0.0-py3.12.egg-info
[12.795s] running install_scripts
[13.521s] Installing my_node script to /home/jizzy/ros_ws/install/my_package/lib/my_package
[13.524s] Installing run_circle_command script to /home/jizzy/ros_ws/install/my_package/lib/my_package
[13.527s] writing list of installed files to '/home/jizzy/ros_ws/build/my_package/install.log'
[13.691s] Invoked command in '/home/jizzy/ros_ws/src/my_package' returned '0': DEBUGINFOD_URLS=https://debuginfod.ubuntu.com PYTHONPATH=/home/jizzy/ros_ws/build/my_package/prefix_override:/usr/lib/python3/dist-packages/colcon_core/task/python/colcon_distutils_commands:/home/jizzy/ros_ws/install/my_package/lib/python3.12/site-packages:${PYTHONPATH} /usr/bin/python3 -W ignore:setup.py install is deprecated setup.py egg_info --egg-base ../../build/my_package build --build-base /home/jizzy/ros_ws/build/my_package/build install --record /home/jizzy/ros_ws/build/my_package/install.log --single-version-externally-managed install_data
