[0.697s] Invoking command in '/home/gisbert12843/Projects/Robotics_Prak/prak2_ws/build/webots_spot_teleop': PYTHONPATH=/home/gisbert12843/Projects/Robotics_Prak/prak2_ws/build/webots_spot_teleop/prefix_override:/usr/lib/python3/dist-packages/colcon_core/task/python/colcon_distutils_commands:/home/gisbert12843/Projects/Robotics_Prak/prak2_ws/install/webots_spot_teleop/lib/python3.11/site-packages:${PYTHONPATH} /usr/bin/python3 -W ignore:setup.py install is deprecated setup.py develop --editable --build-directory /home/gisbert12843/Projects/Robotics_Prak/prak2_ws/build/webots_spot_teleop/build --no-deps symlink_data
[0.907s] /usr/lib/python3/dist-packages/setuptools/dist.py:723: UserWarning: Usage of dash-separated 'script-dir' will not be supported in future versions. Please use the underscore name 'script_dir' instead
[0.907s]   warnings.warn(
[0.950s] running develop
[0.950s] /usr/lib/python3/dist-packages/setuptools/command/easy_install.py:158: EasyInstallDeprecationWarning: easy_install command is deprecated. Use build and pip and other standards-based tools.
[0.950s]   warnings.warn(
[1.038s] running egg_info
[1.038s] writing webots_spot_teleop.egg-info/PKG-INFO
[1.039s] writing dependency_links to webots_spot_teleop.egg-info/dependency_links.txt
[1.039s] writing entry points to webots_spot_teleop.egg-info/entry_points.txt
[1.039s] writing requirements to webots_spot_teleop.egg-info/requires.txt
[1.039s] writing top-level names to webots_spot_teleop.egg-info/top_level.txt
[1.042s] reading manifest file 'webots_spot_teleop.egg-info/SOURCES.txt'
[1.043s] writing manifest file 'webots_spot_teleop.egg-info/SOURCES.txt'
[1.046s] running build_ext
[1.046s] Creating /home/gisbert12843/Projects/Robotics_Prak/prak2_ws/install/webots_spot_teleop/lib/python3.11/site-packages/webots-spot-teleop.egg-link (link to .)
[1.046s] Installing keyboard script to /home/gisbert12843/Projects/Robotics_Prak/prak2_ws/install/webots_spot_teleop/lib/webots_spot_teleop
[1.047s] Installing sliders script to /home/gisbert12843/Projects/Robotics_Prak/prak2_ws/install/webots_spot_teleop/lib/webots_spot_teleop
[1.047s] 
[1.047s] Installed /home/gisbert12843/Projects/Robotics_Prak/prak2_ws/build/webots_spot_teleop
[1.047s] running symlink_data
[1.066s] Invoked command in '/home/gisbert12843/Projects/Robotics_Prak/prak2_ws/build/webots_spot_teleop' returned '0': PYTHONPATH=/home/gisbert12843/Projects/Robotics_Prak/prak2_ws/build/webots_spot_teleop/prefix_override:/usr/lib/python3/dist-packages/colcon_core/task/python/colcon_distutils_commands:/home/gisbert12843/Projects/Robotics_Prak/prak2_ws/install/webots_spot_teleop/lib/python3.11/site-packages:${PYTHONPATH} /usr/bin/python3 -W ignore:setup.py install is deprecated setup.py develop --editable --build-directory /home/gisbert12843/Projects/Robotics_Prak/prak2_ws/build/webots_spot_teleop/build --no-deps symlink_data
