running develop
/usr/lib/python3/dist-packages/setuptools/command/easy_install.py:158: EasyInstallDeprecationWarning: easy_install command is deprecated. Use build and pip and other standards-based tools.
  warnings.warn(
running egg_info
creating webots_ros2_turtlebot.egg-info
writing webots_ros2_turtlebot.egg-info/PKG-INFO
writing dependency_links to webots_ros2_turtlebot.egg-info/dependency_links.txt
writing entry points to webots_ros2_turtlebot.egg-info/entry_points.txt
writing requirements to webots_ros2_turtlebot.egg-info/requires.txt
writing top-level names to webots_ros2_turtlebot.egg-info/top_level.txt
writing manifest file 'webots_ros2_turtlebot.egg-info/SOURCES.txt'
reading manifest file 'webots_ros2_turtlebot.egg-info/SOURCES.txt'
writing manifest file 'webots_ros2_turtlebot.egg-info/SOURCES.txt'
running build_ext
Creating /home/gisbert12843/Projects/Robotics_Prak/prak2_ws/install/webots_ros2_turtlebot/lib/python3.10/site-packages/webots-ros2-turtlebot.egg-link (link to .)

Installed /home/gisbert12843/Projects/Robotics_Prak/prak2_ws/build/webots_ros2_turtlebot
running symlink_data
creating /home/gisbert12843/Projects/Robotics_Prak/prak2_ws/install/webots_ros2_turtlebot/share/ament_index
creating /home/gisbert12843/Projects/Robotics_Prak/prak2_ws/install/webots_ros2_turtlebot/share/ament_index/resource_index
creating /home/gisbert12843/Projects/Robotics_Prak/prak2_ws/install/webots_ros2_turtlebot/share/ament_index/resource_index/packages
symbolically linking /home/gisbert12843/Projects/Robotics_Prak/prak2_ws/build/webots_ros2_turtlebot/resource/webots_ros2_turtlebot -> /home/gisbert12843/Projects/Robotics_Prak/prak2_ws/install/webots_ros2_turtlebot/share/ament_index/resource_index/packages
creating /home/gisbert12843/Projects/Robotics_Prak/prak2_ws/install/webots_ros2_turtlebot/share/webots_ros2_turtlebot/launch
symbolically linking /home/gisbert12843/Projects/Robotics_Prak/prak2_ws/build/webots_ros2_turtlebot/launch/robot_launch.py -> /home/gisbert12843/Projects/Robotics_Prak/prak2_ws/install/webots_ros2_turtlebot/share/webots_ros2_turtlebot/launch
creating /home/gisbert12843/Projects/Robotics_Prak/prak2_ws/install/webots_ros2_turtlebot/share/webots_ros2_turtlebot/resource
symbolically linking /home/gisbert12843/Projects/Robotics_Prak/prak2_ws/build/webots_ros2_turtlebot/resource/turtlebot3_burger_example_map.pgm -> /home/gisbert12843/Projects/Robotics_Prak/prak2_ws/install/webots_ros2_turtlebot/share/webots_ros2_turtlebot/resource
symbolically linking /home/gisbert12843/Projects/Robotics_Prak/prak2_ws/build/webots_ros2_turtlebot/resource/turtlebot3_burger_example_map.yaml -> /home/gisbert12843/Projects/Robotics_Prak/prak2_ws/install/webots_ros2_turtlebot/share/webots_ros2_turtlebot/resource
symbolically linking /home/gisbert12843/Projects/Robotics_Prak/prak2_ws/build/webots_ros2_turtlebot/resource/turtlebot_webots.urdf -> /home/gisbert12843/Projects/Robotics_Prak/prak2_ws/install/webots_ros2_turtlebot/share/webots_ros2_turtlebot/resource
symbolically linking /home/gisbert12843/Projects/Robotics_Prak/prak2_ws/build/webots_ros2_turtlebot/resource/ros2control.yml -> /home/gisbert12843/Projects/Robotics_Prak/prak2_ws/install/webots_ros2_turtlebot/share/webots_ros2_turtlebot/resource
symbolically linking /home/gisbert12843/Projects/Robotics_Prak/prak2_ws/build/webots_ros2_turtlebot/resource/nav2_params.yaml -> /home/gisbert12843/Projects/Robotics_Prak/prak2_ws/install/webots_ros2_turtlebot/share/webots_ros2_turtlebot/resource
creating /home/gisbert12843/Projects/Robotics_Prak/prak2_ws/install/webots_ros2_turtlebot/share/webots_ros2_turtlebot/worlds
symbolically linking /home/gisbert12843/Projects/Robotics_Prak/prak2_ws/build/webots_ros2_turtlebot/worlds/turtlebot3_burger_example.wbt -> /home/gisbert12843/Projects/Robotics_Prak/prak2_ws/install/webots_ros2_turtlebot/share/webots_ros2_turtlebot/worlds
symbolically linking /home/gisbert12843/Projects/Robotics_Prak/prak2_ws/build/webots_ros2_turtlebot/worlds/.turtlebot3_burger_example.wbproj -> /home/gisbert12843/Projects/Robotics_Prak/prak2_ws/install/webots_ros2_turtlebot/share/webots_ros2_turtlebot/worlds
symbolically linking /home/gisbert12843/Projects/Robotics_Prak/prak2_ws/build/webots_ros2_turtlebot/package.xml -> /home/gisbert12843/Projects/Robotics_Prak/prak2_ws/install/webots_ros2_turtlebot/share/webots_ros2_turtlebot
