[0.622s] Invoking command in '/home/gisbert12843/Robotics_Prak/prak2_ws/build/webots_spot_teleop': PYTHONPATH=/home/gisbert12843/Robotics_Prak/prak2_ws/build/webots_spot_teleop/prefix_override:/usr/lib/python3/dist-packages/colcon_core/task/python/colcon_distutils_commands:/home/gisbert12843/Robotics_Prak/prak2_ws/install/webots_spot_teleop/lib/python3.10/site-packages:${PYTHONPATH} /usr/bin/python3 -W ignore:setup.py install is deprecated setup.py develop --editable --build-directory /home/gisbert12843/Robotics_Prak/prak2_ws/build/webots_spot_teleop/build --no-deps symlink_data
[0.834s] /usr/lib/python3/dist-packages/setuptools/dist.py:723: UserWarning: Usage of dash-separated 'script-dir' will not be supported in future versions. Please use the underscore name 'script_dir' instead
[0.834s]   warnings.warn(
[0.862s] running develop
[0.862s] /usr/lib/python3/dist-packages/setuptools/command/easy_install.py:158: EasyInstallDeprecationWarning: easy_install command is deprecated. Use build and pip and other standards-based tools.
[0.863s]   warnings.warn(
[1.017s] running egg_info
[1.018s] creating webots_spot_teleop.egg-info
[1.018s] writing webots_spot_teleop.egg-info/PKG-INFO
[1.018s] writing dependency_links to webots_spot_teleop.egg-info/dependency_links.txt
[1.018s] writing entry points to webots_spot_teleop.egg-info/entry_points.txt
[1.018s] writing requirements to webots_spot_teleop.egg-info/requires.txt
[1.018s] writing top-level names to webots_spot_teleop.egg-info/top_level.txt
[1.019s] writing manifest file 'webots_spot_teleop.egg-info/SOURCES.txt'
[1.021s] reading manifest file 'webots_spot_teleop.egg-info/SOURCES.txt'
[1.021s] writing manifest file 'webots_spot_teleop.egg-info/SOURCES.txt'
[1.023s] running build_ext
[1.023s] Creating /home/gisbert12843/Robotics_Prak/prak2_ws/install/webots_spot_teleop/lib/python3.10/site-packages/webots-spot-teleop.egg-link (link to .)
[1.024s] Installing keyboard script to /home/gisbert12843/Robotics_Prak/prak2_ws/install/webots_spot_teleop/lib/webots_spot_teleop
[1.025s] Installing sliders script to /home/gisbert12843/Robotics_Prak/prak2_ws/install/webots_spot_teleop/lib/webots_spot_teleop
[1.025s] 
[1.025s] Installed /home/gisbert12843/Robotics_Prak/prak2_ws/build/webots_spot_teleop
[1.025s] running symlink_data
[1.025s] creating /home/gisbert12843/Robotics_Prak/prak2_ws/install/webots_spot_teleop/share/ament_index
[1.025s] creating /home/gisbert12843/Robotics_Prak/prak2_ws/install/webots_spot_teleop/share/ament_index/resource_index
[1.026s] creating /home/gisbert12843/Robotics_Prak/prak2_ws/install/webots_spot_teleop/share/ament_index/resource_index/packages
[1.026s] symbolically linking /home/gisbert12843/Robotics_Prak/prak2_ws/build/webots_spot_teleop/resource/webots_spot_teleop -> /home/gisbert12843/Robotics_Prak/prak2_ws/install/webots_spot_teleop/share/ament_index/resource_index/packages
[1.026s] symbolically linking /home/gisbert12843/Robotics_Prak/prak2_ws/build/webots_spot_teleop/package.xml -> /home/gisbert12843/Robotics_Prak/prak2_ws/install/webots_spot_teleop/share/webots_spot_teleop
[1.057s] Invoked command in '/home/gisbert12843/Robotics_Prak/prak2_ws/build/webots_spot_teleop' returned '0': PYTHONPATH=/home/gisbert12843/Robotics_Prak/prak2_ws/build/webots_spot_teleop/prefix_override:/usr/lib/python3/dist-packages/colcon_core/task/python/colcon_distutils_commands:/home/gisbert12843/Robotics_Prak/prak2_ws/install/webots_spot_teleop/lib/python3.10/site-packages:${PYTHONPATH} /usr/bin/python3 -W ignore:setup.py install is deprecated setup.py develop --editable --build-directory /home/gisbert12843/Robotics_Prak/prak2_ws/build/webots_spot_teleop/build --no-deps symlink_data
