[2.568s] Invoking command in '/home/gisbert12843/Robotics_Prak/prak3_ws/build/webots_spot': AMENT_PREFIX_PATH=/home/gisbert12843/Robotics_Prak/prak3_ws/install/webots_ros2:/home/gisbert12843/Robotics_Prak/prak3_ws/install/webots_ros2_tests:/home/gisbert12843/Robotics_Prak/prak3_ws/install/webots_ros2_universal_robot:/home/gisbert12843/Robotics_Prak/prak3_ws/install/webots_ros2_turtlebot:/home/gisbert12843/Robotics_Prak/prak3_ws/install/webots_ros2_tiago:/home/gisbert12843/Robotics_Prak/prak3_ws/install/webots_ros2_epuck:/home/gisbert12843/Robotics_Prak/prak3_ws/install/webots_ros2_tesla:/home/gisbert12843/Robotics_Prak/prak3_ws/install/webots_ros2_mavic:/home/gisbert12843/Robotics_Prak/prak3_ws/install/webots_ros2_importer:/home/gisbert12843/Robotics_Prak/prak3_ws/install/webots_spot_teleop:/home/gisbert12843/Robotics_Prak/prak3_ws/install/webots_spot_msgs:/home/gisbert12843/Robotics_Prak/prak3_ws/install/webots_spot:/home/gisbert12843/Robotics_Prak/prak3_ws/install/webots_ros2_control:/home/gisbert12843/Robotics_Prak/prak3_ws/install/webots_ros2_driver:/home/gisbert12843/Robotics_Prak/prak3_ws/install/webots_ros2_msgs:/home/gisbert12843/Robotics_Prak/prak2_ws/install/webots_spot_teleop:/home/gisbert12843/Robotics_Prak/prak2_ws/install/webots_spot_msgs:/home/gisbert12843/Robotics_Prak/prak2_ws/install/webots_spot:/home/gisbert12843/Robotics_Prak/prak2_ws/install/webots_ros2:/home/gisbert12843/Robotics_Prak/prak2_ws/install/webots_ros2_universal_robot:/home/gisbert12843/Robotics_Prak/prak2_ws/install/webots_ros2_turtlebot:/home/gisbert12843/Robotics_Prak/prak2_ws/install/webots_ros2_tiago:/home/gisbert12843/Robotics_Prak/prak2_ws/install/webots_ros2_tests:/home/gisbert12843/Robotics_Prak/prak2_ws/install/webots_ros2_tesla:/home/gisbert12843/Robotics_Prak/prak2_ws/install/webots_ros2_mavic:/home/gisbert12843/Robotics_Prak/prak2_ws/install/webots_ros2_epuck:/home/gisbert12843/Robotics_Prak/prak2_ws/install/webots_ros2_control:/home/gisbert12843/Robotics_Prak/prak2_ws/install/webots_ros2_driver:/home/gisbert12843/Robotics_Prak/prak2_ws/install/webots_ros2_msgs:/home/gisbert12843/Robotics_Prak/prak2_ws/install/webots_ros2_importer:/home/gisbert12843/Robotics_Prak/prak2_ws/install/prak2_pkg:/home/gisbert12843/ros2_ws/install/webots_ros2:/home/gisbert12843/ros2_ws/install/webots_ros2_universal_robot:/home/gisbert12843/ros2_ws/install/webots_ros2_turtlebot:/home/gisbert12843/ros2_ws/install/webots_ros2_tiago:/home/gisbert12843/ros2_ws/install/webots_ros2_tests:/home/gisbert12843/ros2_ws/install/webots_ros2_tesla:/home/gisbert12843/ros2_ws/install/webots_ros2_mavic:/home/gisbert12843/ros2_ws/install/webots_ros2_epuck:/home/gisbert12843/ros2_ws/install/webots_ros2_control:/home/gisbert12843/ros2_ws/install/webots_ros2_driver:/home/gisbert12843/ros2_ws/install/webots_ros2_msgs:/home/gisbert12843/ros2_ws/install/webots_ros2_importer:/opt/ros/humble CMAKE_PREFIX_PATH=/home/gisbert12843/Robotics_Prak/prak3_ws/install/webots_ros2_control:/home/gisbert12843/Robotics_Prak/prak3_ws/install/webots_ros2_driver:/home/gisbert12843/Robotics_Prak/prak3_ws/install/webots_ros2_msgs:/home/gisbert12843/Robotics_Prak/prak3_ws/install/webots_spot_msgs:/home/gisbert12843/Robotics_Prak/prak2_ws/install/webots_spot_msgs:/home/gisbert12843/Robotics_Prak/prak2_ws/install/webots_ros2_control:/home/gisbert12843/Robotics_Prak/prak2_ws/install/webots_ros2_driver:/home/gisbert12843/Robotics_Prak/prak2_ws/install/webots_ros2_msgs:/home/gisbert12843/ros2_ws/install/webots_ros2_control:/home/gisbert12843/ros2_ws/install/webots_ros2_driver:/home/gisbert12843/ros2_ws/install/webots_ros2_msgs LD_LIBRARY_PATH=/home/gisbert12843/Robotics_Prak/prak3_ws/install/webots_ros2_control/lib:/home/gisbert12843/Robotics_Prak/prak3_ws/install/webots_ros2_driver/lib:/home/gisbert12843/Robotics_Prak/prak3_ws/install/webots_ros2_msgs/lib:/home/gisbert12843/Robotics_Prak/prak3_ws/install/webots_spot_msgs/lib:/home/gisbert12843/Robotics_Prak/prak2_ws/install/webots_spot_msgs/lib:/home/gisbert12843/Robotics_Prak/prak2_ws/install/webots_ros2_control/lib:/home/gisbert12843/Robotics_Prak/prak2_ws/install/webots_ros2_driver/lib:/home/gisbert12843/Robotics_Prak/prak2_ws/install/webots_ros2_msgs/lib:/home/gisbert12843/ros2_ws/install/webots_ros2_control/lib:/home/gisbert12843/ros2_ws/install/webots_ros2_driver/lib:/home/gisbert12843/ros2_ws/install/webots_ros2_msgs/lib:/opt/ros/humble/opt/rviz_ogre_vendor/lib:/opt/ros/humble/lib/x86_64-linux-gnu:/opt/ros/humble/lib PYTHONPATH=/home/gisbert12843/Robotics_Prak/prak3_ws/build/webots_spot/prefix_override:/usr/lib/python3/dist-packages/colcon_core/task/python/colcon_distutils_commands:/home/gisbert12843/Robotics_Prak/prak3_ws/install/webots_spot/lib/python3.10/site-packages:/home/gisbert12843/Robotics_Prak/prak3_ws/build/webots_ros2:/home/gisbert12843/Robotics_Prak/prak3_ws/install/webots_ros2/lib/python3.10/site-packages:/home/gisbert12843/Robotics_Prak/prak3_ws/build/webots_ros2_tests:/home/gisbert12843/Robotics_Prak/prak3_ws/install/webots_ros2_tests/lib/python3.10/site-packages:/home/gisbert12843/Robotics_Prak/prak3_ws/build/webots_ros2_universal_robot:/home/gisbert12843/Robotics_Prak/prak3_ws/install/webots_ros2_universal_robot/lib/python3.10/site-packages:/home/gisbert12843/Robotics_Prak/prak3_ws/build/webots_ros2_turtlebot:/home/gisbert12843/Robotics_Prak/prak3_ws/install/webots_ros2_turtlebot/lib/python3.10/site-packages:/home/gisbert12843/Robotics_Prak/prak3_ws/build/webots_ros2_tiago:/home/gisbert12843/Robotics_Prak/prak3_ws/install/webots_ros2_tiago/lib/python3.10/site-packages:/home/gisbert12843/Robotics_Prak/prak3_ws/build/webots_ros2_epuck:/home/gisbert12843/Robotics_Prak/prak3_ws/install/webots_ros2_epuck/lib/python3.10/site-packages:/home/gisbert12843/Robotics_Prak/prak3_ws/build/webots_ros2_tesla:/home/gisbert12843/Robotics_Prak/prak3_ws/install/webots_ros2_tesla/lib/python3.10/site-packages:/home/gisbert12843/Robotics_Prak/prak3_ws/build/webots_ros2_mavic:/home/gisbert12843/Robotics_Prak/prak3_ws/install/webots_ros2_mavic/lib/python3.10/site-packages:/home/gisbert12843/Robotics_Prak/prak3_ws/build/webots_ros2_importer:/home/gisbert12843/Robotics_Prak/prak3_ws/install/webots_ros2_importer/lib/python3.10/site-packages:/home/gisbert12843/Robotics_Prak/prak3_ws/build/webots_spot_teleop:/home/gisbert12843/Robotics_Prak/prak3_ws/install/webots_spot_teleop/lib/python3.10/site-packages:/home/gisbert12843/Robotics_Prak/prak3_ws/install/webots_spot_msgs/local/lib/python3.10/dist-packages:/home/gisbert12843/Robotics_Prak/prak3_ws/build/webots_spot:/home/gisbert12843/Robotics_Prak/prak3_ws/install/webots_spot/lib/python3.10/site-packages:/home/gisbert12843/Robotics_Prak/prak3_ws/install/webots_ros2_driver/local/lib/python3.10/dist-packages:/home/gisbert12843/Robotics_Prak/prak3_ws/install/webots_ros2_msgs/local/lib/python3.10/dist-packages:/home/gisbert12843/Robotics_Prak/prak3_ws/build/prak3_pkg:/home/gisbert12843/Robotics_Prak/prak3_ws/install/prak3_pkg/lib/python3.10/site-packages:/home/gisbert12843/Robotics_Prak/prak2_ws/build/webots_spot_teleop:/home/gisbert12843/Robotics_Prak/prak2_ws/install/webots_spot_teleop/lib/python3.10/site-packages:/home/gisbert12843/Robotics_Prak/prak2_ws/install/webots_spot_msgs/local/lib/python3.10/dist-packages:/home/gisbert12843/Robotics_Prak/prak2_ws/build/webots_spot:/home/gisbert12843/Robotics_Prak/prak2_ws/install/webots_spot/lib/python3.10/site-packages:/home/gisbert12843/Robotics_Prak/prak2_ws/build/webots_ros2:/home/gisbert12843/Robotics_Prak/prak2_ws/install/webots_ros2/lib/python3.10/site-packages:/home/gisbert12843/Robotics_Prak/prak2_ws/build/webots_ros2_universal_robot:/home/gisbert12843/Robotics_Prak/prak2_ws/install/webots_ros2_universal_robot/lib/python3.10/site-packages:/home/gisbert12843/Robotics_Prak/prak2_ws/build/webots_ros2_turtlebot:/home/gisbert12843/Robotics_Prak/prak2_ws/install/webots_ros2_turtlebot/lib/python3.10/site-packages:/home/gisbert12843/Robotics_Prak/prak2_ws/build/webots_ros2_tiago:/home/gisbert12843/Robotics_Prak/prak2_ws/install/webots_ros2_tiago/lib/python3.10/site-packages:/home/gisbert12843/Robotics_Prak/prak2_ws/build/webots_ros2_tests:/home/gisbert12843/Robotics_Prak/prak2_ws/install/webots_ros2_tests/lib/python3.10/site-packages:/home/gisbert12843/Robotics_Prak/prak2_ws/build/webots_ros2_tesla:/home/gisbert12843/Robotics_Prak/prak2_ws/install/webots_ros2_tesla/lib/python3.10/site-packages:/home/gisbert12843/Robotics_Prak/prak2_ws/build/webots_ros2_mavic:/home/gisbert12843/Robotics_Prak/prak2_ws/install/webots_ros2_mavic/lib/python3.10/site-packages:/home/gisbert12843/Robotics_Prak/prak2_ws/build/webots_ros2_epuck:/home/gisbert12843/Robotics_Prak/prak2_ws/install/webots_ros2_epuck/lib/python3.10/site-packages:/home/gisbert12843/Robotics_Prak/prak2_ws/install/webots_ros2_driver/local/lib/python3.10/dist-packages:/home/gisbert12843/Robotics_Prak/prak2_ws/install/webots_ros2_msgs/local/lib/python3.10/dist-packages:/home/gisbert12843/Robotics_Prak/prak2_ws/build/webots_ros2_importer:/home/gisbert12843/Robotics_Prak/prak2_ws/install/webots_ros2_importer/lib/python3.10/site-packages:/home/gisbert12843/Robotics_Prak/prak2_ws/build/prak2_pkg:/home/gisbert12843/Robotics_Prak/prak2_ws/install/prak2_pkg/lib/python3.10/site-packages:/home/gisbert12843/ros2_ws/build/webots_ros2:/home/gisbert12843/ros2_ws/install/webots_ros2/lib/python3.10/site-packages:/home/gisbert12843/ros2_ws/build/webots_ros2_universal_robot:/home/gisbert12843/ros2_ws/install/webots_ros2_universal_robot/lib/python3.10/site-packages:/home/gisbert12843/ros2_ws/build/webots_ros2_turtlebot:/home/gisbert12843/ros2_ws/install/webots_ros2_turtlebot/lib/python3.10/site-packages:/home/gisbert12843/ros2_ws/build/webots_ros2_tiago:/home/gisbert12843/ros2_ws/install/webots_ros2_tiago/lib/python3.10/site-packages:/home/gisbert12843/ros2_ws/build/webots_ros2_tests:/home/gisbert12843/ros2_ws/install/webots_ros2_tests/lib/python3.10/site-packages:/home/gisbert12843/ros2_ws/build/webots_ros2_tesla:/home/gisbert12843/ros2_ws/install/webots_ros2_tesla/lib/python3.10/site-packages:/home/gisbert12843/ros2_ws/build/webots_ros2_mavic:/home/gisbert12843/ros2_ws/install/webots_ros2_mavic/lib/python3.10/site-packages:/home/gisbert12843/ros2_ws/build/webots_ros2_epuck:/home/gisbert12843/ros2_ws/install/webots_ros2_epuck/lib/python3.10/site-packages:/home/gisbert12843/ros2_ws/install/webots_ros2_driver/local/lib/python3.10/dist-packages:/home/gisbert12843/ros2_ws/install/webots_ros2_msgs/local/lib/python3.10/dist-packages:/home/gisbert12843/ros2_ws/build/webots_ros2_importer:/home/gisbert12843/ros2_ws/install/webots_ros2_importer/lib/python3.10/site-packages:/opt/ros/humble/lib/python3.10/site-packages:/opt/ros/humble/local/lib/python3.10/dist-packages /usr/bin/python3 -W ignore:setup.py install is deprecated -W ignore:easy_install command is deprecated setup.py develop --editable --build-directory /home/gisbert12843/Robotics_Prak/prak3_ws/build/webots_spot/build --no-deps symlink_data
[3.570s] running develop
[4.242s] running egg_info
[4.242s] creating webots_spot.egg-info
[4.242s] writing webots_spot.egg-info/PKG-INFO
[4.243s] writing dependency_links to webots_spot.egg-info/dependency_links.txt
[4.243s] writing entry points to webots_spot.egg-info/entry_points.txt
[4.243s] writing requirements to webots_spot.egg-info/requires.txt
[4.243s] writing top-level names to webots_spot.egg-info/top_level.txt
[4.244s] writing manifest file 'webots_spot.egg-info/SOURCES.txt'
[4.253s] reading manifest file 'webots_spot.egg-info/SOURCES.txt'
[4.258s] writing manifest file 'webots_spot.egg-info/SOURCES.txt'
[4.267s] running build_ext
[4.267s] Creating /home/gisbert12843/Robotics_Prak/prak3_ws/install/webots_spot/lib/python3.10/site-packages/webots-spot.egg-link (link to .)
[4.270s] Installing arena_modifier script to /home/gisbert12843/Robotics_Prak/prak3_ws/install/webots_spot/lib/webots_spot
[4.271s] Installing gpp_stacker script to /home/gisbert12843/Robotics_Prak/prak3_ws/install/webots_spot/lib/webots_spot
[4.271s] Installing retract_manipulator script to /home/gisbert12843/Robotics_Prak/prak3_ws/install/webots_spot/lib/webots_spot
[4.271s] Installing set_initial_pose script to /home/gisbert12843/Robotics_Prak/prak3_ws/install/webots_spot/lib/webots_spot
[4.272s] Installing spot_driver script to /home/gisbert12843/Robotics_Prak/prak3_ws/install/webots_spot/lib/webots_spot
[4.272s] Installing spot_pointcloud2 script to /home/gisbert12843/Robotics_Prak/prak3_ws/install/webots_spot/lib/webots_spot
[4.272s] 
[4.273s] Installed /home/gisbert12843/Robotics_Prak/prak3_ws/build/webots_spot
[4.273s] running symlink_data
[4.273s] symbolically linking /home/gisbert12843/Robotics_Prak/prak3_ws/build/webots_spot/package.xml -> /home/gisbert12843/Robotics_Prak/prak3_ws/install/webots_spot/share/webots_spot
[4.273s] creating /home/gisbert12843/Robotics_Prak/prak3_ws/install/webots_spot/share/webots_spot/launch
[4.274s] symbolically linking /home/gisbert12843/Robotics_Prak/prak3_ws/build/webots_spot/launch/blocksworld_launch.py -> /home/gisbert12843/Robotics_Prak/prak3_ws/install/webots_spot/share/webots_spot/launch
[4.274s] symbolically linking /home/gisbert12843/Robotics_Prak/prak3_ws/build/webots_spot/launch/moveit_launch.py -> /home/gisbert12843/Robotics_Prak/prak3_ws/install/webots_spot/share/webots_spot/launch
[4.274s] symbolically linking /home/gisbert12843/Robotics_Prak/prak3_ws/build/webots_spot/launch/slam_launch.py -> /home/gisbert12843/Robotics_Prak/prak3_ws/install/webots_spot/share/webots_spot/launch
[4.274s] symbolically linking /home/gisbert12843/Robotics_Prak/prak3_ws/build/webots_spot/launch/spot_launch.py -> /home/gisbert12843/Robotics_Prak/prak3_ws/install/webots_spot/share/webots_spot/launch
[4.274s] symbolically linking /home/gisbert12843/Robotics_Prak/prak3_ws/build/webots_spot/launch/nav_launch.py -> /home/gisbert12843/Robotics_Prak/prak3_ws/install/webots_spot/share/webots_spot/launch
[4.275s] creating /home/gisbert12843/Robotics_Prak/prak3_ws/install/webots_spot/share/webots_spot/worlds
[4.275s] symbolically linking /home/gisbert12843/Robotics_Prak/prak3_ws/build/webots_spot/worlds/spot.wbt -> /home/gisbert12843/Robotics_Prak/prak3_ws/install/webots_spot/share/webots_spot/worlds
[4.275s] symbolically linking /home/gisbert12843/Robotics_Prak/prak3_ws/build/webots_spot/worlds/tags/P.png -> /home/gisbert12843/Robotics_Prak/prak3_ws/install/webots_spot/share/webots_spot/worlds
[4.276s] symbolically linking /home/gisbert12843/Robotics_Prak/prak3_ws/build/webots_spot/worlds/tags/A.png -> /home/gisbert12843/Robotics_Prak/prak3_ws/install/webots_spot/share/webots_spot/worlds
[4.277s] symbolically linking /home/gisbert12843/Robotics_Prak/prak3_ws/build/webots_spot/worlds/tags/aruco.png -> /home/gisbert12843/Robotics_Prak/prak3_ws/install/webots_spot/share/webots_spot/worlds
[4.278s] symbolically linking /home/gisbert12843/Robotics_Prak/prak3_ws/build/webots_spot/worlds/tags/C.png -> /home/gisbert12843/Robotics_Prak/prak3_ws/install/webots_spot/share/webots_spot/worlds
[4.279s] symbolically linking /home/gisbert12843/Robotics_Prak/prak3_ws/build/webots_spot/worlds/tags/B.png -> /home/gisbert12843/Robotics_Prak/prak3_ws/install/webots_spot/share/webots_spot/worlds
[4.279s] creating /home/gisbert12843/Robotics_Prak/prak3_ws/install/webots_spot/share/webots_spot/resource
[4.279s] symbolically linking /home/gisbert12843/Robotics_Prak/prak3_ws/build/webots_spot/resource/moveit_movegroup.yaml -> /home/gisbert12843/Robotics_Prak/prak3_ws/install/webots_spot/share/webots_spot/resource
[4.280s] symbolically linking /home/gisbert12843/Robotics_Prak/prak3_ws/build/webots_spot/resource/spotarm_control.urdf -> /home/gisbert12843/Robotics_Prak/prak3_ws/install/webots_spot/share/webots_spot/resource
[4.280s] symbolically linking /home/gisbert12843/Robotics_Prak/prak3_ws/build/webots_spot/resource/moveit_spot_arm.srdf -> /home/gisbert12843/Robotics_Prak/prak3_ws/install/webots_spot/share/webots_spot/resource
[4.280s] symbolically linking /home/gisbert12843/Robotics_Prak/prak3_ws/build/webots_spot/resource/webots_blocksworld.gpp -> /home/gisbert12843/Robotics_Prak/prak3_ws/install/webots_spot/share/webots_spot/resource
[4.280s] symbolically linking /home/gisbert12843/Robotics_Prak/prak3_ws/build/webots_spot/resource/moveit_kinematics.yaml -> /home/gisbert12843/Robotics_Prak/prak3_ws/install/webots_spot/share/webots_spot/resource
[4.280s] symbolically linking /home/gisbert12843/Robotics_Prak/prak3_ws/build/webots_spot/resource/nav2.rviz -> /home/gisbert12843/Robotics_Prak/prak3_ws/install/webots_spot/share/webots_spot/resource
[4.281s] symbolically linking /home/gisbert12843/Robotics_Prak/prak3_ws/build/webots_spot/resource/spotarm_ros2_controllers.yaml -> /home/gisbert12843/Robotics_Prak/prak3_ws/install/webots_spot/share/webots_spot/resource
[4.281s] symbolically linking /home/gisbert12843/Robotics_Prak/prak3_ws/build/webots_spot/resource/spot.urdf -> /home/gisbert12843/Robotics_Prak/prak3_ws/install/webots_spot/share/webots_spot/resource
[4.281s] symbolically linking /home/gisbert12843/Robotics_Prak/prak3_ws/build/webots_spot/resource/spot_control.urdf -> /home/gisbert12843/Robotics_Prak/prak3_ws/install/webots_spot/share/webots_spot/resource
[4.282s] symbolically linking /home/gisbert12843/Robotics_Prak/prak3_ws/build/webots_spot/resource/moveit_controllers.yaml -> /home/gisbert12843/Robotics_Prak/prak3_ws/install/webots_spot/share/webots_spot/resource
[4.282s] symbolically linking /home/gisbert12843/Robotics_Prak/prak3_ws/build/webots_spot/resource/slam.rviz -> /home/gisbert12843/Robotics_Prak/prak3_ws/install/webots_spot/share/webots_spot/resource
[4.282s] symbolically linking /home/gisbert12843/Robotics_Prak/prak3_ws/build/webots_spot/resource/webots_spot -> /home/gisbert12843/Robotics_Prak/prak3_ws/install/webots_spot/share/webots_spot/resource
[4.282s] symbolically linking /home/gisbert12843/Robotics_Prak/prak3_ws/build/webots_spot/resource/moveit_visualization.rviz -> /home/gisbert12843/Robotics_Prak/prak3_ws/install/webots_spot/share/webots_spot/resource
[4.282s] creating /home/gisbert12843/Robotics_Prak/prak3_ws/install/webots_spot/share/webots_spot/yolo_images
[4.283s] symbolically linking /home/gisbert12843/Robotics_Prak/prak3_ws/build/webots_spot/yolo_images/train.jpeg -> /home/gisbert12843/Robotics_Prak/prak3_ws/install/webots_spot/share/webots_spot/yolo_images
[4.284s] symbolically linking /home/gisbert12843/Robotics_Prak/prak3_ws/build/webots_spot/yolo_images/elephant.jpeg -> /home/gisbert12843/Robotics_Prak/prak3_ws/install/webots_spot/share/webots_spot/yolo_images
[4.284s] symbolically linking /home/gisbert12843/Robotics_Prak/prak3_ws/build/webots_spot/yolo_images/bus.jpeg -> /home/gisbert12843/Robotics_Prak/prak3_ws/install/webots_spot/share/webots_spot/yolo_images
[4.285s] symbolically linking /home/gisbert12843/Robotics_Prak/prak3_ws/build/webots_spot/yolo_images/giraffe.jpeg -> /home/gisbert12843/Robotics_Prak/prak3_ws/install/webots_spot/share/webots_spot/yolo_images
[4.285s] symbolically linking /home/gisbert12843/Robotics_Prak/prak3_ws/build/webots_spot/yolo_images/stop_sign.jpeg -> /home/gisbert12843/Robotics_Prak/prak3_ws/install/webots_spot/share/webots_spot/yolo_images
[4.286s] symbolically linking /home/gisbert12843/Robotics_Prak/prak3_ws/build/webots_spot/yolo_images/bird.jpeg -> /home/gisbert12843/Robotics_Prak/prak3_ws/install/webots_spot/share/webots_spot/yolo_images
[4.286s] symbolically linking /home/gisbert12843/Robotics_Prak/prak3_ws/build/webots_spot/yolo_images/pizza.jpeg -> /home/gisbert12843/Robotics_Prak/prak3_ws/install/webots_spot/share/webots_spot/yolo_images
[4.286s] symbolically linking /home/gisbert12843/Robotics_Prak/prak3_ws/build/webots_spot/yolo_images/fire_hydrant.jpeg -> /home/gisbert12843/Robotics_Prak/prak3_ws/install/webots_spot/share/webots_spot/yolo_images
[4.287s] symbolically linking /home/gisbert12843/Robotics_Prak/prak3_ws/build/webots_spot/yolo_images/car.jpeg -> /home/gisbert12843/Robotics_Prak/prak3_ws/install/webots_spot/share/webots_spot/yolo_images
[4.288s] symbolically linking /home/gisbert12843/Robotics_Prak/prak3_ws/build/webots_spot/yolo_images/motorcycle.jpeg -> /home/gisbert12843/Robotics_Prak/prak3_ws/install/webots_spot/share/webots_spot/yolo_images
[4.288s] symbolically linking /home/gisbert12843/Robotics_Prak/prak3_ws/build/webots_spot/yolo_images/airplane.jpeg -> /home/gisbert12843/Robotics_Prak/prak3_ws/install/webots_spot/share/webots_spot/yolo_images
[4.289s] symbolically linking /home/gisbert12843/Robotics_Prak/prak3_ws/build/webots_spot/yolo_images/cow.jpeg -> /home/gisbert12843/Robotics_Prak/prak3_ws/install/webots_spot/share/webots_spot/yolo_images
[4.289s] symbolically linking /home/gisbert12843/Robotics_Prak/prak3_ws/build/webots_spot/yolo_images/sheep.jpeg -> /home/gisbert12843/Robotics_Prak/prak3_ws/install/webots_spot/share/webots_spot/yolo_images
[4.289s] symbolically linking /home/gisbert12843/Robotics_Prak/prak3_ws/build/webots_spot/yolo_images/clock.jpeg -> /home/gisbert12843/Robotics_Prak/prak3_ws/install/webots_spot/share/webots_spot/yolo_images
[4.289s] symbolically linking /home/gisbert12843/Robotics_Prak/prak3_ws/build/webots_spot/yolo_images/traffic_light.jpeg -> /home/gisbert12843/Robotics_Prak/prak3_ws/install/webots_spot/share/webots_spot/yolo_images
[4.290s] symbolically linking /home/gisbert12843/Robotics_Prak/prak3_ws/build/webots_spot/yolo_images/dog.jpeg -> /home/gisbert12843/Robotics_Prak/prak3_ws/install/webots_spot/share/webots_spot/yolo_images
[4.290s] symbolically linking /home/gisbert12843/Robotics_Prak/prak3_ws/build/webots_spot/yolo_images/kite.jpeg -> /home/gisbert12843/Robotics_Prak/prak3_ws/install/webots_spot/share/webots_spot/yolo_images
[4.290s] symbolically linking /home/gisbert12843/Robotics_Prak/prak3_ws/build/webots_spot/yolo_images/bottle.jpeg -> /home/gisbert12843/Robotics_Prak/prak3_ws/install/webots_spot/share/webots_spot/yolo_images
[4.291s] symbolically linking /home/gisbert12843/Robotics_Prak/prak3_ws/build/webots_spot/yolo_images/truck.jpeg -> /home/gisbert12843/Robotics_Prak/prak3_ws/install/webots_spot/share/webots_spot/yolo_images
[4.291s] symbolically linking /home/gisbert12843/Robotics_Prak/prak3_ws/build/webots_spot/yolo_images/zebra.jpeg -> /home/gisbert12843/Robotics_Prak/prak3_ws/install/webots_spot/share/webots_spot/yolo_images
[4.292s] creating /home/gisbert12843/Robotics_Prak/prak3_ws/install/webots_spot/share/webots_spot/hazmat_signs
[4.292s] symbolically linking /home/gisbert12843/Robotics_Prak/prak3_ws/build/webots_spot/hazmat_signs/placard-5.1-oxidizer.png -> /home/gisbert12843/Robotics_Prak/prak3_ws/install/webots_spot/share/webots_spot/hazmat_signs
[4.292s] symbolically linking /home/gisbert12843/Robotics_Prak/prak3_ws/build/webots_spot/hazmat_signs/placard-8-corrosive.png -> /home/gisbert12843/Robotics_Prak/prak3_ws/install/webots_spot/share/webots_spot/hazmat_signs
[4.293s] symbolically linking /home/gisbert12843/Robotics_Prak/prak3_ws/build/webots_spot/hazmat_signs/placard-5.2-organic-peroxide.png -> /home/gisbert12843/Robotics_Prak/prak3_ws/install/webots_spot/share/webots_spot/hazmat_signs
[4.293s] symbolically linking /home/gisbert12843/Robotics_Prak/prak3_ws/build/webots_spot/hazmat_signs/placard-4-spontaneously-combustible.png -> /home/gisbert12843/Robotics_Prak/prak3_ws/install/webots_spot/share/webots_spot/hazmat_signs
[4.293s] symbolically linking /home/gisbert12843/Robotics_Prak/prak3_ws/build/webots_spot/hazmat_signs/placard-2-flammable-gas.png -> /home/gisbert12843/Robotics_Prak/prak3_ws/install/webots_spot/share/webots_spot/hazmat_signs
[4.293s] symbolically linking /home/gisbert12843/Robotics_Prak/prak3_ws/build/webots_spot/hazmat_signs/placard-3-fuel-oil.png -> /home/gisbert12843/Robotics_Prak/prak3_ws/install/webots_spot/share/webots_spot/hazmat_signs
[4.294s] symbolically linking /home/gisbert12843/Robotics_Prak/prak3_ws/build/webots_spot/hazmat_signs/placard-6-poison.png -> /home/gisbert12843/Robotics_Prak/prak3_ws/install/webots_spot/share/webots_spot/hazmat_signs
[4.294s] symbolically linking /home/gisbert12843/Robotics_Prak/prak3_ws/build/webots_spot/hazmat_signs/placard-1.1-explosives.png -> /home/gisbert12843/Robotics_Prak/prak3_ws/install/webots_spot/share/webots_spot/hazmat_signs
[4.294s] symbolically linking /home/gisbert12843/Robotics_Prak/prak3_ws/build/webots_spot/hazmat_signs/placard-1.5-blasting-agents.png -> /home/gisbert12843/Robotics_Prak/prak3_ws/install/webots_spot/share/webots_spot/hazmat_signs
[4.294s] symbolically linking /home/gisbert12843/Robotics_Prak/prak3_ws/build/webots_spot/hazmat_signs/placard-2-non-flammable-gas.png -> /home/gisbert12843/Robotics_Prak/prak3_ws/install/webots_spot/share/webots_spot/hazmat_signs
[4.294s] symbolically linking /home/gisbert12843/Robotics_Prak/prak3_ws/build/webots_spot/hazmat_signs/placard-4-dangerous-when-wet.png -> /home/gisbert12843/Robotics_Prak/prak3_ws/install/webots_spot/share/webots_spot/hazmat_signs
[4.295s] symbolically linking /home/gisbert12843/Robotics_Prak/prak3_ws/build/webots_spot/hazmat_signs/placard-7-radioactive.png -> /home/gisbert12843/Robotics_Prak/prak3_ws/install/webots_spot/share/webots_spot/hazmat_signs
[4.295s] symbolically linking /home/gisbert12843/Robotics_Prak/prak3_ws/build/webots_spot/hazmat_signs/placard-4-flammable-solid.png -> /home/gisbert12843/Robotics_Prak/prak3_ws/install/webots_spot/share/webots_spot/hazmat_signs
[4.295s] symbolically linking /home/gisbert12843/Robotics_Prak/prak3_ws/build/webots_spot/hazmat_signs/placard-6-inhalation-hazard.png -> /home/gisbert12843/Robotics_Prak/prak3_ws/install/webots_spot/share/webots_spot/hazmat_signs
[4.295s] symbolically linking /home/gisbert12843/Robotics_Prak/prak3_ws/build/webots_spot/hazmat_signs/placard-2-oxygen.png -> /home/gisbert12843/Robotics_Prak/prak3_ws/install/webots_spot/share/webots_spot/hazmat_signs
[4.295s] creating /home/gisbert12843/Robotics_Prak/prak3_ws/install/webots_spot/share/webots_spot/protos
[4.295s] symbolically linking /home/gisbert12843/Robotics_Prak/prak3_ws/build/webots_spot/protos/SpotArm.proto -> /home/gisbert12843/Robotics_Prak/prak3_ws/install/webots_spot/share/webots_spot/protos
[4.296s] symbolically linking /home/gisbert12843/Robotics_Prak/prak3_ws/build/webots_spot/protos/Spot.proto -> /home/gisbert12843/Robotics_Prak/prak3_ws/install/webots_spot/share/webots_spot/protos
[4.296s] symbolically linking /home/gisbert12843/Robotics_Prak/prak3_ws/build/webots_spot/protos/SpotLeg.proto -> /home/gisbert12843/Robotics_Prak/prak3_ws/install/webots_spot/share/webots_spot/protos
[4.296s] symbolically linking /home/gisbert12843/Robotics_Prak/prak3_ws/build/webots_spot/protos/ImageBox.proto -> /home/gisbert12843/Robotics_Prak/prak3_ws/install/webots_spot/share/webots_spot/protos
[4.296s] creating /home/gisbert12843/Robotics_Prak/prak3_ws/install/webots_spot/share/webots_spot/protos/icons
[4.297s] symbolically linking /home/gisbert12843/Robotics_Prak/prak3_ws/build/webots_spot/protos/icons/Spot.png -> /home/gisbert12843/Robotics_Prak/prak3_ws/install/webots_spot/share/webots_spot/protos/icons
[4.297s] creating /home/gisbert12843/Robotics_Prak/prak3_ws/install/webots_spot/share/webots_spot/protos/meshes
[4.297s] symbolically linking /home/gisbert12843/Robotics_Prak/prak3_ws/build/webots_spot/protos/meshes/rear_cam_1.obj -> /home/gisbert12843/Robotics_Prak/prak3_ws/install/webots_spot/share/webots_spot/protos/meshes
[4.298s] symbolically linking /home/gisbert12843/Robotics_Prak/prak3_ws/build/webots_spot/protos/meshes/right_flank_cam_3.obj -> /home/gisbert12843/Robotics_Prak/prak3_ws/install/webots_spot/share/webots_spot/protos/meshes
[4.298s] symbolically linking /home/gisbert12843/Robotics_Prak/prak3_ws/build/webots_spot/protos/meshes/foot.obj -> /home/gisbert12843/Robotics_Prak/prak3_ws/install/webots_spot/share/webots_spot/protos/meshes
[4.298s] symbolically linking /home/gisbert12843/Robotics_Prak/prak3_ws/build/webots_spot/protos/meshes/left_flank_cover.obj -> /home/gisbert12843/Robotics_Prak/prak3_ws/install/webots_spot/share/webots_spot/protos/meshes
[4.299s] symbolically linking /home/gisbert12843/Robotics_Prak/prak3_ws/build/webots_spot/protos/meshes/rear_cam_3.obj -> /home/gisbert12843/Robotics_Prak/prak3_ws/install/webots_spot/share/webots_spot/protos/meshes
[4.299s] symbolically linking /home/gisbert12843/Robotics_Prak/prak3_ws/build/webots_spot/protos/meshes/front_shoulder_cover.obj -> /home/gisbert12843/Robotics_Prak/prak3_ws/install/webots_spot/share/webots_spot/protos/meshes
[4.299s] symbolically linking /home/gisbert12843/Robotics_Prak/prak3_ws/build/webots_spot/protos/meshes/head_background_holes.obj -> /home/gisbert12843/Robotics_Prak/prak3_ws/install/webots_spot/share/webots_spot/protos/meshes
[4.300s] symbolically linking /home/gisbert12843/Robotics_Prak/prak3_ws/build/webots_spot/protos/meshes/black_box_2.obj -> /home/gisbert12843/Robotics_Prak/prak3_ws/install/webots_spot/share/webots_spot/protos/meshes
[4.300s] symbolically linking /home/gisbert12843/Robotics_Prak/prak3_ws/build/webots_spot/protos/meshes/left_flank_cam_1.obj -> /home/gisbert12843/Robotics_Prak/prak3_ws/install/webots_spot/share/webots_spot/protos/meshes
[4.300s] symbolically linking /home/gisbert12843/Robotics_Prak/prak3_ws/build/webots_spot/protos/meshes/black_box_2_screw.obj -> /home/gisbert12843/Robotics_Prak/prak3_ws/install/webots_spot/share/webots_spot/protos/meshes
[4.300s] symbolically linking /home/gisbert12843/Robotics_Prak/prak3_ws/build/webots_spot/protos/meshes/rear_0.obj -> /home/gisbert12843/Robotics_Prak/prak3_ws/install/webots_spot/share/webots_spot/protos/meshes
[4.301s] symbolically linking /home/gisbert12843/Robotics_Prak/prak3_ws/build/webots_spot/protos/meshes/left_flank_rubber.obj -> /home/gisbert12843/Robotics_Prak/prak3_ws/install/webots_spot/share/webots_spot/protos/meshes
[4.301s] symbolically linking /home/gisbert12843/Robotics_Prak/prak3_ws/build/webots_spot/protos/meshes/rear_shoulder_cover.obj -> /home/gisbert12843/Robotics_Prak/prak3_ws/install/webots_spot/share/webots_spot/protos/meshes
[4.301s] symbolically linking /home/gisbert12843/Robotics_Prak/prak3_ws/build/webots_spot/protos/meshes/upperarm_sh.obj -> /home/gisbert12843/Robotics_Prak/prak3_ws/install/webots_spot/share/webots_spot/protos/meshes
[4.302s] symbolically linking /home/gisbert12843/Robotics_Prak/prak3_ws/build/webots_spot/protos/meshes/upperarm_inside.obj -> /home/gisbert12843/Robotics_Prak/prak3_ws/install/webots_spot/share/webots_spot/protos/meshes
[4.302s] symbolically linking /home/gisbert12843/Robotics_Prak/prak3_ws/build/webots_spot/protos/meshes/cover_motor.obj -> /home/gisbert12843/Robotics_Prak/prak3_ws/install/webots_spot/share/webots_spot/protos/meshes
[4.302s] symbolically linking /home/gisbert12843/Robotics_Prak/prak3_ws/build/webots_spot/protos/meshes/head_cam_r3.obj -> /home/gisbert12843/Robotics_Prak/prak3_ws/install/webots_spot/share/webots_spot/protos/meshes
[4.302s] symbolically linking /home/gisbert12843/Robotics_Prak/prak3_ws/build/webots_spot/protos/meshes/left_flank_cam_2.obj -> /home/gisbert12843/Robotics_Prak/prak3_ws/install/webots_spot/share/webots_spot/protos/meshes
[4.303s] symbolically linking /home/gisbert12843/Robotics_Prak/prak3_ws/build/webots_spot/protos/meshes/right_flank_cover.obj -> /home/gisbert12843/Robotics_Prak/prak3_ws/install/webots_spot/share/webots_spot/protos/meshes
[4.303s] symbolically linking /home/gisbert12843/Robotics_Prak/prak3_ws/build/webots_spot/protos/meshes/motor_ring.obj -> /home/gisbert12843/Robotics_Prak/prak3_ws/install/webots_spot/share/webots_spot/protos/meshes
[4.303s] symbolically linking /home/gisbert12843/Robotics_Prak/prak3_ws/build/webots_spot/protos/meshes/head_cover.obj -> /home/gisbert12843/Robotics_Prak/prak3_ws/install/webots_spot/share/webots_spot/protos/meshes
[4.304s] symbolically linking /home/gisbert12843/Robotics_Prak/prak3_ws/build/webots_spot/protos/meshes/head_cam_l1.obj -> /home/gisbert12843/Robotics_Prak/prak3_ws/install/webots_spot/share/webots_spot/protos/meshes
[4.304s] symbolically linking /home/gisbert12843/Robotics_Prak/prak3_ws/build/webots_spot/protos/meshes/head_cam_l3.obj -> /home/gisbert12843/Robotics_Prak/prak3_ws/install/webots_spot/share/webots_spot/protos/meshes
[4.304s] symbolically linking /home/gisbert12843/Robotics_Prak/prak3_ws/build/webots_spot/protos/meshes/cover_elbow.obj -> /home/gisbert12843/Robotics_Prak/prak3_ws/install/webots_spot/share/webots_spot/protos/meshes
[4.305s] symbolically linking /home/gisbert12843/Robotics_Prak/prak3_ws/build/webots_spot/protos/meshes/rear_3.obj -> /home/gisbert12843/Robotics_Prak/prak3_ws/install/webots_spot/share/webots_spot/protos/meshes
[4.305s] symbolically linking /home/gisbert12843/Robotics_Prak/prak3_ws/build/webots_spot/protos/meshes/square_screw_2.obj -> /home/gisbert12843/Robotics_Prak/prak3_ws/install/webots_spot/share/webots_spot/protos/meshes
[4.306s] symbolically linking /home/gisbert12843/Robotics_Prak/prak3_ws/build/webots_spot/protos/meshes/bottom_side.obj -> /home/gisbert12843/Robotics_Prak/prak3_ws/install/webots_spot/share/webots_spot/protos/meshes
[4.306s] symbolically linking /home/gisbert12843/Robotics_Prak/prak3_ws/build/webots_spot/protos/meshes/cover_leg.obj -> /home/gisbert12843/Robotics_Prak/prak3_ws/install/webots_spot/share/webots_spot/protos/meshes
[4.306s] symbolically linking /home/gisbert12843/Robotics_Prak/prak3_ws/build/webots_spot/protos/meshes/tendon.obj -> /home/gisbert12843/Robotics_Prak/prak3_ws/install/webots_spot/share/webots_spot/protos/meshes
[4.306s] symbolically linking /home/gisbert12843/Robotics_Prak/prak3_ws/build/webots_spot/protos/meshes/black_box_1.obj -> /home/gisbert12843/Robotics_Prak/prak3_ws/install/webots_spot/share/webots_spot/protos/meshes
[4.306s] symbolically linking /home/gisbert12843/Robotics_Prak/prak3_ws/build/webots_spot/protos/meshes/foot_rubber.obj -> /home/gisbert12843/Robotics_Prak/prak3_ws/install/webots_spot/share/webots_spot/protos/meshes
[4.307s] symbolically linking /home/gisbert12843/Robotics_Prak/prak3_ws/build/webots_spot/protos/meshes/black_box_1_screw.obj -> /home/gisbert12843/Robotics_Prak/prak3_ws/install/webots_spot/share/webots_spot/protos/meshes
[4.307s] symbolically linking /home/gisbert12843/Robotics_Prak/prak3_ws/build/webots_spot/protos/meshes/rear_cover.obj -> /home/gisbert12843/Robotics_Prak/prak3_ws/install/webots_spot/share/webots_spot/protos/meshes
[4.307s] symbolically linking /home/gisbert12843/Robotics_Prak/prak3_ws/build/webots_spot/protos/meshes/head_cam_l2.obj -> /home/gisbert12843/Robotics_Prak/prak3_ws/install/webots_spot/share/webots_spot/protos/meshes
[4.307s] symbolically linking /home/gisbert12843/Robotics_Prak/prak3_ws/build/webots_spot/protos/meshes/head_cam_r1.obj -> /home/gisbert12843/Robotics_Prak/prak3_ws/install/webots_spot/share/webots_spot/protos/meshes
[4.307s] symbolically linking /home/gisbert12843/Robotics_Prak/prak3_ws/build/webots_spot/protos/meshes/metal_strip.obj -> /home/gisbert12843/Robotics_Prak/prak3_ws/install/webots_spot/share/webots_spot/protos/meshes
[4.307s] symbolically linking /home/gisbert12843/Robotics_Prak/prak3_ws/build/webots_spot/protos/meshes/left_flank_holes.obj -> /home/gisbert12843/Robotics_Prak/prak3_ws/install/webots_spot/share/webots_spot/protos/meshes
[4.308s] symbolically linking /home/gisbert12843/Robotics_Prak/prak3_ws/build/webots_spot/protos/meshes/motor.obj -> /home/gisbert12843/Robotics_Prak/prak3_ws/install/webots_spot/share/webots_spot/protos/meshes
[4.308s] symbolically linking /home/gisbert12843/Robotics_Prak/prak3_ws/build/webots_spot/protos/meshes/rear_buttons_red_1.obj -> /home/gisbert12843/Robotics_Prak/prak3_ws/install/webots_spot/share/webots_spot/protos/meshes
[4.308s] symbolically linking /home/gisbert12843/Robotics_Prak/prak3_ws/build/webots_spot/protos/meshes/right_flank_rubber.obj -> /home/gisbert12843/Robotics_Prak/prak3_ws/install/webots_spot/share/webots_spot/protos/meshes
[4.308s] symbolically linking /home/gisbert12843/Robotics_Prak/prak3_ws/build/webots_spot/protos/meshes/rear_buttons_blue_1.obj -> /home/gisbert12843/Robotics_Prak/prak3_ws/install/webots_spot/share/webots_spot/protos/meshes
[4.308s] symbolically linking /home/gisbert12843/Robotics_Prak/prak3_ws/build/webots_spot/protos/meshes/rear_cam_2.obj -> /home/gisbert12843/Robotics_Prak/prak3_ws/install/webots_spot/share/webots_spot/protos/meshes
[4.309s] symbolically linking /home/gisbert12843/Robotics_Prak/prak3_ws/build/webots_spot/protos/meshes/right_flank_cam_2.obj -> /home/gisbert12843/Robotics_Prak/prak3_ws/install/webots_spot/share/webots_spot/protos/meshes
[4.309s] symbolically linking /home/gisbert12843/Robotics_Prak/prak3_ws/build/webots_spot/protos/meshes/rear_buttons_blue_2.obj -> /home/gisbert12843/Robotics_Prak/prak3_ws/install/webots_spot/share/webots_spot/protos/meshes
[4.309s] symbolically linking /home/gisbert12843/Robotics_Prak/prak3_ws/build/webots_spot/protos/meshes/forearm_sh.obj -> /home/gisbert12843/Robotics_Prak/prak3_ws/install/webots_spot/share/webots_spot/protos/meshes
[4.309s] symbolically linking /home/gisbert12843/Robotics_Prak/prak3_ws/build/webots_spot/protos/meshes/rear_buttons.obj -> /home/gisbert12843/Robotics_Prak/prak3_ws/install/webots_spot/share/webots_spot/protos/meshes
[4.309s] symbolically linking /home/gisbert12843/Robotics_Prak/prak3_ws/build/webots_spot/protos/meshes/left_flank_cam_4.obj -> /home/gisbert12843/Robotics_Prak/prak3_ws/install/webots_spot/share/webots_spot/protos/meshes
[4.310s] symbolically linking /home/gisbert12843/Robotics_Prak/prak3_ws/build/webots_spot/protos/meshes/square_screw_1.obj -> /home/gisbert12843/Robotics_Prak/prak3_ws/install/webots_spot/share/webots_spot/protos/meshes
[4.310s] symbolically linking /home/gisbert12843/Robotics_Prak/prak3_ws/build/webots_spot/protos/meshes/motor_support.obj -> /home/gisbert12843/Robotics_Prak/prak3_ws/install/webots_spot/share/webots_spot/protos/meshes
[4.310s] symbolically linking /home/gisbert12843/Robotics_Prak/prak3_ws/build/webots_spot/protos/meshes/right_flank_cam_4.obj -> /home/gisbert12843/Robotics_Prak/prak3_ws/install/webots_spot/share/webots_spot/protos/meshes
[4.310s] symbolically linking /home/gisbert12843/Robotics_Prak/prak3_ws/build/webots_spot/protos/meshes/right_flank_holes.obj -> /home/gisbert12843/Robotics_Prak/prak3_ws/install/webots_spot/share/webots_spot/protos/meshes
[4.310s] symbolically linking /home/gisbert12843/Robotics_Prak/prak3_ws/build/webots_spot/protos/meshes/back_cover.obj -> /home/gisbert12843/Robotics_Prak/prak3_ws/install/webots_spot/share/webots_spot/protos/meshes
[4.311s] symbolically linking /home/gisbert12843/Robotics_Prak/prak3_ws/build/webots_spot/protos/meshes/rear_buttons_red_2.obj -> /home/gisbert12843/Robotics_Prak/prak3_ws/install/webots_spot/share/webots_spot/protos/meshes
[4.311s] symbolically linking /home/gisbert12843/Robotics_Prak/prak3_ws/build/webots_spot/protos/meshes/back_screws.obj -> /home/gisbert12843/Robotics_Prak/prak3_ws/install/webots_spot/share/webots_spot/protos/meshes
[4.311s] symbolically linking /home/gisbert12843/Robotics_Prak/prak3_ws/build/webots_spot/protos/meshes/left_flank_cam_3.obj -> /home/gisbert12843/Robotics_Prak/prak3_ws/install/webots_spot/share/webots_spot/protos/meshes
[4.311s] symbolically linking /home/gisbert12843/Robotics_Prak/prak3_ws/build/webots_spot/protos/meshes/rear_2.obj -> /home/gisbert12843/Robotics_Prak/prak3_ws/install/webots_spot/share/webots_spot/protos/meshes
[4.311s] symbolically linking /home/gisbert12843/Robotics_Prak/prak3_ws/build/webots_spot/protos/meshes/rear_1.obj -> /home/gisbert12843/Robotics_Prak/prak3_ws/install/webots_spot/share/webots_spot/protos/meshes
[4.312s] symbolically linking /home/gisbert12843/Robotics_Prak/prak3_ws/build/webots_spot/protos/meshes/head_cam_r2.obj -> /home/gisbert12843/Robotics_Prak/prak3_ws/install/webots_spot/share/webots_spot/protos/meshes
[4.312s] symbolically linking /home/gisbert12843/Robotics_Prak/prak3_ws/build/webots_spot/protos/meshes/right_flank_cam_1.obj -> /home/gisbert12843/Robotics_Prak/prak3_ws/install/webots_spot/share/webots_spot/protos/meshes
[4.312s] creating /home/gisbert12843/Robotics_Prak/prak3_ws/install/webots_spot/share/webots_spot/protos/textures
[4.314s] symbolically linking /home/gisbert12843/Robotics_Prak/prak3_ws/build/webots_spot/protos/textures/camera_big_lens_base_color.jpg -> /home/gisbert12843/Robotics_Prak/prak3_ws/install/webots_spot/share/webots_spot/protos/textures
[4.314s] symbolically linking /home/gisbert12843/Robotics_Prak/prak3_ws/build/webots_spot/protos/textures/camera_2_lens_base_color.jpg -> /home/gisbert12843/Robotics_Prak/prak3_ws/install/webots_spot/share/webots_spot/protos/textures
[4.315s] symbolically linking /home/gisbert12843/Robotics_Prak/prak3_ws/build/webots_spot/protos/textures/camera_lens_base_color.jpg -> /home/gisbert12843/Robotics_Prak/prak3_ws/install/webots_spot/share/webots_spot/protos/textures
[4.315s] symbolically linking /home/gisbert12843/Robotics_Prak/prak3_ws/build/webots_spot/protos/textures/startup.png -> /home/gisbert12843/Robotics_Prak/prak3_ws/install/webots_spot/share/webots_spot/protos/textures
[4.315s] creating /home/gisbert12843/Robotics_Prak/prak3_ws/install/webots_spot/share/webots_spot/protos/SpotArm
[4.316s] creating /home/gisbert12843/Robotics_Prak/prak3_ws/install/webots_spot/share/webots_spot/protos/SpotArm/meshes
[4.316s] symbolically linking /home/gisbert12843/Robotics_Prak/prak3_ws/build/webots_spot/protos/SpotArm/meshes/spotarm_link1.obj -> /home/gisbert12843/Robotics_Prak/prak3_ws/install/webots_spot/share/webots_spot/protos/SpotArm/meshes
[4.316s] symbolically linking /home/gisbert12843/Robotics_Prak/prak3_ws/build/webots_spot/protos/SpotArm/meshes/spotarm_link5.obj -> /home/gisbert12843/Robotics_Prak/prak3_ws/install/webots_spot/share/webots_spot/protos/SpotArm/meshes
[4.316s] symbolically linking /home/gisbert12843/Robotics_Prak/prak3_ws/build/webots_spot/protos/SpotArm/meshes/spotarm_base_link.obj -> /home/gisbert12843/Robotics_Prak/prak3_ws/install/webots_spot/share/webots_spot/protos/SpotArm/meshes
[4.317s] symbolically linking /home/gisbert12843/Robotics_Prak/prak3_ws/build/webots_spot/protos/SpotArm/meshes/spotarm_link2.obj -> /home/gisbert12843/Robotics_Prak/prak3_ws/install/webots_spot/share/webots_spot/protos/SpotArm/meshes
[4.317s] symbolically linking /home/gisbert12843/Robotics_Prak/prak3_ws/build/webots_spot/protos/SpotArm/meshes/spotarm_link4.obj -> /home/gisbert12843/Robotics_Prak/prak3_ws/install/webots_spot/share/webots_spot/protos/SpotArm/meshes
[4.317s] symbolically linking /home/gisbert12843/Robotics_Prak/prak3_ws/build/webots_spot/protos/SpotArm/meshes/spotarm_link6.obj -> /home/gisbert12843/Robotics_Prak/prak3_ws/install/webots_spot/share/webots_spot/protos/SpotArm/meshes
[4.317s] symbolically linking /home/gisbert12843/Robotics_Prak/prak3_ws/build/webots_spot/protos/SpotArm/meshes/spotarm_link3.obj -> /home/gisbert12843/Robotics_Prak/prak3_ws/install/webots_spot/share/webots_spot/protos/SpotArm/meshes
[4.317s] symbolically linking /home/gisbert12843/Robotics_Prak/prak3_ws/build/webots_spot/protos/SpotArm/meshes/spotarm_link7.obj -> /home/gisbert12843/Robotics_Prak/prak3_ws/install/webots_spot/share/webots_spot/protos/SpotArm/meshes
[4.318s] creating /home/gisbert12843/Robotics_Prak/prak3_ws/install/webots_spot/share/webots_spot/params
[4.318s] symbolically linking /home/gisbert12843/Robotics_Prak/prak3_ws/build/webots_spot/params/nav2_params.yaml -> /home/gisbert12843/Robotics_Prak/prak3_ws/install/webots_spot/share/webots_spot/params
[4.318s] creating /home/gisbert12843/Robotics_Prak/prak3_ws/install/webots_spot/share/webots_spot/map
[4.318s] symbolically linking /home/gisbert12843/Robotics_Prak/prak3_ws/build/webots_spot/map/map_arena3.pgm -> /home/gisbert12843/Robotics_Prak/prak3_ws/install/webots_spot/share/webots_spot/map
[4.319s] symbolically linking /home/gisbert12843/Robotics_Prak/prak3_ws/build/webots_spot/map/map.yaml -> /home/gisbert12843/Robotics_Prak/prak3_ws/install/webots_spot/share/webots_spot/map
[4.320s] symbolically linking /home/gisbert12843/Robotics_Prak/prak3_ws/build/webots_spot/map/map_arena3.yaml -> /home/gisbert12843/Robotics_Prak/prak3_ws/install/webots_spot/share/webots_spot/map
[4.320s] symbolically linking /home/gisbert12843/Robotics_Prak/prak3_ws/build/webots_spot/map/map.pgm -> /home/gisbert12843/Robotics_Prak/prak3_ws/install/webots_spot/share/webots_spot/map
[4.407s] Invoked command in '/home/gisbert12843/Robotics_Prak/prak3_ws/build/webots_spot' returned '0': AMENT_PREFIX_PATH=/home/gisbert12843/Robotics_Prak/prak3_ws/install/webots_ros2:/home/gisbert12843/Robotics_Prak/prak3_ws/install/webots_ros2_tests:/home/gisbert12843/Robotics_Prak/prak3_ws/install/webots_ros2_universal_robot:/home/gisbert12843/Robotics_Prak/prak3_ws/install/webots_ros2_turtlebot:/home/gisbert12843/Robotics_Prak/prak3_ws/install/webots_ros2_tiago:/home/gisbert12843/Robotics_Prak/prak3_ws/install/webots_ros2_epuck:/home/gisbert12843/Robotics_Prak/prak3_ws/install/webots_ros2_tesla:/home/gisbert12843/Robotics_Prak/prak3_ws/install/webots_ros2_mavic:/home/gisbert12843/Robotics_Prak/prak3_ws/install/webots_ros2_importer:/home/gisbert12843/Robotics_Prak/prak3_ws/install/webots_spot_teleop:/home/gisbert12843/Robotics_Prak/prak3_ws/install/webots_spot_msgs:/home/gisbert12843/Robotics_Prak/prak3_ws/install/webots_spot:/home/gisbert12843/Robotics_Prak/prak3_ws/install/webots_ros2_control:/home/gisbert12843/Robotics_Prak/prak3_ws/install/webots_ros2_driver:/home/gisbert12843/Robotics_Prak/prak3_ws/install/webots_ros2_msgs:/home/gisbert12843/Robotics_Prak/prak2_ws/install/webots_spot_teleop:/home/gisbert12843/Robotics_Prak/prak2_ws/install/webots_spot_msgs:/home/gisbert12843/Robotics_Prak/prak2_ws/install/webots_spot:/home/gisbert12843/Robotics_Prak/prak2_ws/install/webots_ros2:/home/gisbert12843/Robotics_Prak/prak2_ws/install/webots_ros2_universal_robot:/home/gisbert12843/Robotics_Prak/prak2_ws/install/webots_ros2_turtlebot:/home/gisbert12843/Robotics_Prak/prak2_ws/install/webots_ros2_tiago:/home/gisbert12843/Robotics_Prak/prak2_ws/install/webots_ros2_tests:/home/gisbert12843/Robotics_Prak/prak2_ws/install/webots_ros2_tesla:/home/gisbert12843/Robotics_Prak/prak2_ws/install/webots_ros2_mavic:/home/gisbert12843/Robotics_Prak/prak2_ws/install/webots_ros2_epuck:/home/gisbert12843/Robotics_Prak/prak2_ws/install/webots_ros2_control:/home/gisbert12843/Robotics_Prak/prak2_ws/install/webots_ros2_driver:/home/gisbert12843/Robotics_Prak/prak2_ws/install/webots_ros2_msgs:/home/gisbert12843/Robotics_Prak/prak2_ws/install/webots_ros2_importer:/home/gisbert12843/Robotics_Prak/prak2_ws/install/prak2_pkg:/home/gisbert12843/ros2_ws/install/webots_ros2:/home/gisbert12843/ros2_ws/install/webots_ros2_universal_robot:/home/gisbert12843/ros2_ws/install/webots_ros2_turtlebot:/home/gisbert12843/ros2_ws/install/webots_ros2_tiago:/home/gisbert12843/ros2_ws/install/webots_ros2_tests:/home/gisbert12843/ros2_ws/install/webots_ros2_tesla:/home/gisbert12843/ros2_ws/install/webots_ros2_mavic:/home/gisbert12843/ros2_ws/install/webots_ros2_epuck:/home/gisbert12843/ros2_ws/install/webots_ros2_control:/home/gisbert12843/ros2_ws/install/webots_ros2_driver:/home/gisbert12843/ros2_ws/install/webots_ros2_msgs:/home/gisbert12843/ros2_ws/install/webots_ros2_importer:/opt/ros/humble CMAKE_PREFIX_PATH=/home/gisbert12843/Robotics_Prak/prak3_ws/install/webots_ros2_control:/home/gisbert12843/Robotics_Prak/prak3_ws/install/webots_ros2_driver:/home/gisbert12843/Robotics_Prak/prak3_ws/install/webots_ros2_msgs:/home/gisbert12843/Robotics_Prak/prak3_ws/install/webots_spot_msgs:/home/gisbert12843/Robotics_Prak/prak2_ws/install/webots_spot_msgs:/home/gisbert12843/Robotics_Prak/prak2_ws/install/webots_ros2_control:/home/gisbert12843/Robotics_Prak/prak2_ws/install/webots_ros2_driver:/home/gisbert12843/Robotics_Prak/prak2_ws/install/webots_ros2_msgs:/home/gisbert12843/ros2_ws/install/webots_ros2_control:/home/gisbert12843/ros2_ws/install/webots_ros2_driver:/home/gisbert12843/ros2_ws/install/webots_ros2_msgs LD_LIBRARY_PATH=/home/gisbert12843/Robotics_Prak/prak3_ws/install/webots_ros2_control/lib:/home/gisbert12843/Robotics_Prak/prak3_ws/install/webots_ros2_driver/lib:/home/gisbert12843/Robotics_Prak/prak3_ws/install/webots_ros2_msgs/lib:/home/gisbert12843/Robotics_Prak/prak3_ws/install/webots_spot_msgs/lib:/home/gisbert12843/Robotics_Prak/prak2_ws/install/webots_spot_msgs/lib:/home/gisbert12843/Robotics_Prak/prak2_ws/install/webots_ros2_control/lib:/home/gisbert12843/Robotics_Prak/prak2_ws/install/webots_ros2_driver/lib:/home/gisbert12843/Robotics_Prak/prak2_ws/install/webots_ros2_msgs/lib:/home/gisbert12843/ros2_ws/install/webots_ros2_control/lib:/home/gisbert12843/ros2_ws/install/webots_ros2_driver/lib:/home/gisbert12843/ros2_ws/install/webots_ros2_msgs/lib:/opt/ros/humble/opt/rviz_ogre_vendor/lib:/opt/ros/humble/lib/x86_64-linux-gnu:/opt/ros/humble/lib PYTHONPATH=/home/gisbert12843/Robotics_Prak/prak3_ws/build/webots_spot/prefix_override:/usr/lib/python3/dist-packages/colcon_core/task/python/colcon_distutils_commands:/home/gisbert12843/Robotics_Prak/prak3_ws/install/webots_spot/lib/python3.10/site-packages:/home/gisbert12843/Robotics_Prak/prak3_ws/build/webots_ros2:/home/gisbert12843/Robotics_Prak/prak3_ws/install/webots_ros2/lib/python3.10/site-packages:/home/gisbert12843/Robotics_Prak/prak3_ws/build/webots_ros2_tests:/home/gisbert12843/Robotics_Prak/prak3_ws/install/webots_ros2_tests/lib/python3.10/site-packages:/home/gisbert12843/Robotics_Prak/prak3_ws/build/webots_ros2_universal_robot:/home/gisbert12843/Robotics_Prak/prak3_ws/install/webots_ros2_universal_robot/lib/python3.10/site-packages:/home/gisbert12843/Robotics_Prak/prak3_ws/build/webots_ros2_turtlebot:/home/gisbert12843/Robotics_Prak/prak3_ws/install/webots_ros2_turtlebot/lib/python3.10/site-packages:/home/gisbert12843/Robotics_Prak/prak3_ws/build/webots_ros2_tiago:/home/gisbert12843/Robotics_Prak/prak3_ws/install/webots_ros2_tiago/lib/python3.10/site-packages:/home/gisbert12843/Robotics_Prak/prak3_ws/build/webots_ros2_epuck:/home/gisbert12843/Robotics_Prak/prak3_ws/install/webots_ros2_epuck/lib/python3.10/site-packages:/home/gisbert12843/Robotics_Prak/prak3_ws/build/webots_ros2_tesla:/home/gisbert12843/Robotics_Prak/prak3_ws/install/webots_ros2_tesla/lib/python3.10/site-packages:/home/gisbert12843/Robotics_Prak/prak3_ws/build/webots_ros2_mavic:/home/gisbert12843/Robotics_Prak/prak3_ws/install/webots_ros2_mavic/lib/python3.10/site-packages:/home/gisbert12843/Robotics_Prak/prak3_ws/build/webots_ros2_importer:/home/gisbert12843/Robotics_Prak/prak3_ws/install/webots_ros2_importer/lib/python3.10/site-packages:/home/gisbert12843/Robotics_Prak/prak3_ws/build/webots_spot_teleop:/home/gisbert12843/Robotics_Prak/prak3_ws/install/webots_spot_teleop/lib/python3.10/site-packages:/home/gisbert12843/Robotics_Prak/prak3_ws/install/webots_spot_msgs/local/lib/python3.10/dist-packages:/home/gisbert12843/Robotics_Prak/prak3_ws/build/webots_spot:/home/gisbert12843/Robotics_Prak/prak3_ws/install/webots_spot/lib/python3.10/site-packages:/home/gisbert12843/Robotics_Prak/prak3_ws/install/webots_ros2_driver/local/lib/python3.10/dist-packages:/home/gisbert12843/Robotics_Prak/prak3_ws/install/webots_ros2_msgs/local/lib/python3.10/dist-packages:/home/gisbert12843/Robotics_Prak/prak3_ws/build/prak3_pkg:/home/gisbert12843/Robotics_Prak/prak3_ws/install/prak3_pkg/lib/python3.10/site-packages:/home/gisbert12843/Robotics_Prak/prak2_ws/build/webots_spot_teleop:/home/gisbert12843/Robotics_Prak/prak2_ws/install/webots_spot_teleop/lib/python3.10/site-packages:/home/gisbert12843/Robotics_Prak/prak2_ws/install/webots_spot_msgs/local/lib/python3.10/dist-packages:/home/gisbert12843/Robotics_Prak/prak2_ws/build/webots_spot:/home/gisbert12843/Robotics_Prak/prak2_ws/install/webots_spot/lib/python3.10/site-packages:/home/gisbert12843/Robotics_Prak/prak2_ws/build/webots_ros2:/home/gisbert12843/Robotics_Prak/prak2_ws/install/webots_ros2/lib/python3.10/site-packages:/home/gisbert12843/Robotics_Prak/prak2_ws/build/webots_ros2_universal_robot:/home/gisbert12843/Robotics_Prak/prak2_ws/install/webots_ros2_universal_robot/lib/python3.10/site-packages:/home/gisbert12843/Robotics_Prak/prak2_ws/build/webots_ros2_turtlebot:/home/gisbert12843/Robotics_Prak/prak2_ws/install/webots_ros2_turtlebot/lib/python3.10/site-packages:/home/gisbert12843/Robotics_Prak/prak2_ws/build/webots_ros2_tiago:/home/gisbert12843/Robotics_Prak/prak2_ws/install/webots_ros2_tiago/lib/python3.10/site-packages:/home/gisbert12843/Robotics_Prak/prak2_ws/build/webots_ros2_tests:/home/gisbert12843/Robotics_Prak/prak2_ws/install/webots_ros2_tests/lib/python3.10/site-packages:/home/gisbert12843/Robotics_Prak/prak2_ws/build/webots_ros2_tesla:/home/gisbert12843/Robotics_Prak/prak2_ws/install/webots_ros2_tesla/lib/python3.10/site-packages:/home/gisbert12843/Robotics_Prak/prak2_ws/build/webots_ros2_mavic:/home/gisbert12843/Robotics_Prak/prak2_ws/install/webots_ros2_mavic/lib/python3.10/site-packages:/home/gisbert12843/Robotics_Prak/prak2_ws/build/webots_ros2_epuck:/home/gisbert12843/Robotics_Prak/prak2_ws/install/webots_ros2_epuck/lib/python3.10/site-packages:/home/gisbert12843/Robotics_Prak/prak2_ws/install/webots_ros2_driver/local/lib/python3.10/dist-packages:/home/gisbert12843/Robotics_Prak/prak2_ws/install/webots_ros2_msgs/local/lib/python3.10/dist-packages:/home/gisbert12843/Robotics_Prak/prak2_ws/build/webots_ros2_importer:/home/gisbert12843/Robotics_Prak/prak2_ws/install/webots_ros2_importer/lib/python3.10/site-packages:/home/gisbert12843/Robotics_Prak/prak2_ws/build/prak2_pkg:/home/gisbert12843/Robotics_Prak/prak2_ws/install/prak2_pkg/lib/python3.10/site-packages:/home/gisbert12843/ros2_ws/build/webots_ros2:/home/gisbert12843/ros2_ws/install/webots_ros2/lib/python3.10/site-packages:/home/gisbert12843/ros2_ws/build/webots_ros2_universal_robot:/home/gisbert12843/ros2_ws/install/webots_ros2_universal_robot/lib/python3.10/site-packages:/home/gisbert12843/ros2_ws/build/webots_ros2_turtlebot:/home/gisbert12843/ros2_ws/install/webots_ros2_turtlebot/lib/python3.10/site-packages:/home/gisbert12843/ros2_ws/build/webots_ros2_tiago:/home/gisbert12843/ros2_ws/install/webots_ros2_tiago/lib/python3.10/site-packages:/home/gisbert12843/ros2_ws/build/webots_ros2_tests:/home/gisbert12843/ros2_ws/install/webots_ros2_tests/lib/python3.10/site-packages:/home/gisbert12843/ros2_ws/build/webots_ros2_tesla:/home/gisbert12843/ros2_ws/install/webots_ros2_tesla/lib/python3.10/site-packages:/home/gisbert12843/ros2_ws/build/webots_ros2_mavic:/home/gisbert12843/ros2_ws/install/webots_ros2_mavic/lib/python3.10/site-packages:/home/gisbert12843/ros2_ws/build/webots_ros2_epuck:/home/gisbert12843/ros2_ws/install/webots_ros2_epuck/lib/python3.10/site-packages:/home/gisbert12843/ros2_ws/install/webots_ros2_driver/local/lib/python3.10/dist-packages:/home/gisbert12843/ros2_ws/install/webots_ros2_msgs/local/lib/python3.10/dist-packages:/home/gisbert12843/ros2_ws/build/webots_ros2_importer:/home/gisbert12843/ros2_ws/install/webots_ros2_importer/lib/python3.10/site-packages:/opt/ros/humble/lib/python3.10/site-packages:/opt/ros/humble/local/lib/python3.10/dist-packages /usr/bin/python3 -W ignore:setup.py install is deprecated -W ignore:easy_install command is deprecated setup.py develop --editable --build-directory /home/gisbert12843/Robotics_Prak/prak3_ws/build/webots_spot/build --no-deps symlink_data
