[1.382s] Invoking command in '/home/jizzy/ros_ws/build/turtlesim': CMAKE_PREFIX_PATH=${CMAKE_PREFIX_PATH}:/home/jizzy/ros_ws/install/my_package:/opt/ros/jazzy DEBUGINFOD_URLS=https://debuginfod.ubuntu.com /usr/bin/cmake --build /home/jizzy/ros_ws/build/turtlesim -- -j2 -l2
[1.958s] [  0%] Built target turtlesim__rosidl_generator_type_description
[2.168s] [  0%] Built target ament_cmake_python_copy_turtlesim
[2.287s] [  1%] Built target turtlesim__cpp
[2.441s] [ 24%] Built target turtlesim__rosidl_generator_c
[4.463s] running egg_info
[4.712s] writing turtlesim.egg-info/PKG-INFO
[4.718s] writing dependency_links to turtlesim.egg-info/dependency_links.txt
[4.719s] writing top-level names to turtlesim.egg-info/top_level.txt
[5.276s] reading manifest file 'turtlesim.egg-info/SOURCES.txt'
[5.281s] writing manifest file 'turtlesim.egg-info/SOURCES.txt'
[5.452s] [ 24%] Built target ament_cmake_python_build_turtlesim_egg
[5.563s] [ 33%] Built target turtlesim__rosidl_typesupport_cpp
[5.695s] [ 41%] Built target turtlesim__rosidl_typesupport_fastrtps_c
[5.821s] [ 50%] Built target turtlesim__rosidl_typesupport_fastrtps_cpp
[5.938s] [ 59%] Built target turtlesim__rosidl_typesupport_introspection_c
[6.050s] [ 68%] Built target turtlesim__rosidl_typesupport_c
[6.434s] [ 76%] Built target turtlesim__rosidl_typesupport_introspection_cpp
[6.858s] [ 81%] Built target turtlesim_node
[7.009s] [ 83%] Built target turtle_teleop_key
[7.195s] [ 84%] Built target draw_square
[7.359s] [ 86%] Built target mimic
[7.457s] [ 86%] Built target turtlesim
[7.569s] [ 86%] Built target turtlesim__py
[7.717s] [ 94%] Built target turtlesim__rosidl_generator_py
[7.864s] [ 96%] Built target turtlesim_s__rosidl_typesupport_fastrtps_c
[8.009s] [ 98%] Built target turtlesim_s__rosidl_typesupport_introspection_c
[8.148s] [100%] Built target turtlesim_s__rosidl_typesupport_c
[8.225s] Invoked command in '/home/jizzy/ros_ws/build/turtlesim' returned '0': CMAKE_PREFIX_PATH=${CMAKE_PREFIX_PATH}:/home/jizzy/ros_ws/install/my_package:/opt/ros/jazzy DEBUGINFOD_URLS=https://debuginfod.ubuntu.com /usr/bin/cmake --build /home/jizzy/ros_ws/build/turtlesim -- -j2 -l2
[10.113s] Invoking command in '/home/jizzy/ros_ws/build/turtlesim': CMAKE_PREFIX_PATH=${CMAKE_PREFIX_PATH}:/home/jizzy/ros_ws/install/my_package:/opt/ros/jazzy DEBUGINFOD_URLS=https://debuginfod.ubuntu.com /usr/bin/cmake --install /home/jizzy/ros_ws/build/turtlesim
[10.157s] -- Install configuration: ""
[10.157s] -- Up-to-date: /home/jizzy/ros_ws/install/turtlesim/share/ament_index/resource_index/rosidl_interfaces/turtlesim
[10.158s] -- Up-to-date: /home/jizzy/ros_ws/install/turtlesim/share/turtlesim/action/RotateAbsolute.json
[10.166s] -- Up-to-date: /home/jizzy/ros_ws/install/turtlesim/share/turtlesim/msg/Color.json
[10.168s] -- Up-to-date: /home/jizzy/ros_ws/install/turtlesim/share/turtlesim/msg/Pose.json
[10.171s] -- Up-to-date: /home/jizzy/ros_ws/install/turtlesim/share/turtlesim/srv/Kill.json
[10.172s] -- Up-to-date: /home/jizzy/ros_ws/install/turtlesim/share/turtlesim/srv/SetPen.json
[10.172s] -- Up-to-date: /home/jizzy/ros_ws/install/turtlesim/share/turtlesim/srv/Spawn.json
[10.173s] -- Up-to-date: /home/jizzy/ros_ws/install/turtlesim/share/turtlesim/srv/TeleportAbsolute.json
[10.178s] -- Up-to-date: /home/jizzy/ros_ws/install/turtlesim/share/turtlesim/srv/TeleportRelative.json
[10.180s] -- Up-to-date: /home/jizzy/ros_ws/install/turtlesim/include/turtlesim/turtlesim
[10.181s] -- Up-to-date: /home/jizzy/ros_ws/install/turtlesim/include/turtlesim/turtlesim/action
[10.182s] -- Up-to-date: /home/jizzy/ros_ws/install/turtlesim/include/turtlesim/turtlesim/action/detail
[10.188s] -- Up-to-date: /home/jizzy/ros_ws/install/turtlesim/include/turtlesim/turtlesim/action/detail/rotate_absolute__type_support.h
[10.189s] -- Installing: /home/jizzy/ros_ws/install/turtlesim/include/turtlesim/turtlesim/action/detail/rotate_absolute__type_support.c
[10.189s] -- Up-to-date: /home/jizzy/ros_ws/install/turtlesim/include/turtlesim/turtlesim/action/detail/rotate_absolute__description.c
[10.190s] -- Up-to-date: /home/jizzy/ros_ws/install/turtlesim/include/turtlesim/turtlesim/action/detail/rotate_absolute__struct.h
[10.195s] -- Up-to-date: /home/jizzy/ros_ws/install/turtlesim/include/turtlesim/turtlesim/action/detail/rotate_absolute__functions.c
[10.198s] -- Up-to-date: /home/jizzy/ros_ws/install/turtlesim/include/turtlesim/turtlesim/action/detail/rotate_absolute__functions.h
[10.198s] -- Up-to-date: /home/jizzy/ros_ws/install/turtlesim/include/turtlesim/turtlesim/action/rotate_absolute.h
[10.199s] -- Up-to-date: /home/jizzy/ros_ws/install/turtlesim/include/turtlesim/turtlesim/msg
[10.204s] -- Up-to-date: /home/jizzy/ros_ws/install/turtlesim/include/turtlesim/turtlesim/msg/detail
[10.205s] -- Up-to-date: /home/jizzy/ros_ws/install/turtlesim/include/turtlesim/turtlesim/msg/detail/color__functions.c
[10.205s] -- Up-to-date: /home/jizzy/ros_ws/install/turtlesim/include/turtlesim/turtlesim/msg/detail/pose__type_support.h
[10.213s] -- Installing: /home/jizzy/ros_ws/install/turtlesim/include/turtlesim/turtlesim/msg/detail/pose__type_support.c
[10.214s] -- Up-to-date: /home/jizzy/ros_ws/install/turtlesim/include/turtlesim/turtlesim/msg/detail/pose__functions.c
[10.215s] -- Up-to-date: /home/jizzy/ros_ws/install/turtlesim/include/turtlesim/turtlesim/msg/detail/color__type_support.h
[10.216s] -- Up-to-date: /home/jizzy/ros_ws/install/turtlesim/include/turtlesim/turtlesim/msg/detail/color__description.c
[10.217s] -- Installing: /home/jizzy/ros_ws/install/turtlesim/include/turtlesim/turtlesim/msg/detail/color__type_support.c
[10.217s] -- Up-to-date: /home/jizzy/ros_ws/install/turtlesim/include/turtlesim/turtlesim/msg/detail/pose__struct.h
[10.218s] -- Up-to-date: /home/jizzy/ros_ws/install/turtlesim/include/turtlesim/turtlesim/msg/detail/color__functions.h
[10.219s] -- Up-to-date: /home/jizzy/ros_ws/install/turtlesim/include/turtlesim/turtlesim/msg/detail/pose__description.c
[10.221s] -- Up-to-date: /home/jizzy/ros_ws/install/turtlesim/include/turtlesim/turtlesim/msg/detail/color__struct.h
[10.222s] -- Up-to-date: /home/jizzy/ros_ws/install/turtlesim/include/turtlesim/turtlesim/msg/detail/pose__functions.h
[10.222s] -- Up-to-date: /home/jizzy/ros_ws/install/turtlesim/include/turtlesim/turtlesim/msg/color.h
[10.225s] -- Up-to-date: /home/jizzy/ros_ws/install/turtlesim/include/turtlesim/turtlesim/msg/rosidl_generator_c__visibility_control.h
[10.226s] -- Up-to-date: /home/jizzy/ros_ws/install/turtlesim/include/turtlesim/turtlesim/msg/pose.h
[10.226s] -- Up-to-date: /home/jizzy/ros_ws/install/turtlesim/include/turtlesim/turtlesim/srv
[10.227s] -- Up-to-date: /home/jizzy/ros_ws/install/turtlesim/include/turtlesim/turtlesim/srv/teleport_absolute.h
[10.228s] -- Up-to-date: /home/jizzy/ros_ws/install/turtlesim/include/turtlesim/turtlesim/srv/detail
[10.228s] -- Up-to-date: /home/jizzy/ros_ws/install/turtlesim/include/turtlesim/turtlesim/srv/detail/set_pen__type_support.h
[10.229s] -- Up-to-date: /home/jizzy/ros_ws/install/turtlesim/include/turtlesim/turtlesim/srv/detail/kill__functions.c
[10.229s] -- Up-to-date: /home/jizzy/ros_ws/install/turtlesim/include/turtlesim/turtlesim/srv/detail/spawn__functions.h
[10.229s] -- Up-to-date: /home/jizzy/ros_ws/install/turtlesim/include/turtlesim/turtlesim/srv/detail/teleport_absolute__functions.h
[10.230s] -- Up-to-date: /home/jizzy/ros_ws/install/turtlesim/include/turtlesim/turtlesim/srv/detail/kill__struct.h
[10.234s] -- Installing: /home/jizzy/ros_ws/install/turtlesim/include/turtlesim/turtlesim/srv/detail/spawn__type_support.c
[10.235s] -- Up-to-date: /home/jizzy/ros_ws/install/turtlesim/include/turtlesim/turtlesim/srv/detail/teleport_relative__functions.c
[10.235s] -- Up-to-date: /home/jizzy/ros_ws/install/turtlesim/include/turtlesim/turtlesim/srv/detail/spawn__struct.h
[10.239s] -- Installing: /home/jizzy/ros_ws/install/turtlesim/include/turtlesim/turtlesim/srv/detail/teleport_absolute__type_support.c
[10.240s] -- Up-to-date: /home/jizzy/ros_ws/install/turtlesim/include/turtlesim/turtlesim/srv/detail/teleport_relative__description.c
[10.240s] -- Installing: /home/jizzy/ros_ws/install/turtlesim/include/turtlesim/turtlesim/srv/detail/kill__type_support.c
[10.241s] -- Up-to-date: /home/jizzy/ros_ws/install/turtlesim/include/turtlesim/turtlesim/srv/detail/teleport_relative__type_support.h
[10.241s] -- Up-to-date: /home/jizzy/ros_ws/install/turtlesim/include/turtlesim/turtlesim/srv/detail/kill__type_support.h
[10.244s] -- Up-to-date: /home/jizzy/ros_ws/install/turtlesim/include/turtlesim/turtlesim/srv/detail/teleport_absolute__description.c
[10.244s] -- Up-to-date: /home/jizzy/ros_ws/install/turtlesim/include/turtlesim/turtlesim/srv/detail/set_pen__functions.h
[10.245s] -- Up-to-date: /home/jizzy/ros_ws/install/turtlesim/include/turtlesim/turtlesim/srv/detail/spawn__functions.c
[10.248s] -- Up-to-date: /home/jizzy/ros_ws/install/turtlesim/include/turtlesim/turtlesim/srv/detail/set_pen__description.c
[10.249s] -- Up-to-date: /home/jizzy/ros_ws/install/turtlesim/include/turtlesim/turtlesim/srv/detail/spawn__description.c
[10.249s] -- Up-to-date: /home/jizzy/ros_ws/install/turtlesim/include/turtlesim/turtlesim/srv/detail/kill__description.c
[10.255s] -- Up-to-date: /home/jizzy/ros_ws/install/turtlesim/include/turtlesim/turtlesim/srv/detail/teleport_absolute__type_support.h
[10.256s] -- Up-to-date: /home/jizzy/ros_ws/install/turtlesim/include/turtlesim/turtlesim/srv/detail/teleport_relative__functions.h
[10.259s] -- Up-to-date: /home/jizzy/ros_ws/install/turtlesim/include/turtlesim/turtlesim/srv/detail/set_pen__functions.c
[10.262s] -- Up-to-date: /home/jizzy/ros_ws/install/turtlesim/include/turtlesim/turtlesim/srv/detail/teleport_absolute__struct.h
[10.262s] -- Up-to-date: /home/jizzy/ros_ws/install/turtlesim/include/turtlesim/turtlesim/srv/detail/kill__functions.h
[10.266s] -- Installing: /home/jizzy/ros_ws/install/turtlesim/include/turtlesim/turtlesim/srv/detail/set_pen__type_support.c
[10.269s] -- Up-to-date: /home/jizzy/ros_ws/install/turtlesim/include/turtlesim/turtlesim/srv/detail/teleport_relative__struct.h
[10.269s] -- Installing: /home/jizzy/ros_ws/install/turtlesim/include/turtlesim/turtlesim/srv/detail/teleport_relative__type_support.c
[10.269s] -- Up-to-date: /home/jizzy/ros_ws/install/turtlesim/include/turtlesim/turtlesim/srv/detail/spawn__type_support.h
[10.282s] -- Up-to-date: /home/jizzy/ros_ws/install/turtlesim/include/turtlesim/turtlesim/srv/detail/teleport_absolute__functions.c
[10.284s] -- Up-to-date: /home/jizzy/ros_ws/install/turtlesim/include/turtlesim/turtlesim/srv/detail/set_pen__struct.h
[10.292s] -- Up-to-date: /home/jizzy/ros_ws/install/turtlesim/include/turtlesim/turtlesim/srv/set_pen.h
[10.297s] -- Up-to-date: /home/jizzy/ros_ws/install/turtlesim/include/turtlesim/turtlesim/srv/teleport_relative.h
[10.298s] -- Up-to-date: /home/jizzy/ros_ws/install/turtlesim/include/turtlesim/turtlesim/srv/spawn.h
[10.298s] -- Up-to-date: /home/jizzy/ros_ws/install/turtlesim/include/turtlesim/turtlesim/srv/kill.h
[10.316s] -- Up-to-date: /home/jizzy/ros_ws/install/turtlesim/share/turtlesim/environment/library_path.sh
[10.317s] -- Up-to-date: /home/jizzy/ros_ws/install/turtlesim/share/turtlesim/environment/library_path.dsv
[10.327s] -- Up-to-date: /home/jizzy/ros_ws/install/turtlesim/lib/libturtlesim__rosidl_generator_c.so
[10.335s] -- Up-to-date: /home/jizzy/ros_ws/install/turtlesim/include/turtlesim/turtlesim
[10.337s] -- Up-to-date: /home/jizzy/ros_ws/install/turtlesim/include/turtlesim/turtlesim/action
[10.338s] -- Up-to-date: /home/jizzy/ros_ws/install/turtlesim/include/turtlesim/turtlesim/action/detail
[10.344s] -- Up-to-date: /home/jizzy/ros_ws/install/turtlesim/include/turtlesim/turtlesim/action/detail/rotate_absolute__rosidl_typesupport_fastrtps_c.h
[10.345s] -- Up-to-date: /home/jizzy/ros_ws/install/turtlesim/include/turtlesim/turtlesim/msg
[10.345s] -- Up-to-date: /home/jizzy/ros_ws/install/turtlesim/include/turtlesim/turtlesim/msg/detail
[10.355s] -- Up-to-date: /home/jizzy/ros_ws/install/turtlesim/include/turtlesim/turtlesim/msg/detail/pose__rosidl_typesupport_fastrtps_c.h
[10.361s] -- Up-to-date: /home/jizzy/ros_ws/install/turtlesim/include/turtlesim/turtlesim/msg/detail/color__rosidl_typesupport_fastrtps_c.h
[10.362s] -- Up-to-date: /home/jizzy/ros_ws/install/turtlesim/include/turtlesim/turtlesim/msg/rosidl_typesupport_fastrtps_c__visibility_control.h
[10.362s] -- Up-to-date: /home/jizzy/ros_ws/install/turtlesim/include/turtlesim/turtlesim/srv
[10.363s] -- Up-to-date: /home/jizzy/ros_ws/install/turtlesim/include/turtlesim/turtlesim/srv/detail
[10.368s] -- Up-to-date: /home/jizzy/ros_ws/install/turtlesim/include/turtlesim/turtlesim/srv/detail/spawn__rosidl_typesupport_fastrtps_c.h
[10.369s] -- Up-to-date: /home/jizzy/ros_ws/install/turtlesim/include/turtlesim/turtlesim/srv/detail/kill__rosidl_typesupport_fastrtps_c.h
[10.369s] -- Up-to-date: /home/jizzy/ros_ws/install/turtlesim/include/turtlesim/turtlesim/srv/detail/teleport_absolute__rosidl_typesupport_fastrtps_c.h
[10.375s] -- Up-to-date: /home/jizzy/ros_ws/install/turtlesim/include/turtlesim/turtlesim/srv/detail/teleport_relative__rosidl_typesupport_fastrtps_c.h
[10.378s] -- Up-to-date: /home/jizzy/ros_ws/install/turtlesim/include/turtlesim/turtlesim/srv/detail/set_pen__rosidl_typesupport_fastrtps_c.h
[10.379s] -- Up-to-date: /home/jizzy/ros_ws/install/turtlesim/lib/libturtlesim__rosidl_typesupport_fastrtps_c.so
[10.381s] -- Up-to-date: /home/jizzy/ros_ws/install/turtlesim/include/turtlesim/turtlesim
[10.382s] -- Up-to-date: /home/jizzy/ros_ws/install/turtlesim/include/turtlesim/turtlesim/action
[10.387s] -- Up-to-date: /home/jizzy/ros_ws/install/turtlesim/include/turtlesim/turtlesim/action/detail
[10.388s] -- Up-to-date: /home/jizzy/ros_ws/install/turtlesim/include/turtlesim/turtlesim/action/detail/rotate_absolute__struct.hpp
[10.389s] -- Up-to-date: /home/jizzy/ros_ws/install/turtlesim/include/turtlesim/turtlesim/action/detail/rotate_absolute__type_support.hpp
[10.393s] -- Up-to-date: /home/jizzy/ros_ws/install/turtlesim/include/turtlesim/turtlesim/action/detail/rotate_absolute__builder.hpp
[10.394s] -- Up-to-date: /home/jizzy/ros_ws/install/turtlesim/include/turtlesim/turtlesim/action/detail/rotate_absolute__traits.hpp
[10.394s] -- Up-to-date: /home/jizzy/ros_ws/install/turtlesim/include/turtlesim/turtlesim/action/rotate_absolute.hpp
[10.399s] -- Up-to-date: /home/jizzy/ros_ws/install/turtlesim/include/turtlesim/turtlesim/msg
[10.400s] -- Up-to-date: /home/jizzy/ros_ws/install/turtlesim/include/turtlesim/turtlesim/msg/detail
[10.400s] -- Up-to-date: /home/jizzy/ros_ws/install/turtlesim/include/turtlesim/turtlesim/msg/detail/color__traits.hpp
[10.405s] -- Up-to-date: /home/jizzy/ros_ws/install/turtlesim/include/turtlesim/turtlesim/msg/detail/color__struct.hpp
[10.406s] -- Up-to-date: /home/jizzy/ros_ws/install/turtlesim/include/turtlesim/turtlesim/msg/detail/color__builder.hpp
[10.406s] -- Up-to-date: /home/jizzy/ros_ws/install/turtlesim/include/turtlesim/turtlesim/msg/detail/color__type_support.hpp
[10.411s] -- Up-to-date: /home/jizzy/ros_ws/install/turtlesim/include/turtlesim/turtlesim/msg/detail/pose__type_support.hpp
[10.413s] -- Up-to-date: /home/jizzy/ros_ws/install/turtlesim/include/turtlesim/turtlesim/msg/detail/pose__traits.hpp
[10.439s] -- Up-to-date: /home/jizzy/ros_ws/install/turtlesim/include/turtlesim/turtlesim/msg/detail/pose__builder.hpp
[10.443s] -- Up-to-date: /home/jizzy/ros_ws/install/turtlesim/include/turtlesim/turtlesim/msg/detail/pose__struct.hpp
[10.444s] -- Up-to-date: /home/jizzy/ros_ws/install/turtlesim/include/turtlesim/turtlesim/msg/rosidl_generator_cpp__visibility_control.hpp
[10.448s] -- Up-to-date: /home/jizzy/ros_ws/install/turtlesim/include/turtlesim/turtlesim/msg/color.hpp
[10.449s] -- Up-to-date: /home/jizzy/ros_ws/install/turtlesim/include/turtlesim/turtlesim/msg/pose.hpp
[10.454s] -- Up-to-date: /home/jizzy/ros_ws/install/turtlesim/include/turtlesim/turtlesim/srv
[10.455s] -- Up-to-date: /home/jizzy/ros_ws/install/turtlesim/include/turtlesim/turtlesim/srv/detail
[10.455s] -- Up-to-date: /home/jizzy/ros_ws/install/turtlesim/include/turtlesim/turtlesim/srv/detail/kill__builder.hpp
[10.460s] -- Up-to-date: /home/jizzy/ros_ws/install/turtlesim/include/turtlesim/turtlesim/srv/detail/teleport_relative__builder.hpp
[10.461s] -- Up-to-date: /home/jizzy/ros_ws/install/turtlesim/include/turtlesim/turtlesim/srv/detail/teleport_absolute__struct.hpp
[10.461s] -- Up-to-date: /home/jizzy/ros_ws/install/turtlesim/include/turtlesim/turtlesim/srv/detail/teleport_absolute__type_support.hpp
[10.461s] -- Up-to-date: /home/jizzy/ros_ws/install/turtlesim/include/turtlesim/turtlesim/srv/detail/spawn__struct.hpp
[10.466s] -- Up-to-date: /home/jizzy/ros_ws/install/turtlesim/include/turtlesim/turtlesim/srv/detail/kill__struct.hpp
[10.467s] -- Up-to-date: /home/jizzy/ros_ws/install/turtlesim/include/turtlesim/turtlesim/srv/detail/set_pen__type_support.hpp
[10.467s] -- Up-to-date: /home/jizzy/ros_ws/install/turtlesim/include/turtlesim/turtlesim/srv/detail/kill__traits.hpp
[10.468s] -- Up-to-date: /home/jizzy/ros_ws/install/turtlesim/include/turtlesim/turtlesim/srv/detail/teleport_absolute__traits.hpp
[10.472s] -- Up-to-date: /home/jizzy/ros_ws/install/turtlesim/include/turtlesim/turtlesim/srv/detail/spawn__traits.hpp
[10.473s] -- Up-to-date: /home/jizzy/ros_ws/install/turtlesim/include/turtlesim/turtlesim/srv/detail/teleport_relative__struct.hpp
[10.473s] -- Up-to-date: /home/jizzy/ros_ws/install/turtlesim/include/turtlesim/turtlesim/srv/detail/set_pen__traits.hpp
[10.478s] -- Up-to-date: /home/jizzy/ros_ws/install/turtlesim/include/turtlesim/turtlesim/srv/detail/kill__type_support.hpp
[10.479s] -- Up-to-date: /home/jizzy/ros_ws/install/turtlesim/include/turtlesim/turtlesim/srv/detail/teleport_relative__traits.hpp
[10.481s] -- Up-to-date: /home/jizzy/ros_ws/install/turtlesim/include/turtlesim/turtlesim/srv/detail/set_pen__struct.hpp
[10.484s] -- Up-to-date: /home/jizzy/ros_ws/install/turtlesim/include/turtlesim/turtlesim/srv/detail/teleport_absolute__builder.hpp
[10.484s] -- Up-to-date: /home/jizzy/ros_ws/install/turtlesim/include/turtlesim/turtlesim/srv/detail/spawn__type_support.hpp
[10.485s] -- Up-to-date: /home/jizzy/ros_ws/install/turtlesim/include/turtlesim/turtlesim/srv/detail/teleport_relative__type_support.hpp
[10.485s] -- Up-to-date: /home/jizzy/ros_ws/install/turtlesim/include/turtlesim/turtlesim/srv/detail/spawn__builder.hpp
[10.490s] -- Up-to-date: /home/jizzy/ros_ws/install/turtlesim/include/turtlesim/turtlesim/srv/detail/set_pen__builder.hpp
[10.491s] -- Up-to-date: /home/jizzy/ros_ws/install/turtlesim/include/turtlesim/turtlesim/srv/spawn.hpp
[10.491s] -- Up-to-date: /home/jizzy/ros_ws/install/turtlesim/include/turtlesim/turtlesim/srv/teleport_relative.hpp
[10.496s] -- Up-to-date: /home/jizzy/ros_ws/install/turtlesim/include/turtlesim/turtlesim/srv/teleport_absolute.hpp
[10.497s] -- Up-to-date: /home/jizzy/ros_ws/install/turtlesim/include/turtlesim/turtlesim/srv/kill.hpp
[10.497s] -- Up-to-date: /home/jizzy/ros_ws/install/turtlesim/include/turtlesim/turtlesim/srv/set_pen.hpp
[10.502s] -- Up-to-date: /home/jizzy/ros_ws/install/turtlesim/include/turtlesim/turtlesim
[10.503s] -- Up-to-date: /home/jizzy/ros_ws/install/turtlesim/include/turtlesim/turtlesim/action
[10.503s] -- Up-to-date: /home/jizzy/ros_ws/install/turtlesim/include/turtlesim/turtlesim/action/detail
[10.504s] -- Up-to-date: /home/jizzy/ros_ws/install/turtlesim/include/turtlesim/turtlesim/action/detail/rotate_absolute__rosidl_typesupport_fastrtps_cpp.hpp
[10.508s] -- Up-to-date: /home/jizzy/ros_ws/install/turtlesim/include/turtlesim/turtlesim/action/detail/dds_fastrtps
[10.509s] -- Up-to-date: /home/jizzy/ros_ws/install/turtlesim/include/turtlesim/turtlesim/msg
[10.509s] -- Up-to-date: /home/jizzy/ros_ws/install/turtlesim/include/turtlesim/turtlesim/msg/detail
[10.516s] -- Up-to-date: /home/jizzy/ros_ws/install/turtlesim/include/turtlesim/turtlesim/msg/detail/pose__rosidl_typesupport_fastrtps_cpp.hpp
[10.517s] -- Up-to-date: /home/jizzy/ros_ws/install/turtlesim/include/turtlesim/turtlesim/msg/detail/dds_fastrtps
[10.517s] -- Up-to-date: /home/jizzy/ros_ws/install/turtlesim/include/turtlesim/turtlesim/msg/detail/color__rosidl_typesupport_fastrtps_cpp.hpp
[10.518s] -- Up-to-date: /home/jizzy/ros_ws/install/turtlesim/include/turtlesim/turtlesim/msg/rosidl_typesupport_fastrtps_cpp__visibility_control.h
[10.527s] -- Up-to-date: /home/jizzy/ros_ws/install/turtlesim/include/turtlesim/turtlesim/srv
[10.528s] -- Up-to-date: /home/jizzy/ros_ws/install/turtlesim/include/turtlesim/turtlesim/srv/detail
[10.528s] -- Up-to-date: /home/jizzy/ros_ws/install/turtlesim/include/turtlesim/turtlesim/srv/detail/kill__rosidl_typesupport_fastrtps_cpp.hpp
[10.533s] -- Up-to-date: /home/jizzy/ros_ws/install/turtlesim/include/turtlesim/turtlesim/srv/detail/spawn__rosidl_typesupport_fastrtps_cpp.hpp
[10.536s] -- Up-to-date: /home/jizzy/ros_ws/install/turtlesim/include/turtlesim/turtlesim/srv/detail/set_pen__rosidl_typesupport_fastrtps_cpp.hpp
[10.539s] -- Up-to-date: /home/jizzy/ros_ws/install/turtlesim/include/turtlesim/turtlesim/srv/detail/teleport_absolute__rosidl_typesupport_fastrtps_cpp.hpp
[10.540s] -- Up-to-date: /home/jizzy/ros_ws/install/turtlesim/include/turtlesim/turtlesim/srv/detail/dds_fastrtps
[10.540s] -- Up-to-date: /home/jizzy/ros_ws/install/turtlesim/include/turtlesim/turtlesim/srv/detail/teleport_relative__rosidl_typesupport_fastrtps_cpp.hpp
[10.541s] -- Up-to-date: /home/jizzy/ros_ws/install/turtlesim/lib/libturtlesim__rosidl_typesupport_fastrtps_cpp.so
[10.545s] -- Up-to-date: /home/jizzy/ros_ws/install/turtlesim/include/turtlesim/turtlesim
[10.546s] -- Up-to-date: /home/jizzy/ros_ws/install/turtlesim/include/turtlesim/turtlesim/action
[10.546s] -- Up-to-date: /home/jizzy/ros_ws/install/turtlesim/include/turtlesim/turtlesim/action/detail
[10.547s] -- Installing: /home/jizzy/ros_ws/install/turtlesim/include/turtlesim/turtlesim/action/detail/rotate_absolute__type_support.c
[10.551s] -- Up-to-date: /home/jizzy/ros_ws/install/turtlesim/include/turtlesim/turtlesim/action/detail/rotate_absolute__rosidl_typesupport_introspection_c.h
[10.552s] -- Up-to-date: /home/jizzy/ros_ws/install/turtlesim/include/turtlesim/turtlesim/msg
[10.552s] -- Up-to-date: /home/jizzy/ros_ws/install/turtlesim/include/turtlesim/turtlesim/msg/detail
[10.557s] -- Up-to-date: /home/jizzy/ros_ws/install/turtlesim/include/turtlesim/turtlesim/msg/detail/color__rosidl_typesupport_introspection_c.h
[10.558s] -- Installing: /home/jizzy/ros_ws/install/turtlesim/include/turtlesim/turtlesim/msg/detail/pose__type_support.c
[10.558s] -- Installing: /home/jizzy/ros_ws/install/turtlesim/include/turtlesim/turtlesim/msg/detail/color__type_support.c
[10.559s] -- Up-to-date: /home/jizzy/ros_ws/install/turtlesim/include/turtlesim/turtlesim/msg/detail/pose__rosidl_typesupport_introspection_c.h
[10.565s] -- Up-to-date: /home/jizzy/ros_ws/install/turtlesim/include/turtlesim/turtlesim/msg/rosidl_typesupport_introspection_c__visibility_control.h
[10.566s] -- Up-to-date: /home/jizzy/ros_ws/install/turtlesim/include/turtlesim/turtlesim/srv
[10.566s] -- Up-to-date: /home/jizzy/ros_ws/install/turtlesim/include/turtlesim/turtlesim/srv/detail
[10.572s] -- Installing: /home/jizzy/ros_ws/install/turtlesim/include/turtlesim/turtlesim/srv/detail/spawn__type_support.c
[10.573s] -- Up-to-date: /home/jizzy/ros_ws/install/turtlesim/include/turtlesim/turtlesim/srv/detail/teleport_relative__rosidl_typesupport_introspection_c.h
[10.573s] -- Installing: /home/jizzy/ros_ws/install/turtlesim/include/turtlesim/turtlesim/srv/detail/teleport_absolute__type_support.c
[10.573s] -- Installing: /home/jizzy/ros_ws/install/turtlesim/include/turtlesim/turtlesim/srv/detail/kill__type_support.c
[10.578s] -- Up-to-date: /home/jizzy/ros_ws/install/turtlesim/include/turtlesim/turtlesim/srv/detail/spawn__rosidl_typesupport_introspection_c.h
[10.579s] -- Up-to-date: /home/jizzy/ros_ws/install/turtlesim/include/turtlesim/turtlesim/srv/detail/teleport_absolute__rosidl_typesupport_introspection_c.h
[10.579s] -- Installing: /home/jizzy/ros_ws/install/turtlesim/include/turtlesim/turtlesim/srv/detail/set_pen__type_support.c
[10.580s] -- Up-to-date: /home/jizzy/ros_ws/install/turtlesim/include/turtlesim/turtlesim/srv/detail/kill__rosidl_typesupport_introspection_c.h
[10.585s] -- Installing: /home/jizzy/ros_ws/install/turtlesim/include/turtlesim/turtlesim/srv/detail/teleport_relative__type_support.c
[10.586s] -- Up-to-date: /home/jizzy/ros_ws/install/turtlesim/include/turtlesim/turtlesim/srv/detail/set_pen__rosidl_typesupport_introspection_c.h
[10.586s] -- Up-to-date: /home/jizzy/ros_ws/install/turtlesim/lib/libturtlesim__rosidl_typesupport_introspection_c.so
[10.586s] -- Up-to-date: /home/jizzy/ros_ws/install/turtlesim/lib/libturtlesim__rosidl_typesupport_c.so
[10.595s] -- Up-to-date: /home/jizzy/ros_ws/install/turtlesim/include/turtlesim/turtlesim
[10.598s] -- Up-to-date: /home/jizzy/ros_ws/install/turtlesim/include/turtlesim/turtlesim/action
[10.603s] -- Up-to-date: /home/jizzy/ros_ws/install/turtlesim/include/turtlesim/turtlesim/action/detail
[10.604s] -- Up-to-date: /home/jizzy/ros_ws/install/turtlesim/include/turtlesim/turtlesim/action/detail/rotate_absolute__type_support.cpp
[10.604s] -- Up-to-date: /home/jizzy/ros_ws/install/turtlesim/include/turtlesim/turtlesim/action/detail/rotate_absolute__rosidl_typesupport_introspection_cpp.hpp
[10.613s] -- Up-to-date: /home/jizzy/ros_ws/install/turtlesim/include/turtlesim/turtlesim/msg
[10.614s] -- Up-to-date: /home/jizzy/ros_ws/install/turtlesim/include/turtlesim/turtlesim/msg/detail
[10.617s] -- Up-to-date: /home/jizzy/ros_ws/install/turtlesim/include/turtlesim/turtlesim/msg/detail/pose__rosidl_typesupport_introspection_cpp.hpp
[10.627s] -- Up-to-date: /home/jizzy/ros_ws/install/turtlesim/include/turtlesim/turtlesim/msg/detail/pose__type_support.cpp
[10.628s] -- Up-to-date: /home/jizzy/ros_ws/install/turtlesim/include/turtlesim/turtlesim/msg/detail/color__type_support.cpp
[10.628s] -- Up-to-date: /home/jizzy/ros_ws/install/turtlesim/include/turtlesim/turtlesim/msg/detail/color__rosidl_typesupport_introspection_cpp.hpp
[10.635s] -- Up-to-date: /home/jizzy/ros_ws/install/turtlesim/include/turtlesim/turtlesim/srv
[10.636s] -- Up-to-date: /home/jizzy/ros_ws/install/turtlesim/include/turtlesim/turtlesim/srv/detail
[10.637s] -- Up-to-date: /home/jizzy/ros_ws/install/turtlesim/include/turtlesim/turtlesim/srv/detail/kill__rosidl_typesupport_introspection_cpp.hpp
[10.650s] -- Up-to-date: /home/jizzy/ros_ws/install/turtlesim/include/turtlesim/turtlesim/srv/detail/spawn__rosidl_typesupport_introspection_cpp.hpp
[10.651s] -- Up-to-date: /home/jizzy/ros_ws/install/turtlesim/include/turtlesim/turtlesim/srv/detail/teleport_relative__type_support.cpp
[10.651s] -- Up-to-date: /home/jizzy/ros_ws/install/turtlesim/include/turtlesim/turtlesim/srv/detail/set_pen__rosidl_typesupport_introspection_cpp.hpp
[10.663s] -- Up-to-date: /home/jizzy/ros_ws/install/turtlesim/include/turtlesim/turtlesim/srv/detail/teleport_relative__rosidl_typesupport_introspection_cpp.hpp
[10.664s] -- Up-to-date: /home/jizzy/ros_ws/install/turtlesim/include/turtlesim/turtlesim/srv/detail/spawn__type_support.cpp
[10.664s] -- Up-to-date: /home/jizzy/ros_ws/install/turtlesim/include/turtlesim/turtlesim/srv/detail/set_pen__type_support.cpp
[10.665s] -- Up-to-date: /home/jizzy/ros_ws/install/turtlesim/include/turtlesim/turtlesim/srv/detail/teleport_absolute__type_support.cpp
[10.672s] -- Up-to-date: /home/jizzy/ros_ws/install/turtlesim/include/turtlesim/turtlesim/srv/detail/kill__type_support.cpp
[10.673s] -- Up-to-date: /home/jizzy/ros_ws/install/turtlesim/include/turtlesim/turtlesim/srv/detail/teleport_absolute__rosidl_typesupport_introspection_cpp.hpp
[10.673s] -- Up-to-date: /home/jizzy/ros_ws/install/turtlesim/lib/libturtlesim__rosidl_typesupport_introspection_cpp.so
[10.682s] -- Up-to-date: /home/jizzy/ros_ws/install/turtlesim/lib/libturtlesim__rosidl_typesupport_cpp.so
[10.683s] -- Up-to-date: /home/jizzy/ros_ws/install/turtlesim/share/turtlesim/environment/pythonpath.sh
[10.683s] -- Up-to-date: /home/jizzy/ros_ws/install/turtlesim/share/turtlesim/environment/pythonpath.dsv
[10.683s] -- Up-to-date: /home/jizzy/ros_ws/install/turtlesim/lib/python3.12/site-packages/turtlesim-1.8.3-py3.12.egg-info
[10.696s] -- Installing: /home/jizzy/ros_ws/install/turtlesim/lib/python3.12/site-packages/turtlesim-1.8.3-py3.12.egg-info/top_level.txt
[10.697s] -- Installing: /home/jizzy/ros_ws/install/turtlesim/lib/python3.12/site-packages/turtlesim-1.8.3-py3.12.egg-info/PKG-INFO
[10.707s] -- Installing: /home/jizzy/ros_ws/install/turtlesim/lib/python3.12/site-packages/turtlesim-1.8.3-py3.12.egg-info/SOURCES.txt
[10.708s] -- Installing: /home/jizzy/ros_ws/install/turtlesim/lib/python3.12/site-packages/turtlesim-1.8.3-py3.12.egg-info/dependency_links.txt
[10.708s] -- Up-to-date: /home/jizzy/ros_ws/install/turtlesim/lib/python3.12/site-packages/turtlesim
[10.708s] -- Up-to-date: /home/jizzy/ros_ws/install/turtlesim/lib/python3.12/site-packages/turtlesim/_turtlesim_s.ep.rosidl_typesupport_introspection_c.c
[10.723s] -- Up-to-date: /home/jizzy/ros_ws/install/turtlesim/lib/python3.12/site-packages/turtlesim/action
[10.726s] -- Up-to-date: /home/jizzy/ros_ws/install/turtlesim/lib/python3.12/site-packages/turtlesim/action/__init__.py
[10.727s] -- Up-to-date: /home/jizzy/ros_ws/install/turtlesim/lib/python3.12/site-packages/turtlesim/action/_rotate_absolute.py
[10.736s] -- Up-to-date: /home/jizzy/ros_ws/install/turtlesim/lib/python3.12/site-packages/turtlesim/action/_rotate_absolute_s.c
[10.736s] -- Up-to-date: /home/jizzy/ros_ws/install/turtlesim/lib/python3.12/site-packages/turtlesim/msg
[10.737s] -- Up-to-date: /home/jizzy/ros_ws/install/turtlesim/lib/python3.12/site-packages/turtlesim/msg/_pose.py
[10.743s] -- Up-to-date: /home/jizzy/ros_ws/install/turtlesim/lib/python3.12/site-packages/turtlesim/msg/__init__.py
[10.744s] -- Up-to-date: /home/jizzy/ros_ws/install/turtlesim/lib/python3.12/site-packages/turtlesim/msg/_pose_s.c
[10.744s] -- Up-to-date: /home/jizzy/ros_ws/install/turtlesim/lib/python3.12/site-packages/turtlesim/msg/_color_s.c
[10.753s] -- Up-to-date: /home/jizzy/ros_ws/install/turtlesim/lib/python3.12/site-packages/turtlesim/msg/_color.py
[10.754s] -- Up-to-date: /home/jizzy/ros_ws/install/turtlesim/lib/python3.12/site-packages/turtlesim/_turtlesim_s.ep.rosidl_typesupport_fastrtps_c.c
[10.754s] -- Up-to-date: /home/jizzy/ros_ws/install/turtlesim/lib/python3.12/site-packages/turtlesim/turtlesim_s__rosidl_typesupport_fastrtps_c.so
[10.762s] -- Up-to-date: /home/jizzy/ros_ws/install/turtlesim/lib/python3.12/site-packages/turtlesim/__init__.py
[10.763s] -- Up-to-date: /home/jizzy/ros_ws/install/turtlesim/lib/python3.12/site-packages/turtlesim/srv
[10.763s] -- Up-to-date: /home/jizzy/ros_ws/install/turtlesim/lib/python3.12/site-packages/turtlesim/srv/_teleport_relative.py
[10.764s] -- Up-to-date: /home/jizzy/ros_ws/install/turtlesim/lib/python3.12/site-packages/turtlesim/srv/_kill_s.c
[10.769s] -- Up-to-date: /home/jizzy/ros_ws/install/turtlesim/lib/python3.12/site-packages/turtlesim/srv/_set_pen_s.c
[10.770s] -- Up-to-date: /home/jizzy/ros_ws/install/turtlesim/lib/python3.12/site-packages/turtlesim/srv/_set_pen.py
[10.770s] -- Up-to-date: /home/jizzy/ros_ws/install/turtlesim/lib/python3.12/site-packages/turtlesim/srv/__init__.py
[10.777s] -- Up-to-date: /home/jizzy/ros_ws/install/turtlesim/lib/python3.12/site-packages/turtlesim/srv/_teleport_absolute.py
[10.778s] -- Up-to-date: /home/jizzy/ros_ws/install/turtlesim/lib/python3.12/site-packages/turtlesim/srv/_teleport_absolute_s.c
[10.778s] -- Up-to-date: /home/jizzy/ros_ws/install/turtlesim/lib/python3.12/site-packages/turtlesim/srv/_spawn.py
[10.785s] -- Up-to-date: /home/jizzy/ros_ws/install/turtlesim/lib/python3.12/site-packages/turtlesim/srv/_kill.py
[10.786s] -- Up-to-date: /home/jizzy/ros_ws/install/turtlesim/lib/python3.12/site-packages/turtlesim/srv/_spawn_s.c
[10.786s] -- Up-to-date: /home/jizzy/ros_ws/install/turtlesim/lib/python3.12/site-packages/turtlesim/srv/_teleport_relative_s.c
[10.793s] -- Up-to-date: /home/jizzy/ros_ws/install/turtlesim/lib/python3.12/site-packages/turtlesim/turtlesim_s__rosidl_typesupport_introspection_c.so
[10.793s] -- Up-to-date: /home/jizzy/ros_ws/install/turtlesim/lib/python3.12/site-packages/turtlesim/_turtlesim_s.ep.rosidl_typesupport_c.c
[10.794s] -- Up-to-date: /home/jizzy/ros_ws/install/turtlesim/lib/python3.12/site-packages/turtlesim/turtlesim_s__rosidl_typesupport_c.so
[10.968s] Listing '/home/jizzy/ros_ws/install/turtlesim/lib/python3.12/site-packages/turtlesim'...
[10.969s] Listing '/home/jizzy/ros_ws/install/turtlesim/lib/python3.12/site-packages/turtlesim/action'...
[10.969s] Listing '/home/jizzy/ros_ws/install/turtlesim/lib/python3.12/site-packages/turtlesim/msg'...
[10.972s] Listing '/home/jizzy/ros_ws/install/turtlesim/lib/python3.12/site-packages/turtlesim/srv'...
[11.036s] -- Up-to-date: /home/jizzy/ros_ws/install/turtlesim/lib/python3.12/site-packages/turtlesim/turtlesim_s__rosidl_typesupport_fastrtps_c.so
[11.045s] -- Up-to-date: /home/jizzy/ros_ws/install/turtlesim/lib/python3.12/site-packages/turtlesim/turtlesim_s__rosidl_typesupport_introspection_c.so
[11.052s] -- Up-to-date: /home/jizzy/ros_ws/install/turtlesim/lib/python3.12/site-packages/turtlesim/turtlesim_s__rosidl_typesupport_c.so
[11.057s] -- Up-to-date: /home/jizzy/ros_ws/install/turtlesim/lib/libturtlesim__rosidl_generator_py.so
[11.058s] -- Up-to-date: /home/jizzy/ros_ws/install/turtlesim/share/turtlesim/action/RotateAbsolute.idl
[11.062s] -- Up-to-date: /home/jizzy/ros_ws/install/turtlesim/share/turtlesim/msg/Color.idl
[11.065s] -- Up-to-date: /home/jizzy/ros_ws/install/turtlesim/share/turtlesim/msg/Pose.idl
[11.066s] -- Up-to-date: /home/jizzy/ros_ws/install/turtlesim/share/turtlesim/srv/Kill.idl
[11.071s] -- Up-to-date: /home/jizzy/ros_ws/install/turtlesim/share/turtlesim/srv/SetPen.idl
[11.071s] -- Up-to-date: /home/jizzy/ros_ws/install/turtlesim/share/turtlesim/srv/Spawn.idl
[11.072s] -- Up-to-date: /home/jizzy/ros_ws/install/turtlesim/share/turtlesim/srv/TeleportAbsolute.idl
[11.077s] -- Up-to-date: /home/jizzy/ros_ws/install/turtlesim/share/turtlesim/srv/TeleportRelative.idl
[11.078s] -- Up-to-date: /home/jizzy/ros_ws/install/turtlesim/share/turtlesim/action/RotateAbsolute.action
[11.078s] -- Up-to-date: /home/jizzy/ros_ws/install/turtlesim/share/turtlesim/msg/Color.msg
[11.079s] -- Up-to-date: /home/jizzy/ros_ws/install/turtlesim/share/turtlesim/msg/Pose.msg
[11.084s] -- Up-to-date: /home/jizzy/ros_ws/install/turtlesim/share/turtlesim/srv/Kill.srv
[11.085s] -- Up-to-date: /home/jizzy/ros_ws/install/turtlesim/share/turtlesim/srv/SetPen.srv
[11.085s] -- Up-to-date: /home/jizzy/ros_ws/install/turtlesim/share/turtlesim/srv/Spawn.srv
[11.089s] -- Up-to-date: /home/jizzy/ros_ws/install/turtlesim/share/turtlesim/srv/TeleportAbsolute.srv
[11.090s] -- Up-to-date: /home/jizzy/ros_ws/install/turtlesim/share/turtlesim/srv/TeleportRelative.srv
[11.090s] -- Up-to-date: /home/jizzy/ros_ws/install/turtlesim/lib/turtlesim/turtlesim_node
[11.094s] -- Up-to-date: /home/jizzy/ros_ws/install/turtlesim/lib/turtlesim/turtle_teleop_key
[11.098s] -- Up-to-date: /home/jizzy/ros_ws/install/turtlesim/lib/turtlesim/draw_square
[11.105s] -- Up-to-date: /home/jizzy/ros_ws/install/turtlesim/lib/turtlesim/mimic
[11.114s] -- Up-to-date: /home/jizzy/ros_ws/install/turtlesim/share/turtlesim/images
[11.119s] -- Up-to-date: /home/jizzy/ros_ws/install/turtlesim/share/turtlesim/images/dashing.png
[11.120s] -- Up-to-date: /home/jizzy/ros_ws/install/turtlesim/share/turtlesim/images/crystal.png
[11.120s] -- Up-to-date: /home/jizzy/ros_ws/install/turtlesim/share/turtlesim/images/iron.png
[11.127s] -- Up-to-date: /home/jizzy/ros_ws/install/turtlesim/share/turtlesim/images/eloquent.png
[11.128s] -- Up-to-date: /home/jizzy/ros_ws/install/turtlesim/share/turtlesim/images/jazzy.png
[11.128s] -- Up-to-date: /home/jizzy/ros_ws/install/turtlesim/share/turtlesim/images/galactic.png
[11.139s] -- Up-to-date: /home/jizzy/ros_ws/install/turtlesim/share/turtlesim/images/foxy.png
[11.140s] -- Up-to-date: /home/jizzy/ros_ws/install/turtlesim/share/turtlesim/images/bouncy.png
[11.146s] -- Up-to-date: /home/jizzy/ros_ws/install/turtlesim/share/turtlesim/images/rolling.png
[11.150s] -- Up-to-date: /home/jizzy/ros_ws/install/turtlesim/share/turtlesim/images/humble.png
[11.151s] -- Up-to-date: /home/jizzy/ros_ws/install/turtlesim/share/turtlesim/images/ardent.png
[11.154s] -- Up-to-date: /home/jizzy/ros_ws/install/turtlesim/share/turtlesim/launch
[11.158s] -- Up-to-date: /home/jizzy/ros_ws/install/turtlesim/share/turtlesim/launch/multisim.launch.py
[11.159s] -- Up-to-date: /home/jizzy/ros_ws/install/turtlesim/share/ament_index/resource_index/package_run_dependencies/turtlesim
[11.161s] -- Up-to-date: /home/jizzy/ros_ws/install/turtlesim/share/ament_index/resource_index/parent_prefix_path/turtlesim
[11.162s] -- Up-to-date: /home/jizzy/ros_ws/install/turtlesim/share/turtlesim/environment/ament_prefix_path.sh
[11.162s] -- Up-to-date: /home/jizzy/ros_ws/install/turtlesim/share/turtlesim/environment/ament_prefix_path.dsv
[11.162s] -- Up-to-date: /home/jizzy/ros_ws/install/turtlesim/share/turtlesim/environment/path.sh
[11.171s] -- Up-to-date: /home/jizzy/ros_ws/install/turtlesim/share/turtlesim/environment/path.dsv
[11.171s] -- Up-to-date: /home/jizzy/ros_ws/install/turtlesim/share/turtlesim/local_setup.bash
[11.187s] -- Up-to-date: /home/jizzy/ros_ws/install/turtlesim/share/turtlesim/local_setup.sh
[11.188s] -- Up-to-date: /home/jizzy/ros_ws/install/turtlesim/share/turtlesim/local_setup.zsh
[11.188s] -- Up-to-date: /home/jizzy/ros_ws/install/turtlesim/share/turtlesim/local_setup.dsv
[11.210s] -- Installing: /home/jizzy/ros_ws/install/turtlesim/share/turtlesim/package.dsv
[11.212s] -- Up-to-date: /home/jizzy/ros_ws/install/turtlesim/share/ament_index/resource_index/packages/turtlesim
[11.223s] -- Up-to-date: /home/jizzy/ros_ws/install/turtlesim/share/turtlesim/cmake/export_turtlesim__rosidl_generator_cExport.cmake
[11.224s] -- Up-to-date: /home/jizzy/ros_ws/install/turtlesim/share/turtlesim/cmake/export_turtlesim__rosidl_generator_cExport-noconfig.cmake
[11.232s] -- Up-to-date: /home/jizzy/ros_ws/install/turtlesim/share/turtlesim/cmake/export_turtlesim__rosidl_typesupport_fastrtps_cExport.cmake
[11.232s] -- Up-to-date: /home/jizzy/ros_ws/install/turtlesim/share/turtlesim/cmake/export_turtlesim__rosidl_typesupport_fastrtps_cExport-noconfig.cmake
[11.237s] -- Up-to-date: /home/jizzy/ros_ws/install/turtlesim/share/turtlesim/cmake/export_turtlesim__rosidl_generator_cppExport.cmake
[11.238s] -- Up-to-date: /home/jizzy/ros_ws/install/turtlesim/share/turtlesim/cmake/export_turtlesim__rosidl_typesupport_fastrtps_cppExport.cmake
[11.238s] -- Up-to-date: /home/jizzy/ros_ws/install/turtlesim/share/turtlesim/cmake/export_turtlesim__rosidl_typesupport_fastrtps_cppExport-noconfig.cmake
[11.245s] -- Up-to-date: /home/jizzy/ros_ws/install/turtlesim/share/turtlesim/cmake/turtlesim__rosidl_typesupport_introspection_cExport.cmake
[11.246s] -- Up-to-date: /home/jizzy/ros_ws/install/turtlesim/share/turtlesim/cmake/turtlesim__rosidl_typesupport_introspection_cExport-noconfig.cmake
[11.246s] -- Up-to-date: /home/jizzy/ros_ws/install/turtlesim/share/turtlesim/cmake/turtlesim__rosidl_typesupport_cExport.cmake
[11.246s] -- Up-to-date: /home/jizzy/ros_ws/install/turtlesim/share/turtlesim/cmake/turtlesim__rosidl_typesupport_cExport-noconfig.cmake
[11.252s] -- Up-to-date: /home/jizzy/ros_ws/install/turtlesim/share/turtlesim/cmake/turtlesim__rosidl_typesupport_introspection_cppExport.cmake
[11.253s] -- Up-to-date: /home/jizzy/ros_ws/install/turtlesim/share/turtlesim/cmake/turtlesim__rosidl_typesupport_introspection_cppExport-noconfig.cmake
[11.253s] -- Up-to-date: /home/jizzy/ros_ws/install/turtlesim/share/turtlesim/cmake/turtlesim__rosidl_typesupport_cppExport.cmake
[11.258s] -- Up-to-date: /home/jizzy/ros_ws/install/turtlesim/share/turtlesim/cmake/turtlesim__rosidl_typesupport_cppExport-noconfig.cmake
[11.259s] -- Up-to-date: /home/jizzy/ros_ws/install/turtlesim/share/turtlesim/cmake/export_turtlesim__rosidl_generator_pyExport.cmake
[11.267s] -- Up-to-date: /home/jizzy/ros_ws/install/turtlesim/share/turtlesim/cmake/export_turtlesim__rosidl_generator_pyExport-noconfig.cmake
[11.293s] -- Up-to-date: /home/jizzy/ros_ws/install/turtlesim/share/turtlesim/cmake/rosidl_cmake-extras.cmake
[11.294s] -- Up-to-date: /home/jizzy/ros_ws/install/turtlesim/share/turtlesim/cmake/ament_cmake_export_dependencies-extras.cmake
[11.294s] -- Up-to-date: /home/jizzy/ros_ws/install/turtlesim/share/turtlesim/cmake/ament_cmake_export_include_directories-extras.cmake
[11.295s] -- Up-to-date: /home/jizzy/ros_ws/install/turtlesim/share/turtlesim/cmake/ament_cmake_export_libraries-extras.cmake
[11.295s] -- Up-to-date: /home/jizzy/ros_ws/install/turtlesim/share/turtlesim/cmake/ament_cmake_export_targets-extras.cmake
[11.296s] -- Up-to-date: /home/jizzy/ros_ws/install/turtlesim/share/turtlesim/cmake/rosidl_cmake_export_typesupport_targets-extras.cmake
[11.300s] -- Up-to-date: /home/jizzy/ros_ws/install/turtlesim/share/turtlesim/cmake/rosidl_cmake_export_typesupport_libraries-extras.cmake
[11.301s] -- Up-to-date: /home/jizzy/ros_ws/install/turtlesim/share/turtlesim/cmake/turtlesimConfig.cmake
[11.301s] -- Up-to-date: /home/jizzy/ros_ws/install/turtlesim/share/turtlesim/cmake/turtlesimConfig-version.cmake
[11.304s] -- Up-to-date: /home/jizzy/ros_ws/install/turtlesim/share/turtlesim/package.xml
[11.307s] Invoked command in '/home/jizzy/ros_ws/build/turtlesim' returned '0': CMAKE_PREFIX_PATH=${CMAKE_PREFIX_PATH}:/home/jizzy/ros_ws/install/my_package:/opt/ros/jazzy DEBUGINFOD_URLS=https://debuginfod.ubuntu.com /usr/bin/cmake --install /home/jizzy/ros_ws/build/turtlesim
