[1.327s] Invoking command in '/home/jizzy/ros_ws/build/turtlesim': CMAKE_PREFIX_PATH=${CMAKE_PREFIX_PATH}:/home/jizzy/ros_ws/install/my_package:/opt/ros/jazzy DEBUGINFOD_URLS=https://debuginfod.ubuntu.com /usr/bin/cmake --build /home/jizzy/ros_ws/build/turtlesim -- -j2 -l2
[1.703s] [  0%] Built target turtlesim__rosidl_generator_type_description
[1.916s] [  0%] Built target ament_cmake_python_copy_turtlesim
[2.026s] [  1%] Built target turtlesim__cpp
[2.157s] [ 24%] Built target turtlesim__rosidl_generator_c
[3.425s] running egg_info
[3.551s] writing turtlesim.egg-info/PKG-INFO
[3.557s] writing dependency_links to turtlesim.egg-info/dependency_links.txt
[3.558s] writing top-level names to turtlesim.egg-info/top_level.txt
[3.931s] reading manifest file 'turtlesim.egg-info/SOURCES.txt'
[3.940s] writing manifest file 'turtlesim.egg-info/SOURCES.txt'
[4.107s] [ 24%] Built target ament_cmake_python_build_turtlesim_egg
[4.225s] [ 33%] Built target turtlesim__rosidl_typesupport_cpp
[4.359s] [ 41%] Built target turtlesim__rosidl_typesupport_fastrtps_c
[4.489s] [ 50%] Built target turtlesim__rosidl_typesupport_fastrtps_cpp
[4.622s] [ 59%] Built target turtlesim__rosidl_typesupport_introspection_c
[4.805s] [ 68%] Built target turtlesim__rosidl_typesupport_c
[4.941s] [ 76%] Built target turtlesim__rosidl_typesupport_introspection_cpp
[5.201s] [ 81%] Built target turtlesim_node
[5.337s] [ 83%] Built target turtle_teleop_key
[5.469s] [ 84%] Built target draw_square
[5.602s] [ 86%] Built target mimic
[5.699s] [ 86%] Built target turtlesim
[5.803s] [ 86%] Built target turtlesim__py
[6.034s] [ 94%] Built target turtlesim__rosidl_generator_py
[6.144s] [ 96%] Built target turtlesim_s__rosidl_typesupport_fastrtps_c
[6.257s] [ 98%] Built target turtlesim_s__rosidl_typesupport_introspection_c
[6.365s] [100%] Built target turtlesim_s__rosidl_typesupport_c
[6.450s] Invoked command in '/home/jizzy/ros_ws/build/turtlesim' returned '0': CMAKE_PREFIX_PATH=${CMAKE_PREFIX_PATH}:/home/jizzy/ros_ws/install/my_package:/opt/ros/jazzy DEBUGINFOD_URLS=https://debuginfod.ubuntu.com /usr/bin/cmake --build /home/jizzy/ros_ws/build/turtlesim -- -j2 -l2
[7.830s] Invoking command in '/home/jizzy/ros_ws/build/turtlesim': CMAKE_PREFIX_PATH=${CMAKE_PREFIX_PATH}:/home/jizzy/ros_ws/install/my_package:/opt/ros/jazzy DEBUGINFOD_URLS=https://debuginfod.ubuntu.com /usr/bin/cmake --install /home/jizzy/ros_ws/build/turtlesim
[7.880s] -- Install configuration: ""
[7.881s] -- Up-to-date: /home/jizzy/ros_ws/install/turtlesim/share/ament_index/resource_index/rosidl_interfaces/turtlesim
[7.882s] -- Up-to-date: /home/jizzy/ros_ws/install/turtlesim/share/turtlesim/action/RotateAbsolute.json
[7.883s] -- Up-to-date: /home/jizzy/ros_ws/install/turtlesim/share/turtlesim/msg/Color.json
[7.884s] -- Up-to-date: /home/jizzy/ros_ws/install/turtlesim/share/turtlesim/msg/Pose.json
[7.885s] -- Up-to-date: /home/jizzy/ros_ws/install/turtlesim/share/turtlesim/srv/Kill.json
[7.887s] -- Up-to-date: /home/jizzy/ros_ws/install/turtlesim/share/turtlesim/srv/SetPen.json
[7.888s] -- Up-to-date: /home/jizzy/ros_ws/install/turtlesim/share/turtlesim/srv/Spawn.json
[7.889s] -- Up-to-date: /home/jizzy/ros_ws/install/turtlesim/share/turtlesim/srv/TeleportAbsolute.json
[7.890s] -- Up-to-date: /home/jizzy/ros_ws/install/turtlesim/share/turtlesim/srv/TeleportRelative.json
[7.891s] -- Up-to-date: /home/jizzy/ros_ws/install/turtlesim/include/turtlesim/turtlesim
[7.892s] -- Up-to-date: /home/jizzy/ros_ws/install/turtlesim/include/turtlesim/turtlesim/action
[7.893s] -- Up-to-date: /home/jizzy/ros_ws/install/turtlesim/include/turtlesim/turtlesim/action/detail
[7.895s] -- Up-to-date: /home/jizzy/ros_ws/install/turtlesim/include/turtlesim/turtlesim/action/detail/rotate_absolute__type_support.h
[7.895s] -- Installing: /home/jizzy/ros_ws/install/turtlesim/include/turtlesim/turtlesim/action/detail/rotate_absolute__type_support.c
[7.898s] -- Up-to-date: /home/jizzy/ros_ws/install/turtlesim/include/turtlesim/turtlesim/action/detail/rotate_absolute__description.c
[7.903s] -- Up-to-date: /home/jizzy/ros_ws/install/turtlesim/include/turtlesim/turtlesim/action/detail/rotate_absolute__struct.h
[7.906s] -- Up-to-date: /home/jizzy/ros_ws/install/turtlesim/include/turtlesim/turtlesim/action/detail/rotate_absolute__functions.c
[7.907s] -- Up-to-date: /home/jizzy/ros_ws/install/turtlesim/include/turtlesim/turtlesim/action/detail/rotate_absolute__functions.h
[7.907s] -- Up-to-date: /home/jizzy/ros_ws/install/turtlesim/include/turtlesim/turtlesim/action/rotate_absolute.h
[7.911s] -- Up-to-date: /home/jizzy/ros_ws/install/turtlesim/include/turtlesim/turtlesim/msg
[7.912s] -- Up-to-date: /home/jizzy/ros_ws/install/turtlesim/include/turtlesim/turtlesim/msg/detail
[7.913s] -- Up-to-date: /home/jizzy/ros_ws/install/turtlesim/include/turtlesim/turtlesim/msg/detail/color__functions.c
[7.913s] -- Up-to-date: /home/jizzy/ros_ws/install/turtlesim/include/turtlesim/turtlesim/msg/detail/pose__type_support.h
[7.924s] -- Installing: /home/jizzy/ros_ws/install/turtlesim/include/turtlesim/turtlesim/msg/detail/pose__type_support.c
[7.924s] -- Up-to-date: /home/jizzy/ros_ws/install/turtlesim/include/turtlesim/turtlesim/msg/detail/pose__functions.c
[7.937s] -- Up-to-date: /home/jizzy/ros_ws/install/turtlesim/include/turtlesim/turtlesim/msg/detail/color__type_support.h
[7.938s] -- Up-to-date: /home/jizzy/ros_ws/install/turtlesim/include/turtlesim/turtlesim/msg/detail/color__description.c
[7.938s] -- Installing: /home/jizzy/ros_ws/install/turtlesim/include/turtlesim/turtlesim/msg/detail/color__type_support.c
[7.943s] -- Up-to-date: /home/jizzy/ros_ws/install/turtlesim/include/turtlesim/turtlesim/msg/detail/pose__struct.h
[7.943s] -- Up-to-date: /home/jizzy/ros_ws/install/turtlesim/include/turtlesim/turtlesim/msg/detail/color__functions.h
[7.946s] -- Up-to-date: /home/jizzy/ros_ws/install/turtlesim/include/turtlesim/turtlesim/msg/detail/pose__description.c
[7.946s] -- Up-to-date: /home/jizzy/ros_ws/install/turtlesim/include/turtlesim/turtlesim/msg/detail/color__struct.h
[7.947s] -- Up-to-date: /home/jizzy/ros_ws/install/turtlesim/include/turtlesim/turtlesim/msg/detail/pose__functions.h
[7.956s] -- Up-to-date: /home/jizzy/ros_ws/install/turtlesim/include/turtlesim/turtlesim/msg/color.h
[7.957s] -- Up-to-date: /home/jizzy/ros_ws/install/turtlesim/include/turtlesim/turtlesim/msg/rosidl_generator_c__visibility_control.h
[7.957s] -- Up-to-date: /home/jizzy/ros_ws/install/turtlesim/include/turtlesim/turtlesim/msg/pose.h
[7.965s] -- Up-to-date: /home/jizzy/ros_ws/install/turtlesim/include/turtlesim/turtlesim/srv
[7.965s] -- Up-to-date: /home/jizzy/ros_ws/install/turtlesim/include/turtlesim/turtlesim/srv/teleport_absolute.h
[7.972s] -- Up-to-date: /home/jizzy/ros_ws/install/turtlesim/include/turtlesim/turtlesim/srv/detail
[7.972s] -- Up-to-date: /home/jizzy/ros_ws/install/turtlesim/include/turtlesim/turtlesim/srv/detail/set_pen__type_support.h
[7.975s] -- Up-to-date: /home/jizzy/ros_ws/install/turtlesim/include/turtlesim/turtlesim/srv/detail/kill__functions.c
[7.976s] -- Up-to-date: /home/jizzy/ros_ws/install/turtlesim/include/turtlesim/turtlesim/srv/detail/spawn__functions.h
[7.976s] -- Up-to-date: /home/jizzy/ros_ws/install/turtlesim/include/turtlesim/turtlesim/srv/detail/teleport_absolute__functions.h
[7.982s] -- Up-to-date: /home/jizzy/ros_ws/install/turtlesim/include/turtlesim/turtlesim/srv/detail/kill__struct.h
[7.982s] -- Installing: /home/jizzy/ros_ws/install/turtlesim/include/turtlesim/turtlesim/srv/detail/spawn__type_support.c
[7.983s] -- Up-to-date: /home/jizzy/ros_ws/install/turtlesim/include/turtlesim/turtlesim/srv/detail/teleport_relative__functions.c
[7.983s] -- Up-to-date: /home/jizzy/ros_ws/install/turtlesim/include/turtlesim/turtlesim/srv/detail/spawn__struct.h
[7.988s] -- Installing: /home/jizzy/ros_ws/install/turtlesim/include/turtlesim/turtlesim/srv/detail/teleport_absolute__type_support.c
[7.988s] -- Up-to-date: /home/jizzy/ros_ws/install/turtlesim/include/turtlesim/turtlesim/srv/detail/teleport_relative__description.c
[7.989s] -- Installing: /home/jizzy/ros_ws/install/turtlesim/include/turtlesim/turtlesim/srv/detail/kill__type_support.c
[7.989s] -- Up-to-date: /home/jizzy/ros_ws/install/turtlesim/include/turtlesim/turtlesim/srv/detail/teleport_relative__type_support.h
[7.995s] -- Up-to-date: /home/jizzy/ros_ws/install/turtlesim/include/turtlesim/turtlesim/srv/detail/kill__type_support.h
[7.996s] -- Up-to-date: /home/jizzy/ros_ws/install/turtlesim/include/turtlesim/turtlesim/srv/detail/teleport_absolute__description.c
[7.996s] -- Up-to-date: /home/jizzy/ros_ws/install/turtlesim/include/turtlesim/turtlesim/srv/detail/set_pen__functions.h
[8.001s] -- Up-to-date: /home/jizzy/ros_ws/install/turtlesim/include/turtlesim/turtlesim/srv/detail/spawn__functions.c
[8.003s] -- Up-to-date: /home/jizzy/ros_ws/install/turtlesim/include/turtlesim/turtlesim/srv/detail/set_pen__description.c
[8.009s] -- Up-to-date: /home/jizzy/ros_ws/install/turtlesim/include/turtlesim/turtlesim/srv/detail/spawn__description.c
[8.010s] -- Up-to-date: /home/jizzy/ros_ws/install/turtlesim/include/turtlesim/turtlesim/srv/detail/kill__description.c
[8.010s] -- Up-to-date: /home/jizzy/ros_ws/install/turtlesim/include/turtlesim/turtlesim/srv/detail/teleport_absolute__type_support.h
[8.023s] -- Up-to-date: /home/jizzy/ros_ws/install/turtlesim/include/turtlesim/turtlesim/srv/detail/teleport_relative__functions.h
[8.023s] -- Up-to-date: /home/jizzy/ros_ws/install/turtlesim/include/turtlesim/turtlesim/srv/detail/set_pen__functions.c
[8.024s] -- Up-to-date: /home/jizzy/ros_ws/install/turtlesim/include/turtlesim/turtlesim/srv/detail/teleport_absolute__struct.h
[8.024s] -- Up-to-date: /home/jizzy/ros_ws/install/turtlesim/include/turtlesim/turtlesim/srv/detail/kill__functions.h
[8.033s] -- Installing: /home/jizzy/ros_ws/install/turtlesim/include/turtlesim/turtlesim/srv/detail/set_pen__type_support.c
[8.034s] -- Up-to-date: /home/jizzy/ros_ws/install/turtlesim/include/turtlesim/turtlesim/srv/detail/teleport_relative__struct.h
[8.034s] -- Installing: /home/jizzy/ros_ws/install/turtlesim/include/turtlesim/turtlesim/srv/detail/teleport_relative__type_support.c
[8.040s] -- Up-to-date: /home/jizzy/ros_ws/install/turtlesim/include/turtlesim/turtlesim/srv/detail/spawn__type_support.h
[8.040s] -- Up-to-date: /home/jizzy/ros_ws/install/turtlesim/include/turtlesim/turtlesim/srv/detail/teleport_absolute__functions.c
[8.041s] -- Up-to-date: /home/jizzy/ros_ws/install/turtlesim/include/turtlesim/turtlesim/srv/detail/set_pen__struct.h
[8.041s] -- Up-to-date: /home/jizzy/ros_ws/install/turtlesim/include/turtlesim/turtlesim/srv/set_pen.h
[8.046s] -- Up-to-date: /home/jizzy/ros_ws/install/turtlesim/include/turtlesim/turtlesim/srv/teleport_relative.h
[8.047s] -- Up-to-date: /home/jizzy/ros_ws/install/turtlesim/include/turtlesim/turtlesim/srv/spawn.h
[8.047s] -- Up-to-date: /home/jizzy/ros_ws/install/turtlesim/include/turtlesim/turtlesim/srv/kill.h
[8.052s] -- Up-to-date: /home/jizzy/ros_ws/install/turtlesim/share/turtlesim/environment/library_path.sh
[8.052s] -- Up-to-date: /home/jizzy/ros_ws/install/turtlesim/share/turtlesim/environment/library_path.dsv
[8.053s] -- Up-to-date: /home/jizzy/ros_ws/install/turtlesim/lib/libturtlesim__rosidl_generator_c.so
[8.053s] -- Up-to-date: /home/jizzy/ros_ws/install/turtlesim/include/turtlesim/turtlesim
[8.058s] -- Up-to-date: /home/jizzy/ros_ws/install/turtlesim/include/turtlesim/turtlesim/action
[8.058s] -- Up-to-date: /home/jizzy/ros_ws/install/turtlesim/include/turtlesim/turtlesim/action/detail
[8.059s] -- Up-to-date: /home/jizzy/ros_ws/install/turtlesim/include/turtlesim/turtlesim/action/detail/rotate_absolute__rosidl_typesupport_fastrtps_c.h
[8.059s] -- Up-to-date: /home/jizzy/ros_ws/install/turtlesim/include/turtlesim/turtlesim/msg
[8.064s] -- Up-to-date: /home/jizzy/ros_ws/install/turtlesim/include/turtlesim/turtlesim/msg/detail
[8.065s] -- Up-to-date: /home/jizzy/ros_ws/install/turtlesim/include/turtlesim/turtlesim/msg/detail/pose__rosidl_typesupport_fastrtps_c.h
[8.065s] -- Up-to-date: /home/jizzy/ros_ws/install/turtlesim/include/turtlesim/turtlesim/msg/detail/color__rosidl_typesupport_fastrtps_c.h
[8.068s] -- Up-to-date: /home/jizzy/ros_ws/install/turtlesim/include/turtlesim/turtlesim/msg/rosidl_typesupport_fastrtps_c__visibility_control.h
[8.068s] -- Up-to-date: /home/jizzy/ros_ws/install/turtlesim/include/turtlesim/turtlesim/srv
[8.069s] -- Up-to-date: /home/jizzy/ros_ws/install/turtlesim/include/turtlesim/turtlesim/srv/detail
[8.069s] -- Up-to-date: /home/jizzy/ros_ws/install/turtlesim/include/turtlesim/turtlesim/srv/detail/spawn__rosidl_typesupport_fastrtps_c.h
[8.074s] -- Up-to-date: /home/jizzy/ros_ws/install/turtlesim/include/turtlesim/turtlesim/srv/detail/kill__rosidl_typesupport_fastrtps_c.h
[8.075s] -- Up-to-date: /home/jizzy/ros_ws/install/turtlesim/include/turtlesim/turtlesim/srv/detail/teleport_absolute__rosidl_typesupport_fastrtps_c.h
[8.075s] -- Up-to-date: /home/jizzy/ros_ws/install/turtlesim/include/turtlesim/turtlesim/srv/detail/teleport_relative__rosidl_typesupport_fastrtps_c.h
[8.075s] -- Up-to-date: /home/jizzy/ros_ws/install/turtlesim/include/turtlesim/turtlesim/srv/detail/set_pen__rosidl_typesupport_fastrtps_c.h
[8.078s] -- Up-to-date: /home/jizzy/ros_ws/install/turtlesim/lib/libturtlesim__rosidl_typesupport_fastrtps_c.so
[8.078s] -- Up-to-date: /home/jizzy/ros_ws/install/turtlesim/include/turtlesim/turtlesim
[8.079s] -- Up-to-date: /home/jizzy/ros_ws/install/turtlesim/include/turtlesim/turtlesim/action
[8.079s] -- Up-to-date: /home/jizzy/ros_ws/install/turtlesim/include/turtlesim/turtlesim/action/detail
[8.084s] -- Up-to-date: /home/jizzy/ros_ws/install/turtlesim/include/turtlesim/turtlesim/action/detail/rotate_absolute__struct.hpp
[8.087s] -- Up-to-date: /home/jizzy/ros_ws/install/turtlesim/include/turtlesim/turtlesim/action/detail/rotate_absolute__type_support.hpp
[8.087s] -- Up-to-date: /home/jizzy/ros_ws/install/turtlesim/include/turtlesim/turtlesim/action/detail/rotate_absolute__builder.hpp
[8.090s] -- Up-to-date: /home/jizzy/ros_ws/install/turtlesim/include/turtlesim/turtlesim/action/detail/rotate_absolute__traits.hpp
[8.090s] -- Up-to-date: /home/jizzy/ros_ws/install/turtlesim/include/turtlesim/turtlesim/action/rotate_absolute.hpp
[8.091s] -- Up-to-date: /home/jizzy/ros_ws/install/turtlesim/include/turtlesim/turtlesim/msg
[8.091s] -- Up-to-date: /home/jizzy/ros_ws/install/turtlesim/include/turtlesim/turtlesim/msg/detail
[8.096s] -- Up-to-date: /home/jizzy/ros_ws/install/turtlesim/include/turtlesim/turtlesim/msg/detail/color__traits.hpp
[8.096s] -- Up-to-date: /home/jizzy/ros_ws/install/turtlesim/include/turtlesim/turtlesim/msg/detail/color__struct.hpp
[8.097s] -- Up-to-date: /home/jizzy/ros_ws/install/turtlesim/include/turtlesim/turtlesim/msg/detail/color__builder.hpp
[8.097s] -- Up-to-date: /home/jizzy/ros_ws/install/turtlesim/include/turtlesim/turtlesim/msg/detail/color__type_support.hpp
[8.102s] -- Up-to-date: /home/jizzy/ros_ws/install/turtlesim/include/turtlesim/turtlesim/msg/detail/pose__type_support.hpp
[8.105s] -- Up-to-date: /home/jizzy/ros_ws/install/turtlesim/include/turtlesim/turtlesim/msg/detail/pose__traits.hpp
[8.108s] -- Up-to-date: /home/jizzy/ros_ws/install/turtlesim/include/turtlesim/turtlesim/msg/detail/pose__builder.hpp
[8.108s] -- Up-to-date: /home/jizzy/ros_ws/install/turtlesim/include/turtlesim/turtlesim/msg/detail/pose__struct.hpp
[8.109s] -- Up-to-date: /home/jizzy/ros_ws/install/turtlesim/include/turtlesim/turtlesim/msg/rosidl_generator_cpp__visibility_control.hpp
[8.109s] -- Up-to-date: /home/jizzy/ros_ws/install/turtlesim/include/turtlesim/turtlesim/msg/color.hpp
[8.114s] -- Up-to-date: /home/jizzy/ros_ws/install/turtlesim/include/turtlesim/turtlesim/msg/pose.hpp
[8.114s] -- Up-to-date: /home/jizzy/ros_ws/install/turtlesim/include/turtlesim/turtlesim/srv
[8.115s] -- Up-to-date: /home/jizzy/ros_ws/install/turtlesim/include/turtlesim/turtlesim/srv/detail
[8.115s] -- Up-to-date: /home/jizzy/ros_ws/install/turtlesim/include/turtlesim/turtlesim/srv/detail/kill__builder.hpp
[8.126s] -- Up-to-date: /home/jizzy/ros_ws/install/turtlesim/include/turtlesim/turtlesim/srv/detail/teleport_relative__builder.hpp
[8.127s] -- Up-to-date: /home/jizzy/ros_ws/install/turtlesim/include/turtlesim/turtlesim/srv/detail/teleport_absolute__struct.hpp
[8.127s] -- Up-to-date: /home/jizzy/ros_ws/install/turtlesim/include/turtlesim/turtlesim/srv/detail/teleport_absolute__type_support.hpp
[8.134s] -- Up-to-date: /home/jizzy/ros_ws/install/turtlesim/include/turtlesim/turtlesim/srv/detail/spawn__struct.hpp
[8.134s] -- Up-to-date: /home/jizzy/ros_ws/install/turtlesim/include/turtlesim/turtlesim/srv/detail/kill__struct.hpp
[8.135s] -- Up-to-date: /home/jizzy/ros_ws/install/turtlesim/include/turtlesim/turtlesim/srv/detail/set_pen__type_support.hpp
[8.135s] -- Up-to-date: /home/jizzy/ros_ws/install/turtlesim/include/turtlesim/turtlesim/srv/detail/kill__traits.hpp
[8.140s] -- Up-to-date: /home/jizzy/ros_ws/install/turtlesim/include/turtlesim/turtlesim/srv/detail/teleport_absolute__traits.hpp
[8.140s] -- Up-to-date: /home/jizzy/ros_ws/install/turtlesim/include/turtlesim/turtlesim/srv/detail/spawn__traits.hpp
[8.141s] -- Up-to-date: /home/jizzy/ros_ws/install/turtlesim/include/turtlesim/turtlesim/srv/detail/teleport_relative__struct.hpp
[8.141s] -- Up-to-date: /home/jizzy/ros_ws/install/turtlesim/include/turtlesim/turtlesim/srv/detail/set_pen__traits.hpp
[8.150s] -- Up-to-date: /home/jizzy/ros_ws/install/turtlesim/include/turtlesim/turtlesim/srv/detail/kill__type_support.hpp
[8.151s] -- Up-to-date: /home/jizzy/ros_ws/install/turtlesim/include/turtlesim/turtlesim/srv/detail/teleport_relative__traits.hpp
[8.151s] -- Up-to-date: /home/jizzy/ros_ws/install/turtlesim/include/turtlesim/turtlesim/srv/detail/set_pen__struct.hpp
[8.159s] -- Up-to-date: /home/jizzy/ros_ws/install/turtlesim/include/turtlesim/turtlesim/srv/detail/teleport_absolute__builder.hpp
[8.159s] -- Up-to-date: /home/jizzy/ros_ws/install/turtlesim/include/turtlesim/turtlesim/srv/detail/spawn__type_support.hpp
[8.160s] -- Up-to-date: /home/jizzy/ros_ws/install/turtlesim/include/turtlesim/turtlesim/srv/detail/teleport_relative__type_support.hpp
[8.160s] -- Up-to-date: /home/jizzy/ros_ws/install/turtlesim/include/turtlesim/turtlesim/srv/detail/spawn__builder.hpp
[8.167s] -- Up-to-date: /home/jizzy/ros_ws/install/turtlesim/include/turtlesim/turtlesim/srv/detail/set_pen__builder.hpp
[8.168s] -- Up-to-date: /home/jizzy/ros_ws/install/turtlesim/include/turtlesim/turtlesim/srv/spawn.hpp
[8.168s] -- Up-to-date: /home/jizzy/ros_ws/install/turtlesim/include/turtlesim/turtlesim/srv/teleport_relative.hpp
[8.173s] -- Up-to-date: /home/jizzy/ros_ws/install/turtlesim/include/turtlesim/turtlesim/srv/teleport_absolute.hpp
[8.173s] -- Up-to-date: /home/jizzy/ros_ws/install/turtlesim/include/turtlesim/turtlesim/srv/kill.hpp
[8.174s] -- Up-to-date: /home/jizzy/ros_ws/install/turtlesim/include/turtlesim/turtlesim/srv/set_pen.hpp
[8.174s] -- Up-to-date: /home/jizzy/ros_ws/install/turtlesim/include/turtlesim/turtlesim
[8.179s] -- Up-to-date: /home/jizzy/ros_ws/install/turtlesim/include/turtlesim/turtlesim/action
[8.179s] -- Up-to-date: /home/jizzy/ros_ws/install/turtlesim/include/turtlesim/turtlesim/action/detail
[8.180s] -- Up-to-date: /home/jizzy/ros_ws/install/turtlesim/include/turtlesim/turtlesim/action/detail/rotate_absolute__rosidl_typesupport_fastrtps_cpp.hpp
[8.180s] -- Up-to-date: /home/jizzy/ros_ws/install/turtlesim/include/turtlesim/turtlesim/action/detail/dds_fastrtps
[8.184s] -- Up-to-date: /home/jizzy/ros_ws/install/turtlesim/include/turtlesim/turtlesim/msg
[8.184s] -- Up-to-date: /home/jizzy/ros_ws/install/turtlesim/include/turtlesim/turtlesim/msg/detail
[8.185s] -- Up-to-date: /home/jizzy/ros_ws/install/turtlesim/include/turtlesim/turtlesim/msg/detail/pose__rosidl_typesupport_fastrtps_cpp.hpp
[8.185s] -- Up-to-date: /home/jizzy/ros_ws/install/turtlesim/include/turtlesim/turtlesim/msg/detail/dds_fastrtps
[8.191s] -- Up-to-date: /home/jizzy/ros_ws/install/turtlesim/include/turtlesim/turtlesim/msg/detail/color__rosidl_typesupport_fastrtps_cpp.hpp
[8.191s] -- Up-to-date: /home/jizzy/ros_ws/install/turtlesim/include/turtlesim/turtlesim/msg/rosidl_typesupport_fastrtps_cpp__visibility_control.h
[8.192s] -- Up-to-date: /home/jizzy/ros_ws/install/turtlesim/include/turtlesim/turtlesim/srv
[8.192s] -- Up-to-date: /home/jizzy/ros_ws/install/turtlesim/include/turtlesim/turtlesim/srv/detail
[8.195s] -- Up-to-date: /home/jizzy/ros_ws/install/turtlesim/include/turtlesim/turtlesim/srv/detail/kill__rosidl_typesupport_fastrtps_cpp.hpp
[8.195s] -- Up-to-date: /home/jizzy/ros_ws/install/turtlesim/include/turtlesim/turtlesim/srv/detail/spawn__rosidl_typesupport_fastrtps_cpp.hpp
[8.196s] -- Up-to-date: /home/jizzy/ros_ws/install/turtlesim/include/turtlesim/turtlesim/srv/detail/set_pen__rosidl_typesupport_fastrtps_cpp.hpp
[8.196s] -- Up-to-date: /home/jizzy/ros_ws/install/turtlesim/include/turtlesim/turtlesim/srv/detail/teleport_absolute__rosidl_typesupport_fastrtps_cpp.hpp
[8.203s] -- Up-to-date: /home/jizzy/ros_ws/install/turtlesim/include/turtlesim/turtlesim/srv/detail/dds_fastrtps
[8.206s] -- Up-to-date: /home/jizzy/ros_ws/install/turtlesim/include/turtlesim/turtlesim/srv/detail/teleport_relative__rosidl_typesupport_fastrtps_cpp.hpp
[8.211s] -- Up-to-date: /home/jizzy/ros_ws/install/turtlesim/lib/libturtlesim__rosidl_typesupport_fastrtps_cpp.so
[8.211s] -- Up-to-date: /home/jizzy/ros_ws/install/turtlesim/include/turtlesim/turtlesim
[8.212s] -- Up-to-date: /home/jizzy/ros_ws/install/turtlesim/include/turtlesim/turtlesim/action
[8.212s] -- Up-to-date: /home/jizzy/ros_ws/install/turtlesim/include/turtlesim/turtlesim/action/detail
[8.217s] -- Installing: /home/jizzy/ros_ws/install/turtlesim/include/turtlesim/turtlesim/action/detail/rotate_absolute__type_support.c
[8.217s] -- Up-to-date: /home/jizzy/ros_ws/install/turtlesim/include/turtlesim/turtlesim/action/detail/rotate_absolute__rosidl_typesupport_introspection_c.h
[8.218s] -- Up-to-date: /home/jizzy/ros_ws/install/turtlesim/include/turtlesim/turtlesim/msg
[8.218s] -- Up-to-date: /home/jizzy/ros_ws/install/turtlesim/include/turtlesim/turtlesim/msg/detail
[8.230s] -- Up-to-date: /home/jizzy/ros_ws/install/turtlesim/include/turtlesim/turtlesim/msg/detail/color__rosidl_typesupport_introspection_c.h
[8.231s] -- Installing: /home/jizzy/ros_ws/install/turtlesim/include/turtlesim/turtlesim/msg/detail/pose__type_support.c
[8.237s] -- Installing: /home/jizzy/ros_ws/install/turtlesim/include/turtlesim/turtlesim/msg/detail/color__type_support.c
[8.237s] -- Up-to-date: /home/jizzy/ros_ws/install/turtlesim/include/turtlesim/turtlesim/msg/detail/pose__rosidl_typesupport_introspection_c.h
[8.238s] -- Up-to-date: /home/jizzy/ros_ws/install/turtlesim/include/turtlesim/turtlesim/msg/rosidl_typesupport_introspection_c__visibility_control.h
[8.238s] -- Up-to-date: /home/jizzy/ros_ws/install/turtlesim/include/turtlesim/turtlesim/srv
[8.240s] -- Up-to-date: /home/jizzy/ros_ws/install/turtlesim/include/turtlesim/turtlesim/srv/detail
[8.240s] -- Installing: /home/jizzy/ros_ws/install/turtlesim/include/turtlesim/turtlesim/srv/detail/spawn__type_support.c
[8.241s] -- Up-to-date: /home/jizzy/ros_ws/install/turtlesim/include/turtlesim/turtlesim/srv/detail/teleport_relative__rosidl_typesupport_introspection_c.h
[8.241s] -- Installing: /home/jizzy/ros_ws/install/turtlesim/include/turtlesim/turtlesim/srv/detail/teleport_absolute__type_support.c
[8.245s] -- Installing: /home/jizzy/ros_ws/install/turtlesim/include/turtlesim/turtlesim/srv/detail/kill__type_support.c
[8.250s] -- Up-to-date: /home/jizzy/ros_ws/install/turtlesim/include/turtlesim/turtlesim/srv/detail/spawn__rosidl_typesupport_introspection_c.h
[8.252s] -- Up-to-date: /home/jizzy/ros_ws/install/turtlesim/include/turtlesim/turtlesim/srv/detail/teleport_absolute__rosidl_typesupport_introspection_c.h
[8.257s] -- Installing: /home/jizzy/ros_ws/install/turtlesim/include/turtlesim/turtlesim/srv/detail/set_pen__type_support.c
[8.257s] -- Up-to-date: /home/jizzy/ros_ws/install/turtlesim/include/turtlesim/turtlesim/srv/detail/kill__rosidl_typesupport_introspection_c.h
[8.258s] -- Installing: /home/jizzy/ros_ws/install/turtlesim/include/turtlesim/turtlesim/srv/detail/teleport_relative__type_support.c
[8.258s] -- Up-to-date: /home/jizzy/ros_ws/install/turtlesim/include/turtlesim/turtlesim/srv/detail/set_pen__rosidl_typesupport_introspection_c.h
[8.263s] -- Up-to-date: /home/jizzy/ros_ws/install/turtlesim/lib/libturtlesim__rosidl_typesupport_introspection_c.so
[8.263s] -- Up-to-date: /home/jizzy/ros_ws/install/turtlesim/lib/libturtlesim__rosidl_typesupport_c.so
[8.264s] -- Up-to-date: /home/jizzy/ros_ws/install/turtlesim/include/turtlesim/turtlesim
[8.264s] -- Up-to-date: /home/jizzy/ros_ws/install/turtlesim/include/turtlesim/turtlesim/action
[8.269s] -- Up-to-date: /home/jizzy/ros_ws/install/turtlesim/include/turtlesim/turtlesim/action/detail
[8.269s] -- Up-to-date: /home/jizzy/ros_ws/install/turtlesim/include/turtlesim/turtlesim/action/detail/rotate_absolute__type_support.cpp
[8.270s] -- Up-to-date: /home/jizzy/ros_ws/install/turtlesim/include/turtlesim/turtlesim/action/detail/rotate_absolute__rosidl_typesupport_introspection_cpp.hpp
[8.280s] -- Up-to-date: /home/jizzy/ros_ws/install/turtlesim/include/turtlesim/turtlesim/msg
[8.283s] -- Up-to-date: /home/jizzy/ros_ws/install/turtlesim/include/turtlesim/turtlesim/msg/detail
[8.288s] -- Up-to-date: /home/jizzy/ros_ws/install/turtlesim/include/turtlesim/turtlesim/msg/detail/pose__rosidl_typesupport_introspection_cpp.hpp
[8.290s] -- Up-to-date: /home/jizzy/ros_ws/install/turtlesim/include/turtlesim/turtlesim/msg/detail/pose__type_support.cpp
[8.290s] -- Up-to-date: /home/jizzy/ros_ws/install/turtlesim/include/turtlesim/turtlesim/msg/detail/color__type_support.cpp
[8.295s] -- Up-to-date: /home/jizzy/ros_ws/install/turtlesim/include/turtlesim/turtlesim/msg/detail/color__rosidl_typesupport_introspection_cpp.hpp
[8.295s] -- Up-to-date: /home/jizzy/ros_ws/install/turtlesim/include/turtlesim/turtlesim/srv
[8.296s] -- Up-to-date: /home/jizzy/ros_ws/install/turtlesim/include/turtlesim/turtlesim/srv/detail
[8.296s] -- Up-to-date: /home/jizzy/ros_ws/install/turtlesim/include/turtlesim/turtlesim/srv/detail/kill__rosidl_typesupport_introspection_cpp.hpp
[8.299s] -- Up-to-date: /home/jizzy/ros_ws/install/turtlesim/include/turtlesim/turtlesim/srv/detail/spawn__rosidl_typesupport_introspection_cpp.hpp
[8.299s] -- Up-to-date: /home/jizzy/ros_ws/install/turtlesim/include/turtlesim/turtlesim/srv/detail/teleport_relative__type_support.cpp
[8.300s] -- Up-to-date: /home/jizzy/ros_ws/install/turtlesim/include/turtlesim/turtlesim/srv/detail/set_pen__rosidl_typesupport_introspection_cpp.hpp
[8.300s] -- Up-to-date: /home/jizzy/ros_ws/install/turtlesim/include/turtlesim/turtlesim/srv/detail/teleport_relative__rosidl_typesupport_introspection_cpp.hpp
[8.303s] -- Up-to-date: /home/jizzy/ros_ws/install/turtlesim/include/turtlesim/turtlesim/srv/detail/spawn__type_support.cpp
[8.303s] -- Up-to-date: /home/jizzy/ros_ws/install/turtlesim/include/turtlesim/turtlesim/srv/detail/set_pen__type_support.cpp
[8.307s] -- Up-to-date: /home/jizzy/ros_ws/install/turtlesim/include/turtlesim/turtlesim/srv/detail/teleport_absolute__type_support.cpp
[8.308s] -- Up-to-date: /home/jizzy/ros_ws/install/turtlesim/include/turtlesim/turtlesim/srv/detail/kill__type_support.cpp
[8.312s] -- Up-to-date: /home/jizzy/ros_ws/install/turtlesim/include/turtlesim/turtlesim/srv/detail/teleport_absolute__rosidl_typesupport_introspection_cpp.hpp
[8.313s] -- Up-to-date: /home/jizzy/ros_ws/install/turtlesim/lib/libturtlesim__rosidl_typesupport_introspection_cpp.so
[8.316s] -- Up-to-date: /home/jizzy/ros_ws/install/turtlesim/lib/libturtlesim__rosidl_typesupport_cpp.so
[8.316s] -- Up-to-date: /home/jizzy/ros_ws/install/turtlesim/share/turtlesim/environment/pythonpath.sh
[8.317s] -- Up-to-date: /home/jizzy/ros_ws/install/turtlesim/share/turtlesim/environment/pythonpath.dsv
[8.317s] -- Up-to-date: /home/jizzy/ros_ws/install/turtlesim/lib/python3.12/site-packages/turtlesim-1.8.3-py3.12.egg-info
[8.320s] -- Installing: /home/jizzy/ros_ws/install/turtlesim/lib/python3.12/site-packages/turtlesim-1.8.3-py3.12.egg-info/top_level.txt
[8.320s] -- Installing: /home/jizzy/ros_ws/install/turtlesim/lib/python3.12/site-packages/turtlesim-1.8.3-py3.12.egg-info/PKG-INFO
[8.324s] -- Installing: /home/jizzy/ros_ws/install/turtlesim/lib/python3.12/site-packages/turtlesim-1.8.3-py3.12.egg-info/SOURCES.txt
[8.324s] -- Installing: /home/jizzy/ros_ws/install/turtlesim/lib/python3.12/site-packages/turtlesim-1.8.3-py3.12.egg-info/dependency_links.txt
[8.325s] -- Up-to-date: /home/jizzy/ros_ws/install/turtlesim/lib/python3.12/site-packages/turtlesim
[8.325s] -- Up-to-date: /home/jizzy/ros_ws/install/turtlesim/lib/python3.12/site-packages/turtlesim/_turtlesim_s.ep.rosidl_typesupport_introspection_c.c
[8.341s] -- Up-to-date: /home/jizzy/ros_ws/install/turtlesim/lib/python3.12/site-packages/turtlesim/action
[8.343s] -- Up-to-date: /home/jizzy/ros_ws/install/turtlesim/lib/python3.12/site-packages/turtlesim/action/__init__.py
[8.343s] -- Up-to-date: /home/jizzy/ros_ws/install/turtlesim/lib/python3.12/site-packages/turtlesim/action/_rotate_absolute.py
[8.344s] -- Up-to-date: /home/jizzy/ros_ws/install/turtlesim/lib/python3.12/site-packages/turtlesim/action/_rotate_absolute_s.c
[8.344s] -- Up-to-date: /home/jizzy/ros_ws/install/turtlesim/lib/python3.12/site-packages/turtlesim/msg
[8.359s] -- Up-to-date: /home/jizzy/ros_ws/install/turtlesim/lib/python3.12/site-packages/turtlesim/msg/_pose.py
[8.359s] -- Up-to-date: /home/jizzy/ros_ws/install/turtlesim/lib/python3.12/site-packages/turtlesim/msg/__init__.py
[8.360s] -- Up-to-date: /home/jizzy/ros_ws/install/turtlesim/lib/python3.12/site-packages/turtlesim/msg/_pose_s.c
[8.360s] -- Up-to-date: /home/jizzy/ros_ws/install/turtlesim/lib/python3.12/site-packages/turtlesim/msg/_color_s.c
[8.380s] -- Up-to-date: /home/jizzy/ros_ws/install/turtlesim/lib/python3.12/site-packages/turtlesim/msg/_color.py
[8.381s] -- Up-to-date: /home/jizzy/ros_ws/install/turtlesim/lib/python3.12/site-packages/turtlesim/_turtlesim_s.ep.rosidl_typesupport_fastrtps_c.c
[8.394s] -- Up-to-date: /home/jizzy/ros_ws/install/turtlesim/lib/python3.12/site-packages/turtlesim/turtlesim_s__rosidl_typesupport_fastrtps_c.so
[8.394s] -- Up-to-date: /home/jizzy/ros_ws/install/turtlesim/lib/python3.12/site-packages/turtlesim/__init__.py
[8.395s] -- Up-to-date: /home/jizzy/ros_ws/install/turtlesim/lib/python3.12/site-packages/turtlesim/srv
[8.395s] -- Up-to-date: /home/jizzy/ros_ws/install/turtlesim/lib/python3.12/site-packages/turtlesim/srv/_teleport_relative.py
[8.408s] -- Up-to-date: /home/jizzy/ros_ws/install/turtlesim/lib/python3.12/site-packages/turtlesim/srv/_kill_s.c
[8.409s] -- Up-to-date: /home/jizzy/ros_ws/install/turtlesim/lib/python3.12/site-packages/turtlesim/srv/_set_pen_s.c
[8.423s] -- Up-to-date: /home/jizzy/ros_ws/install/turtlesim/lib/python3.12/site-packages/turtlesim/srv/_set_pen.py
[8.423s] -- Up-to-date: /home/jizzy/ros_ws/install/turtlesim/lib/python3.12/site-packages/turtlesim/srv/__init__.py
[8.433s] -- Up-to-date: /home/jizzy/ros_ws/install/turtlesim/lib/python3.12/site-packages/turtlesim/srv/_teleport_absolute.py
[8.436s] -- Up-to-date: /home/jizzy/ros_ws/install/turtlesim/lib/python3.12/site-packages/turtlesim/srv/_teleport_absolute_s.c
[8.453s] -- Up-to-date: /home/jizzy/ros_ws/install/turtlesim/lib/python3.12/site-packages/turtlesim/srv/_spawn.py
[8.454s] -- Up-to-date: /home/jizzy/ros_ws/install/turtlesim/lib/python3.12/site-packages/turtlesim/srv/_kill.py
[8.454s] -- Up-to-date: /home/jizzy/ros_ws/install/turtlesim/lib/python3.12/site-packages/turtlesim/srv/_spawn_s.c
[8.458s] -- Up-to-date: /home/jizzy/ros_ws/install/turtlesim/lib/python3.12/site-packages/turtlesim/srv/_teleport_relative_s.c
[8.459s] -- Up-to-date: /home/jizzy/ros_ws/install/turtlesim/lib/python3.12/site-packages/turtlesim/turtlesim_s__rosidl_typesupport_introspection_c.so
[8.459s] -- Up-to-date: /home/jizzy/ros_ws/install/turtlesim/lib/python3.12/site-packages/turtlesim/_turtlesim_s.ep.rosidl_typesupport_c.c
[8.467s] -- Up-to-date: /home/jizzy/ros_ws/install/turtlesim/lib/python3.12/site-packages/turtlesim/turtlesim_s__rosidl_typesupport_c.so
[8.479s] Listing '/home/jizzy/ros_ws/install/turtlesim/lib/python3.12/site-packages/turtlesim'...
[8.483s] Listing '/home/jizzy/ros_ws/install/turtlesim/lib/python3.12/site-packages/turtlesim/action'...
[8.483s] Listing '/home/jizzy/ros_ws/install/turtlesim/lib/python3.12/site-packages/turtlesim/msg'...
[8.484s] Listing '/home/jizzy/ros_ws/install/turtlesim/lib/python3.12/site-packages/turtlesim/srv'...
[8.484s] -- Up-to-date: /home/jizzy/ros_ws/install/turtlesim/lib/python3.12/site-packages/turtlesim/turtlesim_s__rosidl_typesupport_fastrtps_c.so
[8.491s] -- Up-to-date: /home/jizzy/ros_ws/install/turtlesim/lib/python3.12/site-packages/turtlesim/turtlesim_s__rosidl_typesupport_introspection_c.so
[8.492s] -- Up-to-date: /home/jizzy/ros_ws/install/turtlesim/lib/python3.12/site-packages/turtlesim/turtlesim_s__rosidl_typesupport_c.so
[8.492s] -- Up-to-date: /home/jizzy/ros_ws/install/turtlesim/lib/libturtlesim__rosidl_generator_py.so
[8.499s] -- Up-to-date: /home/jizzy/ros_ws/install/turtlesim/share/turtlesim/action/RotateAbsolute.idl
[8.499s] -- Up-to-date: /home/jizzy/ros_ws/install/turtlesim/share/turtlesim/msg/Color.idl
[8.500s] -- Up-to-date: /home/jizzy/ros_ws/install/turtlesim/share/turtlesim/msg/Pose.idl
[8.500s] -- Up-to-date: /home/jizzy/ros_ws/install/turtlesim/share/turtlesim/srv/Kill.idl
[8.506s] -- Up-to-date: /home/jizzy/ros_ws/install/turtlesim/share/turtlesim/srv/SetPen.idl
[8.506s] -- Up-to-date: /home/jizzy/ros_ws/install/turtlesim/share/turtlesim/srv/Spawn.idl
[8.507s] -- Up-to-date: /home/jizzy/ros_ws/install/turtlesim/share/turtlesim/srv/TeleportAbsolute.idl
[8.507s] -- Up-to-date: /home/jizzy/ros_ws/install/turtlesim/share/turtlesim/srv/TeleportRelative.idl
[8.507s] -- Up-to-date: /home/jizzy/ros_ws/install/turtlesim/share/turtlesim/action/RotateAbsolute.action
[8.525s] -- Up-to-date: /home/jizzy/ros_ws/install/turtlesim/share/turtlesim/msg/Color.msg
[8.526s] -- Up-to-date: /home/jizzy/ros_ws/install/turtlesim/share/turtlesim/msg/Pose.msg
[8.527s] -- Up-to-date: /home/jizzy/ros_ws/install/turtlesim/share/turtlesim/srv/Kill.srv
[8.527s] -- Up-to-date: /home/jizzy/ros_ws/install/turtlesim/share/turtlesim/srv/SetPen.srv
[8.527s] -- Up-to-date: /home/jizzy/ros_ws/install/turtlesim/share/turtlesim/srv/Spawn.srv
[8.532s] -- Up-to-date: /home/jizzy/ros_ws/install/turtlesim/share/turtlesim/srv/TeleportAbsolute.srv
[8.557s] -- Up-to-date: /home/jizzy/ros_ws/install/turtlesim/share/turtlesim/srv/TeleportRelative.srv
[8.558s] -- Up-to-date: /home/jizzy/ros_ws/install/turtlesim/lib/turtlesim/turtlesim_node
[8.558s] -- Up-to-date: /home/jizzy/ros_ws/install/turtlesim/lib/turtlesim/turtle_teleop_key
[8.573s] -- Up-to-date: /home/jizzy/ros_ws/install/turtlesim/lib/turtlesim/draw_square
[8.574s] -- Up-to-date: /home/jizzy/ros_ws/install/turtlesim/lib/turtlesim/mimic
[8.583s] -- Up-to-date: /home/jizzy/ros_ws/install/turtlesim/share/turtlesim/images
[8.585s] -- Up-to-date: /home/jizzy/ros_ws/install/turtlesim/share/turtlesim/images/dashing.png
[8.590s] -- Up-to-date: /home/jizzy/ros_ws/install/turtlesim/share/turtlesim/images/crystal.png
[8.590s] -- Up-to-date: /home/jizzy/ros_ws/install/turtlesim/share/turtlesim/images/iron.png
[8.591s] -- Up-to-date: /home/jizzy/ros_ws/install/turtlesim/share/turtlesim/images/eloquent.png
[8.591s] -- Up-to-date: /home/jizzy/ros_ws/install/turtlesim/share/turtlesim/images/jazzy.png
[8.602s] -- Up-to-date: /home/jizzy/ros_ws/install/turtlesim/share/turtlesim/images/galactic.png
[8.602s] -- Up-to-date: /home/jizzy/ros_ws/install/turtlesim/share/turtlesim/images/foxy.png
[8.603s] -- Up-to-date: /home/jizzy/ros_ws/install/turtlesim/share/turtlesim/images/bouncy.png
[8.603s] -- Up-to-date: /home/jizzy/ros_ws/install/turtlesim/share/turtlesim/images/rolling.png
[8.605s] -- Up-to-date: /home/jizzy/ros_ws/install/turtlesim/share/turtlesim/images/humble.png
[8.610s] -- Up-to-date: /home/jizzy/ros_ws/install/turtlesim/share/turtlesim/images/ardent.png
[8.610s] -- Up-to-date: /home/jizzy/ros_ws/install/turtlesim/share/turtlesim/launch
[8.618s] -- Up-to-date: /home/jizzy/ros_ws/install/turtlesim/share/turtlesim/launch/multisim.launch.py
[8.619s] -- Up-to-date: /home/jizzy/ros_ws/install/turtlesim/share/ament_index/resource_index/package_run_dependencies/turtlesim
[8.619s] -- Up-to-date: /home/jizzy/ros_ws/install/turtlesim/share/ament_index/resource_index/parent_prefix_path/turtlesim
[8.628s] -- Up-to-date: /home/jizzy/ros_ws/install/turtlesim/share/turtlesim/environment/ament_prefix_path.sh
[8.629s] -- Up-to-date: /home/jizzy/ros_ws/install/turtlesim/share/turtlesim/environment/ament_prefix_path.dsv
[8.629s] -- Up-to-date: /home/jizzy/ros_ws/install/turtlesim/share/turtlesim/environment/path.sh
[8.644s] -- Up-to-date: /home/jizzy/ros_ws/install/turtlesim/share/turtlesim/environment/path.dsv
[8.648s] -- Up-to-date: /home/jizzy/ros_ws/install/turtlesim/share/turtlesim/local_setup.bash
[8.648s] -- Up-to-date: /home/jizzy/ros_ws/install/turtlesim/share/turtlesim/local_setup.sh
[8.655s] -- Up-to-date: /home/jizzy/ros_ws/install/turtlesim/share/turtlesim/local_setup.zsh
[8.655s] -- Up-to-date: /home/jizzy/ros_ws/install/turtlesim/share/turtlesim/local_setup.dsv
[8.662s] -- Installing: /home/jizzy/ros_ws/install/turtlesim/share/turtlesim/package.dsv
[8.663s] -- Up-to-date: /home/jizzy/ros_ws/install/turtlesim/share/ament_index/resource_index/packages/turtlesim
[8.663s] -- Up-to-date: /home/jizzy/ros_ws/install/turtlesim/share/turtlesim/cmake/export_turtlesim__rosidl_generator_cExport.cmake
[8.669s] -- Up-to-date: /home/jizzy/ros_ws/install/turtlesim/share/turtlesim/cmake/export_turtlesim__rosidl_generator_cExport-noconfig.cmake
[8.670s] -- Up-to-date: /home/jizzy/ros_ws/install/turtlesim/share/turtlesim/cmake/export_turtlesim__rosidl_typesupport_fastrtps_cExport.cmake
[8.670s] -- Up-to-date: /home/jizzy/ros_ws/install/turtlesim/share/turtlesim/cmake/export_turtlesim__rosidl_typesupport_fastrtps_cExport-noconfig.cmake
[8.677s] -- Up-to-date: /home/jizzy/ros_ws/install/turtlesim/share/turtlesim/cmake/export_turtlesim__rosidl_generator_cppExport.cmake
[8.678s] -- Up-to-date: /home/jizzy/ros_ws/install/turtlesim/share/turtlesim/cmake/export_turtlesim__rosidl_typesupport_fastrtps_cppExport.cmake
[8.678s] -- Up-to-date: /home/jizzy/ros_ws/install/turtlesim/share/turtlesim/cmake/export_turtlesim__rosidl_typesupport_fastrtps_cppExport-noconfig.cmake
[8.686s] -- Up-to-date: /home/jizzy/ros_ws/install/turtlesim/share/turtlesim/cmake/turtlesim__rosidl_typesupport_introspection_cExport.cmake
[8.686s] -- Up-to-date: /home/jizzy/ros_ws/install/turtlesim/share/turtlesim/cmake/turtlesim__rosidl_typesupport_introspection_cExport-noconfig.cmake
[8.687s] -- Up-to-date: /home/jizzy/ros_ws/install/turtlesim/share/turtlesim/cmake/turtlesim__rosidl_typesupport_cExport.cmake
[8.687s] -- Up-to-date: /home/jizzy/ros_ws/install/turtlesim/share/turtlesim/cmake/turtlesim__rosidl_typesupport_cExport-noconfig.cmake
[8.694s] -- Up-to-date: /home/jizzy/ros_ws/install/turtlesim/share/turtlesim/cmake/turtlesim__rosidl_typesupport_introspection_cppExport.cmake
[8.695s] -- Up-to-date: /home/jizzy/ros_ws/install/turtlesim/share/turtlesim/cmake/turtlesim__rosidl_typesupport_introspection_cppExport-noconfig.cmake
[8.695s] -- Up-to-date: /home/jizzy/ros_ws/install/turtlesim/share/turtlesim/cmake/turtlesim__rosidl_typesupport_cppExport.cmake
[8.700s] -- Up-to-date: /home/jizzy/ros_ws/install/turtlesim/share/turtlesim/cmake/turtlesim__rosidl_typesupport_cppExport-noconfig.cmake
[8.701s] -- Up-to-date: /home/jizzy/ros_ws/install/turtlesim/share/turtlesim/cmake/export_turtlesim__rosidl_generator_pyExport.cmake
[8.701s] -- Up-to-date: /home/jizzy/ros_ws/install/turtlesim/share/turtlesim/cmake/export_turtlesim__rosidl_generator_pyExport-noconfig.cmake
[8.701s] -- Up-to-date: /home/jizzy/ros_ws/install/turtlesim/share/turtlesim/cmake/rosidl_cmake-extras.cmake
[8.708s] -- Up-to-date: /home/jizzy/ros_ws/install/turtlesim/share/turtlesim/cmake/ament_cmake_export_dependencies-extras.cmake
[8.709s] -- Up-to-date: /home/jizzy/ros_ws/install/turtlesim/share/turtlesim/cmake/ament_cmake_export_include_directories-extras.cmake
[8.709s] -- Up-to-date: /home/jizzy/ros_ws/install/turtlesim/share/turtlesim/cmake/ament_cmake_export_libraries-extras.cmake
[8.716s] -- Up-to-date: /home/jizzy/ros_ws/install/turtlesim/share/turtlesim/cmake/ament_cmake_export_targets-extras.cmake
[8.717s] -- Up-to-date: /home/jizzy/ros_ws/install/turtlesim/share/turtlesim/cmake/rosidl_cmake_export_typesupport_targets-extras.cmake
[8.717s] -- Up-to-date: /home/jizzy/ros_ws/install/turtlesim/share/turtlesim/cmake/rosidl_cmake_export_typesupport_libraries-extras.cmake
[8.725s] -- Up-to-date: /home/jizzy/ros_ws/install/turtlesim/share/turtlesim/cmake/turtlesimConfig.cmake
[8.728s] -- Up-to-date: /home/jizzy/ros_ws/install/turtlesim/share/turtlesim/cmake/turtlesimConfig-version.cmake
[8.734s] -- Up-to-date: /home/jizzy/ros_ws/install/turtlesim/share/turtlesim/package.xml
[8.748s] Invoked command in '/home/jizzy/ros_ws/build/turtlesim' returned '0': CMAKE_PREFIX_PATH=${CMAKE_PREFIX_PATH}:/home/jizzy/ros_ws/install/my_package:/opt/ros/jazzy DEBUGINFOD_URLS=https://debuginfod.ubuntu.com /usr/bin/cmake --install /home/jizzy/ros_ws/build/turtlesim
