[10.296s] Invoking command in '/home/jizzy/ros_ws/src/my_package': DEBUGINFOD_URLS=https://debuginfod.ubuntu.com PYTHONPATH=/home/jizzy/ros_ws/build/my_package/prefix_override:/usr/lib/python3/dist-packages/colcon_core/task/python/colcon_distutils_commands:/home/jizzy/ros_ws/install/my_package/lib/python3.12/site-packages:${PYTHONPATH} /usr/bin/python3 -W ignore:setup.py install is deprecated setup.py egg_info --egg-base ../../build/my_package build --build-base /home/jizzy/ros_ws/build/my_package/build install --record /home/jizzy/ros_ws/build/my_package/install.log --single-version-externally-managed install_data
[15.163s] running egg_info
[15.345s] writing ../../build/my_package/my_package.egg-info/PKG-INFO
[15.366s] writing dependency_links to ../../build/my_package/my_package.egg-info/dependency_links.txt
[15.368s] writing entry points to ../../build/my_package/my_package.egg-info/entry_points.txt
[15.368s] writing requirements to ../../build/my_package/my_package.egg-info/requires.txt
[15.380s] writing top-level names to ../../build/my_package/my_package.egg-info/top_level.txt
[15.963s] reading manifest file '../../build/my_package/my_package.egg-info/SOURCES.txt'
[15.964s] adding license file 'LICENSE'
[15.980s] writing manifest file '../../build/my_package/my_package.egg-info/SOURCES.txt'
[15.980s] running build
[15.997s] running build_py
[15.998s] copying my_package/run_circle_command.py -> /home/jizzy/ros_ws/build/my_package/build/lib/my_package
[15.998s] running install
[16.029s] running install_lib
[16.169s] copying /home/jizzy/ros_ws/build/my_package/build/lib/my_package/run_circle_command.py -> /home/jizzy/ros_ws/install/my_package/lib/python3.12/site-packages/my_package
[16.170s] byte-compiling /home/jizzy/ros_ws/install/my_package/lib/python3.12/site-packages/my_package/run_circle_command.py to run_circle_command.cpython-312.pyc
[16.190s] running install_data
[16.191s] copying launch/prak1_launch.py -> /home/jizzy/ros_ws/install/my_package/share/my_package/launch
[16.192s] running install_egg_info
[16.345s] removing '/home/jizzy/ros_ws/install/my_package/lib/python3.12/site-packages/my_package-0.0.0-py3.12.egg-info' (and everything under it)
[16.357s] Copying ../../build/my_package/my_package.egg-info to /home/jizzy/ros_ws/install/my_package/lib/python3.12/site-packages/my_package-0.0.0-py3.12.egg-info
[16.374s] running install_scripts
[17.363s] Installing my_node script to /home/jizzy/ros_ws/install/my_package/lib/my_package
[17.363s] Installing run_circle_command script to /home/jizzy/ros_ws/install/my_package/lib/my_package
[17.364s] writing list of installed files to '/home/jizzy/ros_ws/build/my_package/install.log'
[17.587s] Invoked command in '/home/jizzy/ros_ws/src/my_package' returned '0': DEBUGINFOD_URLS=https://debuginfod.ubuntu.com PYTHONPATH=/home/jizzy/ros_ws/build/my_package/prefix_override:/usr/lib/python3/dist-packages/colcon_core/task/python/colcon_distutils_commands:/home/jizzy/ros_ws/install/my_package/lib/python3.12/site-packages:${PYTHONPATH} /usr/bin/python3 -W ignore:setup.py install is deprecated setup.py egg_info --egg-base ../../build/my_package build --build-base /home/jizzy/ros_ws/build/my_package/build install --record /home/jizzy/ros_ws/build/my_package/install.log --single-version-externally-managed install_data
