[7.744s] Invoking command in '/home/jizzy/ros_ws/src/my_package': DEBUGINFOD_URLS=https://debuginfod.ubuntu.com PYTHONPATH=/home/jizzy/ros_ws/build/my_package/prefix_override:/usr/lib/python3/dist-packages/colcon_core/task/python/colcon_distutils_commands:/home/jizzy/ros_ws/install/my_package/lib/python3.12/site-packages:${PYTHONPATH} /usr/bin/python3 -W ignore:setup.py install is deprecated setup.py egg_info --egg-base ../../build/my_package build --build-base /home/jizzy/ros_ws/build/my_package/build install --record /home/jizzy/ros_ws/build/my_package/install.log --single-version-externally-managed install_data
[11.287s] running egg_info
[11.407s] writing ../../build/my_package/my_package.egg-info/PKG-INFO
[11.416s] writing dependency_links to ../../build/my_package/my_package.egg-info/dependency_links.txt
[11.417s] writing entry points to ../../build/my_package/my_package.egg-info/entry_points.txt
[11.417s] writing requirements to ../../build/my_package/my_package.egg-info/requires.txt
[11.421s] writing top-level names to ../../build/my_package/my_package.egg-info/top_level.txt
[12.210s] reading manifest file '../../build/my_package/my_package.egg-info/SOURCES.txt'
[12.210s] adding license file 'LICENSE'
[12.215s] writing manifest file '../../build/my_package/my_package.egg-info/SOURCES.txt'
[12.220s] running build
[12.223s] running build_py
[12.224s] copying my_package/run_circle_command.py -> /home/jizzy/ros_ws/build/my_package/build/lib/my_package
[12.228s] running install
[12.287s] running install_lib
[12.418s] copying /home/jizzy/ros_ws/build/my_package/build/lib/my_package/run_circle_command.py -> /home/jizzy/ros_ws/install/my_package/lib/python3.12/site-packages/my_package
[12.424s] byte-compiling /home/jizzy/ros_ws/install/my_package/lib/python3.12/site-packages/my_package/run_circle_command.py to run_circle_command.cpython-312.pyc
[12.432s] running install_data
[12.433s] running install_egg_info
[12.645s] removing '/home/jizzy/ros_ws/install/my_package/lib/python3.12/site-packages/my_package-0.0.0-py3.12.egg-info' (and everything under it)
[12.650s] Copying ../../build/my_package/my_package.egg-info to /home/jizzy/ros_ws/install/my_package/lib/python3.12/site-packages/my_package-0.0.0-py3.12.egg-info
[12.659s] running install_scripts
[14.630s] Installing my_node script to /home/jizzy/ros_ws/install/my_package/lib/my_package
[14.636s] Installing run_circle_command script to /home/jizzy/ros_ws/install/my_package/lib/my_package
[14.641s] writing list of installed files to '/home/jizzy/ros_ws/build/my_package/install.log'
[14.827s] Invoked command in '/home/jizzy/ros_ws/src/my_package' returned '0': DEBUGINFOD_URLS=https://debuginfod.ubuntu.com PYTHONPATH=/home/jizzy/ros_ws/build/my_package/prefix_override:/usr/lib/python3/dist-packages/colcon_core/task/python/colcon_distutils_commands:/home/jizzy/ros_ws/install/my_package/lib/python3.12/site-packages:${PYTHONPATH} /usr/bin/python3 -W ignore:setup.py install is deprecated setup.py egg_info --egg-base ../../build/my_package build --build-base /home/jizzy/ros_ws/build/my_package/build install --record /home/jizzy/ros_ws/build/my_package/install.log --single-version-externally-managed install_data
