running develop
/usr/lib/python3/dist-packages/setuptools/command/develop.py:40: EasyInstallDeprecationWarning: easy_install command is deprecated.
!!

        ********************************************************************************
        Please avoid running ``setup.py`` and ``easy_install``.
        Instead, use pypa/build, pypa/installer or other
        standards-based tools.

        See https://github.com/pypa/setuptools/issues/917 for details.
        ********************************************************************************

!!
  easy_install.initialize_options(self)
running egg_info
creating my_package.egg-info
writing my_package.egg-info/PKG-INFO
writing dependency_links to my_package.egg-info/dependency_links.txt
writing entry points to my_package.egg-info/entry_points.txt
writing requirements to my_package.egg-info/requires.txt
writing top-level names to my_package.egg-info/top_level.txt
writing manifest file 'my_package.egg-info/SOURCES.txt'
reading manifest file 'my_package.egg-info/SOURCES.txt'
writing manifest file 'my_package.egg-info/SOURCES.txt'
running build_ext
Creating /home/jizzy/ros_ws/install/my_package/lib/python3.12/site-packages/my-package.egg-link (link to .)
Installing my_node script to /home/jizzy/ros_ws/install/my_package/lib/my_package

Installed /home/jizzy/ros_ws/build/my_package
running symlink_data
creating /home/jizzy/ros_ws/install/my_package/share/ament_index
creating /home/jizzy/ros_ws/install/my_package/share/ament_index/resource_index
creating /home/jizzy/ros_ws/install/my_package/share/ament_index/resource_index/packages
symbolically linking /home/jizzy/ros_ws/build/my_package/resource/my_package -> /home/jizzy/ros_ws/install/my_package/share/ament_index/resource_index/packages
symbolically linking /home/jizzy/ros_ws/build/my_package/package.xml -> /home/jizzy/ros_ws/install/my_package/share/my_package
