[6.840s] Invoking command in '/home/jizzy/ros_ws/src/my_package': DEBUGINFOD_URLS=https://debuginfod.ubuntu.com PYTHONPATH=/home/jizzy/ros_ws/build/my_package/prefix_override:/usr/lib/python3/dist-packages/colcon_core/task/python/colcon_distutils_commands:/home/jizzy/ros_ws/install/my_package/lib/python3.12/site-packages:${PYTHONPATH} /usr/bin/python3 -W ignore:setup.py install is deprecated setup.py egg_info --egg-base ../../build/my_package build --build-base /home/jizzy/ros_ws/build/my_package/build install --record /home/jizzy/ros_ws/build/my_package/install.log --single-version-externally-managed install_data
[11.234s] running egg_info
[11.517s] writing ../../build/my_package/my_package.egg-info/PKG-INFO
[11.521s] writing dependency_links to ../../build/my_package/my_package.egg-info/dependency_links.txt
[11.525s] writing entry points to ../../build/my_package/my_package.egg-info/entry_points.txt
[11.532s] writing requirements to ../../build/my_package/my_package.egg-info/requires.txt
[11.535s] writing top-level names to ../../build/my_package/my_package.egg-info/top_level.txt
[12.120s] reading manifest file '../../build/my_package/my_package.egg-info/SOURCES.txt'
[12.130s] adding license file 'LICENSE'
[12.130s] writing manifest file '../../build/my_package/my_package.egg-info/SOURCES.txt'
[12.144s] running build
[12.145s] running build_py
[12.145s] copying my_package/run_cricle_command.py -> /home/jizzy/ros_ws/build/my_package/build/lib/my_package
[12.151s] running install
[12.173s] running install_lib
[13.933s] copying /home/jizzy/ros_ws/build/my_package/build/lib/my_package/run_cricle_command.py -> /home/jizzy/ros_ws/install/my_package/lib/python3.12/site-packages/my_package
[13.933s] byte-compiling /home/jizzy/ros_ws/install/my_package/lib/python3.12/site-packages/my_package/run_cricle_command.py to run_cricle_command.cpython-312.pyc
[13.934s] running install_data
[13.946s] running install_egg_info
[13.946s] removing '/home/jizzy/ros_ws/install/my_package/lib/python3.12/site-packages/my_package-0.0.0-py3.12.egg-info' (and everything under it)
[13.957s] Copying ../../build/my_package/my_package.egg-info to /home/jizzy/ros_ws/install/my_package/lib/python3.12/site-packages/my_package-0.0.0-py3.12.egg-info
[13.964s] running install_scripts
[15.647s] Installing my_node script to /home/jizzy/ros_ws/install/my_package/lib/my_package
[15.653s] Installing run_circle_command script to /home/jizzy/ros_ws/install/my_package/lib/my_package
[15.663s] writing list of installed files to '/home/jizzy/ros_ws/build/my_package/install.log'
[16.344s] Invoked command in '/home/jizzy/ros_ws/src/my_package' returned '0': DEBUGINFOD_URLS=https://debuginfod.ubuntu.com PYTHONPATH=/home/jizzy/ros_ws/build/my_package/prefix_override:/usr/lib/python3/dist-packages/colcon_core/task/python/colcon_distutils_commands:/home/jizzy/ros_ws/install/my_package/lib/python3.12/site-packages:${PYTHONPATH} /usr/bin/python3 -W ignore:setup.py install is deprecated setup.py egg_info --egg-base ../../build/my_package build --build-base /home/jizzy/ros_ws/build/my_package/build install --record /home/jizzy/ros_ws/build/my_package/install.log --single-version-externally-managed install_data
