[6.935s] Invoking command in '/home/jizzy/ros_ws/src/my_package': DEBUGINFOD_URLS=https://debuginfod.ubuntu.com PYTHONPATH=/home/jizzy/ros_ws/build/my_package/prefix_override:/usr/lib/python3/dist-packages/colcon_core/task/python/colcon_distutils_commands:/home/jizzy/ros_ws/install/my_package/lib/python3.12/site-packages:${PYTHONPATH} /usr/bin/python3 -W ignore:setup.py install is deprecated setup.py egg_info --egg-base ../../build/my_package build --build-base /home/jizzy/ros_ws/build/my_package/build install --record /home/jizzy/ros_ws/build/my_package/install.log --single-version-externally-managed install_data
[8.930s] running egg_info
[9.253s] writing ../../build/my_package/my_package.egg-info/PKG-INFO
[9.255s] writing dependency_links to ../../build/my_package/my_package.egg-info/dependency_links.txt
[9.257s] writing entry points to ../../build/my_package/my_package.egg-info/entry_points.txt
[9.263s] writing requirements to ../../build/my_package/my_package.egg-info/requires.txt
[9.264s] writing top-level names to ../../build/my_package/my_package.egg-info/top_level.txt
[9.726s] reading manifest file '../../build/my_package/my_package.egg-info/SOURCES.txt'
[9.732s] adding license file 'LICENSE'
[9.734s] writing manifest file '../../build/my_package/my_package.egg-info/SOURCES.txt'
[9.738s] running build
[9.738s] running build_py
[9.739s] copying my_package/run_circle_command.py -> /home/jizzy/ros_ws/build/my_package/build/lib/my_package
[9.742s] running install
[9.777s] running install_lib
[10.082s] copying /home/jizzy/ros_ws/build/my_package/build/lib/my_package/run_circle_command.py -> /home/jizzy/ros_ws/install/my_package/lib/python3.12/site-packages/my_package
[10.100s] byte-compiling /home/jizzy/ros_ws/install/my_package/lib/python3.12/site-packages/my_package/run_circle_command.py to run_circle_command.cpython-312.pyc
[10.107s] running install_data
[10.110s] running install_egg_info
[10.256s] removing '/home/jizzy/ros_ws/install/my_package/lib/python3.12/site-packages/my_package-0.0.0-py3.12.egg-info' (and everything under it)
[10.263s] Copying ../../build/my_package/my_package.egg-info to /home/jizzy/ros_ws/install/my_package/lib/python3.12/site-packages/my_package-0.0.0-py3.12.egg-info
[10.266s] running install_scripts
[11.357s] Installing my_node script to /home/jizzy/ros_ws/install/my_package/lib/my_package
[11.360s] Installing run_circle_command script to /home/jizzy/ros_ws/install/my_package/lib/my_package
[11.361s] writing list of installed files to '/home/jizzy/ros_ws/build/my_package/install.log'
[11.829s] Invoked command in '/home/jizzy/ros_ws/src/my_package' returned '0': DEBUGINFOD_URLS=https://debuginfod.ubuntu.com PYTHONPATH=/home/jizzy/ros_ws/build/my_package/prefix_override:/usr/lib/python3/dist-packages/colcon_core/task/python/colcon_distutils_commands:/home/jizzy/ros_ws/install/my_package/lib/python3.12/site-packages:${PYTHONPATH} /usr/bin/python3 -W ignore:setup.py install is deprecated setup.py egg_info --egg-base ../../build/my_package build --build-base /home/jizzy/ros_ws/build/my_package/build install --record /home/jizzy/ros_ws/build/my_package/install.log --single-version-externally-managed install_data
