[7.159s] Invoking command in '/home/jizzy/ros_ws/src/my_package': DEBUGINFOD_URLS=https://debuginfod.ubuntu.com PYTHONPATH=/home/jizzy/ros_ws/build/my_package/prefix_override:/usr/lib/python3/dist-packages/colcon_core/task/python/colcon_distutils_commands:/home/jizzy/ros_ws/install/my_package/lib/python3.12/site-packages:${PYTHONPATH} /usr/bin/python3 -W ignore:setup.py install is deprecated setup.py egg_info --egg-base ../../build/my_package build --build-base /home/jizzy/ros_ws/build/my_package/build install --record /home/jizzy/ros_ws/build/my_package/install.log --single-version-externally-managed install_data
[9.511s] running egg_info
[9.518s] creating ../../build/my_package/my_package.egg-info
[9.682s] writing ../../build/my_package/my_package.egg-info/PKG-INFO
[9.688s] writing dependency_links to ../../build/my_package/my_package.egg-info/dependency_links.txt
[9.693s] writing entry points to ../../build/my_package/my_package.egg-info/entry_points.txt
[9.702s] writing requirements to ../../build/my_package/my_package.egg-info/requires.txt
[9.703s] writing top-level names to ../../build/my_package/my_package.egg-info/top_level.txt
[9.717s] writing manifest file '../../build/my_package/my_package.egg-info/SOURCES.txt'
[10.142s] reading manifest file '../../build/my_package/my_package.egg-info/SOURCES.txt'
[10.147s] adding license file 'LICENSE'
[10.152s] writing manifest file '../../build/my_package/my_package.egg-info/SOURCES.txt'
[10.157s] running build
[10.158s] running build_py
[10.161s] creating /home/jizzy/ros_ws/build/my_package/build
[10.164s] creating /home/jizzy/ros_ws/build/my_package/build/lib
[10.165s] creating /home/jizzy/ros_ws/build/my_package/build/lib/my_package
[10.166s] copying my_package/__init__.py -> /home/jizzy/ros_ws/build/my_package/build/lib/my_package
[10.171s] copying my_package/my_node.py -> /home/jizzy/ros_ws/build/my_package/build/lib/my_package
[10.177s] running install
[10.217s] running install_lib
[10.368s] copying /home/jizzy/ros_ws/build/my_package/build/lib/my_package/__init__.py -> /home/jizzy/ros_ws/install/my_package/lib/python3.12/site-packages/my_package
[10.373s] copying /home/jizzy/ros_ws/build/my_package/build/lib/my_package/my_node.py -> /home/jizzy/ros_ws/install/my_package/lib/python3.12/site-packages/my_package
[10.384s] byte-compiling /home/jizzy/ros_ws/install/my_package/lib/python3.12/site-packages/my_package/__init__.py to __init__.cpython-312.pyc
[10.389s] byte-compiling /home/jizzy/ros_ws/install/my_package/lib/python3.12/site-packages/my_package/my_node.py to my_node.cpython-312.pyc
[10.395s] running install_data
[10.396s] copying resource/my_package -> /home/jizzy/ros_ws/install/my_package/share/ament_index/resource_index/packages
[10.397s] copying package.xml -> /home/jizzy/ros_ws/install/my_package/share/my_package
[10.406s] running install_egg_info
[10.611s] removing '/home/jizzy/ros_ws/install/my_package/lib/python3.12/site-packages/my_package-0.0.0-py3.12.egg-info' (and everything under it)
[10.618s] Copying ../../build/my_package/my_package.egg-info to /home/jizzy/ros_ws/install/my_package/lib/python3.12/site-packages/my_package-0.0.0-py3.12.egg-info
[10.643s] running install_scripts
[11.397s] Installing my_node script to /home/jizzy/ros_ws/install/my_package/lib/my_package
[11.401s] writing list of installed files to '/home/jizzy/ros_ws/build/my_package/install.log'
[11.579s] Invoked command in '/home/jizzy/ros_ws/src/my_package' returned '0': DEBUGINFOD_URLS=https://debuginfod.ubuntu.com PYTHONPATH=/home/jizzy/ros_ws/build/my_package/prefix_override:/usr/lib/python3/dist-packages/colcon_core/task/python/colcon_distutils_commands:/home/jizzy/ros_ws/install/my_package/lib/python3.12/site-packages:${PYTHONPATH} /usr/bin/python3 -W ignore:setup.py install is deprecated setup.py egg_info --egg-base ../../build/my_package build --build-base /home/jizzy/ros_ws/build/my_package/build install --record /home/jizzy/ros_ws/build/my_package/install.log --single-version-externally-managed install_data
