[7.863s] Invoking command in '/home/jizzy/ros_ws/src/my_package': DEBUGINFOD_URLS=https://debuginfod.ubuntu.com PYTHONPATH=/home/jizzy/ros_ws/build/my_package/prefix_override:/usr/lib/python3/dist-packages/colcon_core/task/python/colcon_distutils_commands:/home/jizzy/ros_ws/install/my_package/lib/python3.12/site-packages:${PYTHONPATH} /usr/bin/python3 -W ignore:setup.py install is deprecated setup.py egg_info --egg-base ../../build/my_package build --build-base /home/jizzy/ros_ws/build/my_package/build install --record /home/jizzy/ros_ws/build/my_package/install.log --single-version-externally-managed install_data
[10.629s] running egg_info
[10.630s] creating ../../build/my_package/my_package.egg-info
[11.137s] writing ../../build/my_package/my_package.egg-info/PKG-INFO
[11.143s] writing dependency_links to ../../build/my_package/my_package.egg-info/dependency_links.txt
[11.153s] writing entry points to ../../build/my_package/my_package.egg-info/entry_points.txt
[11.166s] writing requirements to ../../build/my_package/my_package.egg-info/requires.txt
[11.166s] writing top-level names to ../../build/my_package/my_package.egg-info/top_level.txt
[11.183s] writing manifest file '../../build/my_package/my_package.egg-info/SOURCES.txt'
[12.345s] reading manifest file '../../build/my_package/my_package.egg-info/SOURCES.txt'
[12.345s] adding license file 'LICENSE'
[12.363s] writing manifest file '../../build/my_package/my_package.egg-info/SOURCES.txt'
[12.364s] running build
[12.364s] running build_py
[12.374s] creating /home/jizzy/ros_ws/build/my_package/build
[12.375s] creating /home/jizzy/ros_ws/build/my_package/build/lib
[12.375s] creating /home/jizzy/ros_ws/build/my_package/build/lib/my_package
[12.376s] copying my_package/__init__.py -> /home/jizzy/ros_ws/build/my_package/build/lib/my_package
[12.379s] copying my_package/run_circle_command.py -> /home/jizzy/ros_ws/build/my_package/build/lib/my_package
[12.380s] copying my_package/my_node.py -> /home/jizzy/ros_ws/build/my_package/build/lib/my_package
[12.380s] running install
[12.460s] running install_lib
[12.847s] copying /home/jizzy/ros_ws/build/my_package/build/lib/my_package/run_circle_command.py -> /home/jizzy/ros_ws/install/my_package/lib/python3.12/site-packages/my_package
[12.859s] byte-compiling /home/jizzy/ros_ws/install/my_package/lib/python3.12/site-packages/my_package/run_circle_command.py to run_circle_command.cpython-312.pyc
[12.878s] running install_data
[12.879s] running install_egg_info
[13.263s] removing '/home/jizzy/ros_ws/install/my_package/lib/python3.12/site-packages/my_package-0.0.0-py3.12.egg-info' (and everything under it)
[13.273s] Copying ../../build/my_package/my_package.egg-info to /home/jizzy/ros_ws/install/my_package/lib/python3.12/site-packages/my_package-0.0.0-py3.12.egg-info
[13.293s] running install_scripts
[15.821s] Installing my_node script to /home/jizzy/ros_ws/install/my_package/lib/my_package
[15.822s] Installing run_circle_command script to /home/jizzy/ros_ws/install/my_package/lib/my_package
[15.822s] writing list of installed files to '/home/jizzy/ros_ws/build/my_package/install.log'
[16.371s] Invoked command in '/home/jizzy/ros_ws/src/my_package' returned '0': DEBUGINFOD_URLS=https://debuginfod.ubuntu.com PYTHONPATH=/home/jizzy/ros_ws/build/my_package/prefix_override:/usr/lib/python3/dist-packages/colcon_core/task/python/colcon_distutils_commands:/home/jizzy/ros_ws/install/my_package/lib/python3.12/site-packages:${PYTHONPATH} /usr/bin/python3 -W ignore:setup.py install is deprecated setup.py egg_info --egg-base ../../build/my_package build --build-base /home/jizzy/ros_ws/build/my_package/build install --record /home/jizzy/ros_ws/build/my_package/install.log --single-version-externally-managed install_data
