[4.582s] Invoking command in '/home/jizzy/ros_ws/build/my_package': DEBUGINFOD_URLS=https://debuginfod.ubuntu.com PYTHONPATH=/home/jizzy/ros_ws/build/my_package/prefix_override:/usr/lib/python3/dist-packages/colcon_core/task/python/colcon_distutils_commands:/home/jizzy/ros_ws/install/my_package/lib/python3.12/site-packages:${PYTHONPATH} /usr/bin/python3 -W ignore:setup.py install is deprecated setup.py develop --editable --build-directory /home/jizzy/ros_ws/build/my_package/build --no-deps symlink_data
[6.722s] running develop
[6.743s] /usr/lib/python3/dist-packages/setuptools/command/develop.py:40: EasyInstallDeprecationWarning: easy_install command is deprecated.
[6.744s] !!
[6.745s] 
[6.745s]         ********************************************************************************
[6.746s]         Please avoid running ``setup.py`` and ``easy_install``.
[6.746s]         Instead, use pypa/build, pypa/installer or other
[6.747s]         standards-based tools.
[6.747s] 
[6.748s]         See https://github.com/pypa/setuptools/issues/917 for details.
[6.748s]         ********************************************************************************
[6.749s] 
[6.750s] !!
[6.750s]   easy_install.initialize_options(self)
[7.922s] running egg_info
[7.925s] creating my_package.egg-info
[8.034s] writing my_package.egg-info/PKG-INFO
[8.039s] writing dependency_links to my_package.egg-info/dependency_links.txt
[8.040s] writing entry points to my_package.egg-info/entry_points.txt
[8.040s] writing requirements to my_package.egg-info/requires.txt
[8.045s] writing top-level names to my_package.egg-info/top_level.txt
[8.046s] writing manifest file 'my_package.egg-info/SOURCES.txt'
[8.270s] reading manifest file 'my_package.egg-info/SOURCES.txt'
[8.274s] writing manifest file 'my_package.egg-info/SOURCES.txt'
[8.396s] running build_ext
[8.397s] Creating /home/jizzy/ros_ws/install/my_package/lib/python3.12/site-packages/my-package.egg-link (link to .)
[8.401s] Installing my_node script to /home/jizzy/ros_ws/install/my_package/lib/my_package
[8.404s] 
[8.404s] Installed /home/jizzy/ros_ws/build/my_package
[8.406s] running symlink_data
[8.406s] creating /home/jizzy/ros_ws/install/my_package/share/ament_index
[8.409s] creating /home/jizzy/ros_ws/install/my_package/share/ament_index/resource_index
[8.409s] creating /home/jizzy/ros_ws/install/my_package/share/ament_index/resource_index/packages
[8.411s] symbolically linking /home/jizzy/ros_ws/build/my_package/resource/my_package -> /home/jizzy/ros_ws/install/my_package/share/ament_index/resource_index/packages
[8.412s] symbolically linking /home/jizzy/ros_ws/build/my_package/package.xml -> /home/jizzy/ros_ws/install/my_package/share/my_package
[8.623s] Invoked command in '/home/jizzy/ros_ws/build/my_package' returned '0': DEBUGINFOD_URLS=https://debuginfod.ubuntu.com PYTHONPATH=/home/jizzy/ros_ws/build/my_package/prefix_override:/usr/lib/python3/dist-packages/colcon_core/task/python/colcon_distutils_commands:/home/jizzy/ros_ws/install/my_package/lib/python3.12/site-packages:${PYTHONPATH} /usr/bin/python3 -W ignore:setup.py install is deprecated setup.py develop --editable --build-directory /home/jizzy/ros_ws/build/my_package/build --no-deps symlink_data
