running develop
Removing /home/gisbert12843/Robotics_Prak/prak4_ws/install/prak4_pkg/lib/python3.10/site-packages/prak4-pkg.egg-link (link to .)
running egg_info
writing ../../build/prak4_pkg/prak4_pkg.egg-info/PKG-INFO
writing dependency_links to ../../build/prak4_pkg/prak4_pkg.egg-info/dependency_links.txt
writing entry points to ../../build/prak4_pkg/prak4_pkg.egg-info/entry_points.txt
writing requirements to ../../build/prak4_pkg/prak4_pkg.egg-info/requires.txt
writing top-level names to ../../build/prak4_pkg/prak4_pkg.egg-info/top_level.txt
reading manifest file '../../build/prak4_pkg/prak4_pkg.egg-info/SOURCES.txt'
writing manifest file '../../build/prak4_pkg/prak4_pkg.egg-info/SOURCES.txt'
running build
running build_py
creating /home/gisbert12843/Robotics_Prak/prak4_ws/build/prak4_pkg/build
creating /home/gisbert12843/Robotics_Prak/prak4_ws/build/prak4_pkg/build/lib
creating /home/gisbert12843/Robotics_Prak/prak4_ws/build/prak4_pkg/build/lib/prak4_pkg
copying prak4_pkg/__init__.py -> /home/gisbert12843/Robotics_Prak/prak4_ws/build/prak4_pkg/build/lib/prak4_pkg
copying prak4_pkg/push_ups.py -> /home/gisbert12843/Robotics_Prak/prak4_ws/build/prak4_pkg/build/lib/prak4_pkg
copying prak4_pkg/lidar.py -> /home/gisbert12843/Robotics_Prak/prak4_ws/build/prak4_pkg/build/lib/prak4_pkg
running install
running install_lib
creating /home/gisbert12843/Robotics_Prak/prak4_ws/install/prak4_pkg/lib/python3.10/site-packages/prak4_pkg
copying /home/gisbert12843/Robotics_Prak/prak4_ws/build/prak4_pkg/build/lib/prak4_pkg/__init__.py -> /home/gisbert12843/Robotics_Prak/prak4_ws/install/prak4_pkg/lib/python3.10/site-packages/prak4_pkg
copying /home/gisbert12843/Robotics_Prak/prak4_ws/build/prak4_pkg/build/lib/prak4_pkg/push_ups.py -> /home/gisbert12843/Robotics_Prak/prak4_ws/install/prak4_pkg/lib/python3.10/site-packages/prak4_pkg
copying /home/gisbert12843/Robotics_Prak/prak4_ws/build/prak4_pkg/build/lib/prak4_pkg/lidar.py -> /home/gisbert12843/Robotics_Prak/prak4_ws/install/prak4_pkg/lib/python3.10/site-packages/prak4_pkg
byte-compiling /home/gisbert12843/Robotics_Prak/prak4_ws/install/prak4_pkg/lib/python3.10/site-packages/prak4_pkg/__init__.py to __init__.cpython-310.pyc
byte-compiling /home/gisbert12843/Robotics_Prak/prak4_ws/install/prak4_pkg/lib/python3.10/site-packages/prak4_pkg/push_ups.py to push_ups.cpython-310.pyc
byte-compiling /home/gisbert12843/Robotics_Prak/prak4_ws/install/prak4_pkg/lib/python3.10/site-packages/prak4_pkg/lidar.py to lidar.cpython-310.pyc
running install_data
copying resource/prak4_pkg -> /home/gisbert12843/Robotics_Prak/prak4_ws/install/prak4_pkg/share/ament_index/resource_index/packages
copying package.xml -> /home/gisbert12843/Robotics_Prak/prak4_ws/install/prak4_pkg/share/prak4_pkg
creating /home/gisbert12843/Robotics_Prak/prak4_ws/install/prak4_pkg/share/prak4_pkg/launch
copying launch/launch_nav2.py -> /home/gisbert12843/Robotics_Prak/prak4_ws/install/prak4_pkg/share/prak4_pkg/launch
running install_egg_info
Copying ../../build/prak4_pkg/prak4_pkg.egg-info to /home/gisbert12843/Robotics_Prak/prak4_ws/install/prak4_pkg/lib/python3.10/site-packages/prak4_pkg-0.0.0-py3.10.egg-info
running install_scripts
Installing lidar script to /home/gisbert12843/Robotics_Prak/prak4_ws/install/prak4_pkg/lib/prak4_pkg
Installing push_ups script to /home/gisbert12843/Robotics_Prak/prak4_ws/install/prak4_pkg/lib/prak4_pkg
writing list of installed files to '/home/gisbert12843/Robotics_Prak/prak4_ws/build/prak4_pkg/install.log'
