[0.976s] Invoking command in '/home/gisbert12843/Robotics_Prak/prak4_ws/build/prak4_pkg': PYTHONPATH=/home/gisbert12843/Robotics_Prak/prak4_ws/build/prak4_pkg/prefix_override:/usr/lib/python3/dist-packages/colcon_core/task/python/colcon_distutils_commands:/home/gisbert12843/Robotics_Prak/prak4_ws/install/prak4_pkg/lib/python3.10/site-packages:${PYTHONPATH} /usr/bin/python3 -W ignore:setup.py install is deprecated -W ignore:easy_install command is deprecated setup.py develop --uninstall --editable --build-directory /home/gisbert12843/Robotics_Prak/prak4_ws/build/prak4_pkg/build
[1.400s] running develop
[1.678s] Removing /home/gisbert12843/Robotics_Prak/prak4_ws/install/prak4_pkg/lib/python3.10/site-packages/prak4-pkg.egg-link (link to .)
[1.709s] Invoked command in '/home/gisbert12843/Robotics_Prak/prak4_ws/build/prak4_pkg' returned '0': PYTHONPATH=/home/gisbert12843/Robotics_Prak/prak4_ws/build/prak4_pkg/prefix_override:/usr/lib/python3/dist-packages/colcon_core/task/python/colcon_distutils_commands:/home/gisbert12843/Robotics_Prak/prak4_ws/install/prak4_pkg/lib/python3.10/site-packages:${PYTHONPATH} /usr/bin/python3 -W ignore:setup.py install is deprecated -W ignore:easy_install command is deprecated setup.py develop --uninstall --editable --build-directory /home/gisbert12843/Robotics_Prak/prak4_ws/build/prak4_pkg/build
[1.710s] Invoking command in '/home/gisbert12843/Robotics_Prak/prak4_ws/src/prak4_pkg': PYTHONPATH=/home/gisbert12843/Robotics_Prak/prak4_ws/build/prak4_pkg/prefix_override:/usr/lib/python3/dist-packages/colcon_core/task/python/colcon_distutils_commands:/home/gisbert12843/Robotics_Prak/prak4_ws/install/prak4_pkg/lib/python3.10/site-packages:${PYTHONPATH} /usr/bin/python3 -W ignore:setup.py install is deprecated -W ignore:easy_install command is deprecated setup.py egg_info --egg-base ../../build/prak4_pkg build --build-base /home/gisbert12843/Robotics_Prak/prak4_ws/build/prak4_pkg/build install --record /home/gisbert12843/Robotics_Prak/prak4_ws/build/prak4_pkg/install.log --single-version-externally-managed install_data --force
[2.071s] running egg_info
[2.072s] writing ../../build/prak4_pkg/prak4_pkg.egg-info/PKG-INFO
[2.073s] writing dependency_links to ../../build/prak4_pkg/prak4_pkg.egg-info/dependency_links.txt
[2.073s] writing entry points to ../../build/prak4_pkg/prak4_pkg.egg-info/entry_points.txt
[2.073s] writing requirements to ../../build/prak4_pkg/prak4_pkg.egg-info/requires.txt
[2.073s] writing top-level names to ../../build/prak4_pkg/prak4_pkg.egg-info/top_level.txt
[2.075s] reading manifest file '../../build/prak4_pkg/prak4_pkg.egg-info/SOURCES.txt'
[2.080s] writing manifest file '../../build/prak4_pkg/prak4_pkg.egg-info/SOURCES.txt'
[2.080s] running build
[2.080s] running build_py
[2.080s] creating /home/gisbert12843/Robotics_Prak/prak4_ws/build/prak4_pkg/build
[2.081s] creating /home/gisbert12843/Robotics_Prak/prak4_ws/build/prak4_pkg/build/lib
[2.081s] creating /home/gisbert12843/Robotics_Prak/prak4_ws/build/prak4_pkg/build/lib/prak4_pkg
[2.081s] copying prak4_pkg/__init__.py -> /home/gisbert12843/Robotics_Prak/prak4_ws/build/prak4_pkg/build/lib/prak4_pkg
[2.081s] copying prak4_pkg/push_ups.py -> /home/gisbert12843/Robotics_Prak/prak4_ws/build/prak4_pkg/build/lib/prak4_pkg
[2.081s] copying prak4_pkg/lidar.py -> /home/gisbert12843/Robotics_Prak/prak4_ws/build/prak4_pkg/build/lib/prak4_pkg
[2.081s] running install
[2.081s] running install_lib
[2.082s] creating /home/gisbert12843/Robotics_Prak/prak4_ws/install/prak4_pkg/lib/python3.10/site-packages/prak4_pkg
[2.082s] copying /home/gisbert12843/Robotics_Prak/prak4_ws/build/prak4_pkg/build/lib/prak4_pkg/__init__.py -> /home/gisbert12843/Robotics_Prak/prak4_ws/install/prak4_pkg/lib/python3.10/site-packages/prak4_pkg
[2.082s] copying /home/gisbert12843/Robotics_Prak/prak4_ws/build/prak4_pkg/build/lib/prak4_pkg/push_ups.py -> /home/gisbert12843/Robotics_Prak/prak4_ws/install/prak4_pkg/lib/python3.10/site-packages/prak4_pkg
[2.082s] copying /home/gisbert12843/Robotics_Prak/prak4_ws/build/prak4_pkg/build/lib/prak4_pkg/lidar.py -> /home/gisbert12843/Robotics_Prak/prak4_ws/install/prak4_pkg/lib/python3.10/site-packages/prak4_pkg
[2.084s] byte-compiling /home/gisbert12843/Robotics_Prak/prak4_ws/install/prak4_pkg/lib/python3.10/site-packages/prak4_pkg/__init__.py to __init__.cpython-310.pyc
[2.084s] byte-compiling /home/gisbert12843/Robotics_Prak/prak4_ws/install/prak4_pkg/lib/python3.10/site-packages/prak4_pkg/push_ups.py to push_ups.cpython-310.pyc
[2.084s] byte-compiling /home/gisbert12843/Robotics_Prak/prak4_ws/install/prak4_pkg/lib/python3.10/site-packages/prak4_pkg/lidar.py to lidar.cpython-310.pyc
[2.085s] running install_data
[2.085s] copying resource/prak4_pkg -> /home/gisbert12843/Robotics_Prak/prak4_ws/install/prak4_pkg/share/ament_index/resource_index/packages
[2.085s] copying package.xml -> /home/gisbert12843/Robotics_Prak/prak4_ws/install/prak4_pkg/share/prak4_pkg
[2.085s] creating /home/gisbert12843/Robotics_Prak/prak4_ws/install/prak4_pkg/share/prak4_pkg/launch
[2.085s] copying launch/launch_nav2.py -> /home/gisbert12843/Robotics_Prak/prak4_ws/install/prak4_pkg/share/prak4_pkg/launch
[2.086s] running install_egg_info
[2.088s] Copying ../../build/prak4_pkg/prak4_pkg.egg-info to /home/gisbert12843/Robotics_Prak/prak4_ws/install/prak4_pkg/lib/python3.10/site-packages/prak4_pkg-0.0.0-py3.10.egg-info
[2.089s] running install_scripts
[2.118s] Installing lidar script to /home/gisbert12843/Robotics_Prak/prak4_ws/install/prak4_pkg/lib/prak4_pkg
[2.118s] Installing push_ups script to /home/gisbert12843/Robotics_Prak/prak4_ws/install/prak4_pkg/lib/prak4_pkg
[2.118s] writing list of installed files to '/home/gisbert12843/Robotics_Prak/prak4_ws/build/prak4_pkg/install.log'
[2.147s] Invoked command in '/home/gisbert12843/Robotics_Prak/prak4_ws/src/prak4_pkg' returned '0': PYTHONPATH=/home/gisbert12843/Robotics_Prak/prak4_ws/build/prak4_pkg/prefix_override:/usr/lib/python3/dist-packages/colcon_core/task/python/colcon_distutils_commands:/home/gisbert12843/Robotics_Prak/prak4_ws/install/prak4_pkg/lib/python3.10/site-packages:${PYTHONPATH} /usr/bin/python3 -W ignore:setup.py install is deprecated -W ignore:easy_install command is deprecated setup.py egg_info --egg-base ../../build/prak4_pkg build --build-base /home/gisbert12843/Robotics_Prak/prak4_ws/build/prak4_pkg/build install --record /home/gisbert12843/Robotics_Prak/prak4_ws/build/prak4_pkg/install.log --single-version-externally-managed install_data --force
