[8.441s] Invoking command in '/home/jizzy/ros_ws/src/my_package': DEBUGINFOD_URLS=https://debuginfod.ubuntu.com PYTHONPATH=/home/jizzy/ros_ws/build/my_package/prefix_override:/usr/lib/python3/dist-packages/colcon_core/task/python/colcon_distutils_commands:/home/jizzy/ros_ws/install/my_package/lib/python3.12/site-packages:${PYTHONPATH} /usr/bin/python3 -W ignore:setup.py install is deprecated setup.py egg_info --egg-base ../../build/my_package build --build-base /home/jizzy/ros_ws/build/my_package/build install --record /home/jizzy/ros_ws/build/my_package/install.log --single-version-externally-managed install_data
[11.824s] running egg_info
[11.992s] writing ../../build/my_package/my_package.egg-info/PKG-INFO
[11.995s] writing dependency_links to ../../build/my_package/my_package.egg-info/dependency_links.txt
[11.999s] writing entry points to ../../build/my_package/my_package.egg-info/entry_points.txt
[12.002s] writing requirements to ../../build/my_package/my_package.egg-info/requires.txt
[12.003s] writing top-level names to ../../build/my_package/my_package.egg-info/top_level.txt
[12.661s] reading manifest file '../../build/my_package/my_package.egg-info/SOURCES.txt'
[12.672s] adding license file 'LICENSE'
[12.675s] writing manifest file '../../build/my_package/my_package.egg-info/SOURCES.txt'
[12.676s] running build
[12.676s] running build_py
[12.679s] copying my_package/run_cricle_command.py -> /home/jizzy/ros_ws/build/my_package/build/lib/my_package
[12.679s] running install
[12.729s] running install_lib
[12.874s] copying /home/jizzy/ros_ws/build/my_package/build/lib/my_package/run_cricle_command.py -> /home/jizzy/ros_ws/install/my_package/lib/python3.12/site-packages/my_package
[12.878s] byte-compiling /home/jizzy/ros_ws/install/my_package/lib/python3.12/site-packages/my_package/run_cricle_command.py to run_cricle_command.cpython-312.pyc
[12.890s] running install_data
[12.898s] running install_egg_info
[13.352s] removing '/home/jizzy/ros_ws/install/my_package/lib/python3.12/site-packages/my_package-0.0.0-py3.12.egg-info' (and everything under it)
[13.356s] Copying ../../build/my_package/my_package.egg-info to /home/jizzy/ros_ws/install/my_package/lib/python3.12/site-packages/my_package-0.0.0-py3.12.egg-info
[13.378s] running install_scripts
[14.563s] Installing my_node script to /home/jizzy/ros_ws/install/my_package/lib/my_package
[14.567s] Installing run_circle_command script to /home/jizzy/ros_ws/install/my_package/lib/my_package
[14.568s] writing list of installed files to '/home/jizzy/ros_ws/build/my_package/install.log'
[14.778s] Invoked command in '/home/jizzy/ros_ws/src/my_package' returned '0': DEBUGINFOD_URLS=https://debuginfod.ubuntu.com PYTHONPATH=/home/jizzy/ros_ws/build/my_package/prefix_override:/usr/lib/python3/dist-packages/colcon_core/task/python/colcon_distutils_commands:/home/jizzy/ros_ws/install/my_package/lib/python3.12/site-packages:${PYTHONPATH} /usr/bin/python3 -W ignore:setup.py install is deprecated setup.py egg_info --egg-base ../../build/my_package build --build-base /home/jizzy/ros_ws/build/my_package/build install --record /home/jizzy/ros_ws/build/my_package/install.log --single-version-externally-managed install_data
