[  1%] Built target webots_spot_msgs__cpp
[ 12%] Built target webots_spot_msgs__rosidl_generator_c
[ 12%] Built target ament_cmake_python_symlink_webots_spot_msgs
[ 24%] Built target webots_spot_msgs__rosidl_typesupport_fastrtps_cpp
[ 47%] Built target webots_spot_msgs__rosidl_typesupport_cpp
[ 47%] Built target webots_spot_msgs__rosidl_typesupport_introspection_cpp
[ 58%] Built target webots_spot_msgs__rosidl_typesupport_introspection_c
[ 70%] Built target webots_spot_msgs__rosidl_typesupport_fastrtps_c
[ 81%] Built target webots_spot_msgs__rosidl_typesupport_c
[ 81%] Built target webots_spot_msgs
[ 82%] Built target webots_spot_msgs__py
[ 93%] Built target webots_spot_msgs__rosidl_generator_py
[ 95%] Built target webots_spot_msgs__rosidl_typesupport_c__pyext
[ 97%] Built target webots_spot_msgs__rosidl_typesupport_fastrtps_c__pyext
[100%] Built target webots_spot_msgs__rosidl_typesupport_introspection_c__pyext
running egg_info
writing webots_spot_msgs.egg-info/PKG-INFO
writing dependency_links to webots_spot_msgs.egg-info/dependency_links.txt
writing top-level names to webots_spot_msgs.egg-info/top_level.txt
reading manifest file 'webots_spot_msgs.egg-info/SOURCES.txt'
writing manifest file 'webots_spot_msgs.egg-info/SOURCES.txt'
[100%] Built target ament_cmake_python_build_webots_spot_msgs_egg
-- Install configuration: ""
-- Execute custom install script
-- Up-to-date symlink: /home/gisbert12843/ros2_ws/install/webots_spot_msgs/share/ament_index/resource_index/rosidl_interfaces/webots_spot_msgs
-- Up-to-date symlink: /home/gisbert12843/ros2_ws/install/webots_spot_msgs/include/webots_spot_msgs/webots_spot_msgs/action/detail/peak_and_detect_object__functions.h
-- Up-to-date symlink: /home/gisbert12843/ros2_ws/install/webots_spot_msgs/include/webots_spot_msgs/webots_spot_msgs/action/detail/peak_and_detect_object__struct.h
-- Up-to-date symlink: /home/gisbert12843/ros2_ws/install/webots_spot_msgs/include/webots_spot_msgs/webots_spot_msgs/action/detail/peak_and_detect_object__type_support.h
-- Up-to-date symlink: /home/gisbert12843/ros2_ws/install/webots_spot_msgs/include/webots_spot_msgs/webots_spot_msgs/action/detail/stack__functions.h
-- Up-to-date symlink: /home/gisbert12843/ros2_ws/install/webots_spot_msgs/include/webots_spot_msgs/webots_spot_msgs/action/detail/stack__struct.h
-- Up-to-date symlink: /home/gisbert12843/ros2_ws/install/webots_spot_msgs/include/webots_spot_msgs/webots_spot_msgs/action/detail/stack__type_support.h
-- Up-to-date symlink: /home/gisbert12843/ros2_ws/install/webots_spot_msgs/include/webots_spot_msgs/webots_spot_msgs/action/peak_and_detect_object.h
-- Up-to-date symlink: /home/gisbert12843/ros2_ws/install/webots_spot_msgs/include/webots_spot_msgs/webots_spot_msgs/action/stack.h
-- Up-to-date symlink: /home/gisbert12843/ros2_ws/install/webots_spot_msgs/include/webots_spot_msgs/webots_spot_msgs/msg/detail/gait_input__functions.h
-- Up-to-date symlink: /home/gisbert12843/ros2_ws/install/webots_spot_msgs/include/webots_spot_msgs/webots_spot_msgs/msg/detail/gait_input__struct.h
-- Up-to-date symlink: /home/gisbert12843/ros2_ws/install/webots_spot_msgs/include/webots_spot_msgs/webots_spot_msgs/msg/detail/gait_input__type_support.h
-- Up-to-date symlink: /home/gisbert12843/ros2_ws/install/webots_spot_msgs/include/webots_spot_msgs/webots_spot_msgs/msg/detail/int32__functions.h
-- Up-to-date symlink: /home/gisbert12843/ros2_ws/install/webots_spot_msgs/include/webots_spot_msgs/webots_spot_msgs/msg/detail/int32__struct.h
-- Up-to-date symlink: /home/gisbert12843/ros2_ws/install/webots_spot_msgs/include/webots_spot_msgs/webots_spot_msgs/msg/detail/int32__type_support.h
-- Up-to-date symlink: /home/gisbert12843/ros2_ws/install/webots_spot_msgs/include/webots_spot_msgs/webots_spot_msgs/msg/detail/legs__functions.h
-- Up-to-date symlink: /home/gisbert12843/ros2_ws/install/webots_spot_msgs/include/webots_spot_msgs/webots_spot_msgs/msg/detail/legs__struct.h
-- Up-to-date symlink: /home/gisbert12843/ros2_ws/install/webots_spot_msgs/include/webots_spot_msgs/webots_spot_msgs/msg/detail/legs__type_support.h
-- Up-to-date symlink: /home/gisbert12843/ros2_ws/install/webots_spot_msgs/include/webots_spot_msgs/webots_spot_msgs/msg/gait_input.h
-- Up-to-date symlink: /home/gisbert12843/ros2_ws/install/webots_spot_msgs/include/webots_spot_msgs/webots_spot_msgs/msg/int32.h
-- Up-to-date symlink: /home/gisbert12843/ros2_ws/install/webots_spot_msgs/include/webots_spot_msgs/webots_spot_msgs/msg/legs.h
-- Up-to-date symlink: /home/gisbert12843/ros2_ws/install/webots_spot_msgs/include/webots_spot_msgs/webots_spot_msgs/msg/rosidl_generator_c__visibility_control.h
-- Up-to-date symlink: /home/gisbert12843/ros2_ws/install/webots_spot_msgs/include/webots_spot_msgs/webots_spot_msgs/srv/block_pose.h
-- Up-to-date symlink: /home/gisbert12843/ros2_ws/install/webots_spot_msgs/include/webots_spot_msgs/webots_spot_msgs/srv/detail/block_pose__functions.h
-- Up-to-date symlink: /home/gisbert12843/ros2_ws/install/webots_spot_msgs/include/webots_spot_msgs/webots_spot_msgs/srv/detail/block_pose__struct.h
-- Up-to-date symlink: /home/gisbert12843/ros2_ws/install/webots_spot_msgs/include/webots_spot_msgs/webots_spot_msgs/srv/detail/block_pose__type_support.h
-- Up-to-date symlink: /home/gisbert12843/ros2_ws/install/webots_spot_msgs/include/webots_spot_msgs/webots_spot_msgs/srv/detail/spot_height__functions.h
-- Up-to-date symlink: /home/gisbert12843/ros2_ws/install/webots_spot_msgs/include/webots_spot_msgs/webots_spot_msgs/srv/detail/spot_height__struct.h
-- Up-to-date symlink: /home/gisbert12843/ros2_ws/install/webots_spot_msgs/include/webots_spot_msgs/webots_spot_msgs/srv/detail/spot_height__type_support.h
-- Up-to-date symlink: /home/gisbert12843/ros2_ws/install/webots_spot_msgs/include/webots_spot_msgs/webots_spot_msgs/srv/detail/spot_motion__functions.h
-- Up-to-date symlink: /home/gisbert12843/ros2_ws/install/webots_spot_msgs/include/webots_spot_msgs/webots_spot_msgs/srv/detail/spot_motion__struct.h
-- Up-to-date symlink: /home/gisbert12843/ros2_ws/install/webots_spot_msgs/include/webots_spot_msgs/webots_spot_msgs/srv/detail/spot_motion__type_support.h
-- Up-to-date symlink: /home/gisbert12843/ros2_ws/install/webots_spot_msgs/include/webots_spot_msgs/webots_spot_msgs/srv/spot_height.h
-- Up-to-date symlink: /home/gisbert12843/ros2_ws/install/webots_spot_msgs/include/webots_spot_msgs/webots_spot_msgs/srv/spot_motion.h
-- Up-to-date symlink: /home/gisbert12843/ros2_ws/install/webots_spot_msgs/share/webots_spot_msgs/environment/library_path.sh
-- Up-to-date symlink: /home/gisbert12843/ros2_ws/install/webots_spot_msgs/share/webots_spot_msgs/environment/library_path.dsv
-- Up-to-date symlink: /home/gisbert12843/ros2_ws/install/webots_spot_msgs/include/webots_spot_msgs/webots_spot_msgs/action/detail/peak_and_detect_object__rosidl_typesupport_fastrtps_c.h
-- Up-to-date symlink: /home/gisbert12843/ros2_ws/install/webots_spot_msgs/include/webots_spot_msgs/webots_spot_msgs/action/detail/stack__rosidl_typesupport_fastrtps_c.h
-- Up-to-date symlink: /home/gisbert12843/ros2_ws/install/webots_spot_msgs/include/webots_spot_msgs/webots_spot_msgs/msg/detail/gait_input__rosidl_typesupport_fastrtps_c.h
-- Up-to-date symlink: /home/gisbert12843/ros2_ws/install/webots_spot_msgs/include/webots_spot_msgs/webots_spot_msgs/msg/detail/int32__rosidl_typesupport_fastrtps_c.h
-- Up-to-date symlink: /home/gisbert12843/ros2_ws/install/webots_spot_msgs/include/webots_spot_msgs/webots_spot_msgs/msg/detail/legs__rosidl_typesupport_fastrtps_c.h
-- Up-to-date symlink: /home/gisbert12843/ros2_ws/install/webots_spot_msgs/include/webots_spot_msgs/webots_spot_msgs/msg/rosidl_typesupport_fastrtps_c__visibility_control.h
-- Up-to-date symlink: /home/gisbert12843/ros2_ws/install/webots_spot_msgs/include/webots_spot_msgs/webots_spot_msgs/srv/detail/block_pose__rosidl_typesupport_fastrtps_c.h
-- Up-to-date symlink: /home/gisbert12843/ros2_ws/install/webots_spot_msgs/include/webots_spot_msgs/webots_spot_msgs/srv/detail/spot_height__rosidl_typesupport_fastrtps_c.h
-- Up-to-date symlink: /home/gisbert12843/ros2_ws/install/webots_spot_msgs/include/webots_spot_msgs/webots_spot_msgs/srv/detail/spot_motion__rosidl_typesupport_fastrtps_c.h
-- Up-to-date symlink: /home/gisbert12843/ros2_ws/install/webots_spot_msgs/include/webots_spot_msgs/webots_spot_msgs/action/detail/peak_and_detect_object__rosidl_typesupport_introspection_c.h
-- Up-to-date symlink: /home/gisbert12843/ros2_ws/install/webots_spot_msgs/include/webots_spot_msgs/webots_spot_msgs/action/detail/stack__rosidl_typesupport_introspection_c.h
-- Up-to-date symlink: /home/gisbert12843/ros2_ws/install/webots_spot_msgs/include/webots_spot_msgs/webots_spot_msgs/msg/detail/gait_input__rosidl_typesupport_introspection_c.h
-- Up-to-date symlink: /home/gisbert12843/ros2_ws/install/webots_spot_msgs/include/webots_spot_msgs/webots_spot_msgs/msg/detail/int32__rosidl_typesupport_introspection_c.h
-- Up-to-date symlink: /home/gisbert12843/ros2_ws/install/webots_spot_msgs/include/webots_spot_msgs/webots_spot_msgs/msg/detail/legs__rosidl_typesupport_introspection_c.h
-- Up-to-date symlink: /home/gisbert12843/ros2_ws/install/webots_spot_msgs/include/webots_spot_msgs/webots_spot_msgs/msg/rosidl_typesupport_introspection_c__visibility_control.h
-- Up-to-date symlink: /home/gisbert12843/ros2_ws/install/webots_spot_msgs/include/webots_spot_msgs/webots_spot_msgs/srv/detail/block_pose__rosidl_typesupport_introspection_c.h
-- Up-to-date symlink: /home/gisbert12843/ros2_ws/install/webots_spot_msgs/include/webots_spot_msgs/webots_spot_msgs/srv/detail/spot_height__rosidl_typesupport_introspection_c.h
-- Up-to-date symlink: /home/gisbert12843/ros2_ws/install/webots_spot_msgs/include/webots_spot_msgs/webots_spot_msgs/srv/detail/spot_motion__rosidl_typesupport_introspection_c.h
-- Up-to-date symlink: /home/gisbert12843/ros2_ws/install/webots_spot_msgs/include/webots_spot_msgs/webots_spot_msgs/action/detail/peak_and_detect_object__builder.hpp
-- Up-to-date symlink: /home/gisbert12843/ros2_ws/install/webots_spot_msgs/include/webots_spot_msgs/webots_spot_msgs/action/detail/peak_and_detect_object__struct.hpp
-- Up-to-date symlink: /home/gisbert12843/ros2_ws/install/webots_spot_msgs/include/webots_spot_msgs/webots_spot_msgs/action/detail/peak_and_detect_object__traits.hpp
-- Up-to-date symlink: /home/gisbert12843/ros2_ws/install/webots_spot_msgs/include/webots_spot_msgs/webots_spot_msgs/action/detail/stack__builder.hpp
-- Up-to-date symlink: /home/gisbert12843/ros2_ws/install/webots_spot_msgs/include/webots_spot_msgs/webots_spot_msgs/action/detail/stack__struct.hpp
-- Up-to-date symlink: /home/gisbert12843/ros2_ws/install/webots_spot_msgs/include/webots_spot_msgs/webots_spot_msgs/action/detail/stack__traits.hpp
-- Up-to-date symlink: /home/gisbert12843/ros2_ws/install/webots_spot_msgs/include/webots_spot_msgs/webots_spot_msgs/action/peak_and_detect_object.hpp
-- Up-to-date symlink: /home/gisbert12843/ros2_ws/install/webots_spot_msgs/include/webots_spot_msgs/webots_spot_msgs/action/stack.hpp
-- Up-to-date symlink: /home/gisbert12843/ros2_ws/install/webots_spot_msgs/include/webots_spot_msgs/webots_spot_msgs/msg/detail/gait_input__builder.hpp
-- Up-to-date symlink: /home/gisbert12843/ros2_ws/install/webots_spot_msgs/include/webots_spot_msgs/webots_spot_msgs/msg/detail/gait_input__struct.hpp
-- Up-to-date symlink: /home/gisbert12843/ros2_ws/install/webots_spot_msgs/include/webots_spot_msgs/webots_spot_msgs/msg/detail/gait_input__traits.hpp
-- Up-to-date symlink: /home/gisbert12843/ros2_ws/install/webots_spot_msgs/include/webots_spot_msgs/webots_spot_msgs/msg/detail/int32__builder.hpp
-- Up-to-date symlink: /home/gisbert12843/ros2_ws/install/webots_spot_msgs/include/webots_spot_msgs/webots_spot_msgs/msg/detail/int32__struct.hpp
-- Up-to-date symlink: /home/gisbert12843/ros2_ws/install/webots_spot_msgs/include/webots_spot_msgs/webots_spot_msgs/msg/detail/int32__traits.hpp
-- Up-to-date symlink: /home/gisbert12843/ros2_ws/install/webots_spot_msgs/include/webots_spot_msgs/webots_spot_msgs/msg/detail/legs__builder.hpp
-- Up-to-date symlink: /home/gisbert12843/ros2_ws/install/webots_spot_msgs/include/webots_spot_msgs/webots_spot_msgs/msg/detail/legs__struct.hpp
-- Up-to-date symlink: /home/gisbert12843/ros2_ws/install/webots_spot_msgs/include/webots_spot_msgs/webots_spot_msgs/msg/detail/legs__traits.hpp
-- Up-to-date symlink: /home/gisbert12843/ros2_ws/install/webots_spot_msgs/include/webots_spot_msgs/webots_spot_msgs/msg/gait_input.hpp
-- Up-to-date symlink: /home/gisbert12843/ros2_ws/install/webots_spot_msgs/include/webots_spot_msgs/webots_spot_msgs/msg/int32.hpp
-- Up-to-date symlink: /home/gisbert12843/ros2_ws/install/webots_spot_msgs/include/webots_spot_msgs/webots_spot_msgs/msg/legs.hpp
-- Up-to-date symlink: /home/gisbert12843/ros2_ws/install/webots_spot_msgs/include/webots_spot_msgs/webots_spot_msgs/srv/block_pose.hpp
-- Up-to-date symlink: /home/gisbert12843/ros2_ws/install/webots_spot_msgs/include/webots_spot_msgs/webots_spot_msgs/srv/detail/block_pose__builder.hpp
-- Up-to-date symlink: /home/gisbert12843/ros2_ws/install/webots_spot_msgs/include/webots_spot_msgs/webots_spot_msgs/srv/detail/block_pose__struct.hpp
-- Up-to-date symlink: /home/gisbert12843/ros2_ws/install/webots_spot_msgs/include/webots_spot_msgs/webots_spot_msgs/srv/detail/block_pose__traits.hpp
-- Up-to-date symlink: /home/gisbert12843/ros2_ws/install/webots_spot_msgs/include/webots_spot_msgs/webots_spot_msgs/srv/detail/spot_height__builder.hpp
-- Up-to-date symlink: /home/gisbert12843/ros2_ws/install/webots_spot_msgs/include/webots_spot_msgs/webots_spot_msgs/srv/detail/spot_height__struct.hpp
-- Up-to-date symlink: /home/gisbert12843/ros2_ws/install/webots_spot_msgs/include/webots_spot_msgs/webots_spot_msgs/srv/detail/spot_height__traits.hpp
-- Up-to-date symlink: /home/gisbert12843/ros2_ws/install/webots_spot_msgs/include/webots_spot_msgs/webots_spot_msgs/srv/detail/spot_motion__builder.hpp
-- Up-to-date symlink: /home/gisbert12843/ros2_ws/install/webots_spot_msgs/include/webots_spot_msgs/webots_spot_msgs/srv/detail/spot_motion__struct.hpp
-- Up-to-date symlink: /home/gisbert12843/ros2_ws/install/webots_spot_msgs/include/webots_spot_msgs/webots_spot_msgs/srv/detail/spot_motion__traits.hpp
-- Up-to-date symlink: /home/gisbert12843/ros2_ws/install/webots_spot_msgs/include/webots_spot_msgs/webots_spot_msgs/srv/spot_height.hpp
-- Up-to-date symlink: /home/gisbert12843/ros2_ws/install/webots_spot_msgs/include/webots_spot_msgs/webots_spot_msgs/srv/spot_motion.hpp
-- Up-to-date symlink: /home/gisbert12843/ros2_ws/install/webots_spot_msgs/include/webots_spot_msgs/webots_spot_msgs/action/detail/peak_and_detect_object__rosidl_typesupport_fastrtps_cpp.hpp
-- Up-to-date symlink: /home/gisbert12843/ros2_ws/install/webots_spot_msgs/include/webots_spot_msgs/webots_spot_msgs/action/detail/stack__rosidl_typesupport_fastrtps_cpp.hpp
-- Up-to-date symlink: /home/gisbert12843/ros2_ws/install/webots_spot_msgs/include/webots_spot_msgs/webots_spot_msgs/msg/detail/gait_input__rosidl_typesupport_fastrtps_cpp.hpp
-- Up-to-date symlink: /home/gisbert12843/ros2_ws/install/webots_spot_msgs/include/webots_spot_msgs/webots_spot_msgs/msg/detail/int32__rosidl_typesupport_fastrtps_cpp.hpp
-- Up-to-date symlink: /home/gisbert12843/ros2_ws/install/webots_spot_msgs/include/webots_spot_msgs/webots_spot_msgs/msg/detail/legs__rosidl_typesupport_fastrtps_cpp.hpp
-- Up-to-date symlink: /home/gisbert12843/ros2_ws/install/webots_spot_msgs/include/webots_spot_msgs/webots_spot_msgs/msg/rosidl_typesupport_fastrtps_cpp__visibility_control.h
-- Up-to-date symlink: /home/gisbert12843/ros2_ws/install/webots_spot_msgs/include/webots_spot_msgs/webots_spot_msgs/srv/detail/block_pose__rosidl_typesupport_fastrtps_cpp.hpp
-- Up-to-date symlink: /home/gisbert12843/ros2_ws/install/webots_spot_msgs/include/webots_spot_msgs/webots_spot_msgs/srv/detail/spot_height__rosidl_typesupport_fastrtps_cpp.hpp
-- Up-to-date symlink: /home/gisbert12843/ros2_ws/install/webots_spot_msgs/include/webots_spot_msgs/webots_spot_msgs/srv/detail/spot_motion__rosidl_typesupport_fastrtps_cpp.hpp
-- Up-to-date symlink: /home/gisbert12843/ros2_ws/install/webots_spot_msgs/include/webots_spot_msgs/webots_spot_msgs/action/detail/peak_and_detect_object__rosidl_typesupport_introspection_cpp.hpp
-- Up-to-date symlink: /home/gisbert12843/ros2_ws/install/webots_spot_msgs/include/webots_spot_msgs/webots_spot_msgs/action/detail/stack__rosidl_typesupport_introspection_cpp.hpp
-- Up-to-date symlink: /home/gisbert12843/ros2_ws/install/webots_spot_msgs/include/webots_spot_msgs/webots_spot_msgs/msg/detail/gait_input__rosidl_typesupport_introspection_cpp.hpp
-- Up-to-date symlink: /home/gisbert12843/ros2_ws/install/webots_spot_msgs/include/webots_spot_msgs/webots_spot_msgs/msg/detail/int32__rosidl_typesupport_introspection_cpp.hpp
-- Up-to-date symlink: /home/gisbert12843/ros2_ws/install/webots_spot_msgs/include/webots_spot_msgs/webots_spot_msgs/msg/detail/legs__rosidl_typesupport_introspection_cpp.hpp
-- Up-to-date symlink: /home/gisbert12843/ros2_ws/install/webots_spot_msgs/include/webots_spot_msgs/webots_spot_msgs/srv/detail/block_pose__rosidl_typesupport_introspection_cpp.hpp
-- Up-to-date symlink: /home/gisbert12843/ros2_ws/install/webots_spot_msgs/include/webots_spot_msgs/webots_spot_msgs/srv/detail/spot_height__rosidl_typesupport_introspection_cpp.hpp
-- Up-to-date symlink: /home/gisbert12843/ros2_ws/install/webots_spot_msgs/include/webots_spot_msgs/webots_spot_msgs/srv/detail/spot_motion__rosidl_typesupport_introspection_cpp.hpp
-- Up-to-date symlink: /home/gisbert12843/ros2_ws/install/webots_spot_msgs/share/webots_spot_msgs/environment/pythonpath.sh
-- Up-to-date symlink: /home/gisbert12843/ros2_ws/install/webots_spot_msgs/share/webots_spot_msgs/environment/pythonpath.dsv
-- Up-to-date symlink: /home/gisbert12843/ros2_ws/install/webots_spot_msgs/local/lib/python3.10/dist-packages/webots_spot_msgs-0.0.0-py3.10.egg-info/PKG-INFO
-- Up-to-date symlink: /home/gisbert12843/ros2_ws/install/webots_spot_msgs/local/lib/python3.10/dist-packages/webots_spot_msgs-0.0.0-py3.10.egg-info/SOURCES.txt
-- Up-to-date symlink: /home/gisbert12843/ros2_ws/install/webots_spot_msgs/local/lib/python3.10/dist-packages/webots_spot_msgs-0.0.0-py3.10.egg-info/dependency_links.txt
-- Up-to-date symlink: /home/gisbert12843/ros2_ws/install/webots_spot_msgs/local/lib/python3.10/dist-packages/webots_spot_msgs-0.0.0-py3.10.egg-info/top_level.txt
-- Up-to-date symlink: /home/gisbert12843/ros2_ws/install/webots_spot_msgs/local/lib/python3.10/dist-packages/webots_spot_msgs/__init__.py
-- Up-to-date symlink: /home/gisbert12843/ros2_ws/install/webots_spot_msgs/local/lib/python3.10/dist-packages/webots_spot_msgs/_webots_spot_msgs_s.ep.rosidl_typesupport_c.c
-- Up-to-date symlink: /home/gisbert12843/ros2_ws/install/webots_spot_msgs/local/lib/python3.10/dist-packages/webots_spot_msgs/_webots_spot_msgs_s.ep.rosidl_typesupport_fastrtps_c.c
-- Up-to-date symlink: /home/gisbert12843/ros2_ws/install/webots_spot_msgs/local/lib/python3.10/dist-packages/webots_spot_msgs/_webots_spot_msgs_s.ep.rosidl_typesupport_introspection_c.c
-- Up-to-date symlink: /home/gisbert12843/ros2_ws/install/webots_spot_msgs/local/lib/python3.10/dist-packages/webots_spot_msgs/action/__init__.py
-- Up-to-date symlink: /home/gisbert12843/ros2_ws/install/webots_spot_msgs/local/lib/python3.10/dist-packages/webots_spot_msgs/action/_peak_and_detect_object.py
-- Up-to-date symlink: /home/gisbert12843/ros2_ws/install/webots_spot_msgs/local/lib/python3.10/dist-packages/webots_spot_msgs/action/_peak_and_detect_object_s.c
-- Up-to-date symlink: /home/gisbert12843/ros2_ws/install/webots_spot_msgs/local/lib/python3.10/dist-packages/webots_spot_msgs/action/_stack.py
-- Up-to-date symlink: /home/gisbert12843/ros2_ws/install/webots_spot_msgs/local/lib/python3.10/dist-packages/webots_spot_msgs/action/_stack_s.c
-- Up-to-date symlink: /home/gisbert12843/ros2_ws/install/webots_spot_msgs/local/lib/python3.10/dist-packages/webots_spot_msgs/libwebots_spot_msgs__rosidl_generator_py.so
-- Up-to-date symlink: /home/gisbert12843/ros2_ws/install/webots_spot_msgs/local/lib/python3.10/dist-packages/webots_spot_msgs/msg/__init__.py
-- Up-to-date symlink: /home/gisbert12843/ros2_ws/install/webots_spot_msgs/local/lib/python3.10/dist-packages/webots_spot_msgs/msg/_gait_input.py
-- Up-to-date symlink: /home/gisbert12843/ros2_ws/install/webots_spot_msgs/local/lib/python3.10/dist-packages/webots_spot_msgs/msg/_gait_input_s.c
-- Up-to-date symlink: /home/gisbert12843/ros2_ws/install/webots_spot_msgs/local/lib/python3.10/dist-packages/webots_spot_msgs/msg/_int32.py
-- Up-to-date symlink: /home/gisbert12843/ros2_ws/install/webots_spot_msgs/local/lib/python3.10/dist-packages/webots_spot_msgs/msg/_int32_s.c
-- Up-to-date symlink: /home/gisbert12843/ros2_ws/install/webots_spot_msgs/local/lib/python3.10/dist-packages/webots_spot_msgs/msg/_legs.py
-- Up-to-date symlink: /home/gisbert12843/ros2_ws/install/webots_spot_msgs/local/lib/python3.10/dist-packages/webots_spot_msgs/msg/_legs_s.c
-- Up-to-date symlink: /home/gisbert12843/ros2_ws/install/webots_spot_msgs/local/lib/python3.10/dist-packages/webots_spot_msgs/srv/__init__.py
-- Up-to-date symlink: /home/gisbert12843/ros2_ws/install/webots_spot_msgs/local/lib/python3.10/dist-packages/webots_spot_msgs/srv/_block_pose.py
-- Up-to-date symlink: /home/gisbert12843/ros2_ws/install/webots_spot_msgs/local/lib/python3.10/dist-packages/webots_spot_msgs/srv/_block_pose_s.c
-- Up-to-date symlink: /home/gisbert12843/ros2_ws/install/webots_spot_msgs/local/lib/python3.10/dist-packages/webots_spot_msgs/srv/_spot_height.py
-- Up-to-date symlink: /home/gisbert12843/ros2_ws/install/webots_spot_msgs/local/lib/python3.10/dist-packages/webots_spot_msgs/srv/_spot_height_s.c
-- Up-to-date symlink: /home/gisbert12843/ros2_ws/install/webots_spot_msgs/local/lib/python3.10/dist-packages/webots_spot_msgs/srv/_spot_motion.py
-- Up-to-date symlink: /home/gisbert12843/ros2_ws/install/webots_spot_msgs/local/lib/python3.10/dist-packages/webots_spot_msgs/srv/_spot_motion_s.c
-- Up-to-date symlink: /home/gisbert12843/ros2_ws/install/webots_spot_msgs/local/lib/python3.10/dist-packages/webots_spot_msgs/webots_spot_msgs_s__rosidl_typesupport_c.cpython-310-x86_64-linux-gnu.so
-- Up-to-date symlink: /home/gisbert12843/ros2_ws/install/webots_spot_msgs/local/lib/python3.10/dist-packages/webots_spot_msgs/webots_spot_msgs_s__rosidl_typesupport_fastrtps_c.cpython-310-x86_64-linux-gnu.so
-- Up-to-date symlink: /home/gisbert12843/ros2_ws/install/webots_spot_msgs/local/lib/python3.10/dist-packages/webots_spot_msgs/webots_spot_msgs_s__rosidl_typesupport_introspection_c.cpython-310-x86_64-linux-gnu.so
-- Up-to-date symlink: /home/gisbert12843/ros2_ws/install/webots_spot_msgs/local/lib/python3.10/dist-packages/webots_spot_msgs/webots_spot_msgs_s__rosidl_typesupport_fastrtps_c.cpython-310-x86_64-linux-gnu.so
-- Up-to-date symlink: /home/gisbert12843/ros2_ws/install/webots_spot_msgs/local/lib/python3.10/dist-packages/webots_spot_msgs/webots_spot_msgs_s__rosidl_typesupport_introspection_c.cpython-310-x86_64-linux-gnu.so
-- Up-to-date symlink: /home/gisbert12843/ros2_ws/install/webots_spot_msgs/local/lib/python3.10/dist-packages/webots_spot_msgs/webots_spot_msgs_s__rosidl_typesupport_c.cpython-310-x86_64-linux-gnu.so
-- Up-to-date symlink: /home/gisbert12843/ros2_ws/install/webots_spot_msgs/share/webots_spot_msgs/msg/Int32.idl
-- Up-to-date symlink: /home/gisbert12843/ros2_ws/install/webots_spot_msgs/share/webots_spot_msgs/msg/Legs.idl
-- Up-to-date symlink: /home/gisbert12843/ros2_ws/install/webots_spot_msgs/share/webots_spot_msgs/msg/GaitInput.idl
-- Up-to-date symlink: /home/gisbert12843/ros2_ws/install/webots_spot_msgs/share/webots_spot_msgs/srv/SpotMotion.idl
-- Up-to-date symlink: /home/gisbert12843/ros2_ws/install/webots_spot_msgs/share/webots_spot_msgs/srv/SpotHeight.idl
-- Up-to-date symlink: /home/gisbert12843/ros2_ws/install/webots_spot_msgs/share/webots_spot_msgs/srv/BlockPose.idl
-- Up-to-date symlink: /home/gisbert12843/ros2_ws/install/webots_spot_msgs/share/webots_spot_msgs/action/Stack.idl
-- Up-to-date symlink: /home/gisbert12843/ros2_ws/install/webots_spot_msgs/share/webots_spot_msgs/action/PeakAndDetectObject.idl
-- Up-to-date symlink: /home/gisbert12843/ros2_ws/install/webots_spot_msgs/share/webots_spot_msgs/msg/Int32.msg
-- Up-to-date symlink: /home/gisbert12843/ros2_ws/install/webots_spot_msgs/share/webots_spot_msgs/msg/Legs.msg
-- Up-to-date symlink: /home/gisbert12843/ros2_ws/install/webots_spot_msgs/share/webots_spot_msgs/msg/GaitInput.msg
-- Up-to-date symlink: /home/gisbert12843/ros2_ws/install/webots_spot_msgs/share/webots_spot_msgs/srv/SpotMotion.srv
-- Up-to-date symlink: /home/gisbert12843/ros2_ws/install/webots_spot_msgs/share/webots_spot_msgs/srv/SpotMotion_Request.msg
-- Up-to-date symlink: /home/gisbert12843/ros2_ws/install/webots_spot_msgs/share/webots_spot_msgs/srv/SpotMotion_Response.msg
-- Up-to-date symlink: /home/gisbert12843/ros2_ws/install/webots_spot_msgs/share/webots_spot_msgs/srv/SpotHeight.srv
-- Up-to-date symlink: /home/gisbert12843/ros2_ws/install/webots_spot_msgs/share/webots_spot_msgs/srv/SpotHeight_Request.msg
-- Up-to-date symlink: /home/gisbert12843/ros2_ws/install/webots_spot_msgs/share/webots_spot_msgs/srv/SpotHeight_Response.msg
-- Up-to-date symlink: /home/gisbert12843/ros2_ws/install/webots_spot_msgs/share/webots_spot_msgs/srv/BlockPose.srv
-- Up-to-date symlink: /home/gisbert12843/ros2_ws/install/webots_spot_msgs/share/webots_spot_msgs/srv/BlockPose_Request.msg
-- Up-to-date symlink: /home/gisbert12843/ros2_ws/install/webots_spot_msgs/share/webots_spot_msgs/srv/BlockPose_Response.msg
-- Up-to-date symlink: /home/gisbert12843/ros2_ws/install/webots_spot_msgs/share/webots_spot_msgs/action/Stack.action
-- Up-to-date symlink: /home/gisbert12843/ros2_ws/install/webots_spot_msgs/share/webots_spot_msgs/action/PeakAndDetectObject.action
-- Up-to-date symlink: /home/gisbert12843/ros2_ws/install/webots_spot_msgs/share/ament_index/resource_index/package_run_dependencies/webots_spot_msgs
-- Up-to-date symlink: /home/gisbert12843/ros2_ws/install/webots_spot_msgs/share/ament_index/resource_index/parent_prefix_path/webots_spot_msgs
-- Up-to-date symlink: /home/gisbert12843/ros2_ws/install/webots_spot_msgs/share/webots_spot_msgs/environment/ament_prefix_path.sh
-- Up-to-date symlink: /home/gisbert12843/ros2_ws/install/webots_spot_msgs/share/webots_spot_msgs/environment/ament_prefix_path.dsv
-- Up-to-date symlink: /home/gisbert12843/ros2_ws/install/webots_spot_msgs/share/webots_spot_msgs/environment/path.sh
-- Up-to-date symlink: /home/gisbert12843/ros2_ws/install/webots_spot_msgs/share/webots_spot_msgs/environment/path.dsv
-- Up-to-date symlink: /home/gisbert12843/ros2_ws/install/webots_spot_msgs/share/webots_spot_msgs/local_setup.bash
-- Up-to-date symlink: /home/gisbert12843/ros2_ws/install/webots_spot_msgs/share/webots_spot_msgs/local_setup.sh
-- Up-to-date symlink: /home/gisbert12843/ros2_ws/install/webots_spot_msgs/share/webots_spot_msgs/local_setup.zsh
-- Up-to-date symlink: /home/gisbert12843/ros2_ws/install/webots_spot_msgs/share/webots_spot_msgs/local_setup.dsv
-- Symlinking: /home/gisbert12843/ros2_ws/install/webots_spot_msgs/share/webots_spot_msgs/package.dsv
-- Up-to-date symlink: /home/gisbert12843/ros2_ws/install/webots_spot_msgs/share/ament_index/resource_index/packages/webots_spot_msgs
-- Up-to-date symlink: /home/gisbert12843/ros2_ws/install/webots_spot_msgs/share/webots_spot_msgs/cmake/rosidl_cmake-extras.cmake
-- Up-to-date symlink: /home/gisbert12843/ros2_ws/install/webots_spot_msgs/share/webots_spot_msgs/cmake/ament_cmake_export_dependencies-extras.cmake
-- Up-to-date symlink: /home/gisbert12843/ros2_ws/install/webots_spot_msgs/share/webots_spot_msgs/cmake/ament_cmake_export_include_directories-extras.cmake
-- Up-to-date symlink: /home/gisbert12843/ros2_ws/install/webots_spot_msgs/share/webots_spot_msgs/cmake/ament_cmake_export_libraries-extras.cmake
-- Up-to-date symlink: /home/gisbert12843/ros2_ws/install/webots_spot_msgs/share/webots_spot_msgs/cmake/ament_cmake_export_targets-extras.cmake
-- Up-to-date symlink: /home/gisbert12843/ros2_ws/install/webots_spot_msgs/share/webots_spot_msgs/cmake/rosidl_cmake_export_typesupport_targets-extras.cmake
-- Up-to-date symlink: /home/gisbert12843/ros2_ws/install/webots_spot_msgs/share/webots_spot_msgs/cmake/rosidl_cmake_export_typesupport_libraries-extras.cmake
-- Up-to-date symlink: /home/gisbert12843/ros2_ws/install/webots_spot_msgs/share/webots_spot_msgs/cmake/webots_spot_msgsConfig.cmake
-- Up-to-date symlink: /home/gisbert12843/ros2_ws/install/webots_spot_msgs/share/webots_spot_msgs/cmake/webots_spot_msgsConfig-version.cmake
-- Up-to-date symlink: /home/gisbert12843/ros2_ws/install/webots_spot_msgs/share/webots_spot_msgs/package.xml
-- Up-to-date: /home/gisbert12843/ros2_ws/install/webots_spot_msgs/lib/libwebots_spot_msgs__rosidl_generator_c.so
-- Up-to-date: /home/gisbert12843/ros2_ws/install/webots_spot_msgs/lib/libwebots_spot_msgs__rosidl_typesupport_fastrtps_c.so
-- Up-to-date: /home/gisbert12843/ros2_ws/install/webots_spot_msgs/lib/libwebots_spot_msgs__rosidl_typesupport_introspection_c.so
-- Up-to-date: /home/gisbert12843/ros2_ws/install/webots_spot_msgs/lib/libwebots_spot_msgs__rosidl_typesupport_c.so
-- Up-to-date: /home/gisbert12843/ros2_ws/install/webots_spot_msgs/lib/libwebots_spot_msgs__rosidl_typesupport_fastrtps_cpp.so
-- Up-to-date: /home/gisbert12843/ros2_ws/install/webots_spot_msgs/lib/libwebots_spot_msgs__rosidl_typesupport_introspection_cpp.so
-- Up-to-date: /home/gisbert12843/ros2_ws/install/webots_spot_msgs/lib/libwebots_spot_msgs__rosidl_typesupport_cpp.so
Listing '/home/gisbert12843/ros2_ws/install/webots_spot_msgs/local/lib/python3.10/dist-packages/webots_spot_msgs'...
Listing '/home/gisbert12843/ros2_ws/install/webots_spot_msgs/local/lib/python3.10/dist-packages/webots_spot_msgs/action'...
Listing '/home/gisbert12843/ros2_ws/install/webots_spot_msgs/local/lib/python3.10/dist-packages/webots_spot_msgs/msg'...
Listing '/home/gisbert12843/ros2_ws/install/webots_spot_msgs/local/lib/python3.10/dist-packages/webots_spot_msgs/srv'...
-- Up-to-date: /home/gisbert12843/ros2_ws/install/webots_spot_msgs/lib/libwebots_spot_msgs__rosidl_generator_py.so
-- Up-to-date: /home/gisbert12843/ros2_ws/install/webots_spot_msgs/share/webots_spot_msgs/cmake/export_webots_spot_msgs__rosidl_generator_cExport.cmake
-- Up-to-date: /home/gisbert12843/ros2_ws/install/webots_spot_msgs/share/webots_spot_msgs/cmake/export_webots_spot_msgs__rosidl_generator_cExport-noconfig.cmake
-- Up-to-date: /home/gisbert12843/ros2_ws/install/webots_spot_msgs/share/webots_spot_msgs/cmake/export_webots_spot_msgs__rosidl_typesupport_fastrtps_cExport.cmake
-- Up-to-date: /home/gisbert12843/ros2_ws/install/webots_spot_msgs/share/webots_spot_msgs/cmake/export_webots_spot_msgs__rosidl_typesupport_fastrtps_cExport-noconfig.cmake
-- Up-to-date: /home/gisbert12843/ros2_ws/install/webots_spot_msgs/share/webots_spot_msgs/cmake/webots_spot_msgs__rosidl_typesupport_introspection_cExport.cmake
-- Up-to-date: /home/gisbert12843/ros2_ws/install/webots_spot_msgs/share/webots_spot_msgs/cmake/webots_spot_msgs__rosidl_typesupport_introspection_cExport-noconfig.cmake
-- Up-to-date: /home/gisbert12843/ros2_ws/install/webots_spot_msgs/share/webots_spot_msgs/cmake/webots_spot_msgs__rosidl_typesupport_cExport.cmake
-- Up-to-date: /home/gisbert12843/ros2_ws/install/webots_spot_msgs/share/webots_spot_msgs/cmake/webots_spot_msgs__rosidl_typesupport_cExport-noconfig.cmake
-- Up-to-date: /home/gisbert12843/ros2_ws/install/webots_spot_msgs/share/webots_spot_msgs/cmake/export_webots_spot_msgs__rosidl_generator_cppExport.cmake
-- Up-to-date: /home/gisbert12843/ros2_ws/install/webots_spot_msgs/share/webots_spot_msgs/cmake/export_webots_spot_msgs__rosidl_typesupport_fastrtps_cppExport.cmake
-- Up-to-date: /home/gisbert12843/ros2_ws/install/webots_spot_msgs/share/webots_spot_msgs/cmake/export_webots_spot_msgs__rosidl_typesupport_fastrtps_cppExport-noconfig.cmake
-- Up-to-date: /home/gisbert12843/ros2_ws/install/webots_spot_msgs/share/webots_spot_msgs/cmake/webots_spot_msgs__rosidl_typesupport_introspection_cppExport.cmake
-- Up-to-date: /home/gisbert12843/ros2_ws/install/webots_spot_msgs/share/webots_spot_msgs/cmake/webots_spot_msgs__rosidl_typesupport_introspection_cppExport-noconfig.cmake
-- Up-to-date: /home/gisbert12843/ros2_ws/install/webots_spot_msgs/share/webots_spot_msgs/cmake/webots_spot_msgs__rosidl_typesupport_cppExport.cmake
-- Up-to-date: /home/gisbert12843/ros2_ws/install/webots_spot_msgs/share/webots_spot_msgs/cmake/webots_spot_msgs__rosidl_typesupport_cppExport-noconfig.cmake
-- Up-to-date: /home/gisbert12843/ros2_ws/install/webots_spot_msgs/share/webots_spot_msgs/cmake/export_webots_spot_msgs__rosidl_generator_pyExport.cmake
-- Up-to-date: /home/gisbert12843/ros2_ws/install/webots_spot_msgs/share/webots_spot_msgs/cmake/export_webots_spot_msgs__rosidl_generator_pyExport-noconfig.cmake
