[0.387s] Invoking command in '/home/gisbert12843/Projects/Robotics_Prak/prak2_ws/build/webots_spot_teleop': PYTHONPATH=/home/gisbert12843/Projects/Robotics_Prak/prak2_ws/build/webots_spot_teleop/prefix_override:/usr/lib/python3/dist-packages/colcon_core/task/python/colcon_distutils_commands:/home/gisbert12843/Projects/Robotics_Prak/prak2_ws/install/webots_spot_teleop/lib/python3.10/site-packages:${PYTHONPATH} /usr/bin/python3 -W ignore:setup.py install is deprecated setup.py develop --editable --build-directory /home/gisbert12843/Projects/Robotics_Prak/prak2_ws/build/webots_spot_teleop/build --no-deps symlink_data
[0.535s] /usr/lib/python3/dist-packages/setuptools/dist.py:723: UserWarning: Usage of dash-separated 'script-dir' will not be supported in future versions. Please use the underscore name 'script_dir' instead
[0.535s]   warnings.warn(
[0.552s] running develop
[0.552s] /usr/lib/python3/dist-packages/setuptools/command/easy_install.py:158: EasyInstallDeprecationWarning: easy_install command is deprecated. Use build and pip and other standards-based tools.
[0.552s]   warnings.warn(
[0.652s] running egg_info
[0.652s] creating webots_spot_teleop.egg-info
[0.652s] writing webots_spot_teleop.egg-info/PKG-INFO
[0.653s] writing dependency_links to webots_spot_teleop.egg-info/dependency_links.txt
[0.653s] writing entry points to webots_spot_teleop.egg-info/entry_points.txt
[0.653s] writing requirements to webots_spot_teleop.egg-info/requires.txt
[0.653s] writing top-level names to webots_spot_teleop.egg-info/top_level.txt
[0.653s] writing manifest file 'webots_spot_teleop.egg-info/SOURCES.txt'
[0.654s] reading manifest file 'webots_spot_teleop.egg-info/SOURCES.txt'
[0.654s] writing manifest file 'webots_spot_teleop.egg-info/SOURCES.txt'
[0.655s] running build_ext
[0.655s] Creating /home/gisbert12843/Projects/Robotics_Prak/prak2_ws/install/webots_spot_teleop/lib/python3.10/site-packages/webots-spot-teleop.egg-link (link to .)
[0.655s] Installing keyboard script to /home/gisbert12843/Projects/Robotics_Prak/prak2_ws/install/webots_spot_teleop/lib/webots_spot_teleop
[0.656s] Installing sliders script to /home/gisbert12843/Projects/Robotics_Prak/prak2_ws/install/webots_spot_teleop/lib/webots_spot_teleop
[0.656s] 
[0.656s] Installed /home/gisbert12843/Projects/Robotics_Prak/prak2_ws/build/webots_spot_teleop
[0.656s] running symlink_data
[0.656s] creating /home/gisbert12843/Projects/Robotics_Prak/prak2_ws/install/webots_spot_teleop/share/ament_index
[0.656s] creating /home/gisbert12843/Projects/Robotics_Prak/prak2_ws/install/webots_spot_teleop/share/ament_index/resource_index
[0.656s] creating /home/gisbert12843/Projects/Robotics_Prak/prak2_ws/install/webots_spot_teleop/share/ament_index/resource_index/packages
[0.656s] symbolically linking /home/gisbert12843/Projects/Robotics_Prak/prak2_ws/build/webots_spot_teleop/resource/webots_spot_teleop -> /home/gisbert12843/Projects/Robotics_Prak/prak2_ws/install/webots_spot_teleop/share/ament_index/resource_index/packages
[0.656s] symbolically linking /home/gisbert12843/Projects/Robotics_Prak/prak2_ws/build/webots_spot_teleop/package.xml -> /home/gisbert12843/Projects/Robotics_Prak/prak2_ws/install/webots_spot_teleop/share/webots_spot_teleop
[0.672s] Invoked command in '/home/gisbert12843/Projects/Robotics_Prak/prak2_ws/build/webots_spot_teleop' returned '0': PYTHONPATH=/home/gisbert12843/Projects/Robotics_Prak/prak2_ws/build/webots_spot_teleop/prefix_override:/usr/lib/python3/dist-packages/colcon_core/task/python/colcon_distutils_commands:/home/gisbert12843/Projects/Robotics_Prak/prak2_ws/install/webots_spot_teleop/lib/python3.10/site-packages:${PYTHONPATH} /usr/bin/python3 -W ignore:setup.py install is deprecated setup.py develop --editable --build-directory /home/gisbert12843/Projects/Robotics_Prak/prak2_ws/build/webots_spot_teleop/build --no-deps symlink_data
