[5.751s] Invoking command in '/home/jizzy/ros_ws/src/my_package': DEBUGINFOD_URLS=https://debuginfod.ubuntu.com PYTHONPATH=/home/jizzy/ros_ws/build/my_package/prefix_override:/usr/lib/python3/dist-packages/colcon_core/task/python/colcon_distutils_commands:/home/jizzy/ros_ws/install/my_package/lib/python3.12/site-packages:${PYTHONPATH} /usr/bin/python3 -W ignore:setup.py install is deprecated setup.py egg_info --egg-base ../../build/my_package build --build-base /home/jizzy/ros_ws/build/my_package/build install --record /home/jizzy/ros_ws/build/my_package/install.log --single-version-externally-managed install_data
[7.655s] running egg_info
[7.801s] writing ../../build/my_package/my_package.egg-info/PKG-INFO
[7.807s] writing dependency_links to ../../build/my_package/my_package.egg-info/dependency_links.txt
[7.813s] writing entry points to ../../build/my_package/my_package.egg-info/entry_points.txt
[7.813s] writing requirements to ../../build/my_package/my_package.egg-info/requires.txt
[7.814s] writing top-level names to ../../build/my_package/my_package.egg-info/top_level.txt
[8.270s] reading manifest file '../../build/my_package/my_package.egg-info/SOURCES.txt'
[8.275s] adding license file 'LICENSE'
[8.275s] writing manifest file '../../build/my_package/my_package.egg-info/SOURCES.txt'
[8.276s] running build
[8.280s] running build_py
[8.280s] copying my_package/run_cricle_command.py -> /home/jizzy/ros_ws/build/my_package/build/lib/my_package
[8.281s] running install
[8.285s] running install_lib
[8.511s] copying /home/jizzy/ros_ws/build/my_package/build/lib/my_package/run_cricle_command.py -> /home/jizzy/ros_ws/install/my_package/lib/python3.12/site-packages/my_package
[8.525s] byte-compiling /home/jizzy/ros_ws/install/my_package/lib/python3.12/site-packages/my_package/run_cricle_command.py to run_cricle_command.cpython-312.pyc
[8.533s] running install_data
[8.533s] running install_egg_info
[8.876s] removing '/home/jizzy/ros_ws/install/my_package/lib/python3.12/site-packages/my_package-0.0.0-py3.12.egg-info' (and everything under it)
[8.897s] Copying ../../build/my_package/my_package.egg-info to /home/jizzy/ros_ws/install/my_package/lib/python3.12/site-packages/my_package-0.0.0-py3.12.egg-info
[8.897s] running install_scripts
[10.485s] Installing my_node script to /home/jizzy/ros_ws/install/my_package/lib/my_package
[10.487s] Installing run_circle_command script to /home/jizzy/ros_ws/install/my_package/lib/my_package
[10.491s] writing list of installed files to '/home/jizzy/ros_ws/build/my_package/install.log'
[10.696s] Invoked command in '/home/jizzy/ros_ws/src/my_package' returned '0': DEBUGINFOD_URLS=https://debuginfod.ubuntu.com PYTHONPATH=/home/jizzy/ros_ws/build/my_package/prefix_override:/usr/lib/python3/dist-packages/colcon_core/task/python/colcon_distutils_commands:/home/jizzy/ros_ws/install/my_package/lib/python3.12/site-packages:${PYTHONPATH} /usr/bin/python3 -W ignore:setup.py install is deprecated setup.py egg_info --egg-base ../../build/my_package build --build-base /home/jizzy/ros_ws/build/my_package/build install --record /home/jizzy/ros_ws/build/my_package/install.log --single-version-externally-managed install_data
