[0.955s] DEBUG:colcon:Command line arguments: ['/usr/bin/colcon', 'build']
[0.956s] DEBUG:colcon:Parsed command line arguments: Namespace(log_base=None, log_level=None, verb_name='build', build_base='build', install_base='install', merge_install=False, symlink_install=False, test_result_base=None, continue_on_error=False, executor='parallel', parallel_workers=2, event_handlers=None, ignore_user_meta=False, metas=['./colcon.meta'], base_paths=['.'], packages_ignore=None, packages_ignore_regex=None, paths=None, packages_up_to=None, packages_up_to_regex=None, packages_above=None, packages_above_and_dependencies=None, packages_above_depth=None, packages_select_by_dep=None, packages_skip_by_dep=None, packages_skip_up_to=None, packages_select_build_failed=False, packages_skip_build_finished=False, packages_select_test_failures=False, packages_skip_test_passed=False, packages_select=None, packages_skip=None, packages_select_regex=None, packages_skip_regex=None, packages_start=None, packages_end=None, allow_overriding=[], cmake_args=None, cmake_target=None, cmake_target_skip_unavailable=False, cmake_clean_cache=False, cmake_clean_first=False, cmake_force_configure=False, ament_cmake_args=None, catkin_cmake_args=None, catkin_skip_building_tests=False, mixin_files=None, mixin=None, verb_parser=<colcon_mixin.mixin.mixin_argument.MixinArgumentDecorator object at 0x74806e0819d0>, verb_extension=<colcon_core.verb.build.BuildVerb object at 0x74806e001cd0>, main=<bound method BuildVerb.main of <colcon_core.verb.build.BuildVerb object at 0x74806e001cd0>>, mixin_verb=('build',))
[1.150s] Level 1:colcon.colcon_core.package_discovery:discover_packages(colcon_meta) check parameters
[1.151s] Level 1:colcon.colcon_core.package_discovery:discover_packages(recursive) check parameters
[1.152s] Level 1:colcon.colcon_core.package_discovery:discover_packages(ignore) check parameters
[1.152s] Level 1:colcon.colcon_core.package_discovery:discover_packages(path) check parameters
[1.152s] Level 1:colcon.colcon_core.package_discovery:discover_packages(colcon_meta) discover
[1.153s] Level 1:colcon.colcon_core.package_discovery:discover_packages(recursive) discover
[1.153s] INFO:colcon.colcon_core.package_discovery:Crawling recursively for packages in '/home/jizzy/ros_ws'
[1.154s] Level 1:colcon.colcon_core.package_identification:_identify(.) by extensions ['ignore', 'ignore_ament_install']
[1.154s] Level 1:colcon.colcon_core.package_identification:_identify(.) by extension 'ignore'
[1.154s] Level 1:colcon.colcon_core.package_identification:_identify(.) by extension 'ignore_ament_install'
[1.155s] Level 1:colcon.colcon_core.package_identification:_identify(.) by extensions ['colcon_pkg']
[1.155s] Level 1:colcon.colcon_core.package_identification:_identify(.) by extension 'colcon_pkg'
[1.155s] Level 1:colcon.colcon_core.package_identification:_identify(.) by extensions ['colcon_meta']
[1.155s] Level 1:colcon.colcon_core.package_identification:_identify(.) by extension 'colcon_meta'
[1.155s] Level 1:colcon.colcon_core.package_identification:_identify(.) by extensions ['ros']
[1.155s] Level 1:colcon.colcon_core.package_identification:_identify(.) by extension 'ros'
[1.291s] Level 1:colcon.colcon_core.package_identification:_identify(.) by extensions ['cmake', 'python']
[1.291s] Level 1:colcon.colcon_core.package_identification:_identify(.) by extension 'cmake'
[1.292s] Level 1:colcon.colcon_core.package_identification:_identify(.) by extension 'python'
[1.292s] Level 1:colcon.colcon_core.package_identification:_identify(.) by extensions ['python_setup_py']
[1.292s] Level 1:colcon.colcon_core.package_identification:_identify(.) by extension 'python_setup_py'
[1.293s] Level 1:colcon.colcon_core.package_identification:_identify(build) by extensions ['ignore', 'ignore_ament_install']
[1.293s] Level 1:colcon.colcon_core.package_identification:_identify(build) by extension 'ignore'
[1.294s] Level 1:colcon.colcon_core.package_identification:_identify(build) ignored
[1.294s] Level 1:colcon.colcon_core.package_identification:_identify(install) by extensions ['ignore', 'ignore_ament_install']
[1.295s] Level 1:colcon.colcon_core.package_identification:_identify(install) by extension 'ignore'
[1.295s] Level 1:colcon.colcon_core.package_identification:_identify(install) ignored
[1.295s] Level 1:colcon.colcon_core.package_identification:_identify(log) by extensions ['ignore', 'ignore_ament_install']
[1.296s] Level 1:colcon.colcon_core.package_identification:_identify(log) by extension 'ignore'
[1.296s] Level 1:colcon.colcon_core.package_identification:_identify(log) ignored
[1.296s] Level 1:colcon.colcon_core.package_identification:_identify(src) by extensions ['ignore', 'ignore_ament_install']
[1.297s] Level 1:colcon.colcon_core.package_identification:_identify(src) by extension 'ignore'
[1.297s] Level 1:colcon.colcon_core.package_identification:_identify(src) by extension 'ignore_ament_install'
[1.298s] Level 1:colcon.colcon_core.package_identification:_identify(src) by extensions ['colcon_pkg']
[1.298s] Level 1:colcon.colcon_core.package_identification:_identify(src) by extension 'colcon_pkg'
[1.298s] Level 1:colcon.colcon_core.package_identification:_identify(src) by extensions ['colcon_meta']
[1.298s] Level 1:colcon.colcon_core.package_identification:_identify(src) by extension 'colcon_meta'
[1.298s] Level 1:colcon.colcon_core.package_identification:_identify(src) by extensions ['ros']
[1.298s] Level 1:colcon.colcon_core.package_identification:_identify(src) by extension 'ros'
[1.299s] Level 1:colcon.colcon_core.package_identification:_identify(src) by extensions ['cmake', 'python']
[1.299s] Level 1:colcon.colcon_core.package_identification:_identify(src) by extension 'cmake'
[1.299s] Level 1:colcon.colcon_core.package_identification:_identify(src) by extension 'python'
[1.299s] Level 1:colcon.colcon_core.package_identification:_identify(src) by extensions ['python_setup_py']
[1.300s] Level 1:colcon.colcon_core.package_identification:_identify(src) by extension 'python_setup_py'
[1.300s] Level 1:colcon.colcon_core.package_identification:_identify(src/my_package) by extensions ['ignore', 'ignore_ament_install']
[1.300s] Level 1:colcon.colcon_core.package_identification:_identify(src/my_package) by extension 'ignore'
[1.301s] Level 1:colcon.colcon_core.package_identification:_identify(src/my_package) by extension 'ignore_ament_install'
[1.301s] Level 1:colcon.colcon_core.package_identification:_identify(src/my_package) by extensions ['colcon_pkg']
[1.301s] Level 1:colcon.colcon_core.package_identification:_identify(src/my_package) by extension 'colcon_pkg'
[1.302s] Level 1:colcon.colcon_core.package_identification:_identify(src/my_package) by extensions ['colcon_meta']
[1.302s] Level 1:colcon.colcon_core.package_identification:_identify(src/my_package) by extension 'colcon_meta'
[1.302s] Level 1:colcon.colcon_core.package_identification:_identify(src/my_package) by extensions ['ros']
[1.302s] Level 1:colcon.colcon_core.package_identification:_identify(src/my_package) by extension 'ros'
[1.312s] DEBUG:colcon.colcon_core.package_identification:Package 'src/my_package' with type 'ros.ament_python' and name 'my_package'
[1.313s] Level 1:colcon.colcon_core.package_identification:_identify(src/ros_tutorials) by extensions ['ignore', 'ignore_ament_install']
[1.313s] Level 1:colcon.colcon_core.package_identification:_identify(src/ros_tutorials) by extension 'ignore'
[1.313s] Level 1:colcon.colcon_core.package_identification:_identify(src/ros_tutorials) by extension 'ignore_ament_install'
[1.314s] Level 1:colcon.colcon_core.package_identification:_identify(src/ros_tutorials) by extensions ['colcon_pkg']
[1.314s] Level 1:colcon.colcon_core.package_identification:_identify(src/ros_tutorials) by extension 'colcon_pkg'
[1.314s] Level 1:colcon.colcon_core.package_identification:_identify(src/ros_tutorials) by extensions ['colcon_meta']
[1.314s] Level 1:colcon.colcon_core.package_identification:_identify(src/ros_tutorials) by extension 'colcon_meta'
[1.315s] Level 1:colcon.colcon_core.package_identification:_identify(src/ros_tutorials) by extensions ['ros']
[1.315s] Level 1:colcon.colcon_core.package_identification:_identify(src/ros_tutorials) by extension 'ros'
[1.315s] Level 1:colcon.colcon_core.package_identification:_identify(src/ros_tutorials) by extensions ['cmake', 'python']
[1.315s] Level 1:colcon.colcon_core.package_identification:_identify(src/ros_tutorials) by extension 'cmake'
[1.316s] Level 1:colcon.colcon_core.package_identification:_identify(src/ros_tutorials) by extension 'python'
[1.316s] Level 1:colcon.colcon_core.package_identification:_identify(src/ros_tutorials) by extensions ['python_setup_py']
[1.316s] Level 1:colcon.colcon_core.package_identification:_identify(src/ros_tutorials) by extension 'python_setup_py'
[1.317s] Level 1:colcon.colcon_core.package_identification:_identify(src/ros_tutorials/turtlesim) by extensions ['ignore', 'ignore_ament_install']
[1.317s] Level 1:colcon.colcon_core.package_identification:_identify(src/ros_tutorials/turtlesim) by extension 'ignore'
[1.317s] Level 1:colcon.colcon_core.package_identification:_identify(src/ros_tutorials/turtlesim) by extension 'ignore_ament_install'
[1.318s] Level 1:colcon.colcon_core.package_identification:_identify(src/ros_tutorials/turtlesim) by extensions ['colcon_pkg']
[1.318s] Level 1:colcon.colcon_core.package_identification:_identify(src/ros_tutorials/turtlesim) by extension 'colcon_pkg'
[1.318s] Level 1:colcon.colcon_core.package_identification:_identify(src/ros_tutorials/turtlesim) by extensions ['colcon_meta']
[1.318s] Level 1:colcon.colcon_core.package_identification:_identify(src/ros_tutorials/turtlesim) by extension 'colcon_meta'
[1.319s] Level 1:colcon.colcon_core.package_identification:_identify(src/ros_tutorials/turtlesim) by extensions ['ros']
[1.319s] Level 1:colcon.colcon_core.package_identification:_identify(src/ros_tutorials/turtlesim) by extension 'ros'
[1.325s] DEBUG:colcon.colcon_core.package_identification:Package 'src/ros_tutorials/turtlesim' with type 'ros.ament_cmake' and name 'turtlesim'
[1.325s] Level 1:colcon.colcon_core.package_discovery:discover_packages(recursive) using defaults
[1.325s] Level 1:colcon.colcon_core.package_discovery:discover_packages(ignore) discover
[1.325s] Level 1:colcon.colcon_core.package_discovery:discover_packages(ignore) using defaults
[1.325s] Level 1:colcon.colcon_core.package_discovery:discover_packages(path) discover
[1.326s] Level 1:colcon.colcon_core.package_discovery:discover_packages(path) using defaults
[1.409s] Level 1:colcon.colcon_core.package_discovery:discover_packages(prefix_path) check parameters
[1.409s] Level 1:colcon.colcon_core.package_discovery:discover_packages(prefix_path) discover
[1.418s] DEBUG:colcon.colcon_installed_package_information.package_discovery:Found 2 installed packages in /home/jizzy/ros_ws/install
[1.430s] DEBUG:colcon.colcon_installed_package_information.package_discovery:Found 286 installed packages in /opt/ros/jazzy
[1.435s] Level 1:colcon.colcon_core.package_discovery:discover_packages(prefix_path) using defaults
[1.734s] WARNING:colcon.colcon_core.package_selection:Some selected packages are already built in one or more underlay workspaces:
	'turtlesim' is in: /home/jizzy/ros_ws/install/turtlesim, /opt/ros/jazzy
If a package in a merged underlay workspace is overridden and it installs headers, then all packages in the overlay must sort their include directories by workspace order. Failure to do so may result in build failures or undefined behavior at run time.
If the overridden package is used by another package in any underlay, then the overriding package in the overlay must be API and ABI compatible or undefined behavior at run time may occur.

If you understand the risks and want to override a package anyways, add the following to the command line:
	--allow-overriding turtlesim

This may be promoted to an error in a future release of colcon-override-check.
[1.739s] Level 5:colcon.colcon_core.verb:set package 'my_package' build argument 'cmake_args' from command line to 'None'
[1.739s] Level 5:colcon.colcon_core.verb:set package 'my_package' build argument 'cmake_target' from command line to 'None'
[1.739s] Level 5:colcon.colcon_core.verb:set package 'my_package' build argument 'cmake_target_skip_unavailable' from command line to 'False'
[1.739s] Level 5:colcon.colcon_core.verb:set package 'my_package' build argument 'cmake_clean_cache' from command line to 'False'
[1.739s] Level 5:colcon.colcon_core.verb:set package 'my_package' build argument 'cmake_clean_first' from command line to 'False'
[1.739s] Level 5:colcon.colcon_core.verb:set package 'my_package' build argument 'cmake_force_configure' from command line to 'False'
[1.740s] Level 5:colcon.colcon_core.verb:set package 'my_package' build argument 'ament_cmake_args' from command line to 'None'
[1.740s] Level 5:colcon.colcon_core.verb:set package 'my_package' build argument 'catkin_cmake_args' from command line to 'None'
[1.740s] Level 5:colcon.colcon_core.verb:set package 'my_package' build argument 'catkin_skip_building_tests' from command line to 'False'
[1.740s] DEBUG:colcon.colcon_core.verb:Building package 'my_package' with the following arguments: {'ament_cmake_args': None, 'build_base': '/home/jizzy/ros_ws/build/my_package', 'catkin_cmake_args': None, 'catkin_skip_building_tests': False, 'cmake_args': None, 'cmake_clean_cache': False, 'cmake_clean_first': False, 'cmake_force_configure': False, 'cmake_target': None, 'cmake_target_skip_unavailable': False, 'install_base': '/home/jizzy/ros_ws/install/my_package', 'merge_install': False, 'path': '/home/jizzy/ros_ws/src/my_package', 'symlink_install': False, 'test_result_base': None}
[1.742s] Level 5:colcon.colcon_core.verb:set package 'turtlesim' build argument 'cmake_args' from command line to 'None'
[1.742s] Level 5:colcon.colcon_core.verb:set package 'turtlesim' build argument 'cmake_target' from command line to 'None'
[1.742s] Level 5:colcon.colcon_core.verb:set package 'turtlesim' build argument 'cmake_target_skip_unavailable' from command line to 'False'
[1.742s] Level 5:colcon.colcon_core.verb:set package 'turtlesim' build argument 'cmake_clean_cache' from command line to 'False'
[1.742s] Level 5:colcon.colcon_core.verb:set package 'turtlesim' build argument 'cmake_clean_first' from command line to 'False'
[1.742s] Level 5:colcon.colcon_core.verb:set package 'turtlesim' build argument 'cmake_force_configure' from command line to 'False'
[1.743s] Level 5:colcon.colcon_core.verb:set package 'turtlesim' build argument 'ament_cmake_args' from command line to 'None'
[1.743s] Level 5:colcon.colcon_core.verb:set package 'turtlesim' build argument 'catkin_cmake_args' from command line to 'None'
[1.743s] Level 5:colcon.colcon_core.verb:set package 'turtlesim' build argument 'catkin_skip_building_tests' from command line to 'False'
[1.743s] DEBUG:colcon.colcon_core.verb:Building package 'turtlesim' with the following arguments: {'ament_cmake_args': None, 'build_base': '/home/jizzy/ros_ws/build/turtlesim', 'catkin_cmake_args': None, 'catkin_skip_building_tests': False, 'cmake_args': None, 'cmake_clean_cache': False, 'cmake_clean_first': False, 'cmake_force_configure': False, 'cmake_target': None, 'cmake_target_skip_unavailable': False, 'install_base': '/home/jizzy/ros_ws/install/turtlesim', 'merge_install': False, 'path': '/home/jizzy/ros_ws/src/ros_tutorials/turtlesim', 'symlink_install': False, 'test_result_base': None}
[1.743s] INFO:colcon.colcon_core.executor:Executing jobs using 'parallel' executor
[1.748s] DEBUG:colcon.colcon_parallel_executor.executor.parallel:run_until_complete
[1.748s] INFO:colcon.colcon_ros.task.ament_python.build:Building ROS package in '/home/jizzy/ros_ws/src/my_package' with build type 'ament_python'
[1.749s] Level 1:colcon.colcon_core.shell:create_environment_hook('my_package', 'ament_prefix_path')
[1.758s] INFO:colcon.colcon_core.plugin_system:Skipping extension 'colcon_core.shell.bat': Not used on non-Windows systems
[1.759s] INFO:colcon.colcon_core.shell:Creating environment hook '/home/jizzy/ros_ws/install/my_package/share/my_package/hook/ament_prefix_path.ps1'
[1.762s] INFO:colcon.colcon_core.shell:Creating environment descriptor '/home/jizzy/ros_ws/install/my_package/share/my_package/hook/ament_prefix_path.dsv'
[1.765s] INFO:colcon.colcon_core.shell:Creating environment hook '/home/jizzy/ros_ws/install/my_package/share/my_package/hook/ament_prefix_path.sh'
[1.769s] INFO:colcon.colcon_core.shell:Skip shell extension 'powershell' for command environment: Not usable outside of PowerShell
[1.769s] DEBUG:colcon.colcon_core.shell:Skip shell extension 'dsv' for command environment
[1.792s] INFO:colcon.colcon_ros.task.ament_cmake.build:Building ROS package in '/home/jizzy/ros_ws/src/ros_tutorials/turtlesim' with build type 'ament_cmake'
[1.793s] INFO:colcon.colcon_cmake.task.cmake.build:Building CMake package in '/home/jizzy/ros_ws/src/ros_tutorials/turtlesim'
[1.796s] INFO:colcon.colcon_core.shell:Skip shell extension 'powershell' for command environment: Not usable outside of PowerShell
[1.798s] DEBUG:colcon.colcon_core.shell:Skip shell extension 'dsv' for command environment
[2.987s] INFO:colcon.colcon_core.task.python.build:Building Python package in '/home/jizzy/ros_ws/src/my_package'
[2.988s] INFO:colcon.colcon_core.shell:Skip shell extension 'powershell' for command environment: Not usable outside of PowerShell
[2.988s] DEBUG:colcon.colcon_core.shell:Skip shell extension 'dsv' for command environment
[3.038s] DEBUG:colcon.colcon_core.event_handler.log_command:Invoking command in '/home/jizzy/ros_ws/build/turtlesim': CMAKE_PREFIX_PATH=${CMAKE_PREFIX_PATH}:/home/jizzy/ros_ws/install/my_package:/opt/ros/jazzy DEBUGINFOD_URLS=https://debuginfod.ubuntu.com /usr/bin/cmake --build /home/jizzy/ros_ws/build/turtlesim -- -j2 -l2
[8.658s] DEBUG:colcon.colcon_core.event_handler.log_command:Invoking command in '/home/jizzy/ros_ws/src/my_package': DEBUGINFOD_URLS=https://debuginfod.ubuntu.com PYTHONPATH=/home/jizzy/ros_ws/build/my_package/prefix_override:/usr/lib/python3/dist-packages/colcon_core/task/python/colcon_distutils_commands:/home/jizzy/ros_ws/install/my_package/lib/python3.12/site-packages:${PYTHONPATH} /usr/bin/python3 -W ignore:setup.py install is deprecated setup.py egg_info --egg-base ../../build/my_package build --build-base /home/jizzy/ros_ws/build/my_package/build install --record /home/jizzy/ros_ws/build/my_package/install.log --single-version-externally-managed install_data
[9.434s] DEBUG:colcon.colcon_core.event_handler.log_command:Invoked command in '/home/jizzy/ros_ws/build/turtlesim' returned '0': CMAKE_PREFIX_PATH=${CMAKE_PREFIX_PATH}:/home/jizzy/ros_ws/install/my_package:/opt/ros/jazzy DEBUGINFOD_URLS=https://debuginfod.ubuntu.com /usr/bin/cmake --build /home/jizzy/ros_ws/build/turtlesim -- -j2 -l2
[10.738s] DEBUG:colcon.colcon_core.event_handler.log_command:Invoking command in '/home/jizzy/ros_ws/build/turtlesim': CMAKE_PREFIX_PATH=${CMAKE_PREFIX_PATH}:/home/jizzy/ros_ws/install/my_package:/opt/ros/jazzy DEBUGINFOD_URLS=https://debuginfod.ubuntu.com /usr/bin/cmake --install /home/jizzy/ros_ws/build/turtlesim
[12.424s] Level 1:colcon.colcon_core.environment:create_environment_scripts_only(turtlesim)
[12.465s] Level 1:colcon.colcon_core.environment:checking '/home/jizzy/ros_ws/install/turtlesim' for CMake module files
[12.481s] Level 1:colcon.colcon_core.environment:checking '/home/jizzy/ros_ws/install/turtlesim' for CMake config files
[12.487s] Level 1:colcon.colcon_core.shell:create_environment_hook('turtlesim', 'cmake_prefix_path')
[12.488s] INFO:colcon.colcon_core.shell:Creating environment hook '/home/jizzy/ros_ws/install/turtlesim/share/turtlesim/hook/cmake_prefix_path.ps1'
[12.495s] INFO:colcon.colcon_core.shell:Creating environment descriptor '/home/jizzy/ros_ws/install/turtlesim/share/turtlesim/hook/cmake_prefix_path.dsv'
[12.499s] INFO:colcon.colcon_core.shell:Creating environment hook '/home/jizzy/ros_ws/install/turtlesim/share/turtlesim/hook/cmake_prefix_path.sh'
[12.525s] Level 1:colcon.colcon_core.environment:checking '/home/jizzy/ros_ws/install/turtlesim/lib'
[12.526s] Level 1:colcon.colcon_core.shell:create_environment_hook('turtlesim', 'ld_library_path_lib')
[12.528s] INFO:colcon.colcon_core.shell:Creating environment hook '/home/jizzy/ros_ws/install/turtlesim/share/turtlesim/hook/ld_library_path_lib.ps1'
[12.535s] INFO:colcon.colcon_core.shell:Creating environment descriptor '/home/jizzy/ros_ws/install/turtlesim/share/turtlesim/hook/ld_library_path_lib.dsv'
[12.537s] DEBUG:colcon.colcon_core.event_handler.log_command:Invoked command in '/home/jizzy/ros_ws/build/turtlesim' returned '0': CMAKE_PREFIX_PATH=${CMAKE_PREFIX_PATH}:/home/jizzy/ros_ws/install/my_package:/opt/ros/jazzy DEBUGINFOD_URLS=https://debuginfod.ubuntu.com /usr/bin/cmake --install /home/jizzy/ros_ws/build/turtlesim
[12.539s] INFO:colcon.colcon_core.shell:Creating environment hook '/home/jizzy/ros_ws/install/turtlesim/share/turtlesim/hook/ld_library_path_lib.sh'
[12.546s] Level 1:colcon.colcon_core.environment:checking '/home/jizzy/ros_ws/install/turtlesim/bin'
[12.546s] Level 1:colcon.colcon_core.environment:checking '/home/jizzy/ros_ws/install/turtlesim/lib/pkgconfig/turtlesim.pc'
[12.548s] Level 1:colcon.colcon_core.environment:checking '/home/jizzy/ros_ws/install/turtlesim/lib/python3.12/site-packages'
[12.549s] Level 1:colcon.colcon_core.shell:create_environment_hook('turtlesim', 'pythonpath')
[12.550s] INFO:colcon.colcon_core.shell:Creating environment hook '/home/jizzy/ros_ws/install/turtlesim/share/turtlesim/hook/pythonpath.ps1'
[12.554s] INFO:colcon.colcon_core.shell:Creating environment descriptor '/home/jizzy/ros_ws/install/turtlesim/share/turtlesim/hook/pythonpath.dsv'
[12.558s] INFO:colcon.colcon_core.shell:Creating environment hook '/home/jizzy/ros_ws/install/turtlesim/share/turtlesim/hook/pythonpath.sh'
[12.565s] Level 1:colcon.colcon_core.environment:checking '/home/jizzy/ros_ws/install/turtlesim/bin'
[12.567s] INFO:colcon.colcon_core.shell:Creating package script '/home/jizzy/ros_ws/install/turtlesim/share/turtlesim/package.ps1'
[12.571s] INFO:colcon.colcon_core.shell:Creating package descriptor '/home/jizzy/ros_ws/install/turtlesim/share/turtlesim/package.dsv'
[12.574s] INFO:colcon.colcon_core.shell:Creating package script '/home/jizzy/ros_ws/install/turtlesim/share/turtlesim/package.sh'
[12.578s] INFO:colcon.colcon_core.shell:Creating package script '/home/jizzy/ros_ws/install/turtlesim/share/turtlesim/package.bash'
[12.582s] INFO:colcon.colcon_core.shell:Creating package script '/home/jizzy/ros_ws/install/turtlesim/share/turtlesim/package.zsh'
[12.585s] Level 1:colcon.colcon_core.environment:create_file_with_runtime_dependencies(/home/jizzy/ros_ws/install/turtlesim/share/colcon-core/packages/turtlesim)
[14.473s] Level 1:colcon.colcon_core.environment:checking '/home/jizzy/ros_ws/install/my_package' for CMake module files
[14.474s] DEBUG:colcon.colcon_core.event_handler.log_command:Invoked command in '/home/jizzy/ros_ws/src/my_package' returned '0': DEBUGINFOD_URLS=https://debuginfod.ubuntu.com PYTHONPATH=/home/jizzy/ros_ws/build/my_package/prefix_override:/usr/lib/python3/dist-packages/colcon_core/task/python/colcon_distutils_commands:/home/jizzy/ros_ws/install/my_package/lib/python3.12/site-packages:${PYTHONPATH} /usr/bin/python3 -W ignore:setup.py install is deprecated setup.py egg_info --egg-base ../../build/my_package build --build-base /home/jizzy/ros_ws/build/my_package/build install --record /home/jizzy/ros_ws/build/my_package/install.log --single-version-externally-managed install_data
[14.477s] Level 1:colcon.colcon_core.environment:checking '/home/jizzy/ros_ws/install/my_package' for CMake config files
[14.484s] Level 1:colcon.colcon_core.environment:checking '/home/jizzy/ros_ws/install/my_package/lib'
[14.485s] Level 1:colcon.colcon_core.environment:checking '/home/jizzy/ros_ws/install/my_package/bin'
[14.485s] Level 1:colcon.colcon_core.environment:checking '/home/jizzy/ros_ws/install/my_package/lib/pkgconfig/my_package.pc'
[14.486s] Level 1:colcon.colcon_core.environment:checking '/home/jizzy/ros_ws/install/my_package/lib/python3.12/site-packages'
[14.486s] Level 1:colcon.colcon_core.shell:create_environment_hook('my_package', 'pythonpath')
[14.487s] INFO:colcon.colcon_core.shell:Creating environment hook '/home/jizzy/ros_ws/install/my_package/share/my_package/hook/pythonpath.ps1'
[14.490s] INFO:colcon.colcon_core.shell:Creating environment descriptor '/home/jizzy/ros_ws/install/my_package/share/my_package/hook/pythonpath.dsv'
[14.493s] INFO:colcon.colcon_core.shell:Creating environment hook '/home/jizzy/ros_ws/install/my_package/share/my_package/hook/pythonpath.sh'
[14.496s] Level 1:colcon.colcon_core.environment:checking '/home/jizzy/ros_ws/install/my_package/bin'
[14.496s] Level 1:colcon.colcon_core.environment:create_environment_scripts_only(my_package)
[14.497s] INFO:colcon.colcon_core.shell:Creating package script '/home/jizzy/ros_ws/install/my_package/share/my_package/package.ps1'
[14.500s] INFO:colcon.colcon_core.shell:Creating package descriptor '/home/jizzy/ros_ws/install/my_package/share/my_package/package.dsv'
[14.505s] INFO:colcon.colcon_core.shell:Creating package script '/home/jizzy/ros_ws/install/my_package/share/my_package/package.sh'
[14.510s] INFO:colcon.colcon_core.shell:Creating package script '/home/jizzy/ros_ws/install/my_package/share/my_package/package.bash'
[14.513s] INFO:colcon.colcon_core.shell:Creating package script '/home/jizzy/ros_ws/install/my_package/share/my_package/package.zsh'
[14.517s] Level 1:colcon.colcon_core.environment:create_file_with_runtime_dependencies(/home/jizzy/ros_ws/install/my_package/share/colcon-core/packages/my_package)
[14.633s] Level 1:colcon.colcon_core.environment:create_environment_scripts_only(turtlesim)
[14.634s] Level 1:colcon.colcon_core.environment:checking '/home/jizzy/ros_ws/install/turtlesim' for CMake module files
[14.639s] Level 1:colcon.colcon_core.environment:checking '/home/jizzy/ros_ws/install/turtlesim' for CMake config files
[14.645s] Level 1:colcon.colcon_core.shell:create_environment_hook('turtlesim', 'cmake_prefix_path')
[14.646s] INFO:colcon.colcon_core.shell:Creating environment hook '/home/jizzy/ros_ws/install/turtlesim/share/turtlesim/hook/cmake_prefix_path.ps1'
[14.648s] INFO:colcon.colcon_core.shell:Creating environment descriptor '/home/jizzy/ros_ws/install/turtlesim/share/turtlesim/hook/cmake_prefix_path.dsv'
[14.650s] INFO:colcon.colcon_core.shell:Creating environment hook '/home/jizzy/ros_ws/install/turtlesim/share/turtlesim/hook/cmake_prefix_path.sh'
[14.653s] Level 1:colcon.colcon_core.environment:checking '/home/jizzy/ros_ws/install/turtlesim/lib'
[14.654s] Level 1:colcon.colcon_core.shell:create_environment_hook('turtlesim', 'ld_library_path_lib')
[14.655s] INFO:colcon.colcon_core.shell:Creating environment hook '/home/jizzy/ros_ws/install/turtlesim/share/turtlesim/hook/ld_library_path_lib.ps1'
[14.657s] INFO:colcon.colcon_core.shell:Creating environment descriptor '/home/jizzy/ros_ws/install/turtlesim/share/turtlesim/hook/ld_library_path_lib.dsv'
[14.660s] INFO:colcon.colcon_core.shell:Creating environment hook '/home/jizzy/ros_ws/install/turtlesim/share/turtlesim/hook/ld_library_path_lib.sh'
[14.662s] Level 1:colcon.colcon_core.environment:checking '/home/jizzy/ros_ws/install/turtlesim/bin'
[14.663s] Level 1:colcon.colcon_core.environment:checking '/home/jizzy/ros_ws/install/turtlesim/lib/pkgconfig/turtlesim.pc'
[14.664s] Level 1:colcon.colcon_core.environment:checking '/home/jizzy/ros_ws/install/turtlesim/lib/python3.12/site-packages'
[14.664s] Level 1:colcon.colcon_core.shell:create_environment_hook('turtlesim', 'pythonpath')
[14.665s] INFO:colcon.colcon_core.shell:Creating environment hook '/home/jizzy/ros_ws/install/turtlesim/share/turtlesim/hook/pythonpath.ps1'
[14.667s] INFO:colcon.colcon_core.shell:Creating environment descriptor '/home/jizzy/ros_ws/install/turtlesim/share/turtlesim/hook/pythonpath.dsv'
[14.669s] INFO:colcon.colcon_core.shell:Creating environment hook '/home/jizzy/ros_ws/install/turtlesim/share/turtlesim/hook/pythonpath.sh'
[14.672s] Level 1:colcon.colcon_core.environment:checking '/home/jizzy/ros_ws/install/turtlesim/bin'
[14.674s] INFO:colcon.colcon_core.shell:Creating package script '/home/jizzy/ros_ws/install/turtlesim/share/turtlesim/package.ps1'
[14.677s] INFO:colcon.colcon_core.shell:Creating package descriptor '/home/jizzy/ros_ws/install/turtlesim/share/turtlesim/package.dsv'
[14.680s] INFO:colcon.colcon_core.shell:Creating package script '/home/jizzy/ros_ws/install/turtlesim/share/turtlesim/package.sh'
[14.683s] INFO:colcon.colcon_core.shell:Creating package script '/home/jizzy/ros_ws/install/turtlesim/share/turtlesim/package.bash'
[14.685s] INFO:colcon.colcon_core.shell:Creating package script '/home/jizzy/ros_ws/install/turtlesim/share/turtlesim/package.zsh'
[14.687s] Level 1:colcon.colcon_core.environment:create_file_with_runtime_dependencies(/home/jizzy/ros_ws/install/turtlesim/share/colcon-core/packages/turtlesim)
[14.689s] DEBUG:colcon.colcon_parallel_executor.executor.parallel:closing loop
[14.690s] DEBUG:colcon.colcon_parallel_executor.executor.parallel:loop closed
[14.692s] DEBUG:colcon.colcon_parallel_executor.executor.parallel:run_until_complete finished with '0'
[14.692s] DEBUG:colcon.colcon_core.event_reactor:joining thread
[14.720s] INFO:colcon.colcon_core.plugin_system:Skipping extension 'colcon_notification.desktop_notification.terminal_notifier': Not used on non-Darwin systems
[14.721s] INFO:colcon.colcon_core.plugin_system:Skipping extension 'colcon_notification.desktop_notification.win32': Not used on non-Windows systems
[14.723s] INFO:colcon.colcon_notification.desktop_notification:Sending desktop notification using 'notify2'
[14.782s] DEBUG:colcon.colcon_core.event_reactor:joined thread
[14.783s] INFO:colcon.colcon_core.shell:Creating prefix script '/home/jizzy/ros_ws/install/local_setup.ps1'
[14.788s] INFO:colcon.colcon_core.shell:Creating prefix util module '/home/jizzy/ros_ws/install/_local_setup_util_ps1.py'
[14.794s] INFO:colcon.colcon_core.shell:Creating prefix chain script '/home/jizzy/ros_ws/install/setup.ps1'
[14.800s] INFO:colcon.colcon_core.shell:Creating prefix script '/home/jizzy/ros_ws/install/local_setup.sh'
[14.803s] INFO:colcon.colcon_core.shell:Creating prefix util module '/home/jizzy/ros_ws/install/_local_setup_util_sh.py'
[14.806s] INFO:colcon.colcon_core.shell:Creating prefix chain script '/home/jizzy/ros_ws/install/setup.sh'
[14.814s] INFO:colcon.colcon_core.shell:Creating prefix script '/home/jizzy/ros_ws/install/local_setup.bash'
[14.818s] INFO:colcon.colcon_core.shell:Creating prefix chain script '/home/jizzy/ros_ws/install/setup.bash'
[14.822s] INFO:colcon.colcon_core.shell:Creating prefix script '/home/jizzy/ros_ws/install/local_setup.zsh'
[14.825s] INFO:colcon.colcon_core.shell:Creating prefix chain script '/home/jizzy/ros_ws/install/setup.zsh'
