[0.695s] Invoking command in '/home/gisbert12843/Robotics_Prak/prak2_ws/build/webots_spot_teleop': CMAKE_PREFIX_PATH=/home/gisbert12843/Robotics_Prak/prak2_ws/install/webots_spot_msgs:/home/gisbert12843/ros2_ws/install/webots_ros2_control:/home/gisbert12843/ros2_ws/install/webots_ros2_driver:/home/gisbert12843/ros2_ws/install/webots_ros2_msgs:/home/gisbert12843/Robotics_Prak/prak2_ws/install/webots_ros2_control:/home/gisbert12843/Robotics_Prak/prak2_ws/install/webots_ros2_driver:/home/gisbert12843/Robotics_Prak/prak2_ws/install/webots_ros2_msgs LD_LIBRARY_PATH=/home/gisbert12843/Robotics_Prak/prak2_ws/install/webots_spot_msgs/lib:/home/gisbert12843/ros2_ws/install/webots_ros2_control/lib:/home/gisbert12843/ros2_ws/install/webots_ros2_driver/lib:/home/gisbert12843/ros2_ws/install/webots_ros2_msgs/lib:/home/gisbert12843/Robotics_Prak/prak2_ws/install/webots_ros2_control/lib:/home/gisbert12843/Robotics_Prak/prak2_ws/install/webots_ros2_driver/lib:/home/gisbert12843/Robotics_Prak/prak2_ws/install/webots_ros2_msgs/lib:/opt/ros/humble/opt/rviz_ogre_vendor/lib:/opt/ros/humble/lib/x86_64-linux-gnu:/opt/ros/humble/lib PYTHONPATH=/home/gisbert12843/Robotics_Prak/prak2_ws/build/webots_spot_teleop/prefix_override:/usr/lib/python3/dist-packages/colcon_core/task/python/colcon_distutils_commands:/home/gisbert12843/Robotics_Prak/prak2_ws/install/webots_spot_teleop/lib/python3.10/site-packages:${PYTHONPATH} /usr/bin/python3 -W ignore:setup.py install is deprecated -W ignore:easy_install command is deprecated setup.py develop --editable --build-directory /home/gisbert12843/Robotics_Prak/prak2_ws/build/webots_spot_teleop/build --no-deps symlink_data
[0.934s] /usr/lib/python3/dist-packages/setuptools/dist.py:723: UserWarning: Usage of dash-separated 'script-dir' will not be supported in future versions. Please use the underscore name 'script_dir' instead
[0.934s]   warnings.warn(
[0.963s] running develop
[1.132s] running egg_info
[1.132s] creating webots_spot_teleop.egg-info
[1.132s] writing webots_spot_teleop.egg-info/PKG-INFO
[1.132s] writing dependency_links to webots_spot_teleop.egg-info/dependency_links.txt
[1.132s] writing entry points to webots_spot_teleop.egg-info/entry_points.txt
[1.132s] writing requirements to webots_spot_teleop.egg-info/requires.txt
[1.133s] writing top-level names to webots_spot_teleop.egg-info/top_level.txt
[1.133s] writing manifest file 'webots_spot_teleop.egg-info/SOURCES.txt'
[1.141s] reading manifest file 'webots_spot_teleop.egg-info/SOURCES.txt'
[1.141s] writing manifest file 'webots_spot_teleop.egg-info/SOURCES.txt'
[1.143s] running build_ext
[1.143s] Creating /home/gisbert12843/Robotics_Prak/prak2_ws/install/webots_spot_teleop/lib/python3.10/site-packages/webots-spot-teleop.egg-link (link to .)
[1.144s] Installing keyboard script to /home/gisbert12843/Robotics_Prak/prak2_ws/install/webots_spot_teleop/lib/webots_spot_teleop
[1.144s] Installing sliders script to /home/gisbert12843/Robotics_Prak/prak2_ws/install/webots_spot_teleop/lib/webots_spot_teleop
[1.144s] 
[1.144s] Installed /home/gisbert12843/Robotics_Prak/prak2_ws/build/webots_spot_teleop
[1.144s] running symlink_data
[1.144s] creating /home/gisbert12843/Robotics_Prak/prak2_ws/install/webots_spot_teleop/share/ament_index
[1.144s] creating /home/gisbert12843/Robotics_Prak/prak2_ws/install/webots_spot_teleop/share/ament_index/resource_index
[1.144s] creating /home/gisbert12843/Robotics_Prak/prak2_ws/install/webots_spot_teleop/share/ament_index/resource_index/packages
[1.145s] symbolically linking /home/gisbert12843/Robotics_Prak/prak2_ws/build/webots_spot_teleop/resource/webots_spot_teleop -> /home/gisbert12843/Robotics_Prak/prak2_ws/install/webots_spot_teleop/share/ament_index/resource_index/packages
[1.145s] symbolically linking /home/gisbert12843/Robotics_Prak/prak2_ws/build/webots_spot_teleop/package.xml -> /home/gisbert12843/Robotics_Prak/prak2_ws/install/webots_spot_teleop/share/webots_spot_teleop
[1.169s] Invoked command in '/home/gisbert12843/Robotics_Prak/prak2_ws/build/webots_spot_teleop' returned '0': CMAKE_PREFIX_PATH=/home/gisbert12843/Robotics_Prak/prak2_ws/install/webots_spot_msgs:/home/gisbert12843/ros2_ws/install/webots_ros2_control:/home/gisbert12843/ros2_ws/install/webots_ros2_driver:/home/gisbert12843/ros2_ws/install/webots_ros2_msgs:/home/gisbert12843/Robotics_Prak/prak2_ws/install/webots_ros2_control:/home/gisbert12843/Robotics_Prak/prak2_ws/install/webots_ros2_driver:/home/gisbert12843/Robotics_Prak/prak2_ws/install/webots_ros2_msgs LD_LIBRARY_PATH=/home/gisbert12843/Robotics_Prak/prak2_ws/install/webots_spot_msgs/lib:/home/gisbert12843/ros2_ws/install/webots_ros2_control/lib:/home/gisbert12843/ros2_ws/install/webots_ros2_driver/lib:/home/gisbert12843/ros2_ws/install/webots_ros2_msgs/lib:/home/gisbert12843/Robotics_Prak/prak2_ws/install/webots_ros2_control/lib:/home/gisbert12843/Robotics_Prak/prak2_ws/install/webots_ros2_driver/lib:/home/gisbert12843/Robotics_Prak/prak2_ws/install/webots_ros2_msgs/lib:/opt/ros/humble/opt/rviz_ogre_vendor/lib:/opt/ros/humble/lib/x86_64-linux-gnu:/opt/ros/humble/lib PYTHONPATH=/home/gisbert12843/Robotics_Prak/prak2_ws/build/webots_spot_teleop/prefix_override:/usr/lib/python3/dist-packages/colcon_core/task/python/colcon_distutils_commands:/home/gisbert12843/Robotics_Prak/prak2_ws/install/webots_spot_teleop/lib/python3.10/site-packages:${PYTHONPATH} /usr/bin/python3 -W ignore:setup.py install is deprecated -W ignore:easy_install command is deprecated setup.py develop --editable --build-directory /home/gisbert12843/Robotics_Prak/prak2_ws/build/webots_spot_teleop/build --no-deps symlink_data
