[5.926s] Invoking command in '/home/jizzy/ros_ws/src/my_package': DEBUGINFOD_URLS=https://debuginfod.ubuntu.com PYTHONPATH=/home/jizzy/ros_ws/build/my_package/prefix_override:/usr/lib/python3/dist-packages/colcon_core/task/python/colcon_distutils_commands:/home/jizzy/ros_ws/install/my_package/lib/python3.12/site-packages:${PYTHONPATH} /usr/bin/python3 -W ignore:setup.py install is deprecated setup.py egg_info --egg-base ../../build/my_package build --build-base /home/jizzy/ros_ws/build/my_package/build install --record /home/jizzy/ros_ws/build/my_package/install.log --single-version-externally-managed install_data
[8.098s] running egg_info
[8.451s] writing ../../build/my_package/my_package.egg-info/PKG-INFO
[8.454s] writing dependency_links to ../../build/my_package/my_package.egg-info/dependency_links.txt
[8.454s] writing entry points to ../../build/my_package/my_package.egg-info/entry_points.txt
[8.455s] writing requirements to ../../build/my_package/my_package.egg-info/requires.txt
[8.457s] writing top-level names to ../../build/my_package/my_package.egg-info/top_level.txt
[8.974s] reading manifest file '../../build/my_package/my_package.egg-info/SOURCES.txt'
[8.977s] adding license file 'LICENSE'
[8.982s] writing manifest file '../../build/my_package/my_package.egg-info/SOURCES.txt'
[8.985s] running build
[8.995s] running build_py
[8.995s] copying my_package/run_circle_command.py -> /home/jizzy/ros_ws/build/my_package/build/lib/my_package
[9.000s] running install
[9.115s] running install_lib
[9.544s] copying /home/jizzy/ros_ws/build/my_package/build/lib/my_package/run_circle_command.py -> /home/jizzy/ros_ws/install/my_package/lib/python3.12/site-packages/my_package
[9.552s] byte-compiling /home/jizzy/ros_ws/install/my_package/lib/python3.12/site-packages/my_package/run_circle_command.py to run_circle_command.cpython-312.pyc
[9.555s] running install_data
[9.556s] copying launch/prak1_launch.py -> /home/jizzy/ros_ws/install/my_package/share/my_package/launch
[9.556s] running install_egg_info
[9.812s] removing '/home/jizzy/ros_ws/install/my_package/lib/python3.12/site-packages/my_package-0.0.0-py3.12.egg-info' (and everything under it)
[9.819s] Copying ../../build/my_package/my_package.egg-info to /home/jizzy/ros_ws/install/my_package/lib/python3.12/site-packages/my_package-0.0.0-py3.12.egg-info
[9.833s] running install_scripts
[11.103s] Installing my_node script to /home/jizzy/ros_ws/install/my_package/lib/my_package
[11.104s] Installing run_circle_command script to /home/jizzy/ros_ws/install/my_package/lib/my_package
[11.108s] writing list of installed files to '/home/jizzy/ros_ws/build/my_package/install.log'
[11.307s] Invoked command in '/home/jizzy/ros_ws/src/my_package' returned '0': DEBUGINFOD_URLS=https://debuginfod.ubuntu.com PYTHONPATH=/home/jizzy/ros_ws/build/my_package/prefix_override:/usr/lib/python3/dist-packages/colcon_core/task/python/colcon_distutils_commands:/home/jizzy/ros_ws/install/my_package/lib/python3.12/site-packages:${PYTHONPATH} /usr/bin/python3 -W ignore:setup.py install is deprecated setup.py egg_info --egg-base ../../build/my_package build --build-base /home/jizzy/ros_ws/build/my_package/build install --record /home/jizzy/ros_ws/build/my_package/install.log --single-version-externally-managed install_data
