[5.295s] Invoking command in '/home/jizzy/ros_ws/src/my_package': DEBUGINFOD_URLS=https://debuginfod.ubuntu.com PYTHONPATH=/home/jizzy/ros_ws/build/my_package/prefix_override:/usr/lib/python3/dist-packages/colcon_core/task/python/colcon_distutils_commands:/home/jizzy/ros_ws/install/my_package/lib/python3.12/site-packages:${PYTHONPATH} /usr/bin/python3 -W ignore:setup.py install is deprecated setup.py egg_info --egg-base ../../build/my_package build --build-base /home/jizzy/ros_ws/build/my_package/build install --record /home/jizzy/ros_ws/build/my_package/install.log --single-version-externally-managed install_data
[7.813s] running egg_info
[7.977s] writing ../../build/my_package/my_package.egg-info/PKG-INFO
[7.983s] writing dependency_links to ../../build/my_package/my_package.egg-info/dependency_links.txt
[7.986s] writing entry points to ../../build/my_package/my_package.egg-info/entry_points.txt
[7.990s] writing requirements to ../../build/my_package/my_package.egg-info/requires.txt
[7.993s] writing top-level names to ../../build/my_package/my_package.egg-info/top_level.txt
[8.302s] reading manifest file '../../build/my_package/my_package.egg-info/SOURCES.txt'
[8.307s] adding license file 'LICENSE'
[8.315s] writing manifest file '../../build/my_package/my_package.egg-info/SOURCES.txt'
[8.316s] running build
[8.318s] running build_py
[8.322s] copying my_package/run_circle_command.py -> /home/jizzy/ros_ws/build/my_package/build/lib/my_package
[8.326s] running install
[8.372s] running install_lib
[8.496s] copying /home/jizzy/ros_ws/build/my_package/build/lib/my_package/run_circle_command.py -> /home/jizzy/ros_ws/install/my_package/lib/python3.12/site-packages/my_package
[8.504s] byte-compiling /home/jizzy/ros_ws/install/my_package/lib/python3.12/site-packages/my_package/run_circle_command.py to run_circle_command.cpython-312.pyc
[8.514s] running install_data
[8.520s] running install_egg_info
[8.659s] removing '/home/jizzy/ros_ws/install/my_package/lib/python3.12/site-packages/my_package-0.0.0-py3.12.egg-info' (and everything under it)
[8.664s] Copying ../../build/my_package/my_package.egg-info to /home/jizzy/ros_ws/install/my_package/lib/python3.12/site-packages/my_package-0.0.0-py3.12.egg-info
[8.673s] running install_scripts
[10.067s] Installing my_node script to /home/jizzy/ros_ws/install/my_package/lib/my_package
[10.071s] Installing run_circle_command script to /home/jizzy/ros_ws/install/my_package/lib/my_package
[10.086s] writing list of installed files to '/home/jizzy/ros_ws/build/my_package/install.log'
[10.691s] Invoked command in '/home/jizzy/ros_ws/src/my_package' returned '0': DEBUGINFOD_URLS=https://debuginfod.ubuntu.com PYTHONPATH=/home/jizzy/ros_ws/build/my_package/prefix_override:/usr/lib/python3/dist-packages/colcon_core/task/python/colcon_distutils_commands:/home/jizzy/ros_ws/install/my_package/lib/python3.12/site-packages:${PYTHONPATH} /usr/bin/python3 -W ignore:setup.py install is deprecated setup.py egg_info --egg-base ../../build/my_package build --build-base /home/jizzy/ros_ws/build/my_package/build install --record /home/jizzy/ros_ws/build/my_package/install.log --single-version-externally-managed install_data
