[5.526s] Invoking command in '/home/jizzy/ros_ws/src/my_package': DEBUGINFOD_URLS=https://debuginfod.ubuntu.com PYTHONPATH=/home/jizzy/ros_ws/build/my_package/prefix_override:/usr/lib/python3/dist-packages/colcon_core/task/python/colcon_distutils_commands:/home/jizzy/ros_ws/install/my_package/lib/python3.12/site-packages:${PYTHONPATH} /usr/bin/python3 -W ignore:setup.py install is deprecated setup.py egg_info --egg-base ../../build/my_package build --build-base /home/jizzy/ros_ws/build/my_package/build install --record /home/jizzy/ros_ws/build/my_package/install.log --single-version-externally-managed install_data
[7.621s] running egg_info
[7.789s] writing ../../build/my_package/my_package.egg-info/PKG-INFO
[7.793s] writing dependency_links to ../../build/my_package/my_package.egg-info/dependency_links.txt
[7.796s] writing entry points to ../../build/my_package/my_package.egg-info/entry_points.txt
[7.797s] writing requirements to ../../build/my_package/my_package.egg-info/requires.txt
[7.803s] writing top-level names to ../../build/my_package/my_package.egg-info/top_level.txt
[8.127s] reading manifest file '../../build/my_package/my_package.egg-info/SOURCES.txt'
[8.131s] adding license file 'LICENSE'
[8.141s] writing manifest file '../../build/my_package/my_package.egg-info/SOURCES.txt'
[8.145s] running build
[8.147s] running build_py
[8.148s] copying my_package/run_cricle_command.py -> /home/jizzy/ros_ws/build/my_package/build/lib/my_package
[8.148s] running install
[8.214s] running install_lib
[8.378s] copying /home/jizzy/ros_ws/build/my_package/build/lib/my_package/run_cricle_command.py -> /home/jizzy/ros_ws/install/my_package/lib/python3.12/site-packages/my_package
[8.385s] byte-compiling /home/jizzy/ros_ws/install/my_package/lib/python3.12/site-packages/my_package/run_cricle_command.py to run_cricle_command.cpython-312.pyc
[8.391s] running install_data
[8.395s] running install_egg_info
[9.130s] removing '/home/jizzy/ros_ws/install/my_package/lib/python3.12/site-packages/my_package-0.0.0-py3.12.egg-info' (and everything under it)
[9.130s] Copying ../../build/my_package/my_package.egg-info to /home/jizzy/ros_ws/install/my_package/lib/python3.12/site-packages/my_package-0.0.0-py3.12.egg-info
[9.131s] running install_scripts
[11.735s] Installing my_node script to /home/jizzy/ros_ws/install/my_package/lib/my_package
[11.742s] Installing run_circle_command script to /home/jizzy/ros_ws/install/my_package/lib/my_package
[11.749s] writing list of installed files to '/home/jizzy/ros_ws/build/my_package/install.log'
[12.376s] Invoked command in '/home/jizzy/ros_ws/src/my_package' returned '0': DEBUGINFOD_URLS=https://debuginfod.ubuntu.com PYTHONPATH=/home/jizzy/ros_ws/build/my_package/prefix_override:/usr/lib/python3/dist-packages/colcon_core/task/python/colcon_distutils_commands:/home/jizzy/ros_ws/install/my_package/lib/python3.12/site-packages:${PYTHONPATH} /usr/bin/python3 -W ignore:setup.py install is deprecated setup.py egg_info --egg-base ../../build/my_package build --build-base /home/jizzy/ros_ws/build/my_package/build install --record /home/jizzy/ros_ws/build/my_package/install.log --single-version-externally-managed install_data
