[1.016s] Invoking command in '/home/gisbert12843/Projects/Robotics_Prak/prak2_ws/build/prak2_pkg': PYTHONPATH=/home/gisbert12843/Projects/Robotics_Prak/prak2_ws/build/prak2_pkg/prefix_override:/usr/lib/python3/dist-packages/colcon_core/task/python/colcon_distutils_commands:/home/gisbert12843/Projects/Robotics_Prak/prak2_ws/install/prak2_pkg/lib/python3.11/site-packages:${PYTHONPATH} /usr/bin/python3 -W ignore:setup.py install is deprecated setup.py develop --editable --build-directory /home/gisbert12843/Projects/Robotics_Prak/prak2_ws/build/prak2_pkg/build --no-deps symlink_data
[1.292s] running develop
[1.292s] /usr/lib/python3/dist-packages/setuptools/command/easy_install.py:158: EasyInstallDeprecationWarning: easy_install command is deprecated. Use build and pip and other standards-based tools.
[1.292s]   warnings.warn(
[1.423s] running egg_info
[1.426s] writing prak2_pkg.egg-info/PKG-INFO
[1.426s] writing dependency_links to prak2_pkg.egg-info/dependency_links.txt
[1.426s] writing entry points to prak2_pkg.egg-info/entry_points.txt
[1.426s] writing requirements to prak2_pkg.egg-info/requires.txt
[1.426s] writing top-level names to prak2_pkg.egg-info/top_level.txt
[1.430s] reading manifest file 'prak2_pkg.egg-info/SOURCES.txt'
[1.434s] writing manifest file 'prak2_pkg.egg-info/SOURCES.txt'
[1.446s] running build_ext
[1.446s] Creating /home/gisbert12843/Projects/Robotics_Prak/prak2_ws/install/prak2_pkg/lib/python3.11/site-packages/prak2-pkg.egg-link (link to .)
[1.446s] Installing aruco_marker_detection_node script to /home/gisbert12843/Projects/Robotics_Prak/prak2_ws/install/prak2_pkg/lib/prak2_pkg
[1.447s] Installing line_following_node script to /home/gisbert12843/Projects/Robotics_Prak/prak2_ws/install/prak2_pkg/lib/prak2_pkg
[1.447s] Installing speed_controller_node script to /home/gisbert12843/Projects/Robotics_Prak/prak2_ws/install/prak2_pkg/lib/prak2_pkg
[1.447s] 
[1.447s] Installed /home/gisbert12843/Projects/Robotics_Prak/prak2_ws/build/prak2_pkg
[1.447s] running symlink_data
[1.489s] Invoked command in '/home/gisbert12843/Projects/Robotics_Prak/prak2_ws/build/prak2_pkg' returned '0': PYTHONPATH=/home/gisbert12843/Projects/Robotics_Prak/prak2_ws/build/prak2_pkg/prefix_override:/usr/lib/python3/dist-packages/colcon_core/task/python/colcon_distutils_commands:/home/gisbert12843/Projects/Robotics_Prak/prak2_ws/install/prak2_pkg/lib/python3.11/site-packages:${PYTHONPATH} /usr/bin/python3 -W ignore:setup.py install is deprecated setup.py develop --editable --build-directory /home/gisbert12843/Projects/Robotics_Prak/prak2_ws/build/prak2_pkg/build --no-deps symlink_data
