[0.069s] Invoking command in '/home/jizzy/ros_ws/build/turtlesim': CMAKE_PREFIX_PATH=${CMAKE_PREFIX_PATH}:/home/jizzy/ros_ws/install/MyFirstPackage:/opt/ros/jazzy DEBUGINFOD_URLS=https://debuginfod.ubuntu.com /usr/bin/cmake /home/jizzy/ros_ws/src/ros_tutorials/turtlesim -DCMAKE_INSTALL_PREFIX=/home/jizzy/ros_ws/install/turtlesim
[0.536s] -- The C compiler identification is GNU 13.2.0
[0.946s] -- The CXX compiler identification is GNU 13.2.0
[1.023s] -- Detecting C compiler ABI info
[1.481s] -- Detecting C compiler ABI info - done
[1.540s] -- Check for working C compiler: /usr/bin/cc - skipped
[1.606s] -- Detecting C compile features
[1.691s] -- Detecting C compile features - done
[1.731s] -- Detecting CXX compiler ABI info
[2.271s] -- Detecting CXX compiler ABI info - done
[2.336s] -- Check for working CXX compiler: /usr/bin/c++ - skipped
[2.340s] -- Detecting CXX compile features
[2.342s] -- Detecting CXX compile features - done
[2.355s] -- Found ament_cmake: 2.5.2 (/opt/ros/jazzy/share/ament_cmake/cmake)
[3.104s] -- Found Python3: /usr/bin/python3 (found version "3.12.3") found components: Interpreter 
[3.816s] -- Found ament_index_cpp: 1.8.1 (/opt/ros/jazzy/share/ament_index_cpp/cmake)
[3.825s] -- Found geometry_msgs: 5.3.5 (/opt/ros/jazzy/share/geometry_msgs/cmake)
[4.068s] -- Found rosidl_generator_c: 4.6.4 (/opt/ros/jazzy/share/rosidl_generator_c/cmake)
[4.199s] -- Found rosidl_generator_cpp: 4.6.4 (/opt/ros/jazzy/share/rosidl_generator_cpp/cmake)
[4.293s] -- Using all available rosidl_typesupport_c: rosidl_typesupport_fastrtps_c;rosidl_typesupport_introspection_c
[4.400s] -- Using all available rosidl_typesupport_cpp: rosidl_typesupport_fastrtps_cpp;rosidl_typesupport_introspection_cpp
[4.745s] -- Found rcl_interfaces: 2.0.2 (/opt/ros/jazzy/share/rcl_interfaces/cmake)
[4.979s] -- Found rclcpp: 28.1.5 (/opt/ros/jazzy/share/rclcpp/cmake)
[5.105s] -- Found rmw_implementation_cmake: 7.3.1 (/opt/ros/jazzy/share/rmw_implementation_cmake/cmake)
[5.124s] -- Found rmw_fastrtps_cpp: 8.4.1 (/opt/ros/jazzy/share/rmw_fastrtps_cpp/cmake)
[5.513s] -- Found OpenSSL: /usr/lib/x86_64-linux-gnu/libcrypto.so (found version "3.0.13")  
[5.597s] -- Found FastRTPS: /opt/ros/jazzy/include (Required is at least version "2.13") 
[5.713s] -- Using RMW implementation 'rmw_fastrtps_cpp' as default
[6.090s] -- Found rclcpp_action: 28.1.5 (/opt/ros/jazzy/share/rclcpp_action/cmake)
[6.333s] -- Found rosidl_default_generators: 1.6.0 (/opt/ros/jazzy/share/rosidl_default_generators/cmake)
[6.404s] -- Found rosidl_adapter: 4.6.4 (/opt/ros/jazzy/share/rosidl_adapter/cmake)
[6.425s] -- Found std_srvs: 5.3.5 (/opt/ros/jazzy/share/std_srvs/cmake)
[10.277s] -- Found ament_cmake_ros: 0.12.0 (/opt/ros/jazzy/share/ament_cmake_ros/cmake)
[14.477s] -- Using all available rosidl_typesupport_c: rosidl_typesupport_fastrtps_c;rosidl_typesupport_introspection_c
[16.119s] -- Using all available rosidl_typesupport_cpp: rosidl_typesupport_fastrtps_cpp;rosidl_typesupport_introspection_cpp
[16.133s] -- Found python_cmake_module: 0.11.1 (/opt/ros/jazzy/share/python_cmake_module/cmake)
[16.838s] -- Found PythonExtra: /usr/bin/python3  
[19.207s] -- Found Python3: /usr/bin/python3 (found version "3.12.3") found components: Interpreter Development NumPy Development.Module Development.Embed 
[19.419s] -- Found ament_lint_auto: 0.17.1 (/opt/ros/jazzy/share/ament_lint_auto/cmake)
[19.530s] -- Added test 'copyright' to check source files copyright and LICENSE
[19.546s] -- Added test 'cppcheck' to perform static code analysis on C / C++ code
[19.560s] -- Configured cppcheck include dirs: /home/jizzy/ros_ws/src/ros_tutorials/turtlesim/include
[19.561s] -- Configured cppcheck exclude dirs and/or files: 
[19.575s] -- Added test 'cpplint' to check C / C++ code against the Google style
[19.576s] -- Configured cpplint exclude dirs and/or files: 
[19.581s] -- Added test 'flake8' to check Python code syntax and style conventions
[19.584s] -- Configured 'flake8' exclude dirs and/or files: 
[19.589s] -- Added test 'lint_cmake' to check CMake code style
[19.596s] -- Added test 'pep257' to check Python code against some of the docstring style conventions in PEP 257
[19.609s] -- Added test 'uncrustify' to check C / C++ code style
[19.612s] -- Configured uncrustify additional arguments: 
[19.616s] -- Added test 'xmllint' to check XML markup files
[19.636s] -- Configuring done (19.5s)
[20.207s] -- Generating done (0.5s)
[20.231s] -- Build files have been written to: /home/jizzy/ros_ws/build/turtlesim
[20.341s] Invoked command in '/home/jizzy/ros_ws/build/turtlesim' returned '0': CMAKE_PREFIX_PATH=${CMAKE_PREFIX_PATH}:/home/jizzy/ros_ws/install/MyFirstPackage:/opt/ros/jazzy DEBUGINFOD_URLS=https://debuginfod.ubuntu.com /usr/bin/cmake /home/jizzy/ros_ws/src/ros_tutorials/turtlesim -DCMAKE_INSTALL_PREFIX=/home/jizzy/ros_ws/install/turtlesim
[20.354s] Invoking command in '/home/jizzy/ros_ws/build/turtlesim': CMAKE_PREFIX_PATH=${CMAKE_PREFIX_PATH}:/home/jizzy/ros_ws/install/MyFirstPackage:/opt/ros/jazzy DEBUGINFOD_URLS=https://debuginfod.ubuntu.com /usr/bin/cmake --build /home/jizzy/ros_ws/build/turtlesim -- -j2 -l2
[20.741s] [  0%] [34m[1mGenerating type hashes for ROS interfaces[0m
[20.813s] [  0%] Built target ament_cmake_python_copy_turtlesim
[23.127s] running egg_info
[23.132s] creating turtlesim.egg-info
[23.251s] writing turtlesim.egg-info/PKG-INFO
[23.255s] writing dependency_links to turtlesim.egg-info/dependency_links.txt
[23.255s] writing top-level names to turtlesim.egg-info/top_level.txt
[23.260s] writing manifest file 'turtlesim.egg-info/SOURCES.txt'
[23.660s] reading manifest file 'turtlesim.egg-info/SOURCES.txt'
[23.663s] writing manifest file 'turtlesim.egg-info/SOURCES.txt'
[23.851s] [  0%] Built target ament_cmake_python_build_turtlesim_egg
[23.884s] [  0%] Built target turtlesim__rosidl_generator_type_description
[23.941s] [  1%] [34m[1mGenerating C code for ROS interfaces[0m
[23.991s] [  2%] [34m[1mGenerating C++ code for ROS interfaces[0m
[30.765s] [  2%] Built target turtlesim__cpp
[32.711s] [  3%] [32mBuilding C object CMakeFiles/turtlesim__rosidl_generator_c.dir/rosidl_generator_c/turtlesim/action/detail/rotate_absolute__description.c.o[0m
[32.716s] [  4%] [32mBuilding C object CMakeFiles/turtlesim__rosidl_generator_c.dir/rosidl_generator_c/turtlesim/action/detail/rotate_absolute__functions.c.o[0m
[33.326s] [  5%] [32mBuilding C object CMakeFiles/turtlesim__rosidl_generator_c.dir/rosidl_generator_c/turtlesim/action/detail/rotate_absolute__type_support.c.o[0m
[33.643s] [  6%] [32mBuilding C object CMakeFiles/turtlesim__rosidl_generator_c.dir/rosidl_generator_c/turtlesim/msg/detail/color__description.c.o[0m
[33.781s] [  7%] [32mBuilding C object CMakeFiles/turtlesim__rosidl_generator_c.dir/rosidl_generator_c/turtlesim/msg/detail/color__functions.c.o[0m
[33.967s] [  7%] [32mBuilding C object CMakeFiles/turtlesim__rosidl_generator_c.dir/rosidl_generator_c/turtlesim/msg/detail/color__type_support.c.o[0m
[34.061s] [  8%] [32mBuilding C object CMakeFiles/turtlesim__rosidl_generator_c.dir/rosidl_generator_c/turtlesim/msg/detail/pose__description.c.o[0m
[34.206s] [  9%] [32mBuilding C object CMakeFiles/turtlesim__rosidl_generator_c.dir/rosidl_generator_c/turtlesim/msg/detail/pose__functions.c.o[0m
[34.356s] [ 10%] [32mBuilding C object CMakeFiles/turtlesim__rosidl_generator_c.dir/rosidl_generator_c/turtlesim/msg/detail/pose__type_support.c.o[0m
[34.561s] [ 11%] [32mBuilding C object CMakeFiles/turtlesim__rosidl_generator_c.dir/rosidl_generator_c/turtlesim/srv/detail/kill__description.c.o[0m
[34.567s] [ 12%] [32mBuilding C object CMakeFiles/turtlesim__rosidl_generator_c.dir/rosidl_generator_c/turtlesim/srv/detail/kill__functions.c.o[0m
[34.851s] [ 13%] [32mBuilding C object CMakeFiles/turtlesim__rosidl_generator_c.dir/rosidl_generator_c/turtlesim/srv/detail/kill__type_support.c.o[0m
[35.056s] [ 13%] [32mBuilding C object CMakeFiles/turtlesim__rosidl_generator_c.dir/rosidl_generator_c/turtlesim/srv/detail/set_pen__description.c.o[0m
[35.087s] [ 14%] [32mBuilding C object CMakeFiles/turtlesim__rosidl_generator_c.dir/rosidl_generator_c/turtlesim/srv/detail/set_pen__functions.c.o[0m
[35.422s] [ 15%] [32mBuilding C object CMakeFiles/turtlesim__rosidl_generator_c.dir/rosidl_generator_c/turtlesim/srv/detail/set_pen__type_support.c.o[0m
[35.572s] [ 16%] [32mBuilding C object CMakeFiles/turtlesim__rosidl_generator_c.dir/rosidl_generator_c/turtlesim/srv/detail/spawn__description.c.o[0m
[35.680s] [ 17%] [32mBuilding C object CMakeFiles/turtlesim__rosidl_generator_c.dir/rosidl_generator_c/turtlesim/srv/detail/spawn__functions.c.o[0m
[35.884s] [ 18%] [32mBuilding C object CMakeFiles/turtlesim__rosidl_generator_c.dir/rosidl_generator_c/turtlesim/srv/detail/spawn__type_support.c.o[0m
[36.159s] [ 19%] [32mBuilding C object CMakeFiles/turtlesim__rosidl_generator_c.dir/rosidl_generator_c/turtlesim/srv/detail/teleport_absolute__description.c.o[0m
[36.239s] [ 20%] [32mBuilding C object CMakeFiles/turtlesim__rosidl_generator_c.dir/rosidl_generator_c/turtlesim/srv/detail/teleport_absolute__functions.c.o[0m
[36.546s] [ 20%] [32mBuilding C object CMakeFiles/turtlesim__rosidl_generator_c.dir/rosidl_generator_c/turtlesim/srv/detail/teleport_absolute__type_support.c.o[0m
[36.654s] [ 21%] [32mBuilding C object CMakeFiles/turtlesim__rosidl_generator_c.dir/rosidl_generator_c/turtlesim/srv/detail/teleport_relative__description.c.o[0m
[36.842s] [ 22%] [32mBuilding C object CMakeFiles/turtlesim__rosidl_generator_c.dir/rosidl_generator_c/turtlesim/srv/detail/teleport_relative__functions.c.o[0m
[36.927s] [ 23%] [32mBuilding C object CMakeFiles/turtlesim__rosidl_generator_c.dir/rosidl_generator_c/turtlesim/srv/detail/teleport_relative__type_support.c.o[0m
[37.316s] [ 24%] [32m[1mLinking C shared library libturtlesim__rosidl_generator_c.so[0m
[37.610s] [ 24%] Built target turtlesim__rosidl_generator_c
[37.672s] [ 25%] [34m[1mGenerating C++ type support dispatch for ROS interfaces[0m
[37.688s] [ 26%] [34m[1mGenerating C type support for eProsima Fast-RTPS[0m
[42.810s] [ 27%] [32mBuilding CXX object CMakeFiles/turtlesim__rosidl_typesupport_cpp.dir/rosidl_typesupport_cpp/turtlesim/action/rotate_absolute__type_support.cpp.o[0m
[45.306s] [ 27%] [32mBuilding CXX object CMakeFiles/turtlesim__rosidl_typesupport_fastrtps_c.dir/rosidl_typesupport_fastrtps_c/turtlesim/action/detail/rotate_absolute__type_support_c.cpp.o[0m
[48.638s] [ 28%] [32mBuilding CXX object CMakeFiles/turtlesim__rosidl_typesupport_cpp.dir/rosidl_typesupport_cpp/turtlesim/msg/color__type_support.cpp.o[0m
[50.418s] [ 29%] [32mBuilding CXX object CMakeFiles/turtlesim__rosidl_typesupport_fastrtps_c.dir/rosidl_typesupport_fastrtps_c/turtlesim/msg/detail/color__type_support_c.cpp.o[0m
[51.108s] [ 30%] [32mBuilding CXX object CMakeFiles/turtlesim__rosidl_typesupport_cpp.dir/rosidl_typesupport_cpp/turtlesim/msg/pose__type_support.cpp.o[0m
[53.743s] [ 30%] [32mBuilding CXX object CMakeFiles/turtlesim__rosidl_typesupport_cpp.dir/rosidl_typesupport_cpp/turtlesim/srv/kill__type_support.cpp.o[0m
[54.402s] [ 31%] [32mBuilding CXX object CMakeFiles/turtlesim__rosidl_typesupport_fastrtps_c.dir/rosidl_typesupport_fastrtps_c/turtlesim/msg/detail/pose__type_support_c.cpp.o[0m
[57.127s] [ 32%] [32mBuilding CXX object CMakeFiles/turtlesim__rosidl_typesupport_cpp.dir/rosidl_typesupport_cpp/turtlesim/srv/set_pen__type_support.cpp.o[0m
[58.329s] [ 33%] [32mBuilding CXX object CMakeFiles/turtlesim__rosidl_typesupport_fastrtps_c.dir/rosidl_typesupport_fastrtps_c/turtlesim/srv/detail/kill__type_support_c.cpp.o[0m
[60.544s] [ 34%] [32mBuilding CXX object CMakeFiles/turtlesim__rosidl_typesupport_cpp.dir/rosidl_typesupport_cpp/turtlesim/srv/spawn__type_support.cpp.o[0m
[62.250s] [ 35%] [32mBuilding CXX object CMakeFiles/turtlesim__rosidl_typesupport_fastrtps_c.dir/rosidl_typesupport_fastrtps_c/turtlesim/srv/detail/set_pen__type_support_c.cpp.o[0m
[64.100s] [ 36%] [32mBuilding CXX object CMakeFiles/turtlesim__rosidl_typesupport_cpp.dir/rosidl_typesupport_cpp/turtlesim/srv/teleport_absolute__type_support.cpp.o[0m
[65.821s] [ 37%] [32mBuilding CXX object CMakeFiles/turtlesim__rosidl_typesupport_fastrtps_c.dir/rosidl_typesupport_fastrtps_c/turtlesim/srv/detail/spawn__type_support_c.cpp.o[0m
[67.977s] [ 38%] [32mBuilding CXX object CMakeFiles/turtlesim__rosidl_typesupport_cpp.dir/rosidl_typesupport_cpp/turtlesim/srv/teleport_relative__type_support.cpp.o[0m
[69.224s] [ 39%] [32mBuilding CXX object CMakeFiles/turtlesim__rosidl_typesupport_fastrtps_c.dir/rosidl_typesupport_fastrtps_c/turtlesim/srv/detail/teleport_absolute__type_support_c.cpp.o[0m
[71.848s] [ 40%] [32m[1mLinking CXX shared library libturtlesim__rosidl_typesupport_cpp.so[0m
[72.692s] [ 40%] Built target turtlesim__rosidl_typesupport_cpp
[72.997s] [ 40%] [32mBuilding CXX object CMakeFiles/turtlesim__rosidl_typesupport_fastrtps_c.dir/rosidl_typesupport_fastrtps_c/turtlesim/srv/detail/teleport_relative__type_support_c.cpp.o[0m
[76.227s] [ 41%] [32m[1mLinking CXX shared library libturtlesim__rosidl_typesupport_fastrtps_c.so[0m
[76.842s] [ 41%] Built target turtlesim__rosidl_typesupport_fastrtps_c
[76.977s] [ 42%] [34m[1mGenerating C++ type support for eProsima Fast-RTPS[0m
[82.848s] [ 43%] [32mBuilding CXX object CMakeFiles/turtlesim__rosidl_typesupport_fastrtps_cpp.dir/rosidl_typesupport_fastrtps_cpp/turtlesim/action/detail/dds_fastrtps/rotate_absolute__type_support.cpp.o[0m
[89.212s] [ 44%] [32mBuilding CXX object CMakeFiles/turtlesim__rosidl_typesupport_fastrtps_cpp.dir/rosidl_typesupport_fastrtps_cpp/turtlesim/msg/detail/dds_fastrtps/color__type_support.cpp.o[0m
[92.312s] [ 45%] [32mBuilding CXX object CMakeFiles/turtlesim__rosidl_typesupport_fastrtps_cpp.dir/rosidl_typesupport_fastrtps_cpp/turtlesim/msg/detail/dds_fastrtps/pose__type_support.cpp.o[0m
[95.628s] [ 46%] [32mBuilding CXX object CMakeFiles/turtlesim__rosidl_typesupport_fastrtps_cpp.dir/rosidl_typesupport_fastrtps_cpp/turtlesim/srv/detail/dds_fastrtps/kill__type_support.cpp.o[0m
[99.474s] [ 46%] [32mBuilding CXX object CMakeFiles/turtlesim__rosidl_typesupport_fastrtps_cpp.dir/rosidl_typesupport_fastrtps_cpp/turtlesim/srv/detail/dds_fastrtps/set_pen__type_support.cpp.o[0m
[103.322s] [ 47%] [32mBuilding CXX object CMakeFiles/turtlesim__rosidl_typesupport_fastrtps_cpp.dir/rosidl_typesupport_fastrtps_cpp/turtlesim/srv/detail/dds_fastrtps/spawn__type_support.cpp.o[0m
[107.180s] [ 48%] [32mBuilding CXX object CMakeFiles/turtlesim__rosidl_typesupport_fastrtps_cpp.dir/rosidl_typesupport_fastrtps_cpp/turtlesim/srv/detail/dds_fastrtps/teleport_absolute__type_support.cpp.o[0m
[110.966s] [ 49%] [32mBuilding CXX object CMakeFiles/turtlesim__rosidl_typesupport_fastrtps_cpp.dir/rosidl_typesupport_fastrtps_cpp/turtlesim/srv/detail/dds_fastrtps/teleport_relative__type_support.cpp.o[0m
[115.101s] [ 50%] [32m[1mLinking CXX shared library libturtlesim__rosidl_typesupport_fastrtps_cpp.so[0m
[115.639s] [ 50%] Built target turtlesim__rosidl_typesupport_fastrtps_cpp
[115.697s] [ 51%] [34m[1mGenerating C introspection for ROS interfaces[0m
[120.024s] [ 52%] [32mBuilding C object CMakeFiles/turtlesim__rosidl_typesupport_introspection_c.dir/rosidl_typesupport_introspection_c/turtlesim/action/detail/rotate_absolute__type_support.c.o[0m
[120.434s] [ 53%] [32mBuilding C object CMakeFiles/turtlesim__rosidl_typesupport_introspection_c.dir/rosidl_typesupport_introspection_c/turtlesim/msg/detail/color__type_support.c.o[0m
[120.628s] [ 53%] [32mBuilding C object CMakeFiles/turtlesim__rosidl_typesupport_introspection_c.dir/rosidl_typesupport_introspection_c/turtlesim/msg/detail/pose__type_support.c.o[0m
[120.830s] [ 54%] [32mBuilding C object CMakeFiles/turtlesim__rosidl_typesupport_introspection_c.dir/rosidl_typesupport_introspection_c/turtlesim/srv/detail/kill__type_support.c.o[0m
[121.100s] [ 55%] [32mBuilding C object CMakeFiles/turtlesim__rosidl_typesupport_introspection_c.dir/rosidl_typesupport_introspection_c/turtlesim/srv/detail/set_pen__type_support.c.o[0m
[121.342s] [ 56%] [32mBuilding C object CMakeFiles/turtlesim__rosidl_typesupport_introspection_c.dir/rosidl_typesupport_introspection_c/turtlesim/srv/detail/spawn__type_support.c.o[0m
[121.598s] [ 57%] [32mBuilding C object CMakeFiles/turtlesim__rosidl_typesupport_introspection_c.dir/rosidl_typesupport_introspection_c/turtlesim/srv/detail/teleport_absolute__type_support.c.o[0m
[121.851s] [ 58%] [32mBuilding C object CMakeFiles/turtlesim__rosidl_typesupport_introspection_c.dir/rosidl_typesupport_introspection_c/turtlesim/srv/detail/teleport_relative__type_support.c.o[0m
[122.115s] [ 59%] [32m[1mLinking C shared library libturtlesim__rosidl_typesupport_introspection_c.so[0m
[122.270s] [ 59%] Built target turtlesim__rosidl_typesupport_introspection_c
[122.316s] [ 60%] [34m[1mGenerating C type support dispatch for ROS interfaces[0m
[125.318s] [ 61%] [32mBuilding CXX object CMakeFiles/turtlesim__rosidl_typesupport_c.dir/rosidl_typesupport_c/turtlesim/action/rotate_absolute__type_support.cpp.o[0m
[125.657s] [ 62%] [32mBuilding CXX object CMakeFiles/turtlesim__rosidl_typesupport_c.dir/rosidl_typesupport_c/turtlesim/msg/color__type_support.cpp.o[0m
[125.907s] [ 63%] [32mBuilding CXX object CMakeFiles/turtlesim__rosidl_typesupport_c.dir/rosidl_typesupport_c/turtlesim/msg/pose__type_support.cpp.o[0m
[126.139s] [ 64%] [32mBuilding CXX object CMakeFiles/turtlesim__rosidl_typesupport_c.dir/rosidl_typesupport_c/turtlesim/srv/kill__type_support.cpp.o[0m
[126.421s] [ 65%] [32mBuilding CXX object CMakeFiles/turtlesim__rosidl_typesupport_c.dir/rosidl_typesupport_c/turtlesim/srv/set_pen__type_support.cpp.o[0m
[126.689s] [ 65%] [32mBuilding CXX object CMakeFiles/turtlesim__rosidl_typesupport_c.dir/rosidl_typesupport_c/turtlesim/srv/spawn__type_support.cpp.o[0m
[126.955s] [ 66%] [32mBuilding CXX object CMakeFiles/turtlesim__rosidl_typesupport_c.dir/rosidl_typesupport_c/turtlesim/srv/teleport_absolute__type_support.cpp.o[0m
[127.229s] [ 67%] [32mBuilding CXX object CMakeFiles/turtlesim__rosidl_typesupport_c.dir/rosidl_typesupport_c/turtlesim/srv/teleport_relative__type_support.cpp.o[0m
[127.493s] [ 68%] [32m[1mLinking CXX shared library libturtlesim__rosidl_typesupport_c.so[0m
[127.706s] [ 68%] Built target turtlesim__rosidl_typesupport_c
[127.751s] [ 68%] [34m[1mGenerating C++ introspection for ROS interfaces[0m
[129.851s] [ 69%] [34m[1mGenerating include/turtlesim/moc_turtle_frame.cpp[0m
[130.338s] [ 70%] [32mBuilding CXX object CMakeFiles/turtlesim_node.dir/src/turtlesim.cpp.o[0m
[132.645s] [ 71%] [32mBuilding CXX object CMakeFiles/turtlesim__rosidl_typesupport_introspection_cpp.dir/rosidl_typesupport_introspection_cpp/turtlesim/action/detail/rotate_absolute__type_support.cpp.o[0m
[138.267s] [ 72%] [32mBuilding CXX object CMakeFiles/turtlesim__rosidl_typesupport_introspection_cpp.dir/rosidl_typesupport_introspection_cpp/turtlesim/msg/detail/color__type_support.cpp.o[0m
[141.236s] [ 73%] [32mBuilding CXX object CMakeFiles/turtlesim__rosidl_typesupport_introspection_cpp.dir/rosidl_typesupport_introspection_cpp/turtlesim/msg/detail/pose__type_support.cpp.o[0m
[144.308s] [ 74%] [32mBuilding CXX object CMakeFiles/turtlesim__rosidl_typesupport_introspection_cpp.dir/rosidl_typesupport_introspection_cpp/turtlesim/srv/detail/kill__type_support.cpp.o[0m
[148.324s] [ 75%] [32mBuilding CXX object CMakeFiles/turtlesim__rosidl_typesupport_introspection_cpp.dir/rosidl_typesupport_introspection_cpp/turtlesim/srv/detail/set_pen__type_support.cpp.o[0m
[151.572s] [ 76%] [32mBuilding CXX object CMakeFiles/turtlesim__rosidl_typesupport_introspection_cpp.dir/rosidl_typesupport_introspection_cpp/turtlesim/srv/detail/spawn__type_support.cpp.o[0m
[155.495s] [ 76%] [32mBuilding CXX object CMakeFiles/turtlesim__rosidl_typesupport_introspection_cpp.dir/rosidl_typesupport_introspection_cpp/turtlesim/srv/detail/teleport_absolute__type_support.cpp.o[0m
[159.595s] [ 77%] [32mBuilding CXX object CMakeFiles/turtlesim__rosidl_typesupport_introspection_cpp.dir/rosidl_typesupport_introspection_cpp/turtlesim/srv/detail/teleport_relative__type_support.cpp.o[0m
[163.811s] [ 78%] [32m[1mLinking CXX shared library libturtlesim__rosidl_typesupport_introspection_cpp.so[0m
[164.933s] [ 79%] [32mBuilding CXX object CMakeFiles/turtlesim_node.dir/src/turtle.cpp.o[0m
[164.992s] [ 79%] Built target turtlesim__rosidl_typesupport_introspection_cpp
[238.592s] [ 80%] [32mBuilding CXX object CMakeFiles/turtlesim_node.dir/src/turtle_frame.cpp.o[0m
[268.700s] [ 81%] [32mBuilding CXX object CMakeFiles/turtle_teleop_key.dir/tutorials/teleop_turtle_key.cpp.o[0m
[312.723s] [ 81%] [32mBuilding CXX object CMakeFiles/turtlesim_node.dir/include/turtlesim/moc_turtle_frame.cpp.o[0m
[314.157s] [ 82%] [32m[1mLinking CXX executable turtle_teleop_key[0m
[316.328s] [ 82%] Built target turtle_teleop_key
[347.168s] [ 83%] [32m[1mLinking CXX executable turtlesim_node[0m
[359.215s] [ 83%] Built target turtlesim_node
[359.306s] [ 83%] [32mBuilding CXX object CMakeFiles/draw_square.dir/tutorials/draw_square.cpp.o[0m
[412.106s] [ 84%] [32m[1mLinking CXX executable draw_square[0m
[414.705s] [ 84%] Built target draw_square
[414.794s] [ 85%] [32mBuilding CXX object CMakeFiles/mimic.dir/tutorials/mimic.cpp.o[0m
[464.224s] [ 86%] [32m[1mLinking CXX executable mimic[0m
[466.388s] [ 86%] Built target mimic
[466.477s] [ 86%] Built target turtlesim
[466.570s] [ 86%] [34m[1mGenerating Python code for ROS interfaces[0m
[476.506s] [ 86%] Built target turtlesim__py
[476.605s] [ 87%] [32mBuilding C object CMakeFiles/turtlesim__rosidl_generator_py.dir/rosidl_generator_py/turtlesim/action/_rotate_absolute_s.c.o[0m
[477.910s] [ 88%] [32mBuilding C object CMakeFiles/turtlesim__rosidl_generator_py.dir/rosidl_generator_py/turtlesim/msg/_color_s.c.o[0m
[478.666s] [ 88%] [32mBuilding C object CMakeFiles/turtlesim__rosidl_generator_py.dir/rosidl_generator_py/turtlesim/msg/_pose_s.c.o[0m
[478.676s] [ 89%] [32mBuilding C object CMakeFiles/turtlesim__rosidl_generator_py.dir/rosidl_generator_py/turtlesim/srv/_kill_s.c.o[0m
[479.470s] [ 90%] [32mBuilding C object CMakeFiles/turtlesim__rosidl_generator_py.dir/rosidl_generator_py/turtlesim/srv/_set_pen_s.c.o[0m
[479.996s] [ 91%] [32mBuilding C object CMakeFiles/turtlesim__rosidl_generator_py.dir/rosidl_generator_py/turtlesim/srv/_spawn_s.c.o[0m
[480.486s] [ 92%] [32mBuilding C object CMakeFiles/turtlesim__rosidl_generator_py.dir/rosidl_generator_py/turtlesim/srv/_teleport_absolute_s.c.o[0m
[481.399s] [ 93%] [32mBuilding C object CMakeFiles/turtlesim__rosidl_generator_py.dir/rosidl_generator_py/turtlesim/srv/_teleport_relative_s.c.o[0m
[482.323s] [ 94%] [32m[1mLinking C shared library libturtlesim__rosidl_generator_py.so[0m
[482.684s] [ 94%] Built target turtlesim__rosidl_generator_py
[482.788s] [ 95%] [32mBuilding C object CMakeFiles/turtlesim_s__rosidl_typesupport_fastrtps_c.dir/rosidl_generator_py/turtlesim/_turtlesim_s.ep.rosidl_typesupport_fastrtps_c.c.o[0m
[482.792s] [ 96%] [32mBuilding C object CMakeFiles/turtlesim_s__rosidl_typesupport_introspection_c.dir/rosidl_generator_py/turtlesim/_turtlesim_s.ep.rosidl_typesupport_introspection_c.c.o[0m
[484.322s] [ 97%] [32m[1mLinking C shared module rosidl_generator_py/turtlesim/turtlesim_s__rosidl_typesupport_introspection_c.so[0m
[484.490s] [ 98%] [32m[1mLinking C shared module rosidl_generator_py/turtlesim/turtlesim_s__rosidl_typesupport_fastrtps_c.so[0m
[484.554s] [ 98%] Built target turtlesim_s__rosidl_typesupport_introspection_c
[484.666s] [ 98%] Built target turtlesim_s__rosidl_typesupport_fastrtps_c
[484.759s] [ 99%] [32mBuilding C object CMakeFiles/turtlesim_s__rosidl_typesupport_c.dir/rosidl_generator_py/turtlesim/_turtlesim_s.ep.rosidl_typesupport_c.c.o[0m
[485.887s] [100%] [32m[1mLinking C shared module rosidl_generator_py/turtlesim/turtlesim_s__rosidl_typesupport_c.so[0m
[486.038s] [100%] Built target turtlesim_s__rosidl_typesupport_c
[486.107s] Invoked command in '/home/jizzy/ros_ws/build/turtlesim' returned '0': CMAKE_PREFIX_PATH=${CMAKE_PREFIX_PATH}:/home/jizzy/ros_ws/install/MyFirstPackage:/opt/ros/jazzy DEBUGINFOD_URLS=https://debuginfod.ubuntu.com /usr/bin/cmake --build /home/jizzy/ros_ws/build/turtlesim -- -j2 -l2
[487.202s] Invoking command in '/home/jizzy/ros_ws/build/turtlesim': CMAKE_PREFIX_PATH=${CMAKE_PREFIX_PATH}:/home/jizzy/ros_ws/install/MyFirstPackage:/opt/ros/jazzy DEBUGINFOD_URLS=https://debuginfod.ubuntu.com /usr/bin/cmake --install /home/jizzy/ros_ws/build/turtlesim
[487.247s] -- Install configuration: ""
[487.249s] -- Installing: /home/jizzy/ros_ws/install/turtlesim/share/ament_index/resource_index/rosidl_interfaces/turtlesim
[487.306s] -- Installing: /home/jizzy/ros_ws/install/turtlesim/share/turtlesim/action/RotateAbsolute.json
[487.309s] -- Installing: /home/jizzy/ros_ws/install/turtlesim/share/turtlesim/msg/Color.json
[487.312s] -- Installing: /home/jizzy/ros_ws/install/turtlesim/share/turtlesim/msg/Pose.json
[487.315s] -- Installing: /home/jizzy/ros_ws/install/turtlesim/share/turtlesim/srv/Kill.json
[487.316s] -- Installing: /home/jizzy/ros_ws/install/turtlesim/share/turtlesim/srv/SetPen.json
[487.318s] -- Installing: /home/jizzy/ros_ws/install/turtlesim/share/turtlesim/srv/Spawn.json
[487.319s] -- Installing: /home/jizzy/ros_ws/install/turtlesim/share/turtlesim/srv/TeleportAbsolute.json
[487.320s] -- Installing: /home/jizzy/ros_ws/install/turtlesim/share/turtlesim/srv/TeleportRelative.json
[487.322s] -- Up-to-date: /home/jizzy/ros_ws/install/turtlesim/include/turtlesim/turtlesim
[487.323s] -- Up-to-date: /home/jizzy/ros_ws/install/turtlesim/include/turtlesim/turtlesim/action
[487.323s] -- Up-to-date: /home/jizzy/ros_ws/install/turtlesim/include/turtlesim/turtlesim/action/detail
[487.324s] -- Installing: /home/jizzy/ros_ws/install/turtlesim/include/turtlesim/turtlesim/action/detail/rotate_absolute__type_support.h
[487.327s] -- Installing: /home/jizzy/ros_ws/install/turtlesim/include/turtlesim/turtlesim/action/detail/rotate_absolute__type_support.c
[487.327s] -- Installing: /home/jizzy/ros_ws/install/turtlesim/include/turtlesim/turtlesim/action/detail/rotate_absolute__description.c
[487.329s] -- Installing: /home/jizzy/ros_ws/install/turtlesim/include/turtlesim/turtlesim/action/detail/rotate_absolute__struct.h
[487.329s] -- Installing: /home/jizzy/ros_ws/install/turtlesim/include/turtlesim/turtlesim/action/detail/rotate_absolute__functions.c
[487.331s] -- Installing: /home/jizzy/ros_ws/install/turtlesim/include/turtlesim/turtlesim/action/detail/rotate_absolute__functions.h
[487.331s] -- Installing: /home/jizzy/ros_ws/install/turtlesim/include/turtlesim/turtlesim/action/rotate_absolute.h
[487.334s] -- Up-to-date: /home/jizzy/ros_ws/install/turtlesim/include/turtlesim/turtlesim/msg
[487.334s] -- Up-to-date: /home/jizzy/ros_ws/install/turtlesim/include/turtlesim/turtlesim/msg/detail
[487.336s] -- Installing: /home/jizzy/ros_ws/install/turtlesim/include/turtlesim/turtlesim/msg/detail/color__functions.c
[487.337s] -- Installing: /home/jizzy/ros_ws/install/turtlesim/include/turtlesim/turtlesim/msg/detail/pose__type_support.h
[487.338s] -- Installing: /home/jizzy/ros_ws/install/turtlesim/include/turtlesim/turtlesim/msg/detail/pose__type_support.c
[487.338s] -- Installing: /home/jizzy/ros_ws/install/turtlesim/include/turtlesim/turtlesim/msg/detail/pose__functions.c
[487.340s] -- Installing: /home/jizzy/ros_ws/install/turtlesim/include/turtlesim/turtlesim/msg/detail/color__type_support.h
[487.340s] -- Installing: /home/jizzy/ros_ws/install/turtlesim/include/turtlesim/turtlesim/msg/detail/color__description.c
[487.342s] -- Installing: /home/jizzy/ros_ws/install/turtlesim/include/turtlesim/turtlesim/msg/detail/color__type_support.c
[487.342s] -- Installing: /home/jizzy/ros_ws/install/turtlesim/include/turtlesim/turtlesim/msg/detail/pose__struct.h
[487.345s] -- Installing: /home/jizzy/ros_ws/install/turtlesim/include/turtlesim/turtlesim/msg/detail/color__functions.h
[487.345s] -- Installing: /home/jizzy/ros_ws/install/turtlesim/include/turtlesim/turtlesim/msg/detail/pose__description.c
[487.348s] -- Installing: /home/jizzy/ros_ws/install/turtlesim/include/turtlesim/turtlesim/msg/detail/color__struct.h
[487.348s] -- Installing: /home/jizzy/ros_ws/install/turtlesim/include/turtlesim/turtlesim/msg/detail/pose__functions.h
[487.349s] -- Installing: /home/jizzy/ros_ws/install/turtlesim/include/turtlesim/turtlesim/msg/color.h
[487.351s] -- Installing: /home/jizzy/ros_ws/install/turtlesim/include/turtlesim/turtlesim/msg/rosidl_generator_c__visibility_control.h
[487.351s] -- Installing: /home/jizzy/ros_ws/install/turtlesim/include/turtlesim/turtlesim/msg/pose.h
[487.353s] -- Up-to-date: /home/jizzy/ros_ws/install/turtlesim/include/turtlesim/turtlesim/srv
[487.353s] -- Installing: /home/jizzy/ros_ws/install/turtlesim/include/turtlesim/turtlesim/srv/teleport_absolute.h
[487.355s] -- Up-to-date: /home/jizzy/ros_ws/install/turtlesim/include/turtlesim/turtlesim/srv/detail
[487.355s] -- Installing: /home/jizzy/ros_ws/install/turtlesim/include/turtlesim/turtlesim/srv/detail/set_pen__type_support.h
[487.356s] -- Installing: /home/jizzy/ros_ws/install/turtlesim/include/turtlesim/turtlesim/srv/detail/kill__functions.c
[487.358s] -- Installing: /home/jizzy/ros_ws/install/turtlesim/include/turtlesim/turtlesim/srv/detail/spawn__functions.h
[487.360s] -- Installing: /home/jizzy/ros_ws/install/turtlesim/include/turtlesim/turtlesim/srv/detail/teleport_absolute__functions.h
[487.360s] -- Installing: /home/jizzy/ros_ws/install/turtlesim/include/turtlesim/turtlesim/srv/detail/kill__struct.h
[487.362s] -- Installing: /home/jizzy/ros_ws/install/turtlesim/include/turtlesim/turtlesim/srv/detail/spawn__type_support.c
[487.364s] -- Installing: /home/jizzy/ros_ws/install/turtlesim/include/turtlesim/turtlesim/srv/detail/teleport_relative__functions.c
[487.364s] -- Installing: /home/jizzy/ros_ws/install/turtlesim/include/turtlesim/turtlesim/srv/detail/spawn__struct.h
[487.365s] -- Installing: /home/jizzy/ros_ws/install/turtlesim/include/turtlesim/turtlesim/srv/detail/teleport_absolute__type_support.c
[487.365s] -- Installing: /home/jizzy/ros_ws/install/turtlesim/include/turtlesim/turtlesim/srv/detail/teleport_relative__description.c
[487.368s] -- Installing: /home/jizzy/ros_ws/install/turtlesim/include/turtlesim/turtlesim/srv/detail/kill__type_support.c
[487.368s] -- Installing: /home/jizzy/ros_ws/install/turtlesim/include/turtlesim/turtlesim/srv/detail/teleport_relative__type_support.h
[487.369s] -- Installing: /home/jizzy/ros_ws/install/turtlesim/include/turtlesim/turtlesim/srv/detail/kill__type_support.h
[487.371s] -- Installing: /home/jizzy/ros_ws/install/turtlesim/include/turtlesim/turtlesim/srv/detail/teleport_absolute__description.c
[487.373s] -- Installing: /home/jizzy/ros_ws/install/turtlesim/include/turtlesim/turtlesim/srv/detail/set_pen__functions.h
[487.373s] -- Installing: /home/jizzy/ros_ws/install/turtlesim/include/turtlesim/turtlesim/srv/detail/spawn__functions.c
[487.378s] -- Installing: /home/jizzy/ros_ws/install/turtlesim/include/turtlesim/turtlesim/srv/detail/set_pen__description.c
[487.379s] -- Installing: /home/jizzy/ros_ws/install/turtlesim/include/turtlesim/turtlesim/srv/detail/spawn__description.c
[487.382s] -- Installing: /home/jizzy/ros_ws/install/turtlesim/include/turtlesim/turtlesim/srv/detail/kill__description.c
[487.383s] -- Installing: /home/jizzy/ros_ws/install/turtlesim/include/turtlesim/turtlesim/srv/detail/teleport_absolute__type_support.h
[487.384s] -- Installing: /home/jizzy/ros_ws/install/turtlesim/include/turtlesim/turtlesim/srv/detail/teleport_relative__functions.h
[487.389s] -- Installing: /home/jizzy/ros_ws/install/turtlesim/include/turtlesim/turtlesim/srv/detail/set_pen__functions.c
[487.389s] -- Installing: /home/jizzy/ros_ws/install/turtlesim/include/turtlesim/turtlesim/srv/detail/teleport_absolute__struct.h
[487.390s] -- Installing: /home/jizzy/ros_ws/install/turtlesim/include/turtlesim/turtlesim/srv/detail/kill__functions.h
[487.390s] -- Installing: /home/jizzy/ros_ws/install/turtlesim/include/turtlesim/turtlesim/srv/detail/set_pen__type_support.c
[487.394s] -- Installing: /home/jizzy/ros_ws/install/turtlesim/include/turtlesim/turtlesim/srv/detail/teleport_relative__struct.h
[487.395s] -- Installing: /home/jizzy/ros_ws/install/turtlesim/include/turtlesim/turtlesim/srv/detail/teleport_relative__type_support.c
[487.395s] -- Installing: /home/jizzy/ros_ws/install/turtlesim/include/turtlesim/turtlesim/srv/detail/spawn__type_support.h
[487.400s] -- Installing: /home/jizzy/ros_ws/install/turtlesim/include/turtlesim/turtlesim/srv/detail/teleport_absolute__functions.c
[487.402s] -- Installing: /home/jizzy/ros_ws/install/turtlesim/include/turtlesim/turtlesim/srv/detail/set_pen__struct.h
[487.402s] -- Installing: /home/jizzy/ros_ws/install/turtlesim/include/turtlesim/turtlesim/srv/set_pen.h
[487.403s] -- Installing: /home/jizzy/ros_ws/install/turtlesim/include/turtlesim/turtlesim/srv/teleport_relative.h
[487.403s] -- Installing: /home/jizzy/ros_ws/install/turtlesim/include/turtlesim/turtlesim/srv/spawn.h
[487.408s] -- Installing: /home/jizzy/ros_ws/install/turtlesim/include/turtlesim/turtlesim/srv/kill.h
[487.409s] -- Up-to-date: /home/jizzy/ros_ws/install/turtlesim/share/turtlesim/environment/library_path.sh
[487.409s] -- Installing: /home/jizzy/ros_ws/install/turtlesim/share/turtlesim/environment/library_path.dsv
[487.412s] -- Installing: /home/jizzy/ros_ws/install/turtlesim/lib/libturtlesim__rosidl_generator_c.so
[487.413s] -- Set non-toolchain portion of runtime path of "/home/jizzy/ros_ws/install/turtlesim/lib/libturtlesim__rosidl_generator_c.so" to ""
[487.415s] -- Up-to-date: /home/jizzy/ros_ws/install/turtlesim/include/turtlesim/turtlesim
[487.418s] -- Up-to-date: /home/jizzy/ros_ws/install/turtlesim/include/turtlesim/turtlesim/action
[487.420s] -- Up-to-date: /home/jizzy/ros_ws/install/turtlesim/include/turtlesim/turtlesim/action/detail
[487.421s] -- Installing: /home/jizzy/ros_ws/install/turtlesim/include/turtlesim/turtlesim/action/detail/rotate_absolute__rosidl_typesupport_fastrtps_c.h
[487.423s] -- Up-to-date: /home/jizzy/ros_ws/install/turtlesim/include/turtlesim/turtlesim/msg
[487.424s] -- Up-to-date: /home/jizzy/ros_ws/install/turtlesim/include/turtlesim/turtlesim/msg/detail
[487.425s] -- Installing: /home/jizzy/ros_ws/install/turtlesim/include/turtlesim/turtlesim/msg/detail/pose__rosidl_typesupport_fastrtps_c.h
[487.425s] -- Installing: /home/jizzy/ros_ws/install/turtlesim/include/turtlesim/turtlesim/msg/detail/color__rosidl_typesupport_fastrtps_c.h
[487.428s] -- Installing: /home/jizzy/ros_ws/install/turtlesim/include/turtlesim/turtlesim/msg/rosidl_typesupport_fastrtps_c__visibility_control.h
[487.428s] -- Up-to-date: /home/jizzy/ros_ws/install/turtlesim/include/turtlesim/turtlesim/srv
[487.428s] -- Up-to-date: /home/jizzy/ros_ws/install/turtlesim/include/turtlesim/turtlesim/srv/detail
[487.431s] -- Installing: /home/jizzy/ros_ws/install/turtlesim/include/turtlesim/turtlesim/srv/detail/spawn__rosidl_typesupport_fastrtps_c.h
[487.432s] -- Installing: /home/jizzy/ros_ws/install/turtlesim/include/turtlesim/turtlesim/srv/detail/kill__rosidl_typesupport_fastrtps_c.h
[487.433s] -- Installing: /home/jizzy/ros_ws/install/turtlesim/include/turtlesim/turtlesim/srv/detail/teleport_absolute__rosidl_typesupport_fastrtps_c.h
[487.433s] -- Installing: /home/jizzy/ros_ws/install/turtlesim/include/turtlesim/turtlesim/srv/detail/teleport_relative__rosidl_typesupport_fastrtps_c.h
[487.436s] -- Installing: /home/jizzy/ros_ws/install/turtlesim/include/turtlesim/turtlesim/srv/detail/set_pen__rosidl_typesupport_fastrtps_c.h
[487.436s] -- Installing: /home/jizzy/ros_ws/install/turtlesim/lib/libturtlesim__rosidl_typesupport_fastrtps_c.so
[487.436s] -- Set non-toolchain portion of runtime path of "/home/jizzy/ros_ws/install/turtlesim/lib/libturtlesim__rosidl_typesupport_fastrtps_c.so" to ""
[487.437s] -- Up-to-date: /home/jizzy/ros_ws/install/turtlesim/include/turtlesim/turtlesim
[487.440s] -- Up-to-date: /home/jizzy/ros_ws/install/turtlesim/include/turtlesim/turtlesim/action
[487.440s] -- Up-to-date: /home/jizzy/ros_ws/install/turtlesim/include/turtlesim/turtlesim/action/detail
[487.441s] -- Installing: /home/jizzy/ros_ws/install/turtlesim/include/turtlesim/turtlesim/action/detail/rotate_absolute__struct.hpp
[487.443s] -- Installing: /home/jizzy/ros_ws/install/turtlesim/include/turtlesim/turtlesim/action/detail/rotate_absolute__type_support.hpp
[487.444s] -- Installing: /home/jizzy/ros_ws/install/turtlesim/include/turtlesim/turtlesim/action/detail/rotate_absolute__builder.hpp
[487.445s] -- Installing: /home/jizzy/ros_ws/install/turtlesim/include/turtlesim/turtlesim/action/detail/rotate_absolute__traits.hpp
[487.445s] -- Installing: /home/jizzy/ros_ws/install/turtlesim/include/turtlesim/turtlesim/action/rotate_absolute.hpp
[487.447s] -- Up-to-date: /home/jizzy/ros_ws/install/turtlesim/include/turtlesim/turtlesim/msg
[487.448s] -- Up-to-date: /home/jizzy/ros_ws/install/turtlesim/include/turtlesim/turtlesim/msg/detail
[487.449s] -- Installing: /home/jizzy/ros_ws/install/turtlesim/include/turtlesim/turtlesim/msg/detail/color__traits.hpp
[487.449s] -- Installing: /home/jizzy/ros_ws/install/turtlesim/include/turtlesim/turtlesim/msg/detail/color__struct.hpp
[487.452s] -- Installing: /home/jizzy/ros_ws/install/turtlesim/include/turtlesim/turtlesim/msg/detail/color__builder.hpp
[487.452s] -- Installing: /home/jizzy/ros_ws/install/turtlesim/include/turtlesim/turtlesim/msg/detail/color__type_support.hpp
[487.453s] -- Installing: /home/jizzy/ros_ws/install/turtlesim/include/turtlesim/turtlesim/msg/detail/pose__type_support.hpp
[487.454s] -- Installing: /home/jizzy/ros_ws/install/turtlesim/include/turtlesim/turtlesim/msg/detail/pose__traits.hpp
[487.455s] -- Installing: /home/jizzy/ros_ws/install/turtlesim/include/turtlesim/turtlesim/msg/detail/pose__builder.hpp
[487.457s] -- Installing: /home/jizzy/ros_ws/install/turtlesim/include/turtlesim/turtlesim/msg/detail/pose__struct.hpp
[487.457s] -- Installing: /home/jizzy/ros_ws/install/turtlesim/include/turtlesim/turtlesim/msg/rosidl_generator_cpp__visibility_control.hpp
[487.460s] -- Installing: /home/jizzy/ros_ws/install/turtlesim/include/turtlesim/turtlesim/msg/color.hpp
[487.460s] -- Installing: /home/jizzy/ros_ws/install/turtlesim/include/turtlesim/turtlesim/msg/pose.hpp
[487.461s] -- Up-to-date: /home/jizzy/ros_ws/install/turtlesim/include/turtlesim/turtlesim/srv
[487.461s] -- Up-to-date: /home/jizzy/ros_ws/install/turtlesim/include/turtlesim/turtlesim/srv/detail
[487.463s] -- Installing: /home/jizzy/ros_ws/install/turtlesim/include/turtlesim/turtlesim/srv/detail/kill__builder.hpp
[487.463s] -- Installing: /home/jizzy/ros_ws/install/turtlesim/include/turtlesim/turtlesim/srv/detail/teleport_relative__builder.hpp
[487.465s] -- Installing: /home/jizzy/ros_ws/install/turtlesim/include/turtlesim/turtlesim/srv/detail/teleport_absolute__struct.hpp
[487.466s] -- Installing: /home/jizzy/ros_ws/install/turtlesim/include/turtlesim/turtlesim/srv/detail/teleport_absolute__type_support.hpp
[487.466s] -- Installing: /home/jizzy/ros_ws/install/turtlesim/include/turtlesim/turtlesim/srv/detail/spawn__struct.hpp
[487.469s] -- Installing: /home/jizzy/ros_ws/install/turtlesim/include/turtlesim/turtlesim/srv/detail/kill__struct.hpp
[487.469s] -- Installing: /home/jizzy/ros_ws/install/turtlesim/include/turtlesim/turtlesim/srv/detail/set_pen__type_support.hpp
[487.470s] -- Installing: /home/jizzy/ros_ws/install/turtlesim/include/turtlesim/turtlesim/srv/detail/kill__traits.hpp
[487.472s] -- Installing: /home/jizzy/ros_ws/install/turtlesim/include/turtlesim/turtlesim/srv/detail/teleport_absolute__traits.hpp
[487.474s] -- Installing: /home/jizzy/ros_ws/install/turtlesim/include/turtlesim/turtlesim/srv/detail/spawn__traits.hpp
[487.479s] -- Installing: /home/jizzy/ros_ws/install/turtlesim/include/turtlesim/turtlesim/srv/detail/teleport_relative__struct.hpp
[487.482s] -- Installing: /home/jizzy/ros_ws/install/turtlesim/include/turtlesim/turtlesim/srv/detail/set_pen__traits.hpp
[487.486s] -- Installing: /home/jizzy/ros_ws/install/turtlesim/include/turtlesim/turtlesim/srv/detail/kill__type_support.hpp
[487.487s] -- Installing: /home/jizzy/ros_ws/install/turtlesim/include/turtlesim/turtlesim/srv/detail/teleport_relative__traits.hpp
[487.487s] -- Installing: /home/jizzy/ros_ws/install/turtlesim/include/turtlesim/turtlesim/srv/detail/set_pen__struct.hpp
[487.492s] -- Installing: /home/jizzy/ros_ws/install/turtlesim/include/turtlesim/turtlesim/srv/detail/teleport_absolute__builder.hpp
[487.494s] -- Installing: /home/jizzy/ros_ws/install/turtlesim/include/turtlesim/turtlesim/srv/detail/spawn__type_support.hpp
[487.496s] -- Installing: /home/jizzy/ros_ws/install/turtlesim/include/turtlesim/turtlesim/srv/detail/teleport_relative__type_support.hpp
[487.497s] -- Installing: /home/jizzy/ros_ws/install/turtlesim/include/turtlesim/turtlesim/srv/detail/spawn__builder.hpp
[487.499s] -- Installing: /home/jizzy/ros_ws/install/turtlesim/include/turtlesim/turtlesim/srv/detail/set_pen__builder.hpp
[487.499s] -- Installing: /home/jizzy/ros_ws/install/turtlesim/include/turtlesim/turtlesim/srv/spawn.hpp
[487.501s] -- Installing: /home/jizzy/ros_ws/install/turtlesim/include/turtlesim/turtlesim/srv/teleport_relative.hpp
[487.501s] -- Installing: /home/jizzy/ros_ws/install/turtlesim/include/turtlesim/turtlesim/srv/teleport_absolute.hpp
[487.503s] -- Installing: /home/jizzy/ros_ws/install/turtlesim/include/turtlesim/turtlesim/srv/kill.hpp
[487.506s] -- Installing: /home/jizzy/ros_ws/install/turtlesim/include/turtlesim/turtlesim/srv/set_pen.hpp
[487.506s] -- Up-to-date: /home/jizzy/ros_ws/install/turtlesim/include/turtlesim/turtlesim
[487.507s] -- Up-to-date: /home/jizzy/ros_ws/install/turtlesim/include/turtlesim/turtlesim/action
[487.507s] -- Up-to-date: /home/jizzy/ros_ws/install/turtlesim/include/turtlesim/turtlesim/action/detail
[487.509s] -- Installing: /home/jizzy/ros_ws/install/turtlesim/include/turtlesim/turtlesim/action/detail/rotate_absolute__rosidl_typesupport_fastrtps_cpp.hpp
[487.509s] -- Up-to-date: /home/jizzy/ros_ws/install/turtlesim/include/turtlesim/turtlesim/action/detail/dds_fastrtps
[487.510s] -- Up-to-date: /home/jizzy/ros_ws/install/turtlesim/include/turtlesim/turtlesim/msg
[487.510s] -- Up-to-date: /home/jizzy/ros_ws/install/turtlesim/include/turtlesim/turtlesim/msg/detail
[487.514s] -- Installing: /home/jizzy/ros_ws/install/turtlesim/include/turtlesim/turtlesim/msg/detail/pose__rosidl_typesupport_fastrtps_cpp.hpp
[487.515s] -- Up-to-date: /home/jizzy/ros_ws/install/turtlesim/include/turtlesim/turtlesim/msg/detail/dds_fastrtps
[487.515s] -- Installing: /home/jizzy/ros_ws/install/turtlesim/include/turtlesim/turtlesim/msg/detail/color__rosidl_typesupport_fastrtps_cpp.hpp
[487.517s] -- Installing: /home/jizzy/ros_ws/install/turtlesim/include/turtlesim/turtlesim/msg/rosidl_typesupport_fastrtps_cpp__visibility_control.h
[487.519s] -- Up-to-date: /home/jizzy/ros_ws/install/turtlesim/include/turtlesim/turtlesim/srv
[487.520s] -- Up-to-date: /home/jizzy/ros_ws/install/turtlesim/include/turtlesim/turtlesim/srv/detail
[487.520s] -- Installing: /home/jizzy/ros_ws/install/turtlesim/include/turtlesim/turtlesim/srv/detail/kill__rosidl_typesupport_fastrtps_cpp.hpp
[487.522s] -- Installing: /home/jizzy/ros_ws/install/turtlesim/include/turtlesim/turtlesim/srv/detail/spawn__rosidl_typesupport_fastrtps_cpp.hpp
[487.523s] -- Installing: /home/jizzy/ros_ws/install/turtlesim/include/turtlesim/turtlesim/srv/detail/set_pen__rosidl_typesupport_fastrtps_cpp.hpp
[487.525s] -- Installing: /home/jizzy/ros_ws/install/turtlesim/include/turtlesim/turtlesim/srv/detail/teleport_absolute__rosidl_typesupport_fastrtps_cpp.hpp
[487.526s] -- Up-to-date: /home/jizzy/ros_ws/install/turtlesim/include/turtlesim/turtlesim/srv/detail/dds_fastrtps
[487.527s] -- Installing: /home/jizzy/ros_ws/install/turtlesim/include/turtlesim/turtlesim/srv/detail/teleport_relative__rosidl_typesupport_fastrtps_cpp.hpp
[487.527s] -- Installing: /home/jizzy/ros_ws/install/turtlesim/lib/libturtlesim__rosidl_typesupport_fastrtps_cpp.so
[487.530s] -- Set non-toolchain portion of runtime path of "/home/jizzy/ros_ws/install/turtlesim/lib/libturtlesim__rosidl_typesupport_fastrtps_cpp.so" to ""
[487.530s] -- Up-to-date: /home/jizzy/ros_ws/install/turtlesim/include/turtlesim/turtlesim
[487.531s] -- Up-to-date: /home/jizzy/ros_ws/install/turtlesim/include/turtlesim/turtlesim/action
[487.531s] -- Up-to-date: /home/jizzy/ros_ws/install/turtlesim/include/turtlesim/turtlesim/action/detail
[487.533s] -- Installing: /home/jizzy/ros_ws/install/turtlesim/include/turtlesim/turtlesim/action/detail/rotate_absolute__type_support.c
[487.533s] -- Installing: /home/jizzy/ros_ws/install/turtlesim/include/turtlesim/turtlesim/action/detail/rotate_absolute__rosidl_typesupport_introspection_c.h
[487.534s] -- Up-to-date: /home/jizzy/ros_ws/install/turtlesim/include/turtlesim/turtlesim/msg
[487.534s] -- Up-to-date: /home/jizzy/ros_ws/install/turtlesim/include/turtlesim/turtlesim/msg/detail
[487.537s] -- Installing: /home/jizzy/ros_ws/install/turtlesim/include/turtlesim/turtlesim/msg/detail/color__rosidl_typesupport_introspection_c.h
[487.538s] -- Installing: /home/jizzy/ros_ws/install/turtlesim/include/turtlesim/turtlesim/msg/detail/pose__type_support.c
[487.539s] -- Installing: /home/jizzy/ros_ws/install/turtlesim/include/turtlesim/turtlesim/msg/detail/color__type_support.c
[487.539s] -- Installing: /home/jizzy/ros_ws/install/turtlesim/include/turtlesim/turtlesim/msg/detail/pose__rosidl_typesupport_introspection_c.h
[487.542s] -- Installing: /home/jizzy/ros_ws/install/turtlesim/include/turtlesim/turtlesim/msg/rosidl_typesupport_introspection_c__visibility_control.h
[487.543s] -- Up-to-date: /home/jizzy/ros_ws/install/turtlesim/include/turtlesim/turtlesim/srv
[487.543s] -- Up-to-date: /home/jizzy/ros_ws/install/turtlesim/include/turtlesim/turtlesim/srv/detail
[487.544s] -- Installing: /home/jizzy/ros_ws/install/turtlesim/include/turtlesim/turtlesim/srv/detail/spawn__type_support.c
[487.544s] -- Installing: /home/jizzy/ros_ws/install/turtlesim/include/turtlesim/turtlesim/srv/detail/teleport_relative__rosidl_typesupport_introspection_c.h
[487.545s] -- Installing: /home/jizzy/ros_ws/install/turtlesim/include/turtlesim/turtlesim/srv/detail/teleport_absolute__type_support.c
[487.545s] -- Installing: /home/jizzy/ros_ws/install/turtlesim/include/turtlesim/turtlesim/srv/detail/kill__type_support.c
[487.548s] -- Installing: /home/jizzy/ros_ws/install/turtlesim/include/turtlesim/turtlesim/srv/detail/spawn__rosidl_typesupport_introspection_c.h
[487.548s] -- Installing: /home/jizzy/ros_ws/install/turtlesim/include/turtlesim/turtlesim/srv/detail/teleport_absolute__rosidl_typesupport_introspection_c.h
[487.551s] -- Installing: /home/jizzy/ros_ws/install/turtlesim/include/turtlesim/turtlesim/srv/detail/set_pen__type_support.c
[487.551s] -- Installing: /home/jizzy/ros_ws/install/turtlesim/include/turtlesim/turtlesim/srv/detail/kill__rosidl_typesupport_introspection_c.h
[487.554s] -- Installing: /home/jizzy/ros_ws/install/turtlesim/include/turtlesim/turtlesim/srv/detail/teleport_relative__type_support.c
[487.555s] -- Installing: /home/jizzy/ros_ws/install/turtlesim/include/turtlesim/turtlesim/srv/detail/set_pen__rosidl_typesupport_introspection_c.h
[487.555s] -- Installing: /home/jizzy/ros_ws/install/turtlesim/lib/libturtlesim__rosidl_typesupport_introspection_c.so
[487.556s] -- Set non-toolchain portion of runtime path of "/home/jizzy/ros_ws/install/turtlesim/lib/libturtlesim__rosidl_typesupport_introspection_c.so" to ""
[487.557s] -- Installing: /home/jizzy/ros_ws/install/turtlesim/lib/libturtlesim__rosidl_typesupport_c.so
[487.559s] -- Set non-toolchain portion of runtime path of "/home/jizzy/ros_ws/install/turtlesim/lib/libturtlesim__rosidl_typesupport_c.so" to ""
[487.560s] -- Up-to-date: /home/jizzy/ros_ws/install/turtlesim/include/turtlesim/turtlesim
[487.560s] -- Up-to-date: /home/jizzy/ros_ws/install/turtlesim/include/turtlesim/turtlesim/action
[487.563s] -- Up-to-date: /home/jizzy/ros_ws/install/turtlesim/include/turtlesim/turtlesim/action/detail
[487.563s] -- Installing: /home/jizzy/ros_ws/install/turtlesim/include/turtlesim/turtlesim/action/detail/rotate_absolute__type_support.cpp
[487.564s] -- Installing: /home/jizzy/ros_ws/install/turtlesim/include/turtlesim/turtlesim/action/detail/rotate_absolute__rosidl_typesupport_introspection_cpp.hpp
[487.566s] -- Up-to-date: /home/jizzy/ros_ws/install/turtlesim/include/turtlesim/turtlesim/msg
[487.567s] -- Up-to-date: /home/jizzy/ros_ws/install/turtlesim/include/turtlesim/turtlesim/msg/detail
[487.568s] -- Installing: /home/jizzy/ros_ws/install/turtlesim/include/turtlesim/turtlesim/msg/detail/pose__rosidl_typesupport_introspection_cpp.hpp
[487.568s] -- Installing: /home/jizzy/ros_ws/install/turtlesim/include/turtlesim/turtlesim/msg/detail/pose__type_support.cpp
[487.569s] -- Installing: /home/jizzy/ros_ws/install/turtlesim/include/turtlesim/turtlesim/msg/detail/color__type_support.cpp
[487.569s] -- Installing: /home/jizzy/ros_ws/install/turtlesim/include/turtlesim/turtlesim/msg/detail/color__rosidl_typesupport_introspection_cpp.hpp
[487.570s] -- Up-to-date: /home/jizzy/ros_ws/install/turtlesim/include/turtlesim/turtlesim/srv
[487.570s] -- Up-to-date: /home/jizzy/ros_ws/install/turtlesim/include/turtlesim/turtlesim/srv/detail
[487.575s] -- Installing: /home/jizzy/ros_ws/install/turtlesim/include/turtlesim/turtlesim/srv/detail/kill__rosidl_typesupport_introspection_cpp.hpp
[487.576s] -- Installing: /home/jizzy/ros_ws/install/turtlesim/include/turtlesim/turtlesim/srv/detail/spawn__rosidl_typesupport_introspection_cpp.hpp
[487.576s] -- Installing: /home/jizzy/ros_ws/install/turtlesim/include/turtlesim/turtlesim/srv/detail/teleport_relative__type_support.cpp
[487.579s] -- Installing: /home/jizzy/ros_ws/install/turtlesim/include/turtlesim/turtlesim/srv/detail/set_pen__rosidl_typesupport_introspection_cpp.hpp
[487.580s] -- Installing: /home/jizzy/ros_ws/install/turtlesim/include/turtlesim/turtlesim/srv/detail/teleport_relative__rosidl_typesupport_introspection_cpp.hpp
[487.580s] -- Installing: /home/jizzy/ros_ws/install/turtlesim/include/turtlesim/turtlesim/srv/detail/spawn__type_support.cpp
[487.585s] -- Installing: /home/jizzy/ros_ws/install/turtlesim/include/turtlesim/turtlesim/srv/detail/set_pen__type_support.cpp
[487.587s] -- Installing: /home/jizzy/ros_ws/install/turtlesim/include/turtlesim/turtlesim/srv/detail/teleport_absolute__type_support.cpp
[487.588s] -- Installing: /home/jizzy/ros_ws/install/turtlesim/include/turtlesim/turtlesim/srv/detail/kill__type_support.cpp
[487.591s] -- Installing: /home/jizzy/ros_ws/install/turtlesim/include/turtlesim/turtlesim/srv/detail/teleport_absolute__rosidl_typesupport_introspection_cpp.hpp
[487.591s] -- Installing: /home/jizzy/ros_ws/install/turtlesim/lib/libturtlesim__rosidl_typesupport_introspection_cpp.so
[487.592s] -- Set non-toolchain portion of runtime path of "/home/jizzy/ros_ws/install/turtlesim/lib/libturtlesim__rosidl_typesupport_introspection_cpp.so" to ""
[487.596s] -- Installing: /home/jizzy/ros_ws/install/turtlesim/lib/libturtlesim__rosidl_typesupport_cpp.so
[487.597s] -- Set non-toolchain portion of runtime path of "/home/jizzy/ros_ws/install/turtlesim/lib/libturtlesim__rosidl_typesupport_cpp.so" to ""
[487.600s] -- Installing: /home/jizzy/ros_ws/install/turtlesim/share/turtlesim/environment/pythonpath.sh
[487.600s] -- Installing: /home/jizzy/ros_ws/install/turtlesim/share/turtlesim/environment/pythonpath.dsv
[487.602s] -- Up-to-date: /home/jizzy/ros_ws/install/turtlesim/lib/python3.12/site-packages/turtlesim-1.8.3-py3.12.egg-info
[487.602s] -- Installing: /home/jizzy/ros_ws/install/turtlesim/lib/python3.12/site-packages/turtlesim-1.8.3-py3.12.egg-info/top_level.txt
[487.603s] -- Installing: /home/jizzy/ros_ws/install/turtlesim/lib/python3.12/site-packages/turtlesim-1.8.3-py3.12.egg-info/PKG-INFO
[487.603s] -- Installing: /home/jizzy/ros_ws/install/turtlesim/lib/python3.12/site-packages/turtlesim-1.8.3-py3.12.egg-info/SOURCES.txt
[487.607s] -- Installing: /home/jizzy/ros_ws/install/turtlesim/lib/python3.12/site-packages/turtlesim-1.8.3-py3.12.egg-info/dependency_links.txt
[487.608s] -- Up-to-date: /home/jizzy/ros_ws/install/turtlesim/lib/python3.12/site-packages/turtlesim
[487.608s] -- Installing: /home/jizzy/ros_ws/install/turtlesim/lib/python3.12/site-packages/turtlesim/_turtlesim_s.ep.rosidl_typesupport_introspection_c.c
[487.609s] -- Up-to-date: /home/jizzy/ros_ws/install/turtlesim/lib/python3.12/site-packages/turtlesim/action
[487.609s] -- Installing: /home/jizzy/ros_ws/install/turtlesim/lib/python3.12/site-packages/turtlesim/action/__init__.py
[487.612s] -- Installing: /home/jizzy/ros_ws/install/turtlesim/lib/python3.12/site-packages/turtlesim/action/_rotate_absolute.py
[487.612s] -- Installing: /home/jizzy/ros_ws/install/turtlesim/lib/python3.12/site-packages/turtlesim/action/_rotate_absolute_s.c
[487.613s] -- Up-to-date: /home/jizzy/ros_ws/install/turtlesim/lib/python3.12/site-packages/turtlesim/msg
[487.615s] -- Installing: /home/jizzy/ros_ws/install/turtlesim/lib/python3.12/site-packages/turtlesim/msg/_pose.py
[487.616s] -- Installing: /home/jizzy/ros_ws/install/turtlesim/lib/python3.12/site-packages/turtlesim/msg/__init__.py
[487.616s] -- Installing: /home/jizzy/ros_ws/install/turtlesim/lib/python3.12/site-packages/turtlesim/msg/_pose_s.c
[487.618s] -- Installing: /home/jizzy/ros_ws/install/turtlesim/lib/python3.12/site-packages/turtlesim/msg/_color_s.c
[487.621s] -- Installing: /home/jizzy/ros_ws/install/turtlesim/lib/python3.12/site-packages/turtlesim/msg/_color.py
[487.622s] -- Installing: /home/jizzy/ros_ws/install/turtlesim/lib/python3.12/site-packages/turtlesim/_turtlesim_s.ep.rosidl_typesupport_fastrtps_c.c
[487.622s] -- Installing: /home/jizzy/ros_ws/install/turtlesim/lib/python3.12/site-packages/turtlesim/turtlesim_s__rosidl_typesupport_fastrtps_c.so
[487.623s] -- Installing: /home/jizzy/ros_ws/install/turtlesim/lib/python3.12/site-packages/turtlesim/__init__.py
[487.623s] -- Up-to-date: /home/jizzy/ros_ws/install/turtlesim/lib/python3.12/site-packages/turtlesim/srv
[487.623s] -- Installing: /home/jizzy/ros_ws/install/turtlesim/lib/python3.12/site-packages/turtlesim/srv/_teleport_relative.py
[487.624s] -- Installing: /home/jizzy/ros_ws/install/turtlesim/lib/python3.12/site-packages/turtlesim/srv/_kill_s.c
[487.624s] -- Installing: /home/jizzy/ros_ws/install/turtlesim/lib/python3.12/site-packages/turtlesim/srv/_set_pen_s.c
[487.627s] -- Installing: /home/jizzy/ros_ws/install/turtlesim/lib/python3.12/site-packages/turtlesim/srv/_set_pen.py
[487.627s] -- Installing: /home/jizzy/ros_ws/install/turtlesim/lib/python3.12/site-packages/turtlesim/srv/__init__.py
[487.628s] -- Installing: /home/jizzy/ros_ws/install/turtlesim/lib/python3.12/site-packages/turtlesim/srv/_teleport_absolute.py
[487.628s] -- Installing: /home/jizzy/ros_ws/install/turtlesim/lib/python3.12/site-packages/turtlesim/srv/_teleport_absolute_s.c
[487.630s] -- Installing: /home/jizzy/ros_ws/install/turtlesim/lib/python3.12/site-packages/turtlesim/srv/_spawn.py
[487.631s] -- Installing: /home/jizzy/ros_ws/install/turtlesim/lib/python3.12/site-packages/turtlesim/srv/_kill.py
[487.633s] -- Installing: /home/jizzy/ros_ws/install/turtlesim/lib/python3.12/site-packages/turtlesim/srv/_spawn_s.c
[487.634s] -- Installing: /home/jizzy/ros_ws/install/turtlesim/lib/python3.12/site-packages/turtlesim/srv/_teleport_relative_s.c
[487.634s] -- Installing: /home/jizzy/ros_ws/install/turtlesim/lib/python3.12/site-packages/turtlesim/turtlesim_s__rosidl_typesupport_introspection_c.so
[487.635s] -- Installing: /home/jizzy/ros_ws/install/turtlesim/lib/python3.12/site-packages/turtlesim/_turtlesim_s.ep.rosidl_typesupport_c.c
[487.635s] -- Installing: /home/jizzy/ros_ws/install/turtlesim/lib/python3.12/site-packages/turtlesim/turtlesim_s__rosidl_typesupport_c.so
[488.067s] Listing '/home/jizzy/ros_ws/install/turtlesim/lib/python3.12/site-packages/turtlesim'...
[488.067s] Compiling '/home/jizzy/ros_ws/install/turtlesim/lib/python3.12/site-packages/turtlesim/__init__.py'...
[488.069s] Listing '/home/jizzy/ros_ws/install/turtlesim/lib/python3.12/site-packages/turtlesim/action'...
[488.069s] Compiling '/home/jizzy/ros_ws/install/turtlesim/lib/python3.12/site-packages/turtlesim/action/__init__.py'...
[488.072s] Compiling '/home/jizzy/ros_ws/install/turtlesim/lib/python3.12/site-packages/turtlesim/action/_rotate_absolute.py'...
[488.072s] Listing '/home/jizzy/ros_ws/install/turtlesim/lib/python3.12/site-packages/turtlesim/msg'...
[488.073s] Compiling '/home/jizzy/ros_ws/install/turtlesim/lib/python3.12/site-packages/turtlesim/msg/__init__.py'...
[488.073s] Compiling '/home/jizzy/ros_ws/install/turtlesim/lib/python3.12/site-packages/turtlesim/msg/_color.py'...
[488.076s] Compiling '/home/jizzy/ros_ws/install/turtlesim/lib/python3.12/site-packages/turtlesim/msg/_pose.py'...
[488.076s] Listing '/home/jizzy/ros_ws/install/turtlesim/lib/python3.12/site-packages/turtlesim/srv'...
[488.077s] Compiling '/home/jizzy/ros_ws/install/turtlesim/lib/python3.12/site-packages/turtlesim/srv/__init__.py'...
[488.077s] Compiling '/home/jizzy/ros_ws/install/turtlesim/lib/python3.12/site-packages/turtlesim/srv/_kill.py'...
[488.079s] Compiling '/home/jizzy/ros_ws/install/turtlesim/lib/python3.12/site-packages/turtlesim/srv/_set_pen.py'...
[488.080s] Compiling '/home/jizzy/ros_ws/install/turtlesim/lib/python3.12/site-packages/turtlesim/srv/_spawn.py'...
[488.080s] Compiling '/home/jizzy/ros_ws/install/turtlesim/lib/python3.12/site-packages/turtlesim/srv/_teleport_absolute.py'...
[488.081s] Compiling '/home/jizzy/ros_ws/install/turtlesim/lib/python3.12/site-packages/turtlesim/srv/_teleport_relative.py'...
[488.130s] -- Installing: /home/jizzy/ros_ws/install/turtlesim/lib/python3.12/site-packages/turtlesim/turtlesim_s__rosidl_typesupport_fastrtps_c.so
[488.139s] -- Set non-toolchain portion of runtime path of "/home/jizzy/ros_ws/install/turtlesim/lib/python3.12/site-packages/turtlesim/turtlesim_s__rosidl_typesupport_fastrtps_c.so" to ""
[488.145s] -- Installing: /home/jizzy/ros_ws/install/turtlesim/lib/python3.12/site-packages/turtlesim/turtlesim_s__rosidl_typesupport_introspection_c.so
[488.148s] -- Set non-toolchain portion of runtime path of "/home/jizzy/ros_ws/install/turtlesim/lib/python3.12/site-packages/turtlesim/turtlesim_s__rosidl_typesupport_introspection_c.so" to ""
[488.151s] -- Installing: /home/jizzy/ros_ws/install/turtlesim/lib/python3.12/site-packages/turtlesim/turtlesim_s__rosidl_typesupport_c.so
[488.154s] -- Set non-toolchain portion of runtime path of "/home/jizzy/ros_ws/install/turtlesim/lib/python3.12/site-packages/turtlesim/turtlesim_s__rosidl_typesupport_c.so" to ""
[488.154s] -- Installing: /home/jizzy/ros_ws/install/turtlesim/lib/libturtlesim__rosidl_generator_py.so
[488.157s] -- Set non-toolchain portion of runtime path of "/home/jizzy/ros_ws/install/turtlesim/lib/libturtlesim__rosidl_generator_py.so" to ""
[488.158s] -- Installing: /home/jizzy/ros_ws/install/turtlesim/share/turtlesim/action/RotateAbsolute.idl
[488.158s] -- Installing: /home/jizzy/ros_ws/install/turtlesim/share/turtlesim/msg/Color.idl
[488.160s] -- Installing: /home/jizzy/ros_ws/install/turtlesim/share/turtlesim/msg/Pose.idl
[488.162s] -- Installing: /home/jizzy/ros_ws/install/turtlesim/share/turtlesim/srv/Kill.idl
[488.163s] -- Installing: /home/jizzy/ros_ws/install/turtlesim/share/turtlesim/srv/SetPen.idl
[488.166s] -- Installing: /home/jizzy/ros_ws/install/turtlesim/share/turtlesim/srv/Spawn.idl
[488.166s] -- Installing: /home/jizzy/ros_ws/install/turtlesim/share/turtlesim/srv/TeleportAbsolute.idl
[488.167s] -- Installing: /home/jizzy/ros_ws/install/turtlesim/share/turtlesim/srv/TeleportRelative.idl
[488.170s] -- Installing: /home/jizzy/ros_ws/install/turtlesim/share/turtlesim/action/RotateAbsolute.action
[488.170s] -- Installing: /home/jizzy/ros_ws/install/turtlesim/share/turtlesim/msg/Color.msg
[488.171s] -- Installing: /home/jizzy/ros_ws/install/turtlesim/share/turtlesim/msg/Pose.msg
[488.173s] -- Installing: /home/jizzy/ros_ws/install/turtlesim/share/turtlesim/srv/Kill.srv
[488.174s] -- Installing: /home/jizzy/ros_ws/install/turtlesim/share/turtlesim/srv/SetPen.srv
[488.175s] -- Installing: /home/jizzy/ros_ws/install/turtlesim/share/turtlesim/srv/Spawn.srv
[488.175s] -- Installing: /home/jizzy/ros_ws/install/turtlesim/share/turtlesim/srv/TeleportAbsolute.srv
[488.177s] -- Installing: /home/jizzy/ros_ws/install/turtlesim/share/turtlesim/srv/TeleportRelative.srv
[488.178s] -- Installing: /home/jizzy/ros_ws/install/turtlesim/lib/turtlesim/turtlesim_node
[488.263s] -- Set non-toolchain portion of runtime path of "/home/jizzy/ros_ws/install/turtlesim/lib/turtlesim/turtlesim_node" to ""
[488.264s] -- Installing: /home/jizzy/ros_ws/install/turtlesim/lib/turtlesim/turtle_teleop_key
[488.278s] -- Set non-toolchain portion of runtime path of "/home/jizzy/ros_ws/install/turtlesim/lib/turtlesim/turtle_teleop_key" to ""
[488.278s] -- Installing: /home/jizzy/ros_ws/install/turtlesim/lib/turtlesim/draw_square
[488.325s] -- Set non-toolchain portion of runtime path of "/home/jizzy/ros_ws/install/turtlesim/lib/turtlesim/draw_square" to ""
[488.328s] -- Installing: /home/jizzy/ros_ws/install/turtlesim/lib/turtlesim/mimic
[488.363s] -- Set non-toolchain portion of runtime path of "/home/jizzy/ros_ws/install/turtlesim/lib/turtlesim/mimic" to ""
[488.363s] -- Up-to-date: /home/jizzy/ros_ws/install/turtlesim/share/turtlesim/images
[488.366s] -- Installing: /home/jizzy/ros_ws/install/turtlesim/share/turtlesim/images/dashing.png
[488.367s] -- Installing: /home/jizzy/ros_ws/install/turtlesim/share/turtlesim/images/crystal.png
[488.367s] -- Installing: /home/jizzy/ros_ws/install/turtlesim/share/turtlesim/images/iron.png
[488.373s] -- Installing: /home/jizzy/ros_ws/install/turtlesim/share/turtlesim/images/eloquent.png
[488.375s] -- Installing: /home/jizzy/ros_ws/install/turtlesim/share/turtlesim/images/jazzy.png
[488.378s] -- Installing: /home/jizzy/ros_ws/install/turtlesim/share/turtlesim/images/galactic.png
[488.378s] -- Installing: /home/jizzy/ros_ws/install/turtlesim/share/turtlesim/images/foxy.png
[488.379s] -- Installing: /home/jizzy/ros_ws/install/turtlesim/share/turtlesim/images/bouncy.png
[488.381s] -- Installing: /home/jizzy/ros_ws/install/turtlesim/share/turtlesim/images/rolling.png
[488.382s] -- Installing: /home/jizzy/ros_ws/install/turtlesim/share/turtlesim/images/humble.png
[488.383s] -- Installing: /home/jizzy/ros_ws/install/turtlesim/share/turtlesim/images/ardent.png
[488.386s] -- Up-to-date: /home/jizzy/ros_ws/install/turtlesim/share/turtlesim/launch
[488.386s] -- Installing: /home/jizzy/ros_ws/install/turtlesim/share/turtlesim/launch/multisim.launch.py
[488.387s] -- Installing: /home/jizzy/ros_ws/install/turtlesim/share/ament_index/resource_index/package_run_dependencies/turtlesim
[488.388s] -- Installing: /home/jizzy/ros_ws/install/turtlesim/share/ament_index/resource_index/parent_prefix_path/turtlesim
[488.389s] -- Up-to-date: /home/jizzy/ros_ws/install/turtlesim/share/turtlesim/environment/ament_prefix_path.sh
[488.390s] -- Installing: /home/jizzy/ros_ws/install/turtlesim/share/turtlesim/environment/ament_prefix_path.dsv
[488.390s] -- Up-to-date: /home/jizzy/ros_ws/install/turtlesim/share/turtlesim/environment/path.sh
[488.401s] -- Installing: /home/jizzy/ros_ws/install/turtlesim/share/turtlesim/environment/path.dsv
[488.404s] -- Installing: /home/jizzy/ros_ws/install/turtlesim/share/turtlesim/local_setup.bash
[488.405s] -- Installing: /home/jizzy/ros_ws/install/turtlesim/share/turtlesim/local_setup.sh
[488.406s] -- Installing: /home/jizzy/ros_ws/install/turtlesim/share/turtlesim/local_setup.zsh
[488.406s] -- Installing: /home/jizzy/ros_ws/install/turtlesim/share/turtlesim/local_setup.dsv
[488.407s] -- Installing: /home/jizzy/ros_ws/install/turtlesim/share/turtlesim/package.dsv
[488.407s] -- Installing: /home/jizzy/ros_ws/install/turtlesim/share/ament_index/resource_index/packages/turtlesim
[488.408s] -- Installing: /home/jizzy/ros_ws/install/turtlesim/share/turtlesim/cmake/export_turtlesim__rosidl_generator_cExport.cmake
[488.408s] -- Installing: /home/jizzy/ros_ws/install/turtlesim/share/turtlesim/cmake/export_turtlesim__rosidl_generator_cExport-noconfig.cmake
[488.492s] -- Installing: /home/jizzy/ros_ws/install/turtlesim/share/turtlesim/cmake/export_turtlesim__rosidl_typesupport_fastrtps_cExport.cmake
[488.493s] -- Installing: /home/jizzy/ros_ws/install/turtlesim/share/turtlesim/cmake/export_turtlesim__rosidl_typesupport_fastrtps_cExport-noconfig.cmake
[488.503s] -- Installing: /home/jizzy/ros_ws/install/turtlesim/share/turtlesim/cmake/export_turtlesim__rosidl_generator_cppExport.cmake
[488.511s] -- Installing: /home/jizzy/ros_ws/install/turtlesim/share/turtlesim/cmake/export_turtlesim__rosidl_typesupport_fastrtps_cppExport.cmake
[488.516s] -- Installing: /home/jizzy/ros_ws/install/turtlesim/share/turtlesim/cmake/export_turtlesim__rosidl_typesupport_fastrtps_cppExport-noconfig.cmake
[488.520s] -- Installing: /home/jizzy/ros_ws/install/turtlesim/share/turtlesim/cmake/turtlesim__rosidl_typesupport_introspection_cExport.cmake
[488.521s] -- Installing: /home/jizzy/ros_ws/install/turtlesim/share/turtlesim/cmake/turtlesim__rosidl_typesupport_introspection_cExport-noconfig.cmake
[488.524s] -- Installing: /home/jizzy/ros_ws/install/turtlesim/share/turtlesim/cmake/turtlesim__rosidl_typesupport_cExport.cmake
[488.525s] -- Installing: /home/jizzy/ros_ws/install/turtlesim/share/turtlesim/cmake/turtlesim__rosidl_typesupport_cExport-noconfig.cmake
[488.529s] -- Installing: /home/jizzy/ros_ws/install/turtlesim/share/turtlesim/cmake/turtlesim__rosidl_typesupport_introspection_cppExport.cmake
[488.530s] -- Installing: /home/jizzy/ros_ws/install/turtlesim/share/turtlesim/cmake/turtlesim__rosidl_typesupport_introspection_cppExport-noconfig.cmake
[488.535s] -- Installing: /home/jizzy/ros_ws/install/turtlesim/share/turtlesim/cmake/turtlesim__rosidl_typesupport_cppExport.cmake
[488.535s] -- Installing: /home/jizzy/ros_ws/install/turtlesim/share/turtlesim/cmake/turtlesim__rosidl_typesupport_cppExport-noconfig.cmake
[488.538s] -- Installing: /home/jizzy/ros_ws/install/turtlesim/share/turtlesim/cmake/export_turtlesim__rosidl_generator_pyExport.cmake
[488.538s] -- Installing: /home/jizzy/ros_ws/install/turtlesim/share/turtlesim/cmake/export_turtlesim__rosidl_generator_pyExport-noconfig.cmake
[488.542s] -- Installing: /home/jizzy/ros_ws/install/turtlesim/share/turtlesim/cmake/rosidl_cmake-extras.cmake
[488.542s] -- Installing: /home/jizzy/ros_ws/install/turtlesim/share/turtlesim/cmake/ament_cmake_export_dependencies-extras.cmake
[488.544s] -- Installing: /home/jizzy/ros_ws/install/turtlesim/share/turtlesim/cmake/ament_cmake_export_include_directories-extras.cmake
[488.547s] -- Installing: /home/jizzy/ros_ws/install/turtlesim/share/turtlesim/cmake/ament_cmake_export_libraries-extras.cmake
[488.548s] -- Installing: /home/jizzy/ros_ws/install/turtlesim/share/turtlesim/cmake/ament_cmake_export_targets-extras.cmake
[488.550s] -- Installing: /home/jizzy/ros_ws/install/turtlesim/share/turtlesim/cmake/rosidl_cmake_export_typesupport_targets-extras.cmake
[488.553s] -- Installing: /home/jizzy/ros_ws/install/turtlesim/share/turtlesim/cmake/rosidl_cmake_export_typesupport_libraries-extras.cmake
[488.555s] -- Installing: /home/jizzy/ros_ws/install/turtlesim/share/turtlesim/cmake/turtlesimConfig.cmake
[488.556s] -- Installing: /home/jizzy/ros_ws/install/turtlesim/share/turtlesim/cmake/turtlesimConfig-version.cmake
[488.558s] -- Installing: /home/jizzy/ros_ws/install/turtlesim/share/turtlesim/package.xml
[488.569s] Invoked command in '/home/jizzy/ros_ws/build/turtlesim' returned '0': CMAKE_PREFIX_PATH=${CMAKE_PREFIX_PATH}:/home/jizzy/ros_ws/install/MyFirstPackage:/opt/ros/jazzy DEBUGINFOD_URLS=https://debuginfod.ubuntu.com /usr/bin/cmake --install /home/jizzy/ros_ws/build/turtlesim
