[2.537s] Invoking command in '/home/gisbert12843/Robotics_Prak/prak3_ws/build/webots_spot_teleop': PYTHONPATH=/home/gisbert12843/Robotics_Prak/prak3_ws/build/webots_spot_teleop/prefix_override:/usr/lib/python3/dist-packages/colcon_core/task/python/colcon_distutils_commands:/home/gisbert12843/Robotics_Prak/prak3_ws/install/webots_spot_teleop/lib/python3.10/site-packages:${PYTHONPATH} /usr/bin/python3 -W ignore:setup.py install is deprecated -W ignore:easy_install command is deprecated setup.py develop --editable --build-directory /home/gisbert12843/Robotics_Prak/prak3_ws/build/webots_spot_teleop/build --no-deps symlink_data
[3.509s] /usr/lib/python3/dist-packages/setuptools/dist.py:723: UserWarning: Usage of dash-separated 'script-dir' will not be supported in future versions. Please use the underscore name 'script_dir' instead
[3.510s]   warnings.warn(
[3.621s] running develop
[4.403s] running egg_info
[4.404s] creating webots_spot_teleop.egg-info
[4.404s] writing webots_spot_teleop.egg-info/PKG-INFO
[4.405s] writing dependency_links to webots_spot_teleop.egg-info/dependency_links.txt
[4.405s] writing entry points to webots_spot_teleop.egg-info/entry_points.txt
[4.406s] writing requirements to webots_spot_teleop.egg-info/requires.txt
[4.406s] writing top-level names to webots_spot_teleop.egg-info/top_level.txt
[4.406s] writing manifest file 'webots_spot_teleop.egg-info/SOURCES.txt'
[4.413s] reading manifest file 'webots_spot_teleop.egg-info/SOURCES.txt'
[4.419s] writing manifest file 'webots_spot_teleop.egg-info/SOURCES.txt'
[4.425s] running build_ext
[4.426s] Creating /home/gisbert12843/Robotics_Prak/prak3_ws/install/webots_spot_teleop/lib/python3.10/site-packages/webots-spot-teleop.egg-link (link to .)
[4.428s] Installing keyboard script to /home/gisbert12843/Robotics_Prak/prak3_ws/install/webots_spot_teleop/lib/webots_spot_teleop
[4.429s] Installing sliders script to /home/gisbert12843/Robotics_Prak/prak3_ws/install/webots_spot_teleop/lib/webots_spot_teleop
[4.429s] 
[4.430s] Installed /home/gisbert12843/Robotics_Prak/prak3_ws/build/webots_spot_teleop
[4.430s] running symlink_data
[4.430s] creating /home/gisbert12843/Robotics_Prak/prak3_ws/install/webots_spot_teleop/share/ament_index
[4.431s] creating /home/gisbert12843/Robotics_Prak/prak3_ws/install/webots_spot_teleop/share/ament_index/resource_index
[4.431s] creating /home/gisbert12843/Robotics_Prak/prak3_ws/install/webots_spot_teleop/share/ament_index/resource_index/packages
[4.431s] symbolically linking /home/gisbert12843/Robotics_Prak/prak3_ws/build/webots_spot_teleop/resource/webots_spot_teleop -> /home/gisbert12843/Robotics_Prak/prak3_ws/install/webots_spot_teleop/share/ament_index/resource_index/packages
[4.431s] symbolically linking /home/gisbert12843/Robotics_Prak/prak3_ws/build/webots_spot_teleop/package.xml -> /home/gisbert12843/Robotics_Prak/prak3_ws/install/webots_spot_teleop/share/webots_spot_teleop
[4.527s] Invoked command in '/home/gisbert12843/Robotics_Prak/prak3_ws/build/webots_spot_teleop' returned '0': PYTHONPATH=/home/gisbert12843/Robotics_Prak/prak3_ws/build/webots_spot_teleop/prefix_override:/usr/lib/python3/dist-packages/colcon_core/task/python/colcon_distutils_commands:/home/gisbert12843/Robotics_Prak/prak3_ws/install/webots_spot_teleop/lib/python3.10/site-packages:${PYTHONPATH} /usr/bin/python3 -W ignore:setup.py install is deprecated -W ignore:easy_install command is deprecated setup.py develop --editable --build-directory /home/gisbert12843/Robotics_Prak/prak3_ws/build/webots_spot_teleop/build --no-deps symlink_data
