[0.205s] Invoking command in '/home/gisbert12843/Robotics_Prak/prak2_ws/build/webots_spot_msgs': CMAKE_PREFIX_PATH=${CMAKE_PREFIX_PATH}:/home/gisbert12843/Robotics_Prak/prak2_ws/install/webots_spot_teleop:/home/gisbert12843/Robotics_Prak/prak2_ws/install/webots_spot:/home/gisbert12843/Robotics_Prak/prak2_ws/install/webots_ros2:/home/gisbert12843/Robotics_Prak/prak2_ws/install/webots_ros2_universal_robot:/home/gisbert12843/Robotics_Prak/prak2_ws/install/webots_ros2_turtlebot:/home/gisbert12843/Robotics_Prak/prak2_ws/install/webots_ros2_tiago:/home/gisbert12843/Robotics_Prak/prak2_ws/install/webots_ros2_tests:/home/gisbert12843/Robotics_Prak/prak2_ws/install/webots_ros2_tesla:/home/gisbert12843/Robotics_Prak/prak2_ws/install/webots_ros2_mavic:/home/gisbert12843/Robotics_Prak/prak2_ws/install/webots_ros2_epuck:/home/gisbert12843/Robotics_Prak/prak2_ws/install/webots_ros2_importer:/home/gisbert12843/Robotics_Prak/prak2_ws/install/aruco_marker_detection:/opt/ros/humble /usr/bin/cmake /home/gisbert12843/Robotics_Prak/prak2_ws/src/webots_spot_msgs -DAMENT_CMAKE_SYMLINK_INSTALL=1 -DCMAKE_INSTALL_PREFIX=/home/gisbert12843/Robotics_Prak/prak2_ws/install/webots_spot_msgs
[0.245s] -- The C compiler identification is GNU 11.4.0
[0.292s] -- The CXX compiler identification is GNU 11.4.0
[0.297s] -- Detecting C compiler ABI info
[0.350s] -- Detecting C compiler ABI info - done
[0.357s] -- Check for working C compiler: /usr/bin/cc - skipped
[0.358s] -- Detecting C compile features
[0.358s] -- Detecting C compile features - done
[0.361s] -- Detecting CXX compiler ABI info
[0.426s] -- Detecting CXX compiler ABI info - done
[0.434s] -- Check for working CXX compiler: /usr/bin/c++ - skipped
[0.434s] -- Detecting CXX compile features
[0.434s] -- Detecting CXX compile features - done
[0.436s] -- Found ament_cmake: 1.3.10 (/opt/ros/humble/share/ament_cmake/cmake)
[0.571s] -- Found Python3: /usr/bin/python3 (found version "3.10.12") found components: Interpreter 
[0.637s] -- Override CMake install command with custom implementation using symlinks instead of copying resources
[0.665s] -- Found rosidl_default_generators: 1.2.0 (/opt/ros/humble/share/rosidl_default_generators/cmake)
[0.669s] -- Using all available rosidl_typesupport_c: rosidl_typesupport_fastrtps_c;rosidl_typesupport_introspection_c
[0.675s] -- Found rosidl_adapter: 3.1.5 (/opt/ros/humble/share/rosidl_adapter/cmake)
[0.713s] -- Using all available rosidl_typesupport_cpp: rosidl_typesupport_fastrtps_cpp;rosidl_typesupport_introspection_cpp
[1.094s] -- Found ament_cmake_ros: 0.10.0 (/opt/ros/humble/share/ament_cmake_ros/cmake)
[1.268s] -- Using all available rosidl_typesupport_c: rosidl_typesupport_fastrtps_c;rosidl_typesupport_introspection_c
[1.495s] -- Using all available rosidl_typesupport_cpp: rosidl_typesupport_fastrtps_cpp;rosidl_typesupport_introspection_cpp
[1.511s] -- Found PythonInterp: /usr/bin/python3 (found suitable version "3.10.12", minimum required is "3.6") 
[1.512s] -- Found python_cmake_module: 0.10.0 (/opt/ros/humble/share/python_cmake_module/cmake)
[1.532s] -- Found PythonLibs: /usr/lib/x86_64-linux-gnu/libpython3.10.so (found suitable version "3.10.12", minimum required is "3.5") 
[1.532s] -- Using PYTHON_EXECUTABLE: /usr/bin/python3
[1.532s] -- Using PYTHON_INCLUDE_DIRS: /usr/include/python3.10
[1.532s] -- Using PYTHON_LIBRARIES: /usr/lib/x86_64-linux-gnu/libpython3.10.so
[1.547s] -- Found PythonExtra: .so  
[1.586s] -- Found ament_lint_auto: 0.12.11 (/opt/ros/humble/share/ament_lint_auto/cmake)
[1.606s] -- Added test 'copyright' to check source files copyright and LICENSE
[1.610s] -- Added test 'lint_cmake' to check CMake code style
[1.613s] -- Added test 'xmllint' to check XML markup files
[1.616s] -- Configuring done
[1.661s] -- Generating done
[1.666s] -- Build files have been written to: /home/gisbert12843/Robotics_Prak/prak2_ws/build/webots_spot_msgs
[1.675s] Invoked command in '/home/gisbert12843/Robotics_Prak/prak2_ws/build/webots_spot_msgs' returned '0': CMAKE_PREFIX_PATH=${CMAKE_PREFIX_PATH}:/home/gisbert12843/Robotics_Prak/prak2_ws/install/webots_spot_teleop:/home/gisbert12843/Robotics_Prak/prak2_ws/install/webots_spot:/home/gisbert12843/Robotics_Prak/prak2_ws/install/webots_ros2:/home/gisbert12843/Robotics_Prak/prak2_ws/install/webots_ros2_universal_robot:/home/gisbert12843/Robotics_Prak/prak2_ws/install/webots_ros2_turtlebot:/home/gisbert12843/Robotics_Prak/prak2_ws/install/webots_ros2_tiago:/home/gisbert12843/Robotics_Prak/prak2_ws/install/webots_ros2_tests:/home/gisbert12843/Robotics_Prak/prak2_ws/install/webots_ros2_tesla:/home/gisbert12843/Robotics_Prak/prak2_ws/install/webots_ros2_mavic:/home/gisbert12843/Robotics_Prak/prak2_ws/install/webots_ros2_epuck:/home/gisbert12843/Robotics_Prak/prak2_ws/install/webots_ros2_importer:/home/gisbert12843/Robotics_Prak/prak2_ws/install/aruco_marker_detection:/opt/ros/humble /usr/bin/cmake /home/gisbert12843/Robotics_Prak/prak2_ws/src/webots_spot_msgs -DAMENT_CMAKE_SYMLINK_INSTALL=1 -DCMAKE_INSTALL_PREFIX=/home/gisbert12843/Robotics_Prak/prak2_ws/install/webots_spot_msgs
[1.676s] Invoking command in '/home/gisbert12843/Robotics_Prak/prak2_ws/build/webots_spot_msgs': CMAKE_PREFIX_PATH=${CMAKE_PREFIX_PATH}:/home/gisbert12843/Robotics_Prak/prak2_ws/install/webots_spot_teleop:/home/gisbert12843/Robotics_Prak/prak2_ws/install/webots_spot:/home/gisbert12843/Robotics_Prak/prak2_ws/install/webots_ros2:/home/gisbert12843/Robotics_Prak/prak2_ws/install/webots_ros2_universal_robot:/home/gisbert12843/Robotics_Prak/prak2_ws/install/webots_ros2_turtlebot:/home/gisbert12843/Robotics_Prak/prak2_ws/install/webots_ros2_tiago:/home/gisbert12843/Robotics_Prak/prak2_ws/install/webots_ros2_tests:/home/gisbert12843/Robotics_Prak/prak2_ws/install/webots_ros2_tesla:/home/gisbert12843/Robotics_Prak/prak2_ws/install/webots_ros2_mavic:/home/gisbert12843/Robotics_Prak/prak2_ws/install/webots_ros2_epuck:/home/gisbert12843/Robotics_Prak/prak2_ws/install/webots_ros2_importer:/home/gisbert12843/Robotics_Prak/prak2_ws/install/aruco_marker_detection:/opt/ros/humble /usr/bin/cmake --build /home/gisbert12843/Robotics_Prak/prak2_ws/build/webots_spot_msgs -- -j8 -l8
[1.706s] [  1%] [34m[1mGenerating C code for ROS interfaces[0m
[1.714s] [  2%] [34m[1mGenerating C++ code for ROS interfaces[0m
[1.721s] [  2%] Built target ament_cmake_python_symlink_webots_spot_msgs
[1.949s] running egg_info
[1.950s] creating webots_spot_msgs.egg-info
[1.950s] writing webots_spot_msgs.egg-info/PKG-INFO
[1.951s] writing dependency_links to webots_spot_msgs.egg-info/dependency_links.txt
[1.951s] writing top-level names to webots_spot_msgs.egg-info/top_level.txt
[1.951s] writing manifest file 'webots_spot_msgs.egg-info/SOURCES.txt'
[1.953s] reading manifest file 'webots_spot_msgs.egg-info/SOURCES.txt'
[1.953s] writing manifest file 'webots_spot_msgs.egg-info/SOURCES.txt'
[1.977s] [  2%] Built target ament_cmake_python_build_webots_spot_msgs_egg
[2.857s] [  2%] Built target webots_spot_msgs__cpp
[2.868s] [  3%] [34m[1mGenerating C++ type support for eProsima Fast-RTPS[0m
[2.869s] [  4%] [34m[1mGenerating C++ type support dispatch for ROS interfaces[0m
[2.870s] [  5%] [34m[1mGenerating C++ introspection for ROS interfaces[0m
[3.191s] [  6%] [32mBuilding C object CMakeFiles/webots_spot_msgs__rosidl_generator_c.dir/rosidl_generator_c/webots_spot_msgs/msg/detail/int32__functions.c.o[0m
[3.204s] [  8%] [32mBuilding C object CMakeFiles/webots_spot_msgs__rosidl_generator_c.dir/rosidl_generator_c/webots_spot_msgs/msg/detail/legs__functions.c.o[0m
[3.212s] [  9%] [32mBuilding C object CMakeFiles/webots_spot_msgs__rosidl_generator_c.dir/rosidl_generator_c/webots_spot_msgs/msg/detail/gait_input__functions.c.o[0m
[3.218s] [ 10%] [32mBuilding C object CMakeFiles/webots_spot_msgs__rosidl_generator_c.dir/rosidl_generator_c/webots_spot_msgs/srv/detail/spot_height__functions.c.o[0m
[3.220s] [ 11%] [32mBuilding C object CMakeFiles/webots_spot_msgs__rosidl_generator_c.dir/rosidl_generator_c/webots_spot_msgs/srv/detail/spot_motion__functions.c.o[0m
[3.292s] [ 12%] [32mBuilding C object CMakeFiles/webots_spot_msgs__rosidl_generator_c.dir/rosidl_generator_c/webots_spot_msgs/srv/detail/block_pose__functions.c.o[0m
[3.360s] [ 13%] [32mBuilding C object CMakeFiles/webots_spot_msgs__rosidl_generator_c.dir/rosidl_generator_c/webots_spot_msgs/action/detail/stack__functions.c.o[0m
[3.374s] [ 14%] [32mBuilding C object CMakeFiles/webots_spot_msgs__rosidl_generator_c.dir/rosidl_generator_c/webots_spot_msgs/action/detail/peak_and_detect_object__functions.c.o[0m
[3.725s] [ 16%] [32m[1mLinking C shared library libwebots_spot_msgs__rosidl_generator_c.so[0m
[3.811s] [ 16%] Built target webots_spot_msgs__rosidl_generator_c
[3.841s] [ 17%] [34m[1mGenerating C type support for eProsima Fast-RTPS[0m
[3.842s] [ 18%] [34m[1mGenerating C introspection for ROS interfaces[0m
[3.850s] [ 19%] [34m[1mGenerating C type support dispatch for ROS interfaces[0m
[4.292s] [ 20%] [32mBuilding CXX object CMakeFiles/webots_spot_msgs__rosidl_typesupport_cpp.dir/rosidl_typesupport_cpp/webots_spot_msgs/msg/int32__type_support.cpp.o[0m
[4.294s] [ 21%] [32mBuilding CXX object CMakeFiles/webots_spot_msgs__rosidl_typesupport_cpp.dir/rosidl_typesupport_cpp/webots_spot_msgs/msg/legs__type_support.cpp.o[0m
[4.313s] [ 22%] [32mBuilding CXX object CMakeFiles/webots_spot_msgs__rosidl_typesupport_cpp.dir/rosidl_typesupport_cpp/webots_spot_msgs/msg/gait_input__type_support.cpp.o[0m
[4.907s] [ 24%] [32mBuilding CXX object CMakeFiles/webots_spot_msgs__rosidl_typesupport_cpp.dir/rosidl_typesupport_cpp/webots_spot_msgs/srv/spot_motion__type_support.cpp.o[0m
[5.015s] [ 25%] [32mBuilding CXX object CMakeFiles/webots_spot_msgs__rosidl_typesupport_cpp.dir/rosidl_typesupport_cpp/webots_spot_msgs/srv/spot_height__type_support.cpp.o[0m
[5.227s] [ 26%] [32mBuilding CXX object CMakeFiles/webots_spot_msgs__rosidl_typesupport_introspection_cpp.dir/rosidl_typesupport_introspection_cpp/webots_spot_msgs/msg/detail/int32__type_support.cpp.o[0m
[5.446s] [ 27%] [32mBuilding CXX object CMakeFiles/webots_spot_msgs__rosidl_typesupport_cpp.dir/rosidl_typesupport_cpp/webots_spot_msgs/srv/block_pose__type_support.cpp.o[0m
[5.866s] [ 28%] [32mBuilding CXX object CMakeFiles/webots_spot_msgs__rosidl_typesupport_introspection_cpp.dir/rosidl_typesupport_introspection_cpp/webots_spot_msgs/msg/detail/legs__type_support.cpp.o[0m
[5.907s] [ 29%] [32mBuilding CXX object CMakeFiles/webots_spot_msgs__rosidl_typesupport_cpp.dir/rosidl_typesupport_cpp/webots_spot_msgs/action/stack__type_support.cpp.o[0m
[5.909s] [ 31%] [32mBuilding CXX object CMakeFiles/webots_spot_msgs__rosidl_typesupport_c.dir/rosidl_typesupport_c/webots_spot_msgs/msg/int32__type_support.cpp.o[0m
[6.017s] [ 32%] [32mBuilding CXX object CMakeFiles/webots_spot_msgs__rosidl_typesupport_c.dir/rosidl_typesupport_c/webots_spot_msgs/msg/legs__type_support.cpp.o[0m
[6.094s] [ 33%] [32mBuilding CXX object CMakeFiles/webots_spot_msgs__rosidl_typesupport_fastrtps_cpp.dir/rosidl_typesupport_fastrtps_cpp/webots_spot_msgs/msg/detail/dds_fastrtps/int32__type_support.cpp.o[0m
[6.116s] [ 34%] [32mBuilding CXX object CMakeFiles/webots_spot_msgs__rosidl_typesupport_c.dir/rosidl_typesupport_c/webots_spot_msgs/msg/gait_input__type_support.cpp.o[0m
[6.215s] [ 35%] [32mBuilding CXX object CMakeFiles/webots_spot_msgs__rosidl_typesupport_c.dir/rosidl_typesupport_c/webots_spot_msgs/srv/spot_motion__type_support.cpp.o[0m
[6.300s] [ 36%] [32mBuilding CXX object CMakeFiles/webots_spot_msgs__rosidl_typesupport_cpp.dir/rosidl_typesupport_cpp/webots_spot_msgs/action/peak_and_detect_object__type_support.cpp.o[0m
[6.320s] [ 37%] [32mBuilding CXX object CMakeFiles/webots_spot_msgs__rosidl_typesupport_introspection_cpp.dir/rosidl_typesupport_introspection_cpp/webots_spot_msgs/msg/detail/gait_input__type_support.cpp.o[0m
[6.320s] [ 39%] [32mBuilding CXX object CMakeFiles/webots_spot_msgs__rosidl_typesupport_c.dir/rosidl_typesupport_c/webots_spot_msgs/srv/spot_height__type_support.cpp.o[0m
[6.421s] [ 40%] [32mBuilding CXX object CMakeFiles/webots_spot_msgs__rosidl_typesupport_c.dir/rosidl_typesupport_c/webots_spot_msgs/srv/block_pose__type_support.cpp.o[0m
[6.532s] [ 41%] [32mBuilding CXX object CMakeFiles/webots_spot_msgs__rosidl_typesupport_c.dir/rosidl_typesupport_c/webots_spot_msgs/action/stack__type_support.cpp.o[0m
[6.708s] [ 42%] [32mBuilding CXX object CMakeFiles/webots_spot_msgs__rosidl_typesupport_c.dir/rosidl_typesupport_c/webots_spot_msgs/action/peak_and_detect_object__type_support.cpp.o[0m
[6.859s] [ 43%] [32m[1mLinking CXX shared library libwebots_spot_msgs__rosidl_typesupport_c.so[0m
[6.905s] [ 44%] [32mBuilding CXX object CMakeFiles/webots_spot_msgs__rosidl_typesupport_fastrtps_c.dir/rosidl_typesupport_fastrtps_c/webots_spot_msgs/msg/detail/int32__type_support_c.cpp.o[0m
[7.031s] [ 44%] Built target webots_spot_msgs__rosidl_typesupport_c
[7.058s] [ 45%] [32mBuilding CXX object CMakeFiles/webots_spot_msgs__rosidl_typesupport_fastrtps_cpp.dir/rosidl_typesupport_fastrtps_cpp/webots_spot_msgs/msg/detail/dds_fastrtps/legs__type_support.cpp.o[0m
[7.116s] [ 47%] [32mBuilding CXX object CMakeFiles/webots_spot_msgs__rosidl_typesupport_fastrtps_cpp.dir/rosidl_typesupport_fastrtps_cpp/webots_spot_msgs/msg/detail/dds_fastrtps/gait_input__type_support.cpp.o[0m
[7.255s] [ 48%] [32mBuilding CXX object CMakeFiles/webots_spot_msgs__rosidl_typesupport_introspection_cpp.dir/rosidl_typesupport_introspection_cpp/webots_spot_msgs/srv/detail/spot_motion__type_support.cpp.o[0m
[7.326s] [ 49%] [32mBuilding CXX object CMakeFiles/webots_spot_msgs__rosidl_typesupport_fastrtps_c.dir/rosidl_typesupport_fastrtps_c/webots_spot_msgs/msg/detail/legs__type_support_c.cpp.o[0m
[7.433s] [ 50%] [32mBuilding C object CMakeFiles/webots_spot_msgs__rosidl_typesupport_introspection_c.dir/rosidl_typesupport_introspection_c/webots_spot_msgs/msg/detail/int32__type_support.c.o[0m
[7.530s] [ 51%] [32mBuilding C object CMakeFiles/webots_spot_msgs__rosidl_typesupport_introspection_c.dir/rosidl_typesupport_introspection_c/webots_spot_msgs/msg/detail/legs__type_support.c.o[0m
[7.650s] [ 52%] [32mBuilding C object CMakeFiles/webots_spot_msgs__rosidl_typesupport_introspection_c.dir/rosidl_typesupport_introspection_c/webots_spot_msgs/msg/detail/gait_input__type_support.c.o[0m
[7.658s] [ 54%] [32mBuilding CXX object CMakeFiles/webots_spot_msgs__rosidl_typesupport_fastrtps_cpp.dir/rosidl_typesupport_fastrtps_cpp/webots_spot_msgs/srv/detail/dds_fastrtps/spot_motion__type_support.cpp.o[0m
[7.775s] [ 55%] [32mBuilding C object CMakeFiles/webots_spot_msgs__rosidl_typesupport_introspection_c.dir/rosidl_typesupport_introspection_c/webots_spot_msgs/srv/detail/spot_motion__type_support.c.o[0m
[7.808s] [ 56%] [32mBuilding CXX object CMakeFiles/webots_spot_msgs__rosidl_typesupport_introspection_cpp.dir/rosidl_typesupport_introspection_cpp/webots_spot_msgs/srv/detail/spot_height__type_support.cpp.o[0m
[7.954s] [ 57%] [32mBuilding C object CMakeFiles/webots_spot_msgs__rosidl_typesupport_introspection_c.dir/rosidl_typesupport_introspection_c/webots_spot_msgs/srv/detail/spot_height__type_support.c.o[0m
[8.029s] [ 58%] [32m[1mLinking CXX shared library libwebots_spot_msgs__rosidl_typesupport_cpp.so[0m
[8.105s] [ 59%] [32mBuilding C object CMakeFiles/webots_spot_msgs__rosidl_typesupport_introspection_c.dir/rosidl_typesupport_introspection_c/webots_spot_msgs/srv/detail/block_pose__type_support.c.o[0m
[8.175s] [ 59%] Built target webots_spot_msgs__rosidl_typesupport_cpp
[8.205s] [ 60%] [32mBuilding C object CMakeFiles/webots_spot_msgs__rosidl_typesupport_introspection_c.dir/rosidl_typesupport_introspection_c/webots_spot_msgs/action/detail/stack__type_support.c.o[0m
[8.255s] [ 62%] [32mBuilding CXX object CMakeFiles/webots_spot_msgs__rosidl_typesupport_introspection_cpp.dir/rosidl_typesupport_introspection_cpp/webots_spot_msgs/srv/detail/block_pose__type_support.cpp.o[0m
[8.367s] [ 63%] [32mBuilding C object CMakeFiles/webots_spot_msgs__rosidl_typesupport_introspection_c.dir/rosidl_typesupport_introspection_c/webots_spot_msgs/action/detail/peak_and_detect_object__type_support.c.o[0m
[8.431s] [ 64%] [32mBuilding CXX object CMakeFiles/webots_spot_msgs__rosidl_typesupport_fastrtps_c.dir/rosidl_typesupport_fastrtps_c/webots_spot_msgs/msg/detail/gait_input__type_support_c.cpp.o[0m
[8.502s] [ 65%] [32mBuilding CXX object CMakeFiles/webots_spot_msgs__rosidl_typesupport_introspection_cpp.dir/rosidl_typesupport_introspection_cpp/webots_spot_msgs/action/detail/stack__type_support.cpp.o[0m
[8.506s] [ 66%] [32mBuilding CXX object CMakeFiles/webots_spot_msgs__rosidl_typesupport_introspection_cpp.dir/rosidl_typesupport_introspection_cpp/webots_spot_msgs/action/detail/peak_and_detect_object__type_support.cpp.o[0m
[8.547s] [ 67%] [32m[1mLinking C shared library libwebots_spot_msgs__rosidl_typesupport_introspection_c.so[0m
[8.664s] [ 68%] [32mBuilding CXX object CMakeFiles/webots_spot_msgs__rosidl_typesupport_fastrtps_cpp.dir/rosidl_typesupport_fastrtps_cpp/webots_spot_msgs/srv/detail/dds_fastrtps/spot_height__type_support.cpp.o[0m
[8.684s] [ 68%] Built target webots_spot_msgs__rosidl_typesupport_introspection_c
[8.714s] [ 70%] [32mBuilding CXX object CMakeFiles/webots_spot_msgs__rosidl_typesupport_fastrtps_c.dir/rosidl_typesupport_fastrtps_c/webots_spot_msgs/srv/detail/spot_motion__type_support_c.cpp.o[0m
[9.020s] [ 71%] [32mBuilding CXX object CMakeFiles/webots_spot_msgs__rosidl_typesupport_fastrtps_cpp.dir/rosidl_typesupport_fastrtps_cpp/webots_spot_msgs/srv/detail/dds_fastrtps/block_pose__type_support.cpp.o[0m
[9.177s] [ 72%] [32mBuilding CXX object CMakeFiles/webots_spot_msgs__rosidl_typesupport_fastrtps_c.dir/rosidl_typesupport_fastrtps_c/webots_spot_msgs/srv/detail/spot_height__type_support_c.cpp.o[0m
[9.394s] [ 73%] [32mBuilding CXX object CMakeFiles/webots_spot_msgs__rosidl_typesupport_fastrtps_c.dir/rosidl_typesupport_fastrtps_c/webots_spot_msgs/srv/detail/block_pose__type_support_c.cpp.o[0m
[9.711s] [ 74%] [32mBuilding CXX object CMakeFiles/webots_spot_msgs__rosidl_typesupport_fastrtps_cpp.dir/rosidl_typesupport_fastrtps_cpp/webots_spot_msgs/action/detail/dds_fastrtps/stack__type_support.cpp.o[0m
[9.761s] [ 75%] [32mBuilding CXX object CMakeFiles/webots_spot_msgs__rosidl_typesupport_fastrtps_c.dir/rosidl_typesupport_fastrtps_c/webots_spot_msgs/action/detail/stack__type_support_c.cpp.o[0m
[10.022s] [ 77%] [32mBuilding CXX object CMakeFiles/webots_spot_msgs__rosidl_typesupport_fastrtps_c.dir/rosidl_typesupport_fastrtps_c/webots_spot_msgs/action/detail/peak_and_detect_object__type_support_c.cpp.o[0m
[10.205s] [ 78%] [32mBuilding CXX object CMakeFiles/webots_spot_msgs__rosidl_typesupport_fastrtps_cpp.dir/rosidl_typesupport_fastrtps_cpp/webots_spot_msgs/action/detail/dds_fastrtps/peak_and_detect_object__type_support.cpp.o[0m
[10.982s] [ 79%] [32m[1mLinking CXX shared library libwebots_spot_msgs__rosidl_typesupport_introspection_cpp.so[0m
[11.230s] [ 80%] [32m[1mLinking CXX shared library libwebots_spot_msgs__rosidl_typesupport_fastrtps_c.so[0m
[11.261s] [ 80%] Built target webots_spot_msgs__rosidl_typesupport_introspection_cpp
[11.388s] [ 80%] Built target webots_spot_msgs__rosidl_typesupport_fastrtps_c
[11.775s] [ 81%] [32m[1mLinking CXX shared library libwebots_spot_msgs__rosidl_typesupport_fastrtps_cpp.so[0m
[11.968s] [ 81%] Built target webots_spot_msgs__rosidl_typesupport_fastrtps_cpp
[12.030s] [ 81%] Built target webots_spot_msgs
[12.091s] [ 82%] [34m[1mGenerating Python code for ROS interfaces[0m
[14.706s] [ 82%] Built target webots_spot_msgs__py
[14.728s] [ 85%] [32mBuilding C object CMakeFiles/webots_spot_msgs__rosidl_generator_py.dir/rosidl_generator_py/webots_spot_msgs/msg/_legs_s.c.o[0m
[14.728s] [ 85%] [32mBuilding C object CMakeFiles/webots_spot_msgs__rosidl_generator_py.dir/rosidl_generator_py/webots_spot_msgs/msg/_int32_s.c.o[0m
[14.728s] [ 86%] [32mBuilding C object CMakeFiles/webots_spot_msgs__rosidl_generator_py.dir/rosidl_generator_py/webots_spot_msgs/msg/_gait_input_s.c.o[0m
[14.728s] [ 87%] [32mBuilding C object CMakeFiles/webots_spot_msgs__rosidl_generator_py.dir/rosidl_generator_py/webots_spot_msgs/srv/_spot_motion_s.c.o[0m
[14.728s] [ 88%] [32mBuilding C object CMakeFiles/webots_spot_msgs__rosidl_generator_py.dir/rosidl_generator_py/webots_spot_msgs/srv/_spot_height_s.c.o[0m
[14.731s] [ 89%] [32mBuilding C object CMakeFiles/webots_spot_msgs__rosidl_generator_py.dir/rosidl_generator_py/webots_spot_msgs/action/_peak_and_detect_object_s.c.o[0m
[14.732s] [ 90%] [32mBuilding C object CMakeFiles/webots_spot_msgs__rosidl_generator_py.dir/rosidl_generator_py/webots_spot_msgs/srv/_block_pose_s.c.o[0m
[14.733s] [ 91%] [32mBuilding C object CMakeFiles/webots_spot_msgs__rosidl_generator_py.dir/rosidl_generator_py/webots_spot_msgs/action/_stack_s.c.o[0m
[15.005s] [ 93%] [32m[1mLinking C shared library rosidl_generator_py/webots_spot_msgs/libwebots_spot_msgs__rosidl_generator_py.so[0m
[15.054s] [ 93%] Built target webots_spot_msgs__rosidl_generator_py
[15.082s] [ 94%] [32mBuilding C object CMakeFiles/webots_spot_msgs__rosidl_typesupport_fastrtps_c__pyext.dir/rosidl_generator_py/webots_spot_msgs/_webots_spot_msgs_s.ep.rosidl_typesupport_fastrtps_c.c.o[0m
[15.084s] [ 95%] [32mBuilding C object CMakeFiles/webots_spot_msgs__rosidl_typesupport_introspection_c__pyext.dir/rosidl_generator_py/webots_spot_msgs/_webots_spot_msgs_s.ep.rosidl_typesupport_introspection_c.c.o[0m
[15.099s] [ 96%] [32mBuilding C object CMakeFiles/webots_spot_msgs__rosidl_typesupport_c__pyext.dir/rosidl_generator_py/webots_spot_msgs/_webots_spot_msgs_s.ep.rosidl_typesupport_c.c.o[0m
[15.429s] [ 97%] [32m[1mLinking C shared library rosidl_generator_py/webots_spot_msgs/webots_spot_msgs_s__rosidl_typesupport_fastrtps_c.cpython-310-x86_64-linux-gnu.so[0m
[15.471s] [ 98%] [32m[1mLinking C shared library rosidl_generator_py/webots_spot_msgs/webots_spot_msgs_s__rosidl_typesupport_introspection_c.cpython-310-x86_64-linux-gnu.so[0m
[15.484s] [ 98%] Built target webots_spot_msgs__rosidl_typesupport_fastrtps_c__pyext
[15.522s] [ 98%] Built target webots_spot_msgs__rosidl_typesupport_introspection_c__pyext
[15.524s] [100%] [32m[1mLinking C shared library rosidl_generator_py/webots_spot_msgs/webots_spot_msgs_s__rosidl_typesupport_c.cpython-310-x86_64-linux-gnu.so[0m
[15.561s] [100%] Built target webots_spot_msgs__rosidl_typesupport_c__pyext
[15.572s] Invoked command in '/home/gisbert12843/Robotics_Prak/prak2_ws/build/webots_spot_msgs' returned '0': CMAKE_PREFIX_PATH=${CMAKE_PREFIX_PATH}:/home/gisbert12843/Robotics_Prak/prak2_ws/install/webots_spot_teleop:/home/gisbert12843/Robotics_Prak/prak2_ws/install/webots_spot:/home/gisbert12843/Robotics_Prak/prak2_ws/install/webots_ros2:/home/gisbert12843/Robotics_Prak/prak2_ws/install/webots_ros2_universal_robot:/home/gisbert12843/Robotics_Prak/prak2_ws/install/webots_ros2_turtlebot:/home/gisbert12843/Robotics_Prak/prak2_ws/install/webots_ros2_tiago:/home/gisbert12843/Robotics_Prak/prak2_ws/install/webots_ros2_tests:/home/gisbert12843/Robotics_Prak/prak2_ws/install/webots_ros2_tesla:/home/gisbert12843/Robotics_Prak/prak2_ws/install/webots_ros2_mavic:/home/gisbert12843/Robotics_Prak/prak2_ws/install/webots_ros2_epuck:/home/gisbert12843/Robotics_Prak/prak2_ws/install/webots_ros2_importer:/home/gisbert12843/Robotics_Prak/prak2_ws/install/aruco_marker_detection:/opt/ros/humble /usr/bin/cmake --build /home/gisbert12843/Robotics_Prak/prak2_ws/build/webots_spot_msgs -- -j8 -l8
[15.743s] Invoking command in '/home/gisbert12843/Robotics_Prak/prak2_ws/build/webots_spot_msgs': CMAKE_PREFIX_PATH=${CMAKE_PREFIX_PATH}:/home/gisbert12843/Robotics_Prak/prak2_ws/install/webots_spot_teleop:/home/gisbert12843/Robotics_Prak/prak2_ws/install/webots_spot:/home/gisbert12843/Robotics_Prak/prak2_ws/install/webots_ros2:/home/gisbert12843/Robotics_Prak/prak2_ws/install/webots_ros2_universal_robot:/home/gisbert12843/Robotics_Prak/prak2_ws/install/webots_ros2_turtlebot:/home/gisbert12843/Robotics_Prak/prak2_ws/install/webots_ros2_tiago:/home/gisbert12843/Robotics_Prak/prak2_ws/install/webots_ros2_tests:/home/gisbert12843/Robotics_Prak/prak2_ws/install/webots_ros2_tesla:/home/gisbert12843/Robotics_Prak/prak2_ws/install/webots_ros2_mavic:/home/gisbert12843/Robotics_Prak/prak2_ws/install/webots_ros2_epuck:/home/gisbert12843/Robotics_Prak/prak2_ws/install/webots_ros2_importer:/home/gisbert12843/Robotics_Prak/prak2_ws/install/aruco_marker_detection:/opt/ros/humble /usr/bin/cmake --install /home/gisbert12843/Robotics_Prak/prak2_ws/build/webots_spot_msgs
[15.750s] -- Install configuration: ""
[15.750s] -- Execute custom install script
[15.751s] -- Symlinking: /home/gisbert12843/Robotics_Prak/prak2_ws/install/webots_spot_msgs/share/ament_index/resource_index/rosidl_interfaces/webots_spot_msgs
[15.759s] -- Symlinking: /home/gisbert12843/Robotics_Prak/prak2_ws/install/webots_spot_msgs/include/webots_spot_msgs/webots_spot_msgs/action/detail/peak_and_detect_object__functions.h
[15.768s] -- Symlinking: /home/gisbert12843/Robotics_Prak/prak2_ws/install/webots_spot_msgs/include/webots_spot_msgs/webots_spot_msgs/action/detail/peak_and_detect_object__struct.h
[15.776s] -- Symlinking: /home/gisbert12843/Robotics_Prak/prak2_ws/install/webots_spot_msgs/include/webots_spot_msgs/webots_spot_msgs/action/detail/peak_and_detect_object__type_support.h
[15.783s] -- Symlinking: /home/gisbert12843/Robotics_Prak/prak2_ws/install/webots_spot_msgs/include/webots_spot_msgs/webots_spot_msgs/action/detail/stack__functions.h
[15.791s] -- Symlinking: /home/gisbert12843/Robotics_Prak/prak2_ws/install/webots_spot_msgs/include/webots_spot_msgs/webots_spot_msgs/action/detail/stack__struct.h
[15.798s] -- Symlinking: /home/gisbert12843/Robotics_Prak/prak2_ws/install/webots_spot_msgs/include/webots_spot_msgs/webots_spot_msgs/action/detail/stack__type_support.h
[15.805s] -- Symlinking: /home/gisbert12843/Robotics_Prak/prak2_ws/install/webots_spot_msgs/include/webots_spot_msgs/webots_spot_msgs/action/peak_and_detect_object.h
[15.813s] -- Symlinking: /home/gisbert12843/Robotics_Prak/prak2_ws/install/webots_spot_msgs/include/webots_spot_msgs/webots_spot_msgs/action/stack.h
[15.820s] -- Symlinking: /home/gisbert12843/Robotics_Prak/prak2_ws/install/webots_spot_msgs/include/webots_spot_msgs/webots_spot_msgs/msg/detail/gait_input__functions.h
[15.827s] -- Symlinking: /home/gisbert12843/Robotics_Prak/prak2_ws/install/webots_spot_msgs/include/webots_spot_msgs/webots_spot_msgs/msg/detail/gait_input__struct.h
[15.834s] -- Symlinking: /home/gisbert12843/Robotics_Prak/prak2_ws/install/webots_spot_msgs/include/webots_spot_msgs/webots_spot_msgs/msg/detail/gait_input__type_support.h
[15.841s] -- Symlinking: /home/gisbert12843/Robotics_Prak/prak2_ws/install/webots_spot_msgs/include/webots_spot_msgs/webots_spot_msgs/msg/detail/int32__functions.h
[15.848s] -- Symlinking: /home/gisbert12843/Robotics_Prak/prak2_ws/install/webots_spot_msgs/include/webots_spot_msgs/webots_spot_msgs/msg/detail/int32__struct.h
[15.855s] -- Symlinking: /home/gisbert12843/Robotics_Prak/prak2_ws/install/webots_spot_msgs/include/webots_spot_msgs/webots_spot_msgs/msg/detail/int32__type_support.h
[15.862s] -- Symlinking: /home/gisbert12843/Robotics_Prak/prak2_ws/install/webots_spot_msgs/include/webots_spot_msgs/webots_spot_msgs/msg/detail/legs__functions.h
[15.869s] -- Symlinking: /home/gisbert12843/Robotics_Prak/prak2_ws/install/webots_spot_msgs/include/webots_spot_msgs/webots_spot_msgs/msg/detail/legs__struct.h
[15.876s] -- Symlinking: /home/gisbert12843/Robotics_Prak/prak2_ws/install/webots_spot_msgs/include/webots_spot_msgs/webots_spot_msgs/msg/detail/legs__type_support.h
[15.883s] -- Symlinking: /home/gisbert12843/Robotics_Prak/prak2_ws/install/webots_spot_msgs/include/webots_spot_msgs/webots_spot_msgs/msg/gait_input.h
[15.890s] -- Symlinking: /home/gisbert12843/Robotics_Prak/prak2_ws/install/webots_spot_msgs/include/webots_spot_msgs/webots_spot_msgs/msg/int32.h
[15.897s] -- Symlinking: /home/gisbert12843/Robotics_Prak/prak2_ws/install/webots_spot_msgs/include/webots_spot_msgs/webots_spot_msgs/msg/legs.h
[15.904s] -- Symlinking: /home/gisbert12843/Robotics_Prak/prak2_ws/install/webots_spot_msgs/include/webots_spot_msgs/webots_spot_msgs/msg/rosidl_generator_c__visibility_control.h
[15.910s] -- Symlinking: /home/gisbert12843/Robotics_Prak/prak2_ws/install/webots_spot_msgs/include/webots_spot_msgs/webots_spot_msgs/srv/block_pose.h
[15.917s] -- Symlinking: /home/gisbert12843/Robotics_Prak/prak2_ws/install/webots_spot_msgs/include/webots_spot_msgs/webots_spot_msgs/srv/detail/block_pose__functions.h
[15.925s] -- Symlinking: /home/gisbert12843/Robotics_Prak/prak2_ws/install/webots_spot_msgs/include/webots_spot_msgs/webots_spot_msgs/srv/detail/block_pose__struct.h
[15.931s] -- Symlinking: /home/gisbert12843/Robotics_Prak/prak2_ws/install/webots_spot_msgs/include/webots_spot_msgs/webots_spot_msgs/srv/detail/block_pose__type_support.h
[15.938s] -- Symlinking: /home/gisbert12843/Robotics_Prak/prak2_ws/install/webots_spot_msgs/include/webots_spot_msgs/webots_spot_msgs/srv/detail/spot_height__functions.h
[15.945s] -- Symlinking: /home/gisbert12843/Robotics_Prak/prak2_ws/install/webots_spot_msgs/include/webots_spot_msgs/webots_spot_msgs/srv/detail/spot_height__struct.h
[15.952s] -- Symlinking: /home/gisbert12843/Robotics_Prak/prak2_ws/install/webots_spot_msgs/include/webots_spot_msgs/webots_spot_msgs/srv/detail/spot_height__type_support.h
[15.959s] -- Symlinking: /home/gisbert12843/Robotics_Prak/prak2_ws/install/webots_spot_msgs/include/webots_spot_msgs/webots_spot_msgs/srv/detail/spot_motion__functions.h
[15.965s] -- Symlinking: /home/gisbert12843/Robotics_Prak/prak2_ws/install/webots_spot_msgs/include/webots_spot_msgs/webots_spot_msgs/srv/detail/spot_motion__struct.h
[15.972s] -- Symlinking: /home/gisbert12843/Robotics_Prak/prak2_ws/install/webots_spot_msgs/include/webots_spot_msgs/webots_spot_msgs/srv/detail/spot_motion__type_support.h
[15.979s] -- Symlinking: /home/gisbert12843/Robotics_Prak/prak2_ws/install/webots_spot_msgs/include/webots_spot_msgs/webots_spot_msgs/srv/spot_height.h
[15.986s] -- Symlinking: /home/gisbert12843/Robotics_Prak/prak2_ws/install/webots_spot_msgs/include/webots_spot_msgs/webots_spot_msgs/srv/spot_motion.h
[15.992s] -- Symlinking: /home/gisbert12843/Robotics_Prak/prak2_ws/install/webots_spot_msgs/share/webots_spot_msgs/environment/library_path.sh
[15.999s] -- Symlinking: /home/gisbert12843/Robotics_Prak/prak2_ws/install/webots_spot_msgs/share/webots_spot_msgs/environment/library_path.dsv
[16.006s] -- Symlinking: /home/gisbert12843/Robotics_Prak/prak2_ws/install/webots_spot_msgs/include/webots_spot_msgs/webots_spot_msgs/action/detail/peak_and_detect_object__rosidl_typesupport_fastrtps_c.h
[16.013s] -- Symlinking: /home/gisbert12843/Robotics_Prak/prak2_ws/install/webots_spot_msgs/include/webots_spot_msgs/webots_spot_msgs/action/detail/stack__rosidl_typesupport_fastrtps_c.h
[16.020s] -- Symlinking: /home/gisbert12843/Robotics_Prak/prak2_ws/install/webots_spot_msgs/include/webots_spot_msgs/webots_spot_msgs/msg/detail/gait_input__rosidl_typesupport_fastrtps_c.h
[16.027s] -- Symlinking: /home/gisbert12843/Robotics_Prak/prak2_ws/install/webots_spot_msgs/include/webots_spot_msgs/webots_spot_msgs/msg/detail/int32__rosidl_typesupport_fastrtps_c.h
[16.034s] -- Symlinking: /home/gisbert12843/Robotics_Prak/prak2_ws/install/webots_spot_msgs/include/webots_spot_msgs/webots_spot_msgs/msg/detail/legs__rosidl_typesupport_fastrtps_c.h
[16.041s] -- Symlinking: /home/gisbert12843/Robotics_Prak/prak2_ws/install/webots_spot_msgs/include/webots_spot_msgs/webots_spot_msgs/msg/rosidl_typesupport_fastrtps_c__visibility_control.h
[16.048s] -- Symlinking: /home/gisbert12843/Robotics_Prak/prak2_ws/install/webots_spot_msgs/include/webots_spot_msgs/webots_spot_msgs/srv/detail/block_pose__rosidl_typesupport_fastrtps_c.h
[16.055s] -- Symlinking: /home/gisbert12843/Robotics_Prak/prak2_ws/install/webots_spot_msgs/include/webots_spot_msgs/webots_spot_msgs/srv/detail/spot_height__rosidl_typesupport_fastrtps_c.h
[16.062s] -- Symlinking: /home/gisbert12843/Robotics_Prak/prak2_ws/install/webots_spot_msgs/include/webots_spot_msgs/webots_spot_msgs/srv/detail/spot_motion__rosidl_typesupport_fastrtps_c.h
[16.069s] -- Symlinking: /home/gisbert12843/Robotics_Prak/prak2_ws/install/webots_spot_msgs/include/webots_spot_msgs/webots_spot_msgs/action/detail/peak_and_detect_object__rosidl_typesupport_introspection_c.h
[16.076s] -- Symlinking: /home/gisbert12843/Robotics_Prak/prak2_ws/install/webots_spot_msgs/include/webots_spot_msgs/webots_spot_msgs/action/detail/stack__rosidl_typesupport_introspection_c.h
[16.083s] -- Symlinking: /home/gisbert12843/Robotics_Prak/prak2_ws/install/webots_spot_msgs/include/webots_spot_msgs/webots_spot_msgs/msg/detail/gait_input__rosidl_typesupport_introspection_c.h
[16.090s] -- Symlinking: /home/gisbert12843/Robotics_Prak/prak2_ws/install/webots_spot_msgs/include/webots_spot_msgs/webots_spot_msgs/msg/detail/int32__rosidl_typesupport_introspection_c.h
[16.097s] -- Symlinking: /home/gisbert12843/Robotics_Prak/prak2_ws/install/webots_spot_msgs/include/webots_spot_msgs/webots_spot_msgs/msg/detail/legs__rosidl_typesupport_introspection_c.h
[16.104s] -- Symlinking: /home/gisbert12843/Robotics_Prak/prak2_ws/install/webots_spot_msgs/include/webots_spot_msgs/webots_spot_msgs/msg/rosidl_typesupport_introspection_c__visibility_control.h
[16.112s] -- Symlinking: /home/gisbert12843/Robotics_Prak/prak2_ws/install/webots_spot_msgs/include/webots_spot_msgs/webots_spot_msgs/srv/detail/block_pose__rosidl_typesupport_introspection_c.h
[16.119s] -- Symlinking: /home/gisbert12843/Robotics_Prak/prak2_ws/install/webots_spot_msgs/include/webots_spot_msgs/webots_spot_msgs/srv/detail/spot_height__rosidl_typesupport_introspection_c.h
[16.126s] -- Symlinking: /home/gisbert12843/Robotics_Prak/prak2_ws/install/webots_spot_msgs/include/webots_spot_msgs/webots_spot_msgs/srv/detail/spot_motion__rosidl_typesupport_introspection_c.h
[16.134s] -- Symlinking: /home/gisbert12843/Robotics_Prak/prak2_ws/install/webots_spot_msgs/include/webots_spot_msgs/webots_spot_msgs/action/detail/peak_and_detect_object__builder.hpp
[16.141s] -- Symlinking: /home/gisbert12843/Robotics_Prak/prak2_ws/install/webots_spot_msgs/include/webots_spot_msgs/webots_spot_msgs/action/detail/peak_and_detect_object__struct.hpp
[16.148s] -- Symlinking: /home/gisbert12843/Robotics_Prak/prak2_ws/install/webots_spot_msgs/include/webots_spot_msgs/webots_spot_msgs/action/detail/peak_and_detect_object__traits.hpp
[16.154s] -- Symlinking: /home/gisbert12843/Robotics_Prak/prak2_ws/install/webots_spot_msgs/include/webots_spot_msgs/webots_spot_msgs/action/detail/stack__builder.hpp
[16.161s] -- Symlinking: /home/gisbert12843/Robotics_Prak/prak2_ws/install/webots_spot_msgs/include/webots_spot_msgs/webots_spot_msgs/action/detail/stack__struct.hpp
[16.168s] -- Symlinking: /home/gisbert12843/Robotics_Prak/prak2_ws/install/webots_spot_msgs/include/webots_spot_msgs/webots_spot_msgs/action/detail/stack__traits.hpp
[16.175s] -- Symlinking: /home/gisbert12843/Robotics_Prak/prak2_ws/install/webots_spot_msgs/include/webots_spot_msgs/webots_spot_msgs/action/peak_and_detect_object.hpp
[16.182s] -- Symlinking: /home/gisbert12843/Robotics_Prak/prak2_ws/install/webots_spot_msgs/include/webots_spot_msgs/webots_spot_msgs/action/stack.hpp
[16.189s] -- Symlinking: /home/gisbert12843/Robotics_Prak/prak2_ws/install/webots_spot_msgs/include/webots_spot_msgs/webots_spot_msgs/msg/detail/gait_input__builder.hpp
[16.196s] -- Symlinking: /home/gisbert12843/Robotics_Prak/prak2_ws/install/webots_spot_msgs/include/webots_spot_msgs/webots_spot_msgs/msg/detail/gait_input__struct.hpp
[16.203s] -- Symlinking: /home/gisbert12843/Robotics_Prak/prak2_ws/install/webots_spot_msgs/include/webots_spot_msgs/webots_spot_msgs/msg/detail/gait_input__traits.hpp
[16.210s] -- Symlinking: /home/gisbert12843/Robotics_Prak/prak2_ws/install/webots_spot_msgs/include/webots_spot_msgs/webots_spot_msgs/msg/detail/int32__builder.hpp
[16.216s] -- Symlinking: /home/gisbert12843/Robotics_Prak/prak2_ws/install/webots_spot_msgs/include/webots_spot_msgs/webots_spot_msgs/msg/detail/int32__struct.hpp
[16.223s] -- Symlinking: /home/gisbert12843/Robotics_Prak/prak2_ws/install/webots_spot_msgs/include/webots_spot_msgs/webots_spot_msgs/msg/detail/int32__traits.hpp
[16.230s] -- Symlinking: /home/gisbert12843/Robotics_Prak/prak2_ws/install/webots_spot_msgs/include/webots_spot_msgs/webots_spot_msgs/msg/detail/legs__builder.hpp
[16.236s] -- Symlinking: /home/gisbert12843/Robotics_Prak/prak2_ws/install/webots_spot_msgs/include/webots_spot_msgs/webots_spot_msgs/msg/detail/legs__struct.hpp
[16.243s] -- Symlinking: /home/gisbert12843/Robotics_Prak/prak2_ws/install/webots_spot_msgs/include/webots_spot_msgs/webots_spot_msgs/msg/detail/legs__traits.hpp
[16.250s] -- Symlinking: /home/gisbert12843/Robotics_Prak/prak2_ws/install/webots_spot_msgs/include/webots_spot_msgs/webots_spot_msgs/msg/gait_input.hpp
[16.256s] -- Symlinking: /home/gisbert12843/Robotics_Prak/prak2_ws/install/webots_spot_msgs/include/webots_spot_msgs/webots_spot_msgs/msg/int32.hpp
[16.263s] -- Symlinking: /home/gisbert12843/Robotics_Prak/prak2_ws/install/webots_spot_msgs/include/webots_spot_msgs/webots_spot_msgs/msg/legs.hpp
[16.270s] -- Symlinking: /home/gisbert12843/Robotics_Prak/prak2_ws/install/webots_spot_msgs/include/webots_spot_msgs/webots_spot_msgs/srv/block_pose.hpp
[16.276s] -- Symlinking: /home/gisbert12843/Robotics_Prak/prak2_ws/install/webots_spot_msgs/include/webots_spot_msgs/webots_spot_msgs/srv/detail/block_pose__builder.hpp
[16.284s] -- Symlinking: /home/gisbert12843/Robotics_Prak/prak2_ws/install/webots_spot_msgs/include/webots_spot_msgs/webots_spot_msgs/srv/detail/block_pose__struct.hpp
[16.292s] -- Symlinking: /home/gisbert12843/Robotics_Prak/prak2_ws/install/webots_spot_msgs/include/webots_spot_msgs/webots_spot_msgs/srv/detail/block_pose__traits.hpp
[16.298s] -- Symlinking: /home/gisbert12843/Robotics_Prak/prak2_ws/install/webots_spot_msgs/include/webots_spot_msgs/webots_spot_msgs/srv/detail/spot_height__builder.hpp
[16.305s] -- Symlinking: /home/gisbert12843/Robotics_Prak/prak2_ws/install/webots_spot_msgs/include/webots_spot_msgs/webots_spot_msgs/srv/detail/spot_height__struct.hpp
[16.314s] -- Symlinking: /home/gisbert12843/Robotics_Prak/prak2_ws/install/webots_spot_msgs/include/webots_spot_msgs/webots_spot_msgs/srv/detail/spot_height__traits.hpp
[16.320s] -- Symlinking: /home/gisbert12843/Robotics_Prak/prak2_ws/install/webots_spot_msgs/include/webots_spot_msgs/webots_spot_msgs/srv/detail/spot_motion__builder.hpp
[16.327s] -- Symlinking: /home/gisbert12843/Robotics_Prak/prak2_ws/install/webots_spot_msgs/include/webots_spot_msgs/webots_spot_msgs/srv/detail/spot_motion__struct.hpp
[16.334s] -- Symlinking: /home/gisbert12843/Robotics_Prak/prak2_ws/install/webots_spot_msgs/include/webots_spot_msgs/webots_spot_msgs/srv/detail/spot_motion__traits.hpp
[16.341s] -- Symlinking: /home/gisbert12843/Robotics_Prak/prak2_ws/install/webots_spot_msgs/include/webots_spot_msgs/webots_spot_msgs/srv/spot_height.hpp
[16.348s] -- Symlinking: /home/gisbert12843/Robotics_Prak/prak2_ws/install/webots_spot_msgs/include/webots_spot_msgs/webots_spot_msgs/srv/spot_motion.hpp
[16.356s] -- Symlinking: /home/gisbert12843/Robotics_Prak/prak2_ws/install/webots_spot_msgs/include/webots_spot_msgs/webots_spot_msgs/action/detail/peak_and_detect_object__rosidl_typesupport_fastrtps_cpp.hpp
[16.362s] -- Symlinking: /home/gisbert12843/Robotics_Prak/prak2_ws/install/webots_spot_msgs/include/webots_spot_msgs/webots_spot_msgs/action/detail/stack__rosidl_typesupport_fastrtps_cpp.hpp
[16.369s] -- Symlinking: /home/gisbert12843/Robotics_Prak/prak2_ws/install/webots_spot_msgs/include/webots_spot_msgs/webots_spot_msgs/msg/detail/gait_input__rosidl_typesupport_fastrtps_cpp.hpp
[16.377s] -- Symlinking: /home/gisbert12843/Robotics_Prak/prak2_ws/install/webots_spot_msgs/include/webots_spot_msgs/webots_spot_msgs/msg/detail/int32__rosidl_typesupport_fastrtps_cpp.hpp
[16.384s] -- Symlinking: /home/gisbert12843/Robotics_Prak/prak2_ws/install/webots_spot_msgs/include/webots_spot_msgs/webots_spot_msgs/msg/detail/legs__rosidl_typesupport_fastrtps_cpp.hpp
[16.391s] -- Symlinking: /home/gisbert12843/Robotics_Prak/prak2_ws/install/webots_spot_msgs/include/webots_spot_msgs/webots_spot_msgs/msg/rosidl_typesupport_fastrtps_cpp__visibility_control.h
[16.398s] -- Symlinking: /home/gisbert12843/Robotics_Prak/prak2_ws/install/webots_spot_msgs/include/webots_spot_msgs/webots_spot_msgs/srv/detail/block_pose__rosidl_typesupport_fastrtps_cpp.hpp
[16.405s] -- Symlinking: /home/gisbert12843/Robotics_Prak/prak2_ws/install/webots_spot_msgs/include/webots_spot_msgs/webots_spot_msgs/srv/detail/spot_height__rosidl_typesupport_fastrtps_cpp.hpp
[16.412s] -- Symlinking: /home/gisbert12843/Robotics_Prak/prak2_ws/install/webots_spot_msgs/include/webots_spot_msgs/webots_spot_msgs/srv/detail/spot_motion__rosidl_typesupport_fastrtps_cpp.hpp
[16.419s] -- Symlinking: /home/gisbert12843/Robotics_Prak/prak2_ws/install/webots_spot_msgs/include/webots_spot_msgs/webots_spot_msgs/action/detail/peak_and_detect_object__rosidl_typesupport_introspection_cpp.hpp
[16.426s] -- Symlinking: /home/gisbert12843/Robotics_Prak/prak2_ws/install/webots_spot_msgs/include/webots_spot_msgs/webots_spot_msgs/action/detail/stack__rosidl_typesupport_introspection_cpp.hpp
[16.432s] -- Symlinking: /home/gisbert12843/Robotics_Prak/prak2_ws/install/webots_spot_msgs/include/webots_spot_msgs/webots_spot_msgs/msg/detail/gait_input__rosidl_typesupport_introspection_cpp.hpp
[16.439s] -- Symlinking: /home/gisbert12843/Robotics_Prak/prak2_ws/install/webots_spot_msgs/include/webots_spot_msgs/webots_spot_msgs/msg/detail/int32__rosidl_typesupport_introspection_cpp.hpp
[16.446s] -- Symlinking: /home/gisbert12843/Robotics_Prak/prak2_ws/install/webots_spot_msgs/include/webots_spot_msgs/webots_spot_msgs/msg/detail/legs__rosidl_typesupport_introspection_cpp.hpp
[16.452s] -- Symlinking: /home/gisbert12843/Robotics_Prak/prak2_ws/install/webots_spot_msgs/include/webots_spot_msgs/webots_spot_msgs/srv/detail/block_pose__rosidl_typesupport_introspection_cpp.hpp
[16.458s] -- Symlinking: /home/gisbert12843/Robotics_Prak/prak2_ws/install/webots_spot_msgs/include/webots_spot_msgs/webots_spot_msgs/srv/detail/spot_height__rosidl_typesupport_introspection_cpp.hpp
[16.465s] -- Symlinking: /home/gisbert12843/Robotics_Prak/prak2_ws/install/webots_spot_msgs/include/webots_spot_msgs/webots_spot_msgs/srv/detail/spot_motion__rosidl_typesupport_introspection_cpp.hpp
[16.472s] -- Symlinking: /home/gisbert12843/Robotics_Prak/prak2_ws/install/webots_spot_msgs/share/webots_spot_msgs/environment/pythonpath.sh
[16.478s] -- Symlinking: /home/gisbert12843/Robotics_Prak/prak2_ws/install/webots_spot_msgs/share/webots_spot_msgs/environment/pythonpath.dsv
[16.485s] -- Symlinking: /home/gisbert12843/Robotics_Prak/prak2_ws/install/webots_spot_msgs/local/lib/python3.10/dist-packages/webots_spot_msgs-0.0.0-py3.10.egg-info/PKG-INFO
[16.491s] -- Symlinking: /home/gisbert12843/Robotics_Prak/prak2_ws/install/webots_spot_msgs/local/lib/python3.10/dist-packages/webots_spot_msgs-0.0.0-py3.10.egg-info/SOURCES.txt
[16.498s] -- Symlinking: /home/gisbert12843/Robotics_Prak/prak2_ws/install/webots_spot_msgs/local/lib/python3.10/dist-packages/webots_spot_msgs-0.0.0-py3.10.egg-info/dependency_links.txt
[16.505s] -- Symlinking: /home/gisbert12843/Robotics_Prak/prak2_ws/install/webots_spot_msgs/local/lib/python3.10/dist-packages/webots_spot_msgs-0.0.0-py3.10.egg-info/top_level.txt
[16.512s] -- Symlinking: /home/gisbert12843/Robotics_Prak/prak2_ws/install/webots_spot_msgs/local/lib/python3.10/dist-packages/webots_spot_msgs/__init__.py
[16.518s] -- Symlinking: /home/gisbert12843/Robotics_Prak/prak2_ws/install/webots_spot_msgs/local/lib/python3.10/dist-packages/webots_spot_msgs/_webots_spot_msgs_s.ep.rosidl_typesupport_c.c
[16.525s] -- Symlinking: /home/gisbert12843/Robotics_Prak/prak2_ws/install/webots_spot_msgs/local/lib/python3.10/dist-packages/webots_spot_msgs/_webots_spot_msgs_s.ep.rosidl_typesupport_fastrtps_c.c
[16.532s] -- Symlinking: /home/gisbert12843/Robotics_Prak/prak2_ws/install/webots_spot_msgs/local/lib/python3.10/dist-packages/webots_spot_msgs/_webots_spot_msgs_s.ep.rosidl_typesupport_introspection_c.c
[16.538s] -- Symlinking: /home/gisbert12843/Robotics_Prak/prak2_ws/install/webots_spot_msgs/local/lib/python3.10/dist-packages/webots_spot_msgs/action/__init__.py
[16.545s] -- Symlinking: /home/gisbert12843/Robotics_Prak/prak2_ws/install/webots_spot_msgs/local/lib/python3.10/dist-packages/webots_spot_msgs/action/_peak_and_detect_object.py
[16.552s] -- Symlinking: /home/gisbert12843/Robotics_Prak/prak2_ws/install/webots_spot_msgs/local/lib/python3.10/dist-packages/webots_spot_msgs/action/_peak_and_detect_object_s.c
[16.559s] -- Symlinking: /home/gisbert12843/Robotics_Prak/prak2_ws/install/webots_spot_msgs/local/lib/python3.10/dist-packages/webots_spot_msgs/action/_stack.py
[16.565s] -- Symlinking: /home/gisbert12843/Robotics_Prak/prak2_ws/install/webots_spot_msgs/local/lib/python3.10/dist-packages/webots_spot_msgs/action/_stack_s.c
[16.572s] -- Symlinking: /home/gisbert12843/Robotics_Prak/prak2_ws/install/webots_spot_msgs/local/lib/python3.10/dist-packages/webots_spot_msgs/libwebots_spot_msgs__rosidl_generator_py.so
[16.579s] -- Symlinking: /home/gisbert12843/Robotics_Prak/prak2_ws/install/webots_spot_msgs/local/lib/python3.10/dist-packages/webots_spot_msgs/msg/__init__.py
[16.586s] -- Symlinking: /home/gisbert12843/Robotics_Prak/prak2_ws/install/webots_spot_msgs/local/lib/python3.10/dist-packages/webots_spot_msgs/msg/_gait_input.py
[16.594s] -- Symlinking: /home/gisbert12843/Robotics_Prak/prak2_ws/install/webots_spot_msgs/local/lib/python3.10/dist-packages/webots_spot_msgs/msg/_gait_input_s.c
[16.600s] -- Symlinking: /home/gisbert12843/Robotics_Prak/prak2_ws/install/webots_spot_msgs/local/lib/python3.10/dist-packages/webots_spot_msgs/msg/_int32.py
[16.607s] -- Symlinking: /home/gisbert12843/Robotics_Prak/prak2_ws/install/webots_spot_msgs/local/lib/python3.10/dist-packages/webots_spot_msgs/msg/_int32_s.c
[16.613s] -- Symlinking: /home/gisbert12843/Robotics_Prak/prak2_ws/install/webots_spot_msgs/local/lib/python3.10/dist-packages/webots_spot_msgs/msg/_legs.py
[16.621s] -- Symlinking: /home/gisbert12843/Robotics_Prak/prak2_ws/install/webots_spot_msgs/local/lib/python3.10/dist-packages/webots_spot_msgs/msg/_legs_s.c
[16.628s] -- Symlinking: /home/gisbert12843/Robotics_Prak/prak2_ws/install/webots_spot_msgs/local/lib/python3.10/dist-packages/webots_spot_msgs/srv/__init__.py
[16.634s] -- Symlinking: /home/gisbert12843/Robotics_Prak/prak2_ws/install/webots_spot_msgs/local/lib/python3.10/dist-packages/webots_spot_msgs/srv/_block_pose.py
[16.642s] -- Symlinking: /home/gisbert12843/Robotics_Prak/prak2_ws/install/webots_spot_msgs/local/lib/python3.10/dist-packages/webots_spot_msgs/srv/_block_pose_s.c
[16.649s] -- Symlinking: /home/gisbert12843/Robotics_Prak/prak2_ws/install/webots_spot_msgs/local/lib/python3.10/dist-packages/webots_spot_msgs/srv/_spot_height.py
[16.656s] -- Symlinking: /home/gisbert12843/Robotics_Prak/prak2_ws/install/webots_spot_msgs/local/lib/python3.10/dist-packages/webots_spot_msgs/srv/_spot_height_s.c
[16.663s] -- Symlinking: /home/gisbert12843/Robotics_Prak/prak2_ws/install/webots_spot_msgs/local/lib/python3.10/dist-packages/webots_spot_msgs/srv/_spot_motion.py
[16.670s] -- Symlinking: /home/gisbert12843/Robotics_Prak/prak2_ws/install/webots_spot_msgs/local/lib/python3.10/dist-packages/webots_spot_msgs/srv/_spot_motion_s.c
[16.677s] -- Symlinking: /home/gisbert12843/Robotics_Prak/prak2_ws/install/webots_spot_msgs/local/lib/python3.10/dist-packages/webots_spot_msgs/webots_spot_msgs_s__rosidl_typesupport_c.cpython-310-x86_64-linux-gnu.so
[16.687s] -- Symlinking: /home/gisbert12843/Robotics_Prak/prak2_ws/install/webots_spot_msgs/local/lib/python3.10/dist-packages/webots_spot_msgs/webots_spot_msgs_s__rosidl_typesupport_fastrtps_c.cpython-310-x86_64-linux-gnu.so
[16.694s] -- Symlinking: /home/gisbert12843/Robotics_Prak/prak2_ws/install/webots_spot_msgs/local/lib/python3.10/dist-packages/webots_spot_msgs/webots_spot_msgs_s__rosidl_typesupport_introspection_c.cpython-310-x86_64-linux-gnu.so
[16.701s] -- Up-to-date symlink: /home/gisbert12843/Robotics_Prak/prak2_ws/install/webots_spot_msgs/local/lib/python3.10/dist-packages/webots_spot_msgs/webots_spot_msgs_s__rosidl_typesupport_fastrtps_c.cpython-310-x86_64-linux-gnu.so
[16.701s] -- Up-to-date symlink: /home/gisbert12843/Robotics_Prak/prak2_ws/install/webots_spot_msgs/local/lib/python3.10/dist-packages/webots_spot_msgs/webots_spot_msgs_s__rosidl_typesupport_introspection_c.cpython-310-x86_64-linux-gnu.so
[16.701s] -- Up-to-date symlink: /home/gisbert12843/Robotics_Prak/prak2_ws/install/webots_spot_msgs/local/lib/python3.10/dist-packages/webots_spot_msgs/webots_spot_msgs_s__rosidl_typesupport_c.cpython-310-x86_64-linux-gnu.so
[16.702s] -- Symlinking: /home/gisbert12843/Robotics_Prak/prak2_ws/install/webots_spot_msgs/share/webots_spot_msgs/msg/Int32.idl
[16.708s] -- Symlinking: /home/gisbert12843/Robotics_Prak/prak2_ws/install/webots_spot_msgs/share/webots_spot_msgs/msg/Legs.idl
[16.715s] -- Symlinking: /home/gisbert12843/Robotics_Prak/prak2_ws/install/webots_spot_msgs/share/webots_spot_msgs/msg/GaitInput.idl
[16.726s] -- Symlinking: /home/gisbert12843/Robotics_Prak/prak2_ws/install/webots_spot_msgs/share/webots_spot_msgs/srv/SpotMotion.idl
[16.736s] -- Symlinking: /home/gisbert12843/Robotics_Prak/prak2_ws/install/webots_spot_msgs/share/webots_spot_msgs/srv/SpotHeight.idl
[16.744s] -- Symlinking: /home/gisbert12843/Robotics_Prak/prak2_ws/install/webots_spot_msgs/share/webots_spot_msgs/srv/BlockPose.idl
[16.751s] -- Symlinking: /home/gisbert12843/Robotics_Prak/prak2_ws/install/webots_spot_msgs/share/webots_spot_msgs/action/Stack.idl
[16.758s] -- Symlinking: /home/gisbert12843/Robotics_Prak/prak2_ws/install/webots_spot_msgs/share/webots_spot_msgs/action/PeakAndDetectObject.idl
[16.765s] -- Symlinking: /home/gisbert12843/Robotics_Prak/prak2_ws/install/webots_spot_msgs/share/webots_spot_msgs/msg/Int32.msg
[16.772s] -- Symlinking: /home/gisbert12843/Robotics_Prak/prak2_ws/install/webots_spot_msgs/share/webots_spot_msgs/msg/Legs.msg
[16.779s] -- Symlinking: /home/gisbert12843/Robotics_Prak/prak2_ws/install/webots_spot_msgs/share/webots_spot_msgs/msg/GaitInput.msg
[16.786s] -- Symlinking: /home/gisbert12843/Robotics_Prak/prak2_ws/install/webots_spot_msgs/share/webots_spot_msgs/srv/SpotMotion.srv
[16.793s] -- Symlinking: /home/gisbert12843/Robotics_Prak/prak2_ws/install/webots_spot_msgs/share/webots_spot_msgs/srv/SpotMotion_Request.msg
[16.801s] -- Symlinking: /home/gisbert12843/Robotics_Prak/prak2_ws/install/webots_spot_msgs/share/webots_spot_msgs/srv/SpotMotion_Response.msg
[16.808s] -- Symlinking: /home/gisbert12843/Robotics_Prak/prak2_ws/install/webots_spot_msgs/share/webots_spot_msgs/srv/SpotHeight.srv
[16.816s] -- Symlinking: /home/gisbert12843/Robotics_Prak/prak2_ws/install/webots_spot_msgs/share/webots_spot_msgs/srv/SpotHeight_Request.msg
[16.823s] -- Symlinking: /home/gisbert12843/Robotics_Prak/prak2_ws/install/webots_spot_msgs/share/webots_spot_msgs/srv/SpotHeight_Response.msg
[16.830s] -- Symlinking: /home/gisbert12843/Robotics_Prak/prak2_ws/install/webots_spot_msgs/share/webots_spot_msgs/srv/BlockPose.srv
[16.837s] -- Symlinking: /home/gisbert12843/Robotics_Prak/prak2_ws/install/webots_spot_msgs/share/webots_spot_msgs/srv/BlockPose_Request.msg
[16.845s] -- Symlinking: /home/gisbert12843/Robotics_Prak/prak2_ws/install/webots_spot_msgs/share/webots_spot_msgs/srv/BlockPose_Response.msg
[16.852s] -- Symlinking: /home/gisbert12843/Robotics_Prak/prak2_ws/install/webots_spot_msgs/share/webots_spot_msgs/action/Stack.action
[16.859s] -- Symlinking: /home/gisbert12843/Robotics_Prak/prak2_ws/install/webots_spot_msgs/share/webots_spot_msgs/action/PeakAndDetectObject.action
[16.866s] -- Symlinking: /home/gisbert12843/Robotics_Prak/prak2_ws/install/webots_spot_msgs/share/ament_index/resource_index/package_run_dependencies/webots_spot_msgs
[16.873s] -- Symlinking: /home/gisbert12843/Robotics_Prak/prak2_ws/install/webots_spot_msgs/share/ament_index/resource_index/parent_prefix_path/webots_spot_msgs
[16.881s] -- Symlinking: /home/gisbert12843/Robotics_Prak/prak2_ws/install/webots_spot_msgs/share/webots_spot_msgs/environment/ament_prefix_path.sh
[16.888s] -- Symlinking: /home/gisbert12843/Robotics_Prak/prak2_ws/install/webots_spot_msgs/share/webots_spot_msgs/environment/ament_prefix_path.dsv
[16.896s] -- Symlinking: /home/gisbert12843/Robotics_Prak/prak2_ws/install/webots_spot_msgs/share/webots_spot_msgs/environment/path.sh
[16.903s] -- Symlinking: /home/gisbert12843/Robotics_Prak/prak2_ws/install/webots_spot_msgs/share/webots_spot_msgs/environment/path.dsv
[16.911s] -- Symlinking: /home/gisbert12843/Robotics_Prak/prak2_ws/install/webots_spot_msgs/share/webots_spot_msgs/local_setup.bash
[16.918s] -- Symlinking: /home/gisbert12843/Robotics_Prak/prak2_ws/install/webots_spot_msgs/share/webots_spot_msgs/local_setup.sh
[16.925s] -- Symlinking: /home/gisbert12843/Robotics_Prak/prak2_ws/install/webots_spot_msgs/share/webots_spot_msgs/local_setup.zsh
[16.933s] -- Symlinking: /home/gisbert12843/Robotics_Prak/prak2_ws/install/webots_spot_msgs/share/webots_spot_msgs/local_setup.dsv
[16.939s] -- Symlinking: /home/gisbert12843/Robotics_Prak/prak2_ws/install/webots_spot_msgs/share/webots_spot_msgs/package.dsv
[16.946s] -- Symlinking: /home/gisbert12843/Robotics_Prak/prak2_ws/install/webots_spot_msgs/share/ament_index/resource_index/packages/webots_spot_msgs
[16.953s] -- Symlinking: /home/gisbert12843/Robotics_Prak/prak2_ws/install/webots_spot_msgs/share/webots_spot_msgs/cmake/rosidl_cmake-extras.cmake
[16.960s] -- Symlinking: /home/gisbert12843/Robotics_Prak/prak2_ws/install/webots_spot_msgs/share/webots_spot_msgs/cmake/ament_cmake_export_dependencies-extras.cmake
[16.967s] -- Symlinking: /home/gisbert12843/Robotics_Prak/prak2_ws/install/webots_spot_msgs/share/webots_spot_msgs/cmake/ament_cmake_export_include_directories-extras.cmake
[16.973s] -- Symlinking: /home/gisbert12843/Robotics_Prak/prak2_ws/install/webots_spot_msgs/share/webots_spot_msgs/cmake/ament_cmake_export_libraries-extras.cmake
[16.980s] -- Symlinking: /home/gisbert12843/Robotics_Prak/prak2_ws/install/webots_spot_msgs/share/webots_spot_msgs/cmake/ament_cmake_export_targets-extras.cmake
[16.987s] -- Symlinking: /home/gisbert12843/Robotics_Prak/prak2_ws/install/webots_spot_msgs/share/webots_spot_msgs/cmake/rosidl_cmake_export_typesupport_targets-extras.cmake
[16.993s] -- Symlinking: /home/gisbert12843/Robotics_Prak/prak2_ws/install/webots_spot_msgs/share/webots_spot_msgs/cmake/rosidl_cmake_export_typesupport_libraries-extras.cmake
[17.000s] -- Symlinking: /home/gisbert12843/Robotics_Prak/prak2_ws/install/webots_spot_msgs/share/webots_spot_msgs/cmake/webots_spot_msgsConfig.cmake
[17.006s] -- Symlinking: /home/gisbert12843/Robotics_Prak/prak2_ws/install/webots_spot_msgs/share/webots_spot_msgs/cmake/webots_spot_msgsConfig-version.cmake
[17.013s] -- Symlinking: /home/gisbert12843/Robotics_Prak/prak2_ws/install/webots_spot_msgs/share/webots_spot_msgs/package.xml
[17.020s] -- Installing: /home/gisbert12843/Robotics_Prak/prak2_ws/install/webots_spot_msgs/lib/libwebots_spot_msgs__rosidl_generator_c.so
[17.020s] -- Set runtime path of "/home/gisbert12843/Robotics_Prak/prak2_ws/install/webots_spot_msgs/lib/libwebots_spot_msgs__rosidl_generator_c.so" to ""
[17.020s] -- Installing: /home/gisbert12843/Robotics_Prak/prak2_ws/install/webots_spot_msgs/lib/libwebots_spot_msgs__rosidl_typesupport_fastrtps_c.so
[17.020s] -- Set runtime path of "/home/gisbert12843/Robotics_Prak/prak2_ws/install/webots_spot_msgs/lib/libwebots_spot_msgs__rosidl_typesupport_fastrtps_c.so" to ""
[17.021s] -- Installing: /home/gisbert12843/Robotics_Prak/prak2_ws/install/webots_spot_msgs/lib/libwebots_spot_msgs__rosidl_typesupport_introspection_c.so
[17.021s] -- Set runtime path of "/home/gisbert12843/Robotics_Prak/prak2_ws/install/webots_spot_msgs/lib/libwebots_spot_msgs__rosidl_typesupport_introspection_c.so" to ""
[17.021s] -- Installing: /home/gisbert12843/Robotics_Prak/prak2_ws/install/webots_spot_msgs/lib/libwebots_spot_msgs__rosidl_typesupport_c.so
[17.021s] -- Set runtime path of "/home/gisbert12843/Robotics_Prak/prak2_ws/install/webots_spot_msgs/lib/libwebots_spot_msgs__rosidl_typesupport_c.so" to ""
[17.021s] -- Installing: /home/gisbert12843/Robotics_Prak/prak2_ws/install/webots_spot_msgs/lib/libwebots_spot_msgs__rosidl_typesupport_fastrtps_cpp.so
[17.021s] -- Set runtime path of "/home/gisbert12843/Robotics_Prak/prak2_ws/install/webots_spot_msgs/lib/libwebots_spot_msgs__rosidl_typesupport_fastrtps_cpp.so" to ""
[17.021s] -- Installing: /home/gisbert12843/Robotics_Prak/prak2_ws/install/webots_spot_msgs/lib/libwebots_spot_msgs__rosidl_typesupport_introspection_cpp.so
[17.022s] -- Set runtime path of "/home/gisbert12843/Robotics_Prak/prak2_ws/install/webots_spot_msgs/lib/libwebots_spot_msgs__rosidl_typesupport_introspection_cpp.so" to ""
[17.022s] -- Installing: /home/gisbert12843/Robotics_Prak/prak2_ws/install/webots_spot_msgs/lib/libwebots_spot_msgs__rosidl_typesupport_cpp.so
[17.022s] -- Set runtime path of "/home/gisbert12843/Robotics_Prak/prak2_ws/install/webots_spot_msgs/lib/libwebots_spot_msgs__rosidl_typesupport_cpp.so" to ""
[17.075s] Listing '/home/gisbert12843/Robotics_Prak/prak2_ws/install/webots_spot_msgs/local/lib/python3.10/dist-packages/webots_spot_msgs'...
[17.075s] Compiling '/home/gisbert12843/Robotics_Prak/prak2_ws/install/webots_spot_msgs/local/lib/python3.10/dist-packages/webots_spot_msgs/__init__.py'...
[17.075s] Listing '/home/gisbert12843/Robotics_Prak/prak2_ws/install/webots_spot_msgs/local/lib/python3.10/dist-packages/webots_spot_msgs/action'...
[17.076s] Compiling '/home/gisbert12843/Robotics_Prak/prak2_ws/install/webots_spot_msgs/local/lib/python3.10/dist-packages/webots_spot_msgs/action/__init__.py'...
[17.076s] Compiling '/home/gisbert12843/Robotics_Prak/prak2_ws/install/webots_spot_msgs/local/lib/python3.10/dist-packages/webots_spot_msgs/action/_peak_and_detect_object.py'...
[17.076s] Compiling '/home/gisbert12843/Robotics_Prak/prak2_ws/install/webots_spot_msgs/local/lib/python3.10/dist-packages/webots_spot_msgs/action/_stack.py'...
[17.076s] Listing '/home/gisbert12843/Robotics_Prak/prak2_ws/install/webots_spot_msgs/local/lib/python3.10/dist-packages/webots_spot_msgs/msg'...
[17.076s] Compiling '/home/gisbert12843/Robotics_Prak/prak2_ws/install/webots_spot_msgs/local/lib/python3.10/dist-packages/webots_spot_msgs/msg/__init__.py'...
[17.076s] Compiling '/home/gisbert12843/Robotics_Prak/prak2_ws/install/webots_spot_msgs/local/lib/python3.10/dist-packages/webots_spot_msgs/msg/_gait_input.py'...
[17.076s] Compiling '/home/gisbert12843/Robotics_Prak/prak2_ws/install/webots_spot_msgs/local/lib/python3.10/dist-packages/webots_spot_msgs/msg/_int32.py'...
[17.076s] Compiling '/home/gisbert12843/Robotics_Prak/prak2_ws/install/webots_spot_msgs/local/lib/python3.10/dist-packages/webots_spot_msgs/msg/_legs.py'...
[17.076s] Listing '/home/gisbert12843/Robotics_Prak/prak2_ws/install/webots_spot_msgs/local/lib/python3.10/dist-packages/webots_spot_msgs/srv'...
[17.076s] Compiling '/home/gisbert12843/Robotics_Prak/prak2_ws/install/webots_spot_msgs/local/lib/python3.10/dist-packages/webots_spot_msgs/srv/__init__.py'...
[17.076s] Compiling '/home/gisbert12843/Robotics_Prak/prak2_ws/install/webots_spot_msgs/local/lib/python3.10/dist-packages/webots_spot_msgs/srv/_block_pose.py'...
[17.076s] Compiling '/home/gisbert12843/Robotics_Prak/prak2_ws/install/webots_spot_msgs/local/lib/python3.10/dist-packages/webots_spot_msgs/srv/_spot_height.py'...
[17.076s] Compiling '/home/gisbert12843/Robotics_Prak/prak2_ws/install/webots_spot_msgs/local/lib/python3.10/dist-packages/webots_spot_msgs/srv/_spot_motion.py'...
[17.080s] -- Installing: /home/gisbert12843/Robotics_Prak/prak2_ws/install/webots_spot_msgs/lib/libwebots_spot_msgs__rosidl_generator_py.so
[17.080s] -- Set runtime path of "/home/gisbert12843/Robotics_Prak/prak2_ws/install/webots_spot_msgs/lib/libwebots_spot_msgs__rosidl_generator_py.so" to ""
[17.080s] -- Installing: /home/gisbert12843/Robotics_Prak/prak2_ws/install/webots_spot_msgs/share/webots_spot_msgs/cmake/export_webots_spot_msgs__rosidl_generator_cExport.cmake
[17.081s] -- Installing: /home/gisbert12843/Robotics_Prak/prak2_ws/install/webots_spot_msgs/share/webots_spot_msgs/cmake/export_webots_spot_msgs__rosidl_generator_cExport-noconfig.cmake
[17.081s] -- Installing: /home/gisbert12843/Robotics_Prak/prak2_ws/install/webots_spot_msgs/share/webots_spot_msgs/cmake/export_webots_spot_msgs__rosidl_typesupport_fastrtps_cExport.cmake
[17.081s] -- Installing: /home/gisbert12843/Robotics_Prak/prak2_ws/install/webots_spot_msgs/share/webots_spot_msgs/cmake/export_webots_spot_msgs__rosidl_typesupport_fastrtps_cExport-noconfig.cmake
[17.081s] -- Installing: /home/gisbert12843/Robotics_Prak/prak2_ws/install/webots_spot_msgs/share/webots_spot_msgs/cmake/webots_spot_msgs__rosidl_typesupport_introspection_cExport.cmake
[17.081s] -- Installing: /home/gisbert12843/Robotics_Prak/prak2_ws/install/webots_spot_msgs/share/webots_spot_msgs/cmake/webots_spot_msgs__rosidl_typesupport_introspection_cExport-noconfig.cmake
[17.081s] -- Installing: /home/gisbert12843/Robotics_Prak/prak2_ws/install/webots_spot_msgs/share/webots_spot_msgs/cmake/webots_spot_msgs__rosidl_typesupport_cExport.cmake
[17.081s] -- Installing: /home/gisbert12843/Robotics_Prak/prak2_ws/install/webots_spot_msgs/share/webots_spot_msgs/cmake/webots_spot_msgs__rosidl_typesupport_cExport-noconfig.cmake
[17.081s] -- Installing: /home/gisbert12843/Robotics_Prak/prak2_ws/install/webots_spot_msgs/share/webots_spot_msgs/cmake/export_webots_spot_msgs__rosidl_generator_cppExport.cmake
[17.081s] -- Installing: /home/gisbert12843/Robotics_Prak/prak2_ws/install/webots_spot_msgs/share/webots_spot_msgs/cmake/export_webots_spot_msgs__rosidl_typesupport_fastrtps_cppExport.cmake
[17.081s] -- Installing: /home/gisbert12843/Robotics_Prak/prak2_ws/install/webots_spot_msgs/share/webots_spot_msgs/cmake/export_webots_spot_msgs__rosidl_typesupport_fastrtps_cppExport-noconfig.cmake
[17.081s] -- Installing: /home/gisbert12843/Robotics_Prak/prak2_ws/install/webots_spot_msgs/share/webots_spot_msgs/cmake/webots_spot_msgs__rosidl_typesupport_introspection_cppExport.cmake
[17.082s] -- Installing: /home/gisbert12843/Robotics_Prak/prak2_ws/install/webots_spot_msgs/share/webots_spot_msgs/cmake/webots_spot_msgs__rosidl_typesupport_introspection_cppExport-noconfig.cmake
[17.082s] -- Installing: /home/gisbert12843/Robotics_Prak/prak2_ws/install/webots_spot_msgs/share/webots_spot_msgs/cmake/webots_spot_msgs__rosidl_typesupport_cppExport.cmake
[17.082s] -- Installing: /home/gisbert12843/Robotics_Prak/prak2_ws/install/webots_spot_msgs/share/webots_spot_msgs/cmake/webots_spot_msgs__rosidl_typesupport_cppExport-noconfig.cmake
[17.082s] -- Installing: /home/gisbert12843/Robotics_Prak/prak2_ws/install/webots_spot_msgs/share/webots_spot_msgs/cmake/export_webots_spot_msgs__rosidl_generator_pyExport.cmake
[17.082s] -- Installing: /home/gisbert12843/Robotics_Prak/prak2_ws/install/webots_spot_msgs/share/webots_spot_msgs/cmake/export_webots_spot_msgs__rosidl_generator_pyExport-noconfig.cmake
[17.084s] Invoked command in '/home/gisbert12843/Robotics_Prak/prak2_ws/build/webots_spot_msgs' returned '0': CMAKE_PREFIX_PATH=${CMAKE_PREFIX_PATH}:/home/gisbert12843/Robotics_Prak/prak2_ws/install/webots_spot_teleop:/home/gisbert12843/Robotics_Prak/prak2_ws/install/webots_spot:/home/gisbert12843/Robotics_Prak/prak2_ws/install/webots_ros2:/home/gisbert12843/Robotics_Prak/prak2_ws/install/webots_ros2_universal_robot:/home/gisbert12843/Robotics_Prak/prak2_ws/install/webots_ros2_turtlebot:/home/gisbert12843/Robotics_Prak/prak2_ws/install/webots_ros2_tiago:/home/gisbert12843/Robotics_Prak/prak2_ws/install/webots_ros2_tests:/home/gisbert12843/Robotics_Prak/prak2_ws/install/webots_ros2_tesla:/home/gisbert12843/Robotics_Prak/prak2_ws/install/webots_ros2_mavic:/home/gisbert12843/Robotics_Prak/prak2_ws/install/webots_ros2_epuck:/home/gisbert12843/Robotics_Prak/prak2_ws/install/webots_ros2_importer:/home/gisbert12843/Robotics_Prak/prak2_ws/install/aruco_marker_detection:/opt/ros/humble /usr/bin/cmake --install /home/gisbert12843/Robotics_Prak/prak2_ws/build/webots_spot_msgs
