running develop
/usr/lib/python3/dist-packages/setuptools/command/easy_install.py:158: EasyInstallDeprecationWarning: easy_install command is deprecated. Use build and pip and other standards-based tools.
  warnings.warn(
running egg_info
creating prak2_pkg.egg-info
writing prak2_pkg.egg-info/PKG-INFO
writing dependency_links to prak2_pkg.egg-info/dependency_links.txt
writing entry points to prak2_pkg.egg-info/entry_points.txt
writing requirements to prak2_pkg.egg-info/requires.txt
writing top-level names to prak2_pkg.egg-info/top_level.txt
writing manifest file 'prak2_pkg.egg-info/SOURCES.txt'
reading manifest file 'prak2_pkg.egg-info/SOURCES.txt'
writing manifest file 'prak2_pkg.egg-info/SOURCES.txt'
running build_ext
Creating /home/gisbert12843/Robotics_Prak/prak2_ws/install/prak2_pkg/lib/python3.10/site-packages/prak2-pkg.egg-link (link to .)
Installing aruco_marker_detection_node script to /home/gisbert12843/Robotics_Prak/prak2_ws/install/prak2_pkg/lib/prak2_pkg
Installing line_following_node script to /home/gisbert12843/Robotics_Prak/prak2_ws/install/prak2_pkg/lib/prak2_pkg

Installed /home/gisbert12843/Robotics_Prak/prak2_ws/build/prak2_pkg
running symlink_data
creating /home/gisbert12843/Robotics_Prak/prak2_ws/install/prak2_pkg/share/ament_index
creating /home/gisbert12843/Robotics_Prak/prak2_ws/install/prak2_pkg/share/ament_index/resource_index
creating /home/gisbert12843/Robotics_Prak/prak2_ws/install/prak2_pkg/share/ament_index/resource_index/packages
symbolically linking /home/gisbert12843/Robotics_Prak/prak2_ws/build/prak2_pkg/resource/prak2_pkg -> /home/gisbert12843/Robotics_Prak/prak2_ws/install/prak2_pkg/share/ament_index/resource_index/packages
symbolically linking /home/gisbert12843/Robotics_Prak/prak2_ws/build/prak2_pkg/package.xml -> /home/gisbert12843/Robotics_Prak/prak2_ws/install/prak2_pkg/share/prak2_pkg
creating /home/gisbert12843/Robotics_Prak/prak2_ws/install/prak2_pkg/share/prak2_pkg/launch
symbolically linking /home/gisbert12843/Robotics_Prak/prak2_ws/build/prak2_pkg/launch/launch_detection.py -> /home/gisbert12843/Robotics_Prak/prak2_ws/install/prak2_pkg/share/prak2_pkg/launch
symbolically linking /home/gisbert12843/Robotics_Prak/prak2_ws/build/prak2_pkg/launch/launch_full.py -> /home/gisbert12843/Robotics_Prak/prak2_ws/install/prak2_pkg/share/prak2_pkg/launch
symbolically linking /home/gisbert12843/Robotics_Prak/prak2_ws/build/prak2_pkg/launch/launch_line_detection.py -> /home/gisbert12843/Robotics_Prak/prak2_ws/install/prak2_pkg/share/prak2_pkg/launch
