running develop
running egg_info
creating prak3_pkg.egg-info
writing prak3_pkg.egg-info/PKG-INFO
writing dependency_links to prak3_pkg.egg-info/dependency_links.txt
writing entry points to prak3_pkg.egg-info/entry_points.txt
writing requirements to prak3_pkg.egg-info/requires.txt
writing top-level names to prak3_pkg.egg-info/top_level.txt
writing manifest file 'prak3_pkg.egg-info/SOURCES.txt'
reading manifest file 'prak3_pkg.egg-info/SOURCES.txt'
writing manifest file 'prak3_pkg.egg-info/SOURCES.txt'
running build_ext
Creating /home/gisbert12843/Robotics_Prak/prak3_ws/install/prak3_pkg/lib/python3.10/site-packages/prak3-pkg.egg-link (link to .)
Installing service_node script to /home/gisbert12843/Robotics_Prak/prak3_ws/install/prak3_pkg/lib/prak3_pkg

Installed /home/gisbert12843/Robotics_Prak/prak3_ws/build/prak3_pkg
running symlink_data
creating /home/gisbert12843/Robotics_Prak/prak3_ws/install/prak3_pkg/share/ament_index
creating /home/gisbert12843/Robotics_Prak/prak3_ws/install/prak3_pkg/share/ament_index/resource_index
creating /home/gisbert12843/Robotics_Prak/prak3_ws/install/prak3_pkg/share/ament_index/resource_index/packages
symbolically linking /home/gisbert12843/Robotics_Prak/prak3_ws/build/prak3_pkg/resource/prak3_pkg -> /home/gisbert12843/Robotics_Prak/prak3_ws/install/prak3_pkg/share/ament_index/resource_index/packages
symbolically linking /home/gisbert12843/Robotics_Prak/prak3_ws/build/prak3_pkg/package.xml -> /home/gisbert12843/Robotics_Prak/prak3_ws/install/prak3_pkg/share/prak3_pkg
