running develop
/usr/lib/python3/dist-packages/setuptools/command/easy_install.py:158: EasyInstallDeprecationWarning: easy_install command is deprecated. Use build and pip and other standards-based tools.
  warnings.warn(
running egg_info
creating aruco_marker_detection.egg-info
writing aruco_marker_detection.egg-info/PKG-INFO
writing dependency_links to aruco_marker_detection.egg-info/dependency_links.txt
writing entry points to aruco_marker_detection.egg-info/entry_points.txt
writing requirements to aruco_marker_detection.egg-info/requires.txt
writing top-level names to aruco_marker_detection.egg-info/top_level.txt
writing manifest file 'aruco_marker_detection.egg-info/SOURCES.txt'
reading manifest file 'aruco_marker_detection.egg-info/SOURCES.txt'
writing manifest file 'aruco_marker_detection.egg-info/SOURCES.txt'
running build_ext
Creating /home/gisbert12843/Robotics_Prak/prak2_ws/install/aruco_marker_detection/lib/python3.10/site-packages/aruco-marker-detection.egg-link (link to .)
Installing aruco_marker_detection_node script to /home/gisbert12843/Robotics_Prak/prak2_ws/install/aruco_marker_detection/lib/aruco_marker_detection

Installed /home/gisbert12843/Robotics_Prak/prak2_ws/build/aruco_marker_detection
running symlink_data
creating /home/gisbert12843/Robotics_Prak/prak2_ws/install/aruco_marker_detection/share/ament_index
creating /home/gisbert12843/Robotics_Prak/prak2_ws/install/aruco_marker_detection/share/ament_index/resource_index
creating /home/gisbert12843/Robotics_Prak/prak2_ws/install/aruco_marker_detection/share/ament_index/resource_index/packages
symbolically linking /home/gisbert12843/Robotics_Prak/prak2_ws/build/aruco_marker_detection/resource/aruco_marker_detection -> /home/gisbert12843/Robotics_Prak/prak2_ws/install/aruco_marker_detection/share/ament_index/resource_index/packages
symbolically linking /home/gisbert12843/Robotics_Prak/prak2_ws/build/aruco_marker_detection/package.xml -> /home/gisbert12843/Robotics_Prak/prak2_ws/install/aruco_marker_detection/share/aruco_marker_detection
creating /home/gisbert12843/Robotics_Prak/prak2_ws/install/aruco_marker_detection/share/aruco_marker_detection/launch
symbolically linking /home/gisbert12843/Robotics_Prak/prak2_ws/build/aruco_marker_detection/launch/launch_detection.py -> /home/gisbert12843/Robotics_Prak/prak2_ws/install/aruco_marker_detection/share/aruco_marker_detection/launch
symbolically linking /home/gisbert12843/Robotics_Prak/prak2_ws/build/aruco_marker_detection/launch/launch_full.py -> /home/gisbert12843/Robotics_Prak/prak2_ws/install/aruco_marker_detection/share/aruco_marker_detection/launch
