[0.016s] Invoking command in '/home/gisbert12843/ros2_ws/build/webots_ros2_driver': AMENT_PREFIX_PATH=/home/gisbert12843/ros2_ws/install/webots_ros2_importer:/home/gisbert12843/ros2_ws/install/aruco_marker_detection:/home/gisbert12843/ros2_ws/install/webots_spot_teleop:/home/gisbert12843/ros2_ws/install/webots_spot_msgs:/home/gisbert12843/ros2_ws/install/webots_spot:/home/gisbert12843/ros2_ws/install/webots_ros2:/home/gisbert12843/ros2_ws/install/webots_ros2_universal_robot:/home/gisbert12843/ros2_ws/install/webots_ros2_turtlebot:/home/gisbert12843/ros2_ws/install/webots_ros2_tiago:/home/gisbert12843/ros2_ws/install/webots_ros2_tests:/home/gisbert12843/ros2_ws/install/webots_ros2_tesla:/home/gisbert12843/ros2_ws/install/webots_ros2_mavic:/home/gisbert12843/ros2_ws/install/webots_ros2_epuck:/home/gisbert12843/ros2_ws/install/webots_ros2_control:/home/gisbert12843/ros2_ws/install/webots_ros2_driver:/home/gisbert12843/ros2_ws/install/webots_ros2_msgs:/opt/ros/humble CMAKE_PREFIX_PATH=/home/gisbert12843/ros2_ws/install/webots_ros2_msgs:/home/gisbert12843/ros2_ws/install/webots_spot_msgs:/home/gisbert12843/ros2_ws/install/webots_ros2_control:/home/gisbert12843/ros2_ws/install/webots_ros2_driver:/home/gisbert12843/ros2_ws/install/aruco_marker_detection:/home/gisbert12843/ros2_ws/install/webots_spot_teleop:/home/gisbert12843/ros2_ws/install/webots_spot:/home/gisbert12843/ros2_ws/install/webots_ros2:/home/gisbert12843/ros2_ws/install/webots_ros2_universal_robot:/home/gisbert12843/ros2_ws/install/webots_ros2_turtlebot:/home/gisbert12843/ros2_ws/install/webots_ros2_tiago:/home/gisbert12843/ros2_ws/install/webots_ros2_tests:/home/gisbert12843/ros2_ws/install/webots_ros2_tesla:/home/gisbert12843/ros2_ws/install/webots_ros2_mavic:/home/gisbert12843/ros2_ws/install/webots_ros2_epuck:/home/gisbert12843/ros2_ws/install/webots_ros2_importer:/opt/ros/humble LD_LIBRARY_PATH=/home/gisbert12843/ros2_ws/install/webots_ros2_msgs/lib:/home/gisbert12843/ros2_ws/install/webots_spot_msgs/lib:/home/gisbert12843/ros2_ws/install/webots_ros2_control/lib:/home/gisbert12843/ros2_ws/install/webots_ros2_driver/lib:/opt/ros/humble/opt/rviz_ogre_vendor/lib:/opt/ros/humble/lib/x86_64-linux-gnu:/opt/ros/humble/lib PYTHONPATH=/home/gisbert12843/ros2_ws/build/webots_ros2_importer:/home/gisbert12843/ros2_ws/install/webots_ros2_importer/lib/python3.10/site-packages:/home/gisbert12843/ros2_ws/build/aruco_marker_detection:/home/gisbert12843/ros2_ws/install/aruco_marker_detection/lib/python3.10/site-packages:/home/gisbert12843/ros2_ws/build/webots_spot_teleop:/home/gisbert12843/ros2_ws/install/webots_spot_teleop/lib/python3.10/site-packages:/home/gisbert12843/ros2_ws/install/webots_spot_msgs/local/lib/python3.10/dist-packages:/home/gisbert12843/ros2_ws/build/webots_spot:/home/gisbert12843/ros2_ws/install/webots_spot/lib/python3.10/site-packages:/home/gisbert12843/ros2_ws/build/webots_ros2:/home/gisbert12843/ros2_ws/install/webots_ros2/lib/python3.10/site-packages:/home/gisbert12843/ros2_ws/build/webots_ros2_universal_robot:/home/gisbert12843/ros2_ws/install/webots_ros2_universal_robot/lib/python3.10/site-packages:/home/gisbert12843/ros2_ws/build/webots_ros2_turtlebot:/home/gisbert12843/ros2_ws/install/webots_ros2_turtlebot/lib/python3.10/site-packages:/home/gisbert12843/ros2_ws/build/webots_ros2_tiago:/home/gisbert12843/ros2_ws/install/webots_ros2_tiago/lib/python3.10/site-packages:/home/gisbert12843/ros2_ws/build/webots_ros2_tests:/home/gisbert12843/ros2_ws/install/webots_ros2_tests/lib/python3.10/site-packages:/home/gisbert12843/ros2_ws/build/webots_ros2_tesla:/home/gisbert12843/ros2_ws/install/webots_ros2_tesla/lib/python3.10/site-packages:/home/gisbert12843/ros2_ws/build/webots_ros2_mavic:/home/gisbert12843/ros2_ws/install/webots_ros2_mavic/lib/python3.10/site-packages:/home/gisbert12843/ros2_ws/build/webots_ros2_epuck:/home/gisbert12843/ros2_ws/install/webots_ros2_epuck/lib/python3.10/site-packages:/home/gisbert12843/ros2_ws/install/webots_ros2_driver/local/lib/python3.10/dist-packages:/home/gisbert12843/ros2_ws/install/webots_ros2_msgs/local/lib/python3.10/dist-packages:/home/gisbert12843/ros2_ws/build/my-test-package:/home/gisbert12843/ros2_ws/install/my-test-package/lib/python3.10/site-packages:/opt/ros/humble/lib/python3.10/site-packages:/opt/ros/humble/local/lib/python3.10/dist-packages /usr/bin/cmake --build /home/gisbert12843/ros2_ws/build/webots_ros2_driver -- -j8 -l8
[0.072s] [  0%] Built target ament_cmake_python_symlink_controller
[0.075s] [  0%] Built target ament_cmake_python_symlink_vehicle
[0.078s] [  0%] Built target ament_cmake_python_symlink_webots_ros2_driver
[0.439s] running egg_info
[0.440s] writing vehicle.egg-info/PKG-INFO
[0.440s] writing dependency_links to vehicle.egg-info/dependency_links.txt
[0.441s] writing top-level names to vehicle.egg-info/top_level.txt
[0.444s] reading manifest file 'vehicle.egg-info/SOURCES.txt'
[0.444s] writing manifest file 'vehicle.egg-info/SOURCES.txt'
[0.465s] running egg_info
[0.465s] writing controller.egg-info/PKG-INFO
[0.465s] writing dependency_links to controller.egg-info/dependency_links.txt
[0.465s] writing top-level names to controller.egg-info/top_level.txt
[0.468s] reading manifest file 'controller.egg-info/SOURCES.txt'
[0.470s] writing manifest file 'controller.egg-info/SOURCES.txt'
[0.479s] [  0%] Built target ament_cmake_python_build_vehicle_egg
[0.505s] [  0%] Built target ament_cmake_python_build_controller_egg
[0.560s] running egg_info
[0.562s] writing webots_ros2_driver.egg-info/PKG-INFO
[0.562s] writing dependency_links to webots_ros2_driver.egg-info/dependency_links.txt
[0.562s] writing top-level names to webots_ros2_driver.egg-info/top_level.txt
[0.566s] reading manifest file 'webots_ros2_driver.egg-info/SOURCES.txt'
[0.567s] writing manifest file 'webots_ros2_driver.egg-info/SOURCES.txt'
[0.598s] [  0%] Built target ament_cmake_python_build_webots_ros2_driver_egg
[0.742s] [  0%] Built target compile-lib-controller
[0.829s] [  0%] Built target compile-generic-window
[1.498s] [  0%] Built target compile-lib-vehicle
[1.535s] [ 14%] Built target webots_ros2_driver_imu
[1.544s] [ 29%] Built target webots_ros2_driver_rgbd
[1.575s] [100%] Built target driver
[1.588s] Invoked command in '/home/gisbert12843/ros2_ws/build/webots_ros2_driver' returned '0': AMENT_PREFIX_PATH=/home/gisbert12843/ros2_ws/install/webots_ros2_importer:/home/gisbert12843/ros2_ws/install/aruco_marker_detection:/home/gisbert12843/ros2_ws/install/webots_spot_teleop:/home/gisbert12843/ros2_ws/install/webots_spot_msgs:/home/gisbert12843/ros2_ws/install/webots_spot:/home/gisbert12843/ros2_ws/install/webots_ros2:/home/gisbert12843/ros2_ws/install/webots_ros2_universal_robot:/home/gisbert12843/ros2_ws/install/webots_ros2_turtlebot:/home/gisbert12843/ros2_ws/install/webots_ros2_tiago:/home/gisbert12843/ros2_ws/install/webots_ros2_tests:/home/gisbert12843/ros2_ws/install/webots_ros2_tesla:/home/gisbert12843/ros2_ws/install/webots_ros2_mavic:/home/gisbert12843/ros2_ws/install/webots_ros2_epuck:/home/gisbert12843/ros2_ws/install/webots_ros2_control:/home/gisbert12843/ros2_ws/install/webots_ros2_driver:/home/gisbert12843/ros2_ws/install/webots_ros2_msgs:/opt/ros/humble CMAKE_PREFIX_PATH=/home/gisbert12843/ros2_ws/install/webots_ros2_msgs:/home/gisbert12843/ros2_ws/install/webots_spot_msgs:/home/gisbert12843/ros2_ws/install/webots_ros2_control:/home/gisbert12843/ros2_ws/install/webots_ros2_driver:/home/gisbert12843/ros2_ws/install/aruco_marker_detection:/home/gisbert12843/ros2_ws/install/webots_spot_teleop:/home/gisbert12843/ros2_ws/install/webots_spot:/home/gisbert12843/ros2_ws/install/webots_ros2:/home/gisbert12843/ros2_ws/install/webots_ros2_universal_robot:/home/gisbert12843/ros2_ws/install/webots_ros2_turtlebot:/home/gisbert12843/ros2_ws/install/webots_ros2_tiago:/home/gisbert12843/ros2_ws/install/webots_ros2_tests:/home/gisbert12843/ros2_ws/install/webots_ros2_tesla:/home/gisbert12843/ros2_ws/install/webots_ros2_mavic:/home/gisbert12843/ros2_ws/install/webots_ros2_epuck:/home/gisbert12843/ros2_ws/install/webots_ros2_importer:/opt/ros/humble LD_LIBRARY_PATH=/home/gisbert12843/ros2_ws/install/webots_ros2_msgs/lib:/home/gisbert12843/ros2_ws/install/webots_spot_msgs/lib:/home/gisbert12843/ros2_ws/install/webots_ros2_control/lib:/home/gisbert12843/ros2_ws/install/webots_ros2_driver/lib:/opt/ros/humble/opt/rviz_ogre_vendor/lib:/opt/ros/humble/lib/x86_64-linux-gnu:/opt/ros/humble/lib PYTHONPATH=/home/gisbert12843/ros2_ws/build/webots_ros2_importer:/home/gisbert12843/ros2_ws/install/webots_ros2_importer/lib/python3.10/site-packages:/home/gisbert12843/ros2_ws/build/aruco_marker_detection:/home/gisbert12843/ros2_ws/install/aruco_marker_detection/lib/python3.10/site-packages:/home/gisbert12843/ros2_ws/build/webots_spot_teleop:/home/gisbert12843/ros2_ws/install/webots_spot_teleop/lib/python3.10/site-packages:/home/gisbert12843/ros2_ws/install/webots_spot_msgs/local/lib/python3.10/dist-packages:/home/gisbert12843/ros2_ws/build/webots_spot:/home/gisbert12843/ros2_ws/install/webots_spot/lib/python3.10/site-packages:/home/gisbert12843/ros2_ws/build/webots_ros2:/home/gisbert12843/ros2_ws/install/webots_ros2/lib/python3.10/site-packages:/home/gisbert12843/ros2_ws/build/webots_ros2_universal_robot:/home/gisbert12843/ros2_ws/install/webots_ros2_universal_robot/lib/python3.10/site-packages:/home/gisbert12843/ros2_ws/build/webots_ros2_turtlebot:/home/gisbert12843/ros2_ws/install/webots_ros2_turtlebot/lib/python3.10/site-packages:/home/gisbert12843/ros2_ws/build/webots_ros2_tiago:/home/gisbert12843/ros2_ws/install/webots_ros2_tiago/lib/python3.10/site-packages:/home/gisbert12843/ros2_ws/build/webots_ros2_tests:/home/gisbert12843/ros2_ws/install/webots_ros2_tests/lib/python3.10/site-packages:/home/gisbert12843/ros2_ws/build/webots_ros2_tesla:/home/gisbert12843/ros2_ws/install/webots_ros2_tesla/lib/python3.10/site-packages:/home/gisbert12843/ros2_ws/build/webots_ros2_mavic:/home/gisbert12843/ros2_ws/install/webots_ros2_mavic/lib/python3.10/site-packages:/home/gisbert12843/ros2_ws/build/webots_ros2_epuck:/home/gisbert12843/ros2_ws/install/webots_ros2_epuck/lib/python3.10/site-packages:/home/gisbert12843/ros2_ws/install/webots_ros2_driver/local/lib/python3.10/dist-packages:/home/gisbert12843/ros2_ws/install/webots_ros2_msgs/local/lib/python3.10/dist-packages:/home/gisbert12843/ros2_ws/build/my-test-package:/home/gisbert12843/ros2_ws/install/my-test-package/lib/python3.10/site-packages:/opt/ros/humble/lib/python3.10/site-packages:/opt/ros/humble/local/lib/python3.10/dist-packages /usr/bin/cmake --build /home/gisbert12843/ros2_ws/build/webots_ros2_driver -- -j8 -l8
[1.676s] Invoking command in '/home/gisbert12843/ros2_ws/build/webots_ros2_driver': AMENT_PREFIX_PATH=/home/gisbert12843/ros2_ws/install/webots_ros2_importer:/home/gisbert12843/ros2_ws/install/aruco_marker_detection:/home/gisbert12843/ros2_ws/install/webots_spot_teleop:/home/gisbert12843/ros2_ws/install/webots_spot_msgs:/home/gisbert12843/ros2_ws/install/webots_spot:/home/gisbert12843/ros2_ws/install/webots_ros2:/home/gisbert12843/ros2_ws/install/webots_ros2_universal_robot:/home/gisbert12843/ros2_ws/install/webots_ros2_turtlebot:/home/gisbert12843/ros2_ws/install/webots_ros2_tiago:/home/gisbert12843/ros2_ws/install/webots_ros2_tests:/home/gisbert12843/ros2_ws/install/webots_ros2_tesla:/home/gisbert12843/ros2_ws/install/webots_ros2_mavic:/home/gisbert12843/ros2_ws/install/webots_ros2_epuck:/home/gisbert12843/ros2_ws/install/webots_ros2_control:/home/gisbert12843/ros2_ws/install/webots_ros2_driver:/home/gisbert12843/ros2_ws/install/webots_ros2_msgs:/opt/ros/humble CMAKE_PREFIX_PATH=/home/gisbert12843/ros2_ws/install/webots_ros2_msgs:/home/gisbert12843/ros2_ws/install/webots_spot_msgs:/home/gisbert12843/ros2_ws/install/webots_ros2_control:/home/gisbert12843/ros2_ws/install/webots_ros2_driver:/home/gisbert12843/ros2_ws/install/aruco_marker_detection:/home/gisbert12843/ros2_ws/install/webots_spot_teleop:/home/gisbert12843/ros2_ws/install/webots_spot:/home/gisbert12843/ros2_ws/install/webots_ros2:/home/gisbert12843/ros2_ws/install/webots_ros2_universal_robot:/home/gisbert12843/ros2_ws/install/webots_ros2_turtlebot:/home/gisbert12843/ros2_ws/install/webots_ros2_tiago:/home/gisbert12843/ros2_ws/install/webots_ros2_tests:/home/gisbert12843/ros2_ws/install/webots_ros2_tesla:/home/gisbert12843/ros2_ws/install/webots_ros2_mavic:/home/gisbert12843/ros2_ws/install/webots_ros2_epuck:/home/gisbert12843/ros2_ws/install/webots_ros2_importer:/opt/ros/humble LD_LIBRARY_PATH=/home/gisbert12843/ros2_ws/install/webots_ros2_msgs/lib:/home/gisbert12843/ros2_ws/install/webots_spot_msgs/lib:/home/gisbert12843/ros2_ws/install/webots_ros2_control/lib:/home/gisbert12843/ros2_ws/install/webots_ros2_driver/lib:/opt/ros/humble/opt/rviz_ogre_vendor/lib:/opt/ros/humble/lib/x86_64-linux-gnu:/opt/ros/humble/lib PYTHONPATH=/home/gisbert12843/ros2_ws/build/webots_ros2_importer:/home/gisbert12843/ros2_ws/install/webots_ros2_importer/lib/python3.10/site-packages:/home/gisbert12843/ros2_ws/build/aruco_marker_detection:/home/gisbert12843/ros2_ws/install/aruco_marker_detection/lib/python3.10/site-packages:/home/gisbert12843/ros2_ws/build/webots_spot_teleop:/home/gisbert12843/ros2_ws/install/webots_spot_teleop/lib/python3.10/site-packages:/home/gisbert12843/ros2_ws/install/webots_spot_msgs/local/lib/python3.10/dist-packages:/home/gisbert12843/ros2_ws/build/webots_spot:/home/gisbert12843/ros2_ws/install/webots_spot/lib/python3.10/site-packages:/home/gisbert12843/ros2_ws/build/webots_ros2:/home/gisbert12843/ros2_ws/install/webots_ros2/lib/python3.10/site-packages:/home/gisbert12843/ros2_ws/build/webots_ros2_universal_robot:/home/gisbert12843/ros2_ws/install/webots_ros2_universal_robot/lib/python3.10/site-packages:/home/gisbert12843/ros2_ws/build/webots_ros2_turtlebot:/home/gisbert12843/ros2_ws/install/webots_ros2_turtlebot/lib/python3.10/site-packages:/home/gisbert12843/ros2_ws/build/webots_ros2_tiago:/home/gisbert12843/ros2_ws/install/webots_ros2_tiago/lib/python3.10/site-packages:/home/gisbert12843/ros2_ws/build/webots_ros2_tests:/home/gisbert12843/ros2_ws/install/webots_ros2_tests/lib/python3.10/site-packages:/home/gisbert12843/ros2_ws/build/webots_ros2_tesla:/home/gisbert12843/ros2_ws/install/webots_ros2_tesla/lib/python3.10/site-packages:/home/gisbert12843/ros2_ws/build/webots_ros2_mavic:/home/gisbert12843/ros2_ws/install/webots_ros2_mavic/lib/python3.10/site-packages:/home/gisbert12843/ros2_ws/build/webots_ros2_epuck:/home/gisbert12843/ros2_ws/install/webots_ros2_epuck/lib/python3.10/site-packages:/home/gisbert12843/ros2_ws/install/webots_ros2_driver/local/lib/python3.10/dist-packages:/home/gisbert12843/ros2_ws/install/webots_ros2_msgs/local/lib/python3.10/dist-packages:/home/gisbert12843/ros2_ws/build/my-test-package:/home/gisbert12843/ros2_ws/install/my-test-package/lib/python3.10/site-packages:/opt/ros/humble/lib/python3.10/site-packages:/opt/ros/humble/local/lib/python3.10/dist-packages /usr/bin/cmake --install /home/gisbert12843/ros2_ws/build/webots_ros2_driver
[1.687s] -- Install configuration: ""
[1.688s] -- Execute custom install script
[1.688s] -- Up-to-date symlink: /home/gisbert12843/ros2_ws/install/webots_ros2_driver/share/webots_ros2_driver/environment/pythonpath.sh
[1.688s] -- Up-to-date symlink: /home/gisbert12843/ros2_ws/install/webots_ros2_driver/share/webots_ros2_driver/environment/pythonpath.dsv
[1.689s] -- Up-to-date symlink: /home/gisbert12843/ros2_ws/install/webots_ros2_driver/local/lib/python3.10/dist-packages/controller-2023.1.3-py3.10.egg-info/PKG-INFO
[1.689s] -- Up-to-date symlink: /home/gisbert12843/ros2_ws/install/webots_ros2_driver/local/lib/python3.10/dist-packages/controller-2023.1.3-py3.10.egg-info/SOURCES.txt
[1.689s] -- Up-to-date symlink: /home/gisbert12843/ros2_ws/install/webots_ros2_driver/local/lib/python3.10/dist-packages/controller-2023.1.3-py3.10.egg-info/dependency_links.txt
[1.689s] -- Up-to-date symlink: /home/gisbert12843/ros2_ws/install/webots_ros2_driver/local/lib/python3.10/dist-packages/controller-2023.1.3-py3.10.egg-info/top_level.txt
[1.690s] -- Up-to-date symlink: /home/gisbert12843/ros2_ws/install/webots_ros2_driver/local/lib/python3.10/dist-packages/controller/__init__.py
[1.690s] -- Up-to-date symlink: /home/gisbert12843/ros2_ws/install/webots_ros2_driver/local/lib/python3.10/dist-packages/controller/accelerometer.py
[1.691s] -- Up-to-date symlink: /home/gisbert12843/ros2_ws/install/webots_ros2_driver/local/lib/python3.10/dist-packages/controller/altimeter.py
[1.691s] -- Up-to-date symlink: /home/gisbert12843/ros2_ws/install/webots_ros2_driver/local/lib/python3.10/dist-packages/controller/ansi_codes.py
[1.691s] -- Up-to-date symlink: /home/gisbert12843/ros2_ws/install/webots_ros2_driver/local/lib/python3.10/dist-packages/controller/brake.py
[1.691s] -- Up-to-date symlink: /home/gisbert12843/ros2_ws/install/webots_ros2_driver/local/lib/python3.10/dist-packages/controller/camera.py
[1.691s] -- Up-to-date symlink: /home/gisbert12843/ros2_ws/install/webots_ros2_driver/local/lib/python3.10/dist-packages/controller/compass.py
[1.692s] -- Up-to-date symlink: /home/gisbert12843/ros2_ws/install/webots_ros2_driver/local/lib/python3.10/dist-packages/controller/connector.py
[1.692s] -- Up-to-date symlink: /home/gisbert12843/ros2_ws/install/webots_ros2_driver/local/lib/python3.10/dist-packages/controller/constants.py
[1.692s] -- Up-to-date symlink: /home/gisbert12843/ros2_ws/install/webots_ros2_driver/local/lib/python3.10/dist-packages/controller/device.py
[1.692s] -- Up-to-date symlink: /home/gisbert12843/ros2_ws/install/webots_ros2_driver/local/lib/python3.10/dist-packages/controller/display.py
[1.693s] -- Up-to-date symlink: /home/gisbert12843/ros2_ws/install/webots_ros2_driver/local/lib/python3.10/dist-packages/controller/distance_sensor.py
[1.693s] -- Up-to-date symlink: /home/gisbert12843/ros2_ws/install/webots_ros2_driver/local/lib/python3.10/dist-packages/controller/emitter.py
[1.693s] -- Up-to-date symlink: /home/gisbert12843/ros2_ws/install/webots_ros2_driver/local/lib/python3.10/dist-packages/controller/field.py
[1.693s] -- Up-to-date symlink: /home/gisbert12843/ros2_ws/install/webots_ros2_driver/local/lib/python3.10/dist-packages/controller/gps.py
[1.694s] -- Up-to-date symlink: /home/gisbert12843/ros2_ws/install/webots_ros2_driver/local/lib/python3.10/dist-packages/controller/gyro.py
[1.694s] -- Up-to-date symlink: /home/gisbert12843/ros2_ws/install/webots_ros2_driver/local/lib/python3.10/dist-packages/controller/inertial_unit.py
[1.694s] -- Up-to-date symlink: /home/gisbert12843/ros2_ws/install/webots_ros2_driver/local/lib/python3.10/dist-packages/controller/joystick.py
[1.694s] -- Up-to-date symlink: /home/gisbert12843/ros2_ws/install/webots_ros2_driver/local/lib/python3.10/dist-packages/controller/keyboard.py
[1.694s] -- Up-to-date symlink: /home/gisbert12843/ros2_ws/install/webots_ros2_driver/local/lib/python3.10/dist-packages/controller/led.py
[1.695s] -- Up-to-date symlink: /home/gisbert12843/ros2_ws/install/webots_ros2_driver/local/lib/python3.10/dist-packages/controller/lidar.py
[1.695s] -- Up-to-date symlink: /home/gisbert12843/ros2_ws/install/webots_ros2_driver/local/lib/python3.10/dist-packages/controller/lidar_point.py
[1.695s] -- Up-to-date symlink: /home/gisbert12843/ros2_ws/install/webots_ros2_driver/local/lib/python3.10/dist-packages/controller/light_sensor.py
[1.695s] -- Up-to-date symlink: /home/gisbert12843/ros2_ws/install/webots_ros2_driver/local/lib/python3.10/dist-packages/controller/motion.py
[1.695s] -- Up-to-date symlink: /home/gisbert12843/ros2_ws/install/webots_ros2_driver/local/lib/python3.10/dist-packages/controller/motor.py
[1.695s] -- Up-to-date symlink: /home/gisbert12843/ros2_ws/install/webots_ros2_driver/local/lib/python3.10/dist-packages/controller/mouse.py
[1.696s] -- Up-to-date symlink: /home/gisbert12843/ros2_ws/install/webots_ros2_driver/local/lib/python3.10/dist-packages/controller/node.py
[1.696s] -- Up-to-date symlink: /home/gisbert12843/ros2_ws/install/webots_ros2_driver/local/lib/python3.10/dist-packages/controller/pen.py
[1.696s] -- Up-to-date symlink: /home/gisbert12843/ros2_ws/install/webots_ros2_driver/local/lib/python3.10/dist-packages/controller/position_sensor.py
[1.696s] -- Up-to-date symlink: /home/gisbert12843/ros2_ws/install/webots_ros2_driver/local/lib/python3.10/dist-packages/controller/radar.py
[1.696s] -- Up-to-date symlink: /home/gisbert12843/ros2_ws/install/webots_ros2_driver/local/lib/python3.10/dist-packages/controller/radar_target.py
[1.697s] -- Up-to-date symlink: /home/gisbert12843/ros2_ws/install/webots_ros2_driver/local/lib/python3.10/dist-packages/controller/range_finder.py
[1.697s] -- Up-to-date symlink: /home/gisbert12843/ros2_ws/install/webots_ros2_driver/local/lib/python3.10/dist-packages/controller/receiver.py
[1.697s] -- Up-to-date symlink: /home/gisbert12843/ros2_ws/install/webots_ros2_driver/local/lib/python3.10/dist-packages/controller/robot.py
[1.697s] -- Up-to-date symlink: /home/gisbert12843/ros2_ws/install/webots_ros2_driver/local/lib/python3.10/dist-packages/controller/sensor.py
[1.698s] -- Up-to-date symlink: /home/gisbert12843/ros2_ws/install/webots_ros2_driver/local/lib/python3.10/dist-packages/controller/skin.py
[1.698s] -- Up-to-date symlink: /home/gisbert12843/ros2_ws/install/webots_ros2_driver/local/lib/python3.10/dist-packages/controller/speaker.py
[1.698s] -- Up-to-date symlink: /home/gisbert12843/ros2_ws/install/webots_ros2_driver/local/lib/python3.10/dist-packages/controller/supervisor.py
[1.698s] -- Up-to-date symlink: /home/gisbert12843/ros2_ws/install/webots_ros2_driver/local/lib/python3.10/dist-packages/controller/touch_sensor.py
[1.699s] -- Up-to-date symlink: /home/gisbert12843/ros2_ws/install/webots_ros2_driver/local/lib/python3.10/dist-packages/controller/vacuum_gripper.py
[1.699s] -- Up-to-date symlink: /home/gisbert12843/ros2_ws/install/webots_ros2_driver/local/lib/python3.10/dist-packages/controller/wb.py
[1.699s] -- Up-to-date symlink: /home/gisbert12843/ros2_ws/install/webots_ros2_driver/local/lib/python3.10/dist-packages/vehicle-2023.1.3-py3.10.egg-info/PKG-INFO
[1.699s] -- Up-to-date symlink: /home/gisbert12843/ros2_ws/install/webots_ros2_driver/local/lib/python3.10/dist-packages/vehicle-2023.1.3-py3.10.egg-info/SOURCES.txt
[1.700s] -- Up-to-date symlink: /home/gisbert12843/ros2_ws/install/webots_ros2_driver/local/lib/python3.10/dist-packages/vehicle-2023.1.3-py3.10.egg-info/dependency_links.txt
[1.700s] -- Up-to-date symlink: /home/gisbert12843/ros2_ws/install/webots_ros2_driver/local/lib/python3.10/dist-packages/vehicle-2023.1.3-py3.10.egg-info/top_level.txt
[1.700s] -- Up-to-date symlink: /home/gisbert12843/ros2_ws/install/webots_ros2_driver/local/lib/python3.10/dist-packages/vehicle/__init__.py
[1.700s] -- Up-to-date symlink: /home/gisbert12843/ros2_ws/install/webots_ros2_driver/local/lib/python3.10/dist-packages/vehicle/car.py
[1.700s] -- Up-to-date symlink: /home/gisbert12843/ros2_ws/install/webots_ros2_driver/local/lib/python3.10/dist-packages/vehicle/driver.py
[1.701s] -- Up-to-date symlink: /home/gisbert12843/ros2_ws/install/webots_ros2_driver/local/lib/python3.10/dist-packages/webots_ros2_driver-2023.1.3-py3.10.egg-info/PKG-INFO
[1.701s] -- Up-to-date symlink: /home/gisbert12843/ros2_ws/install/webots_ros2_driver/local/lib/python3.10/dist-packages/webots_ros2_driver-2023.1.3-py3.10.egg-info/SOURCES.txt
[1.701s] -- Up-to-date symlink: /home/gisbert12843/ros2_ws/install/webots_ros2_driver/local/lib/python3.10/dist-packages/webots_ros2_driver-2023.1.3-py3.10.egg-info/dependency_links.txt
[1.701s] -- Up-to-date symlink: /home/gisbert12843/ros2_ws/install/webots_ros2_driver/local/lib/python3.10/dist-packages/webots_ros2_driver-2023.1.3-py3.10.egg-info/top_level.txt
[1.702s] -- Up-to-date symlink: /home/gisbert12843/ros2_ws/install/webots_ros2_driver/local/lib/python3.10/dist-packages/webots_ros2_driver/__init__.py
[1.702s] -- Up-to-date symlink: /home/gisbert12843/ros2_ws/install/webots_ros2_driver/local/lib/python3.10/dist-packages/webots_ros2_driver/ros2_supervisor.py
[1.702s] -- Up-to-date symlink: /home/gisbert12843/ros2_ws/install/webots_ros2_driver/local/lib/python3.10/dist-packages/webots_ros2_driver/urdf_spawner.py
[1.702s] -- Up-to-date symlink: /home/gisbert12843/ros2_ws/install/webots_ros2_driver/local/lib/python3.10/dist-packages/webots_ros2_driver/utils.py
[1.702s] -- Up-to-date symlink: /home/gisbert12843/ros2_ws/install/webots_ros2_driver/local/lib/python3.10/dist-packages/webots_ros2_driver/wait_for_controller_connection.py
[1.702s] -- Up-to-date symlink: /home/gisbert12843/ros2_ws/install/webots_ros2_driver/local/lib/python3.10/dist-packages/webots_ros2_driver/webots_controller.py
[1.703s] -- Up-to-date symlink: /home/gisbert12843/ros2_ws/install/webots_ros2_driver/local/lib/python3.10/dist-packages/webots_ros2_driver/webots_launcher.py
[1.703s] -- Up-to-date symlink: /home/gisbert12843/ros2_ws/install/webots_ros2_driver/include/webots_ros2_driver/PluginInterface.hpp
[1.703s] -- Up-to-date symlink: /home/gisbert12843/ros2_ws/install/webots_ros2_driver/include/webots_ros2_driver/PythonPlugin.hpp
[1.703s] -- Up-to-date symlink: /home/gisbert12843/ros2_ws/install/webots_ros2_driver/include/webots_ros2_driver/WebotsNode.hpp
[1.704s] -- Up-to-date symlink: /home/gisbert12843/ros2_ws/install/webots_ros2_driver/include/webots_ros2_driver/plugins/Ros2SensorPlugin.hpp
[1.704s] -- Up-to-date symlink: /home/gisbert12843/ros2_ws/install/webots_ros2_driver/include/webots_ros2_driver/plugins/dynamic/Ros2IMU.hpp
[1.704s] -- Up-to-date symlink: /home/gisbert12843/ros2_ws/install/webots_ros2_driver/include/webots_ros2_driver/plugins/dynamic/Ros2RGBD.hpp
[1.704s] -- Up-to-date symlink: /home/gisbert12843/ros2_ws/install/webots_ros2_driver/include/webots_ros2_driver/plugins/static/Ros2Camera.hpp
[1.704s] -- Up-to-date symlink: /home/gisbert12843/ros2_ws/install/webots_ros2_driver/include/webots_ros2_driver/plugins/static/Ros2Compass.hpp
[1.704s] -- Up-to-date symlink: /home/gisbert12843/ros2_ws/install/webots_ros2_driver/include/webots_ros2_driver/plugins/static/Ros2DistanceSensor.hpp
[1.704s] -- Up-to-date symlink: /home/gisbert12843/ros2_ws/install/webots_ros2_driver/include/webots_ros2_driver/plugins/static/Ros2Emitter.hpp
[1.704s] -- Up-to-date symlink: /home/gisbert12843/ros2_ws/install/webots_ros2_driver/include/webots_ros2_driver/plugins/static/Ros2GPS.hpp
[1.705s] -- Up-to-date symlink: /home/gisbert12843/ros2_ws/install/webots_ros2_driver/include/webots_ros2_driver/plugins/static/Ros2LED.hpp
[1.705s] -- Up-to-date symlink: /home/gisbert12843/ros2_ws/install/webots_ros2_driver/include/webots_ros2_driver/plugins/static/Ros2Lidar.hpp
[1.705s] -- Up-to-date symlink: /home/gisbert12843/ros2_ws/install/webots_ros2_driver/include/webots_ros2_driver/plugins/static/Ros2LightSensor.hpp
[1.705s] -- Up-to-date symlink: /home/gisbert12843/ros2_ws/install/webots_ros2_driver/include/webots_ros2_driver/plugins/static/Ros2Pen.hpp
[1.705s] -- Up-to-date symlink: /home/gisbert12843/ros2_ws/install/webots_ros2_driver/include/webots_ros2_driver/plugins/static/Ros2RangeFinder.hpp
[1.705s] -- Up-to-date symlink: /home/gisbert12843/ros2_ws/install/webots_ros2_driver/include/webots_ros2_driver/plugins/static/Ros2Receiver.hpp
[1.706s] -- Up-to-date symlink: /home/gisbert12843/ros2_ws/install/webots_ros2_driver/include/webots_ros2_driver/plugins/static/Ros2VacuumGripper.hpp
[1.706s] -- Up-to-date symlink: /home/gisbert12843/ros2_ws/install/webots_ros2_driver/include/webots_ros2_driver/utils/Math.hpp
[1.706s] -- Up-to-date symlink: /home/gisbert12843/ros2_ws/install/webots_ros2_driver/include/webots_ros2_driver/utils/Utils.hpp
[1.706s] -- Up-to-date symlink: /home/gisbert12843/ros2_ws/install/webots_ros2_driver/lib/webots_ros2_driver/driver
[1.707s] -- Up-to-date symlink: /home/gisbert12843/ros2_ws/install/webots_ros2_driver/lib/libwebots_ros2_driver_imu.so
[1.707s] -- Up-to-date symlink: /home/gisbert12843/ros2_ws/install/webots_ros2_driver/lib/libwebots_ros2_driver_rgbd.so
[1.708s] -- Up-to-date symlink: /home/gisbert12843/ros2_ws/install/webots_ros2_driver/include/webots/c/webots/accelerometer.h
[1.709s] -- Up-to-date symlink: /home/gisbert12843/ros2_ws/install/webots_ros2_driver/include/webots/c/webots/altimeter.h
[1.709s] -- Up-to-date symlink: /home/gisbert12843/ros2_ws/install/webots_ros2_driver/include/webots/c/webots/brake.h
[1.709s] -- Up-to-date symlink: /home/gisbert12843/ros2_ws/install/webots_ros2_driver/include/webots/c/webots/camera.h
[1.709s] -- Up-to-date symlink: /home/gisbert12843/ros2_ws/install/webots_ros2_driver/include/webots/c/webots/camera_recognition_object.h
[1.709s] -- Up-to-date symlink: /home/gisbert12843/ros2_ws/install/webots_ros2_driver/include/webots/c/webots/compass.h
[1.709s] -- Up-to-date symlink: /home/gisbert12843/ros2_ws/install/webots_ros2_driver/include/webots/c/webots/connector.h
[1.710s] -- Up-to-date symlink: /home/gisbert12843/ros2_ws/install/webots_ros2_driver/include/webots/c/webots/console.h
[1.710s] -- Up-to-date symlink: /home/gisbert12843/ros2_ws/install/webots_ros2_driver/include/webots/c/webots/contact_point.h
[1.710s] -- Up-to-date symlink: /home/gisbert12843/ros2_ws/install/webots_ros2_driver/include/webots/c/webots/device.h
[1.710s] -- Up-to-date symlink: /home/gisbert12843/ros2_ws/install/webots_ros2_driver/include/webots/c/webots/display.h
[1.710s] -- Up-to-date symlink: /home/gisbert12843/ros2_ws/install/webots_ros2_driver/include/webots/c/webots/distance_sensor.h
[1.710s] -- Up-to-date symlink: /home/gisbert12843/ros2_ws/install/webots_ros2_driver/include/webots/c/webots/emitter.h
[1.710s] -- Up-to-date symlink: /home/gisbert12843/ros2_ws/install/webots_ros2_driver/include/webots/c/webots/gps.h
[1.711s] -- Up-to-date symlink: /home/gisbert12843/ros2_ws/install/webots_ros2_driver/include/webots/c/webots/gyro.h
[1.711s] -- Up-to-date symlink: /home/gisbert12843/ros2_ws/install/webots_ros2_driver/include/webots/c/webots/inertial_unit.h
[1.711s] -- Up-to-date symlink: /home/gisbert12843/ros2_ws/install/webots_ros2_driver/include/webots/c/webots/joystick.h
[1.711s] -- Up-to-date symlink: /home/gisbert12843/ros2_ws/install/webots_ros2_driver/include/webots/c/webots/keyboard.h
[1.711s] -- Up-to-date symlink: /home/gisbert12843/ros2_ws/install/webots_ros2_driver/include/webots/c/webots/led.h
[1.711s] -- Up-to-date symlink: /home/gisbert12843/ros2_ws/install/webots_ros2_driver/include/webots/c/webots/lidar.h
[1.711s] -- Up-to-date symlink: /home/gisbert12843/ros2_ws/install/webots_ros2_driver/include/webots/c/webots/lidar_point.h
[1.712s] -- Up-to-date symlink: /home/gisbert12843/ros2_ws/install/webots_ros2_driver/include/webots/c/webots/light_sensor.h
[1.712s] -- Up-to-date symlink: /home/gisbert12843/ros2_ws/install/webots_ros2_driver/include/webots/c/webots/microphone.h
[1.712s] -- Up-to-date symlink: /home/gisbert12843/ros2_ws/install/webots_ros2_driver/include/webots/c/webots/motor.h
[1.712s] -- Up-to-date symlink: /home/gisbert12843/ros2_ws/install/webots_ros2_driver/include/webots/c/webots/mouse.h
[1.712s] -- Up-to-date symlink: /home/gisbert12843/ros2_ws/install/webots_ros2_driver/include/webots/c/webots/mouse_state.h
[1.712s] -- Up-to-date symlink: /home/gisbert12843/ros2_ws/install/webots_ros2_driver/include/webots/c/webots/nodes.h
[1.712s] -- Up-to-date symlink: /home/gisbert12843/ros2_ws/install/webots_ros2_driver/include/webots/c/webots/pen.h
[1.713s] -- Up-to-date symlink: /home/gisbert12843/ros2_ws/install/webots_ros2_driver/include/webots/c/webots/plugins/robot_window/default.h
[1.713s] -- Up-to-date symlink: /home/gisbert12843/ros2_ws/install/webots_ros2_driver/include/webots/c/webots/plugins/robot_window/generic_robot_window/generic.h
[1.713s] -- Up-to-date symlink: /home/gisbert12843/ros2_ws/install/webots_ros2_driver/include/webots/c/webots/plugins/robot_window/robot_window.h
[1.713s] -- Up-to-date symlink: /home/gisbert12843/ros2_ws/install/webots_ros2_driver/include/webots/c/webots/plugins/robot_window/robot_wwi.h
[1.713s] -- Up-to-date symlink: /home/gisbert12843/ros2_ws/install/webots_ros2_driver/include/webots/c/webots/position_sensor.h
[1.713s] -- Up-to-date symlink: /home/gisbert12843/ros2_ws/install/webots_ros2_driver/include/webots/c/webots/radar.h
[1.713s] -- Up-to-date symlink: /home/gisbert12843/ros2_ws/install/webots_ros2_driver/include/webots/c/webots/radar_target.h
[1.713s] -- Up-to-date symlink: /home/gisbert12843/ros2_ws/install/webots_ros2_driver/include/webots/c/webots/radio.h
[1.714s] -- Up-to-date symlink: /home/gisbert12843/ros2_ws/install/webots_ros2_driver/include/webots/c/webots/range_finder.h
[1.714s] -- Up-to-date symlink: /home/gisbert12843/ros2_ws/install/webots_ros2_driver/include/webots/c/webots/receiver.h
[1.714s] -- Up-to-date symlink: /home/gisbert12843/ros2_ws/install/webots_ros2_driver/include/webots/c/webots/remote_control.h
[1.714s] -- Up-to-date symlink: /home/gisbert12843/ros2_ws/install/webots_ros2_driver/include/webots/c/webots/robot.h
[1.714s] -- Up-to-date symlink: /home/gisbert12843/ros2_ws/install/webots_ros2_driver/include/webots/c/webots/skin.h
[1.715s] -- Up-to-date symlink: /home/gisbert12843/ros2_ws/install/webots_ros2_driver/include/webots/c/webots/speaker.h
[1.715s] -- Up-to-date symlink: /home/gisbert12843/ros2_ws/install/webots_ros2_driver/include/webots/c/webots/supervisor.h
[1.715s] -- Up-to-date symlink: /home/gisbert12843/ros2_ws/install/webots_ros2_driver/include/webots/c/webots/touch_sensor.h
[1.715s] -- Up-to-date symlink: /home/gisbert12843/ros2_ws/install/webots_ros2_driver/include/webots/c/webots/types.h
[1.715s] -- Up-to-date symlink: /home/gisbert12843/ros2_ws/install/webots_ros2_driver/include/webots/c/webots/utils/ansi_codes.h
[1.717s] -- Up-to-date symlink: /home/gisbert12843/ros2_ws/install/webots_ros2_driver/include/webots/c/webots/utils/motion.h
[1.717s] -- Up-to-date symlink: /home/gisbert12843/ros2_ws/install/webots_ros2_driver/include/webots/c/webots/utils/string.h
[1.717s] -- Up-to-date symlink: /home/gisbert12843/ros2_ws/install/webots_ros2_driver/include/webots/c/webots/utils/system.h
[1.717s] -- Up-to-date symlink: /home/gisbert12843/ros2_ws/install/webots_ros2_driver/include/webots/c/webots/vacuum_gripper.h
[1.717s] -- Up-to-date symlink: /home/gisbert12843/ros2_ws/install/webots_ros2_driver/include/webots/c/webots/vehicle/car.h
[1.718s] -- Up-to-date symlink: /home/gisbert12843/ros2_ws/install/webots_ros2_driver/include/webots/c/webots/vehicle/driver.h
[1.718s] -- Up-to-date symlink: /home/gisbert12843/ros2_ws/install/webots_ros2_driver/include/webots/cpp/webots/Accelerometer.hpp
[1.718s] -- Up-to-date symlink: /home/gisbert12843/ros2_ws/install/webots_ros2_driver/include/webots/cpp/webots/Altimeter.hpp
[1.718s] -- Up-to-date symlink: /home/gisbert12843/ros2_ws/install/webots_ros2_driver/include/webots/cpp/webots/Brake.hpp
[1.719s] -- Up-to-date symlink: /home/gisbert12843/ros2_ws/install/webots_ros2_driver/include/webots/cpp/webots/Camera.hpp
[1.719s] -- Up-to-date symlink: /home/gisbert12843/ros2_ws/install/webots_ros2_driver/include/webots/cpp/webots/Compass.hpp
[1.719s] -- Up-to-date symlink: /home/gisbert12843/ros2_ws/install/webots_ros2_driver/include/webots/cpp/webots/Connector.hpp
[1.719s] -- Up-to-date symlink: /home/gisbert12843/ros2_ws/install/webots_ros2_driver/include/webots/cpp/webots/Device.hpp
[1.720s] -- Up-to-date symlink: /home/gisbert12843/ros2_ws/install/webots_ros2_driver/include/webots/cpp/webots/Display.hpp
[1.720s] -- Up-to-date symlink: /home/gisbert12843/ros2_ws/install/webots_ros2_driver/include/webots/cpp/webots/DistanceSensor.hpp
[1.720s] -- Up-to-date symlink: /home/gisbert12843/ros2_ws/install/webots_ros2_driver/include/webots/cpp/webots/Emitter.hpp
[1.720s] -- Up-to-date symlink: /home/gisbert12843/ros2_ws/install/webots_ros2_driver/include/webots/cpp/webots/Field.hpp
[1.720s] -- Up-to-date symlink: /home/gisbert12843/ros2_ws/install/webots_ros2_driver/include/webots/cpp/webots/GPS.hpp
[1.720s] -- Up-to-date symlink: /home/gisbert12843/ros2_ws/install/webots_ros2_driver/include/webots/cpp/webots/Gyro.hpp
[1.721s] -- Up-to-date symlink: /home/gisbert12843/ros2_ws/install/webots_ros2_driver/include/webots/cpp/webots/ImageRef.hpp
[1.721s] -- Up-to-date symlink: /home/gisbert12843/ros2_ws/install/webots_ros2_driver/include/webots/cpp/webots/InertialUnit.hpp
[1.721s] -- Up-to-date symlink: /home/gisbert12843/ros2_ws/install/webots_ros2_driver/include/webots/cpp/webots/Joystick.hpp
[1.721s] -- Up-to-date symlink: /home/gisbert12843/ros2_ws/install/webots_ros2_driver/include/webots/cpp/webots/Keyboard.hpp
[1.721s] -- Up-to-date symlink: /home/gisbert12843/ros2_ws/install/webots_ros2_driver/include/webots/cpp/webots/LED.hpp
[1.721s] -- Up-to-date symlink: /home/gisbert12843/ros2_ws/install/webots_ros2_driver/include/webots/cpp/webots/Lidar.hpp
[1.721s] -- Up-to-date symlink: /home/gisbert12843/ros2_ws/install/webots_ros2_driver/include/webots/cpp/webots/LightSensor.hpp
[1.722s] -- Up-to-date symlink: /home/gisbert12843/ros2_ws/install/webots_ros2_driver/include/webots/cpp/webots/Motor.hpp
[1.722s] -- Up-to-date symlink: /home/gisbert12843/ros2_ws/install/webots_ros2_driver/include/webots/cpp/webots/Mouse.hpp
[1.722s] -- Up-to-date symlink: /home/gisbert12843/ros2_ws/install/webots_ros2_driver/include/webots/cpp/webots/Node.hpp
[1.722s] -- Up-to-date symlink: /home/gisbert12843/ros2_ws/install/webots_ros2_driver/include/webots/cpp/webots/Pen.hpp
[1.722s] -- Up-to-date symlink: /home/gisbert12843/ros2_ws/install/webots_ros2_driver/include/webots/cpp/webots/PositionSensor.hpp
[1.722s] -- Up-to-date symlink: /home/gisbert12843/ros2_ws/install/webots_ros2_driver/include/webots/cpp/webots/Radar.hpp
[1.723s] -- Up-to-date symlink: /home/gisbert12843/ros2_ws/install/webots_ros2_driver/include/webots/cpp/webots/RangeFinder.hpp
[1.723s] -- Up-to-date symlink: /home/gisbert12843/ros2_ws/install/webots_ros2_driver/include/webots/cpp/webots/Receiver.hpp
[1.723s] -- Up-to-date symlink: /home/gisbert12843/ros2_ws/install/webots_ros2_driver/include/webots/cpp/webots/Robot.hpp
[1.723s] -- Up-to-date symlink: /home/gisbert12843/ros2_ws/install/webots_ros2_driver/include/webots/cpp/webots/Skin.hpp
[1.723s] -- Up-to-date symlink: /home/gisbert12843/ros2_ws/install/webots_ros2_driver/include/webots/cpp/webots/Speaker.hpp
[1.723s] -- Up-to-date symlink: /home/gisbert12843/ros2_ws/install/webots_ros2_driver/include/webots/cpp/webots/Supervisor.hpp
[1.724s] -- Up-to-date symlink: /home/gisbert12843/ros2_ws/install/webots_ros2_driver/include/webots/cpp/webots/TouchSensor.hpp
[1.724s] -- Up-to-date symlink: /home/gisbert12843/ros2_ws/install/webots_ros2_driver/include/webots/cpp/webots/VacuumGripper.hpp
[1.724s] -- Up-to-date symlink: /home/gisbert12843/ros2_ws/install/webots_ros2_driver/include/webots/cpp/webots/utils/AnsiCodes.hpp
[1.724s] -- Up-to-date symlink: /home/gisbert12843/ros2_ws/install/webots_ros2_driver/include/webots/cpp/webots/utils/Motion.hpp
[1.724s] -- Up-to-date symlink: /home/gisbert12843/ros2_ws/install/webots_ros2_driver/include/webots/cpp/webots/vehicle/Car.hpp
[1.724s] -- Up-to-date symlink: /home/gisbert12843/ros2_ws/install/webots_ros2_driver/include/webots/cpp/webots/vehicle/Driver.hpp
[1.727s] -- Up-to-date symlink: /home/gisbert12843/ros2_ws/install/webots_ros2_driver/lib/controller/libController.so
[1.728s] -- Up-to-date symlink: /home/gisbert12843/ros2_ws/install/webots_ros2_driver/lib/controller/libCppCar.so
[1.728s] -- Up-to-date symlink: /home/gisbert12843/ros2_ws/install/webots_ros2_driver/lib/controller/libCppController.so
[1.728s] -- Up-to-date symlink: /home/gisbert12843/ros2_ws/install/webots_ros2_driver/lib/controller/libCppController.so
[1.728s] -- Up-to-date symlink: /home/gisbert12843/ros2_ws/install/webots_ros2_driver/lib/controller/libCppDriver.so
[1.728s] -- Up-to-date symlink: /home/gisbert12843/ros2_ws/install/webots_ros2_driver/lib/controller/libcar.so
[1.729s] -- Up-to-date symlink: /home/gisbert12843/ros2_ws/install/webots_ros2_driver/lib/controller/libdriver.so
[1.729s] -- Up-to-date symlink: /home/gisbert12843/ros2_ws/install/webots_ros2_driver/lib/controller/libgeneric_robot_window.so
[1.729s] -- Up-to-date symlink: /home/gisbert12843/ros2_ws/install/webots_ros2_driver/lib/controller/python/vehicle/car.py
[1.729s] -- Up-to-date symlink: /home/gisbert12843/ros2_ws/install/webots_ros2_driver/lib/controller/python/vehicle/driver.py
[1.730s] -- Up-to-date symlink: /home/gisbert12843/ros2_ws/install/webots_ros2_driver/share/webots_ros2_driver//webots_ros2_imu.xml
[1.730s] -- Up-to-date symlink: /home/gisbert12843/ros2_ws/install/webots_ros2_driver/share/webots_ros2_driver//webots_ros2_rgbd.xml
[1.730s] -- Up-to-date symlink: /home/gisbert12843/ros2_ws/install/webots_ros2_driver/lib/webots_ros2_driver/ros2_supervisor.py
[1.731s] -- Up-to-date symlink: /home/gisbert12843/ros2_ws/install/webots_ros2_driver/share/webots_ros2_driver/scripts/webots_tcp_client.py
[1.731s] -- Up-to-date symlink: /home/gisbert12843/ros2_ws/install/webots_ros2_driver/share/webots_ros2_driver/scripts/webots-controller
[1.731s] -- Up-to-date symlink: /home/gisbert12843/ros2_ws/install/webots_ros2_driver/share/webots_ros2_driver/environment/library_path.sh
[1.732s] -- Up-to-date symlink: /home/gisbert12843/ros2_ws/install/webots_ros2_driver/share/webots_ros2_driver/environment/library_path.dsv
[1.732s] -- Up-to-date symlink: /home/gisbert12843/ros2_ws/install/webots_ros2_driver/share/ament_index/resource_index/package_run_dependencies/webots_ros2_driver
[1.732s] -- Up-to-date symlink: /home/gisbert12843/ros2_ws/install/webots_ros2_driver/share/ament_index/resource_index/parent_prefix_path/webots_ros2_driver
[1.733s] -- Up-to-date symlink: /home/gisbert12843/ros2_ws/install/webots_ros2_driver/share/webots_ros2_driver/environment/ament_prefix_path.sh
[1.733s] -- Up-to-date symlink: /home/gisbert12843/ros2_ws/install/webots_ros2_driver/share/webots_ros2_driver/environment/ament_prefix_path.dsv
[1.733s] -- Up-to-date symlink: /home/gisbert12843/ros2_ws/install/webots_ros2_driver/share/webots_ros2_driver/environment/path.sh
[1.734s] -- Up-to-date symlink: /home/gisbert12843/ros2_ws/install/webots_ros2_driver/share/webots_ros2_driver/environment/path.dsv
[1.734s] -- Up-to-date symlink: /home/gisbert12843/ros2_ws/install/webots_ros2_driver/share/webots_ros2_driver/local_setup.bash
[1.734s] -- Up-to-date symlink: /home/gisbert12843/ros2_ws/install/webots_ros2_driver/share/webots_ros2_driver/local_setup.sh
[1.734s] -- Up-to-date symlink: /home/gisbert12843/ros2_ws/install/webots_ros2_driver/share/webots_ros2_driver/local_setup.zsh
[1.735s] -- Up-to-date symlink: /home/gisbert12843/ros2_ws/install/webots_ros2_driver/share/webots_ros2_driver/local_setup.dsv
[1.735s] -- Symlinking: /home/gisbert12843/ros2_ws/install/webots_ros2_driver/share/webots_ros2_driver/package.dsv
[1.747s] -- Up-to-date symlink: /home/gisbert12843/ros2_ws/install/webots_ros2_driver/share/ament_index/resource_index/packages/webots_ros2_driver
[1.748s] -- Up-to-date symlink: /home/gisbert12843/ros2_ws/install/webots_ros2_driver/share/ament_index/resource_index/webots_ros2_driver__pluginlib__plugin/webots_ros2_driver
[1.748s] -- Up-to-date symlink: /home/gisbert12843/ros2_ws/install/webots_ros2_driver/share/webots_ros2_driver/cmake/ament_cmake_export_include_directories-extras.cmake
[1.748s] -- Up-to-date symlink: /home/gisbert12843/ros2_ws/install/webots_ros2_driver/share/webots_ros2_driver/cmake/ament_cmake_export_dependencies-extras.cmake
[1.748s] -- Up-to-date symlink: /home/gisbert12843/ros2_ws/install/webots_ros2_driver/share/webots_ros2_driver/cmake/ament_cmake_export_libraries-extras.cmake
[1.749s] -- Up-to-date symlink: /home/gisbert12843/ros2_ws/install/webots_ros2_driver/share/webots_ros2_driver/cmake/webots_ros2_driverConfig.cmake
[1.749s] -- Up-to-date symlink: /home/gisbert12843/ros2_ws/install/webots_ros2_driver/share/webots_ros2_driver/cmake/webots_ros2_driverConfig-version.cmake
[1.749s] -- Up-to-date symlink: /home/gisbert12843/ros2_ws/install/webots_ros2_driver/share/webots_ros2_driver/package.xml
[1.814s] Listing '/home/gisbert12843/ros2_ws/install/webots_ros2_driver/local/lib/python3.10/dist-packages/controller'...
[1.882s] Listing '/home/gisbert12843/ros2_ws/install/webots_ros2_driver/local/lib/python3.10/dist-packages/vehicle'...
[1.951s] Listing '/home/gisbert12843/ros2_ws/install/webots_ros2_driver/local/lib/python3.10/dist-packages/webots_ros2_driver'...
[1.959s] Invoked command in '/home/gisbert12843/ros2_ws/build/webots_ros2_driver' returned '0': AMENT_PREFIX_PATH=/home/gisbert12843/ros2_ws/install/webots_ros2_importer:/home/gisbert12843/ros2_ws/install/aruco_marker_detection:/home/gisbert12843/ros2_ws/install/webots_spot_teleop:/home/gisbert12843/ros2_ws/install/webots_spot_msgs:/home/gisbert12843/ros2_ws/install/webots_spot:/home/gisbert12843/ros2_ws/install/webots_ros2:/home/gisbert12843/ros2_ws/install/webots_ros2_universal_robot:/home/gisbert12843/ros2_ws/install/webots_ros2_turtlebot:/home/gisbert12843/ros2_ws/install/webots_ros2_tiago:/home/gisbert12843/ros2_ws/install/webots_ros2_tests:/home/gisbert12843/ros2_ws/install/webots_ros2_tesla:/home/gisbert12843/ros2_ws/install/webots_ros2_mavic:/home/gisbert12843/ros2_ws/install/webots_ros2_epuck:/home/gisbert12843/ros2_ws/install/webots_ros2_control:/home/gisbert12843/ros2_ws/install/webots_ros2_driver:/home/gisbert12843/ros2_ws/install/webots_ros2_msgs:/opt/ros/humble CMAKE_PREFIX_PATH=/home/gisbert12843/ros2_ws/install/webots_ros2_msgs:/home/gisbert12843/ros2_ws/install/webots_spot_msgs:/home/gisbert12843/ros2_ws/install/webots_ros2_control:/home/gisbert12843/ros2_ws/install/webots_ros2_driver:/home/gisbert12843/ros2_ws/install/aruco_marker_detection:/home/gisbert12843/ros2_ws/install/webots_spot_teleop:/home/gisbert12843/ros2_ws/install/webots_spot:/home/gisbert12843/ros2_ws/install/webots_ros2:/home/gisbert12843/ros2_ws/install/webots_ros2_universal_robot:/home/gisbert12843/ros2_ws/install/webots_ros2_turtlebot:/home/gisbert12843/ros2_ws/install/webots_ros2_tiago:/home/gisbert12843/ros2_ws/install/webots_ros2_tests:/home/gisbert12843/ros2_ws/install/webots_ros2_tesla:/home/gisbert12843/ros2_ws/install/webots_ros2_mavic:/home/gisbert12843/ros2_ws/install/webots_ros2_epuck:/home/gisbert12843/ros2_ws/install/webots_ros2_importer:/opt/ros/humble LD_LIBRARY_PATH=/home/gisbert12843/ros2_ws/install/webots_ros2_msgs/lib:/home/gisbert12843/ros2_ws/install/webots_spot_msgs/lib:/home/gisbert12843/ros2_ws/install/webots_ros2_control/lib:/home/gisbert12843/ros2_ws/install/webots_ros2_driver/lib:/opt/ros/humble/opt/rviz_ogre_vendor/lib:/opt/ros/humble/lib/x86_64-linux-gnu:/opt/ros/humble/lib PYTHONPATH=/home/gisbert12843/ros2_ws/build/webots_ros2_importer:/home/gisbert12843/ros2_ws/install/webots_ros2_importer/lib/python3.10/site-packages:/home/gisbert12843/ros2_ws/build/aruco_marker_detection:/home/gisbert12843/ros2_ws/install/aruco_marker_detection/lib/python3.10/site-packages:/home/gisbert12843/ros2_ws/build/webots_spot_teleop:/home/gisbert12843/ros2_ws/install/webots_spot_teleop/lib/python3.10/site-packages:/home/gisbert12843/ros2_ws/install/webots_spot_msgs/local/lib/python3.10/dist-packages:/home/gisbert12843/ros2_ws/build/webots_spot:/home/gisbert12843/ros2_ws/install/webots_spot/lib/python3.10/site-packages:/home/gisbert12843/ros2_ws/build/webots_ros2:/home/gisbert12843/ros2_ws/install/webots_ros2/lib/python3.10/site-packages:/home/gisbert12843/ros2_ws/build/webots_ros2_universal_robot:/home/gisbert12843/ros2_ws/install/webots_ros2_universal_robot/lib/python3.10/site-packages:/home/gisbert12843/ros2_ws/build/webots_ros2_turtlebot:/home/gisbert12843/ros2_ws/install/webots_ros2_turtlebot/lib/python3.10/site-packages:/home/gisbert12843/ros2_ws/build/webots_ros2_tiago:/home/gisbert12843/ros2_ws/install/webots_ros2_tiago/lib/python3.10/site-packages:/home/gisbert12843/ros2_ws/build/webots_ros2_tests:/home/gisbert12843/ros2_ws/install/webots_ros2_tests/lib/python3.10/site-packages:/home/gisbert12843/ros2_ws/build/webots_ros2_tesla:/home/gisbert12843/ros2_ws/install/webots_ros2_tesla/lib/python3.10/site-packages:/home/gisbert12843/ros2_ws/build/webots_ros2_mavic:/home/gisbert12843/ros2_ws/install/webots_ros2_mavic/lib/python3.10/site-packages:/home/gisbert12843/ros2_ws/build/webots_ros2_epuck:/home/gisbert12843/ros2_ws/install/webots_ros2_epuck/lib/python3.10/site-packages:/home/gisbert12843/ros2_ws/install/webots_ros2_driver/local/lib/python3.10/dist-packages:/home/gisbert12843/ros2_ws/install/webots_ros2_msgs/local/lib/python3.10/dist-packages:/home/gisbert12843/ros2_ws/build/my-test-package:/home/gisbert12843/ros2_ws/install/my-test-package/lib/python3.10/site-packages:/opt/ros/humble/lib/python3.10/site-packages:/opt/ros/humble/local/lib/python3.10/dist-packages /usr/bin/cmake --install /home/gisbert12843/ros2_ws/build/webots_ros2_driver
