[0.521s] Invoking command in '/home/gisbert12843/Projects/Robotics_Prak/prak2_ws/build/prak2_pkg': PYTHONPATH=/home/gisbert12843/Projects/Robotics_Prak/prak2_ws/build/prak2_pkg/prefix_override:/usr/lib/python3/dist-packages/colcon_core/task/python/colcon_distutils_commands:/home/gisbert12843/Projects/Robotics_Prak/prak2_ws/install/prak2_pkg/lib/python3.10/site-packages:${PYTHONPATH} /usr/bin/python3 -W ignore:setup.py install is deprecated setup.py develop --editable --build-directory /home/gisbert12843/Projects/Robotics_Prak/prak2_ws/build/prak2_pkg/build --no-deps symlink_data
[0.660s] running develop
[0.660s] /usr/lib/python3/dist-packages/setuptools/command/easy_install.py:158: EasyInstallDeprecationWarning: easy_install command is deprecated. Use build and pip and other standards-based tools.
[0.660s]   warnings.warn(
[0.764s] running egg_info
[0.764s] creating prak2_pkg.egg-info
[0.764s] writing prak2_pkg.egg-info/PKG-INFO
[0.764s] writing dependency_links to prak2_pkg.egg-info/dependency_links.txt
[0.764s] writing entry points to prak2_pkg.egg-info/entry_points.txt
[0.764s] writing requirements to prak2_pkg.egg-info/requires.txt
[0.764s] writing top-level names to prak2_pkg.egg-info/top_level.txt
[0.764s] writing manifest file 'prak2_pkg.egg-info/SOURCES.txt'
[0.765s] reading manifest file 'prak2_pkg.egg-info/SOURCES.txt'
[0.766s] writing manifest file 'prak2_pkg.egg-info/SOURCES.txt'
[0.766s] running build_ext
[0.767s] Creating /home/gisbert12843/Projects/Robotics_Prak/prak2_ws/install/prak2_pkg/lib/python3.10/site-packages/prak2-pkg.egg-link (link to .)
[0.767s] Installing aruco_marker_detection_node script to /home/gisbert12843/Projects/Robotics_Prak/prak2_ws/install/prak2_pkg/lib/prak2_pkg
[0.767s] Installing line_following_node script to /home/gisbert12843/Projects/Robotics_Prak/prak2_ws/install/prak2_pkg/lib/prak2_pkg
[0.767s] Installing speed_controller_node script to /home/gisbert12843/Projects/Robotics_Prak/prak2_ws/install/prak2_pkg/lib/prak2_pkg
[0.767s] 
[0.767s] Installed /home/gisbert12843/Projects/Robotics_Prak/prak2_ws/build/prak2_pkg
[0.767s] running symlink_data
[0.767s] creating /home/gisbert12843/Projects/Robotics_Prak/prak2_ws/install/prak2_pkg/share/ament_index
[0.767s] creating /home/gisbert12843/Projects/Robotics_Prak/prak2_ws/install/prak2_pkg/share/ament_index/resource_index
[0.768s] creating /home/gisbert12843/Projects/Robotics_Prak/prak2_ws/install/prak2_pkg/share/ament_index/resource_index/packages
[0.768s] symbolically linking /home/gisbert12843/Projects/Robotics_Prak/prak2_ws/build/prak2_pkg/resource/prak2_pkg -> /home/gisbert12843/Projects/Robotics_Prak/prak2_ws/install/prak2_pkg/share/ament_index/resource_index/packages
[0.768s] symbolically linking /home/gisbert12843/Projects/Robotics_Prak/prak2_ws/build/prak2_pkg/package.xml -> /home/gisbert12843/Projects/Robotics_Prak/prak2_ws/install/prak2_pkg/share/prak2_pkg
[0.768s] creating /home/gisbert12843/Projects/Robotics_Prak/prak2_ws/install/prak2_pkg/share/prak2_pkg/launch
[0.768s] symbolically linking /home/gisbert12843/Projects/Robotics_Prak/prak2_ws/build/prak2_pkg/launch/launch_full.py -> /home/gisbert12843/Projects/Robotics_Prak/prak2_ws/install/prak2_pkg/share/prak2_pkg/launch
[0.768s] symbolically linking /home/gisbert12843/Projects/Robotics_Prak/prak2_ws/build/prak2_pkg/launch/launch_detection.py -> /home/gisbert12843/Projects/Robotics_Prak/prak2_ws/install/prak2_pkg/share/prak2_pkg/launch
[0.768s] symbolically linking /home/gisbert12843/Projects/Robotics_Prak/prak2_ws/build/prak2_pkg/launch/launch_line_detection.py -> /home/gisbert12843/Projects/Robotics_Prak/prak2_ws/install/prak2_pkg/share/prak2_pkg/launch
[0.784s] Invoked command in '/home/gisbert12843/Projects/Robotics_Prak/prak2_ws/build/prak2_pkg' returned '0': PYTHONPATH=/home/gisbert12843/Projects/Robotics_Prak/prak2_ws/build/prak2_pkg/prefix_override:/usr/lib/python3/dist-packages/colcon_core/task/python/colcon_distutils_commands:/home/gisbert12843/Projects/Robotics_Prak/prak2_ws/install/prak2_pkg/lib/python3.10/site-packages:${PYTHONPATH} /usr/bin/python3 -W ignore:setup.py install is deprecated setup.py develop --editable --build-directory /home/gisbert12843/Projects/Robotics_Prak/prak2_ws/build/prak2_pkg/build --no-deps symlink_data
