-- Found ament_cmake: 1.3.10 (/opt/ros/humble/share/ament_cmake/cmake)
-- Found Python3: /usr/bin/python3 (found version "3.11.10") found components: Interpreter 
-- Override CMake install command with custom implementation using symlinks instead of copying resources
-- Found rosidl_default_generators: 1.2.0 (/opt/ros/humble/share/rosidl_default_generators/cmake)
-- Using all available rosidl_typesupport_c: rosidl_typesupport_fastrtps_c;rosidl_typesupport_introspection_c
-- Found rosidl_adapter: 3.1.5 (/opt/ros/humble/share/rosidl_adapter/cmake)
-- Using all available rosidl_typesupport_cpp: rosidl_typesupport_fastrtps_cpp;rosidl_typesupport_introspection_cpp
-- Found ament_cmake_ros: 0.10.0 (/opt/ros/humble/share/ament_cmake_ros/cmake)
-- Using all available rosidl_typesupport_c: rosidl_typesupport_fastrtps_c;rosidl_typesupport_introspection_c
-- Using all available rosidl_typesupport_cpp: rosidl_typesupport_fastrtps_cpp;rosidl_typesupport_introspection_cpp
-- Found PythonInterp: /usr/bin/python3 (found suitable version "3.11.10", minimum required is "3.6") 
-- Found python_cmake_module: 0.10.0 (/opt/ros/humble/share/python_cmake_module/cmake)
-- Using PYTHON_EXECUTABLE: /usr/bin/python3
-- Using PYTHON_INCLUDE_DIRS: /usr/include/python3.10
-- Using PYTHON_LIBRARIES: /usr/lib/x86_64-linux-gnu/libpython3.10.so
-- Found ament_lint_auto: 0.12.11 (/opt/ros/humble/share/ament_lint_auto/cmake)
-- Added test 'copyright' to check source files copyright and LICENSE
-- Added test 'lint_cmake' to check CMake code style
-- Added test 'xmllint' to check XML markup files
-- Configuring done
-- Generating done
-- Build files have been written to: /home/gisbert12843/Projects/Robotics_Prak/prak2_ws/build/webots_spot_msgs
[35m[1mConsolidate compiler generated dependencies of target webots_spot_msgs__rosidl_generator_c[0m
[  1%] Built target webots_spot_msgs__cpp
[  1%] Built target ament_cmake_python_symlink_webots_spot_msgs
[  2%] [32mBuilding C object CMakeFiles/webots_spot_msgs__rosidl_generator_c.dir/rosidl_generator_c/webots_spot_msgs/srv/detail/spot_motion__functions.c.o[0m
[  3%] [32mBuilding C object CMakeFiles/webots_spot_msgs__rosidl_generator_c.dir/rosidl_generator_c/webots_spot_msgs/msg/detail/int32__functions.c.o[0m
[  4%] [32mBuilding C object CMakeFiles/webots_spot_msgs__rosidl_generator_c.dir/rosidl_generator_c/webots_spot_msgs/msg/detail/legs__functions.c.o[0m
[  5%] [32mBuilding C object CMakeFiles/webots_spot_msgs__rosidl_generator_c.dir/rosidl_generator_c/webots_spot_msgs/msg/detail/gait_input__functions.c.o[0m
[  6%] [32mBuilding C object CMakeFiles/webots_spot_msgs__rosidl_generator_c.dir/rosidl_generator_c/webots_spot_msgs/srv/detail/spot_height__functions.c.o[0m
[35m[1mConsolidate compiler generated dependencies of target webots_spot_msgs__rosidl_typesupport_cpp[0m
[35m[1mConsolidate compiler generated dependencies of target webots_spot_msgs__rosidl_typesupport_fastrtps_cpp[0m
[  8%] [32mBuilding C object CMakeFiles/webots_spot_msgs__rosidl_generator_c.dir/rosidl_generator_c/webots_spot_msgs/srv/detail/block_pose__functions.c.o[0m
[35m[1mConsolidate compiler generated dependencies of target webots_spot_msgs__rosidl_typesupport_introspection_cpp[0m
[  9%] [32mBuilding C object CMakeFiles/webots_spot_msgs__rosidl_generator_c.dir/rosidl_generator_c/webots_spot_msgs/action/detail/stack__functions.c.o[0m
[ 10%] [32mBuilding C object CMakeFiles/webots_spot_msgs__rosidl_generator_c.dir/rosidl_generator_c/webots_spot_msgs/action/detail/peak_and_detect_object__functions.c.o[0m
[ 11%] [32mBuilding CXX object CMakeFiles/webots_spot_msgs__rosidl_typesupport_cpp.dir/rosidl_typesupport_cpp/webots_spot_msgs/msg/int32__type_support.cpp.o[0m
[ 12%] [32mBuilding CXX object CMakeFiles/webots_spot_msgs__rosidl_typesupport_introspection_cpp.dir/rosidl_typesupport_introspection_cpp/webots_spot_msgs/msg/detail/int32__type_support.cpp.o[0m
[ 13%] [32mBuilding CXX object CMakeFiles/webots_spot_msgs__rosidl_typesupport_fastrtps_cpp.dir/rosidl_typesupport_fastrtps_cpp/webots_spot_msgs/msg/detail/dds_fastrtps/int32__type_support.cpp.o[0m
[ 14%] [32mBuilding CXX object CMakeFiles/webots_spot_msgs__rosidl_typesupport_cpp.dir/rosidl_typesupport_cpp/webots_spot_msgs/msg/legs__type_support.cpp.o[0m
[ 16%] [32mBuilding CXX object CMakeFiles/webots_spot_msgs__rosidl_typesupport_introspection_cpp.dir/rosidl_typesupport_introspection_cpp/webots_spot_msgs/msg/detail/gait_input__type_support.cpp.o[0m
[ 17%] [32mBuilding CXX object CMakeFiles/webots_spot_msgs__rosidl_typesupport_cpp.dir/rosidl_typesupport_cpp/webots_spot_msgs/msg/gait_input__type_support.cpp.o[0m
[ 18%] [32mBuilding CXX object CMakeFiles/webots_spot_msgs__rosidl_typesupport_fastrtps_cpp.dir/rosidl_typesupport_fastrtps_cpp/webots_spot_msgs/msg/detail/dds_fastrtps/legs__type_support.cpp.o[0m
[ 19%] [32mBuilding CXX object CMakeFiles/webots_spot_msgs__rosidl_typesupport_introspection_cpp.dir/rosidl_typesupport_introspection_cpp/webots_spot_msgs/msg/detail/legs__type_support.cpp.o[0m
[ 20%] [32mBuilding CXX object CMakeFiles/webots_spot_msgs__rosidl_typesupport_cpp.dir/rosidl_typesupport_cpp/webots_spot_msgs/srv/spot_motion__type_support.cpp.o[0m
[ 21%] [32mBuilding CXX object CMakeFiles/webots_spot_msgs__rosidl_typesupport_introspection_cpp.dir/rosidl_typesupport_introspection_cpp/webots_spot_msgs/srv/detail/spot_motion__type_support.cpp.o[0m
[ 22%] [32m[1mLinking C shared library libwebots_spot_msgs__rosidl_generator_c.so[0m
[ 24%] Built target webots_spot_msgs__rosidl_generator_c
[35m[1mConsolidate compiler generated dependencies of target webots_spot_msgs__rosidl_typesupport_fastrtps_c[0m
[ 25%] [32mBuilding CXX object CMakeFiles/webots_spot_msgs__rosidl_typesupport_fastrtps_c.dir/rosidl_typesupport_fastrtps_c/webots_spot_msgs/msg/detail/int32__type_support_c.cpp.o[0m
running egg_info
writing webots_spot_msgs.egg-info/PKG-INFO
writing dependency_links to webots_spot_msgs.egg-info/dependency_links.txt
writing top-level names to webots_spot_msgs.egg-info/top_level.txt
[ 26%] [32mBuilding CXX object CMakeFiles/webots_spot_msgs__rosidl_typesupport_cpp.dir/rosidl_typesupport_cpp/webots_spot_msgs/srv/spot_height__type_support.cpp.o[0m
[ 27%] [32mBuilding CXX object CMakeFiles/webots_spot_msgs__rosidl_typesupport_cpp.dir/rosidl_typesupport_cpp/webots_spot_msgs/srv/block_pose__type_support.cpp.o[0m
reading manifest file 'webots_spot_msgs.egg-info/SOURCES.txt'
writing manifest file 'webots_spot_msgs.egg-info/SOURCES.txt'
[ 28%] [32mBuilding CXX object CMakeFiles/webots_spot_msgs__rosidl_typesupport_fastrtps_cpp.dir/rosidl_typesupport_fastrtps_cpp/webots_spot_msgs/msg/detail/dds_fastrtps/gait_input__type_support.cpp.o[0m
[ 29%] [32mBuilding CXX object CMakeFiles/webots_spot_msgs__rosidl_typesupport_introspection_cpp.dir/rosidl_typesupport_introspection_cpp/webots_spot_msgs/srv/detail/spot_height__type_support.cpp.o[0m
[ 29%] Built target ament_cmake_python_build_webots_spot_msgs_egg
[ 31%] [32mBuilding CXX object CMakeFiles/webots_spot_msgs__rosidl_typesupport_introspection_cpp.dir/rosidl_typesupport_introspection_cpp/webots_spot_msgs/srv/detail/block_pose__type_support.cpp.o[0m
[35m[1mConsolidate compiler generated dependencies of target webots_spot_msgs__rosidl_typesupport_introspection_c[0m
[ 32%] [32mBuilding CXX object CMakeFiles/webots_spot_msgs__rosidl_typesupport_introspection_cpp.dir/rosidl_typesupport_introspection_cpp/webots_spot_msgs/action/detail/stack__type_support.cpp.o[0m
[ 33%] [32mBuilding CXX object CMakeFiles/webots_spot_msgs__rosidl_typesupport_fastrtps_cpp.dir/rosidl_typesupport_fastrtps_cpp/webots_spot_msgs/srv/detail/dds_fastrtps/spot_motion__type_support.cpp.o[0m
[ 34%] [32mBuilding C object CMakeFiles/webots_spot_msgs__rosidl_typesupport_introspection_c.dir/rosidl_typesupport_introspection_c/webots_spot_msgs/msg/detail/int32__type_support.c.o[0m
[ 35%] [32mBuilding CXX object CMakeFiles/webots_spot_msgs__rosidl_typesupport_introspection_cpp.dir/rosidl_typesupport_introspection_cpp/webots_spot_msgs/action/detail/peak_and_detect_object__type_support.cpp.o[0m
[ 36%] [32mBuilding CXX object CMakeFiles/webots_spot_msgs__rosidl_typesupport_fastrtps_cpp.dir/rosidl_typesupport_fastrtps_cpp/webots_spot_msgs/srv/detail/dds_fastrtps/spot_height__type_support.cpp.o[0m
[ 37%] [32mBuilding CXX object CMakeFiles/webots_spot_msgs__rosidl_typesupport_fastrtps_cpp.dir/rosidl_typesupport_fastrtps_cpp/webots_spot_msgs/srv/detail/dds_fastrtps/block_pose__type_support.cpp.o[0m
[ 39%] [32mBuilding CXX object CMakeFiles/webots_spot_msgs__rosidl_typesupport_cpp.dir/rosidl_typesupport_cpp/webots_spot_msgs/action/stack__type_support.cpp.o[0m
[ 40%] [32mBuilding C object CMakeFiles/webots_spot_msgs__rosidl_typesupport_introspection_c.dir/rosidl_typesupport_introspection_c/webots_spot_msgs/msg/detail/legs__type_support.c.o[0m
[ 41%] [32mBuilding C object CMakeFiles/webots_spot_msgs__rosidl_typesupport_introspection_c.dir/rosidl_typesupport_introspection_c/webots_spot_msgs/msg/detail/gait_input__type_support.c.o[0m
[ 42%] [32mBuilding C object CMakeFiles/webots_spot_msgs__rosidl_typesupport_introspection_c.dir/rosidl_typesupport_introspection_c/webots_spot_msgs/srv/detail/spot_motion__type_support.c.o[0m
[ 43%] [32mBuilding CXX object CMakeFiles/webots_spot_msgs__rosidl_typesupport_cpp.dir/rosidl_typesupport_cpp/webots_spot_msgs/action/peak_and_detect_object__type_support.cpp.o[0m
[ 44%] [32mBuilding CXX object CMakeFiles/webots_spot_msgs__rosidl_typesupport_fastrtps_c.dir/rosidl_typesupport_fastrtps_c/webots_spot_msgs/msg/detail/legs__type_support_c.cpp.o[0m
[ 45%] [32mBuilding C object CMakeFiles/webots_spot_msgs__rosidl_typesupport_introspection_c.dir/rosidl_typesupport_introspection_c/webots_spot_msgs/srv/detail/spot_height__type_support.c.o[0m
[ 47%] [32mBuilding C object CMakeFiles/webots_spot_msgs__rosidl_typesupport_introspection_c.dir/rosidl_typesupport_introspection_c/webots_spot_msgs/srv/detail/block_pose__type_support.c.o[0m
[ 48%] [32mBuilding C object CMakeFiles/webots_spot_msgs__rosidl_typesupport_introspection_c.dir/rosidl_typesupport_introspection_c/webots_spot_msgs/action/detail/stack__type_support.c.o[0m
[ 49%] [32mBuilding C object CMakeFiles/webots_spot_msgs__rosidl_typesupport_introspection_c.dir/rosidl_typesupport_introspection_c/webots_spot_msgs/action/detail/peak_and_detect_object__type_support.c.o[0m
[ 50%] [32mBuilding CXX object CMakeFiles/webots_spot_msgs__rosidl_typesupport_fastrtps_cpp.dir/rosidl_typesupport_fastrtps_cpp/webots_spot_msgs/action/detail/dds_fastrtps/stack__type_support.cpp.o[0m
[ 51%] [32mBuilding CXX object CMakeFiles/webots_spot_msgs__rosidl_typesupport_fastrtps_cpp.dir/rosidl_typesupport_fastrtps_cpp/webots_spot_msgs/action/detail/dds_fastrtps/peak_and_detect_object__type_support.cpp.o[0m
[ 52%] [32m[1mLinking C shared library libwebots_spot_msgs__rosidl_typesupport_introspection_c.so[0m
[ 54%] [32mBuilding CXX object CMakeFiles/webots_spot_msgs__rosidl_typesupport_fastrtps_c.dir/rosidl_typesupport_fastrtps_c/webots_spot_msgs/msg/detail/gait_input__type_support_c.cpp.o[0m
[ 55%] Built target webots_spot_msgs__rosidl_typesupport_introspection_c
[35m[1mConsolidate compiler generated dependencies of target webots_spot_msgs__rosidl_typesupport_c[0m
[ 56%] [32mBuilding CXX object CMakeFiles/webots_spot_msgs__rosidl_typesupport_fastrtps_c.dir/rosidl_typesupport_fastrtps_c/webots_spot_msgs/srv/detail/spot_motion__type_support_c.cpp.o[0m
[ 57%] [32mBuilding CXX object CMakeFiles/webots_spot_msgs__rosidl_typesupport_c.dir/rosidl_typesupport_c/webots_spot_msgs/msg/int32__type_support.cpp.o[0m
[ 58%] [32mBuilding CXX object CMakeFiles/webots_spot_msgs__rosidl_typesupport_fastrtps_c.dir/rosidl_typesupport_fastrtps_c/webots_spot_msgs/srv/detail/spot_height__type_support_c.cpp.o[0m
[ 59%] [32mBuilding CXX object CMakeFiles/webots_spot_msgs__rosidl_typesupport_fastrtps_c.dir/rosidl_typesupport_fastrtps_c/webots_spot_msgs/srv/detail/block_pose__type_support_c.cpp.o[0m
[ 60%] [32m[1mLinking CXX shared library libwebots_spot_msgs__rosidl_typesupport_introspection_cpp.so[0m
[ 62%] [32mBuilding CXX object CMakeFiles/webots_spot_msgs__rosidl_typesupport_fastrtps_c.dir/rosidl_typesupport_fastrtps_c/webots_spot_msgs/action/detail/stack__type_support_c.cpp.o[0m
[ 63%] [32mBuilding CXX object CMakeFiles/webots_spot_msgs__rosidl_typesupport_c.dir/rosidl_typesupport_c/webots_spot_msgs/msg/legs__type_support.cpp.o[0m
[ 64%] [32m[1mLinking CXX shared library libwebots_spot_msgs__rosidl_typesupport_cpp.so[0m
[ 65%] [32mBuilding CXX object CMakeFiles/webots_spot_msgs__rosidl_typesupport_c.dir/rosidl_typesupport_c/webots_spot_msgs/srv/spot_motion__type_support.cpp.o[0m
[ 66%] [32mBuilding CXX object CMakeFiles/webots_spot_msgs__rosidl_typesupport_c.dir/rosidl_typesupport_c/webots_spot_msgs/msg/gait_input__type_support.cpp.o[0m
[ 67%] [32mBuilding CXX object CMakeFiles/webots_spot_msgs__rosidl_typesupport_c.dir/rosidl_typesupport_c/webots_spot_msgs/srv/spot_height__type_support.cpp.o[0m
[ 68%] [32mBuilding CXX object CMakeFiles/webots_spot_msgs__rosidl_typesupport_c.dir/rosidl_typesupport_c/webots_spot_msgs/srv/block_pose__type_support.cpp.o[0m
[ 70%] [32mBuilding CXX object CMakeFiles/webots_spot_msgs__rosidl_typesupport_c.dir/rosidl_typesupport_c/webots_spot_msgs/action/stack__type_support.cpp.o[0m
[ 71%] Built target webots_spot_msgs__rosidl_typesupport_cpp
[ 72%] [32mBuilding CXX object CMakeFiles/webots_spot_msgs__rosidl_typesupport_c.dir/rosidl_typesupport_c/webots_spot_msgs/action/peak_and_detect_object__type_support.cpp.o[0m
[ 73%] [32mBuilding CXX object CMakeFiles/webots_spot_msgs__rosidl_typesupport_fastrtps_c.dir/rosidl_typesupport_fastrtps_c/webots_spot_msgs/action/detail/peak_and_detect_object__type_support_c.cpp.o[0m
[ 74%] Built target webots_spot_msgs__rosidl_typesupport_introspection_cpp
[ 75%] [32m[1mLinking CXX shared library libwebots_spot_msgs__rosidl_typesupport_c.so[0m
[ 77%] [32m[1mLinking CXX shared library libwebots_spot_msgs__rosidl_typesupport_fastrtps_cpp.so[0m
[ 78%] Built target webots_spot_msgs__rosidl_typesupport_c
[ 79%] Built target webots_spot_msgs__rosidl_typesupport_fastrtps_cpp
[ 80%] [32m[1mLinking CXX shared library libwebots_spot_msgs__rosidl_typesupport_fastrtps_c.so[0m
[ 81%] Built target webots_spot_msgs__rosidl_typesupport_fastrtps_c
[ 81%] Built target webots_spot_msgs
[ 82%] Built target webots_spot_msgs__py
[35m[1mConsolidate compiler generated dependencies of target webots_spot_msgs__rosidl_generator_py[0m
[ 83%] [32mBuilding C object CMakeFiles/webots_spot_msgs__rosidl_generator_py.dir/rosidl_generator_py/webots_spot_msgs/msg/_int32_s.c.o[0m
[ 85%] [32mBuilding C object CMakeFiles/webots_spot_msgs__rosidl_generator_py.dir/rosidl_generator_py/webots_spot_msgs/msg/_legs_s.c.o[0m
[ 86%] [32mBuilding C object CMakeFiles/webots_spot_msgs__rosidl_generator_py.dir/rosidl_generator_py/webots_spot_msgs/msg/_gait_input_s.c.o[0m
[ 87%] [32mBuilding C object CMakeFiles/webots_spot_msgs__rosidl_generator_py.dir/rosidl_generator_py/webots_spot_msgs/srv/_spot_motion_s.c.o[0m
[ 88%] [32mBuilding C object CMakeFiles/webots_spot_msgs__rosidl_generator_py.dir/rosidl_generator_py/webots_spot_msgs/srv/_spot_height_s.c.o[0m
[ 89%] [32mBuilding C object CMakeFiles/webots_spot_msgs__rosidl_generator_py.dir/rosidl_generator_py/webots_spot_msgs/srv/_block_pose_s.c.o[0m
[ 90%] [32mBuilding C object CMakeFiles/webots_spot_msgs__rosidl_generator_py.dir/rosidl_generator_py/webots_spot_msgs/action/_stack_s.c.o[0m
[ 91%] [32mBuilding C object CMakeFiles/webots_spot_msgs__rosidl_generator_py.dir/rosidl_generator_py/webots_spot_msgs/action/_peak_and_detect_object_s.c.o[0m
[ 93%] [32m[1mLinking C shared library rosidl_generator_py/webots_spot_msgs/libwebots_spot_msgs__rosidl_generator_py.so[0m
[ 93%] Built target webots_spot_msgs__rosidl_generator_py
[35m[1mConsolidate compiler generated dependencies of target webots_spot_msgs__rosidl_typesupport_introspection_c__pyext[0m
[35m[1mConsolidate compiler generated dependencies of target webots_spot_msgs__rosidl_typesupport_fastrtps_c__pyext[0m
[35m[1mConsolidate compiler generated dependencies of target webots_spot_msgs__rosidl_typesupport_c__pyext[0m
[ 94%] [32mBuilding C object CMakeFiles/webots_spot_msgs__rosidl_typesupport_introspection_c__pyext.dir/rosidl_generator_py/webots_spot_msgs/_webots_spot_msgs_s.ep.rosidl_typesupport_introspection_c.c.o[0m
[ 95%] [32mBuilding C object CMakeFiles/webots_spot_msgs__rosidl_typesupport_c__pyext.dir/rosidl_generator_py/webots_spot_msgs/_webots_spot_msgs_s.ep.rosidl_typesupport_c.c.o[0m
[ 96%] [32mBuilding C object CMakeFiles/webots_spot_msgs__rosidl_typesupport_fastrtps_c__pyext.dir/rosidl_generator_py/webots_spot_msgs/_webots_spot_msgs_s.ep.rosidl_typesupport_fastrtps_c.c.o[0m
[ 97%] [32m[1mLinking C shared library rosidl_generator_py/webots_spot_msgs/webots_spot_msgs_s__rosidl_typesupport_introspection_c.cpython-310-x86_64-linux-gnu.so[0m
[ 98%] [32m[1mLinking C shared library rosidl_generator_py/webots_spot_msgs/webots_spot_msgs_s__rosidl_typesupport_fastrtps_c.cpython-310-x86_64-linux-gnu.so[0m
[100%] [32m[1mLinking C shared library rosidl_generator_py/webots_spot_msgs/webots_spot_msgs_s__rosidl_typesupport_c.cpython-310-x86_64-linux-gnu.so[0m
[100%] Built target webots_spot_msgs__rosidl_typesupport_c__pyext
[100%] Built target webots_spot_msgs__rosidl_typesupport_introspection_c__pyext
[100%] Built target webots_spot_msgs__rosidl_typesupport_fastrtps_c__pyext
-- Install configuration: ""
-- Execute custom install script
-- Up-to-date symlink: /home/gisbert12843/Projects/Robotics_Prak/prak2_ws/install/webots_spot_msgs/share/ament_index/resource_index/rosidl_interfaces/webots_spot_msgs
-- Up-to-date symlink: /home/gisbert12843/Projects/Robotics_Prak/prak2_ws/install/webots_spot_msgs/include/webots_spot_msgs/webots_spot_msgs/action/detail/peak_and_detect_object__functions.h
-- Up-to-date symlink: /home/gisbert12843/Projects/Robotics_Prak/prak2_ws/install/webots_spot_msgs/include/webots_spot_msgs/webots_spot_msgs/action/detail/peak_and_detect_object__struct.h
-- Up-to-date symlink: /home/gisbert12843/Projects/Robotics_Prak/prak2_ws/install/webots_spot_msgs/include/webots_spot_msgs/webots_spot_msgs/action/detail/peak_and_detect_object__type_support.h
-- Up-to-date symlink: /home/gisbert12843/Projects/Robotics_Prak/prak2_ws/install/webots_spot_msgs/include/webots_spot_msgs/webots_spot_msgs/action/detail/stack__functions.h
-- Up-to-date symlink: /home/gisbert12843/Projects/Robotics_Prak/prak2_ws/install/webots_spot_msgs/include/webots_spot_msgs/webots_spot_msgs/action/detail/stack__struct.h
-- Up-to-date symlink: /home/gisbert12843/Projects/Robotics_Prak/prak2_ws/install/webots_spot_msgs/include/webots_spot_msgs/webots_spot_msgs/action/detail/stack__type_support.h
-- Up-to-date symlink: /home/gisbert12843/Projects/Robotics_Prak/prak2_ws/install/webots_spot_msgs/include/webots_spot_msgs/webots_spot_msgs/action/peak_and_detect_object.h
-- Up-to-date symlink: /home/gisbert12843/Projects/Robotics_Prak/prak2_ws/install/webots_spot_msgs/include/webots_spot_msgs/webots_spot_msgs/action/stack.h
-- Up-to-date symlink: /home/gisbert12843/Projects/Robotics_Prak/prak2_ws/install/webots_spot_msgs/include/webots_spot_msgs/webots_spot_msgs/msg/detail/gait_input__functions.h
-- Up-to-date symlink: /home/gisbert12843/Projects/Robotics_Prak/prak2_ws/install/webots_spot_msgs/include/webots_spot_msgs/webots_spot_msgs/msg/detail/gait_input__struct.h
-- Up-to-date symlink: /home/gisbert12843/Projects/Robotics_Prak/prak2_ws/install/webots_spot_msgs/include/webots_spot_msgs/webots_spot_msgs/msg/detail/gait_input__type_support.h
-- Up-to-date symlink: /home/gisbert12843/Projects/Robotics_Prak/prak2_ws/install/webots_spot_msgs/include/webots_spot_msgs/webots_spot_msgs/msg/detail/int32__functions.h
-- Up-to-date symlink: /home/gisbert12843/Projects/Robotics_Prak/prak2_ws/install/webots_spot_msgs/include/webots_spot_msgs/webots_spot_msgs/msg/detail/int32__struct.h
-- Up-to-date symlink: /home/gisbert12843/Projects/Robotics_Prak/prak2_ws/install/webots_spot_msgs/include/webots_spot_msgs/webots_spot_msgs/msg/detail/int32__type_support.h
-- Up-to-date symlink: /home/gisbert12843/Projects/Robotics_Prak/prak2_ws/install/webots_spot_msgs/include/webots_spot_msgs/webots_spot_msgs/msg/detail/legs__functions.h
-- Up-to-date symlink: /home/gisbert12843/Projects/Robotics_Prak/prak2_ws/install/webots_spot_msgs/include/webots_spot_msgs/webots_spot_msgs/msg/detail/legs__struct.h
-- Up-to-date symlink: /home/gisbert12843/Projects/Robotics_Prak/prak2_ws/install/webots_spot_msgs/include/webots_spot_msgs/webots_spot_msgs/msg/detail/legs__type_support.h
-- Up-to-date symlink: /home/gisbert12843/Projects/Robotics_Prak/prak2_ws/install/webots_spot_msgs/include/webots_spot_msgs/webots_spot_msgs/msg/gait_input.h
-- Up-to-date symlink: /home/gisbert12843/Projects/Robotics_Prak/prak2_ws/install/webots_spot_msgs/include/webots_spot_msgs/webots_spot_msgs/msg/int32.h
-- Up-to-date symlink: /home/gisbert12843/Projects/Robotics_Prak/prak2_ws/install/webots_spot_msgs/include/webots_spot_msgs/webots_spot_msgs/msg/legs.h
-- Up-to-date symlink: /home/gisbert12843/Projects/Robotics_Prak/prak2_ws/install/webots_spot_msgs/include/webots_spot_msgs/webots_spot_msgs/msg/rosidl_generator_c__visibility_control.h
-- Up-to-date symlink: /home/gisbert12843/Projects/Robotics_Prak/prak2_ws/install/webots_spot_msgs/include/webots_spot_msgs/webots_spot_msgs/srv/block_pose.h
-- Up-to-date symlink: /home/gisbert12843/Projects/Robotics_Prak/prak2_ws/install/webots_spot_msgs/include/webots_spot_msgs/webots_spot_msgs/srv/detail/block_pose__functions.h
-- Up-to-date symlink: /home/gisbert12843/Projects/Robotics_Prak/prak2_ws/install/webots_spot_msgs/include/webots_spot_msgs/webots_spot_msgs/srv/detail/block_pose__struct.h
-- Up-to-date symlink: /home/gisbert12843/Projects/Robotics_Prak/prak2_ws/install/webots_spot_msgs/include/webots_spot_msgs/webots_spot_msgs/srv/detail/block_pose__type_support.h
-- Up-to-date symlink: /home/gisbert12843/Projects/Robotics_Prak/prak2_ws/install/webots_spot_msgs/include/webots_spot_msgs/webots_spot_msgs/srv/detail/spot_height__functions.h
-- Up-to-date symlink: /home/gisbert12843/Projects/Robotics_Prak/prak2_ws/install/webots_spot_msgs/include/webots_spot_msgs/webots_spot_msgs/srv/detail/spot_height__struct.h
-- Up-to-date symlink: /home/gisbert12843/Projects/Robotics_Prak/prak2_ws/install/webots_spot_msgs/include/webots_spot_msgs/webots_spot_msgs/srv/detail/spot_height__type_support.h
-- Up-to-date symlink: /home/gisbert12843/Projects/Robotics_Prak/prak2_ws/install/webots_spot_msgs/include/webots_spot_msgs/webots_spot_msgs/srv/detail/spot_motion__functions.h
-- Up-to-date symlink: /home/gisbert12843/Projects/Robotics_Prak/prak2_ws/install/webots_spot_msgs/include/webots_spot_msgs/webots_spot_msgs/srv/detail/spot_motion__struct.h
-- Up-to-date symlink: /home/gisbert12843/Projects/Robotics_Prak/prak2_ws/install/webots_spot_msgs/include/webots_spot_msgs/webots_spot_msgs/srv/detail/spot_motion__type_support.h
-- Up-to-date symlink: /home/gisbert12843/Projects/Robotics_Prak/prak2_ws/install/webots_spot_msgs/include/webots_spot_msgs/webots_spot_msgs/srv/spot_height.h
-- Up-to-date symlink: /home/gisbert12843/Projects/Robotics_Prak/prak2_ws/install/webots_spot_msgs/include/webots_spot_msgs/webots_spot_msgs/srv/spot_motion.h
-- Up-to-date symlink: /home/gisbert12843/Projects/Robotics_Prak/prak2_ws/install/webots_spot_msgs/share/webots_spot_msgs/environment/library_path.sh
-- Up-to-date symlink: /home/gisbert12843/Projects/Robotics_Prak/prak2_ws/install/webots_spot_msgs/share/webots_spot_msgs/environment/library_path.dsv
-- Up-to-date symlink: /home/gisbert12843/Projects/Robotics_Prak/prak2_ws/install/webots_spot_msgs/include/webots_spot_msgs/webots_spot_msgs/action/detail/peak_and_detect_object__rosidl_typesupport_fastrtps_c.h
-- Up-to-date symlink: /home/gisbert12843/Projects/Robotics_Prak/prak2_ws/install/webots_spot_msgs/include/webots_spot_msgs/webots_spot_msgs/action/detail/stack__rosidl_typesupport_fastrtps_c.h
-- Up-to-date symlink: /home/gisbert12843/Projects/Robotics_Prak/prak2_ws/install/webots_spot_msgs/include/webots_spot_msgs/webots_spot_msgs/msg/detail/gait_input__rosidl_typesupport_fastrtps_c.h
-- Up-to-date symlink: /home/gisbert12843/Projects/Robotics_Prak/prak2_ws/install/webots_spot_msgs/include/webots_spot_msgs/webots_spot_msgs/msg/detail/int32__rosidl_typesupport_fastrtps_c.h
-- Up-to-date symlink: /home/gisbert12843/Projects/Robotics_Prak/prak2_ws/install/webots_spot_msgs/include/webots_spot_msgs/webots_spot_msgs/msg/detail/legs__rosidl_typesupport_fastrtps_c.h
-- Up-to-date symlink: /home/gisbert12843/Projects/Robotics_Prak/prak2_ws/install/webots_spot_msgs/include/webots_spot_msgs/webots_spot_msgs/msg/rosidl_typesupport_fastrtps_c__visibility_control.h
-- Up-to-date symlink: /home/gisbert12843/Projects/Robotics_Prak/prak2_ws/install/webots_spot_msgs/include/webots_spot_msgs/webots_spot_msgs/srv/detail/block_pose__rosidl_typesupport_fastrtps_c.h
-- Up-to-date symlink: /home/gisbert12843/Projects/Robotics_Prak/prak2_ws/install/webots_spot_msgs/include/webots_spot_msgs/webots_spot_msgs/srv/detail/spot_height__rosidl_typesupport_fastrtps_c.h
-- Up-to-date symlink: /home/gisbert12843/Projects/Robotics_Prak/prak2_ws/install/webots_spot_msgs/include/webots_spot_msgs/webots_spot_msgs/srv/detail/spot_motion__rosidl_typesupport_fastrtps_c.h
-- Up-to-date symlink: /home/gisbert12843/Projects/Robotics_Prak/prak2_ws/install/webots_spot_msgs/include/webots_spot_msgs/webots_spot_msgs/action/detail/peak_and_detect_object__rosidl_typesupport_introspection_c.h
-- Up-to-date symlink: /home/gisbert12843/Projects/Robotics_Prak/prak2_ws/install/webots_spot_msgs/include/webots_spot_msgs/webots_spot_msgs/action/detail/stack__rosidl_typesupport_introspection_c.h
-- Up-to-date symlink: /home/gisbert12843/Projects/Robotics_Prak/prak2_ws/install/webots_spot_msgs/include/webots_spot_msgs/webots_spot_msgs/msg/detail/gait_input__rosidl_typesupport_introspection_c.h
-- Up-to-date symlink: /home/gisbert12843/Projects/Robotics_Prak/prak2_ws/install/webots_spot_msgs/include/webots_spot_msgs/webots_spot_msgs/msg/detail/int32__rosidl_typesupport_introspection_c.h
-- Up-to-date symlink: /home/gisbert12843/Projects/Robotics_Prak/prak2_ws/install/webots_spot_msgs/include/webots_spot_msgs/webots_spot_msgs/msg/detail/legs__rosidl_typesupport_introspection_c.h
-- Up-to-date symlink: /home/gisbert12843/Projects/Robotics_Prak/prak2_ws/install/webots_spot_msgs/include/webots_spot_msgs/webots_spot_msgs/msg/rosidl_typesupport_introspection_c__visibility_control.h
-- Up-to-date symlink: /home/gisbert12843/Projects/Robotics_Prak/prak2_ws/install/webots_spot_msgs/include/webots_spot_msgs/webots_spot_msgs/srv/detail/block_pose__rosidl_typesupport_introspection_c.h
-- Up-to-date symlink: /home/gisbert12843/Projects/Robotics_Prak/prak2_ws/install/webots_spot_msgs/include/webots_spot_msgs/webots_spot_msgs/srv/detail/spot_height__rosidl_typesupport_introspection_c.h
-- Up-to-date symlink: /home/gisbert12843/Projects/Robotics_Prak/prak2_ws/install/webots_spot_msgs/include/webots_spot_msgs/webots_spot_msgs/srv/detail/spot_motion__rosidl_typesupport_introspection_c.h
-- Up-to-date symlink: /home/gisbert12843/Projects/Robotics_Prak/prak2_ws/install/webots_spot_msgs/include/webots_spot_msgs/webots_spot_msgs/action/detail/peak_and_detect_object__builder.hpp
-- Up-to-date symlink: /home/gisbert12843/Projects/Robotics_Prak/prak2_ws/install/webots_spot_msgs/include/webots_spot_msgs/webots_spot_msgs/action/detail/peak_and_detect_object__struct.hpp
-- Up-to-date symlink: /home/gisbert12843/Projects/Robotics_Prak/prak2_ws/install/webots_spot_msgs/include/webots_spot_msgs/webots_spot_msgs/action/detail/peak_and_detect_object__traits.hpp
-- Up-to-date symlink: /home/gisbert12843/Projects/Robotics_Prak/prak2_ws/install/webots_spot_msgs/include/webots_spot_msgs/webots_spot_msgs/action/detail/stack__builder.hpp
-- Up-to-date symlink: /home/gisbert12843/Projects/Robotics_Prak/prak2_ws/install/webots_spot_msgs/include/webots_spot_msgs/webots_spot_msgs/action/detail/stack__struct.hpp
-- Up-to-date symlink: /home/gisbert12843/Projects/Robotics_Prak/prak2_ws/install/webots_spot_msgs/include/webots_spot_msgs/webots_spot_msgs/action/detail/stack__traits.hpp
-- Up-to-date symlink: /home/gisbert12843/Projects/Robotics_Prak/prak2_ws/install/webots_spot_msgs/include/webots_spot_msgs/webots_spot_msgs/action/peak_and_detect_object.hpp
-- Up-to-date symlink: /home/gisbert12843/Projects/Robotics_Prak/prak2_ws/install/webots_spot_msgs/include/webots_spot_msgs/webots_spot_msgs/action/stack.hpp
-- Up-to-date symlink: /home/gisbert12843/Projects/Robotics_Prak/prak2_ws/install/webots_spot_msgs/include/webots_spot_msgs/webots_spot_msgs/msg/detail/gait_input__builder.hpp
-- Up-to-date symlink: /home/gisbert12843/Projects/Robotics_Prak/prak2_ws/install/webots_spot_msgs/include/webots_spot_msgs/webots_spot_msgs/msg/detail/gait_input__struct.hpp
-- Up-to-date symlink: /home/gisbert12843/Projects/Robotics_Prak/prak2_ws/install/webots_spot_msgs/include/webots_spot_msgs/webots_spot_msgs/msg/detail/gait_input__traits.hpp
-- Up-to-date symlink: /home/gisbert12843/Projects/Robotics_Prak/prak2_ws/install/webots_spot_msgs/include/webots_spot_msgs/webots_spot_msgs/msg/detail/int32__builder.hpp
-- Up-to-date symlink: /home/gisbert12843/Projects/Robotics_Prak/prak2_ws/install/webots_spot_msgs/include/webots_spot_msgs/webots_spot_msgs/msg/detail/int32__struct.hpp
-- Up-to-date symlink: /home/gisbert12843/Projects/Robotics_Prak/prak2_ws/install/webots_spot_msgs/include/webots_spot_msgs/webots_spot_msgs/msg/detail/int32__traits.hpp
-- Up-to-date symlink: /home/gisbert12843/Projects/Robotics_Prak/prak2_ws/install/webots_spot_msgs/include/webots_spot_msgs/webots_spot_msgs/msg/detail/legs__builder.hpp
-- Up-to-date symlink: /home/gisbert12843/Projects/Robotics_Prak/prak2_ws/install/webots_spot_msgs/include/webots_spot_msgs/webots_spot_msgs/msg/detail/legs__struct.hpp
-- Up-to-date symlink: /home/gisbert12843/Projects/Robotics_Prak/prak2_ws/install/webots_spot_msgs/include/webots_spot_msgs/webots_spot_msgs/msg/detail/legs__traits.hpp
-- Up-to-date symlink: /home/gisbert12843/Projects/Robotics_Prak/prak2_ws/install/webots_spot_msgs/include/webots_spot_msgs/webots_spot_msgs/msg/gait_input.hpp
-- Up-to-date symlink: /home/gisbert12843/Projects/Robotics_Prak/prak2_ws/install/webots_spot_msgs/include/webots_spot_msgs/webots_spot_msgs/msg/int32.hpp
-- Up-to-date symlink: /home/gisbert12843/Projects/Robotics_Prak/prak2_ws/install/webots_spot_msgs/include/webots_spot_msgs/webots_spot_msgs/msg/legs.hpp
-- Up-to-date symlink: /home/gisbert12843/Projects/Robotics_Prak/prak2_ws/install/webots_spot_msgs/include/webots_spot_msgs/webots_spot_msgs/srv/block_pose.hpp
-- Up-to-date symlink: /home/gisbert12843/Projects/Robotics_Prak/prak2_ws/install/webots_spot_msgs/include/webots_spot_msgs/webots_spot_msgs/srv/detail/block_pose__builder.hpp
-- Up-to-date symlink: /home/gisbert12843/Projects/Robotics_Prak/prak2_ws/install/webots_spot_msgs/include/webots_spot_msgs/webots_spot_msgs/srv/detail/block_pose__struct.hpp
-- Up-to-date symlink: /home/gisbert12843/Projects/Robotics_Prak/prak2_ws/install/webots_spot_msgs/include/webots_spot_msgs/webots_spot_msgs/srv/detail/block_pose__traits.hpp
-- Up-to-date symlink: /home/gisbert12843/Projects/Robotics_Prak/prak2_ws/install/webots_spot_msgs/include/webots_spot_msgs/webots_spot_msgs/srv/detail/spot_height__builder.hpp
-- Up-to-date symlink: /home/gisbert12843/Projects/Robotics_Prak/prak2_ws/install/webots_spot_msgs/include/webots_spot_msgs/webots_spot_msgs/srv/detail/spot_height__struct.hpp
-- Up-to-date symlink: /home/gisbert12843/Projects/Robotics_Prak/prak2_ws/install/webots_spot_msgs/include/webots_spot_msgs/webots_spot_msgs/srv/detail/spot_height__traits.hpp
-- Up-to-date symlink: /home/gisbert12843/Projects/Robotics_Prak/prak2_ws/install/webots_spot_msgs/include/webots_spot_msgs/webots_spot_msgs/srv/detail/spot_motion__builder.hpp
-- Up-to-date symlink: /home/gisbert12843/Projects/Robotics_Prak/prak2_ws/install/webots_spot_msgs/include/webots_spot_msgs/webots_spot_msgs/srv/detail/spot_motion__struct.hpp
-- Up-to-date symlink: /home/gisbert12843/Projects/Robotics_Prak/prak2_ws/install/webots_spot_msgs/include/webots_spot_msgs/webots_spot_msgs/srv/detail/spot_motion__traits.hpp
-- Up-to-date symlink: /home/gisbert12843/Projects/Robotics_Prak/prak2_ws/install/webots_spot_msgs/include/webots_spot_msgs/webots_spot_msgs/srv/spot_height.hpp
-- Up-to-date symlink: /home/gisbert12843/Projects/Robotics_Prak/prak2_ws/install/webots_spot_msgs/include/webots_spot_msgs/webots_spot_msgs/srv/spot_motion.hpp
-- Up-to-date symlink: /home/gisbert12843/Projects/Robotics_Prak/prak2_ws/install/webots_spot_msgs/include/webots_spot_msgs/webots_spot_msgs/action/detail/peak_and_detect_object__rosidl_typesupport_fastrtps_cpp.hpp
-- Up-to-date symlink: /home/gisbert12843/Projects/Robotics_Prak/prak2_ws/install/webots_spot_msgs/include/webots_spot_msgs/webots_spot_msgs/action/detail/stack__rosidl_typesupport_fastrtps_cpp.hpp
-- Up-to-date symlink: /home/gisbert12843/Projects/Robotics_Prak/prak2_ws/install/webots_spot_msgs/include/webots_spot_msgs/webots_spot_msgs/msg/detail/gait_input__rosidl_typesupport_fastrtps_cpp.hpp
-- Up-to-date symlink: /home/gisbert12843/Projects/Robotics_Prak/prak2_ws/install/webots_spot_msgs/include/webots_spot_msgs/webots_spot_msgs/msg/detail/int32__rosidl_typesupport_fastrtps_cpp.hpp
-- Up-to-date symlink: /home/gisbert12843/Projects/Robotics_Prak/prak2_ws/install/webots_spot_msgs/include/webots_spot_msgs/webots_spot_msgs/msg/detail/legs__rosidl_typesupport_fastrtps_cpp.hpp
-- Up-to-date symlink: /home/gisbert12843/Projects/Robotics_Prak/prak2_ws/install/webots_spot_msgs/include/webots_spot_msgs/webots_spot_msgs/msg/rosidl_typesupport_fastrtps_cpp__visibility_control.h
-- Up-to-date symlink: /home/gisbert12843/Projects/Robotics_Prak/prak2_ws/install/webots_spot_msgs/include/webots_spot_msgs/webots_spot_msgs/srv/detail/block_pose__rosidl_typesupport_fastrtps_cpp.hpp
-- Up-to-date symlink: /home/gisbert12843/Projects/Robotics_Prak/prak2_ws/install/webots_spot_msgs/include/webots_spot_msgs/webots_spot_msgs/srv/detail/spot_height__rosidl_typesupport_fastrtps_cpp.hpp
-- Up-to-date symlink: /home/gisbert12843/Projects/Robotics_Prak/prak2_ws/install/webots_spot_msgs/include/webots_spot_msgs/webots_spot_msgs/srv/detail/spot_motion__rosidl_typesupport_fastrtps_cpp.hpp
-- Up-to-date symlink: /home/gisbert12843/Projects/Robotics_Prak/prak2_ws/install/webots_spot_msgs/include/webots_spot_msgs/webots_spot_msgs/action/detail/peak_and_detect_object__rosidl_typesupport_introspection_cpp.hpp
-- Up-to-date symlink: /home/gisbert12843/Projects/Robotics_Prak/prak2_ws/install/webots_spot_msgs/include/webots_spot_msgs/webots_spot_msgs/action/detail/stack__rosidl_typesupport_introspection_cpp.hpp
-- Up-to-date symlink: /home/gisbert12843/Projects/Robotics_Prak/prak2_ws/install/webots_spot_msgs/include/webots_spot_msgs/webots_spot_msgs/msg/detail/gait_input__rosidl_typesupport_introspection_cpp.hpp
-- Up-to-date symlink: /home/gisbert12843/Projects/Robotics_Prak/prak2_ws/install/webots_spot_msgs/include/webots_spot_msgs/webots_spot_msgs/msg/detail/int32__rosidl_typesupport_introspection_cpp.hpp
-- Up-to-date symlink: /home/gisbert12843/Projects/Robotics_Prak/prak2_ws/install/webots_spot_msgs/include/webots_spot_msgs/webots_spot_msgs/msg/detail/legs__rosidl_typesupport_introspection_cpp.hpp
-- Up-to-date symlink: /home/gisbert12843/Projects/Robotics_Prak/prak2_ws/install/webots_spot_msgs/include/webots_spot_msgs/webots_spot_msgs/srv/detail/block_pose__rosidl_typesupport_introspection_cpp.hpp
-- Up-to-date symlink: /home/gisbert12843/Projects/Robotics_Prak/prak2_ws/install/webots_spot_msgs/include/webots_spot_msgs/webots_spot_msgs/srv/detail/spot_height__rosidl_typesupport_introspection_cpp.hpp
-- Up-to-date symlink: /home/gisbert12843/Projects/Robotics_Prak/prak2_ws/install/webots_spot_msgs/include/webots_spot_msgs/webots_spot_msgs/srv/detail/spot_motion__rosidl_typesupport_introspection_cpp.hpp
-- Up-to-date symlink: /home/gisbert12843/Projects/Robotics_Prak/prak2_ws/install/webots_spot_msgs/share/webots_spot_msgs/environment/pythonpath.sh
-- Up-to-date symlink: /home/gisbert12843/Projects/Robotics_Prak/prak2_ws/install/webots_spot_msgs/share/webots_spot_msgs/environment/pythonpath.dsv
-- Up-to-date symlink: /home/gisbert12843/Projects/Robotics_Prak/prak2_ws/install/webots_spot_msgs/local/lib/python3.10/dist-packages/webots_spot_msgs-0.0.0-py3.10.egg-info/PKG-INFO
-- Up-to-date symlink: /home/gisbert12843/Projects/Robotics_Prak/prak2_ws/install/webots_spot_msgs/local/lib/python3.10/dist-packages/webots_spot_msgs-0.0.0-py3.10.egg-info/SOURCES.txt
-- Up-to-date symlink: /home/gisbert12843/Projects/Robotics_Prak/prak2_ws/install/webots_spot_msgs/local/lib/python3.10/dist-packages/webots_spot_msgs-0.0.0-py3.10.egg-info/dependency_links.txt
-- Up-to-date symlink: /home/gisbert12843/Projects/Robotics_Prak/prak2_ws/install/webots_spot_msgs/local/lib/python3.10/dist-packages/webots_spot_msgs-0.0.0-py3.10.egg-info/top_level.txt
-- Up-to-date symlink: /home/gisbert12843/Projects/Robotics_Prak/prak2_ws/install/webots_spot_msgs/local/lib/python3.10/dist-packages/webots_spot_msgs/__init__.py
-- Up-to-date symlink: /home/gisbert12843/Projects/Robotics_Prak/prak2_ws/install/webots_spot_msgs/local/lib/python3.10/dist-packages/webots_spot_msgs/_webots_spot_msgs_s.ep.rosidl_typesupport_c.c
-- Up-to-date symlink: /home/gisbert12843/Projects/Robotics_Prak/prak2_ws/install/webots_spot_msgs/local/lib/python3.10/dist-packages/webots_spot_msgs/_webots_spot_msgs_s.ep.rosidl_typesupport_fastrtps_c.c
-- Up-to-date symlink: /home/gisbert12843/Projects/Robotics_Prak/prak2_ws/install/webots_spot_msgs/local/lib/python3.10/dist-packages/webots_spot_msgs/_webots_spot_msgs_s.ep.rosidl_typesupport_introspection_c.c
-- Up-to-date symlink: /home/gisbert12843/Projects/Robotics_Prak/prak2_ws/install/webots_spot_msgs/local/lib/python3.10/dist-packages/webots_spot_msgs/action/__init__.py
-- Up-to-date symlink: /home/gisbert12843/Projects/Robotics_Prak/prak2_ws/install/webots_spot_msgs/local/lib/python3.10/dist-packages/webots_spot_msgs/action/_peak_and_detect_object.py
-- Up-to-date symlink: /home/gisbert12843/Projects/Robotics_Prak/prak2_ws/install/webots_spot_msgs/local/lib/python3.10/dist-packages/webots_spot_msgs/action/_peak_and_detect_object_s.c
-- Up-to-date symlink: /home/gisbert12843/Projects/Robotics_Prak/prak2_ws/install/webots_spot_msgs/local/lib/python3.10/dist-packages/webots_spot_msgs/action/_stack.py
-- Up-to-date symlink: /home/gisbert12843/Projects/Robotics_Prak/prak2_ws/install/webots_spot_msgs/local/lib/python3.10/dist-packages/webots_spot_msgs/action/_stack_s.c
-- Up-to-date symlink: /home/gisbert12843/Projects/Robotics_Prak/prak2_ws/install/webots_spot_msgs/local/lib/python3.10/dist-packages/webots_spot_msgs/libwebots_spot_msgs__rosidl_generator_py.so
-- Up-to-date symlink: /home/gisbert12843/Projects/Robotics_Prak/prak2_ws/install/webots_spot_msgs/local/lib/python3.10/dist-packages/webots_spot_msgs/msg/__init__.py
-- Up-to-date symlink: /home/gisbert12843/Projects/Robotics_Prak/prak2_ws/install/webots_spot_msgs/local/lib/python3.10/dist-packages/webots_spot_msgs/msg/_gait_input.py
-- Up-to-date symlink: /home/gisbert12843/Projects/Robotics_Prak/prak2_ws/install/webots_spot_msgs/local/lib/python3.10/dist-packages/webots_spot_msgs/msg/_gait_input_s.c
-- Up-to-date symlink: /home/gisbert12843/Projects/Robotics_Prak/prak2_ws/install/webots_spot_msgs/local/lib/python3.10/dist-packages/webots_spot_msgs/msg/_int32.py
-- Up-to-date symlink: /home/gisbert12843/Projects/Robotics_Prak/prak2_ws/install/webots_spot_msgs/local/lib/python3.10/dist-packages/webots_spot_msgs/msg/_int32_s.c
-- Up-to-date symlink: /home/gisbert12843/Projects/Robotics_Prak/prak2_ws/install/webots_spot_msgs/local/lib/python3.10/dist-packages/webots_spot_msgs/msg/_legs.py
-- Up-to-date symlink: /home/gisbert12843/Projects/Robotics_Prak/prak2_ws/install/webots_spot_msgs/local/lib/python3.10/dist-packages/webots_spot_msgs/msg/_legs_s.c
-- Up-to-date symlink: /home/gisbert12843/Projects/Robotics_Prak/prak2_ws/install/webots_spot_msgs/local/lib/python3.10/dist-packages/webots_spot_msgs/srv/__init__.py
-- Up-to-date symlink: /home/gisbert12843/Projects/Robotics_Prak/prak2_ws/install/webots_spot_msgs/local/lib/python3.10/dist-packages/webots_spot_msgs/srv/_block_pose.py
-- Up-to-date symlink: /home/gisbert12843/Projects/Robotics_Prak/prak2_ws/install/webots_spot_msgs/local/lib/python3.10/dist-packages/webots_spot_msgs/srv/_block_pose_s.c
-- Up-to-date symlink: /home/gisbert12843/Projects/Robotics_Prak/prak2_ws/install/webots_spot_msgs/local/lib/python3.10/dist-packages/webots_spot_msgs/srv/_spot_height.py
-- Up-to-date symlink: /home/gisbert12843/Projects/Robotics_Prak/prak2_ws/install/webots_spot_msgs/local/lib/python3.10/dist-packages/webots_spot_msgs/srv/_spot_height_s.c
-- Up-to-date symlink: /home/gisbert12843/Projects/Robotics_Prak/prak2_ws/install/webots_spot_msgs/local/lib/python3.10/dist-packages/webots_spot_msgs/srv/_spot_motion.py
-- Up-to-date symlink: /home/gisbert12843/Projects/Robotics_Prak/prak2_ws/install/webots_spot_msgs/local/lib/python3.10/dist-packages/webots_spot_msgs/srv/_spot_motion_s.c
-- Up-to-date symlink: /home/gisbert12843/Projects/Robotics_Prak/prak2_ws/install/webots_spot_msgs/local/lib/python3.10/dist-packages/webots_spot_msgs/webots_spot_msgs_s__rosidl_typesupport_c.cpython-310-x86_64-linux-gnu.so
-- Up-to-date symlink: /home/gisbert12843/Projects/Robotics_Prak/prak2_ws/install/webots_spot_msgs/local/lib/python3.10/dist-packages/webots_spot_msgs/webots_spot_msgs_s__rosidl_typesupport_fastrtps_c.cpython-310-x86_64-linux-gnu.so
-- Up-to-date symlink: /home/gisbert12843/Projects/Robotics_Prak/prak2_ws/install/webots_spot_msgs/local/lib/python3.10/dist-packages/webots_spot_msgs/webots_spot_msgs_s__rosidl_typesupport_introspection_c.cpython-310-x86_64-linux-gnu.so
-- Up-to-date symlink: /home/gisbert12843/Projects/Robotics_Prak/prak2_ws/install/webots_spot_msgs/local/lib/python3.10/dist-packages/webots_spot_msgs/webots_spot_msgs_s__rosidl_typesupport_fastrtps_c.cpython-310-x86_64-linux-gnu.so
-- Up-to-date symlink: /home/gisbert12843/Projects/Robotics_Prak/prak2_ws/install/webots_spot_msgs/local/lib/python3.10/dist-packages/webots_spot_msgs/webots_spot_msgs_s__rosidl_typesupport_introspection_c.cpython-310-x86_64-linux-gnu.so
-- Up-to-date symlink: /home/gisbert12843/Projects/Robotics_Prak/prak2_ws/install/webots_spot_msgs/local/lib/python3.10/dist-packages/webots_spot_msgs/webots_spot_msgs_s__rosidl_typesupport_c.cpython-310-x86_64-linux-gnu.so
-- Up-to-date symlink: /home/gisbert12843/Projects/Robotics_Prak/prak2_ws/install/webots_spot_msgs/share/webots_spot_msgs/msg/Int32.idl
-- Up-to-date symlink: /home/gisbert12843/Projects/Robotics_Prak/prak2_ws/install/webots_spot_msgs/share/webots_spot_msgs/msg/Legs.idl
-- Up-to-date symlink: /home/gisbert12843/Projects/Robotics_Prak/prak2_ws/install/webots_spot_msgs/share/webots_spot_msgs/msg/GaitInput.idl
-- Up-to-date symlink: /home/gisbert12843/Projects/Robotics_Prak/prak2_ws/install/webots_spot_msgs/share/webots_spot_msgs/srv/SpotMotion.idl
-- Up-to-date symlink: /home/gisbert12843/Projects/Robotics_Prak/prak2_ws/install/webots_spot_msgs/share/webots_spot_msgs/srv/SpotHeight.idl
-- Up-to-date symlink: /home/gisbert12843/Projects/Robotics_Prak/prak2_ws/install/webots_spot_msgs/share/webots_spot_msgs/srv/BlockPose.idl
-- Up-to-date symlink: /home/gisbert12843/Projects/Robotics_Prak/prak2_ws/install/webots_spot_msgs/share/webots_spot_msgs/action/Stack.idl
-- Up-to-date symlink: /home/gisbert12843/Projects/Robotics_Prak/prak2_ws/install/webots_spot_msgs/share/webots_spot_msgs/action/PeakAndDetectObject.idl
-- Up-to-date symlink: /home/gisbert12843/Projects/Robotics_Prak/prak2_ws/install/webots_spot_msgs/share/webots_spot_msgs/msg/Int32.msg
-- Up-to-date symlink: /home/gisbert12843/Projects/Robotics_Prak/prak2_ws/install/webots_spot_msgs/share/webots_spot_msgs/msg/Legs.msg
-- Up-to-date symlink: /home/gisbert12843/Projects/Robotics_Prak/prak2_ws/install/webots_spot_msgs/share/webots_spot_msgs/msg/GaitInput.msg
-- Up-to-date symlink: /home/gisbert12843/Projects/Robotics_Prak/prak2_ws/install/webots_spot_msgs/share/webots_spot_msgs/srv/SpotMotion.srv
-- Up-to-date symlink: /home/gisbert12843/Projects/Robotics_Prak/prak2_ws/install/webots_spot_msgs/share/webots_spot_msgs/srv/SpotMotion_Request.msg
-- Up-to-date symlink: /home/gisbert12843/Projects/Robotics_Prak/prak2_ws/install/webots_spot_msgs/share/webots_spot_msgs/srv/SpotMotion_Response.msg
-- Up-to-date symlink: /home/gisbert12843/Projects/Robotics_Prak/prak2_ws/install/webots_spot_msgs/share/webots_spot_msgs/srv/SpotHeight.srv
-- Up-to-date symlink: /home/gisbert12843/Projects/Robotics_Prak/prak2_ws/install/webots_spot_msgs/share/webots_spot_msgs/srv/SpotHeight_Request.msg
-- Up-to-date symlink: /home/gisbert12843/Projects/Robotics_Prak/prak2_ws/install/webots_spot_msgs/share/webots_spot_msgs/srv/SpotHeight_Response.msg
-- Up-to-date symlink: /home/gisbert12843/Projects/Robotics_Prak/prak2_ws/install/webots_spot_msgs/share/webots_spot_msgs/srv/BlockPose.srv
-- Up-to-date symlink: /home/gisbert12843/Projects/Robotics_Prak/prak2_ws/install/webots_spot_msgs/share/webots_spot_msgs/srv/BlockPose_Request.msg
-- Up-to-date symlink: /home/gisbert12843/Projects/Robotics_Prak/prak2_ws/install/webots_spot_msgs/share/webots_spot_msgs/srv/BlockPose_Response.msg
-- Up-to-date symlink: /home/gisbert12843/Projects/Robotics_Prak/prak2_ws/install/webots_spot_msgs/share/webots_spot_msgs/action/Stack.action
-- Up-to-date symlink: /home/gisbert12843/Projects/Robotics_Prak/prak2_ws/install/webots_spot_msgs/share/webots_spot_msgs/action/PeakAndDetectObject.action
-- Up-to-date symlink: /home/gisbert12843/Projects/Robotics_Prak/prak2_ws/install/webots_spot_msgs/share/ament_index/resource_index/package_run_dependencies/webots_spot_msgs
-- Up-to-date symlink: /home/gisbert12843/Projects/Robotics_Prak/prak2_ws/install/webots_spot_msgs/share/ament_index/resource_index/parent_prefix_path/webots_spot_msgs
-- Up-to-date symlink: /home/gisbert12843/Projects/Robotics_Prak/prak2_ws/install/webots_spot_msgs/share/webots_spot_msgs/environment/ament_prefix_path.sh
-- Up-to-date symlink: /home/gisbert12843/Projects/Robotics_Prak/prak2_ws/install/webots_spot_msgs/share/webots_spot_msgs/environment/ament_prefix_path.dsv
-- Up-to-date symlink: /home/gisbert12843/Projects/Robotics_Prak/prak2_ws/install/webots_spot_msgs/share/webots_spot_msgs/environment/path.sh
-- Up-to-date symlink: /home/gisbert12843/Projects/Robotics_Prak/prak2_ws/install/webots_spot_msgs/share/webots_spot_msgs/environment/path.dsv
-- Up-to-date symlink: /home/gisbert12843/Projects/Robotics_Prak/prak2_ws/install/webots_spot_msgs/share/webots_spot_msgs/local_setup.bash
-- Up-to-date symlink: /home/gisbert12843/Projects/Robotics_Prak/prak2_ws/install/webots_spot_msgs/share/webots_spot_msgs/local_setup.sh
-- Up-to-date symlink: /home/gisbert12843/Projects/Robotics_Prak/prak2_ws/install/webots_spot_msgs/share/webots_spot_msgs/local_setup.zsh
-- Up-to-date symlink: /home/gisbert12843/Projects/Robotics_Prak/prak2_ws/install/webots_spot_msgs/share/webots_spot_msgs/local_setup.dsv
-- Symlinking: /home/gisbert12843/Projects/Robotics_Prak/prak2_ws/install/webots_spot_msgs/share/webots_spot_msgs/package.dsv
-- Up-to-date symlink: /home/gisbert12843/Projects/Robotics_Prak/prak2_ws/install/webots_spot_msgs/share/ament_index/resource_index/packages/webots_spot_msgs
-- Up-to-date symlink: /home/gisbert12843/Projects/Robotics_Prak/prak2_ws/install/webots_spot_msgs/share/webots_spot_msgs/cmake/rosidl_cmake-extras.cmake
-- Up-to-date symlink: /home/gisbert12843/Projects/Robotics_Prak/prak2_ws/install/webots_spot_msgs/share/webots_spot_msgs/cmake/ament_cmake_export_dependencies-extras.cmake
-- Up-to-date symlink: /home/gisbert12843/Projects/Robotics_Prak/prak2_ws/install/webots_spot_msgs/share/webots_spot_msgs/cmake/ament_cmake_export_include_directories-extras.cmake
-- Up-to-date symlink: /home/gisbert12843/Projects/Robotics_Prak/prak2_ws/install/webots_spot_msgs/share/webots_spot_msgs/cmake/ament_cmake_export_libraries-extras.cmake
-- Up-to-date symlink: /home/gisbert12843/Projects/Robotics_Prak/prak2_ws/install/webots_spot_msgs/share/webots_spot_msgs/cmake/ament_cmake_export_targets-extras.cmake
-- Up-to-date symlink: /home/gisbert12843/Projects/Robotics_Prak/prak2_ws/install/webots_spot_msgs/share/webots_spot_msgs/cmake/rosidl_cmake_export_typesupport_targets-extras.cmake
-- Up-to-date symlink: /home/gisbert12843/Projects/Robotics_Prak/prak2_ws/install/webots_spot_msgs/share/webots_spot_msgs/cmake/rosidl_cmake_export_typesupport_libraries-extras.cmake
-- Up-to-date symlink: /home/gisbert12843/Projects/Robotics_Prak/prak2_ws/install/webots_spot_msgs/share/webots_spot_msgs/cmake/webots_spot_msgsConfig.cmake
-- Up-to-date symlink: /home/gisbert12843/Projects/Robotics_Prak/prak2_ws/install/webots_spot_msgs/share/webots_spot_msgs/cmake/webots_spot_msgsConfig-version.cmake
-- Up-to-date symlink: /home/gisbert12843/Projects/Robotics_Prak/prak2_ws/install/webots_spot_msgs/share/webots_spot_msgs/package.xml
-- Installing: /home/gisbert12843/Projects/Robotics_Prak/prak2_ws/install/webots_spot_msgs/lib/libwebots_spot_msgs__rosidl_generator_c.so
-- Set runtime path of "/home/gisbert12843/Projects/Robotics_Prak/prak2_ws/install/webots_spot_msgs/lib/libwebots_spot_msgs__rosidl_generator_c.so" to ""
-- Installing: /home/gisbert12843/Projects/Robotics_Prak/prak2_ws/install/webots_spot_msgs/lib/libwebots_spot_msgs__rosidl_typesupport_fastrtps_c.so
-- Set runtime path of "/home/gisbert12843/Projects/Robotics_Prak/prak2_ws/install/webots_spot_msgs/lib/libwebots_spot_msgs__rosidl_typesupport_fastrtps_c.so" to ""
-- Installing: /home/gisbert12843/Projects/Robotics_Prak/prak2_ws/install/webots_spot_msgs/lib/libwebots_spot_msgs__rosidl_typesupport_introspection_c.so
-- Set runtime path of "/home/gisbert12843/Projects/Robotics_Prak/prak2_ws/install/webots_spot_msgs/lib/libwebots_spot_msgs__rosidl_typesupport_introspection_c.so" to ""
-- Installing: /home/gisbert12843/Projects/Robotics_Prak/prak2_ws/install/webots_spot_msgs/lib/libwebots_spot_msgs__rosidl_typesupport_c.so
-- Set runtime path of "/home/gisbert12843/Projects/Robotics_Prak/prak2_ws/install/webots_spot_msgs/lib/libwebots_spot_msgs__rosidl_typesupport_c.so" to ""
-- Installing: /home/gisbert12843/Projects/Robotics_Prak/prak2_ws/install/webots_spot_msgs/lib/libwebots_spot_msgs__rosidl_typesupport_fastrtps_cpp.so
-- Set runtime path of "/home/gisbert12843/Projects/Robotics_Prak/prak2_ws/install/webots_spot_msgs/lib/libwebots_spot_msgs__rosidl_typesupport_fastrtps_cpp.so" to ""
-- Installing: /home/gisbert12843/Projects/Robotics_Prak/prak2_ws/install/webots_spot_msgs/lib/libwebots_spot_msgs__rosidl_typesupport_introspection_cpp.so
-- Set runtime path of "/home/gisbert12843/Projects/Robotics_Prak/prak2_ws/install/webots_spot_msgs/lib/libwebots_spot_msgs__rosidl_typesupport_introspection_cpp.so" to ""
-- Installing: /home/gisbert12843/Projects/Robotics_Prak/prak2_ws/install/webots_spot_msgs/lib/libwebots_spot_msgs__rosidl_typesupport_cpp.so
-- Set runtime path of "/home/gisbert12843/Projects/Robotics_Prak/prak2_ws/install/webots_spot_msgs/lib/libwebots_spot_msgs__rosidl_typesupport_cpp.so" to ""
Listing '/home/gisbert12843/Projects/Robotics_Prak/prak2_ws/install/webots_spot_msgs/local/lib/python3.10/dist-packages/webots_spot_msgs'...
Compiling '/home/gisbert12843/Projects/Robotics_Prak/prak2_ws/install/webots_spot_msgs/local/lib/python3.10/dist-packages/webots_spot_msgs/__init__.py'...
Listing '/home/gisbert12843/Projects/Robotics_Prak/prak2_ws/install/webots_spot_msgs/local/lib/python3.10/dist-packages/webots_spot_msgs/action'...
Compiling '/home/gisbert12843/Projects/Robotics_Prak/prak2_ws/install/webots_spot_msgs/local/lib/python3.10/dist-packages/webots_spot_msgs/action/__init__.py'...
Compiling '/home/gisbert12843/Projects/Robotics_Prak/prak2_ws/install/webots_spot_msgs/local/lib/python3.10/dist-packages/webots_spot_msgs/action/_peak_and_detect_object.py'...
Compiling '/home/gisbert12843/Projects/Robotics_Prak/prak2_ws/install/webots_spot_msgs/local/lib/python3.10/dist-packages/webots_spot_msgs/action/_stack.py'...
Listing '/home/gisbert12843/Projects/Robotics_Prak/prak2_ws/install/webots_spot_msgs/local/lib/python3.10/dist-packages/webots_spot_msgs/msg'...
Compiling '/home/gisbert12843/Projects/Robotics_Prak/prak2_ws/install/webots_spot_msgs/local/lib/python3.10/dist-packages/webots_spot_msgs/msg/__init__.py'...
Compiling '/home/gisbert12843/Projects/Robotics_Prak/prak2_ws/install/webots_spot_msgs/local/lib/python3.10/dist-packages/webots_spot_msgs/msg/_gait_input.py'...
Compiling '/home/gisbert12843/Projects/Robotics_Prak/prak2_ws/install/webots_spot_msgs/local/lib/python3.10/dist-packages/webots_spot_msgs/msg/_int32.py'...
Compiling '/home/gisbert12843/Projects/Robotics_Prak/prak2_ws/install/webots_spot_msgs/local/lib/python3.10/dist-packages/webots_spot_msgs/msg/_legs.py'...
Listing '/home/gisbert12843/Projects/Robotics_Prak/prak2_ws/install/webots_spot_msgs/local/lib/python3.10/dist-packages/webots_spot_msgs/srv'...
Compiling '/home/gisbert12843/Projects/Robotics_Prak/prak2_ws/install/webots_spot_msgs/local/lib/python3.10/dist-packages/webots_spot_msgs/srv/__init__.py'...
Compiling '/home/gisbert12843/Projects/Robotics_Prak/prak2_ws/install/webots_spot_msgs/local/lib/python3.10/dist-packages/webots_spot_msgs/srv/_block_pose.py'...
Compiling '/home/gisbert12843/Projects/Robotics_Prak/prak2_ws/install/webots_spot_msgs/local/lib/python3.10/dist-packages/webots_spot_msgs/srv/_spot_height.py'...
Compiling '/home/gisbert12843/Projects/Robotics_Prak/prak2_ws/install/webots_spot_msgs/local/lib/python3.10/dist-packages/webots_spot_msgs/srv/_spot_motion.py'...
-- Installing: /home/gisbert12843/Projects/Robotics_Prak/prak2_ws/install/webots_spot_msgs/lib/libwebots_spot_msgs__rosidl_generator_py.so
-- Set runtime path of "/home/gisbert12843/Projects/Robotics_Prak/prak2_ws/install/webots_spot_msgs/lib/libwebots_spot_msgs__rosidl_generator_py.so" to ""
-- Up-to-date: /home/gisbert12843/Projects/Robotics_Prak/prak2_ws/install/webots_spot_msgs/share/webots_spot_msgs/cmake/export_webots_spot_msgs__rosidl_generator_cExport.cmake
-- Up-to-date: /home/gisbert12843/Projects/Robotics_Prak/prak2_ws/install/webots_spot_msgs/share/webots_spot_msgs/cmake/export_webots_spot_msgs__rosidl_generator_cExport-noconfig.cmake
-- Up-to-date: /home/gisbert12843/Projects/Robotics_Prak/prak2_ws/install/webots_spot_msgs/share/webots_spot_msgs/cmake/export_webots_spot_msgs__rosidl_typesupport_fastrtps_cExport.cmake
-- Up-to-date: /home/gisbert12843/Projects/Robotics_Prak/prak2_ws/install/webots_spot_msgs/share/webots_spot_msgs/cmake/export_webots_spot_msgs__rosidl_typesupport_fastrtps_cExport-noconfig.cmake
-- Up-to-date: /home/gisbert12843/Projects/Robotics_Prak/prak2_ws/install/webots_spot_msgs/share/webots_spot_msgs/cmake/webots_spot_msgs__rosidl_typesupport_introspection_cExport.cmake
-- Up-to-date: /home/gisbert12843/Projects/Robotics_Prak/prak2_ws/install/webots_spot_msgs/share/webots_spot_msgs/cmake/webots_spot_msgs__rosidl_typesupport_introspection_cExport-noconfig.cmake
-- Up-to-date: /home/gisbert12843/Projects/Robotics_Prak/prak2_ws/install/webots_spot_msgs/share/webots_spot_msgs/cmake/webots_spot_msgs__rosidl_typesupport_cExport.cmake
-- Up-to-date: /home/gisbert12843/Projects/Robotics_Prak/prak2_ws/install/webots_spot_msgs/share/webots_spot_msgs/cmake/webots_spot_msgs__rosidl_typesupport_cExport-noconfig.cmake
-- Up-to-date: /home/gisbert12843/Projects/Robotics_Prak/prak2_ws/install/webots_spot_msgs/share/webots_spot_msgs/cmake/export_webots_spot_msgs__rosidl_generator_cppExport.cmake
-- Up-to-date: /home/gisbert12843/Projects/Robotics_Prak/prak2_ws/install/webots_spot_msgs/share/webots_spot_msgs/cmake/export_webots_spot_msgs__rosidl_typesupport_fastrtps_cppExport.cmake
-- Up-to-date: /home/gisbert12843/Projects/Robotics_Prak/prak2_ws/install/webots_spot_msgs/share/webots_spot_msgs/cmake/export_webots_spot_msgs__rosidl_typesupport_fastrtps_cppExport-noconfig.cmake
-- Up-to-date: /home/gisbert12843/Projects/Robotics_Prak/prak2_ws/install/webots_spot_msgs/share/webots_spot_msgs/cmake/webots_spot_msgs__rosidl_typesupport_introspection_cppExport.cmake
-- Up-to-date: /home/gisbert12843/Projects/Robotics_Prak/prak2_ws/install/webots_spot_msgs/share/webots_spot_msgs/cmake/webots_spot_msgs__rosidl_typesupport_introspection_cppExport-noconfig.cmake
-- Up-to-date: /home/gisbert12843/Projects/Robotics_Prak/prak2_ws/install/webots_spot_msgs/share/webots_spot_msgs/cmake/webots_spot_msgs__rosidl_typesupport_cppExport.cmake
-- Up-to-date: /home/gisbert12843/Projects/Robotics_Prak/prak2_ws/install/webots_spot_msgs/share/webots_spot_msgs/cmake/webots_spot_msgs__rosidl_typesupport_cppExport-noconfig.cmake
-- Up-to-date: /home/gisbert12843/Projects/Robotics_Prak/prak2_ws/install/webots_spot_msgs/share/webots_spot_msgs/cmake/export_webots_spot_msgs__rosidl_generator_pyExport.cmake
-- Up-to-date: /home/gisbert12843/Projects/Robotics_Prak/prak2_ws/install/webots_spot_msgs/share/webots_spot_msgs/cmake/export_webots_spot_msgs__rosidl_generator_pyExport-noconfig.cmake
