[0.226s] Invoking command in '/home/gisbert12843/Projects/Robotics_Prak/prak2_ws/build/webots_spot_msgs': CMAKE_PREFIX_PATH=${CMAKE_PREFIX_PATH}:/home/gisbert12843/Projects/Robotics_Prak/prak2_ws/install/webots_spot_teleop:/home/gisbert12843/Projects/Robotics_Prak/prak2_ws/install/webots_spot:/home/gisbert12843/Projects/Robotics_Prak/prak2_ws/install/webots_ros2:/home/gisbert12843/Projects/Robotics_Prak/prak2_ws/install/webots_ros2_universal_robot:/home/gisbert12843/Projects/Robotics_Prak/prak2_ws/install/webots_ros2_turtlebot:/home/gisbert12843/Projects/Robotics_Prak/prak2_ws/install/webots_ros2_tiago:/home/gisbert12843/Projects/Robotics_Prak/prak2_ws/install/webots_ros2_tests:/home/gisbert12843/Projects/Robotics_Prak/prak2_ws/install/webots_ros2_tesla:/home/gisbert12843/Projects/Robotics_Prak/prak2_ws/install/webots_ros2_mavic:/home/gisbert12843/Projects/Robotics_Prak/prak2_ws/install/webots_ros2_epuck:/home/gisbert12843/Projects/Robotics_Prak/prak2_ws/install/webots_ros2_importer:/home/gisbert12843/Projects/Robotics_Prak/prak2_ws/install/prak2_pkg:/opt/ros/humble /usr/bin/cmake --build /home/gisbert12843/Projects/Robotics_Prak/prak2_ws/build/webots_spot_msgs -- -j12 -l12
[0.297s] -- Found ament_cmake: 1.3.10 (/opt/ros/humble/share/ament_cmake/cmake)
[0.344s] -- Found Python3: /usr/bin/python3 (found version "3.11.10") found components: Interpreter 
[0.396s] -- Override CMake install command with custom implementation using symlinks instead of copying resources
[0.413s] -- Found rosidl_default_generators: 1.2.0 (/opt/ros/humble/share/rosidl_default_generators/cmake)
[0.418s] -- Using all available rosidl_typesupport_c: rosidl_typesupport_fastrtps_c;rosidl_typesupport_introspection_c
[0.422s] -- Found rosidl_adapter: 3.1.5 (/opt/ros/humble/share/rosidl_adapter/cmake)
[0.492s] -- Using all available rosidl_typesupport_cpp: rosidl_typesupport_fastrtps_cpp;rosidl_typesupport_introspection_cpp
[0.796s] -- Found ament_cmake_ros: 0.10.0 (/opt/ros/humble/share/ament_cmake_ros/cmake)
[0.945s] -- Using all available rosidl_typesupport_c: rosidl_typesupport_fastrtps_c;rosidl_typesupport_introspection_c
[1.145s] -- Using all available rosidl_typesupport_cpp: rosidl_typesupport_fastrtps_cpp;rosidl_typesupport_introspection_cpp
[1.163s] -- Found PythonInterp: /usr/bin/python3 (found suitable version "3.11.10", minimum required is "3.6") 
[1.164s] -- Found python_cmake_module: 0.10.0 (/opt/ros/humble/share/python_cmake_module/cmake)
[1.182s] -- Using PYTHON_EXECUTABLE: /usr/bin/python3
[1.182s] -- Using PYTHON_INCLUDE_DIRS: /usr/include/python3.10
[1.182s] -- Using PYTHON_LIBRARIES: /usr/lib/x86_64-linux-gnu/libpython3.10.so
[1.202s] -- Found ament_lint_auto: 0.12.11 (/opt/ros/humble/share/ament_lint_auto/cmake)
[1.221s] -- Added test 'copyright' to check source files copyright and LICENSE
[1.224s] -- Added test 'lint_cmake' to check CMake code style
[1.226s] -- Added test 'xmllint' to check XML markup files
[1.231s] -- Configuring done
[1.292s] -- Generating done
[1.295s] -- Build files have been written to: /home/gisbert12843/Projects/Robotics_Prak/prak2_ws/build/webots_spot_msgs
[1.321s] [35m[1mConsolidate compiler generated dependencies of target webots_spot_msgs__rosidl_generator_c[0m
[1.327s] [  1%] Built target webots_spot_msgs__cpp
[1.333s] [  1%] Built target ament_cmake_python_symlink_webots_spot_msgs
[1.336s] [  2%] [32mBuilding C object CMakeFiles/webots_spot_msgs__rosidl_generator_c.dir/rosidl_generator_c/webots_spot_msgs/srv/detail/spot_motion__functions.c.o[0m
[1.336s] [  3%] [32mBuilding C object CMakeFiles/webots_spot_msgs__rosidl_generator_c.dir/rosidl_generator_c/webots_spot_msgs/msg/detail/int32__functions.c.o[0m
[1.338s] [  4%] [32mBuilding C object CMakeFiles/webots_spot_msgs__rosidl_generator_c.dir/rosidl_generator_c/webots_spot_msgs/msg/detail/legs__functions.c.o[0m
[1.339s] [  5%] [32mBuilding C object CMakeFiles/webots_spot_msgs__rosidl_generator_c.dir/rosidl_generator_c/webots_spot_msgs/msg/detail/gait_input__functions.c.o[0m
[1.339s] [  6%] [32mBuilding C object CMakeFiles/webots_spot_msgs__rosidl_generator_c.dir/rosidl_generator_c/webots_spot_msgs/srv/detail/spot_height__functions.c.o[0m
[1.341s] [35m[1mConsolidate compiler generated dependencies of target webots_spot_msgs__rosidl_typesupport_cpp[0m
[1.341s] [35m[1mConsolidate compiler generated dependencies of target webots_spot_msgs__rosidl_typesupport_fastrtps_cpp[0m
[1.342s] [  8%] [32mBuilding C object CMakeFiles/webots_spot_msgs__rosidl_generator_c.dir/rosidl_generator_c/webots_spot_msgs/srv/detail/block_pose__functions.c.o[0m
[1.346s] [35m[1mConsolidate compiler generated dependencies of target webots_spot_msgs__rosidl_typesupport_introspection_cpp[0m
[1.348s] [  9%] [32mBuilding C object CMakeFiles/webots_spot_msgs__rosidl_generator_c.dir/rosidl_generator_c/webots_spot_msgs/action/detail/stack__functions.c.o[0m
[1.354s] [ 10%] [32mBuilding C object CMakeFiles/webots_spot_msgs__rosidl_generator_c.dir/rosidl_generator_c/webots_spot_msgs/action/detail/peak_and_detect_object__functions.c.o[0m
[1.365s] [ 11%] [32mBuilding CXX object CMakeFiles/webots_spot_msgs__rosidl_typesupport_cpp.dir/rosidl_typesupport_cpp/webots_spot_msgs/msg/int32__type_support.cpp.o[0m
[1.369s] [ 12%] [32mBuilding CXX object CMakeFiles/webots_spot_msgs__rosidl_typesupport_introspection_cpp.dir/rosidl_typesupport_introspection_cpp/webots_spot_msgs/msg/detail/int32__type_support.cpp.o[0m
[1.369s] [ 13%] [32mBuilding CXX object CMakeFiles/webots_spot_msgs__rosidl_typesupport_fastrtps_cpp.dir/rosidl_typesupport_fastrtps_cpp/webots_spot_msgs/msg/detail/dds_fastrtps/int32__type_support.cpp.o[0m
[1.476s] [ 14%] [32mBuilding CXX object CMakeFiles/webots_spot_msgs__rosidl_typesupport_cpp.dir/rosidl_typesupport_cpp/webots_spot_msgs/msg/legs__type_support.cpp.o[0m
[1.476s] [ 16%] [32mBuilding CXX object CMakeFiles/webots_spot_msgs__rosidl_typesupport_introspection_cpp.dir/rosidl_typesupport_introspection_cpp/webots_spot_msgs/msg/detail/gait_input__type_support.cpp.o[0m
[1.477s] [ 17%] [32mBuilding CXX object CMakeFiles/webots_spot_msgs__rosidl_typesupport_cpp.dir/rosidl_typesupport_cpp/webots_spot_msgs/msg/gait_input__type_support.cpp.o[0m
[1.478s] [ 18%] [32mBuilding CXX object CMakeFiles/webots_spot_msgs__rosidl_typesupport_fastrtps_cpp.dir/rosidl_typesupport_fastrtps_cpp/webots_spot_msgs/msg/detail/dds_fastrtps/legs__type_support.cpp.o[0m
[1.478s] [ 19%] [32mBuilding CXX object CMakeFiles/webots_spot_msgs__rosidl_typesupport_introspection_cpp.dir/rosidl_typesupport_introspection_cpp/webots_spot_msgs/msg/detail/legs__type_support.cpp.o[0m
[1.485s] [ 20%] [32mBuilding CXX object CMakeFiles/webots_spot_msgs__rosidl_typesupport_cpp.dir/rosidl_typesupport_cpp/webots_spot_msgs/srv/spot_motion__type_support.cpp.o[0m
[1.522s] [ 21%] [32mBuilding CXX object CMakeFiles/webots_spot_msgs__rosidl_typesupport_introspection_cpp.dir/rosidl_typesupport_introspection_cpp/webots_spot_msgs/srv/detail/spot_motion__type_support.cpp.o[0m
[1.523s] [ 22%] [32m[1mLinking C shared library libwebots_spot_msgs__rosidl_generator_c.so[0m
[1.703s] [ 24%] Built target webots_spot_msgs__rosidl_generator_c
[1.730s] [35m[1mConsolidate compiler generated dependencies of target webots_spot_msgs__rosidl_typesupport_fastrtps_c[0m
[1.794s] [ 25%] [32mBuilding CXX object CMakeFiles/webots_spot_msgs__rosidl_typesupport_fastrtps_c.dir/rosidl_typesupport_fastrtps_c/webots_spot_msgs/msg/detail/int32__type_support_c.cpp.o[0m
[1.822s] running egg_info
[1.822s] writing webots_spot_msgs.egg-info/PKG-INFO
[1.822s] writing dependency_links to webots_spot_msgs.egg-info/dependency_links.txt
[1.823s] writing top-level names to webots_spot_msgs.egg-info/top_level.txt
[1.827s] [ 26%] [32mBuilding CXX object CMakeFiles/webots_spot_msgs__rosidl_typesupport_cpp.dir/rosidl_typesupport_cpp/webots_spot_msgs/srv/spot_height__type_support.cpp.o[0m
[1.829s] [ 27%] [32mBuilding CXX object CMakeFiles/webots_spot_msgs__rosidl_typesupport_cpp.dir/rosidl_typesupport_cpp/webots_spot_msgs/srv/block_pose__type_support.cpp.o[0m
[1.833s] reading manifest file 'webots_spot_msgs.egg-info/SOURCES.txt'
[1.835s] writing manifest file 'webots_spot_msgs.egg-info/SOURCES.txt'
[1.857s] [ 28%] [32mBuilding CXX object CMakeFiles/webots_spot_msgs__rosidl_typesupport_fastrtps_cpp.dir/rosidl_typesupport_fastrtps_cpp/webots_spot_msgs/msg/detail/dds_fastrtps/gait_input__type_support.cpp.o[0m
[1.872s] [ 29%] [32mBuilding CXX object CMakeFiles/webots_spot_msgs__rosidl_typesupport_introspection_cpp.dir/rosidl_typesupport_introspection_cpp/webots_spot_msgs/srv/detail/spot_height__type_support.cpp.o[0m
[1.941s] [ 29%] Built target ament_cmake_python_build_webots_spot_msgs_egg
[1.957s] [ 31%] [32mBuilding CXX object CMakeFiles/webots_spot_msgs__rosidl_typesupport_introspection_cpp.dir/rosidl_typesupport_introspection_cpp/webots_spot_msgs/srv/detail/block_pose__type_support.cpp.o[0m
[2.006s] [35m[1mConsolidate compiler generated dependencies of target webots_spot_msgs__rosidl_typesupport_introspection_c[0m
[2.006s] [ 32%] [32mBuilding CXX object CMakeFiles/webots_spot_msgs__rosidl_typesupport_introspection_cpp.dir/rosidl_typesupport_introspection_cpp/webots_spot_msgs/action/detail/stack__type_support.cpp.o[0m
[2.029s] [ 33%] [32mBuilding CXX object CMakeFiles/webots_spot_msgs__rosidl_typesupport_fastrtps_cpp.dir/rosidl_typesupport_fastrtps_cpp/webots_spot_msgs/srv/detail/dds_fastrtps/spot_motion__type_support.cpp.o[0m
[2.041s] [ 34%] [32mBuilding C object CMakeFiles/webots_spot_msgs__rosidl_typesupport_introspection_c.dir/rosidl_typesupport_introspection_c/webots_spot_msgs/msg/detail/int32__type_support.c.o[0m
[2.046s] [ 35%] [32mBuilding CXX object CMakeFiles/webots_spot_msgs__rosidl_typesupport_introspection_cpp.dir/rosidl_typesupport_introspection_cpp/webots_spot_msgs/action/detail/peak_and_detect_object__type_support.cpp.o[0m
[2.053s] [ 36%] [32mBuilding CXX object CMakeFiles/webots_spot_msgs__rosidl_typesupport_fastrtps_cpp.dir/rosidl_typesupport_fastrtps_cpp/webots_spot_msgs/srv/detail/dds_fastrtps/spot_height__type_support.cpp.o[0m
[2.068s] [ 37%] [32mBuilding CXX object CMakeFiles/webots_spot_msgs__rosidl_typesupport_fastrtps_cpp.dir/rosidl_typesupport_fastrtps_cpp/webots_spot_msgs/srv/detail/dds_fastrtps/block_pose__type_support.cpp.o[0m
[2.171s] [ 39%] [32mBuilding CXX object CMakeFiles/webots_spot_msgs__rosidl_typesupport_cpp.dir/rosidl_typesupport_cpp/webots_spot_msgs/action/stack__type_support.cpp.o[0m
[2.238s] [ 40%] [32mBuilding C object CMakeFiles/webots_spot_msgs__rosidl_typesupport_introspection_c.dir/rosidl_typesupport_introspection_c/webots_spot_msgs/msg/detail/legs__type_support.c.o[0m
[2.452s] [ 41%] [32mBuilding C object CMakeFiles/webots_spot_msgs__rosidl_typesupport_introspection_c.dir/rosidl_typesupport_introspection_c/webots_spot_msgs/msg/detail/gait_input__type_support.c.o[0m
[2.464s] [ 42%] [32mBuilding C object CMakeFiles/webots_spot_msgs__rosidl_typesupport_introspection_c.dir/rosidl_typesupport_introspection_c/webots_spot_msgs/srv/detail/spot_motion__type_support.c.o[0m
[2.568s] [ 43%] [32mBuilding CXX object CMakeFiles/webots_spot_msgs__rosidl_typesupport_cpp.dir/rosidl_typesupport_cpp/webots_spot_msgs/action/peak_and_detect_object__type_support.cpp.o[0m
[2.581s] [ 44%] [32mBuilding CXX object CMakeFiles/webots_spot_msgs__rosidl_typesupport_fastrtps_c.dir/rosidl_typesupport_fastrtps_c/webots_spot_msgs/msg/detail/legs__type_support_c.cpp.o[0m
[2.628s] [ 45%] [32mBuilding C object CMakeFiles/webots_spot_msgs__rosidl_typesupport_introspection_c.dir/rosidl_typesupport_introspection_c/webots_spot_msgs/srv/detail/spot_height__type_support.c.o[0m
[2.637s] [ 47%] [32mBuilding C object CMakeFiles/webots_spot_msgs__rosidl_typesupport_introspection_c.dir/rosidl_typesupport_introspection_c/webots_spot_msgs/srv/detail/block_pose__type_support.c.o[0m
[2.748s] [ 48%] [32mBuilding C object CMakeFiles/webots_spot_msgs__rosidl_typesupport_introspection_c.dir/rosidl_typesupport_introspection_c/webots_spot_msgs/action/detail/stack__type_support.c.o[0m
[2.777s] [ 49%] [32mBuilding C object CMakeFiles/webots_spot_msgs__rosidl_typesupport_introspection_c.dir/rosidl_typesupport_introspection_c/webots_spot_msgs/action/detail/peak_and_detect_object__type_support.c.o[0m
[2.842s] [ 50%] [32mBuilding CXX object CMakeFiles/webots_spot_msgs__rosidl_typesupport_fastrtps_cpp.dir/rosidl_typesupport_fastrtps_cpp/webots_spot_msgs/action/detail/dds_fastrtps/stack__type_support.cpp.o[0m
[2.919s] [ 51%] [32mBuilding CXX object CMakeFiles/webots_spot_msgs__rosidl_typesupport_fastrtps_cpp.dir/rosidl_typesupport_fastrtps_cpp/webots_spot_msgs/action/detail/dds_fastrtps/peak_and_detect_object__type_support.cpp.o[0m
[2.941s] [ 52%] [32m[1mLinking C shared library libwebots_spot_msgs__rosidl_typesupport_introspection_c.so[0m
[3.094s] [ 54%] [32mBuilding CXX object CMakeFiles/webots_spot_msgs__rosidl_typesupport_fastrtps_c.dir/rosidl_typesupport_fastrtps_c/webots_spot_msgs/msg/detail/gait_input__type_support_c.cpp.o[0m
[3.117s] [ 55%] Built target webots_spot_msgs__rosidl_typesupport_introspection_c
[3.185s] [35m[1mConsolidate compiler generated dependencies of target webots_spot_msgs__rosidl_typesupport_c[0m
[3.208s] [ 56%] [32mBuilding CXX object CMakeFiles/webots_spot_msgs__rosidl_typesupport_fastrtps_c.dir/rosidl_typesupport_fastrtps_c/webots_spot_msgs/srv/detail/spot_motion__type_support_c.cpp.o[0m
[3.239s] [ 57%] [32mBuilding CXX object CMakeFiles/webots_spot_msgs__rosidl_typesupport_c.dir/rosidl_typesupport_c/webots_spot_msgs/msg/int32__type_support.cpp.o[0m
[3.241s] [ 58%] [32mBuilding CXX object CMakeFiles/webots_spot_msgs__rosidl_typesupport_fastrtps_c.dir/rosidl_typesupport_fastrtps_c/webots_spot_msgs/srv/detail/spot_height__type_support_c.cpp.o[0m
[3.246s] [ 59%] [32mBuilding CXX object CMakeFiles/webots_spot_msgs__rosidl_typesupport_fastrtps_c.dir/rosidl_typesupport_fastrtps_c/webots_spot_msgs/srv/detail/block_pose__type_support_c.cpp.o[0m
[3.293s] [ 60%] [32m[1mLinking CXX shared library libwebots_spot_msgs__rosidl_typesupport_introspection_cpp.so[0m
[3.295s] [ 62%] [32mBuilding CXX object CMakeFiles/webots_spot_msgs__rosidl_typesupport_fastrtps_c.dir/rosidl_typesupport_fastrtps_c/webots_spot_msgs/action/detail/stack__type_support_c.cpp.o[0m
[3.319s] [ 63%] [32mBuilding CXX object CMakeFiles/webots_spot_msgs__rosidl_typesupport_c.dir/rosidl_typesupport_c/webots_spot_msgs/msg/legs__type_support.cpp.o[0m
[3.344s] [ 64%] [32m[1mLinking CXX shared library libwebots_spot_msgs__rosidl_typesupport_cpp.so[0m
[3.357s] [ 65%] [32mBuilding CXX object CMakeFiles/webots_spot_msgs__rosidl_typesupport_c.dir/rosidl_typesupport_c/webots_spot_msgs/srv/spot_motion__type_support.cpp.o[0m
[3.381s] [ 66%] [32mBuilding CXX object CMakeFiles/webots_spot_msgs__rosidl_typesupport_c.dir/rosidl_typesupport_c/webots_spot_msgs/msg/gait_input__type_support.cpp.o[0m
[3.449s] [ 67%] [32mBuilding CXX object CMakeFiles/webots_spot_msgs__rosidl_typesupport_c.dir/rosidl_typesupport_c/webots_spot_msgs/srv/spot_height__type_support.cpp.o[0m
[3.463s] [ 68%] [32mBuilding CXX object CMakeFiles/webots_spot_msgs__rosidl_typesupport_c.dir/rosidl_typesupport_c/webots_spot_msgs/srv/block_pose__type_support.cpp.o[0m
[3.499s] [ 70%] [32mBuilding CXX object CMakeFiles/webots_spot_msgs__rosidl_typesupport_c.dir/rosidl_typesupport_c/webots_spot_msgs/action/stack__type_support.cpp.o[0m
[3.560s] [ 71%] Built target webots_spot_msgs__rosidl_typesupport_cpp
[3.567s] [ 72%] [32mBuilding CXX object CMakeFiles/webots_spot_msgs__rosidl_typesupport_c.dir/rosidl_typesupport_c/webots_spot_msgs/action/peak_and_detect_object__type_support.cpp.o[0m
[3.594s] [ 73%] [32mBuilding CXX object CMakeFiles/webots_spot_msgs__rosidl_typesupport_fastrtps_c.dir/rosidl_typesupport_fastrtps_c/webots_spot_msgs/action/detail/peak_and_detect_object__type_support_c.cpp.o[0m
[3.628s] [ 74%] Built target webots_spot_msgs__rosidl_typesupport_introspection_cpp
[3.728s] [ 75%] [32m[1mLinking CXX shared library libwebots_spot_msgs__rosidl_typesupport_c.so[0m
[3.763s] [ 77%] [32m[1mLinking CXX shared library libwebots_spot_msgs__rosidl_typesupport_fastrtps_cpp.so[0m
[3.908s] [ 78%] Built target webots_spot_msgs__rosidl_typesupport_c
[4.033s] [ 79%] Built target webots_spot_msgs__rosidl_typesupport_fastrtps_cpp
[4.207s] [ 80%] [32m[1mLinking CXX shared library libwebots_spot_msgs__rosidl_typesupport_fastrtps_c.so[0m
[4.369s] [ 81%] Built target webots_spot_msgs__rosidl_typesupport_fastrtps_c
[4.398s] [ 81%] Built target webots_spot_msgs
[4.456s] [ 82%] Built target webots_spot_msgs__py
[4.488s] [35m[1mConsolidate compiler generated dependencies of target webots_spot_msgs__rosidl_generator_py[0m
[4.547s] [ 83%] [32mBuilding C object CMakeFiles/webots_spot_msgs__rosidl_generator_py.dir/rosidl_generator_py/webots_spot_msgs/msg/_int32_s.c.o[0m
[4.548s] [ 85%] [32mBuilding C object CMakeFiles/webots_spot_msgs__rosidl_generator_py.dir/rosidl_generator_py/webots_spot_msgs/msg/_legs_s.c.o[0m
[4.557s] [ 86%] [32mBuilding C object CMakeFiles/webots_spot_msgs__rosidl_generator_py.dir/rosidl_generator_py/webots_spot_msgs/msg/_gait_input_s.c.o[0m
[4.559s] [ 87%] [32mBuilding C object CMakeFiles/webots_spot_msgs__rosidl_generator_py.dir/rosidl_generator_py/webots_spot_msgs/srv/_spot_motion_s.c.o[0m
[4.571s] [ 88%] [32mBuilding C object CMakeFiles/webots_spot_msgs__rosidl_generator_py.dir/rosidl_generator_py/webots_spot_msgs/srv/_spot_height_s.c.o[0m
[4.619s] [ 89%] [32mBuilding C object CMakeFiles/webots_spot_msgs__rosidl_generator_py.dir/rosidl_generator_py/webots_spot_msgs/srv/_block_pose_s.c.o[0m
[4.636s] [ 90%] [32mBuilding C object CMakeFiles/webots_spot_msgs__rosidl_generator_py.dir/rosidl_generator_py/webots_spot_msgs/action/_stack_s.c.o[0m
[4.649s] [ 91%] [32mBuilding C object CMakeFiles/webots_spot_msgs__rosidl_generator_py.dir/rosidl_generator_py/webots_spot_msgs/action/_peak_and_detect_object_s.c.o[0m
[4.913s] [ 93%] [32m[1mLinking C shared library rosidl_generator_py/webots_spot_msgs/libwebots_spot_msgs__rosidl_generator_py.so[0m
[5.025s] [ 93%] Built target webots_spot_msgs__rosidl_generator_py
[5.033s] [35m[1mConsolidate compiler generated dependencies of target webots_spot_msgs__rosidl_typesupport_introspection_c__pyext[0m
[5.034s] [35m[1mConsolidate compiler generated dependencies of target webots_spot_msgs__rosidl_typesupport_fastrtps_c__pyext[0m
[5.035s] [35m[1mConsolidate compiler generated dependencies of target webots_spot_msgs__rosidl_typesupport_c__pyext[0m
[5.046s] [ 94%] [32mBuilding C object CMakeFiles/webots_spot_msgs__rosidl_typesupport_introspection_c__pyext.dir/rosidl_generator_py/webots_spot_msgs/_webots_spot_msgs_s.ep.rosidl_typesupport_introspection_c.c.o[0m
[5.049s] [ 95%] [32mBuilding C object CMakeFiles/webots_spot_msgs__rosidl_typesupport_c__pyext.dir/rosidl_generator_py/webots_spot_msgs/_webots_spot_msgs_s.ep.rosidl_typesupport_c.c.o[0m
[5.050s] [ 96%] [32mBuilding C object CMakeFiles/webots_spot_msgs__rosidl_typesupport_fastrtps_c__pyext.dir/rosidl_generator_py/webots_spot_msgs/_webots_spot_msgs_s.ep.rosidl_typesupport_fastrtps_c.c.o[0m
[5.170s] [ 97%] [32m[1mLinking C shared library rosidl_generator_py/webots_spot_msgs/webots_spot_msgs_s__rosidl_typesupport_introspection_c.cpython-310-x86_64-linux-gnu.so[0m
[5.176s] [ 98%] [32m[1mLinking C shared library rosidl_generator_py/webots_spot_msgs/webots_spot_msgs_s__rosidl_typesupport_fastrtps_c.cpython-310-x86_64-linux-gnu.so[0m
[5.177s] [100%] [32m[1mLinking C shared library rosidl_generator_py/webots_spot_msgs/webots_spot_msgs_s__rosidl_typesupport_c.cpython-310-x86_64-linux-gnu.so[0m
[5.217s] [100%] Built target webots_spot_msgs__rosidl_typesupport_c__pyext
[5.217s] [100%] Built target webots_spot_msgs__rosidl_typesupport_introspection_c__pyext
[5.218s] [100%] Built target webots_spot_msgs__rosidl_typesupport_fastrtps_c__pyext
[5.237s] Invoked command in '/home/gisbert12843/Projects/Robotics_Prak/prak2_ws/build/webots_spot_msgs' returned '0': CMAKE_PREFIX_PATH=${CMAKE_PREFIX_PATH}:/home/gisbert12843/Projects/Robotics_Prak/prak2_ws/install/webots_spot_teleop:/home/gisbert12843/Projects/Robotics_Prak/prak2_ws/install/webots_spot:/home/gisbert12843/Projects/Robotics_Prak/prak2_ws/install/webots_ros2:/home/gisbert12843/Projects/Robotics_Prak/prak2_ws/install/webots_ros2_universal_robot:/home/gisbert12843/Projects/Robotics_Prak/prak2_ws/install/webots_ros2_turtlebot:/home/gisbert12843/Projects/Robotics_Prak/prak2_ws/install/webots_ros2_tiago:/home/gisbert12843/Projects/Robotics_Prak/prak2_ws/install/webots_ros2_tests:/home/gisbert12843/Projects/Robotics_Prak/prak2_ws/install/webots_ros2_tesla:/home/gisbert12843/Projects/Robotics_Prak/prak2_ws/install/webots_ros2_mavic:/home/gisbert12843/Projects/Robotics_Prak/prak2_ws/install/webots_ros2_epuck:/home/gisbert12843/Projects/Robotics_Prak/prak2_ws/install/webots_ros2_importer:/home/gisbert12843/Projects/Robotics_Prak/prak2_ws/install/prak2_pkg:/opt/ros/humble /usr/bin/cmake --build /home/gisbert12843/Projects/Robotics_Prak/prak2_ws/build/webots_spot_msgs -- -j12 -l12
[5.440s] Invoking command in '/home/gisbert12843/Projects/Robotics_Prak/prak2_ws/build/webots_spot_msgs': CMAKE_PREFIX_PATH=${CMAKE_PREFIX_PATH}:/home/gisbert12843/Projects/Robotics_Prak/prak2_ws/install/webots_spot_teleop:/home/gisbert12843/Projects/Robotics_Prak/prak2_ws/install/webots_spot:/home/gisbert12843/Projects/Robotics_Prak/prak2_ws/install/webots_ros2:/home/gisbert12843/Projects/Robotics_Prak/prak2_ws/install/webots_ros2_universal_robot:/home/gisbert12843/Projects/Robotics_Prak/prak2_ws/install/webots_ros2_turtlebot:/home/gisbert12843/Projects/Robotics_Prak/prak2_ws/install/webots_ros2_tiago:/home/gisbert12843/Projects/Robotics_Prak/prak2_ws/install/webots_ros2_tests:/home/gisbert12843/Projects/Robotics_Prak/prak2_ws/install/webots_ros2_tesla:/home/gisbert12843/Projects/Robotics_Prak/prak2_ws/install/webots_ros2_mavic:/home/gisbert12843/Projects/Robotics_Prak/prak2_ws/install/webots_ros2_epuck:/home/gisbert12843/Projects/Robotics_Prak/prak2_ws/install/webots_ros2_importer:/home/gisbert12843/Projects/Robotics_Prak/prak2_ws/install/prak2_pkg:/opt/ros/humble /usr/bin/cmake --install /home/gisbert12843/Projects/Robotics_Prak/prak2_ws/build/webots_spot_msgs
[5.445s] -- Install configuration: ""
[5.445s] -- Execute custom install script
[5.445s] -- Up-to-date symlink: /home/gisbert12843/Projects/Robotics_Prak/prak2_ws/install/webots_spot_msgs/share/ament_index/resource_index/rosidl_interfaces/webots_spot_msgs
[5.446s] -- Up-to-date symlink: /home/gisbert12843/Projects/Robotics_Prak/prak2_ws/install/webots_spot_msgs/include/webots_spot_msgs/webots_spot_msgs/action/detail/peak_and_detect_object__functions.h
[5.446s] -- Up-to-date symlink: /home/gisbert12843/Projects/Robotics_Prak/prak2_ws/install/webots_spot_msgs/include/webots_spot_msgs/webots_spot_msgs/action/detail/peak_and_detect_object__struct.h
[5.447s] -- Up-to-date symlink: /home/gisbert12843/Projects/Robotics_Prak/prak2_ws/install/webots_spot_msgs/include/webots_spot_msgs/webots_spot_msgs/action/detail/peak_and_detect_object__type_support.h
[5.447s] -- Up-to-date symlink: /home/gisbert12843/Projects/Robotics_Prak/prak2_ws/install/webots_spot_msgs/include/webots_spot_msgs/webots_spot_msgs/action/detail/stack__functions.h
[5.447s] -- Up-to-date symlink: /home/gisbert12843/Projects/Robotics_Prak/prak2_ws/install/webots_spot_msgs/include/webots_spot_msgs/webots_spot_msgs/action/detail/stack__struct.h
[5.447s] -- Up-to-date symlink: /home/gisbert12843/Projects/Robotics_Prak/prak2_ws/install/webots_spot_msgs/include/webots_spot_msgs/webots_spot_msgs/action/detail/stack__type_support.h
[5.448s] -- Up-to-date symlink: /home/gisbert12843/Projects/Robotics_Prak/prak2_ws/install/webots_spot_msgs/include/webots_spot_msgs/webots_spot_msgs/action/peak_and_detect_object.h
[5.448s] -- Up-to-date symlink: /home/gisbert12843/Projects/Robotics_Prak/prak2_ws/install/webots_spot_msgs/include/webots_spot_msgs/webots_spot_msgs/action/stack.h
[5.448s] -- Up-to-date symlink: /home/gisbert12843/Projects/Robotics_Prak/prak2_ws/install/webots_spot_msgs/include/webots_spot_msgs/webots_spot_msgs/msg/detail/gait_input__functions.h
[5.448s] -- Up-to-date symlink: /home/gisbert12843/Projects/Robotics_Prak/prak2_ws/install/webots_spot_msgs/include/webots_spot_msgs/webots_spot_msgs/msg/detail/gait_input__struct.h
[5.449s] -- Up-to-date symlink: /home/gisbert12843/Projects/Robotics_Prak/prak2_ws/install/webots_spot_msgs/include/webots_spot_msgs/webots_spot_msgs/msg/detail/gait_input__type_support.h
[5.449s] -- Up-to-date symlink: /home/gisbert12843/Projects/Robotics_Prak/prak2_ws/install/webots_spot_msgs/include/webots_spot_msgs/webots_spot_msgs/msg/detail/int32__functions.h
[5.449s] -- Up-to-date symlink: /home/gisbert12843/Projects/Robotics_Prak/prak2_ws/install/webots_spot_msgs/include/webots_spot_msgs/webots_spot_msgs/msg/detail/int32__struct.h
[5.450s] -- Up-to-date symlink: /home/gisbert12843/Projects/Robotics_Prak/prak2_ws/install/webots_spot_msgs/include/webots_spot_msgs/webots_spot_msgs/msg/detail/int32__type_support.h
[5.450s] -- Up-to-date symlink: /home/gisbert12843/Projects/Robotics_Prak/prak2_ws/install/webots_spot_msgs/include/webots_spot_msgs/webots_spot_msgs/msg/detail/legs__functions.h
[5.450s] -- Up-to-date symlink: /home/gisbert12843/Projects/Robotics_Prak/prak2_ws/install/webots_spot_msgs/include/webots_spot_msgs/webots_spot_msgs/msg/detail/legs__struct.h
[5.450s] -- Up-to-date symlink: /home/gisbert12843/Projects/Robotics_Prak/prak2_ws/install/webots_spot_msgs/include/webots_spot_msgs/webots_spot_msgs/msg/detail/legs__type_support.h
[5.451s] -- Up-to-date symlink: /home/gisbert12843/Projects/Robotics_Prak/prak2_ws/install/webots_spot_msgs/include/webots_spot_msgs/webots_spot_msgs/msg/gait_input.h
[5.451s] -- Up-to-date symlink: /home/gisbert12843/Projects/Robotics_Prak/prak2_ws/install/webots_spot_msgs/include/webots_spot_msgs/webots_spot_msgs/msg/int32.h
[5.451s] -- Up-to-date symlink: /home/gisbert12843/Projects/Robotics_Prak/prak2_ws/install/webots_spot_msgs/include/webots_spot_msgs/webots_spot_msgs/msg/legs.h
[5.451s] -- Up-to-date symlink: /home/gisbert12843/Projects/Robotics_Prak/prak2_ws/install/webots_spot_msgs/include/webots_spot_msgs/webots_spot_msgs/msg/rosidl_generator_c__visibility_control.h
[5.451s] -- Up-to-date symlink: /home/gisbert12843/Projects/Robotics_Prak/prak2_ws/install/webots_spot_msgs/include/webots_spot_msgs/webots_spot_msgs/srv/block_pose.h
[5.452s] -- Up-to-date symlink: /home/gisbert12843/Projects/Robotics_Prak/prak2_ws/install/webots_spot_msgs/include/webots_spot_msgs/webots_spot_msgs/srv/detail/block_pose__functions.h
[5.452s] -- Up-to-date symlink: /home/gisbert12843/Projects/Robotics_Prak/prak2_ws/install/webots_spot_msgs/include/webots_spot_msgs/webots_spot_msgs/srv/detail/block_pose__struct.h
[5.452s] -- Up-to-date symlink: /home/gisbert12843/Projects/Robotics_Prak/prak2_ws/install/webots_spot_msgs/include/webots_spot_msgs/webots_spot_msgs/srv/detail/block_pose__type_support.h
[5.452s] -- Up-to-date symlink: /home/gisbert12843/Projects/Robotics_Prak/prak2_ws/install/webots_spot_msgs/include/webots_spot_msgs/webots_spot_msgs/srv/detail/spot_height__functions.h
[5.453s] -- Up-to-date symlink: /home/gisbert12843/Projects/Robotics_Prak/prak2_ws/install/webots_spot_msgs/include/webots_spot_msgs/webots_spot_msgs/srv/detail/spot_height__struct.h
[5.453s] -- Up-to-date symlink: /home/gisbert12843/Projects/Robotics_Prak/prak2_ws/install/webots_spot_msgs/include/webots_spot_msgs/webots_spot_msgs/srv/detail/spot_height__type_support.h
[5.453s] -- Up-to-date symlink: /home/gisbert12843/Projects/Robotics_Prak/prak2_ws/install/webots_spot_msgs/include/webots_spot_msgs/webots_spot_msgs/srv/detail/spot_motion__functions.h
[5.454s] -- Up-to-date symlink: /home/gisbert12843/Projects/Robotics_Prak/prak2_ws/install/webots_spot_msgs/include/webots_spot_msgs/webots_spot_msgs/srv/detail/spot_motion__struct.h
[5.454s] -- Up-to-date symlink: /home/gisbert12843/Projects/Robotics_Prak/prak2_ws/install/webots_spot_msgs/include/webots_spot_msgs/webots_spot_msgs/srv/detail/spot_motion__type_support.h
[5.454s] -- Up-to-date symlink: /home/gisbert12843/Projects/Robotics_Prak/prak2_ws/install/webots_spot_msgs/include/webots_spot_msgs/webots_spot_msgs/srv/spot_height.h
[5.454s] -- Up-to-date symlink: /home/gisbert12843/Projects/Robotics_Prak/prak2_ws/install/webots_spot_msgs/include/webots_spot_msgs/webots_spot_msgs/srv/spot_motion.h
[5.455s] -- Up-to-date symlink: /home/gisbert12843/Projects/Robotics_Prak/prak2_ws/install/webots_spot_msgs/share/webots_spot_msgs/environment/library_path.sh
[5.455s] -- Up-to-date symlink: /home/gisbert12843/Projects/Robotics_Prak/prak2_ws/install/webots_spot_msgs/share/webots_spot_msgs/environment/library_path.dsv
[5.456s] -- Up-to-date symlink: /home/gisbert12843/Projects/Robotics_Prak/prak2_ws/install/webots_spot_msgs/include/webots_spot_msgs/webots_spot_msgs/action/detail/peak_and_detect_object__rosidl_typesupport_fastrtps_c.h
[5.456s] -- Up-to-date symlink: /home/gisbert12843/Projects/Robotics_Prak/prak2_ws/install/webots_spot_msgs/include/webots_spot_msgs/webots_spot_msgs/action/detail/stack__rosidl_typesupport_fastrtps_c.h
[5.456s] -- Up-to-date symlink: /home/gisbert12843/Projects/Robotics_Prak/prak2_ws/install/webots_spot_msgs/include/webots_spot_msgs/webots_spot_msgs/msg/detail/gait_input__rosidl_typesupport_fastrtps_c.h
[5.457s] -- Up-to-date symlink: /home/gisbert12843/Projects/Robotics_Prak/prak2_ws/install/webots_spot_msgs/include/webots_spot_msgs/webots_spot_msgs/msg/detail/int32__rosidl_typesupport_fastrtps_c.h
[5.457s] -- Up-to-date symlink: /home/gisbert12843/Projects/Robotics_Prak/prak2_ws/install/webots_spot_msgs/include/webots_spot_msgs/webots_spot_msgs/msg/detail/legs__rosidl_typesupport_fastrtps_c.h
[5.457s] -- Up-to-date symlink: /home/gisbert12843/Projects/Robotics_Prak/prak2_ws/install/webots_spot_msgs/include/webots_spot_msgs/webots_spot_msgs/msg/rosidl_typesupport_fastrtps_c__visibility_control.h
[5.457s] -- Up-to-date symlink: /home/gisbert12843/Projects/Robotics_Prak/prak2_ws/install/webots_spot_msgs/include/webots_spot_msgs/webots_spot_msgs/srv/detail/block_pose__rosidl_typesupport_fastrtps_c.h
[5.458s] -- Up-to-date symlink: /home/gisbert12843/Projects/Robotics_Prak/prak2_ws/install/webots_spot_msgs/include/webots_spot_msgs/webots_spot_msgs/srv/detail/spot_height__rosidl_typesupport_fastrtps_c.h
[5.458s] -- Up-to-date symlink: /home/gisbert12843/Projects/Robotics_Prak/prak2_ws/install/webots_spot_msgs/include/webots_spot_msgs/webots_spot_msgs/srv/detail/spot_motion__rosidl_typesupport_fastrtps_c.h
[5.459s] -- Up-to-date symlink: /home/gisbert12843/Projects/Robotics_Prak/prak2_ws/install/webots_spot_msgs/include/webots_spot_msgs/webots_spot_msgs/action/detail/peak_and_detect_object__rosidl_typesupport_introspection_c.h
[5.459s] -- Up-to-date symlink: /home/gisbert12843/Projects/Robotics_Prak/prak2_ws/install/webots_spot_msgs/include/webots_spot_msgs/webots_spot_msgs/action/detail/stack__rosidl_typesupport_introspection_c.h
[5.459s] -- Up-to-date symlink: /home/gisbert12843/Projects/Robotics_Prak/prak2_ws/install/webots_spot_msgs/include/webots_spot_msgs/webots_spot_msgs/msg/detail/gait_input__rosidl_typesupport_introspection_c.h
[5.460s] -- Up-to-date symlink: /home/gisbert12843/Projects/Robotics_Prak/prak2_ws/install/webots_spot_msgs/include/webots_spot_msgs/webots_spot_msgs/msg/detail/int32__rosidl_typesupport_introspection_c.h
[5.460s] -- Up-to-date symlink: /home/gisbert12843/Projects/Robotics_Prak/prak2_ws/install/webots_spot_msgs/include/webots_spot_msgs/webots_spot_msgs/msg/detail/legs__rosidl_typesupport_introspection_c.h
[5.460s] -- Up-to-date symlink: /home/gisbert12843/Projects/Robotics_Prak/prak2_ws/install/webots_spot_msgs/include/webots_spot_msgs/webots_spot_msgs/msg/rosidl_typesupport_introspection_c__visibility_control.h
[5.460s] -- Up-to-date symlink: /home/gisbert12843/Projects/Robotics_Prak/prak2_ws/install/webots_spot_msgs/include/webots_spot_msgs/webots_spot_msgs/srv/detail/block_pose__rosidl_typesupport_introspection_c.h
[5.461s] -- Up-to-date symlink: /home/gisbert12843/Projects/Robotics_Prak/prak2_ws/install/webots_spot_msgs/include/webots_spot_msgs/webots_spot_msgs/srv/detail/spot_height__rosidl_typesupport_introspection_c.h
[5.461s] -- Up-to-date symlink: /home/gisbert12843/Projects/Robotics_Prak/prak2_ws/install/webots_spot_msgs/include/webots_spot_msgs/webots_spot_msgs/srv/detail/spot_motion__rosidl_typesupport_introspection_c.h
[5.462s] -- Up-to-date symlink: /home/gisbert12843/Projects/Robotics_Prak/prak2_ws/install/webots_spot_msgs/include/webots_spot_msgs/webots_spot_msgs/action/detail/peak_and_detect_object__builder.hpp
[5.462s] -- Up-to-date symlink: /home/gisbert12843/Projects/Robotics_Prak/prak2_ws/install/webots_spot_msgs/include/webots_spot_msgs/webots_spot_msgs/action/detail/peak_and_detect_object__struct.hpp
[5.463s] -- Up-to-date symlink: /home/gisbert12843/Projects/Robotics_Prak/prak2_ws/install/webots_spot_msgs/include/webots_spot_msgs/webots_spot_msgs/action/detail/peak_and_detect_object__traits.hpp
[5.463s] -- Up-to-date symlink: /home/gisbert12843/Projects/Robotics_Prak/prak2_ws/install/webots_spot_msgs/include/webots_spot_msgs/webots_spot_msgs/action/detail/stack__builder.hpp
[5.463s] -- Up-to-date symlink: /home/gisbert12843/Projects/Robotics_Prak/prak2_ws/install/webots_spot_msgs/include/webots_spot_msgs/webots_spot_msgs/action/detail/stack__struct.hpp
[5.464s] -- Up-to-date symlink: /home/gisbert12843/Projects/Robotics_Prak/prak2_ws/install/webots_spot_msgs/include/webots_spot_msgs/webots_spot_msgs/action/detail/stack__traits.hpp
[5.464s] -- Up-to-date symlink: /home/gisbert12843/Projects/Robotics_Prak/prak2_ws/install/webots_spot_msgs/include/webots_spot_msgs/webots_spot_msgs/action/peak_and_detect_object.hpp
[5.464s] -- Up-to-date symlink: /home/gisbert12843/Projects/Robotics_Prak/prak2_ws/install/webots_spot_msgs/include/webots_spot_msgs/webots_spot_msgs/action/stack.hpp
[5.465s] -- Up-to-date symlink: /home/gisbert12843/Projects/Robotics_Prak/prak2_ws/install/webots_spot_msgs/include/webots_spot_msgs/webots_spot_msgs/msg/detail/gait_input__builder.hpp
[5.465s] -- Up-to-date symlink: /home/gisbert12843/Projects/Robotics_Prak/prak2_ws/install/webots_spot_msgs/include/webots_spot_msgs/webots_spot_msgs/msg/detail/gait_input__struct.hpp
[5.465s] -- Up-to-date symlink: /home/gisbert12843/Projects/Robotics_Prak/prak2_ws/install/webots_spot_msgs/include/webots_spot_msgs/webots_spot_msgs/msg/detail/gait_input__traits.hpp
[5.466s] -- Up-to-date symlink: /home/gisbert12843/Projects/Robotics_Prak/prak2_ws/install/webots_spot_msgs/include/webots_spot_msgs/webots_spot_msgs/msg/detail/int32__builder.hpp
[5.466s] -- Up-to-date symlink: /home/gisbert12843/Projects/Robotics_Prak/prak2_ws/install/webots_spot_msgs/include/webots_spot_msgs/webots_spot_msgs/msg/detail/int32__struct.hpp
[5.466s] -- Up-to-date symlink: /home/gisbert12843/Projects/Robotics_Prak/prak2_ws/install/webots_spot_msgs/include/webots_spot_msgs/webots_spot_msgs/msg/detail/int32__traits.hpp
[5.467s] -- Up-to-date symlink: /home/gisbert12843/Projects/Robotics_Prak/prak2_ws/install/webots_spot_msgs/include/webots_spot_msgs/webots_spot_msgs/msg/detail/legs__builder.hpp
[5.467s] -- Up-to-date symlink: /home/gisbert12843/Projects/Robotics_Prak/prak2_ws/install/webots_spot_msgs/include/webots_spot_msgs/webots_spot_msgs/msg/detail/legs__struct.hpp
[5.467s] -- Up-to-date symlink: /home/gisbert12843/Projects/Robotics_Prak/prak2_ws/install/webots_spot_msgs/include/webots_spot_msgs/webots_spot_msgs/msg/detail/legs__traits.hpp
[5.467s] -- Up-to-date symlink: /home/gisbert12843/Projects/Robotics_Prak/prak2_ws/install/webots_spot_msgs/include/webots_spot_msgs/webots_spot_msgs/msg/gait_input.hpp
[5.468s] -- Up-to-date symlink: /home/gisbert12843/Projects/Robotics_Prak/prak2_ws/install/webots_spot_msgs/include/webots_spot_msgs/webots_spot_msgs/msg/int32.hpp
[5.468s] -- Up-to-date symlink: /home/gisbert12843/Projects/Robotics_Prak/prak2_ws/install/webots_spot_msgs/include/webots_spot_msgs/webots_spot_msgs/msg/legs.hpp
[5.468s] -- Up-to-date symlink: /home/gisbert12843/Projects/Robotics_Prak/prak2_ws/install/webots_spot_msgs/include/webots_spot_msgs/webots_spot_msgs/srv/block_pose.hpp
[5.469s] -- Up-to-date symlink: /home/gisbert12843/Projects/Robotics_Prak/prak2_ws/install/webots_spot_msgs/include/webots_spot_msgs/webots_spot_msgs/srv/detail/block_pose__builder.hpp
[5.469s] -- Up-to-date symlink: /home/gisbert12843/Projects/Robotics_Prak/prak2_ws/install/webots_spot_msgs/include/webots_spot_msgs/webots_spot_msgs/srv/detail/block_pose__struct.hpp
[5.469s] -- Up-to-date symlink: /home/gisbert12843/Projects/Robotics_Prak/prak2_ws/install/webots_spot_msgs/include/webots_spot_msgs/webots_spot_msgs/srv/detail/block_pose__traits.hpp
[5.470s] -- Up-to-date symlink: /home/gisbert12843/Projects/Robotics_Prak/prak2_ws/install/webots_spot_msgs/include/webots_spot_msgs/webots_spot_msgs/srv/detail/spot_height__builder.hpp
[5.470s] -- Up-to-date symlink: /home/gisbert12843/Projects/Robotics_Prak/prak2_ws/install/webots_spot_msgs/include/webots_spot_msgs/webots_spot_msgs/srv/detail/spot_height__struct.hpp
[5.471s] -- Up-to-date symlink: /home/gisbert12843/Projects/Robotics_Prak/prak2_ws/install/webots_spot_msgs/include/webots_spot_msgs/webots_spot_msgs/srv/detail/spot_height__traits.hpp
[5.471s] -- Up-to-date symlink: /home/gisbert12843/Projects/Robotics_Prak/prak2_ws/install/webots_spot_msgs/include/webots_spot_msgs/webots_spot_msgs/srv/detail/spot_motion__builder.hpp
[5.471s] -- Up-to-date symlink: /home/gisbert12843/Projects/Robotics_Prak/prak2_ws/install/webots_spot_msgs/include/webots_spot_msgs/webots_spot_msgs/srv/detail/spot_motion__struct.hpp
[5.472s] -- Up-to-date symlink: /home/gisbert12843/Projects/Robotics_Prak/prak2_ws/install/webots_spot_msgs/include/webots_spot_msgs/webots_spot_msgs/srv/detail/spot_motion__traits.hpp
[5.472s] -- Up-to-date symlink: /home/gisbert12843/Projects/Robotics_Prak/prak2_ws/install/webots_spot_msgs/include/webots_spot_msgs/webots_spot_msgs/srv/spot_height.hpp
[5.472s] -- Up-to-date symlink: /home/gisbert12843/Projects/Robotics_Prak/prak2_ws/install/webots_spot_msgs/include/webots_spot_msgs/webots_spot_msgs/srv/spot_motion.hpp
[5.474s] -- Up-to-date symlink: /home/gisbert12843/Projects/Robotics_Prak/prak2_ws/install/webots_spot_msgs/include/webots_spot_msgs/webots_spot_msgs/action/detail/peak_and_detect_object__rosidl_typesupport_fastrtps_cpp.hpp
[5.474s] -- Up-to-date symlink: /home/gisbert12843/Projects/Robotics_Prak/prak2_ws/install/webots_spot_msgs/include/webots_spot_msgs/webots_spot_msgs/action/detail/stack__rosidl_typesupport_fastrtps_cpp.hpp
[5.475s] -- Up-to-date symlink: /home/gisbert12843/Projects/Robotics_Prak/prak2_ws/install/webots_spot_msgs/include/webots_spot_msgs/webots_spot_msgs/msg/detail/gait_input__rosidl_typesupport_fastrtps_cpp.hpp
[5.475s] -- Up-to-date symlink: /home/gisbert12843/Projects/Robotics_Prak/prak2_ws/install/webots_spot_msgs/include/webots_spot_msgs/webots_spot_msgs/msg/detail/int32__rosidl_typesupport_fastrtps_cpp.hpp
[5.476s] -- Up-to-date symlink: /home/gisbert12843/Projects/Robotics_Prak/prak2_ws/install/webots_spot_msgs/include/webots_spot_msgs/webots_spot_msgs/msg/detail/legs__rosidl_typesupport_fastrtps_cpp.hpp
[5.476s] -- Up-to-date symlink: /home/gisbert12843/Projects/Robotics_Prak/prak2_ws/install/webots_spot_msgs/include/webots_spot_msgs/webots_spot_msgs/msg/rosidl_typesupport_fastrtps_cpp__visibility_control.h
[5.477s] -- Up-to-date symlink: /home/gisbert12843/Projects/Robotics_Prak/prak2_ws/install/webots_spot_msgs/include/webots_spot_msgs/webots_spot_msgs/srv/detail/block_pose__rosidl_typesupport_fastrtps_cpp.hpp
[5.477s] -- Up-to-date symlink: /home/gisbert12843/Projects/Robotics_Prak/prak2_ws/install/webots_spot_msgs/include/webots_spot_msgs/webots_spot_msgs/srv/detail/spot_height__rosidl_typesupport_fastrtps_cpp.hpp
[5.478s] -- Up-to-date symlink: /home/gisbert12843/Projects/Robotics_Prak/prak2_ws/install/webots_spot_msgs/include/webots_spot_msgs/webots_spot_msgs/srv/detail/spot_motion__rosidl_typesupport_fastrtps_cpp.hpp
[5.480s] -- Up-to-date symlink: /home/gisbert12843/Projects/Robotics_Prak/prak2_ws/install/webots_spot_msgs/include/webots_spot_msgs/webots_spot_msgs/action/detail/peak_and_detect_object__rosidl_typesupport_introspection_cpp.hpp
[5.480s] -- Up-to-date symlink: /home/gisbert12843/Projects/Robotics_Prak/prak2_ws/install/webots_spot_msgs/include/webots_spot_msgs/webots_spot_msgs/action/detail/stack__rosidl_typesupport_introspection_cpp.hpp
[5.480s] -- Up-to-date symlink: /home/gisbert12843/Projects/Robotics_Prak/prak2_ws/install/webots_spot_msgs/include/webots_spot_msgs/webots_spot_msgs/msg/detail/gait_input__rosidl_typesupport_introspection_cpp.hpp
[5.481s] -- Up-to-date symlink: /home/gisbert12843/Projects/Robotics_Prak/prak2_ws/install/webots_spot_msgs/include/webots_spot_msgs/webots_spot_msgs/msg/detail/int32__rosidl_typesupport_introspection_cpp.hpp
[5.481s] -- Up-to-date symlink: /home/gisbert12843/Projects/Robotics_Prak/prak2_ws/install/webots_spot_msgs/include/webots_spot_msgs/webots_spot_msgs/msg/detail/legs__rosidl_typesupport_introspection_cpp.hpp
[5.481s] -- Up-to-date symlink: /home/gisbert12843/Projects/Robotics_Prak/prak2_ws/install/webots_spot_msgs/include/webots_spot_msgs/webots_spot_msgs/srv/detail/block_pose__rosidl_typesupport_introspection_cpp.hpp
[5.481s] -- Up-to-date symlink: /home/gisbert12843/Projects/Robotics_Prak/prak2_ws/install/webots_spot_msgs/include/webots_spot_msgs/webots_spot_msgs/srv/detail/spot_height__rosidl_typesupport_introspection_cpp.hpp
[5.482s] -- Up-to-date symlink: /home/gisbert12843/Projects/Robotics_Prak/prak2_ws/install/webots_spot_msgs/include/webots_spot_msgs/webots_spot_msgs/srv/detail/spot_motion__rosidl_typesupport_introspection_cpp.hpp
[5.482s] -- Up-to-date symlink: /home/gisbert12843/Projects/Robotics_Prak/prak2_ws/install/webots_spot_msgs/share/webots_spot_msgs/environment/pythonpath.sh
[5.482s] -- Up-to-date symlink: /home/gisbert12843/Projects/Robotics_Prak/prak2_ws/install/webots_spot_msgs/share/webots_spot_msgs/environment/pythonpath.dsv
[5.483s] -- Up-to-date symlink: /home/gisbert12843/Projects/Robotics_Prak/prak2_ws/install/webots_spot_msgs/local/lib/python3.10/dist-packages/webots_spot_msgs-0.0.0-py3.10.egg-info/PKG-INFO
[5.483s] -- Up-to-date symlink: /home/gisbert12843/Projects/Robotics_Prak/prak2_ws/install/webots_spot_msgs/local/lib/python3.10/dist-packages/webots_spot_msgs-0.0.0-py3.10.egg-info/SOURCES.txt
[5.483s] -- Up-to-date symlink: /home/gisbert12843/Projects/Robotics_Prak/prak2_ws/install/webots_spot_msgs/local/lib/python3.10/dist-packages/webots_spot_msgs-0.0.0-py3.10.egg-info/dependency_links.txt
[5.484s] -- Up-to-date symlink: /home/gisbert12843/Projects/Robotics_Prak/prak2_ws/install/webots_spot_msgs/local/lib/python3.10/dist-packages/webots_spot_msgs-0.0.0-py3.10.egg-info/top_level.txt
[5.485s] -- Up-to-date symlink: /home/gisbert12843/Projects/Robotics_Prak/prak2_ws/install/webots_spot_msgs/local/lib/python3.10/dist-packages/webots_spot_msgs/__init__.py
[5.486s] -- Up-to-date symlink: /home/gisbert12843/Projects/Robotics_Prak/prak2_ws/install/webots_spot_msgs/local/lib/python3.10/dist-packages/webots_spot_msgs/_webots_spot_msgs_s.ep.rosidl_typesupport_c.c
[5.486s] -- Up-to-date symlink: /home/gisbert12843/Projects/Robotics_Prak/prak2_ws/install/webots_spot_msgs/local/lib/python3.10/dist-packages/webots_spot_msgs/_webots_spot_msgs_s.ep.rosidl_typesupport_fastrtps_c.c
[5.486s] -- Up-to-date symlink: /home/gisbert12843/Projects/Robotics_Prak/prak2_ws/install/webots_spot_msgs/local/lib/python3.10/dist-packages/webots_spot_msgs/_webots_spot_msgs_s.ep.rosidl_typesupport_introspection_c.c
[5.487s] -- Up-to-date symlink: /home/gisbert12843/Projects/Robotics_Prak/prak2_ws/install/webots_spot_msgs/local/lib/python3.10/dist-packages/webots_spot_msgs/action/__init__.py
[5.487s] -- Up-to-date symlink: /home/gisbert12843/Projects/Robotics_Prak/prak2_ws/install/webots_spot_msgs/local/lib/python3.10/dist-packages/webots_spot_msgs/action/_peak_and_detect_object.py
[5.487s] -- Up-to-date symlink: /home/gisbert12843/Projects/Robotics_Prak/prak2_ws/install/webots_spot_msgs/local/lib/python3.10/dist-packages/webots_spot_msgs/action/_peak_and_detect_object_s.c
[5.487s] -- Up-to-date symlink: /home/gisbert12843/Projects/Robotics_Prak/prak2_ws/install/webots_spot_msgs/local/lib/python3.10/dist-packages/webots_spot_msgs/action/_stack.py
[5.488s] -- Up-to-date symlink: /home/gisbert12843/Projects/Robotics_Prak/prak2_ws/install/webots_spot_msgs/local/lib/python3.10/dist-packages/webots_spot_msgs/action/_stack_s.c
[5.488s] -- Up-to-date symlink: /home/gisbert12843/Projects/Robotics_Prak/prak2_ws/install/webots_spot_msgs/local/lib/python3.10/dist-packages/webots_spot_msgs/libwebots_spot_msgs__rosidl_generator_py.so
[5.488s] -- Up-to-date symlink: /home/gisbert12843/Projects/Robotics_Prak/prak2_ws/install/webots_spot_msgs/local/lib/python3.10/dist-packages/webots_spot_msgs/msg/__init__.py
[5.489s] -- Up-to-date symlink: /home/gisbert12843/Projects/Robotics_Prak/prak2_ws/install/webots_spot_msgs/local/lib/python3.10/dist-packages/webots_spot_msgs/msg/_gait_input.py
[5.489s] -- Up-to-date symlink: /home/gisbert12843/Projects/Robotics_Prak/prak2_ws/install/webots_spot_msgs/local/lib/python3.10/dist-packages/webots_spot_msgs/msg/_gait_input_s.c
[5.489s] -- Up-to-date symlink: /home/gisbert12843/Projects/Robotics_Prak/prak2_ws/install/webots_spot_msgs/local/lib/python3.10/dist-packages/webots_spot_msgs/msg/_int32.py
[5.489s] -- Up-to-date symlink: /home/gisbert12843/Projects/Robotics_Prak/prak2_ws/install/webots_spot_msgs/local/lib/python3.10/dist-packages/webots_spot_msgs/msg/_int32_s.c
[5.490s] -- Up-to-date symlink: /home/gisbert12843/Projects/Robotics_Prak/prak2_ws/install/webots_spot_msgs/local/lib/python3.10/dist-packages/webots_spot_msgs/msg/_legs.py
[5.490s] -- Up-to-date symlink: /home/gisbert12843/Projects/Robotics_Prak/prak2_ws/install/webots_spot_msgs/local/lib/python3.10/dist-packages/webots_spot_msgs/msg/_legs_s.c
[5.490s] -- Up-to-date symlink: /home/gisbert12843/Projects/Robotics_Prak/prak2_ws/install/webots_spot_msgs/local/lib/python3.10/dist-packages/webots_spot_msgs/srv/__init__.py
[5.491s] -- Up-to-date symlink: /home/gisbert12843/Projects/Robotics_Prak/prak2_ws/install/webots_spot_msgs/local/lib/python3.10/dist-packages/webots_spot_msgs/srv/_block_pose.py
[5.491s] -- Up-to-date symlink: /home/gisbert12843/Projects/Robotics_Prak/prak2_ws/install/webots_spot_msgs/local/lib/python3.10/dist-packages/webots_spot_msgs/srv/_block_pose_s.c
[5.491s] -- Up-to-date symlink: /home/gisbert12843/Projects/Robotics_Prak/prak2_ws/install/webots_spot_msgs/local/lib/python3.10/dist-packages/webots_spot_msgs/srv/_spot_height.py
[5.492s] -- Up-to-date symlink: /home/gisbert12843/Projects/Robotics_Prak/prak2_ws/install/webots_spot_msgs/local/lib/python3.10/dist-packages/webots_spot_msgs/srv/_spot_height_s.c
[5.492s] -- Up-to-date symlink: /home/gisbert12843/Projects/Robotics_Prak/prak2_ws/install/webots_spot_msgs/local/lib/python3.10/dist-packages/webots_spot_msgs/srv/_spot_motion.py
[5.492s] -- Up-to-date symlink: /home/gisbert12843/Projects/Robotics_Prak/prak2_ws/install/webots_spot_msgs/local/lib/python3.10/dist-packages/webots_spot_msgs/srv/_spot_motion_s.c
[5.492s] -- Up-to-date symlink: /home/gisbert12843/Projects/Robotics_Prak/prak2_ws/install/webots_spot_msgs/local/lib/python3.10/dist-packages/webots_spot_msgs/webots_spot_msgs_s__rosidl_typesupport_c.cpython-310-x86_64-linux-gnu.so
[5.493s] -- Up-to-date symlink: /home/gisbert12843/Projects/Robotics_Prak/prak2_ws/install/webots_spot_msgs/local/lib/python3.10/dist-packages/webots_spot_msgs/webots_spot_msgs_s__rosidl_typesupport_fastrtps_c.cpython-310-x86_64-linux-gnu.so
[5.493s] -- Up-to-date symlink: /home/gisbert12843/Projects/Robotics_Prak/prak2_ws/install/webots_spot_msgs/local/lib/python3.10/dist-packages/webots_spot_msgs/webots_spot_msgs_s__rosidl_typesupport_introspection_c.cpython-310-x86_64-linux-gnu.so
[5.493s] -- Up-to-date symlink: /home/gisbert12843/Projects/Robotics_Prak/prak2_ws/install/webots_spot_msgs/local/lib/python3.10/dist-packages/webots_spot_msgs/webots_spot_msgs_s__rosidl_typesupport_fastrtps_c.cpython-310-x86_64-linux-gnu.so
[5.493s] -- Up-to-date symlink: /home/gisbert12843/Projects/Robotics_Prak/prak2_ws/install/webots_spot_msgs/local/lib/python3.10/dist-packages/webots_spot_msgs/webots_spot_msgs_s__rosidl_typesupport_introspection_c.cpython-310-x86_64-linux-gnu.so
[5.493s] -- Up-to-date symlink: /home/gisbert12843/Projects/Robotics_Prak/prak2_ws/install/webots_spot_msgs/local/lib/python3.10/dist-packages/webots_spot_msgs/webots_spot_msgs_s__rosidl_typesupport_c.cpython-310-x86_64-linux-gnu.so
[5.494s] -- Up-to-date symlink: /home/gisbert12843/Projects/Robotics_Prak/prak2_ws/install/webots_spot_msgs/share/webots_spot_msgs/msg/Int32.idl
[5.494s] -- Up-to-date symlink: /home/gisbert12843/Projects/Robotics_Prak/prak2_ws/install/webots_spot_msgs/share/webots_spot_msgs/msg/Legs.idl
[5.494s] -- Up-to-date symlink: /home/gisbert12843/Projects/Robotics_Prak/prak2_ws/install/webots_spot_msgs/share/webots_spot_msgs/msg/GaitInput.idl
[5.495s] -- Up-to-date symlink: /home/gisbert12843/Projects/Robotics_Prak/prak2_ws/install/webots_spot_msgs/share/webots_spot_msgs/srv/SpotMotion.idl
[5.495s] -- Up-to-date symlink: /home/gisbert12843/Projects/Robotics_Prak/prak2_ws/install/webots_spot_msgs/share/webots_spot_msgs/srv/SpotHeight.idl
[5.495s] -- Up-to-date symlink: /home/gisbert12843/Projects/Robotics_Prak/prak2_ws/install/webots_spot_msgs/share/webots_spot_msgs/srv/BlockPose.idl
[5.495s] -- Up-to-date symlink: /home/gisbert12843/Projects/Robotics_Prak/prak2_ws/install/webots_spot_msgs/share/webots_spot_msgs/action/Stack.idl
[5.496s] -- Up-to-date symlink: /home/gisbert12843/Projects/Robotics_Prak/prak2_ws/install/webots_spot_msgs/share/webots_spot_msgs/action/PeakAndDetectObject.idl
[5.496s] -- Up-to-date symlink: /home/gisbert12843/Projects/Robotics_Prak/prak2_ws/install/webots_spot_msgs/share/webots_spot_msgs/msg/Int32.msg
[5.496s] -- Up-to-date symlink: /home/gisbert12843/Projects/Robotics_Prak/prak2_ws/install/webots_spot_msgs/share/webots_spot_msgs/msg/Legs.msg
[5.497s] -- Up-to-date symlink: /home/gisbert12843/Projects/Robotics_Prak/prak2_ws/install/webots_spot_msgs/share/webots_spot_msgs/msg/GaitInput.msg
[5.497s] -- Up-to-date symlink: /home/gisbert12843/Projects/Robotics_Prak/prak2_ws/install/webots_spot_msgs/share/webots_spot_msgs/srv/SpotMotion.srv
[5.497s] -- Up-to-date symlink: /home/gisbert12843/Projects/Robotics_Prak/prak2_ws/install/webots_spot_msgs/share/webots_spot_msgs/srv/SpotMotion_Request.msg
[5.498s] -- Up-to-date symlink: /home/gisbert12843/Projects/Robotics_Prak/prak2_ws/install/webots_spot_msgs/share/webots_spot_msgs/srv/SpotMotion_Response.msg
[5.498s] -- Up-to-date symlink: /home/gisbert12843/Projects/Robotics_Prak/prak2_ws/install/webots_spot_msgs/share/webots_spot_msgs/srv/SpotHeight.srv
[5.498s] -- Up-to-date symlink: /home/gisbert12843/Projects/Robotics_Prak/prak2_ws/install/webots_spot_msgs/share/webots_spot_msgs/srv/SpotHeight_Request.msg
[5.499s] -- Up-to-date symlink: /home/gisbert12843/Projects/Robotics_Prak/prak2_ws/install/webots_spot_msgs/share/webots_spot_msgs/srv/SpotHeight_Response.msg
[5.499s] -- Up-to-date symlink: /home/gisbert12843/Projects/Robotics_Prak/prak2_ws/install/webots_spot_msgs/share/webots_spot_msgs/srv/BlockPose.srv
[5.499s] -- Up-to-date symlink: /home/gisbert12843/Projects/Robotics_Prak/prak2_ws/install/webots_spot_msgs/share/webots_spot_msgs/srv/BlockPose_Request.msg
[5.500s] -- Up-to-date symlink: /home/gisbert12843/Projects/Robotics_Prak/prak2_ws/install/webots_spot_msgs/share/webots_spot_msgs/srv/BlockPose_Response.msg
[5.500s] -- Up-to-date symlink: /home/gisbert12843/Projects/Robotics_Prak/prak2_ws/install/webots_spot_msgs/share/webots_spot_msgs/action/Stack.action
[5.500s] -- Up-to-date symlink: /home/gisbert12843/Projects/Robotics_Prak/prak2_ws/install/webots_spot_msgs/share/webots_spot_msgs/action/PeakAndDetectObject.action
[5.501s] -- Up-to-date symlink: /home/gisbert12843/Projects/Robotics_Prak/prak2_ws/install/webots_spot_msgs/share/ament_index/resource_index/package_run_dependencies/webots_spot_msgs
[5.501s] -- Up-to-date symlink: /home/gisbert12843/Projects/Robotics_Prak/prak2_ws/install/webots_spot_msgs/share/ament_index/resource_index/parent_prefix_path/webots_spot_msgs
[5.501s] -- Up-to-date symlink: /home/gisbert12843/Projects/Robotics_Prak/prak2_ws/install/webots_spot_msgs/share/webots_spot_msgs/environment/ament_prefix_path.sh
[5.502s] -- Up-to-date symlink: /home/gisbert12843/Projects/Robotics_Prak/prak2_ws/install/webots_spot_msgs/share/webots_spot_msgs/environment/ament_prefix_path.dsv
[5.502s] -- Up-to-date symlink: /home/gisbert12843/Projects/Robotics_Prak/prak2_ws/install/webots_spot_msgs/share/webots_spot_msgs/environment/path.sh
[5.502s] -- Up-to-date symlink: /home/gisbert12843/Projects/Robotics_Prak/prak2_ws/install/webots_spot_msgs/share/webots_spot_msgs/environment/path.dsv
[5.503s] -- Up-to-date symlink: /home/gisbert12843/Projects/Robotics_Prak/prak2_ws/install/webots_spot_msgs/share/webots_spot_msgs/local_setup.bash
[5.503s] -- Up-to-date symlink: /home/gisbert12843/Projects/Robotics_Prak/prak2_ws/install/webots_spot_msgs/share/webots_spot_msgs/local_setup.sh
[5.503s] -- Up-to-date symlink: /home/gisbert12843/Projects/Robotics_Prak/prak2_ws/install/webots_spot_msgs/share/webots_spot_msgs/local_setup.zsh
[5.503s] -- Up-to-date symlink: /home/gisbert12843/Projects/Robotics_Prak/prak2_ws/install/webots_spot_msgs/share/webots_spot_msgs/local_setup.dsv
[5.503s] -- Symlinking: /home/gisbert12843/Projects/Robotics_Prak/prak2_ws/install/webots_spot_msgs/share/webots_spot_msgs/package.dsv
[5.511s] -- Up-to-date symlink: /home/gisbert12843/Projects/Robotics_Prak/prak2_ws/install/webots_spot_msgs/share/ament_index/resource_index/packages/webots_spot_msgs
[5.511s] -- Up-to-date symlink: /home/gisbert12843/Projects/Robotics_Prak/prak2_ws/install/webots_spot_msgs/share/webots_spot_msgs/cmake/rosidl_cmake-extras.cmake
[5.511s] -- Up-to-date symlink: /home/gisbert12843/Projects/Robotics_Prak/prak2_ws/install/webots_spot_msgs/share/webots_spot_msgs/cmake/ament_cmake_export_dependencies-extras.cmake
[5.512s] -- Up-to-date symlink: /home/gisbert12843/Projects/Robotics_Prak/prak2_ws/install/webots_spot_msgs/share/webots_spot_msgs/cmake/ament_cmake_export_include_directories-extras.cmake
[5.512s] -- Up-to-date symlink: /home/gisbert12843/Projects/Robotics_Prak/prak2_ws/install/webots_spot_msgs/share/webots_spot_msgs/cmake/ament_cmake_export_libraries-extras.cmake
[5.512s] -- Up-to-date symlink: /home/gisbert12843/Projects/Robotics_Prak/prak2_ws/install/webots_spot_msgs/share/webots_spot_msgs/cmake/ament_cmake_export_targets-extras.cmake
[5.513s] -- Up-to-date symlink: /home/gisbert12843/Projects/Robotics_Prak/prak2_ws/install/webots_spot_msgs/share/webots_spot_msgs/cmake/rosidl_cmake_export_typesupport_targets-extras.cmake
[5.513s] -- Up-to-date symlink: /home/gisbert12843/Projects/Robotics_Prak/prak2_ws/install/webots_spot_msgs/share/webots_spot_msgs/cmake/rosidl_cmake_export_typesupport_libraries-extras.cmake
[5.513s] -- Up-to-date symlink: /home/gisbert12843/Projects/Robotics_Prak/prak2_ws/install/webots_spot_msgs/share/webots_spot_msgs/cmake/webots_spot_msgsConfig.cmake
[5.514s] -- Up-to-date symlink: /home/gisbert12843/Projects/Robotics_Prak/prak2_ws/install/webots_spot_msgs/share/webots_spot_msgs/cmake/webots_spot_msgsConfig-version.cmake
[5.514s] -- Up-to-date symlink: /home/gisbert12843/Projects/Robotics_Prak/prak2_ws/install/webots_spot_msgs/share/webots_spot_msgs/package.xml
[5.514s] -- Installing: /home/gisbert12843/Projects/Robotics_Prak/prak2_ws/install/webots_spot_msgs/lib/libwebots_spot_msgs__rosidl_generator_c.so
[5.515s] -- Set runtime path of "/home/gisbert12843/Projects/Robotics_Prak/prak2_ws/install/webots_spot_msgs/lib/libwebots_spot_msgs__rosidl_generator_c.so" to ""
[5.516s] -- Installing: /home/gisbert12843/Projects/Robotics_Prak/prak2_ws/install/webots_spot_msgs/lib/libwebots_spot_msgs__rosidl_typesupport_fastrtps_c.so
[5.516s] -- Set runtime path of "/home/gisbert12843/Projects/Robotics_Prak/prak2_ws/install/webots_spot_msgs/lib/libwebots_spot_msgs__rosidl_typesupport_fastrtps_c.so" to ""
[5.516s] -- Installing: /home/gisbert12843/Projects/Robotics_Prak/prak2_ws/install/webots_spot_msgs/lib/libwebots_spot_msgs__rosidl_typesupport_introspection_c.so
[5.517s] -- Set runtime path of "/home/gisbert12843/Projects/Robotics_Prak/prak2_ws/install/webots_spot_msgs/lib/libwebots_spot_msgs__rosidl_typesupport_introspection_c.so" to ""
[5.518s] -- Installing: /home/gisbert12843/Projects/Robotics_Prak/prak2_ws/install/webots_spot_msgs/lib/libwebots_spot_msgs__rosidl_typesupport_c.so
[5.518s] -- Set runtime path of "/home/gisbert12843/Projects/Robotics_Prak/prak2_ws/install/webots_spot_msgs/lib/libwebots_spot_msgs__rosidl_typesupport_c.so" to ""
[5.518s] -- Installing: /home/gisbert12843/Projects/Robotics_Prak/prak2_ws/install/webots_spot_msgs/lib/libwebots_spot_msgs__rosidl_typesupport_fastrtps_cpp.so
[5.519s] -- Set runtime path of "/home/gisbert12843/Projects/Robotics_Prak/prak2_ws/install/webots_spot_msgs/lib/libwebots_spot_msgs__rosidl_typesupport_fastrtps_cpp.so" to ""
[5.520s] -- Installing: /home/gisbert12843/Projects/Robotics_Prak/prak2_ws/install/webots_spot_msgs/lib/libwebots_spot_msgs__rosidl_typesupport_introspection_cpp.so
[5.520s] -- Set runtime path of "/home/gisbert12843/Projects/Robotics_Prak/prak2_ws/install/webots_spot_msgs/lib/libwebots_spot_msgs__rosidl_typesupport_introspection_cpp.so" to ""
[5.521s] -- Installing: /home/gisbert12843/Projects/Robotics_Prak/prak2_ws/install/webots_spot_msgs/lib/libwebots_spot_msgs__rosidl_typesupport_cpp.so
[5.521s] -- Set runtime path of "/home/gisbert12843/Projects/Robotics_Prak/prak2_ws/install/webots_spot_msgs/lib/libwebots_spot_msgs__rosidl_typesupport_cpp.so" to ""
[5.570s] Listing '/home/gisbert12843/Projects/Robotics_Prak/prak2_ws/install/webots_spot_msgs/local/lib/python3.10/dist-packages/webots_spot_msgs'...
[5.570s] Compiling '/home/gisbert12843/Projects/Robotics_Prak/prak2_ws/install/webots_spot_msgs/local/lib/python3.10/dist-packages/webots_spot_msgs/__init__.py'...
[5.570s] Listing '/home/gisbert12843/Projects/Robotics_Prak/prak2_ws/install/webots_spot_msgs/local/lib/python3.10/dist-packages/webots_spot_msgs/action'...
[5.570s] Compiling '/home/gisbert12843/Projects/Robotics_Prak/prak2_ws/install/webots_spot_msgs/local/lib/python3.10/dist-packages/webots_spot_msgs/action/__init__.py'...
[5.570s] Compiling '/home/gisbert12843/Projects/Robotics_Prak/prak2_ws/install/webots_spot_msgs/local/lib/python3.10/dist-packages/webots_spot_msgs/action/_peak_and_detect_object.py'...
[5.570s] Compiling '/home/gisbert12843/Projects/Robotics_Prak/prak2_ws/install/webots_spot_msgs/local/lib/python3.10/dist-packages/webots_spot_msgs/action/_stack.py'...
[5.570s] Listing '/home/gisbert12843/Projects/Robotics_Prak/prak2_ws/install/webots_spot_msgs/local/lib/python3.10/dist-packages/webots_spot_msgs/msg'...
[5.570s] Compiling '/home/gisbert12843/Projects/Robotics_Prak/prak2_ws/install/webots_spot_msgs/local/lib/python3.10/dist-packages/webots_spot_msgs/msg/__init__.py'...
[5.570s] Compiling '/home/gisbert12843/Projects/Robotics_Prak/prak2_ws/install/webots_spot_msgs/local/lib/python3.10/dist-packages/webots_spot_msgs/msg/_gait_input.py'...
[5.570s] Compiling '/home/gisbert12843/Projects/Robotics_Prak/prak2_ws/install/webots_spot_msgs/local/lib/python3.10/dist-packages/webots_spot_msgs/msg/_int32.py'...
[5.570s] Compiling '/home/gisbert12843/Projects/Robotics_Prak/prak2_ws/install/webots_spot_msgs/local/lib/python3.10/dist-packages/webots_spot_msgs/msg/_legs.py'...
[5.570s] Listing '/home/gisbert12843/Projects/Robotics_Prak/prak2_ws/install/webots_spot_msgs/local/lib/python3.10/dist-packages/webots_spot_msgs/srv'...
[5.570s] Compiling '/home/gisbert12843/Projects/Robotics_Prak/prak2_ws/install/webots_spot_msgs/local/lib/python3.10/dist-packages/webots_spot_msgs/srv/__init__.py'...
[5.570s] Compiling '/home/gisbert12843/Projects/Robotics_Prak/prak2_ws/install/webots_spot_msgs/local/lib/python3.10/dist-packages/webots_spot_msgs/srv/_block_pose.py'...
[5.570s] Compiling '/home/gisbert12843/Projects/Robotics_Prak/prak2_ws/install/webots_spot_msgs/local/lib/python3.10/dist-packages/webots_spot_msgs/srv/_spot_height.py'...
[5.570s] Compiling '/home/gisbert12843/Projects/Robotics_Prak/prak2_ws/install/webots_spot_msgs/local/lib/python3.10/dist-packages/webots_spot_msgs/srv/_spot_motion.py'...
[5.575s] -- Installing: /home/gisbert12843/Projects/Robotics_Prak/prak2_ws/install/webots_spot_msgs/lib/libwebots_spot_msgs__rosidl_generator_py.so
[5.575s] -- Set runtime path of "/home/gisbert12843/Projects/Robotics_Prak/prak2_ws/install/webots_spot_msgs/lib/libwebots_spot_msgs__rosidl_generator_py.so" to ""
[5.576s] -- Up-to-date: /home/gisbert12843/Projects/Robotics_Prak/prak2_ws/install/webots_spot_msgs/share/webots_spot_msgs/cmake/export_webots_spot_msgs__rosidl_generator_cExport.cmake
[5.576s] -- Up-to-date: /home/gisbert12843/Projects/Robotics_Prak/prak2_ws/install/webots_spot_msgs/share/webots_spot_msgs/cmake/export_webots_spot_msgs__rosidl_generator_cExport-noconfig.cmake
[5.576s] -- Up-to-date: /home/gisbert12843/Projects/Robotics_Prak/prak2_ws/install/webots_spot_msgs/share/webots_spot_msgs/cmake/export_webots_spot_msgs__rosidl_typesupport_fastrtps_cExport.cmake
[5.576s] -- Up-to-date: /home/gisbert12843/Projects/Robotics_Prak/prak2_ws/install/webots_spot_msgs/share/webots_spot_msgs/cmake/export_webots_spot_msgs__rosidl_typesupport_fastrtps_cExport-noconfig.cmake
[5.577s] -- Up-to-date: /home/gisbert12843/Projects/Robotics_Prak/prak2_ws/install/webots_spot_msgs/share/webots_spot_msgs/cmake/webots_spot_msgs__rosidl_typesupport_introspection_cExport.cmake
[5.577s] -- Up-to-date: /home/gisbert12843/Projects/Robotics_Prak/prak2_ws/install/webots_spot_msgs/share/webots_spot_msgs/cmake/webots_spot_msgs__rosidl_typesupport_introspection_cExport-noconfig.cmake
[5.577s] -- Up-to-date: /home/gisbert12843/Projects/Robotics_Prak/prak2_ws/install/webots_spot_msgs/share/webots_spot_msgs/cmake/webots_spot_msgs__rosidl_typesupport_cExport.cmake
[5.577s] -- Up-to-date: /home/gisbert12843/Projects/Robotics_Prak/prak2_ws/install/webots_spot_msgs/share/webots_spot_msgs/cmake/webots_spot_msgs__rosidl_typesupport_cExport-noconfig.cmake
[5.577s] -- Up-to-date: /home/gisbert12843/Projects/Robotics_Prak/prak2_ws/install/webots_spot_msgs/share/webots_spot_msgs/cmake/export_webots_spot_msgs__rosidl_generator_cppExport.cmake
[5.577s] -- Up-to-date: /home/gisbert12843/Projects/Robotics_Prak/prak2_ws/install/webots_spot_msgs/share/webots_spot_msgs/cmake/export_webots_spot_msgs__rosidl_typesupport_fastrtps_cppExport.cmake
[5.578s] -- Up-to-date: /home/gisbert12843/Projects/Robotics_Prak/prak2_ws/install/webots_spot_msgs/share/webots_spot_msgs/cmake/export_webots_spot_msgs__rosidl_typesupport_fastrtps_cppExport-noconfig.cmake
[5.578s] -- Up-to-date: /home/gisbert12843/Projects/Robotics_Prak/prak2_ws/install/webots_spot_msgs/share/webots_spot_msgs/cmake/webots_spot_msgs__rosidl_typesupport_introspection_cppExport.cmake
[5.578s] -- Up-to-date: /home/gisbert12843/Projects/Robotics_Prak/prak2_ws/install/webots_spot_msgs/share/webots_spot_msgs/cmake/webots_spot_msgs__rosidl_typesupport_introspection_cppExport-noconfig.cmake
[5.578s] -- Up-to-date: /home/gisbert12843/Projects/Robotics_Prak/prak2_ws/install/webots_spot_msgs/share/webots_spot_msgs/cmake/webots_spot_msgs__rosidl_typesupport_cppExport.cmake
[5.578s] -- Up-to-date: /home/gisbert12843/Projects/Robotics_Prak/prak2_ws/install/webots_spot_msgs/share/webots_spot_msgs/cmake/webots_spot_msgs__rosidl_typesupport_cppExport-noconfig.cmake
[5.578s] -- Up-to-date: /home/gisbert12843/Projects/Robotics_Prak/prak2_ws/install/webots_spot_msgs/share/webots_spot_msgs/cmake/export_webots_spot_msgs__rosidl_generator_pyExport.cmake
[5.578s] -- Up-to-date: /home/gisbert12843/Projects/Robotics_Prak/prak2_ws/install/webots_spot_msgs/share/webots_spot_msgs/cmake/export_webots_spot_msgs__rosidl_generator_pyExport-noconfig.cmake
[5.581s] Invoked command in '/home/gisbert12843/Projects/Robotics_Prak/prak2_ws/build/webots_spot_msgs' returned '0': CMAKE_PREFIX_PATH=${CMAKE_PREFIX_PATH}:/home/gisbert12843/Projects/Robotics_Prak/prak2_ws/install/webots_spot_teleop:/home/gisbert12843/Projects/Robotics_Prak/prak2_ws/install/webots_spot:/home/gisbert12843/Projects/Robotics_Prak/prak2_ws/install/webots_ros2:/home/gisbert12843/Projects/Robotics_Prak/prak2_ws/install/webots_ros2_universal_robot:/home/gisbert12843/Projects/Robotics_Prak/prak2_ws/install/webots_ros2_turtlebot:/home/gisbert12843/Projects/Robotics_Prak/prak2_ws/install/webots_ros2_tiago:/home/gisbert12843/Projects/Robotics_Prak/prak2_ws/install/webots_ros2_tests:/home/gisbert12843/Projects/Robotics_Prak/prak2_ws/install/webots_ros2_tesla:/home/gisbert12843/Projects/Robotics_Prak/prak2_ws/install/webots_ros2_mavic:/home/gisbert12843/Projects/Robotics_Prak/prak2_ws/install/webots_ros2_epuck:/home/gisbert12843/Projects/Robotics_Prak/prak2_ws/install/webots_ros2_importer:/home/gisbert12843/Projects/Robotics_Prak/prak2_ws/install/prak2_pkg:/opt/ros/humble /usr/bin/cmake --install /home/gisbert12843/Projects/Robotics_Prak/prak2_ws/build/webots_spot_msgs
