[1.072s] Invoking command in '/home/gisbert12843/ros2_ws/build/webots_ros2_importer': PYTHONPATH=/home/gisbert12843/ros2_ws/build/webots_ros2_importer/prefix_override:/usr/lib/python3/dist-packages/colcon_core/task/python/colcon_distutils_commands:/home/gisbert12843/ros2_ws/install/webots_ros2_importer/lib/python3.10/site-packages:${PYTHONPATH} /usr/bin/python3 -W ignore:setup.py install is deprecated setup.py develop --editable --build-directory /home/gisbert12843/ros2_ws/build/webots_ros2_importer/build --no-deps symlink_data
[1.389s] running develop
[1.389s] /usr/lib/python3/dist-packages/setuptools/command/easy_install.py:158: EasyInstallDeprecationWarning: easy_install command is deprecated. Use build and pip and other standards-based tools.
[1.389s]   warnings.warn(
[1.589s] running egg_info
[1.589s] writing webots_ros2_importer.egg-info/PKG-INFO
[1.590s] writing dependency_links to webots_ros2_importer.egg-info/dependency_links.txt
[1.590s] writing entry points to webots_ros2_importer.egg-info/entry_points.txt
[1.590s] writing requirements to webots_ros2_importer.egg-info/requires.txt
[1.590s] writing top-level names to webots_ros2_importer.egg-info/top_level.txt
[1.592s] reading manifest file 'webots_ros2_importer.egg-info/SOURCES.txt'
[1.593s] writing manifest file 'webots_ros2_importer.egg-info/SOURCES.txt'
[1.595s] running build_ext
[1.595s] Creating /home/gisbert12843/ros2_ws/install/webots_ros2_importer/lib/python3.10/site-packages/webots-ros2-importer.egg-link (link to .)
[1.596s] Installing urdf2proto script to /home/gisbert12843/ros2_ws/install/webots_ros2_importer/lib/webots_ros2_importer
[1.596s] Installing xacro2proto script to /home/gisbert12843/ros2_ws/install/webots_ros2_importer/lib/webots_ros2_importer
[1.596s] 
[1.596s] Installed /home/gisbert12843/ros2_ws/build/webots_ros2_importer
[1.596s] running symlink_data
[1.630s] Invoked command in '/home/gisbert12843/ros2_ws/build/webots_ros2_importer' returned '0': PYTHONPATH=/home/gisbert12843/ros2_ws/build/webots_ros2_importer/prefix_override:/usr/lib/python3/dist-packages/colcon_core/task/python/colcon_distutils_commands:/home/gisbert12843/ros2_ws/install/webots_ros2_importer/lib/python3.10/site-packages:${PYTHONPATH} /usr/bin/python3 -W ignore:setup.py install is deprecated setup.py develop --editable --build-directory /home/gisbert12843/ros2_ws/build/webots_ros2_importer/build --no-deps symlink_data
