[0.215s] Invoking command in '/home/gisbert12843/Robotics_Prak/prak2_ws/build/webots_ros2_msgs': CMAKE_PREFIX_PATH=${CMAKE_PREFIX_PATH}:/home/gisbert12843/Robotics_Prak/prak2_ws/install/webots_spot_teleop:/home/gisbert12843/Robotics_Prak/prak2_ws/install/webots_spot:/home/gisbert12843/Robotics_Prak/prak2_ws/install/webots_ros2:/home/gisbert12843/Robotics_Prak/prak2_ws/install/webots_ros2_universal_robot:/home/gisbert12843/Robotics_Prak/prak2_ws/install/webots_ros2_turtlebot:/home/gisbert12843/Robotics_Prak/prak2_ws/install/webots_ros2_tiago:/home/gisbert12843/Robotics_Prak/prak2_ws/install/webots_ros2_tests:/home/gisbert12843/Robotics_Prak/prak2_ws/install/webots_ros2_tesla:/home/gisbert12843/Robotics_Prak/prak2_ws/install/webots_ros2_mavic:/home/gisbert12843/Robotics_Prak/prak2_ws/install/webots_ros2_epuck:/home/gisbert12843/Robotics_Prak/prak2_ws/install/webots_ros2_importer:/home/gisbert12843/Robotics_Prak/prak2_ws/install/aruco_marker_detection:/opt/ros/humble /usr/bin/cmake /home/gisbert12843/Robotics_Prak/prak2_ws/src/webots_ros2/webots_ros2_msgs -DAMENT_CMAKE_SYMLINK_INSTALL=1 -DCMAKE_INSTALL_PREFIX=/home/gisbert12843/Robotics_Prak/prak2_ws/install/webots_ros2_msgs
[0.258s] -- The C compiler identification is GNU 11.4.0
[0.305s] -- The CXX compiler identification is GNU 11.4.0
[0.312s] -- Detecting C compiler ABI info
[0.375s] -- Detecting C compiler ABI info - done
[0.387s] -- Check for working C compiler: /usr/bin/cc - skipped
[0.387s] -- Detecting C compile features
[0.388s] -- Detecting C compile features - done
[0.392s] -- Detecting CXX compiler ABI info
[0.459s] -- Detecting CXX compiler ABI info - done
[0.467s] -- Check for working CXX compiler: /usr/bin/c++ - skipped
[0.467s] -- Detecting CXX compile features
[0.467s] -- Detecting CXX compile features - done
[0.469s] -- Found ament_cmake: 1.3.10 (/opt/ros/humble/share/ament_cmake/cmake)
[0.603s] -- Found Python3: /usr/bin/python3 (found version "3.10.12") found components: Interpreter 
[0.668s] -- Override CMake install command with custom implementation using symlinks instead of copying resources
[0.699s] -- Found builtin_interfaces: 1.2.1 (/opt/ros/humble/share/builtin_interfaces/cmake)
[0.728s] -- Found rosidl_generator_c: 3.1.5 (/opt/ros/humble/share/rosidl_generator_c/cmake)
[0.733s] -- Found rosidl_adapter: 3.1.5 (/opt/ros/humble/share/rosidl_adapter/cmake)
[0.741s] -- Found rosidl_generator_cpp: 3.1.5 (/opt/ros/humble/share/rosidl_generator_cpp/cmake)
[0.753s] -- Using all available rosidl_typesupport_c: rosidl_typesupport_fastrtps_c;rosidl_typesupport_introspection_c
[0.769s] -- Using all available rosidl_typesupport_cpp: rosidl_typesupport_fastrtps_cpp;rosidl_typesupport_introspection_cpp
[0.784s] -- Found rosidl_default_generators: 1.2.0 (/opt/ros/humble/share/rosidl_default_generators/cmake)
[0.795s] -- Found geometry_msgs: 4.2.4 (/opt/ros/humble/share/geometry_msgs/cmake)
[0.827s] -- Found vision_msgs: 4.1.1 (/opt/ros/humble/share/vision_msgs/cmake)
[1.210s] -- Found ament_cmake_cppcheck: 0.12.11 (/opt/ros/humble/share/ament_cmake_cppcheck/cmake)
[1.214s] -- Found ament_cmake_cpplint: 0.12.11 (/opt/ros/humble/share/ament_cmake_cpplint/cmake)
[1.217s] -- Found ament_cmake_uncrustify: 0.12.11 (/opt/ros/humble/share/ament_cmake_uncrustify/cmake)
[1.221s] -- Found ament_cmake_ros: 0.10.0 (/opt/ros/humble/share/ament_cmake_ros/cmake)
[1.707s] -- Using all available rosidl_typesupport_c: rosidl_typesupport_fastrtps_c;rosidl_typesupport_introspection_c
[1.969s] -- Using all available rosidl_typesupport_cpp: rosidl_typesupport_fastrtps_cpp;rosidl_typesupport_introspection_cpp
[2.002s] -- Found PythonInterp: /usr/bin/python3 (found suitable version "3.10.12", minimum required is "3.6") 
[2.004s] -- Found python_cmake_module: 0.10.0 (/opt/ros/humble/share/python_cmake_module/cmake)
[2.036s] -- Found PythonLibs: /usr/lib/x86_64-linux-gnu/libpython3.10.so (found suitable version "3.10.12", minimum required is "3.5") 
[2.036s] -- Using PYTHON_EXECUTABLE: /usr/bin/python3
[2.036s] -- Using PYTHON_INCLUDE_DIRS: /usr/include/python3.10
[2.036s] -- Using PYTHON_LIBRARIES: /usr/lib/x86_64-linux-gnu/libpython3.10.so
[2.060s] -- Found PythonExtra: .so  
[2.160s] -- Found ament_cmake_flake8: 0.12.11 (/opt/ros/humble/share/ament_cmake_flake8/cmake)
[2.164s] -- Found ament_cmake_pep257: 0.12.11 (/opt/ros/humble/share/ament_cmake_pep257/cmake)
[2.174s] -- Found ament_lint_auto: 0.12.11 (/opt/ros/humble/share/ament_lint_auto/cmake)
[2.194s] -- Added test 'lint_cmake' to check CMake code style
[2.195s] -- Added test 'xmllint' to check XML markup files
[2.202s] -- Configuring done
[2.288s] -- Generating done
[2.294s] -- Build files have been written to: /home/gisbert12843/Robotics_Prak/prak2_ws/build/webots_ros2_msgs
[2.312s] Invoked command in '/home/gisbert12843/Robotics_Prak/prak2_ws/build/webots_ros2_msgs' returned '0': CMAKE_PREFIX_PATH=${CMAKE_PREFIX_PATH}:/home/gisbert12843/Robotics_Prak/prak2_ws/install/webots_spot_teleop:/home/gisbert12843/Robotics_Prak/prak2_ws/install/webots_spot:/home/gisbert12843/Robotics_Prak/prak2_ws/install/webots_ros2:/home/gisbert12843/Robotics_Prak/prak2_ws/install/webots_ros2_universal_robot:/home/gisbert12843/Robotics_Prak/prak2_ws/install/webots_ros2_turtlebot:/home/gisbert12843/Robotics_Prak/prak2_ws/install/webots_ros2_tiago:/home/gisbert12843/Robotics_Prak/prak2_ws/install/webots_ros2_tests:/home/gisbert12843/Robotics_Prak/prak2_ws/install/webots_ros2_tesla:/home/gisbert12843/Robotics_Prak/prak2_ws/install/webots_ros2_mavic:/home/gisbert12843/Robotics_Prak/prak2_ws/install/webots_ros2_epuck:/home/gisbert12843/Robotics_Prak/prak2_ws/install/webots_ros2_importer:/home/gisbert12843/Robotics_Prak/prak2_ws/install/aruco_marker_detection:/opt/ros/humble /usr/bin/cmake /home/gisbert12843/Robotics_Prak/prak2_ws/src/webots_ros2/webots_ros2_msgs -DAMENT_CMAKE_SYMLINK_INSTALL=1 -DCMAKE_INSTALL_PREFIX=/home/gisbert12843/Robotics_Prak/prak2_ws/install/webots_ros2_msgs
[2.315s] Invoking command in '/home/gisbert12843/Robotics_Prak/prak2_ws/build/webots_ros2_msgs': CMAKE_PREFIX_PATH=${CMAKE_PREFIX_PATH}:/home/gisbert12843/Robotics_Prak/prak2_ws/install/webots_spot_teleop:/home/gisbert12843/Robotics_Prak/prak2_ws/install/webots_spot:/home/gisbert12843/Robotics_Prak/prak2_ws/install/webots_ros2:/home/gisbert12843/Robotics_Prak/prak2_ws/install/webots_ros2_universal_robot:/home/gisbert12843/Robotics_Prak/prak2_ws/install/webots_ros2_turtlebot:/home/gisbert12843/Robotics_Prak/prak2_ws/install/webots_ros2_tiago:/home/gisbert12843/Robotics_Prak/prak2_ws/install/webots_ros2_tests:/home/gisbert12843/Robotics_Prak/prak2_ws/install/webots_ros2_tesla:/home/gisbert12843/Robotics_Prak/prak2_ws/install/webots_ros2_mavic:/home/gisbert12843/Robotics_Prak/prak2_ws/install/webots_ros2_epuck:/home/gisbert12843/Robotics_Prak/prak2_ws/install/webots_ros2_importer:/home/gisbert12843/Robotics_Prak/prak2_ws/install/aruco_marker_detection:/opt/ros/humble /usr/bin/cmake --build /home/gisbert12843/Robotics_Prak/prak2_ws/build/webots_ros2_msgs -- -j8 -l8
[2.370s] [  1%] [34m[1mGenerating C code for ROS interfaces[0m
[2.379s] [  1%] [34m[1mGenerating C++ code for ROS interfaces[0m
[2.389s] [  1%] Built target ament_cmake_python_symlink_webots_ros2_msgs
[2.850s] running egg_info
[2.852s] creating webots_ros2_msgs.egg-info
[2.852s] writing webots_ros2_msgs.egg-info/PKG-INFO
[2.853s] writing dependency_links to webots_ros2_msgs.egg-info/dependency_links.txt
[2.853s] writing top-level names to webots_ros2_msgs.egg-info/top_level.txt
[2.853s] writing manifest file 'webots_ros2_msgs.egg-info/SOURCES.txt'
[2.861s] reading manifest file 'webots_ros2_msgs.egg-info/SOURCES.txt'
[2.861s] writing manifest file 'webots_ros2_msgs.egg-info/SOURCES.txt'
[2.905s] [  1%] Built target ament_cmake_python_build_webots_ros2_msgs_egg
[3.891s] [  1%] Built target webots_ros2_msgs__cpp
[3.906s] [  2%] [34m[1mGenerating C++ type support dispatch for ROS interfaces[0m
[3.921s] [  2%] [34m[1mGenerating C++ type support for eProsima Fast-RTPS[0m
[3.931s] [  3%] [34m[1mGenerating C++ introspection for ROS interfaces[0m
[4.086s] [  4%] [32mBuilding C object CMakeFiles/webots_ros2_msgs__rosidl_generator_c.dir/rosidl_generator_c/webots_ros2_msgs/msg/detail/bool_stamped__functions.c.o[0m
[4.086s] [  5%] [32mBuilding C object CMakeFiles/webots_ros2_msgs__rosidl_generator_c.dir/rosidl_generator_c/webots_ros2_msgs/msg/detail/string_stamped__functions.c.o[0m
[4.093s] [  6%] [32mBuilding C object CMakeFiles/webots_ros2_msgs__rosidl_generator_c.dir/rosidl_generator_c/webots_ros2_msgs/msg/detail/float_stamped__functions.c.o[0m
[4.097s] [  6%] [32mBuilding C object CMakeFiles/webots_ros2_msgs__rosidl_generator_c.dir/rosidl_generator_c/webots_ros2_msgs/msg/detail/camera_recognition_object__functions.c.o[0m
[4.098s] [  7%] [32mBuilding C object CMakeFiles/webots_ros2_msgs__rosidl_generator_c.dir/rosidl_generator_c/webots_ros2_msgs/msg/detail/camera_recognition_objects__functions.c.o[0m
[4.236s] [  8%] [32mBuilding C object CMakeFiles/webots_ros2_msgs__rosidl_generator_c.dir/rosidl_generator_c/webots_ros2_msgs/msg/detail/urdf_robot__functions.c.o[0m
[4.236s] [  9%] [32mBuilding C object CMakeFiles/webots_ros2_msgs__rosidl_generator_c.dir/rosidl_generator_c/webots_ros2_msgs/srv/detail/emitter_send_string__functions.c.o[0m
[4.241s] [ 10%] [32mBuilding C object CMakeFiles/webots_ros2_msgs__rosidl_generator_c.dir/rosidl_generator_c/webots_ros2_msgs/msg/detail/pen_ink_properties__functions.c.o[0m
[4.250s] [ 11%] [32mBuilding C object CMakeFiles/webots_ros2_msgs__rosidl_generator_c.dir/rosidl_generator_c/webots_ros2_msgs/srv/detail/get_bool__functions.c.o[0m
[4.269s] [ 11%] [32mBuilding C object CMakeFiles/webots_ros2_msgs__rosidl_generator_c.dir/rosidl_generator_c/webots_ros2_msgs/srv/detail/set_string__functions.c.o[0m
[4.410s] [ 12%] [32mBuilding C object CMakeFiles/webots_ros2_msgs__rosidl_generator_c.dir/rosidl_generator_c/webots_ros2_msgs/srv/detail/spawn_node_from_string__functions.c.o[0m
[4.435s] [ 13%] [32mBuilding C object CMakeFiles/webots_ros2_msgs__rosidl_generator_c.dir/rosidl_generator_c/webots_ros2_msgs/srv/detail/spawn_urdf_robot__functions.c.o[0m
[4.626s] [ 14%] [32m[1mLinking C shared library libwebots_ros2_msgs__rosidl_generator_c.so[0m
[4.732s] [ 14%] Built target webots_ros2_msgs__rosidl_generator_c
[4.771s] [ 15%] [34m[1mGenerating C type support for eProsima Fast-RTPS[0m
[4.772s] [ 16%] [34m[1mGenerating C introspection for ROS interfaces[0m
[4.779s] [ 17%] [34m[1mGenerating C type support dispatch for ROS interfaces[0m
[5.409s] [ 19%] [32mBuilding CXX object CMakeFiles/webots_ros2_msgs__rosidl_typesupport_cpp.dir/rosidl_typesupport_cpp/webots_ros2_msgs/msg/string_stamped__type_support.cpp.o[0m
[5.410s] [ 19%] [32mBuilding CXX object CMakeFiles/webots_ros2_msgs__rosidl_typesupport_cpp.dir/rosidl_typesupport_cpp/webots_ros2_msgs/msg/bool_stamped__type_support.cpp.o[0m
[5.414s] [ 20%] [32mBuilding CXX object CMakeFiles/webots_ros2_msgs__rosidl_typesupport_cpp.dir/rosidl_typesupport_cpp/webots_ros2_msgs/msg/float_stamped__type_support.cpp.o[0m
[6.065s] [ 21%] [32mBuilding CXX object CMakeFiles/webots_ros2_msgs__rosidl_typesupport_cpp.dir/rosidl_typesupport_cpp/webots_ros2_msgs/msg/camera_recognition_object__type_support.cpp.o[0m
[6.583s] [ 21%] [32mBuilding CXX object CMakeFiles/webots_ros2_msgs__rosidl_typesupport_cpp.dir/rosidl_typesupport_cpp/webots_ros2_msgs/msg/camera_recognition_objects__type_support.cpp.o[0m
[6.667s] [ 22%] [32mBuilding CXX object CMakeFiles/webots_ros2_msgs__rosidl_typesupport_fastrtps_cpp.dir/rosidl_typesupport_fastrtps_cpp/webots_ros2_msgs/msg/detail/dds_fastrtps/bool_stamped__type_support.cpp.o[0m
[6.716s] [ 23%] [32mBuilding CXX object CMakeFiles/webots_ros2_msgs__rosidl_typesupport_cpp.dir/rosidl_typesupport_cpp/webots_ros2_msgs/msg/urdf_robot__type_support.cpp.o[0m
[6.741s] [ 24%] [32mBuilding CXX object CMakeFiles/webots_ros2_msgs__rosidl_typesupport_cpp.dir/rosidl_typesupport_cpp/webots_ros2_msgs/msg/pen_ink_properties__type_support.cpp.o[0m
[6.891s] [ 25%] [32mBuilding CXX object CMakeFiles/webots_ros2_msgs__rosidl_typesupport_c.dir/rosidl_typesupport_c/webots_ros2_msgs/msg/bool_stamped__type_support.cpp.o[0m
[6.992s] [ 25%] [32mBuilding CXX object CMakeFiles/webots_ros2_msgs__rosidl_typesupport_c.dir/rosidl_typesupport_c/webots_ros2_msgs/msg/float_stamped__type_support.cpp.o[0m
[7.096s] [ 26%] [32mBuilding CXX object CMakeFiles/webots_ros2_msgs__rosidl_typesupport_c.dir/rosidl_typesupport_c/webots_ros2_msgs/msg/string_stamped__type_support.cpp.o[0m
[7.147s] [ 26%] [32mBuilding CXX object CMakeFiles/webots_ros2_msgs__rosidl_typesupport_introspection_cpp.dir/rosidl_typesupport_introspection_cpp/webots_ros2_msgs/msg/detail/bool_stamped__type_support.cpp.o[0m
[7.241s] [ 27%] [32mBuilding CXX object CMakeFiles/webots_ros2_msgs__rosidl_typesupport_c.dir/rosidl_typesupport_c/webots_ros2_msgs/msg/camera_recognition_object__type_support.cpp.o[0m
[7.376s] [ 28%] [32mBuilding CXX object CMakeFiles/webots_ros2_msgs__rosidl_typesupport_c.dir/rosidl_typesupport_c/webots_ros2_msgs/msg/camera_recognition_objects__type_support.cpp.o[0m
[7.427s] [ 29%] [32mBuilding CXX object CMakeFiles/webots_ros2_msgs__rosidl_typesupport_introspection_cpp.dir/rosidl_typesupport_introspection_cpp/webots_ros2_msgs/msg/detail/float_stamped__type_support.cpp.o[0m
[7.512s] [ 31%] [32mBuilding CXX object CMakeFiles/webots_ros2_msgs__rosidl_typesupport_c.dir/rosidl_typesupport_c/webots_ros2_msgs/msg/urdf_robot__type_support.cpp.o[0m
[7.512s] [ 31%] [32mBuilding CXX object CMakeFiles/webots_ros2_msgs__rosidl_typesupport_fastrtps_cpp.dir/rosidl_typesupport_fastrtps_cpp/webots_ros2_msgs/msg/detail/dds_fastrtps/float_stamped__type_support.cpp.o[0m
[7.529s] [ 32%] [32mBuilding CXX object CMakeFiles/webots_ros2_msgs__rosidl_typesupport_fastrtps_cpp.dir/rosidl_typesupport_fastrtps_cpp/webots_ros2_msgs/msg/detail/dds_fastrtps/string_stamped__type_support.cpp.o[0m
[7.585s] [ 33%] [32mBuilding CXX object CMakeFiles/webots_ros2_msgs__rosidl_typesupport_cpp.dir/rosidl_typesupport_cpp/webots_ros2_msgs/srv/emitter_send_string__type_support.cpp.o[0m
[7.640s] [ 34%] [32mBuilding CXX object CMakeFiles/webots_ros2_msgs__rosidl_typesupport_c.dir/rosidl_typesupport_c/webots_ros2_msgs/msg/pen_ink_properties__type_support.cpp.o[0m
[7.769s] [ 34%] [32mBuilding CXX object CMakeFiles/webots_ros2_msgs__rosidl_typesupport_c.dir/rosidl_typesupport_c/webots_ros2_msgs/srv/emitter_send_string__type_support.cpp.o[0m
[7.873s] [ 35%] [32mBuilding CXX object CMakeFiles/webots_ros2_msgs__rosidl_typesupport_c.dir/rosidl_typesupport_c/webots_ros2_msgs/srv/get_bool__type_support.cpp.o[0m
[7.965s] [ 36%] [32mBuilding CXX object CMakeFiles/webots_ros2_msgs__rosidl_typesupport_c.dir/rosidl_typesupport_c/webots_ros2_msgs/srv/set_string__type_support.cpp.o[0m
[8.062s] [ 37%] [32mBuilding CXX object CMakeFiles/webots_ros2_msgs__rosidl_typesupport_c.dir/rosidl_typesupport_c/webots_ros2_msgs/srv/spawn_node_from_string__type_support.cpp.o[0m
[8.164s] [ 38%] [32mBuilding CXX object CMakeFiles/webots_ros2_msgs__rosidl_typesupport_c.dir/rosidl_typesupport_c/webots_ros2_msgs/srv/spawn_urdf_robot__type_support.cpp.o[0m
[8.299s] [ 39%] [32m[1mLinking CXX shared library libwebots_ros2_msgs__rosidl_typesupport_c.so[0m
[8.389s] [ 40%] [32mBuilding CXX object CMakeFiles/webots_ros2_msgs__rosidl_typesupport_fastrtps_c.dir/rosidl_typesupport_fastrtps_c/webots_ros2_msgs/msg/detail/bool_stamped__type_support_c.cpp.o[0m
[8.483s] [ 40%] Built target webots_ros2_msgs__rosidl_typesupport_c
[8.488s] [ 41%] [32mBuilding CXX object CMakeFiles/webots_ros2_msgs__rosidl_typesupport_cpp.dir/rosidl_typesupport_cpp/webots_ros2_msgs/srv/get_bool__type_support.cpp.o[0m
[8.504s] [ 42%] [32mBuilding CXX object CMakeFiles/webots_ros2_msgs__rosidl_typesupport_cpp.dir/rosidl_typesupport_cpp/webots_ros2_msgs/srv/set_string__type_support.cpp.o[0m
[8.538s] [ 43%] [32mBuilding C object CMakeFiles/webots_ros2_msgs__rosidl_typesupport_introspection_c.dir/rosidl_typesupport_introspection_c/webots_ros2_msgs/msg/detail/bool_stamped__type_support.c.o[0m
[8.551s] [ 44%] [32mBuilding CXX object CMakeFiles/webots_ros2_msgs__rosidl_typesupport_fastrtps_cpp.dir/rosidl_typesupport_fastrtps_cpp/webots_ros2_msgs/msg/detail/dds_fastrtps/camera_recognition_object__type_support.cpp.o[0m
[8.613s] [ 44%] [32mBuilding CXX object CMakeFiles/webots_ros2_msgs__rosidl_typesupport_cpp.dir/rosidl_typesupport_cpp/webots_ros2_msgs/srv/spawn_node_from_string__type_support.cpp.o[0m
[8.637s] [ 45%] [32mBuilding C object CMakeFiles/webots_ros2_msgs__rosidl_typesupport_introspection_c.dir/rosidl_typesupport_introspection_c/webots_ros2_msgs/msg/detail/float_stamped__type_support.c.o[0m
[8.715s] [ 46%] [32mBuilding C object CMakeFiles/webots_ros2_msgs__rosidl_typesupport_introspection_c.dir/rosidl_typesupport_introspection_c/webots_ros2_msgs/msg/detail/string_stamped__type_support.c.o[0m
[8.729s] [ 47%] [32mBuilding CXX object CMakeFiles/webots_ros2_msgs__rosidl_typesupport_cpp.dir/rosidl_typesupport_cpp/webots_ros2_msgs/srv/spawn_urdf_robot__type_support.cpp.o[0m
[8.865s] [ 47%] [32mBuilding C object CMakeFiles/webots_ros2_msgs__rosidl_typesupport_introspection_c.dir/rosidl_typesupport_introspection_c/webots_ros2_msgs/msg/detail/camera_recognition_object__type_support.c.o[0m
[8.979s] [ 48%] [32mBuilding CXX object CMakeFiles/webots_ros2_msgs__rosidl_typesupport_introspection_cpp.dir/rosidl_typesupport_introspection_cpp/webots_ros2_msgs/msg/detail/string_stamped__type_support.cpp.o[0m
[8.994s] [ 49%] [32mBuilding C object CMakeFiles/webots_ros2_msgs__rosidl_typesupport_introspection_c.dir/rosidl_typesupport_introspection_c/webots_ros2_msgs/msg/detail/camera_recognition_objects__type_support.c.o[0m
[9.124s] [ 50%] [32mBuilding C object CMakeFiles/webots_ros2_msgs__rosidl_typesupport_introspection_c.dir/rosidl_typesupport_introspection_c/webots_ros2_msgs/msg/detail/urdf_robot__type_support.c.o[0m
[9.227s] [ 51%] [32mBuilding C object CMakeFiles/webots_ros2_msgs__rosidl_typesupport_introspection_c.dir/rosidl_typesupport_introspection_c/webots_ros2_msgs/msg/detail/pen_ink_properties__type_support.c.o[0m
[9.328s] [ 52%] [32mBuilding C object CMakeFiles/webots_ros2_msgs__rosidl_typesupport_introspection_c.dir/rosidl_typesupport_introspection_c/webots_ros2_msgs/srv/detail/emitter_send_string__type_support.c.o[0m
[9.332s] [ 53%] [32mBuilding CXX object CMakeFiles/webots_ros2_msgs__rosidl_typesupport_introspection_cpp.dir/rosidl_typesupport_introspection_cpp/webots_ros2_msgs/msg/detail/camera_recognition_object__type_support.cpp.o[0m
[9.402s] [ 54%] [32mBuilding C object CMakeFiles/webots_ros2_msgs__rosidl_typesupport_introspection_c.dir/rosidl_typesupport_introspection_c/webots_ros2_msgs/srv/detail/get_bool__type_support.c.o[0m
[9.485s] [ 55%] [32mBuilding C object CMakeFiles/webots_ros2_msgs__rosidl_typesupport_introspection_c.dir/rosidl_typesupport_introspection_c/webots_ros2_msgs/srv/detail/set_string__type_support.c.o[0m
[9.532s] [ 56%] [32mBuilding CXX object CMakeFiles/webots_ros2_msgs__rosidl_typesupport_fastrtps_c.dir/rosidl_typesupport_fastrtps_c/webots_ros2_msgs/msg/detail/float_stamped__type_support_c.cpp.o[0m
[9.568s] [ 56%] [32mBuilding CXX object CMakeFiles/webots_ros2_msgs__rosidl_typesupport_fastrtps_c.dir/rosidl_typesupport_fastrtps_c/webots_ros2_msgs/msg/detail/string_stamped__type_support_c.cpp.o[0m
[9.609s] [ 56%] [32mBuilding C object CMakeFiles/webots_ros2_msgs__rosidl_typesupport_introspection_c.dir/rosidl_typesupport_introspection_c/webots_ros2_msgs/srv/detail/spawn_node_from_string__type_support.c.o[0m
[9.621s] [ 57%] [32m[1mLinking CXX shared library libwebots_ros2_msgs__rosidl_typesupport_cpp.so[0m
[9.627s] [ 58%] [32mBuilding CXX object CMakeFiles/webots_ros2_msgs__rosidl_typesupport_fastrtps_c.dir/rosidl_typesupport_fastrtps_c/webots_ros2_msgs/msg/detail/camera_recognition_object__type_support_c.cpp.o[0m
[9.727s] [ 59%] [32mBuilding C object CMakeFiles/webots_ros2_msgs__rosidl_typesupport_introspection_c.dir/rosidl_typesupport_introspection_c/webots_ros2_msgs/srv/detail/spawn_urdf_robot__type_support.c.o[0m
[9.802s] [ 59%] Built target webots_ros2_msgs__rosidl_typesupport_cpp
[9.829s] [ 60%] [32mBuilding CXX object CMakeFiles/webots_ros2_msgs__rosidl_typesupport_fastrtps_cpp.dir/rosidl_typesupport_fastrtps_cpp/webots_ros2_msgs/msg/detail/dds_fastrtps/camera_recognition_objects__type_support.cpp.o[0m
[9.831s] [ 61%] [32m[1mLinking C shared library libwebots_ros2_msgs__rosidl_typesupport_introspection_c.so[0m
[9.919s] [ 61%] Built target webots_ros2_msgs__rosidl_typesupport_introspection_c
[9.939s] [ 61%] [32mBuilding CXX object CMakeFiles/webots_ros2_msgs__rosidl_typesupport_fastrtps_cpp.dir/rosidl_typesupport_fastrtps_cpp/webots_ros2_msgs/msg/detail/dds_fastrtps/urdf_robot__type_support.cpp.o[0m
[10.158s] [ 62%] [32mBuilding CXX object CMakeFiles/webots_ros2_msgs__rosidl_typesupport_fastrtps_cpp.dir/rosidl_typesupport_fastrtps_cpp/webots_ros2_msgs/msg/detail/dds_fastrtps/pen_ink_properties__type_support.cpp.o[0m
[10.595s] [ 63%] [32mBuilding CXX object CMakeFiles/webots_ros2_msgs__rosidl_typesupport_fastrtps_cpp.dir/rosidl_typesupport_fastrtps_cpp/webots_ros2_msgs/srv/detail/dds_fastrtps/emitter_send_string__type_support.cpp.o[0m
[10.729s] [ 64%] [32mBuilding CXX object CMakeFiles/webots_ros2_msgs__rosidl_typesupport_fastrtps_c.dir/rosidl_typesupport_fastrtps_c/webots_ros2_msgs/msg/detail/camera_recognition_objects__type_support_c.cpp.o[0m
[10.837s] [ 65%] [32mBuilding CXX object CMakeFiles/webots_ros2_msgs__rosidl_typesupport_fastrtps_cpp.dir/rosidl_typesupport_fastrtps_cpp/webots_ros2_msgs/srv/detail/dds_fastrtps/get_bool__type_support.cpp.o[0m
[10.907s] [ 66%] [32mBuilding CXX object CMakeFiles/webots_ros2_msgs__rosidl_typesupport_introspection_cpp.dir/rosidl_typesupport_introspection_cpp/webots_ros2_msgs/msg/detail/camera_recognition_objects__type_support.cpp.o[0m
[11.027s] [ 67%] [32mBuilding CXX object CMakeFiles/webots_ros2_msgs__rosidl_typesupport_fastrtps_cpp.dir/rosidl_typesupport_fastrtps_cpp/webots_ros2_msgs/srv/detail/dds_fastrtps/set_string__type_support.cpp.o[0m
[11.146s] [ 68%] [32mBuilding CXX object CMakeFiles/webots_ros2_msgs__rosidl_typesupport_introspection_cpp.dir/rosidl_typesupport_introspection_cpp/webots_ros2_msgs/msg/detail/urdf_robot__type_support.cpp.o[0m
[11.349s] [ 68%] [32mBuilding CXX object CMakeFiles/webots_ros2_msgs__rosidl_typesupport_introspection_cpp.dir/rosidl_typesupport_introspection_cpp/webots_ros2_msgs/msg/detail/pen_ink_properties__type_support.cpp.o[0m
[11.461s] [ 69%] [32mBuilding CXX object CMakeFiles/webots_ros2_msgs__rosidl_typesupport_fastrtps_c.dir/rosidl_typesupport_fastrtps_c/webots_ros2_msgs/msg/detail/urdf_robot__type_support_c.cpp.o[0m
[11.589s] [ 70%] [32mBuilding CXX object CMakeFiles/webots_ros2_msgs__rosidl_typesupport_fastrtps_cpp.dir/rosidl_typesupport_fastrtps_cpp/webots_ros2_msgs/srv/detail/dds_fastrtps/spawn_node_from_string__type_support.cpp.o[0m
[11.783s] [ 71%] [32mBuilding CXX object CMakeFiles/webots_ros2_msgs__rosidl_typesupport_introspection_cpp.dir/rosidl_typesupport_introspection_cpp/webots_ros2_msgs/srv/detail/emitter_send_string__type_support.cpp.o[0m
[11.943s] [ 72%] [32mBuilding CXX object CMakeFiles/webots_ros2_msgs__rosidl_typesupport_fastrtps_c.dir/rosidl_typesupport_fastrtps_c/webots_ros2_msgs/msg/detail/pen_ink_properties__type_support_c.cpp.o[0m
[12.094s] [ 73%] [32mBuilding CXX object CMakeFiles/webots_ros2_msgs__rosidl_typesupport_introspection_cpp.dir/rosidl_typesupport_introspection_cpp/webots_ros2_msgs/srv/detail/get_bool__type_support.cpp.o[0m
[12.172s] [ 74%] [32mBuilding CXX object CMakeFiles/webots_ros2_msgs__rosidl_typesupport_introspection_cpp.dir/rosidl_typesupport_introspection_cpp/webots_ros2_msgs/srv/detail/set_string__type_support.cpp.o[0m
[12.187s] [ 74%] [32mBuilding CXX object CMakeFiles/webots_ros2_msgs__rosidl_typesupport_fastrtps_cpp.dir/rosidl_typesupport_fastrtps_cpp/webots_ros2_msgs/srv/detail/dds_fastrtps/spawn_urdf_robot__type_support.cpp.o[0m
[12.254s] [ 75%] [32mBuilding CXX object CMakeFiles/webots_ros2_msgs__rosidl_typesupport_introspection_cpp.dir/rosidl_typesupport_introspection_cpp/webots_ros2_msgs/srv/detail/spawn_node_from_string__type_support.cpp.o[0m
[12.260s] [ 76%] [32mBuilding CXX object CMakeFiles/webots_ros2_msgs__rosidl_typesupport_introspection_cpp.dir/rosidl_typesupport_introspection_cpp/webots_ros2_msgs/srv/detail/spawn_urdf_robot__type_support.cpp.o[0m
[12.451s] [ 77%] [32mBuilding CXX object CMakeFiles/webots_ros2_msgs__rosidl_typesupport_fastrtps_c.dir/rosidl_typesupport_fastrtps_c/webots_ros2_msgs/srv/detail/emitter_send_string__type_support_c.cpp.o[0m
[12.459s] [ 77%] [32mBuilding CXX object CMakeFiles/webots_ros2_msgs__rosidl_typesupport_fastrtps_c.dir/rosidl_typesupport_fastrtps_c/webots_ros2_msgs/srv/detail/get_bool__type_support_c.cpp.o[0m
[12.694s] [ 78%] [32mBuilding CXX object CMakeFiles/webots_ros2_msgs__rosidl_typesupport_fastrtps_c.dir/rosidl_typesupport_fastrtps_c/webots_ros2_msgs/srv/detail/set_string__type_support_c.cpp.o[0m
[12.905s] [ 79%] [32mBuilding CXX object CMakeFiles/webots_ros2_msgs__rosidl_typesupport_fastrtps_c.dir/rosidl_typesupport_fastrtps_c/webots_ros2_msgs/srv/detail/spawn_node_from_string__type_support_c.cpp.o[0m
[12.940s] [ 80%] [32mBuilding CXX object CMakeFiles/webots_ros2_msgs__rosidl_typesupport_fastrtps_c.dir/rosidl_typesupport_fastrtps_c/webots_ros2_msgs/srv/detail/spawn_urdf_robot__type_support_c.cpp.o[0m
[12.949s] [ 81%] [32m[1mLinking CXX shared library libwebots_ros2_msgs__rosidl_typesupport_fastrtps_cpp.so[0m
[12.980s] [ 82%] [32m[1mLinking CXX shared library libwebots_ros2_msgs__rosidl_typesupport_introspection_cpp.so[0m
[13.100s] [ 82%] Built target webots_ros2_msgs__rosidl_typesupport_fastrtps_cpp
[13.121s] [ 82%] Built target webots_ros2_msgs__rosidl_typesupport_introspection_cpp
[13.400s] [ 83%] [32m[1mLinking CXX shared library libwebots_ros2_msgs__rosidl_typesupport_fastrtps_c.so[0m
[13.479s] [ 83%] Built target webots_ros2_msgs__rosidl_typesupport_fastrtps_c
[13.499s] [ 83%] Built target webots_ros2_msgs
[13.520s] [ 84%] [34m[1mGenerating Python code for ROS interfaces[0m
[15.487s] [ 84%] Built target webots_ros2_msgs__py
[15.513s] [ 84%] [32mBuilding C object CMakeFiles/webots_ros2_msgs__rosidl_generator_py.dir/rosidl_generator_py/webots_ros2_msgs/msg/_string_stamped_s.c.o[0m
[15.513s] [ 86%] [32mBuilding C object CMakeFiles/webots_ros2_msgs__rosidl_generator_py.dir/rosidl_generator_py/webots_ros2_msgs/msg/_camera_recognition_objects_s.c.o[0m
[15.513s] [ 86%] [32mBuilding C object CMakeFiles/webots_ros2_msgs__rosidl_generator_py.dir/rosidl_generator_py/webots_ros2_msgs/msg/_camera_recognition_object_s.c.o[0m
[15.513s] [ 87%] [32mBuilding C object CMakeFiles/webots_ros2_msgs__rosidl_generator_py.dir/rosidl_generator_py/webots_ros2_msgs/msg/_bool_stamped_s.c.o[0m
[15.514s] [ 88%] [32mBuilding C object CMakeFiles/webots_ros2_msgs__rosidl_generator_py.dir/rosidl_generator_py/webots_ros2_msgs/msg/_float_stamped_s.c.o[0m
[15.520s] [ 90%] [32mBuilding C object CMakeFiles/webots_ros2_msgs__rosidl_generator_py.dir/rosidl_generator_py/webots_ros2_msgs/msg/_pen_ink_properties_s.c.o[0m
[15.527s] [ 90%] [32mBuilding C object CMakeFiles/webots_ros2_msgs__rosidl_generator_py.dir/rosidl_generator_py/webots_ros2_msgs/msg/_urdf_robot_s.c.o[0m
[15.529s] [ 91%] [32mBuilding C object CMakeFiles/webots_ros2_msgs__rosidl_generator_py.dir/rosidl_generator_py/webots_ros2_msgs/srv/_emitter_send_string_s.c.o[0m
[15.708s] [ 92%] [32mBuilding C object CMakeFiles/webots_ros2_msgs__rosidl_generator_py.dir/rosidl_generator_py/webots_ros2_msgs/srv/_get_bool_s.c.o[0m
[15.756s] [ 92%] [32mBuilding C object CMakeFiles/webots_ros2_msgs__rosidl_generator_py.dir/rosidl_generator_py/webots_ros2_msgs/srv/_set_string_s.c.o[0m
[15.770s] [ 93%] [32mBuilding C object CMakeFiles/webots_ros2_msgs__rosidl_generator_py.dir/rosidl_generator_py/webots_ros2_msgs/srv/_spawn_node_from_string_s.c.o[0m
[15.792s] [ 94%] [32mBuilding C object CMakeFiles/webots_ros2_msgs__rosidl_generator_py.dir/rosidl_generator_py/webots_ros2_msgs/srv/_spawn_urdf_robot_s.c.o[0m
[15.968s] [ 95%] [32m[1mLinking C shared library rosidl_generator_py/webots_ros2_msgs/libwebots_ros2_msgs__rosidl_generator_py.so[0m
[16.008s] [ 95%] Built target webots_ros2_msgs__rosidl_generator_py
[16.026s] [ 97%] [32mBuilding C object CMakeFiles/webots_ros2_msgs__rosidl_typesupport_introspection_c__pyext.dir/rosidl_generator_py/webots_ros2_msgs/_webots_ros2_msgs_s.ep.rosidl_typesupport_introspection_c.c.o[0m
[16.026s] [ 97%] [32mBuilding C object CMakeFiles/webots_ros2_msgs__rosidl_typesupport_fastrtps_c__pyext.dir/rosidl_generator_py/webots_ros2_msgs/_webots_ros2_msgs_s.ep.rosidl_typesupport_fastrtps_c.c.o[0m
[16.026s] [ 97%] [32mBuilding C object CMakeFiles/webots_ros2_msgs__rosidl_typesupport_c__pyext.dir/rosidl_generator_py/webots_ros2_msgs/_webots_ros2_msgs_s.ep.rosidl_typesupport_c.c.o[0m
[16.185s] [ 98%] [32m[1mLinking C shared library rosidl_generator_py/webots_ros2_msgs/webots_ros2_msgs_s__rosidl_typesupport_fastrtps_c.cpython-310-x86_64-linux-gnu.so[0m
[16.190s] [ 99%] [32m[1mLinking C shared library rosidl_generator_py/webots_ros2_msgs/webots_ros2_msgs_s__rosidl_typesupport_introspection_c.cpython-310-x86_64-linux-gnu.so[0m
[16.190s] [100%] [32m[1mLinking C shared library rosidl_generator_py/webots_ros2_msgs/webots_ros2_msgs_s__rosidl_typesupport_c.cpython-310-x86_64-linux-gnu.so[0m
[16.227s] [100%] Built target webots_ros2_msgs__rosidl_typesupport_fastrtps_c__pyext
[16.232s] [100%] Built target webots_ros2_msgs__rosidl_typesupport_c__pyext
[16.232s] [100%] Built target webots_ros2_msgs__rosidl_typesupport_introspection_c__pyext
[16.245s] Invoked command in '/home/gisbert12843/Robotics_Prak/prak2_ws/build/webots_ros2_msgs' returned '0': CMAKE_PREFIX_PATH=${CMAKE_PREFIX_PATH}:/home/gisbert12843/Robotics_Prak/prak2_ws/install/webots_spot_teleop:/home/gisbert12843/Robotics_Prak/prak2_ws/install/webots_spot:/home/gisbert12843/Robotics_Prak/prak2_ws/install/webots_ros2:/home/gisbert12843/Robotics_Prak/prak2_ws/install/webots_ros2_universal_robot:/home/gisbert12843/Robotics_Prak/prak2_ws/install/webots_ros2_turtlebot:/home/gisbert12843/Robotics_Prak/prak2_ws/install/webots_ros2_tiago:/home/gisbert12843/Robotics_Prak/prak2_ws/install/webots_ros2_tests:/home/gisbert12843/Robotics_Prak/prak2_ws/install/webots_ros2_tesla:/home/gisbert12843/Robotics_Prak/prak2_ws/install/webots_ros2_mavic:/home/gisbert12843/Robotics_Prak/prak2_ws/install/webots_ros2_epuck:/home/gisbert12843/Robotics_Prak/prak2_ws/install/webots_ros2_importer:/home/gisbert12843/Robotics_Prak/prak2_ws/install/aruco_marker_detection:/opt/ros/humble /usr/bin/cmake --build /home/gisbert12843/Robotics_Prak/prak2_ws/build/webots_ros2_msgs -- -j8 -l8
[16.450s] Invoking command in '/home/gisbert12843/Robotics_Prak/prak2_ws/build/webots_ros2_msgs': CMAKE_PREFIX_PATH=${CMAKE_PREFIX_PATH}:/home/gisbert12843/Robotics_Prak/prak2_ws/install/webots_spot_teleop:/home/gisbert12843/Robotics_Prak/prak2_ws/install/webots_spot:/home/gisbert12843/Robotics_Prak/prak2_ws/install/webots_ros2:/home/gisbert12843/Robotics_Prak/prak2_ws/install/webots_ros2_universal_robot:/home/gisbert12843/Robotics_Prak/prak2_ws/install/webots_ros2_turtlebot:/home/gisbert12843/Robotics_Prak/prak2_ws/install/webots_ros2_tiago:/home/gisbert12843/Robotics_Prak/prak2_ws/install/webots_ros2_tests:/home/gisbert12843/Robotics_Prak/prak2_ws/install/webots_ros2_tesla:/home/gisbert12843/Robotics_Prak/prak2_ws/install/webots_ros2_mavic:/home/gisbert12843/Robotics_Prak/prak2_ws/install/webots_ros2_epuck:/home/gisbert12843/Robotics_Prak/prak2_ws/install/webots_ros2_importer:/home/gisbert12843/Robotics_Prak/prak2_ws/install/aruco_marker_detection:/opt/ros/humble /usr/bin/cmake --install /home/gisbert12843/Robotics_Prak/prak2_ws/build/webots_ros2_msgs
[16.456s] -- Install configuration: ""
[16.456s] -- Execute custom install script
[16.456s] -- Symlinking: /home/gisbert12843/Robotics_Prak/prak2_ws/install/webots_ros2_msgs/share/ament_index/resource_index/rosidl_interfaces/webots_ros2_msgs
[16.464s] -- Symlinking: /home/gisbert12843/Robotics_Prak/prak2_ws/install/webots_ros2_msgs/include/webots_ros2_msgs/webots_ros2_msgs/msg/bool_stamped.h
[16.471s] -- Symlinking: /home/gisbert12843/Robotics_Prak/prak2_ws/install/webots_ros2_msgs/include/webots_ros2_msgs/webots_ros2_msgs/msg/camera_recognition_object.h
[16.478s] -- Symlinking: /home/gisbert12843/Robotics_Prak/prak2_ws/install/webots_ros2_msgs/include/webots_ros2_msgs/webots_ros2_msgs/msg/camera_recognition_objects.h
[16.484s] -- Symlinking: /home/gisbert12843/Robotics_Prak/prak2_ws/install/webots_ros2_msgs/include/webots_ros2_msgs/webots_ros2_msgs/msg/detail/bool_stamped__functions.h
[16.491s] -- Symlinking: /home/gisbert12843/Robotics_Prak/prak2_ws/install/webots_ros2_msgs/include/webots_ros2_msgs/webots_ros2_msgs/msg/detail/bool_stamped__struct.h
[16.498s] -- Symlinking: /home/gisbert12843/Robotics_Prak/prak2_ws/install/webots_ros2_msgs/include/webots_ros2_msgs/webots_ros2_msgs/msg/detail/bool_stamped__type_support.h
[16.505s] -- Symlinking: /home/gisbert12843/Robotics_Prak/prak2_ws/install/webots_ros2_msgs/include/webots_ros2_msgs/webots_ros2_msgs/msg/detail/camera_recognition_object__functions.h
[16.512s] -- Symlinking: /home/gisbert12843/Robotics_Prak/prak2_ws/install/webots_ros2_msgs/include/webots_ros2_msgs/webots_ros2_msgs/msg/detail/camera_recognition_object__struct.h
[16.518s] -- Symlinking: /home/gisbert12843/Robotics_Prak/prak2_ws/install/webots_ros2_msgs/include/webots_ros2_msgs/webots_ros2_msgs/msg/detail/camera_recognition_object__type_support.h
[16.526s] -- Symlinking: /home/gisbert12843/Robotics_Prak/prak2_ws/install/webots_ros2_msgs/include/webots_ros2_msgs/webots_ros2_msgs/msg/detail/camera_recognition_objects__functions.h
[16.532s] -- Symlinking: /home/gisbert12843/Robotics_Prak/prak2_ws/install/webots_ros2_msgs/include/webots_ros2_msgs/webots_ros2_msgs/msg/detail/camera_recognition_objects__struct.h
[16.539s] -- Symlinking: /home/gisbert12843/Robotics_Prak/prak2_ws/install/webots_ros2_msgs/include/webots_ros2_msgs/webots_ros2_msgs/msg/detail/camera_recognition_objects__type_support.h
[16.546s] -- Symlinking: /home/gisbert12843/Robotics_Prak/prak2_ws/install/webots_ros2_msgs/include/webots_ros2_msgs/webots_ros2_msgs/msg/detail/float_stamped__functions.h
[16.552s] -- Symlinking: /home/gisbert12843/Robotics_Prak/prak2_ws/install/webots_ros2_msgs/include/webots_ros2_msgs/webots_ros2_msgs/msg/detail/float_stamped__struct.h
[16.559s] -- Symlinking: /home/gisbert12843/Robotics_Prak/prak2_ws/install/webots_ros2_msgs/include/webots_ros2_msgs/webots_ros2_msgs/msg/detail/float_stamped__type_support.h
[16.566s] -- Symlinking: /home/gisbert12843/Robotics_Prak/prak2_ws/install/webots_ros2_msgs/include/webots_ros2_msgs/webots_ros2_msgs/msg/detail/pen_ink_properties__functions.h
[16.572s] -- Symlinking: /home/gisbert12843/Robotics_Prak/prak2_ws/install/webots_ros2_msgs/include/webots_ros2_msgs/webots_ros2_msgs/msg/detail/pen_ink_properties__struct.h
[16.579s] -- Symlinking: /home/gisbert12843/Robotics_Prak/prak2_ws/install/webots_ros2_msgs/include/webots_ros2_msgs/webots_ros2_msgs/msg/detail/pen_ink_properties__type_support.h
[16.586s] -- Symlinking: /home/gisbert12843/Robotics_Prak/prak2_ws/install/webots_ros2_msgs/include/webots_ros2_msgs/webots_ros2_msgs/msg/detail/string_stamped__functions.h
[16.592s] -- Symlinking: /home/gisbert12843/Robotics_Prak/prak2_ws/install/webots_ros2_msgs/include/webots_ros2_msgs/webots_ros2_msgs/msg/detail/string_stamped__struct.h
[16.599s] -- Symlinking: /home/gisbert12843/Robotics_Prak/prak2_ws/install/webots_ros2_msgs/include/webots_ros2_msgs/webots_ros2_msgs/msg/detail/string_stamped__type_support.h
[16.606s] -- Symlinking: /home/gisbert12843/Robotics_Prak/prak2_ws/install/webots_ros2_msgs/include/webots_ros2_msgs/webots_ros2_msgs/msg/detail/urdf_robot__functions.h
[16.613s] -- Symlinking: /home/gisbert12843/Robotics_Prak/prak2_ws/install/webots_ros2_msgs/include/webots_ros2_msgs/webots_ros2_msgs/msg/detail/urdf_robot__struct.h
[16.619s] -- Symlinking: /home/gisbert12843/Robotics_Prak/prak2_ws/install/webots_ros2_msgs/include/webots_ros2_msgs/webots_ros2_msgs/msg/detail/urdf_robot__type_support.h
[16.626s] -- Symlinking: /home/gisbert12843/Robotics_Prak/prak2_ws/install/webots_ros2_msgs/include/webots_ros2_msgs/webots_ros2_msgs/msg/float_stamped.h
[16.633s] -- Symlinking: /home/gisbert12843/Robotics_Prak/prak2_ws/install/webots_ros2_msgs/include/webots_ros2_msgs/webots_ros2_msgs/msg/pen_ink_properties.h
[16.640s] -- Symlinking: /home/gisbert12843/Robotics_Prak/prak2_ws/install/webots_ros2_msgs/include/webots_ros2_msgs/webots_ros2_msgs/msg/rosidl_generator_c__visibility_control.h
[16.647s] -- Symlinking: /home/gisbert12843/Robotics_Prak/prak2_ws/install/webots_ros2_msgs/include/webots_ros2_msgs/webots_ros2_msgs/msg/string_stamped.h
[16.653s] -- Symlinking: /home/gisbert12843/Robotics_Prak/prak2_ws/install/webots_ros2_msgs/include/webots_ros2_msgs/webots_ros2_msgs/msg/urdf_robot.h
[16.660s] -- Symlinking: /home/gisbert12843/Robotics_Prak/prak2_ws/install/webots_ros2_msgs/include/webots_ros2_msgs/webots_ros2_msgs/srv/detail/emitter_send_string__functions.h
[16.667s] -- Symlinking: /home/gisbert12843/Robotics_Prak/prak2_ws/install/webots_ros2_msgs/include/webots_ros2_msgs/webots_ros2_msgs/srv/detail/emitter_send_string__struct.h
[16.674s] -- Symlinking: /home/gisbert12843/Robotics_Prak/prak2_ws/install/webots_ros2_msgs/include/webots_ros2_msgs/webots_ros2_msgs/srv/detail/emitter_send_string__type_support.h
[16.681s] -- Symlinking: /home/gisbert12843/Robotics_Prak/prak2_ws/install/webots_ros2_msgs/include/webots_ros2_msgs/webots_ros2_msgs/srv/detail/get_bool__functions.h
[16.687s] -- Symlinking: /home/gisbert12843/Robotics_Prak/prak2_ws/install/webots_ros2_msgs/include/webots_ros2_msgs/webots_ros2_msgs/srv/detail/get_bool__struct.h
[16.694s] -- Symlinking: /home/gisbert12843/Robotics_Prak/prak2_ws/install/webots_ros2_msgs/include/webots_ros2_msgs/webots_ros2_msgs/srv/detail/get_bool__type_support.h
[16.701s] -- Symlinking: /home/gisbert12843/Robotics_Prak/prak2_ws/install/webots_ros2_msgs/include/webots_ros2_msgs/webots_ros2_msgs/srv/detail/set_string__functions.h
[16.708s] -- Symlinking: /home/gisbert12843/Robotics_Prak/prak2_ws/install/webots_ros2_msgs/include/webots_ros2_msgs/webots_ros2_msgs/srv/detail/set_string__struct.h
[16.715s] -- Symlinking: /home/gisbert12843/Robotics_Prak/prak2_ws/install/webots_ros2_msgs/include/webots_ros2_msgs/webots_ros2_msgs/srv/detail/set_string__type_support.h
[16.721s] -- Symlinking: /home/gisbert12843/Robotics_Prak/prak2_ws/install/webots_ros2_msgs/include/webots_ros2_msgs/webots_ros2_msgs/srv/detail/spawn_node_from_string__functions.h
[16.729s] -- Symlinking: /home/gisbert12843/Robotics_Prak/prak2_ws/install/webots_ros2_msgs/include/webots_ros2_msgs/webots_ros2_msgs/srv/detail/spawn_node_from_string__struct.h
[16.736s] -- Symlinking: /home/gisbert12843/Robotics_Prak/prak2_ws/install/webots_ros2_msgs/include/webots_ros2_msgs/webots_ros2_msgs/srv/detail/spawn_node_from_string__type_support.h
[16.742s] -- Symlinking: /home/gisbert12843/Robotics_Prak/prak2_ws/install/webots_ros2_msgs/include/webots_ros2_msgs/webots_ros2_msgs/srv/detail/spawn_urdf_robot__functions.h
[16.750s] -- Symlinking: /home/gisbert12843/Robotics_Prak/prak2_ws/install/webots_ros2_msgs/include/webots_ros2_msgs/webots_ros2_msgs/srv/detail/spawn_urdf_robot__struct.h
[16.757s] -- Symlinking: /home/gisbert12843/Robotics_Prak/prak2_ws/install/webots_ros2_msgs/include/webots_ros2_msgs/webots_ros2_msgs/srv/detail/spawn_urdf_robot__type_support.h
[16.763s] -- Symlinking: /home/gisbert12843/Robotics_Prak/prak2_ws/install/webots_ros2_msgs/include/webots_ros2_msgs/webots_ros2_msgs/srv/emitter_send_string.h
[16.770s] -- Symlinking: /home/gisbert12843/Robotics_Prak/prak2_ws/install/webots_ros2_msgs/include/webots_ros2_msgs/webots_ros2_msgs/srv/get_bool.h
[16.777s] -- Symlinking: /home/gisbert12843/Robotics_Prak/prak2_ws/install/webots_ros2_msgs/include/webots_ros2_msgs/webots_ros2_msgs/srv/set_string.h
[16.784s] -- Symlinking: /home/gisbert12843/Robotics_Prak/prak2_ws/install/webots_ros2_msgs/include/webots_ros2_msgs/webots_ros2_msgs/srv/spawn_node_from_string.h
[16.790s] -- Symlinking: /home/gisbert12843/Robotics_Prak/prak2_ws/install/webots_ros2_msgs/include/webots_ros2_msgs/webots_ros2_msgs/srv/spawn_urdf_robot.h
[16.797s] -- Symlinking: /home/gisbert12843/Robotics_Prak/prak2_ws/install/webots_ros2_msgs/share/webots_ros2_msgs/environment/library_path.sh
[16.804s] -- Symlinking: /home/gisbert12843/Robotics_Prak/prak2_ws/install/webots_ros2_msgs/share/webots_ros2_msgs/environment/library_path.dsv
[16.812s] -- Symlinking: /home/gisbert12843/Robotics_Prak/prak2_ws/install/webots_ros2_msgs/include/webots_ros2_msgs/webots_ros2_msgs/msg/detail/bool_stamped__rosidl_typesupport_fastrtps_c.h
[16.818s] -- Symlinking: /home/gisbert12843/Robotics_Prak/prak2_ws/install/webots_ros2_msgs/include/webots_ros2_msgs/webots_ros2_msgs/msg/detail/camera_recognition_object__rosidl_typesupport_fastrtps_c.h
[16.826s] -- Symlinking: /home/gisbert12843/Robotics_Prak/prak2_ws/install/webots_ros2_msgs/include/webots_ros2_msgs/webots_ros2_msgs/msg/detail/camera_recognition_objects__rosidl_typesupport_fastrtps_c.h
[16.833s] -- Symlinking: /home/gisbert12843/Robotics_Prak/prak2_ws/install/webots_ros2_msgs/include/webots_ros2_msgs/webots_ros2_msgs/msg/detail/float_stamped__rosidl_typesupport_fastrtps_c.h
[16.840s] -- Symlinking: /home/gisbert12843/Robotics_Prak/prak2_ws/install/webots_ros2_msgs/include/webots_ros2_msgs/webots_ros2_msgs/msg/detail/pen_ink_properties__rosidl_typesupport_fastrtps_c.h
[16.847s] -- Symlinking: /home/gisbert12843/Robotics_Prak/prak2_ws/install/webots_ros2_msgs/include/webots_ros2_msgs/webots_ros2_msgs/msg/detail/string_stamped__rosidl_typesupport_fastrtps_c.h
[16.854s] -- Symlinking: /home/gisbert12843/Robotics_Prak/prak2_ws/install/webots_ros2_msgs/include/webots_ros2_msgs/webots_ros2_msgs/msg/detail/urdf_robot__rosidl_typesupport_fastrtps_c.h
[16.861s] -- Symlinking: /home/gisbert12843/Robotics_Prak/prak2_ws/install/webots_ros2_msgs/include/webots_ros2_msgs/webots_ros2_msgs/msg/rosidl_typesupport_fastrtps_c__visibility_control.h
[16.868s] -- Symlinking: /home/gisbert12843/Robotics_Prak/prak2_ws/install/webots_ros2_msgs/include/webots_ros2_msgs/webots_ros2_msgs/srv/detail/emitter_send_string__rosidl_typesupport_fastrtps_c.h
[16.874s] -- Symlinking: /home/gisbert12843/Robotics_Prak/prak2_ws/install/webots_ros2_msgs/include/webots_ros2_msgs/webots_ros2_msgs/srv/detail/get_bool__rosidl_typesupport_fastrtps_c.h
[16.881s] -- Symlinking: /home/gisbert12843/Robotics_Prak/prak2_ws/install/webots_ros2_msgs/include/webots_ros2_msgs/webots_ros2_msgs/srv/detail/set_string__rosidl_typesupport_fastrtps_c.h
[16.888s] -- Symlinking: /home/gisbert12843/Robotics_Prak/prak2_ws/install/webots_ros2_msgs/include/webots_ros2_msgs/webots_ros2_msgs/srv/detail/spawn_node_from_string__rosidl_typesupport_fastrtps_c.h
[16.894s] -- Symlinking: /home/gisbert12843/Robotics_Prak/prak2_ws/install/webots_ros2_msgs/include/webots_ros2_msgs/webots_ros2_msgs/srv/detail/spawn_urdf_robot__rosidl_typesupport_fastrtps_c.h
[16.901s] -- Symlinking: /home/gisbert12843/Robotics_Prak/prak2_ws/install/webots_ros2_msgs/include/webots_ros2_msgs/webots_ros2_msgs/msg/bool_stamped.hpp
[16.908s] -- Symlinking: /home/gisbert12843/Robotics_Prak/prak2_ws/install/webots_ros2_msgs/include/webots_ros2_msgs/webots_ros2_msgs/msg/camera_recognition_object.hpp
[16.915s] -- Symlinking: /home/gisbert12843/Robotics_Prak/prak2_ws/install/webots_ros2_msgs/include/webots_ros2_msgs/webots_ros2_msgs/msg/camera_recognition_objects.hpp
[16.921s] -- Symlinking: /home/gisbert12843/Robotics_Prak/prak2_ws/install/webots_ros2_msgs/include/webots_ros2_msgs/webots_ros2_msgs/msg/detail/bool_stamped__builder.hpp
[16.928s] -- Symlinking: /home/gisbert12843/Robotics_Prak/prak2_ws/install/webots_ros2_msgs/include/webots_ros2_msgs/webots_ros2_msgs/msg/detail/bool_stamped__struct.hpp
[16.935s] -- Symlinking: /home/gisbert12843/Robotics_Prak/prak2_ws/install/webots_ros2_msgs/include/webots_ros2_msgs/webots_ros2_msgs/msg/detail/bool_stamped__traits.hpp
[16.948s] -- Symlinking: /home/gisbert12843/Robotics_Prak/prak2_ws/install/webots_ros2_msgs/include/webots_ros2_msgs/webots_ros2_msgs/msg/detail/camera_recognition_object__builder.hpp
[16.955s] -- Symlinking: /home/gisbert12843/Robotics_Prak/prak2_ws/install/webots_ros2_msgs/include/webots_ros2_msgs/webots_ros2_msgs/msg/detail/camera_recognition_object__struct.hpp
[16.962s] -- Symlinking: /home/gisbert12843/Robotics_Prak/prak2_ws/install/webots_ros2_msgs/include/webots_ros2_msgs/webots_ros2_msgs/msg/detail/camera_recognition_object__traits.hpp
[16.968s] -- Symlinking: /home/gisbert12843/Robotics_Prak/prak2_ws/install/webots_ros2_msgs/include/webots_ros2_msgs/webots_ros2_msgs/msg/detail/camera_recognition_objects__builder.hpp
[16.975s] -- Symlinking: /home/gisbert12843/Robotics_Prak/prak2_ws/install/webots_ros2_msgs/include/webots_ros2_msgs/webots_ros2_msgs/msg/detail/camera_recognition_objects__struct.hpp
[16.982s] -- Symlinking: /home/gisbert12843/Robotics_Prak/prak2_ws/install/webots_ros2_msgs/include/webots_ros2_msgs/webots_ros2_msgs/msg/detail/camera_recognition_objects__traits.hpp
[16.988s] -- Symlinking: /home/gisbert12843/Robotics_Prak/prak2_ws/install/webots_ros2_msgs/include/webots_ros2_msgs/webots_ros2_msgs/msg/detail/float_stamped__builder.hpp
[16.995s] -- Symlinking: /home/gisbert12843/Robotics_Prak/prak2_ws/install/webots_ros2_msgs/include/webots_ros2_msgs/webots_ros2_msgs/msg/detail/float_stamped__struct.hpp
[17.002s] -- Symlinking: /home/gisbert12843/Robotics_Prak/prak2_ws/install/webots_ros2_msgs/include/webots_ros2_msgs/webots_ros2_msgs/msg/detail/float_stamped__traits.hpp
[17.009s] -- Symlinking: /home/gisbert12843/Robotics_Prak/prak2_ws/install/webots_ros2_msgs/include/webots_ros2_msgs/webots_ros2_msgs/msg/detail/pen_ink_properties__builder.hpp
[17.016s] -- Symlinking: /home/gisbert12843/Robotics_Prak/prak2_ws/install/webots_ros2_msgs/include/webots_ros2_msgs/webots_ros2_msgs/msg/detail/pen_ink_properties__struct.hpp
[17.023s] -- Symlinking: /home/gisbert12843/Robotics_Prak/prak2_ws/install/webots_ros2_msgs/include/webots_ros2_msgs/webots_ros2_msgs/msg/detail/pen_ink_properties__traits.hpp
[17.031s] -- Symlinking: /home/gisbert12843/Robotics_Prak/prak2_ws/install/webots_ros2_msgs/include/webots_ros2_msgs/webots_ros2_msgs/msg/detail/string_stamped__builder.hpp
[17.039s] -- Symlinking: /home/gisbert12843/Robotics_Prak/prak2_ws/install/webots_ros2_msgs/include/webots_ros2_msgs/webots_ros2_msgs/msg/detail/string_stamped__struct.hpp
[17.047s] -- Symlinking: /home/gisbert12843/Robotics_Prak/prak2_ws/install/webots_ros2_msgs/include/webots_ros2_msgs/webots_ros2_msgs/msg/detail/string_stamped__traits.hpp
[17.054s] -- Symlinking: /home/gisbert12843/Robotics_Prak/prak2_ws/install/webots_ros2_msgs/include/webots_ros2_msgs/webots_ros2_msgs/msg/detail/urdf_robot__builder.hpp
[17.062s] -- Symlinking: /home/gisbert12843/Robotics_Prak/prak2_ws/install/webots_ros2_msgs/include/webots_ros2_msgs/webots_ros2_msgs/msg/detail/urdf_robot__struct.hpp
[17.069s] -- Symlinking: /home/gisbert12843/Robotics_Prak/prak2_ws/install/webots_ros2_msgs/include/webots_ros2_msgs/webots_ros2_msgs/msg/detail/urdf_robot__traits.hpp
[17.077s] -- Symlinking: /home/gisbert12843/Robotics_Prak/prak2_ws/install/webots_ros2_msgs/include/webots_ros2_msgs/webots_ros2_msgs/msg/float_stamped.hpp
[17.085s] -- Symlinking: /home/gisbert12843/Robotics_Prak/prak2_ws/install/webots_ros2_msgs/include/webots_ros2_msgs/webots_ros2_msgs/msg/pen_ink_properties.hpp
[17.091s] -- Symlinking: /home/gisbert12843/Robotics_Prak/prak2_ws/install/webots_ros2_msgs/include/webots_ros2_msgs/webots_ros2_msgs/msg/string_stamped.hpp
[17.100s] -- Symlinking: /home/gisbert12843/Robotics_Prak/prak2_ws/install/webots_ros2_msgs/include/webots_ros2_msgs/webots_ros2_msgs/msg/urdf_robot.hpp
[17.107s] -- Symlinking: /home/gisbert12843/Robotics_Prak/prak2_ws/install/webots_ros2_msgs/include/webots_ros2_msgs/webots_ros2_msgs/srv/detail/emitter_send_string__builder.hpp
[17.115s] -- Symlinking: /home/gisbert12843/Robotics_Prak/prak2_ws/install/webots_ros2_msgs/include/webots_ros2_msgs/webots_ros2_msgs/srv/detail/emitter_send_string__struct.hpp
[17.122s] -- Symlinking: /home/gisbert12843/Robotics_Prak/prak2_ws/install/webots_ros2_msgs/include/webots_ros2_msgs/webots_ros2_msgs/srv/detail/emitter_send_string__traits.hpp
[17.130s] -- Symlinking: /home/gisbert12843/Robotics_Prak/prak2_ws/install/webots_ros2_msgs/include/webots_ros2_msgs/webots_ros2_msgs/srv/detail/get_bool__builder.hpp
[17.138s] -- Symlinking: /home/gisbert12843/Robotics_Prak/prak2_ws/install/webots_ros2_msgs/include/webots_ros2_msgs/webots_ros2_msgs/srv/detail/get_bool__struct.hpp
[17.144s] -- Symlinking: /home/gisbert12843/Robotics_Prak/prak2_ws/install/webots_ros2_msgs/include/webots_ros2_msgs/webots_ros2_msgs/srv/detail/get_bool__traits.hpp
[17.152s] -- Symlinking: /home/gisbert12843/Robotics_Prak/prak2_ws/install/webots_ros2_msgs/include/webots_ros2_msgs/webots_ros2_msgs/srv/detail/set_string__builder.hpp
[17.159s] -- Symlinking: /home/gisbert12843/Robotics_Prak/prak2_ws/install/webots_ros2_msgs/include/webots_ros2_msgs/webots_ros2_msgs/srv/detail/set_string__struct.hpp
[17.167s] -- Symlinking: /home/gisbert12843/Robotics_Prak/prak2_ws/install/webots_ros2_msgs/include/webots_ros2_msgs/webots_ros2_msgs/srv/detail/set_string__traits.hpp
[17.173s] -- Symlinking: /home/gisbert12843/Robotics_Prak/prak2_ws/install/webots_ros2_msgs/include/webots_ros2_msgs/webots_ros2_msgs/srv/detail/spawn_node_from_string__builder.hpp
[17.180s] -- Symlinking: /home/gisbert12843/Robotics_Prak/prak2_ws/install/webots_ros2_msgs/include/webots_ros2_msgs/webots_ros2_msgs/srv/detail/spawn_node_from_string__struct.hpp
[17.187s] -- Symlinking: /home/gisbert12843/Robotics_Prak/prak2_ws/install/webots_ros2_msgs/include/webots_ros2_msgs/webots_ros2_msgs/srv/detail/spawn_node_from_string__traits.hpp
[17.194s] -- Symlinking: /home/gisbert12843/Robotics_Prak/prak2_ws/install/webots_ros2_msgs/include/webots_ros2_msgs/webots_ros2_msgs/srv/detail/spawn_urdf_robot__builder.hpp
[17.201s] -- Symlinking: /home/gisbert12843/Robotics_Prak/prak2_ws/install/webots_ros2_msgs/include/webots_ros2_msgs/webots_ros2_msgs/srv/detail/spawn_urdf_robot__struct.hpp
[17.208s] -- Symlinking: /home/gisbert12843/Robotics_Prak/prak2_ws/install/webots_ros2_msgs/include/webots_ros2_msgs/webots_ros2_msgs/srv/detail/spawn_urdf_robot__traits.hpp
[17.215s] -- Symlinking: /home/gisbert12843/Robotics_Prak/prak2_ws/install/webots_ros2_msgs/include/webots_ros2_msgs/webots_ros2_msgs/srv/emitter_send_string.hpp
[17.222s] -- Symlinking: /home/gisbert12843/Robotics_Prak/prak2_ws/install/webots_ros2_msgs/include/webots_ros2_msgs/webots_ros2_msgs/srv/get_bool.hpp
[17.229s] -- Symlinking: /home/gisbert12843/Robotics_Prak/prak2_ws/install/webots_ros2_msgs/include/webots_ros2_msgs/webots_ros2_msgs/srv/set_string.hpp
[17.236s] -- Symlinking: /home/gisbert12843/Robotics_Prak/prak2_ws/install/webots_ros2_msgs/include/webots_ros2_msgs/webots_ros2_msgs/srv/spawn_node_from_string.hpp
[17.243s] -- Symlinking: /home/gisbert12843/Robotics_Prak/prak2_ws/install/webots_ros2_msgs/include/webots_ros2_msgs/webots_ros2_msgs/srv/spawn_urdf_robot.hpp
[17.250s] -- Symlinking: /home/gisbert12843/Robotics_Prak/prak2_ws/install/webots_ros2_msgs/include/webots_ros2_msgs/webots_ros2_msgs/msg/detail/bool_stamped__rosidl_typesupport_fastrtps_cpp.hpp
[17.257s] -- Symlinking: /home/gisbert12843/Robotics_Prak/prak2_ws/install/webots_ros2_msgs/include/webots_ros2_msgs/webots_ros2_msgs/msg/detail/camera_recognition_object__rosidl_typesupport_fastrtps_cpp.hpp
[17.264s] -- Symlinking: /home/gisbert12843/Robotics_Prak/prak2_ws/install/webots_ros2_msgs/include/webots_ros2_msgs/webots_ros2_msgs/msg/detail/camera_recognition_objects__rosidl_typesupport_fastrtps_cpp.hpp
[17.271s] -- Symlinking: /home/gisbert12843/Robotics_Prak/prak2_ws/install/webots_ros2_msgs/include/webots_ros2_msgs/webots_ros2_msgs/msg/detail/float_stamped__rosidl_typesupport_fastrtps_cpp.hpp
[17.278s] -- Symlinking: /home/gisbert12843/Robotics_Prak/prak2_ws/install/webots_ros2_msgs/include/webots_ros2_msgs/webots_ros2_msgs/msg/detail/pen_ink_properties__rosidl_typesupport_fastrtps_cpp.hpp
[17.284s] -- Symlinking: /home/gisbert12843/Robotics_Prak/prak2_ws/install/webots_ros2_msgs/include/webots_ros2_msgs/webots_ros2_msgs/msg/detail/string_stamped__rosidl_typesupport_fastrtps_cpp.hpp
[17.292s] -- Symlinking: /home/gisbert12843/Robotics_Prak/prak2_ws/install/webots_ros2_msgs/include/webots_ros2_msgs/webots_ros2_msgs/msg/detail/urdf_robot__rosidl_typesupport_fastrtps_cpp.hpp
[17.299s] -- Symlinking: /home/gisbert12843/Robotics_Prak/prak2_ws/install/webots_ros2_msgs/include/webots_ros2_msgs/webots_ros2_msgs/msg/rosidl_typesupport_fastrtps_cpp__visibility_control.h
[17.305s] -- Symlinking: /home/gisbert12843/Robotics_Prak/prak2_ws/install/webots_ros2_msgs/include/webots_ros2_msgs/webots_ros2_msgs/srv/detail/emitter_send_string__rosidl_typesupport_fastrtps_cpp.hpp
[17.312s] -- Symlinking: /home/gisbert12843/Robotics_Prak/prak2_ws/install/webots_ros2_msgs/include/webots_ros2_msgs/webots_ros2_msgs/srv/detail/get_bool__rosidl_typesupport_fastrtps_cpp.hpp
[17.320s] -- Symlinking: /home/gisbert12843/Robotics_Prak/prak2_ws/install/webots_ros2_msgs/include/webots_ros2_msgs/webots_ros2_msgs/srv/detail/set_string__rosidl_typesupport_fastrtps_cpp.hpp
[17.327s] -- Symlinking: /home/gisbert12843/Robotics_Prak/prak2_ws/install/webots_ros2_msgs/include/webots_ros2_msgs/webots_ros2_msgs/srv/detail/spawn_node_from_string__rosidl_typesupport_fastrtps_cpp.hpp
[17.333s] -- Symlinking: /home/gisbert12843/Robotics_Prak/prak2_ws/install/webots_ros2_msgs/include/webots_ros2_msgs/webots_ros2_msgs/srv/detail/spawn_urdf_robot__rosidl_typesupport_fastrtps_cpp.hpp
[17.340s] -- Symlinking: /home/gisbert12843/Robotics_Prak/prak2_ws/install/webots_ros2_msgs/include/webots_ros2_msgs/webots_ros2_msgs/msg/detail/bool_stamped__rosidl_typesupport_introspection_c.h
[17.347s] -- Symlinking: /home/gisbert12843/Robotics_Prak/prak2_ws/install/webots_ros2_msgs/include/webots_ros2_msgs/webots_ros2_msgs/msg/detail/camera_recognition_object__rosidl_typesupport_introspection_c.h
[17.354s] -- Symlinking: /home/gisbert12843/Robotics_Prak/prak2_ws/install/webots_ros2_msgs/include/webots_ros2_msgs/webots_ros2_msgs/msg/detail/camera_recognition_objects__rosidl_typesupport_introspection_c.h
[17.361s] -- Symlinking: /home/gisbert12843/Robotics_Prak/prak2_ws/install/webots_ros2_msgs/include/webots_ros2_msgs/webots_ros2_msgs/msg/detail/float_stamped__rosidl_typesupport_introspection_c.h
[17.368s] -- Symlinking: /home/gisbert12843/Robotics_Prak/prak2_ws/install/webots_ros2_msgs/include/webots_ros2_msgs/webots_ros2_msgs/msg/detail/pen_ink_properties__rosidl_typesupport_introspection_c.h
[17.374s] -- Symlinking: /home/gisbert12843/Robotics_Prak/prak2_ws/install/webots_ros2_msgs/include/webots_ros2_msgs/webots_ros2_msgs/msg/detail/string_stamped__rosidl_typesupport_introspection_c.h
[17.381s] -- Symlinking: /home/gisbert12843/Robotics_Prak/prak2_ws/install/webots_ros2_msgs/include/webots_ros2_msgs/webots_ros2_msgs/msg/detail/urdf_robot__rosidl_typesupport_introspection_c.h
[17.388s] -- Symlinking: /home/gisbert12843/Robotics_Prak/prak2_ws/install/webots_ros2_msgs/include/webots_ros2_msgs/webots_ros2_msgs/msg/rosidl_typesupport_introspection_c__visibility_control.h
[17.395s] -- Symlinking: /home/gisbert12843/Robotics_Prak/prak2_ws/install/webots_ros2_msgs/include/webots_ros2_msgs/webots_ros2_msgs/srv/detail/emitter_send_string__rosidl_typesupport_introspection_c.h
[17.402s] -- Symlinking: /home/gisbert12843/Robotics_Prak/prak2_ws/install/webots_ros2_msgs/include/webots_ros2_msgs/webots_ros2_msgs/srv/detail/get_bool__rosidl_typesupport_introspection_c.h
[17.410s] -- Symlinking: /home/gisbert12843/Robotics_Prak/prak2_ws/install/webots_ros2_msgs/include/webots_ros2_msgs/webots_ros2_msgs/srv/detail/set_string__rosidl_typesupport_introspection_c.h
[17.417s] -- Symlinking: /home/gisbert12843/Robotics_Prak/prak2_ws/install/webots_ros2_msgs/include/webots_ros2_msgs/webots_ros2_msgs/srv/detail/spawn_node_from_string__rosidl_typesupport_introspection_c.h
[17.423s] -- Symlinking: /home/gisbert12843/Robotics_Prak/prak2_ws/install/webots_ros2_msgs/include/webots_ros2_msgs/webots_ros2_msgs/srv/detail/spawn_urdf_robot__rosidl_typesupport_introspection_c.h
[17.430s] -- Symlinking: /home/gisbert12843/Robotics_Prak/prak2_ws/install/webots_ros2_msgs/include/webots_ros2_msgs/webots_ros2_msgs/msg/detail/bool_stamped__rosidl_typesupport_introspection_cpp.hpp
[17.437s] -- Symlinking: /home/gisbert12843/Robotics_Prak/prak2_ws/install/webots_ros2_msgs/include/webots_ros2_msgs/webots_ros2_msgs/msg/detail/camera_recognition_object__rosidl_typesupport_introspection_cpp.hpp
[17.444s] -- Symlinking: /home/gisbert12843/Robotics_Prak/prak2_ws/install/webots_ros2_msgs/include/webots_ros2_msgs/webots_ros2_msgs/msg/detail/camera_recognition_objects__rosidl_typesupport_introspection_cpp.hpp
[17.451s] -- Symlinking: /home/gisbert12843/Robotics_Prak/prak2_ws/install/webots_ros2_msgs/include/webots_ros2_msgs/webots_ros2_msgs/msg/detail/float_stamped__rosidl_typesupport_introspection_cpp.hpp
[17.458s] -- Symlinking: /home/gisbert12843/Robotics_Prak/prak2_ws/install/webots_ros2_msgs/include/webots_ros2_msgs/webots_ros2_msgs/msg/detail/pen_ink_properties__rosidl_typesupport_introspection_cpp.hpp
[17.465s] -- Symlinking: /home/gisbert12843/Robotics_Prak/prak2_ws/install/webots_ros2_msgs/include/webots_ros2_msgs/webots_ros2_msgs/msg/detail/string_stamped__rosidl_typesupport_introspection_cpp.hpp
[17.472s] -- Symlinking: /home/gisbert12843/Robotics_Prak/prak2_ws/install/webots_ros2_msgs/include/webots_ros2_msgs/webots_ros2_msgs/msg/detail/urdf_robot__rosidl_typesupport_introspection_cpp.hpp
[17.478s] -- Symlinking: /home/gisbert12843/Robotics_Prak/prak2_ws/install/webots_ros2_msgs/include/webots_ros2_msgs/webots_ros2_msgs/srv/detail/emitter_send_string__rosidl_typesupport_introspection_cpp.hpp
[17.485s] -- Symlinking: /home/gisbert12843/Robotics_Prak/prak2_ws/install/webots_ros2_msgs/include/webots_ros2_msgs/webots_ros2_msgs/srv/detail/get_bool__rosidl_typesupport_introspection_cpp.hpp
[17.491s] -- Symlinking: /home/gisbert12843/Robotics_Prak/prak2_ws/install/webots_ros2_msgs/include/webots_ros2_msgs/webots_ros2_msgs/srv/detail/set_string__rosidl_typesupport_introspection_cpp.hpp
[17.498s] -- Symlinking: /home/gisbert12843/Robotics_Prak/prak2_ws/install/webots_ros2_msgs/include/webots_ros2_msgs/webots_ros2_msgs/srv/detail/spawn_node_from_string__rosidl_typesupport_introspection_cpp.hpp
[17.505s] -- Symlinking: /home/gisbert12843/Robotics_Prak/prak2_ws/install/webots_ros2_msgs/include/webots_ros2_msgs/webots_ros2_msgs/srv/detail/spawn_urdf_robot__rosidl_typesupport_introspection_cpp.hpp
[17.512s] -- Symlinking: /home/gisbert12843/Robotics_Prak/prak2_ws/install/webots_ros2_msgs/share/webots_ros2_msgs/environment/pythonpath.sh
[17.519s] -- Symlinking: /home/gisbert12843/Robotics_Prak/prak2_ws/install/webots_ros2_msgs/share/webots_ros2_msgs/environment/pythonpath.dsv
[17.527s] -- Symlinking: /home/gisbert12843/Robotics_Prak/prak2_ws/install/webots_ros2_msgs/local/lib/python3.10/dist-packages/webots_ros2_msgs-2023.1.3-py3.10.egg-info/PKG-INFO
[17.537s] -- Symlinking: /home/gisbert12843/Robotics_Prak/prak2_ws/install/webots_ros2_msgs/local/lib/python3.10/dist-packages/webots_ros2_msgs-2023.1.3-py3.10.egg-info/SOURCES.txt
[17.544s] -- Symlinking: /home/gisbert12843/Robotics_Prak/prak2_ws/install/webots_ros2_msgs/local/lib/python3.10/dist-packages/webots_ros2_msgs-2023.1.3-py3.10.egg-info/dependency_links.txt
[17.554s] -- Symlinking: /home/gisbert12843/Robotics_Prak/prak2_ws/install/webots_ros2_msgs/local/lib/python3.10/dist-packages/webots_ros2_msgs-2023.1.3-py3.10.egg-info/top_level.txt
[17.563s] -- Symlinking: /home/gisbert12843/Robotics_Prak/prak2_ws/install/webots_ros2_msgs/local/lib/python3.10/dist-packages/webots_ros2_msgs/__init__.py
[17.570s] -- Symlinking: /home/gisbert12843/Robotics_Prak/prak2_ws/install/webots_ros2_msgs/local/lib/python3.10/dist-packages/webots_ros2_msgs/_webots_ros2_msgs_s.ep.rosidl_typesupport_c.c
[17.578s] -- Symlinking: /home/gisbert12843/Robotics_Prak/prak2_ws/install/webots_ros2_msgs/local/lib/python3.10/dist-packages/webots_ros2_msgs/_webots_ros2_msgs_s.ep.rosidl_typesupport_fastrtps_c.c
[17.585s] -- Symlinking: /home/gisbert12843/Robotics_Prak/prak2_ws/install/webots_ros2_msgs/local/lib/python3.10/dist-packages/webots_ros2_msgs/_webots_ros2_msgs_s.ep.rosidl_typesupport_introspection_c.c
[17.594s] -- Symlinking: /home/gisbert12843/Robotics_Prak/prak2_ws/install/webots_ros2_msgs/local/lib/python3.10/dist-packages/webots_ros2_msgs/libwebots_ros2_msgs__rosidl_generator_py.so
[17.602s] -- Symlinking: /home/gisbert12843/Robotics_Prak/prak2_ws/install/webots_ros2_msgs/local/lib/python3.10/dist-packages/webots_ros2_msgs/msg/__init__.py
[17.610s] -- Symlinking: /home/gisbert12843/Robotics_Prak/prak2_ws/install/webots_ros2_msgs/local/lib/python3.10/dist-packages/webots_ros2_msgs/msg/_bool_stamped.py
[17.618s] -- Symlinking: /home/gisbert12843/Robotics_Prak/prak2_ws/install/webots_ros2_msgs/local/lib/python3.10/dist-packages/webots_ros2_msgs/msg/_bool_stamped_s.c
[17.626s] -- Symlinking: /home/gisbert12843/Robotics_Prak/prak2_ws/install/webots_ros2_msgs/local/lib/python3.10/dist-packages/webots_ros2_msgs/msg/_camera_recognition_object.py
[17.633s] -- Symlinking: /home/gisbert12843/Robotics_Prak/prak2_ws/install/webots_ros2_msgs/local/lib/python3.10/dist-packages/webots_ros2_msgs/msg/_camera_recognition_object_s.c
[17.641s] -- Symlinking: /home/gisbert12843/Robotics_Prak/prak2_ws/install/webots_ros2_msgs/local/lib/python3.10/dist-packages/webots_ros2_msgs/msg/_camera_recognition_objects.py
[17.649s] -- Symlinking: /home/gisbert12843/Robotics_Prak/prak2_ws/install/webots_ros2_msgs/local/lib/python3.10/dist-packages/webots_ros2_msgs/msg/_camera_recognition_objects_s.c
[17.656s] -- Symlinking: /home/gisbert12843/Robotics_Prak/prak2_ws/install/webots_ros2_msgs/local/lib/python3.10/dist-packages/webots_ros2_msgs/msg/_float_stamped.py
[17.664s] -- Symlinking: /home/gisbert12843/Robotics_Prak/prak2_ws/install/webots_ros2_msgs/local/lib/python3.10/dist-packages/webots_ros2_msgs/msg/_float_stamped_s.c
[17.672s] -- Symlinking: /home/gisbert12843/Robotics_Prak/prak2_ws/install/webots_ros2_msgs/local/lib/python3.10/dist-packages/webots_ros2_msgs/msg/_pen_ink_properties.py
[17.679s] -- Symlinking: /home/gisbert12843/Robotics_Prak/prak2_ws/install/webots_ros2_msgs/local/lib/python3.10/dist-packages/webots_ros2_msgs/msg/_pen_ink_properties_s.c
[17.687s] -- Symlinking: /home/gisbert12843/Robotics_Prak/prak2_ws/install/webots_ros2_msgs/local/lib/python3.10/dist-packages/webots_ros2_msgs/msg/_string_stamped.py
[17.695s] -- Symlinking: /home/gisbert12843/Robotics_Prak/prak2_ws/install/webots_ros2_msgs/local/lib/python3.10/dist-packages/webots_ros2_msgs/msg/_string_stamped_s.c
[17.702s] -- Symlinking: /home/gisbert12843/Robotics_Prak/prak2_ws/install/webots_ros2_msgs/local/lib/python3.10/dist-packages/webots_ros2_msgs/msg/_urdf_robot.py
[17.710s] -- Symlinking: /home/gisbert12843/Robotics_Prak/prak2_ws/install/webots_ros2_msgs/local/lib/python3.10/dist-packages/webots_ros2_msgs/msg/_urdf_robot_s.c
[17.718s] -- Symlinking: /home/gisbert12843/Robotics_Prak/prak2_ws/install/webots_ros2_msgs/local/lib/python3.10/dist-packages/webots_ros2_msgs/srv/__init__.py
[17.725s] -- Symlinking: /home/gisbert12843/Robotics_Prak/prak2_ws/install/webots_ros2_msgs/local/lib/python3.10/dist-packages/webots_ros2_msgs/srv/_emitter_send_string.py
[17.733s] -- Symlinking: /home/gisbert12843/Robotics_Prak/prak2_ws/install/webots_ros2_msgs/local/lib/python3.10/dist-packages/webots_ros2_msgs/srv/_emitter_send_string_s.c
[17.740s] -- Symlinking: /home/gisbert12843/Robotics_Prak/prak2_ws/install/webots_ros2_msgs/local/lib/python3.10/dist-packages/webots_ros2_msgs/srv/_get_bool.py
[17.748s] -- Symlinking: /home/gisbert12843/Robotics_Prak/prak2_ws/install/webots_ros2_msgs/local/lib/python3.10/dist-packages/webots_ros2_msgs/srv/_get_bool_s.c
[17.755s] -- Symlinking: /home/gisbert12843/Robotics_Prak/prak2_ws/install/webots_ros2_msgs/local/lib/python3.10/dist-packages/webots_ros2_msgs/srv/_set_string.py
[17.763s] -- Symlinking: /home/gisbert12843/Robotics_Prak/prak2_ws/install/webots_ros2_msgs/local/lib/python3.10/dist-packages/webots_ros2_msgs/srv/_set_string_s.c
[17.771s] -- Symlinking: /home/gisbert12843/Robotics_Prak/prak2_ws/install/webots_ros2_msgs/local/lib/python3.10/dist-packages/webots_ros2_msgs/srv/_spawn_node_from_string.py
[17.779s] -- Symlinking: /home/gisbert12843/Robotics_Prak/prak2_ws/install/webots_ros2_msgs/local/lib/python3.10/dist-packages/webots_ros2_msgs/srv/_spawn_node_from_string_s.c
[17.786s] -- Symlinking: /home/gisbert12843/Robotics_Prak/prak2_ws/install/webots_ros2_msgs/local/lib/python3.10/dist-packages/webots_ros2_msgs/srv/_spawn_urdf_robot.py
[17.794s] -- Symlinking: /home/gisbert12843/Robotics_Prak/prak2_ws/install/webots_ros2_msgs/local/lib/python3.10/dist-packages/webots_ros2_msgs/srv/_spawn_urdf_robot_s.c
[17.801s] -- Symlinking: /home/gisbert12843/Robotics_Prak/prak2_ws/install/webots_ros2_msgs/local/lib/python3.10/dist-packages/webots_ros2_msgs/webots_ros2_msgs_s__rosidl_typesupport_c.cpython-310-x86_64-linux-gnu.so
[17.809s] -- Symlinking: /home/gisbert12843/Robotics_Prak/prak2_ws/install/webots_ros2_msgs/local/lib/python3.10/dist-packages/webots_ros2_msgs/webots_ros2_msgs_s__rosidl_typesupport_fastrtps_c.cpython-310-x86_64-linux-gnu.so
[17.816s] -- Symlinking: /home/gisbert12843/Robotics_Prak/prak2_ws/install/webots_ros2_msgs/local/lib/python3.10/dist-packages/webots_ros2_msgs/webots_ros2_msgs_s__rosidl_typesupport_introspection_c.cpython-310-x86_64-linux-gnu.so
[17.824s] -- Up-to-date symlink: /home/gisbert12843/Robotics_Prak/prak2_ws/install/webots_ros2_msgs/local/lib/python3.10/dist-packages/webots_ros2_msgs/webots_ros2_msgs_s__rosidl_typesupport_fastrtps_c.cpython-310-x86_64-linux-gnu.so
[17.824s] -- Up-to-date symlink: /home/gisbert12843/Robotics_Prak/prak2_ws/install/webots_ros2_msgs/local/lib/python3.10/dist-packages/webots_ros2_msgs/webots_ros2_msgs_s__rosidl_typesupport_introspection_c.cpython-310-x86_64-linux-gnu.so
[17.825s] -- Up-to-date symlink: /home/gisbert12843/Robotics_Prak/prak2_ws/install/webots_ros2_msgs/local/lib/python3.10/dist-packages/webots_ros2_msgs/webots_ros2_msgs_s__rosidl_typesupport_c.cpython-310-x86_64-linux-gnu.so
[17.825s] -- Symlinking: /home/gisbert12843/Robotics_Prak/prak2_ws/install/webots_ros2_msgs/share/webots_ros2_msgs/msg/BoolStamped.idl
[17.834s] -- Symlinking: /home/gisbert12843/Robotics_Prak/prak2_ws/install/webots_ros2_msgs/share/webots_ros2_msgs/msg/FloatStamped.idl
[17.842s] -- Symlinking: /home/gisbert12843/Robotics_Prak/prak2_ws/install/webots_ros2_msgs/share/webots_ros2_msgs/msg/StringStamped.idl
[17.849s] -- Symlinking: /home/gisbert12843/Robotics_Prak/prak2_ws/install/webots_ros2_msgs/share/webots_ros2_msgs/msg/CameraRecognitionObject.idl
[17.856s] -- Symlinking: /home/gisbert12843/Robotics_Prak/prak2_ws/install/webots_ros2_msgs/share/webots_ros2_msgs/msg/CameraRecognitionObjects.idl
[17.863s] -- Symlinking: /home/gisbert12843/Robotics_Prak/prak2_ws/install/webots_ros2_msgs/share/webots_ros2_msgs/msg/UrdfRobot.idl
[17.870s] -- Symlinking: /home/gisbert12843/Robotics_Prak/prak2_ws/install/webots_ros2_msgs/share/webots_ros2_msgs/msg/PenInkProperties.idl
[17.878s] -- Symlinking: /home/gisbert12843/Robotics_Prak/prak2_ws/install/webots_ros2_msgs/share/webots_ros2_msgs/srv/EmitterSendString.idl
[17.886s] -- Symlinking: /home/gisbert12843/Robotics_Prak/prak2_ws/install/webots_ros2_msgs/share/webots_ros2_msgs/srv/GetBool.idl
[17.893s] -- Symlinking: /home/gisbert12843/Robotics_Prak/prak2_ws/install/webots_ros2_msgs/share/webots_ros2_msgs/srv/SetString.idl
[17.901s] -- Symlinking: /home/gisbert12843/Robotics_Prak/prak2_ws/install/webots_ros2_msgs/share/webots_ros2_msgs/srv/SpawnNodeFromString.idl
[17.909s] -- Symlinking: /home/gisbert12843/Robotics_Prak/prak2_ws/install/webots_ros2_msgs/share/webots_ros2_msgs/srv/SpawnUrdfRobot.idl
[17.917s] -- Symlinking: /home/gisbert12843/Robotics_Prak/prak2_ws/install/webots_ros2_msgs/share/webots_ros2_msgs/msg/BoolStamped.msg
[17.925s] -- Symlinking: /home/gisbert12843/Robotics_Prak/prak2_ws/install/webots_ros2_msgs/share/webots_ros2_msgs/msg/FloatStamped.msg
[17.932s] -- Symlinking: /home/gisbert12843/Robotics_Prak/prak2_ws/install/webots_ros2_msgs/share/webots_ros2_msgs/msg/StringStamped.msg
[17.940s] -- Symlinking: /home/gisbert12843/Robotics_Prak/prak2_ws/install/webots_ros2_msgs/share/webots_ros2_msgs/msg/CameraRecognitionObject.msg
[17.948s] -- Symlinking: /home/gisbert12843/Robotics_Prak/prak2_ws/install/webots_ros2_msgs/share/webots_ros2_msgs/msg/CameraRecognitionObjects.msg
[17.956s] -- Symlinking: /home/gisbert12843/Robotics_Prak/prak2_ws/install/webots_ros2_msgs/share/webots_ros2_msgs/msg/UrdfRobot.msg
[17.963s] -- Symlinking: /home/gisbert12843/Robotics_Prak/prak2_ws/install/webots_ros2_msgs/share/webots_ros2_msgs/msg/PenInkProperties.msg
[17.971s] -- Symlinking: /home/gisbert12843/Robotics_Prak/prak2_ws/install/webots_ros2_msgs/share/webots_ros2_msgs/srv/EmitterSendString.srv
[17.979s] -- Symlinking: /home/gisbert12843/Robotics_Prak/prak2_ws/install/webots_ros2_msgs/share/webots_ros2_msgs/srv/EmitterSendString_Request.msg
[17.987s] -- Symlinking: /home/gisbert12843/Robotics_Prak/prak2_ws/install/webots_ros2_msgs/share/webots_ros2_msgs/srv/EmitterSendString_Response.msg
[17.994s] -- Symlinking: /home/gisbert12843/Robotics_Prak/prak2_ws/install/webots_ros2_msgs/share/webots_ros2_msgs/srv/GetBool.srv
[18.002s] -- Symlinking: /home/gisbert12843/Robotics_Prak/prak2_ws/install/webots_ros2_msgs/share/webots_ros2_msgs/srv/GetBool_Request.msg
[18.010s] -- Symlinking: /home/gisbert12843/Robotics_Prak/prak2_ws/install/webots_ros2_msgs/share/webots_ros2_msgs/srv/GetBool_Response.msg
[18.017s] -- Symlinking: /home/gisbert12843/Robotics_Prak/prak2_ws/install/webots_ros2_msgs/share/webots_ros2_msgs/srv/SetString.srv
[18.025s] -- Symlinking: /home/gisbert12843/Robotics_Prak/prak2_ws/install/webots_ros2_msgs/share/webots_ros2_msgs/srv/SetString_Request.msg
[18.033s] -- Symlinking: /home/gisbert12843/Robotics_Prak/prak2_ws/install/webots_ros2_msgs/share/webots_ros2_msgs/srv/SetString_Response.msg
[18.040s] -- Symlinking: /home/gisbert12843/Robotics_Prak/prak2_ws/install/webots_ros2_msgs/share/webots_ros2_msgs/srv/SpawnNodeFromString.srv
[18.047s] -- Symlinking: /home/gisbert12843/Robotics_Prak/prak2_ws/install/webots_ros2_msgs/share/webots_ros2_msgs/srv/SpawnNodeFromString_Request.msg
[18.055s] -- Symlinking: /home/gisbert12843/Robotics_Prak/prak2_ws/install/webots_ros2_msgs/share/webots_ros2_msgs/srv/SpawnNodeFromString_Response.msg
[18.063s] -- Symlinking: /home/gisbert12843/Robotics_Prak/prak2_ws/install/webots_ros2_msgs/share/webots_ros2_msgs/srv/SpawnUrdfRobot.srv
[18.070s] -- Symlinking: /home/gisbert12843/Robotics_Prak/prak2_ws/install/webots_ros2_msgs/share/webots_ros2_msgs/srv/SpawnUrdfRobot_Request.msg
[18.077s] -- Symlinking: /home/gisbert12843/Robotics_Prak/prak2_ws/install/webots_ros2_msgs/share/webots_ros2_msgs/srv/SpawnUrdfRobot_Response.msg
[18.085s] -- Symlinking: /home/gisbert12843/Robotics_Prak/prak2_ws/install/webots_ros2_msgs/share/ament_index/resource_index/package_run_dependencies/webots_ros2_msgs
[18.092s] -- Symlinking: /home/gisbert12843/Robotics_Prak/prak2_ws/install/webots_ros2_msgs/share/ament_index/resource_index/parent_prefix_path/webots_ros2_msgs
[18.100s] -- Symlinking: /home/gisbert12843/Robotics_Prak/prak2_ws/install/webots_ros2_msgs/share/webots_ros2_msgs/environment/ament_prefix_path.sh
[18.108s] -- Symlinking: /home/gisbert12843/Robotics_Prak/prak2_ws/install/webots_ros2_msgs/share/webots_ros2_msgs/environment/ament_prefix_path.dsv
[18.115s] -- Symlinking: /home/gisbert12843/Robotics_Prak/prak2_ws/install/webots_ros2_msgs/share/webots_ros2_msgs/environment/path.sh
[18.122s] -- Symlinking: /home/gisbert12843/Robotics_Prak/prak2_ws/install/webots_ros2_msgs/share/webots_ros2_msgs/environment/path.dsv
[18.130s] -- Symlinking: /home/gisbert12843/Robotics_Prak/prak2_ws/install/webots_ros2_msgs/share/webots_ros2_msgs/local_setup.bash
[18.137s] -- Symlinking: /home/gisbert12843/Robotics_Prak/prak2_ws/install/webots_ros2_msgs/share/webots_ros2_msgs/local_setup.sh
[18.145s] -- Symlinking: /home/gisbert12843/Robotics_Prak/prak2_ws/install/webots_ros2_msgs/share/webots_ros2_msgs/local_setup.zsh
[18.152s] -- Symlinking: /home/gisbert12843/Robotics_Prak/prak2_ws/install/webots_ros2_msgs/share/webots_ros2_msgs/local_setup.dsv
[18.160s] -- Symlinking: /home/gisbert12843/Robotics_Prak/prak2_ws/install/webots_ros2_msgs/share/webots_ros2_msgs/package.dsv
[18.167s] -- Symlinking: /home/gisbert12843/Robotics_Prak/prak2_ws/install/webots_ros2_msgs/share/ament_index/resource_index/packages/webots_ros2_msgs
[18.175s] -- Symlinking: /home/gisbert12843/Robotics_Prak/prak2_ws/install/webots_ros2_msgs/share/webots_ros2_msgs/cmake/rosidl_cmake-extras.cmake
[18.182s] -- Symlinking: /home/gisbert12843/Robotics_Prak/prak2_ws/install/webots_ros2_msgs/share/webots_ros2_msgs/cmake/ament_cmake_export_dependencies-extras.cmake
[18.190s] -- Symlinking: /home/gisbert12843/Robotics_Prak/prak2_ws/install/webots_ros2_msgs/share/webots_ros2_msgs/cmake/ament_cmake_export_include_directories-extras.cmake
[18.198s] -- Symlinking: /home/gisbert12843/Robotics_Prak/prak2_ws/install/webots_ros2_msgs/share/webots_ros2_msgs/cmake/ament_cmake_export_libraries-extras.cmake
[18.203s] -- Symlinking: /home/gisbert12843/Robotics_Prak/prak2_ws/install/webots_ros2_msgs/share/webots_ros2_msgs/cmake/ament_cmake_export_targets-extras.cmake
[18.210s] -- Symlinking: /home/gisbert12843/Robotics_Prak/prak2_ws/install/webots_ros2_msgs/share/webots_ros2_msgs/cmake/rosidl_cmake_export_typesupport_targets-extras.cmake
[18.217s] -- Symlinking: /home/gisbert12843/Robotics_Prak/prak2_ws/install/webots_ros2_msgs/share/webots_ros2_msgs/cmake/rosidl_cmake_export_typesupport_libraries-extras.cmake
[18.224s] -- Symlinking: /home/gisbert12843/Robotics_Prak/prak2_ws/install/webots_ros2_msgs/share/webots_ros2_msgs/cmake/webots_ros2_msgsConfig.cmake
[18.231s] -- Symlinking: /home/gisbert12843/Robotics_Prak/prak2_ws/install/webots_ros2_msgs/share/webots_ros2_msgs/cmake/webots_ros2_msgsConfig-version.cmake
[18.238s] -- Symlinking: /home/gisbert12843/Robotics_Prak/prak2_ws/install/webots_ros2_msgs/share/webots_ros2_msgs/package.xml
[18.245s] -- Installing: /home/gisbert12843/Robotics_Prak/prak2_ws/install/webots_ros2_msgs/lib/libwebots_ros2_msgs__rosidl_generator_c.so
[18.246s] -- Set runtime path of "/home/gisbert12843/Robotics_Prak/prak2_ws/install/webots_ros2_msgs/lib/libwebots_ros2_msgs__rosidl_generator_c.so" to ""
[18.246s] -- Installing: /home/gisbert12843/Robotics_Prak/prak2_ws/install/webots_ros2_msgs/lib/libwebots_ros2_msgs__rosidl_typesupport_fastrtps_c.so
[18.246s] -- Set runtime path of "/home/gisbert12843/Robotics_Prak/prak2_ws/install/webots_ros2_msgs/lib/libwebots_ros2_msgs__rosidl_typesupport_fastrtps_c.so" to ""
[18.246s] -- Installing: /home/gisbert12843/Robotics_Prak/prak2_ws/install/webots_ros2_msgs/lib/libwebots_ros2_msgs__rosidl_typesupport_fastrtps_cpp.so
[18.246s] -- Set runtime path of "/home/gisbert12843/Robotics_Prak/prak2_ws/install/webots_ros2_msgs/lib/libwebots_ros2_msgs__rosidl_typesupport_fastrtps_cpp.so" to ""
[18.247s] -- Installing: /home/gisbert12843/Robotics_Prak/prak2_ws/install/webots_ros2_msgs/lib/libwebots_ros2_msgs__rosidl_typesupport_introspection_c.so
[18.247s] -- Set runtime path of "/home/gisbert12843/Robotics_Prak/prak2_ws/install/webots_ros2_msgs/lib/libwebots_ros2_msgs__rosidl_typesupport_introspection_c.so" to ""
[18.247s] -- Installing: /home/gisbert12843/Robotics_Prak/prak2_ws/install/webots_ros2_msgs/lib/libwebots_ros2_msgs__rosidl_typesupport_c.so
[18.247s] -- Set runtime path of "/home/gisbert12843/Robotics_Prak/prak2_ws/install/webots_ros2_msgs/lib/libwebots_ros2_msgs__rosidl_typesupport_c.so" to ""
[18.247s] -- Installing: /home/gisbert12843/Robotics_Prak/prak2_ws/install/webots_ros2_msgs/lib/libwebots_ros2_msgs__rosidl_typesupport_introspection_cpp.so
[18.248s] -- Set runtime path of "/home/gisbert12843/Robotics_Prak/prak2_ws/install/webots_ros2_msgs/lib/libwebots_ros2_msgs__rosidl_typesupport_introspection_cpp.so" to ""
[18.248s] -- Installing: /home/gisbert12843/Robotics_Prak/prak2_ws/install/webots_ros2_msgs/lib/libwebots_ros2_msgs__rosidl_typesupport_cpp.so
[18.248s] -- Set runtime path of "/home/gisbert12843/Robotics_Prak/prak2_ws/install/webots_ros2_msgs/lib/libwebots_ros2_msgs__rosidl_typesupport_cpp.so" to ""
[18.297s] Listing '/home/gisbert12843/Robotics_Prak/prak2_ws/install/webots_ros2_msgs/local/lib/python3.10/dist-packages/webots_ros2_msgs'...
[18.297s] Compiling '/home/gisbert12843/Robotics_Prak/prak2_ws/install/webots_ros2_msgs/local/lib/python3.10/dist-packages/webots_ros2_msgs/__init__.py'...
[18.298s] Listing '/home/gisbert12843/Robotics_Prak/prak2_ws/install/webots_ros2_msgs/local/lib/python3.10/dist-packages/webots_ros2_msgs/msg'...
[18.298s] Compiling '/home/gisbert12843/Robotics_Prak/prak2_ws/install/webots_ros2_msgs/local/lib/python3.10/dist-packages/webots_ros2_msgs/msg/__init__.py'...
[18.298s] Compiling '/home/gisbert12843/Robotics_Prak/prak2_ws/install/webots_ros2_msgs/local/lib/python3.10/dist-packages/webots_ros2_msgs/msg/_bool_stamped.py'...
[18.298s] Compiling '/home/gisbert12843/Robotics_Prak/prak2_ws/install/webots_ros2_msgs/local/lib/python3.10/dist-packages/webots_ros2_msgs/msg/_camera_recognition_object.py'...
[18.298s] Compiling '/home/gisbert12843/Robotics_Prak/prak2_ws/install/webots_ros2_msgs/local/lib/python3.10/dist-packages/webots_ros2_msgs/msg/_camera_recognition_objects.py'...
[18.298s] Compiling '/home/gisbert12843/Robotics_Prak/prak2_ws/install/webots_ros2_msgs/local/lib/python3.10/dist-packages/webots_ros2_msgs/msg/_float_stamped.py'...
[18.298s] Compiling '/home/gisbert12843/Robotics_Prak/prak2_ws/install/webots_ros2_msgs/local/lib/python3.10/dist-packages/webots_ros2_msgs/msg/_pen_ink_properties.py'...
[18.298s] Compiling '/home/gisbert12843/Robotics_Prak/prak2_ws/install/webots_ros2_msgs/local/lib/python3.10/dist-packages/webots_ros2_msgs/msg/_string_stamped.py'...
[18.298s] Compiling '/home/gisbert12843/Robotics_Prak/prak2_ws/install/webots_ros2_msgs/local/lib/python3.10/dist-packages/webots_ros2_msgs/msg/_urdf_robot.py'...
[18.298s] Listing '/home/gisbert12843/Robotics_Prak/prak2_ws/install/webots_ros2_msgs/local/lib/python3.10/dist-packages/webots_ros2_msgs/srv'...
[18.298s] Compiling '/home/gisbert12843/Robotics_Prak/prak2_ws/install/webots_ros2_msgs/local/lib/python3.10/dist-packages/webots_ros2_msgs/srv/__init__.py'...
[18.298s] Compiling '/home/gisbert12843/Robotics_Prak/prak2_ws/install/webots_ros2_msgs/local/lib/python3.10/dist-packages/webots_ros2_msgs/srv/_emitter_send_string.py'...
[18.298s] Compiling '/home/gisbert12843/Robotics_Prak/prak2_ws/install/webots_ros2_msgs/local/lib/python3.10/dist-packages/webots_ros2_msgs/srv/_get_bool.py'...
[18.298s] Compiling '/home/gisbert12843/Robotics_Prak/prak2_ws/install/webots_ros2_msgs/local/lib/python3.10/dist-packages/webots_ros2_msgs/srv/_set_string.py'...
[18.298s] Compiling '/home/gisbert12843/Robotics_Prak/prak2_ws/install/webots_ros2_msgs/local/lib/python3.10/dist-packages/webots_ros2_msgs/srv/_spawn_node_from_string.py'...
[18.298s] Compiling '/home/gisbert12843/Robotics_Prak/prak2_ws/install/webots_ros2_msgs/local/lib/python3.10/dist-packages/webots_ros2_msgs/srv/_spawn_urdf_robot.py'...
[18.302s] -- Installing: /home/gisbert12843/Robotics_Prak/prak2_ws/install/webots_ros2_msgs/lib/libwebots_ros2_msgs__rosidl_generator_py.so
[18.302s] -- Set runtime path of "/home/gisbert12843/Robotics_Prak/prak2_ws/install/webots_ros2_msgs/lib/libwebots_ros2_msgs__rosidl_generator_py.so" to ""
[18.302s] -- Installing: /home/gisbert12843/Robotics_Prak/prak2_ws/install/webots_ros2_msgs/share/webots_ros2_msgs/cmake/export_webots_ros2_msgs__rosidl_generator_cExport.cmake
[18.302s] -- Installing: /home/gisbert12843/Robotics_Prak/prak2_ws/install/webots_ros2_msgs/share/webots_ros2_msgs/cmake/export_webots_ros2_msgs__rosidl_generator_cExport-noconfig.cmake
[18.303s] -- Installing: /home/gisbert12843/Robotics_Prak/prak2_ws/install/webots_ros2_msgs/share/webots_ros2_msgs/cmake/export_webots_ros2_msgs__rosidl_typesupport_fastrtps_cExport.cmake
[18.303s] -- Installing: /home/gisbert12843/Robotics_Prak/prak2_ws/install/webots_ros2_msgs/share/webots_ros2_msgs/cmake/export_webots_ros2_msgs__rosidl_typesupport_fastrtps_cExport-noconfig.cmake
[18.303s] -- Installing: /home/gisbert12843/Robotics_Prak/prak2_ws/install/webots_ros2_msgs/share/webots_ros2_msgs/cmake/export_webots_ros2_msgs__rosidl_generator_cppExport.cmake
[18.303s] -- Installing: /home/gisbert12843/Robotics_Prak/prak2_ws/install/webots_ros2_msgs/share/webots_ros2_msgs/cmake/export_webots_ros2_msgs__rosidl_typesupport_fastrtps_cppExport.cmake
[18.303s] -- Installing: /home/gisbert12843/Robotics_Prak/prak2_ws/install/webots_ros2_msgs/share/webots_ros2_msgs/cmake/export_webots_ros2_msgs__rosidl_typesupport_fastrtps_cppExport-noconfig.cmake
[18.303s] -- Installing: /home/gisbert12843/Robotics_Prak/prak2_ws/install/webots_ros2_msgs/share/webots_ros2_msgs/cmake/webots_ros2_msgs__rosidl_typesupport_introspection_cExport.cmake
[18.303s] -- Installing: /home/gisbert12843/Robotics_Prak/prak2_ws/install/webots_ros2_msgs/share/webots_ros2_msgs/cmake/webots_ros2_msgs__rosidl_typesupport_introspection_cExport-noconfig.cmake
[18.303s] -- Installing: /home/gisbert12843/Robotics_Prak/prak2_ws/install/webots_ros2_msgs/share/webots_ros2_msgs/cmake/webots_ros2_msgs__rosidl_typesupport_cExport.cmake
[18.304s] -- Installing: /home/gisbert12843/Robotics_Prak/prak2_ws/install/webots_ros2_msgs/share/webots_ros2_msgs/cmake/webots_ros2_msgs__rosidl_typesupport_cExport-noconfig.cmake
[18.304s] -- Installing: /home/gisbert12843/Robotics_Prak/prak2_ws/install/webots_ros2_msgs/share/webots_ros2_msgs/cmake/webots_ros2_msgs__rosidl_typesupport_introspection_cppExport.cmake
[18.304s] -- Installing: /home/gisbert12843/Robotics_Prak/prak2_ws/install/webots_ros2_msgs/share/webots_ros2_msgs/cmake/webots_ros2_msgs__rosidl_typesupport_introspection_cppExport-noconfig.cmake
[18.304s] -- Installing: /home/gisbert12843/Robotics_Prak/prak2_ws/install/webots_ros2_msgs/share/webots_ros2_msgs/cmake/webots_ros2_msgs__rosidl_typesupport_cppExport.cmake
[18.304s] -- Installing: /home/gisbert12843/Robotics_Prak/prak2_ws/install/webots_ros2_msgs/share/webots_ros2_msgs/cmake/webots_ros2_msgs__rosidl_typesupport_cppExport-noconfig.cmake
[18.304s] -- Installing: /home/gisbert12843/Robotics_Prak/prak2_ws/install/webots_ros2_msgs/share/webots_ros2_msgs/cmake/export_webots_ros2_msgs__rosidl_generator_pyExport.cmake
[18.304s] -- Installing: /home/gisbert12843/Robotics_Prak/prak2_ws/install/webots_ros2_msgs/share/webots_ros2_msgs/cmake/export_webots_ros2_msgs__rosidl_generator_pyExport-noconfig.cmake
[18.306s] Invoked command in '/home/gisbert12843/Robotics_Prak/prak2_ws/build/webots_ros2_msgs' returned '0': CMAKE_PREFIX_PATH=${CMAKE_PREFIX_PATH}:/home/gisbert12843/Robotics_Prak/prak2_ws/install/webots_spot_teleop:/home/gisbert12843/Robotics_Prak/prak2_ws/install/webots_spot:/home/gisbert12843/Robotics_Prak/prak2_ws/install/webots_ros2:/home/gisbert12843/Robotics_Prak/prak2_ws/install/webots_ros2_universal_robot:/home/gisbert12843/Robotics_Prak/prak2_ws/install/webots_ros2_turtlebot:/home/gisbert12843/Robotics_Prak/prak2_ws/install/webots_ros2_tiago:/home/gisbert12843/Robotics_Prak/prak2_ws/install/webots_ros2_tests:/home/gisbert12843/Robotics_Prak/prak2_ws/install/webots_ros2_tesla:/home/gisbert12843/Robotics_Prak/prak2_ws/install/webots_ros2_mavic:/home/gisbert12843/Robotics_Prak/prak2_ws/install/webots_ros2_epuck:/home/gisbert12843/Robotics_Prak/prak2_ws/install/webots_ros2_importer:/home/gisbert12843/Robotics_Prak/prak2_ws/install/aruco_marker_detection:/opt/ros/humble /usr/bin/cmake --install /home/gisbert12843/Robotics_Prak/prak2_ws/build/webots_ros2_msgs
