[8.756s] Invoking command in '/home/jizzy/ros_ws/src/my_package': DEBUGINFOD_URLS=https://debuginfod.ubuntu.com PYTHONPATH=/home/jizzy/ros_ws/build/my_package/prefix_override:/usr/lib/python3/dist-packages/colcon_core/task/python/colcon_distutils_commands:/home/jizzy/ros_ws/install/my_package/lib/python3.12/site-packages:${PYTHONPATH} /usr/bin/python3 -W ignore:setup.py install is deprecated setup.py egg_info --egg-base ../../build/my_package build --build-base /home/jizzy/ros_ws/build/my_package/build install --record /home/jizzy/ros_ws/build/my_package/install.log --single-version-externally-managed install_data
[11.182s] running egg_info
[11.307s] writing ../../build/my_package/my_package.egg-info/PKG-INFO
[11.309s] writing dependency_links to ../../build/my_package/my_package.egg-info/dependency_links.txt
[11.313s] writing entry points to ../../build/my_package/my_package.egg-info/entry_points.txt
[11.315s] writing requirements to ../../build/my_package/my_package.egg-info/requires.txt
[11.316s] writing top-level names to ../../build/my_package/my_package.egg-info/top_level.txt
[11.547s] reading manifest file '../../build/my_package/my_package.egg-info/SOURCES.txt'
[11.553s] adding license file 'LICENSE'
[11.557s] writing manifest file '../../build/my_package/my_package.egg-info/SOURCES.txt'
[11.558s] running build
[11.561s] running build_py
[11.562s] running install
[11.582s] running install_lib
[11.705s] running install_data
[11.709s] creating /home/jizzy/ros_ws/install/my_package/share/my_package/launch
[11.712s] copying launch/prak1_launch.py -> /home/jizzy/ros_ws/install/my_package/share/my_package/launch
[11.713s] running install_egg_info
[11.831s] removing '/home/jizzy/ros_ws/install/my_package/lib/python3.12/site-packages/my_package-0.0.0-py3.12.egg-info' (and everything under it)
[11.838s] Copying ../../build/my_package/my_package.egg-info to /home/jizzy/ros_ws/install/my_package/lib/python3.12/site-packages/my_package-0.0.0-py3.12.egg-info
[11.840s] running install_scripts
[12.561s] Installing my_node script to /home/jizzy/ros_ws/install/my_package/lib/my_package
[12.570s] writing list of installed files to '/home/jizzy/ros_ws/build/my_package/install.log'
[12.719s] Invoked command in '/home/jizzy/ros_ws/src/my_package' returned '0': DEBUGINFOD_URLS=https://debuginfod.ubuntu.com PYTHONPATH=/home/jizzy/ros_ws/build/my_package/prefix_override:/usr/lib/python3/dist-packages/colcon_core/task/python/colcon_distutils_commands:/home/jizzy/ros_ws/install/my_package/lib/python3.12/site-packages:${PYTHONPATH} /usr/bin/python3 -W ignore:setup.py install is deprecated setup.py egg_info --egg-base ../../build/my_package build --build-base /home/jizzy/ros_ws/build/my_package/build install --record /home/jizzy/ros_ws/build/my_package/install.log --single-version-externally-managed install_data
