[0.136s] Invoking command in '/home/gisbert12843/Projects/Robotics_Prak/prak2_ws/build/webots_spot_msgs': CMAKE_PREFIX_PATH=${CMAKE_PREFIX_PATH}:/home/gisbert12843/Projects/Robotics_Prak/prak2_ws/install/webots_spot_teleop:/home/gisbert12843/Projects/Robotics_Prak/prak2_ws/install/webots_spot:/home/gisbert12843/Projects/Robotics_Prak/prak2_ws/install/webots_ros2:/home/gisbert12843/Projects/Robotics_Prak/prak2_ws/install/webots_ros2_universal_robot:/home/gisbert12843/Projects/Robotics_Prak/prak2_ws/install/webots_ros2_turtlebot:/home/gisbert12843/Projects/Robotics_Prak/prak2_ws/install/webots_ros2_tiago:/home/gisbert12843/Projects/Robotics_Prak/prak2_ws/install/webots_ros2_tests:/home/gisbert12843/Projects/Robotics_Prak/prak2_ws/install/webots_ros2_tesla:/home/gisbert12843/Projects/Robotics_Prak/prak2_ws/install/webots_ros2_mavic:/home/gisbert12843/Projects/Robotics_Prak/prak2_ws/install/webots_ros2_epuck:/home/gisbert12843/Projects/Robotics_Prak/prak2_ws/install/webots_ros2_importer:/home/gisbert12843/Projects/Robotics_Prak/prak2_ws/install/prak2_pkg:/opt/ros/humble /usr/bin/cmake /home/gisbert12843/Projects/Robotics_Prak/prak2_ws/src/webots_spot_msgs -DAMENT_CMAKE_SYMLINK_INSTALL=1 -DCMAKE_INSTALL_PREFIX=/home/gisbert12843/Projects/Robotics_Prak/prak2_ws/install/webots_spot_msgs
[0.192s] -- The C compiler identification is GNU 11.4.0
[0.239s] -- The CXX compiler identification is GNU 11.4.0
[0.245s] -- Detecting C compiler ABI info
[0.290s] -- Detecting C compiler ABI info - done
[0.294s] -- Check for working C compiler: /usr/bin/cc - skipped
[0.294s] -- Detecting C compile features
[0.294s] -- Detecting C compile features - done
[0.296s] -- Detecting CXX compiler ABI info
[0.347s] -- Detecting CXX compiler ABI info - done
[0.351s] -- Check for working CXX compiler: /usr/bin/c++ - skipped
[0.351s] -- Detecting CXX compile features
[0.351s] -- Detecting CXX compile features - done
[0.353s] -- Found ament_cmake: 1.3.10 (/opt/ros/humble/share/ament_cmake/cmake)
[0.454s] -- Found Python3: /usr/bin/python3 (found version "3.10.12") found components: Interpreter 
[0.497s] -- Override CMake install command with custom implementation using symlinks instead of copying resources
[0.525s] -- Found rosidl_default_generators: 1.2.0 (/opt/ros/humble/share/rosidl_default_generators/cmake)
[0.529s] -- Using all available rosidl_typesupport_c: rosidl_typesupport_fastrtps_c;rosidl_typesupport_introspection_c
[0.535s] -- Found rosidl_adapter: 3.1.5 (/opt/ros/humble/share/rosidl_adapter/cmake)
[0.568s] -- Using all available rosidl_typesupport_cpp: rosidl_typesupport_fastrtps_cpp;rosidl_typesupport_introspection_cpp
[0.815s] -- Found ament_cmake_ros: 0.10.0 (/opt/ros/humble/share/ament_cmake_ros/cmake)
[0.944s] -- Using all available rosidl_typesupport_c: rosidl_typesupport_fastrtps_c;rosidl_typesupport_introspection_c
[1.101s] -- Using all available rosidl_typesupport_cpp: rosidl_typesupport_fastrtps_cpp;rosidl_typesupport_introspection_cpp
[1.117s] -- Found PythonInterp: /usr/bin/python3 (found suitable version "3.10.12", minimum required is "3.6") 
[1.118s] -- Found python_cmake_module: 0.10.0 (/opt/ros/humble/share/python_cmake_module/cmake)
[1.137s] -- Found PythonLibs: /usr/lib/x86_64-linux-gnu/libpython3.10.so (found suitable version "3.10.12", minimum required is "3.5") 
[1.137s] -- Using PYTHON_EXECUTABLE: /usr/bin/python3
[1.137s] -- Using PYTHON_INCLUDE_DIRS: /usr/include/python3.10
[1.137s] -- Using PYTHON_LIBRARIES: /usr/lib/x86_64-linux-gnu/libpython3.10.so
[1.152s] -- Found PythonExtra: .so  
[1.188s] -- Found ament_lint_auto: 0.12.11 (/opt/ros/humble/share/ament_lint_auto/cmake)
[1.208s] -- Added test 'copyright' to check source files copyright and LICENSE
[1.211s] -- Added test 'lint_cmake' to check CMake code style
[1.212s] -- Added test 'xmllint' to check XML markup files
[1.215s] -- Configuring done
[1.243s] -- Generating done
[1.245s] -- Build files have been written to: /home/gisbert12843/Projects/Robotics_Prak/prak2_ws/build/webots_spot_msgs
[1.252s] Invoked command in '/home/gisbert12843/Projects/Robotics_Prak/prak2_ws/build/webots_spot_msgs' returned '0': CMAKE_PREFIX_PATH=${CMAKE_PREFIX_PATH}:/home/gisbert12843/Projects/Robotics_Prak/prak2_ws/install/webots_spot_teleop:/home/gisbert12843/Projects/Robotics_Prak/prak2_ws/install/webots_spot:/home/gisbert12843/Projects/Robotics_Prak/prak2_ws/install/webots_ros2:/home/gisbert12843/Projects/Robotics_Prak/prak2_ws/install/webots_ros2_universal_robot:/home/gisbert12843/Projects/Robotics_Prak/prak2_ws/install/webots_ros2_turtlebot:/home/gisbert12843/Projects/Robotics_Prak/prak2_ws/install/webots_ros2_tiago:/home/gisbert12843/Projects/Robotics_Prak/prak2_ws/install/webots_ros2_tests:/home/gisbert12843/Projects/Robotics_Prak/prak2_ws/install/webots_ros2_tesla:/home/gisbert12843/Projects/Robotics_Prak/prak2_ws/install/webots_ros2_mavic:/home/gisbert12843/Projects/Robotics_Prak/prak2_ws/install/webots_ros2_epuck:/home/gisbert12843/Projects/Robotics_Prak/prak2_ws/install/webots_ros2_importer:/home/gisbert12843/Projects/Robotics_Prak/prak2_ws/install/prak2_pkg:/opt/ros/humble /usr/bin/cmake /home/gisbert12843/Projects/Robotics_Prak/prak2_ws/src/webots_spot_msgs -DAMENT_CMAKE_SYMLINK_INSTALL=1 -DCMAKE_INSTALL_PREFIX=/home/gisbert12843/Projects/Robotics_Prak/prak2_ws/install/webots_spot_msgs
[1.253s] Invoking command in '/home/gisbert12843/Projects/Robotics_Prak/prak2_ws/build/webots_spot_msgs': CMAKE_PREFIX_PATH=${CMAKE_PREFIX_PATH}:/home/gisbert12843/Projects/Robotics_Prak/prak2_ws/install/webots_spot_teleop:/home/gisbert12843/Projects/Robotics_Prak/prak2_ws/install/webots_spot:/home/gisbert12843/Projects/Robotics_Prak/prak2_ws/install/webots_ros2:/home/gisbert12843/Projects/Robotics_Prak/prak2_ws/install/webots_ros2_universal_robot:/home/gisbert12843/Projects/Robotics_Prak/prak2_ws/install/webots_ros2_turtlebot:/home/gisbert12843/Projects/Robotics_Prak/prak2_ws/install/webots_ros2_tiago:/home/gisbert12843/Projects/Robotics_Prak/prak2_ws/install/webots_ros2_tests:/home/gisbert12843/Projects/Robotics_Prak/prak2_ws/install/webots_ros2_tesla:/home/gisbert12843/Projects/Robotics_Prak/prak2_ws/install/webots_ros2_mavic:/home/gisbert12843/Projects/Robotics_Prak/prak2_ws/install/webots_ros2_epuck:/home/gisbert12843/Projects/Robotics_Prak/prak2_ws/install/webots_ros2_importer:/home/gisbert12843/Projects/Robotics_Prak/prak2_ws/install/prak2_pkg:/opt/ros/humble /usr/bin/cmake --build /home/gisbert12843/Projects/Robotics_Prak/prak2_ws/build/webots_spot_msgs -- -j12 -l12
[1.286s] [  1%] [34m[1mGenerating C code for ROS interfaces[0m
[1.292s] [  2%] [34m[1mGenerating C++ code for ROS interfaces[0m
[1.298s] [  2%] Built target ament_cmake_python_symlink_webots_spot_msgs
[1.440s] running egg_info
[1.441s] creating webots_spot_msgs.egg-info
[1.441s] writing webots_spot_msgs.egg-info/PKG-INFO
[1.441s] writing dependency_links to webots_spot_msgs.egg-info/dependency_links.txt
[1.441s] writing top-level names to webots_spot_msgs.egg-info/top_level.txt
[1.441s] writing manifest file 'webots_spot_msgs.egg-info/SOURCES.txt'
[1.442s] reading manifest file 'webots_spot_msgs.egg-info/SOURCES.txt'
[1.442s] writing manifest file 'webots_spot_msgs.egg-info/SOURCES.txt'
[1.460s] [  2%] Built target ament_cmake_python_build_webots_spot_msgs_egg
[1.845s] [  2%] Built target webots_spot_msgs__cpp
[1.854s] [  3%] [34m[1mGenerating C++ type support dispatch for ROS interfaces[0m
[1.854s] [  4%] [34m[1mGenerating C++ introspection for ROS interfaces[0m
[1.856s] [  5%] [34m[1mGenerating C++ type support for eProsima Fast-RTPS[0m
[1.871s] [ 11%] [32mBuilding C object CMakeFiles/webots_spot_msgs__rosidl_generator_c.dir/rosidl_generator_c/webots_spot_msgs/msg/detail/legs__functions.c.o[0m
[1.871s] [ 11%] [32mBuilding C object CMakeFiles/webots_spot_msgs__rosidl_generator_c.dir/rosidl_generator_c/webots_spot_msgs/msg/detail/int32__functions.c.o[0m
[1.872s] [ 11%] [32mBuilding C object CMakeFiles/webots_spot_msgs__rosidl_generator_c.dir/rosidl_generator_c/webots_spot_msgs/srv/detail/spot_height__functions.c.o[0m
[1.872s] [ 11%] [32mBuilding C object CMakeFiles/webots_spot_msgs__rosidl_generator_c.dir/rosidl_generator_c/webots_spot_msgs/srv/detail/spot_motion__functions.c.o[0m
[1.872s] [ 11%] [32mBuilding C object CMakeFiles/webots_spot_msgs__rosidl_generator_c.dir/rosidl_generator_c/webots_spot_msgs/srv/detail/block_pose__functions.c.o[0m
[1.872s] [ 12%] [32mBuilding C object CMakeFiles/webots_spot_msgs__rosidl_generator_c.dir/rosidl_generator_c/webots_spot_msgs/msg/detail/gait_input__functions.c.o[0m
[1.874s] [ 13%] [32mBuilding C object CMakeFiles/webots_spot_msgs__rosidl_generator_c.dir/rosidl_generator_c/webots_spot_msgs/action/detail/stack__functions.c.o[0m
[1.875s] [ 14%] [32mBuilding C object CMakeFiles/webots_spot_msgs__rosidl_generator_c.dir/rosidl_generator_c/webots_spot_msgs/action/detail/peak_and_detect_object__functions.c.o[0m
[1.993s] [ 16%] [32m[1mLinking C shared library libwebots_spot_msgs__rosidl_generator_c.so[0m
[2.027s] [ 16%] Built target webots_spot_msgs__rosidl_generator_c
[2.037s] [ 18%] [34m[1mGenerating C type support for eProsima Fast-RTPS[0m
[2.037s] [ 18%] [34m[1mGenerating C type support dispatch for ROS interfaces[0m
[2.037s] [ 19%] [34m[1mGenerating C introspection for ROS interfaces[0m
[2.362s] [ 21%] [32mBuilding CXX object CMakeFiles/webots_spot_msgs__rosidl_typesupport_cpp.dir/rosidl_typesupport_cpp/webots_spot_msgs/msg/int32__type_support.cpp.o[0m
[2.363s] [ 21%] [32mBuilding CXX object CMakeFiles/webots_spot_msgs__rosidl_typesupport_cpp.dir/rosidl_typesupport_cpp/webots_spot_msgs/msg/legs__type_support.cpp.o[0m
[2.366s] [ 22%] [32mBuilding CXX object CMakeFiles/webots_spot_msgs__rosidl_typesupport_cpp.dir/rosidl_typesupport_cpp/webots_spot_msgs/srv/spot_motion__type_support.cpp.o[0m
[2.368s] [ 25%] [32mBuilding CXX object CMakeFiles/webots_spot_msgs__rosidl_typesupport_cpp.dir/rosidl_typesupport_cpp/webots_spot_msgs/msg/gait_input__type_support.cpp.o[0m
[2.369s] [ 25%] [32mBuilding CXX object CMakeFiles/webots_spot_msgs__rosidl_typesupport_cpp.dir/rosidl_typesupport_cpp/webots_spot_msgs/srv/block_pose__type_support.cpp.o[0m
[2.375s] [ 26%] [32mBuilding CXX object CMakeFiles/webots_spot_msgs__rosidl_typesupport_cpp.dir/rosidl_typesupport_cpp/webots_spot_msgs/srv/spot_height__type_support.cpp.o[0m
[2.377s] [ 27%] [32mBuilding CXX object CMakeFiles/webots_spot_msgs__rosidl_typesupport_cpp.dir/rosidl_typesupport_cpp/webots_spot_msgs/action/stack__type_support.cpp.o[0m
[2.719s] [ 28%] [32mBuilding CXX object CMakeFiles/webots_spot_msgs__rosidl_typesupport_cpp.dir/rosidl_typesupport_cpp/webots_spot_msgs/action/peak_and_detect_object__type_support.cpp.o[0m
[2.736s] [ 29%] [32mBuilding CXX object CMakeFiles/webots_spot_msgs__rosidl_typesupport_introspection_cpp.dir/rosidl_typesupport_introspection_cpp/webots_spot_msgs/msg/detail/gait_input__type_support.cpp.o[0m
[2.738s] [ 31%] [32mBuilding CXX object CMakeFiles/webots_spot_msgs__rosidl_typesupport_introspection_cpp.dir/rosidl_typesupport_introspection_cpp/webots_spot_msgs/msg/detail/int32__type_support.cpp.o[0m
[2.739s] [ 32%] [32mBuilding CXX object CMakeFiles/webots_spot_msgs__rosidl_typesupport_introspection_cpp.dir/rosidl_typesupport_introspection_cpp/webots_spot_msgs/msg/detail/legs__type_support.cpp.o[0m
[2.745s] [ 33%] [32mBuilding CXX object CMakeFiles/webots_spot_msgs__rosidl_typesupport_c.dir/rosidl_typesupport_c/webots_spot_msgs/msg/int32__type_support.cpp.o[0m
[2.753s] [ 34%] [32mBuilding CXX object CMakeFiles/webots_spot_msgs__rosidl_typesupport_c.dir/rosidl_typesupport_c/webots_spot_msgs/msg/legs__type_support.cpp.o[0m
[2.795s] [ 35%] [32mBuilding CXX object CMakeFiles/webots_spot_msgs__rosidl_typesupport_c.dir/rosidl_typesupport_c/webots_spot_msgs/msg/gait_input__type_support.cpp.o[0m
[2.823s] [ 37%] [32mBuilding CXX object CMakeFiles/webots_spot_msgs__rosidl_typesupport_c.dir/rosidl_typesupport_c/webots_spot_msgs/srv/spot_height__type_support.cpp.o[0m
[2.823s] [ 37%] [32mBuilding CXX object CMakeFiles/webots_spot_msgs__rosidl_typesupport_c.dir/rosidl_typesupport_c/webots_spot_msgs/srv/spot_motion__type_support.cpp.o[0m
[2.842s] [ 39%] [32mBuilding CXX object CMakeFiles/webots_spot_msgs__rosidl_typesupport_introspection_cpp.dir/rosidl_typesupport_introspection_cpp/webots_spot_msgs/srv/detail/spot_motion__type_support.cpp.o[0m
[2.852s] [ 40%] [32mBuilding CXX object CMakeFiles/webots_spot_msgs__rosidl_typesupport_c.dir/rosidl_typesupport_c/webots_spot_msgs/srv/block_pose__type_support.cpp.o[0m
[2.872s] [ 41%] [32mBuilding CXX object CMakeFiles/webots_spot_msgs__rosidl_typesupport_fastrtps_cpp.dir/rosidl_typesupport_fastrtps_cpp/webots_spot_msgs/msg/detail/dds_fastrtps/int32__type_support.cpp.o[0m
[2.907s] [ 42%] [32mBuilding CXX object CMakeFiles/webots_spot_msgs__rosidl_typesupport_introspection_cpp.dir/rosidl_typesupport_introspection_cpp/webots_spot_msgs/srv/detail/spot_height__type_support.cpp.o[0m
[2.923s] [ 43%] [32mBuilding CXX object CMakeFiles/webots_spot_msgs__rosidl_typesupport_introspection_cpp.dir/rosidl_typesupport_introspection_cpp/webots_spot_msgs/srv/detail/block_pose__type_support.cpp.o[0m
[2.982s] [ 44%] [32mBuilding CXX object CMakeFiles/webots_spot_msgs__rosidl_typesupport_c.dir/rosidl_typesupport_c/webots_spot_msgs/action/stack__type_support.cpp.o[0m
[3.109s] [ 45%] [32mBuilding CXX object CMakeFiles/webots_spot_msgs__rosidl_typesupport_c.dir/rosidl_typesupport_c/webots_spot_msgs/action/peak_and_detect_object__type_support.cpp.o[0m
[3.225s] [ 47%] [32m[1mLinking CXX shared library libwebots_spot_msgs__rosidl_typesupport_c.so[0m
[3.326s] [ 48%] [32mBuilding CXX object CMakeFiles/webots_spot_msgs__rosidl_typesupport_introspection_cpp.dir/rosidl_typesupport_introspection_cpp/webots_spot_msgs/action/detail/stack__type_support.cpp.o[0m
[3.332s] [ 49%] [32mBuilding C object CMakeFiles/webots_spot_msgs__rosidl_typesupport_introspection_c.dir/rosidl_typesupport_introspection_c/webots_spot_msgs/msg/detail/int32__type_support.c.o[0m
[3.351s] [ 49%] Built target webots_spot_msgs__rosidl_typesupport_c
[3.382s] [ 50%] [32mBuilding C object CMakeFiles/webots_spot_msgs__rosidl_typesupport_introspection_c.dir/rosidl_typesupport_introspection_c/webots_spot_msgs/msg/detail/legs__type_support.c.o[0m
[3.424s] [ 51%] [32mBuilding CXX object CMakeFiles/webots_spot_msgs__rosidl_typesupport_fastrtps_cpp.dir/rosidl_typesupport_fastrtps_cpp/webots_spot_msgs/msg/detail/dds_fastrtps/legs__type_support.cpp.o[0m
[3.489s] [ 52%] [32mBuilding C object CMakeFiles/webots_spot_msgs__rosidl_typesupport_introspection_c.dir/rosidl_typesupport_introspection_c/webots_spot_msgs/msg/detail/gait_input__type_support.c.o[0m
[3.493s] [ 54%] [32mBuilding CXX object CMakeFiles/webots_spot_msgs__rosidl_typesupport_introspection_cpp.dir/rosidl_typesupport_introspection_cpp/webots_spot_msgs/action/detail/peak_and_detect_object__type_support.cpp.o[0m
[3.508s] [ 55%] [32mBuilding C object CMakeFiles/webots_spot_msgs__rosidl_typesupport_introspection_c.dir/rosidl_typesupport_introspection_c/webots_spot_msgs/srv/detail/spot_motion__type_support.c.o[0m
[3.512s] [ 56%] [32mBuilding CXX object CMakeFiles/webots_spot_msgs__rosidl_typesupport_fastrtps_cpp.dir/rosidl_typesupport_fastrtps_cpp/webots_spot_msgs/msg/detail/dds_fastrtps/gait_input__type_support.cpp.o[0m
[3.513s] [ 57%] [32mBuilding CXX object CMakeFiles/webots_spot_msgs__rosidl_typesupport_fastrtps_cpp.dir/rosidl_typesupport_fastrtps_cpp/webots_spot_msgs/srv/detail/dds_fastrtps/spot_motion__type_support.cpp.o[0m
[3.539s] [ 58%] [32mBuilding C object CMakeFiles/webots_spot_msgs__rosidl_typesupport_introspection_c.dir/rosidl_typesupport_introspection_c/webots_spot_msgs/srv/detail/spot_height__type_support.c.o[0m
[3.560s] [ 59%] [32mBuilding C object CMakeFiles/webots_spot_msgs__rosidl_typesupport_introspection_c.dir/rosidl_typesupport_introspection_c/webots_spot_msgs/srv/detail/block_pose__type_support.c.o[0m
[3.621s] [ 60%] [32mBuilding C object CMakeFiles/webots_spot_msgs__rosidl_typesupport_introspection_c.dir/rosidl_typesupport_introspection_c/webots_spot_msgs/action/detail/stack__type_support.c.o[0m
[3.627s] [ 62%] [32mBuilding CXX object CMakeFiles/webots_spot_msgs__rosidl_typesupport_fastrtps_cpp.dir/rosidl_typesupport_fastrtps_cpp/webots_spot_msgs/srv/detail/dds_fastrtps/spot_height__type_support.cpp.o[0m
[3.635s] [ 63%] [32m[1mLinking CXX shared library libwebots_spot_msgs__rosidl_typesupport_cpp.so[0m
[3.637s] [ 64%] [32mBuilding CXX object CMakeFiles/webots_spot_msgs__rosidl_typesupport_fastrtps_cpp.dir/rosidl_typesupport_fastrtps_cpp/webots_spot_msgs/srv/detail/dds_fastrtps/block_pose__type_support.cpp.o[0m
[3.680s] [ 65%] [32mBuilding CXX object CMakeFiles/webots_spot_msgs__rosidl_typesupport_fastrtps_cpp.dir/rosidl_typesupport_fastrtps_cpp/webots_spot_msgs/action/detail/dds_fastrtps/stack__type_support.cpp.o[0m
[3.699s] [ 65%] Built target webots_spot_msgs__rosidl_typesupport_cpp
[3.719s] [ 66%] [32mBuilding CXX object CMakeFiles/webots_spot_msgs__rosidl_typesupport_fastrtps_cpp.dir/rosidl_typesupport_fastrtps_cpp/webots_spot_msgs/action/detail/dds_fastrtps/peak_and_detect_object__type_support.cpp.o[0m
[3.745s] [ 67%] [32mBuilding CXX object CMakeFiles/webots_spot_msgs__rosidl_typesupport_fastrtps_c.dir/rosidl_typesupport_fastrtps_c/webots_spot_msgs/msg/detail/int32__type_support_c.cpp.o[0m
[3.793s] [ 68%] [32mBuilding C object CMakeFiles/webots_spot_msgs__rosidl_typesupport_introspection_c.dir/rosidl_typesupport_introspection_c/webots_spot_msgs/action/detail/peak_and_detect_object__type_support.c.o[0m
[3.898s] [ 70%] [32m[1mLinking C shared library libwebots_spot_msgs__rosidl_typesupport_introspection_c.so[0m
[3.969s] [ 71%] [32mBuilding CXX object CMakeFiles/webots_spot_msgs__rosidl_typesupport_fastrtps_c.dir/rosidl_typesupport_fastrtps_c/webots_spot_msgs/msg/detail/legs__type_support_c.cpp.o[0m
[4.007s] [ 71%] Built target webots_spot_msgs__rosidl_typesupport_introspection_c
[4.032s] [ 72%] [32mBuilding CXX object CMakeFiles/webots_spot_msgs__rosidl_typesupport_fastrtps_c.dir/rosidl_typesupport_fastrtps_c/webots_spot_msgs/msg/detail/gait_input__type_support_c.cpp.o[0m
[4.163s] [ 73%] [32mBuilding CXX object CMakeFiles/webots_spot_msgs__rosidl_typesupport_fastrtps_c.dir/rosidl_typesupport_fastrtps_c/webots_spot_msgs/srv/detail/spot_height__type_support_c.cpp.o[0m
[4.174s] [ 74%] [32mBuilding CXX object CMakeFiles/webots_spot_msgs__rosidl_typesupport_fastrtps_c.dir/rosidl_typesupport_fastrtps_c/webots_spot_msgs/srv/detail/spot_motion__type_support_c.cpp.o[0m
[4.246s] [ 75%] [32mBuilding CXX object CMakeFiles/webots_spot_msgs__rosidl_typesupport_fastrtps_c.dir/rosidl_typesupport_fastrtps_c/webots_spot_msgs/srv/detail/block_pose__type_support_c.cpp.o[0m
[4.282s] [ 77%] [32mBuilding CXX object CMakeFiles/webots_spot_msgs__rosidl_typesupport_fastrtps_c.dir/rosidl_typesupport_fastrtps_c/webots_spot_msgs/action/detail/stack__type_support_c.cpp.o[0m
[4.388s] [ 78%] [32mBuilding CXX object CMakeFiles/webots_spot_msgs__rosidl_typesupport_fastrtps_c.dir/rosidl_typesupport_fastrtps_c/webots_spot_msgs/action/detail/peak_and_detect_object__type_support_c.cpp.o[0m
[4.745s] [ 79%] [32m[1mLinking CXX shared library libwebots_spot_msgs__rosidl_typesupport_fastrtps_cpp.so[0m
[4.864s] [ 80%] [32m[1mLinking CXX shared library libwebots_spot_msgs__rosidl_typesupport_introspection_cpp.so[0m
[4.866s] [ 80%] Built target webots_spot_msgs__rosidl_typesupport_fastrtps_cpp
[4.924s] [ 81%] [32m[1mLinking CXX shared library libwebots_spot_msgs__rosidl_typesupport_fastrtps_c.so[0m
[5.004s] [ 81%] Built target webots_spot_msgs__rosidl_typesupport_introspection_cpp
[5.014s] [ 81%] Built target webots_spot_msgs__rosidl_typesupport_fastrtps_c
[5.057s] [ 81%] Built target webots_spot_msgs
[5.083s] [ 82%] [34m[1mGenerating Python code for ROS interfaces[0m
[6.250s] [ 82%] Built target webots_spot_msgs__py
[6.266s] [ 85%] [32mBuilding C object CMakeFiles/webots_spot_msgs__rosidl_generator_py.dir/rosidl_generator_py/webots_spot_msgs/msg/_legs_s.c.o[0m
[6.266s] [ 85%] [32mBuilding C object CMakeFiles/webots_spot_msgs__rosidl_generator_py.dir/rosidl_generator_py/webots_spot_msgs/msg/_int32_s.c.o[0m
[6.266s] [ 86%] [32mBuilding C object CMakeFiles/webots_spot_msgs__rosidl_generator_py.dir/rosidl_generator_py/webots_spot_msgs/srv/_spot_motion_s.c.o[0m
[6.266s] [ 87%] [32mBuilding C object CMakeFiles/webots_spot_msgs__rosidl_generator_py.dir/rosidl_generator_py/webots_spot_msgs/srv/_spot_height_s.c.o[0m
[6.266s] [ 89%] [32mBuilding C object CMakeFiles/webots_spot_msgs__rosidl_generator_py.dir/rosidl_generator_py/webots_spot_msgs/srv/_block_pose_s.c.o[0m
[6.266s] [ 89%] [32mBuilding C object CMakeFiles/webots_spot_msgs__rosidl_generator_py.dir/rosidl_generator_py/webots_spot_msgs/msg/_gait_input_s.c.o[0m
[6.266s] [ 90%] [32mBuilding C object CMakeFiles/webots_spot_msgs__rosidl_generator_py.dir/rosidl_generator_py/webots_spot_msgs/action/_stack_s.c.o[0m
[6.268s] [ 91%] [32mBuilding C object CMakeFiles/webots_spot_msgs__rosidl_generator_py.dir/rosidl_generator_py/webots_spot_msgs/action/_peak_and_detect_object_s.c.o[0m
[6.368s] [ 93%] [32m[1mLinking C shared library rosidl_generator_py/webots_spot_msgs/libwebots_spot_msgs__rosidl_generator_py.so[0m
[6.396s] [ 93%] Built target webots_spot_msgs__rosidl_generator_py
[6.410s] [ 95%] [32mBuilding C object CMakeFiles/webots_spot_msgs__rosidl_typesupport_introspection_c__pyext.dir/rosidl_generator_py/webots_spot_msgs/_webots_spot_msgs_s.ep.rosidl_typesupport_introspection_c.c.o[0m
[6.410s] [ 95%] [32mBuilding C object CMakeFiles/webots_spot_msgs__rosidl_typesupport_fastrtps_c__pyext.dir/rosidl_generator_py/webots_spot_msgs/_webots_spot_msgs_s.ep.rosidl_typesupport_fastrtps_c.c.o[0m
[6.410s] [ 96%] [32mBuilding C object CMakeFiles/webots_spot_msgs__rosidl_typesupport_c__pyext.dir/rosidl_generator_py/webots_spot_msgs/_webots_spot_msgs_s.ep.rosidl_typesupport_c.c.o[0m
[6.551s] [ 98%] [32m[1mLinking C shared library rosidl_generator_py/webots_spot_msgs/webots_spot_msgs_s__rosidl_typesupport_c.cpython-310-x86_64-linux-gnu.so[0m
[6.559s] [ 98%] [32m[1mLinking C shared library rosidl_generator_py/webots_spot_msgs/webots_spot_msgs_s__rosidl_typesupport_fastrtps_c.cpython-310-x86_64-linux-gnu.so[0m
[6.559s] [100%] [32m[1mLinking C shared library rosidl_generator_py/webots_spot_msgs/webots_spot_msgs_s__rosidl_typesupport_introspection_c.cpython-310-x86_64-linux-gnu.so[0m
[6.603s] [100%] Built target webots_spot_msgs__rosidl_typesupport_c__pyext
[6.603s] [100%] Built target webots_spot_msgs__rosidl_typesupport_introspection_c__pyext
[6.605s] [100%] Built target webots_spot_msgs__rosidl_typesupport_fastrtps_c__pyext
[6.616s] Invoked command in '/home/gisbert12843/Projects/Robotics_Prak/prak2_ws/build/webots_spot_msgs' returned '0': CMAKE_PREFIX_PATH=${CMAKE_PREFIX_PATH}:/home/gisbert12843/Projects/Robotics_Prak/prak2_ws/install/webots_spot_teleop:/home/gisbert12843/Projects/Robotics_Prak/prak2_ws/install/webots_spot:/home/gisbert12843/Projects/Robotics_Prak/prak2_ws/install/webots_ros2:/home/gisbert12843/Projects/Robotics_Prak/prak2_ws/install/webots_ros2_universal_robot:/home/gisbert12843/Projects/Robotics_Prak/prak2_ws/install/webots_ros2_turtlebot:/home/gisbert12843/Projects/Robotics_Prak/prak2_ws/install/webots_ros2_tiago:/home/gisbert12843/Projects/Robotics_Prak/prak2_ws/install/webots_ros2_tests:/home/gisbert12843/Projects/Robotics_Prak/prak2_ws/install/webots_ros2_tesla:/home/gisbert12843/Projects/Robotics_Prak/prak2_ws/install/webots_ros2_mavic:/home/gisbert12843/Projects/Robotics_Prak/prak2_ws/install/webots_ros2_epuck:/home/gisbert12843/Projects/Robotics_Prak/prak2_ws/install/webots_ros2_importer:/home/gisbert12843/Projects/Robotics_Prak/prak2_ws/install/prak2_pkg:/opt/ros/humble /usr/bin/cmake --build /home/gisbert12843/Projects/Robotics_Prak/prak2_ws/build/webots_spot_msgs -- -j12 -l12
[6.768s] Invoking command in '/home/gisbert12843/Projects/Robotics_Prak/prak2_ws/build/webots_spot_msgs': CMAKE_PREFIX_PATH=${CMAKE_PREFIX_PATH}:/home/gisbert12843/Projects/Robotics_Prak/prak2_ws/install/webots_spot_teleop:/home/gisbert12843/Projects/Robotics_Prak/prak2_ws/install/webots_spot:/home/gisbert12843/Projects/Robotics_Prak/prak2_ws/install/webots_ros2:/home/gisbert12843/Projects/Robotics_Prak/prak2_ws/install/webots_ros2_universal_robot:/home/gisbert12843/Projects/Robotics_Prak/prak2_ws/install/webots_ros2_turtlebot:/home/gisbert12843/Projects/Robotics_Prak/prak2_ws/install/webots_ros2_tiago:/home/gisbert12843/Projects/Robotics_Prak/prak2_ws/install/webots_ros2_tests:/home/gisbert12843/Projects/Robotics_Prak/prak2_ws/install/webots_ros2_tesla:/home/gisbert12843/Projects/Robotics_Prak/prak2_ws/install/webots_ros2_mavic:/home/gisbert12843/Projects/Robotics_Prak/prak2_ws/install/webots_ros2_epuck:/home/gisbert12843/Projects/Robotics_Prak/prak2_ws/install/webots_ros2_importer:/home/gisbert12843/Projects/Robotics_Prak/prak2_ws/install/prak2_pkg:/opt/ros/humble /usr/bin/cmake --install /home/gisbert12843/Projects/Robotics_Prak/prak2_ws/build/webots_spot_msgs
[6.774s] -- Install configuration: ""
[6.775s] -- Execute custom install script
[6.775s] -- Symlinking: /home/gisbert12843/Projects/Robotics_Prak/prak2_ws/install/webots_spot_msgs/share/ament_index/resource_index/rosidl_interfaces/webots_spot_msgs
[6.782s] -- Symlinking: /home/gisbert12843/Projects/Robotics_Prak/prak2_ws/install/webots_spot_msgs/include/webots_spot_msgs/webots_spot_msgs/action/detail/peak_and_detect_object__functions.h
[6.787s] -- Symlinking: /home/gisbert12843/Projects/Robotics_Prak/prak2_ws/install/webots_spot_msgs/include/webots_spot_msgs/webots_spot_msgs/action/detail/peak_and_detect_object__struct.h
[6.793s] -- Symlinking: /home/gisbert12843/Projects/Robotics_Prak/prak2_ws/install/webots_spot_msgs/include/webots_spot_msgs/webots_spot_msgs/action/detail/peak_and_detect_object__type_support.h
[6.799s] -- Symlinking: /home/gisbert12843/Projects/Robotics_Prak/prak2_ws/install/webots_spot_msgs/include/webots_spot_msgs/webots_spot_msgs/action/detail/stack__functions.h
[6.805s] -- Symlinking: /home/gisbert12843/Projects/Robotics_Prak/prak2_ws/install/webots_spot_msgs/include/webots_spot_msgs/webots_spot_msgs/action/detail/stack__struct.h
[6.812s] -- Symlinking: /home/gisbert12843/Projects/Robotics_Prak/prak2_ws/install/webots_spot_msgs/include/webots_spot_msgs/webots_spot_msgs/action/detail/stack__type_support.h
[6.818s] -- Symlinking: /home/gisbert12843/Projects/Robotics_Prak/prak2_ws/install/webots_spot_msgs/include/webots_spot_msgs/webots_spot_msgs/action/peak_and_detect_object.h
[6.823s] -- Symlinking: /home/gisbert12843/Projects/Robotics_Prak/prak2_ws/install/webots_spot_msgs/include/webots_spot_msgs/webots_spot_msgs/action/stack.h
[6.829s] -- Symlinking: /home/gisbert12843/Projects/Robotics_Prak/prak2_ws/install/webots_spot_msgs/include/webots_spot_msgs/webots_spot_msgs/msg/detail/gait_input__functions.h
[6.835s] -- Symlinking: /home/gisbert12843/Projects/Robotics_Prak/prak2_ws/install/webots_spot_msgs/include/webots_spot_msgs/webots_spot_msgs/msg/detail/gait_input__struct.h
[6.841s] -- Symlinking: /home/gisbert12843/Projects/Robotics_Prak/prak2_ws/install/webots_spot_msgs/include/webots_spot_msgs/webots_spot_msgs/msg/detail/gait_input__type_support.h
[6.847s] -- Symlinking: /home/gisbert12843/Projects/Robotics_Prak/prak2_ws/install/webots_spot_msgs/include/webots_spot_msgs/webots_spot_msgs/msg/detail/int32__functions.h
[6.852s] -- Symlinking: /home/gisbert12843/Projects/Robotics_Prak/prak2_ws/install/webots_spot_msgs/include/webots_spot_msgs/webots_spot_msgs/msg/detail/int32__struct.h
[6.858s] -- Symlinking: /home/gisbert12843/Projects/Robotics_Prak/prak2_ws/install/webots_spot_msgs/include/webots_spot_msgs/webots_spot_msgs/msg/detail/int32__type_support.h
[6.864s] -- Symlinking: /home/gisbert12843/Projects/Robotics_Prak/prak2_ws/install/webots_spot_msgs/include/webots_spot_msgs/webots_spot_msgs/msg/detail/legs__functions.h
[6.870s] -- Symlinking: /home/gisbert12843/Projects/Robotics_Prak/prak2_ws/install/webots_spot_msgs/include/webots_spot_msgs/webots_spot_msgs/msg/detail/legs__struct.h
[6.876s] -- Symlinking: /home/gisbert12843/Projects/Robotics_Prak/prak2_ws/install/webots_spot_msgs/include/webots_spot_msgs/webots_spot_msgs/msg/detail/legs__type_support.h
[6.881s] -- Symlinking: /home/gisbert12843/Projects/Robotics_Prak/prak2_ws/install/webots_spot_msgs/include/webots_spot_msgs/webots_spot_msgs/msg/gait_input.h
[6.887s] -- Symlinking: /home/gisbert12843/Projects/Robotics_Prak/prak2_ws/install/webots_spot_msgs/include/webots_spot_msgs/webots_spot_msgs/msg/int32.h
[6.892s] -- Symlinking: /home/gisbert12843/Projects/Robotics_Prak/prak2_ws/install/webots_spot_msgs/include/webots_spot_msgs/webots_spot_msgs/msg/legs.h
[6.898s] -- Symlinking: /home/gisbert12843/Projects/Robotics_Prak/prak2_ws/install/webots_spot_msgs/include/webots_spot_msgs/webots_spot_msgs/msg/rosidl_generator_c__visibility_control.h
[6.904s] -- Symlinking: /home/gisbert12843/Projects/Robotics_Prak/prak2_ws/install/webots_spot_msgs/include/webots_spot_msgs/webots_spot_msgs/srv/block_pose.h
[6.910s] -- Symlinking: /home/gisbert12843/Projects/Robotics_Prak/prak2_ws/install/webots_spot_msgs/include/webots_spot_msgs/webots_spot_msgs/srv/detail/block_pose__functions.h
[6.915s] -- Symlinking: /home/gisbert12843/Projects/Robotics_Prak/prak2_ws/install/webots_spot_msgs/include/webots_spot_msgs/webots_spot_msgs/srv/detail/block_pose__struct.h
[6.921s] -- Symlinking: /home/gisbert12843/Projects/Robotics_Prak/prak2_ws/install/webots_spot_msgs/include/webots_spot_msgs/webots_spot_msgs/srv/detail/block_pose__type_support.h
[6.927s] -- Symlinking: /home/gisbert12843/Projects/Robotics_Prak/prak2_ws/install/webots_spot_msgs/include/webots_spot_msgs/webots_spot_msgs/srv/detail/spot_height__functions.h
[6.933s] -- Symlinking: /home/gisbert12843/Projects/Robotics_Prak/prak2_ws/install/webots_spot_msgs/include/webots_spot_msgs/webots_spot_msgs/srv/detail/spot_height__struct.h
[6.939s] -- Symlinking: /home/gisbert12843/Projects/Robotics_Prak/prak2_ws/install/webots_spot_msgs/include/webots_spot_msgs/webots_spot_msgs/srv/detail/spot_height__type_support.h
[6.945s] -- Symlinking: /home/gisbert12843/Projects/Robotics_Prak/prak2_ws/install/webots_spot_msgs/include/webots_spot_msgs/webots_spot_msgs/srv/detail/spot_motion__functions.h
[6.950s] -- Symlinking: /home/gisbert12843/Projects/Robotics_Prak/prak2_ws/install/webots_spot_msgs/include/webots_spot_msgs/webots_spot_msgs/srv/detail/spot_motion__struct.h
[6.955s] -- Symlinking: /home/gisbert12843/Projects/Robotics_Prak/prak2_ws/install/webots_spot_msgs/include/webots_spot_msgs/webots_spot_msgs/srv/detail/spot_motion__type_support.h
[6.961s] -- Symlinking: /home/gisbert12843/Projects/Robotics_Prak/prak2_ws/install/webots_spot_msgs/include/webots_spot_msgs/webots_spot_msgs/srv/spot_height.h
[6.967s] -- Symlinking: /home/gisbert12843/Projects/Robotics_Prak/prak2_ws/install/webots_spot_msgs/include/webots_spot_msgs/webots_spot_msgs/srv/spot_motion.h
[6.973s] -- Symlinking: /home/gisbert12843/Projects/Robotics_Prak/prak2_ws/install/webots_spot_msgs/share/webots_spot_msgs/environment/library_path.sh
[6.979s] -- Symlinking: /home/gisbert12843/Projects/Robotics_Prak/prak2_ws/install/webots_spot_msgs/share/webots_spot_msgs/environment/library_path.dsv
[6.985s] -- Symlinking: /home/gisbert12843/Projects/Robotics_Prak/prak2_ws/install/webots_spot_msgs/include/webots_spot_msgs/webots_spot_msgs/action/detail/peak_and_detect_object__rosidl_typesupport_fastrtps_c.h
[6.992s] -- Symlinking: /home/gisbert12843/Projects/Robotics_Prak/prak2_ws/install/webots_spot_msgs/include/webots_spot_msgs/webots_spot_msgs/action/detail/stack__rosidl_typesupport_fastrtps_c.h
[6.998s] -- Symlinking: /home/gisbert12843/Projects/Robotics_Prak/prak2_ws/install/webots_spot_msgs/include/webots_spot_msgs/webots_spot_msgs/msg/detail/gait_input__rosidl_typesupport_fastrtps_c.h
[7.004s] -- Symlinking: /home/gisbert12843/Projects/Robotics_Prak/prak2_ws/install/webots_spot_msgs/include/webots_spot_msgs/webots_spot_msgs/msg/detail/int32__rosidl_typesupport_fastrtps_c.h
[7.011s] -- Symlinking: /home/gisbert12843/Projects/Robotics_Prak/prak2_ws/install/webots_spot_msgs/include/webots_spot_msgs/webots_spot_msgs/msg/detail/legs__rosidl_typesupport_fastrtps_c.h
[7.016s] -- Symlinking: /home/gisbert12843/Projects/Robotics_Prak/prak2_ws/install/webots_spot_msgs/include/webots_spot_msgs/webots_spot_msgs/msg/rosidl_typesupport_fastrtps_c__visibility_control.h
[7.021s] -- Symlinking: /home/gisbert12843/Projects/Robotics_Prak/prak2_ws/install/webots_spot_msgs/include/webots_spot_msgs/webots_spot_msgs/srv/detail/block_pose__rosidl_typesupport_fastrtps_c.h
[7.027s] -- Symlinking: /home/gisbert12843/Projects/Robotics_Prak/prak2_ws/install/webots_spot_msgs/include/webots_spot_msgs/webots_spot_msgs/srv/detail/spot_height__rosidl_typesupport_fastrtps_c.h
[7.033s] -- Symlinking: /home/gisbert12843/Projects/Robotics_Prak/prak2_ws/install/webots_spot_msgs/include/webots_spot_msgs/webots_spot_msgs/srv/detail/spot_motion__rosidl_typesupport_fastrtps_c.h
[7.039s] -- Symlinking: /home/gisbert12843/Projects/Robotics_Prak/prak2_ws/install/webots_spot_msgs/include/webots_spot_msgs/webots_spot_msgs/action/detail/peak_and_detect_object__rosidl_typesupport_introspection_c.h
[7.045s] -- Symlinking: /home/gisbert12843/Projects/Robotics_Prak/prak2_ws/install/webots_spot_msgs/include/webots_spot_msgs/webots_spot_msgs/action/detail/stack__rosidl_typesupport_introspection_c.h
[7.050s] -- Symlinking: /home/gisbert12843/Projects/Robotics_Prak/prak2_ws/install/webots_spot_msgs/include/webots_spot_msgs/webots_spot_msgs/msg/detail/gait_input__rosidl_typesupport_introspection_c.h
[7.056s] -- Symlinking: /home/gisbert12843/Projects/Robotics_Prak/prak2_ws/install/webots_spot_msgs/include/webots_spot_msgs/webots_spot_msgs/msg/detail/int32__rosidl_typesupport_introspection_c.h
[7.062s] -- Symlinking: /home/gisbert12843/Projects/Robotics_Prak/prak2_ws/install/webots_spot_msgs/include/webots_spot_msgs/webots_spot_msgs/msg/detail/legs__rosidl_typesupport_introspection_c.h
[7.068s] -- Symlinking: /home/gisbert12843/Projects/Robotics_Prak/prak2_ws/install/webots_spot_msgs/include/webots_spot_msgs/webots_spot_msgs/msg/rosidl_typesupport_introspection_c__visibility_control.h
[7.074s] -- Symlinking: /home/gisbert12843/Projects/Robotics_Prak/prak2_ws/install/webots_spot_msgs/include/webots_spot_msgs/webots_spot_msgs/srv/detail/block_pose__rosidl_typesupport_introspection_c.h
[7.079s] -- Symlinking: /home/gisbert12843/Projects/Robotics_Prak/prak2_ws/install/webots_spot_msgs/include/webots_spot_msgs/webots_spot_msgs/srv/detail/spot_height__rosidl_typesupport_introspection_c.h
[7.084s] -- Symlinking: /home/gisbert12843/Projects/Robotics_Prak/prak2_ws/install/webots_spot_msgs/include/webots_spot_msgs/webots_spot_msgs/srv/detail/spot_motion__rosidl_typesupport_introspection_c.h
[7.090s] -- Symlinking: /home/gisbert12843/Projects/Robotics_Prak/prak2_ws/install/webots_spot_msgs/include/webots_spot_msgs/webots_spot_msgs/action/detail/peak_and_detect_object__builder.hpp
[7.097s] -- Symlinking: /home/gisbert12843/Projects/Robotics_Prak/prak2_ws/install/webots_spot_msgs/include/webots_spot_msgs/webots_spot_msgs/action/detail/peak_and_detect_object__struct.hpp
[7.102s] -- Symlinking: /home/gisbert12843/Projects/Robotics_Prak/prak2_ws/install/webots_spot_msgs/include/webots_spot_msgs/webots_spot_msgs/action/detail/peak_and_detect_object__traits.hpp
[7.108s] -- Symlinking: /home/gisbert12843/Projects/Robotics_Prak/prak2_ws/install/webots_spot_msgs/include/webots_spot_msgs/webots_spot_msgs/action/detail/stack__builder.hpp
[7.113s] -- Symlinking: /home/gisbert12843/Projects/Robotics_Prak/prak2_ws/install/webots_spot_msgs/include/webots_spot_msgs/webots_spot_msgs/action/detail/stack__struct.hpp
[7.118s] -- Symlinking: /home/gisbert12843/Projects/Robotics_Prak/prak2_ws/install/webots_spot_msgs/include/webots_spot_msgs/webots_spot_msgs/action/detail/stack__traits.hpp
[7.123s] -- Symlinking: /home/gisbert12843/Projects/Robotics_Prak/prak2_ws/install/webots_spot_msgs/include/webots_spot_msgs/webots_spot_msgs/action/peak_and_detect_object.hpp
[7.130s] -- Symlinking: /home/gisbert12843/Projects/Robotics_Prak/prak2_ws/install/webots_spot_msgs/include/webots_spot_msgs/webots_spot_msgs/action/stack.hpp
[7.135s] -- Symlinking: /home/gisbert12843/Projects/Robotics_Prak/prak2_ws/install/webots_spot_msgs/include/webots_spot_msgs/webots_spot_msgs/msg/detail/gait_input__builder.hpp
[7.142s] -- Symlinking: /home/gisbert12843/Projects/Robotics_Prak/prak2_ws/install/webots_spot_msgs/include/webots_spot_msgs/webots_spot_msgs/msg/detail/gait_input__struct.hpp
[7.147s] -- Symlinking: /home/gisbert12843/Projects/Robotics_Prak/prak2_ws/install/webots_spot_msgs/include/webots_spot_msgs/webots_spot_msgs/msg/detail/gait_input__traits.hpp
[7.152s] -- Symlinking: /home/gisbert12843/Projects/Robotics_Prak/prak2_ws/install/webots_spot_msgs/include/webots_spot_msgs/webots_spot_msgs/msg/detail/int32__builder.hpp
[7.158s] -- Symlinking: /home/gisbert12843/Projects/Robotics_Prak/prak2_ws/install/webots_spot_msgs/include/webots_spot_msgs/webots_spot_msgs/msg/detail/int32__struct.hpp
[7.165s] -- Symlinking: /home/gisbert12843/Projects/Robotics_Prak/prak2_ws/install/webots_spot_msgs/include/webots_spot_msgs/webots_spot_msgs/msg/detail/int32__traits.hpp
[7.171s] -- Symlinking: /home/gisbert12843/Projects/Robotics_Prak/prak2_ws/install/webots_spot_msgs/include/webots_spot_msgs/webots_spot_msgs/msg/detail/legs__builder.hpp
[7.176s] -- Symlinking: /home/gisbert12843/Projects/Robotics_Prak/prak2_ws/install/webots_spot_msgs/include/webots_spot_msgs/webots_spot_msgs/msg/detail/legs__struct.hpp
[7.181s] -- Symlinking: /home/gisbert12843/Projects/Robotics_Prak/prak2_ws/install/webots_spot_msgs/include/webots_spot_msgs/webots_spot_msgs/msg/detail/legs__traits.hpp
[7.186s] -- Symlinking: /home/gisbert12843/Projects/Robotics_Prak/prak2_ws/install/webots_spot_msgs/include/webots_spot_msgs/webots_spot_msgs/msg/gait_input.hpp
[7.192s] -- Symlinking: /home/gisbert12843/Projects/Robotics_Prak/prak2_ws/install/webots_spot_msgs/include/webots_spot_msgs/webots_spot_msgs/msg/int32.hpp
[7.198s] -- Symlinking: /home/gisbert12843/Projects/Robotics_Prak/prak2_ws/install/webots_spot_msgs/include/webots_spot_msgs/webots_spot_msgs/msg/legs.hpp
[7.204s] -- Symlinking: /home/gisbert12843/Projects/Robotics_Prak/prak2_ws/install/webots_spot_msgs/include/webots_spot_msgs/webots_spot_msgs/srv/block_pose.hpp
[7.209s] -- Symlinking: /home/gisbert12843/Projects/Robotics_Prak/prak2_ws/install/webots_spot_msgs/include/webots_spot_msgs/webots_spot_msgs/srv/detail/block_pose__builder.hpp
[7.215s] -- Symlinking: /home/gisbert12843/Projects/Robotics_Prak/prak2_ws/install/webots_spot_msgs/include/webots_spot_msgs/webots_spot_msgs/srv/detail/block_pose__struct.hpp
[7.220s] -- Symlinking: /home/gisbert12843/Projects/Robotics_Prak/prak2_ws/install/webots_spot_msgs/include/webots_spot_msgs/webots_spot_msgs/srv/detail/block_pose__traits.hpp
[7.228s] -- Symlinking: /home/gisbert12843/Projects/Robotics_Prak/prak2_ws/install/webots_spot_msgs/include/webots_spot_msgs/webots_spot_msgs/srv/detail/spot_height__builder.hpp
[7.236s] -- Symlinking: /home/gisbert12843/Projects/Robotics_Prak/prak2_ws/install/webots_spot_msgs/include/webots_spot_msgs/webots_spot_msgs/srv/detail/spot_height__struct.hpp
[7.243s] -- Symlinking: /home/gisbert12843/Projects/Robotics_Prak/prak2_ws/install/webots_spot_msgs/include/webots_spot_msgs/webots_spot_msgs/srv/detail/spot_height__traits.hpp
[7.248s] -- Symlinking: /home/gisbert12843/Projects/Robotics_Prak/prak2_ws/install/webots_spot_msgs/include/webots_spot_msgs/webots_spot_msgs/srv/detail/spot_motion__builder.hpp
[7.254s] -- Symlinking: /home/gisbert12843/Projects/Robotics_Prak/prak2_ws/install/webots_spot_msgs/include/webots_spot_msgs/webots_spot_msgs/srv/detail/spot_motion__struct.hpp
[7.261s] -- Symlinking: /home/gisbert12843/Projects/Robotics_Prak/prak2_ws/install/webots_spot_msgs/include/webots_spot_msgs/webots_spot_msgs/srv/detail/spot_motion__traits.hpp
[7.268s] -- Symlinking: /home/gisbert12843/Projects/Robotics_Prak/prak2_ws/install/webots_spot_msgs/include/webots_spot_msgs/webots_spot_msgs/srv/spot_height.hpp
[7.274s] -- Symlinking: /home/gisbert12843/Projects/Robotics_Prak/prak2_ws/install/webots_spot_msgs/include/webots_spot_msgs/webots_spot_msgs/srv/spot_motion.hpp
[7.280s] -- Symlinking: /home/gisbert12843/Projects/Robotics_Prak/prak2_ws/install/webots_spot_msgs/include/webots_spot_msgs/webots_spot_msgs/action/detail/peak_and_detect_object__rosidl_typesupport_fastrtps_cpp.hpp
[7.286s] -- Symlinking: /home/gisbert12843/Projects/Robotics_Prak/prak2_ws/install/webots_spot_msgs/include/webots_spot_msgs/webots_spot_msgs/action/detail/stack__rosidl_typesupport_fastrtps_cpp.hpp
[7.294s] -- Symlinking: /home/gisbert12843/Projects/Robotics_Prak/prak2_ws/install/webots_spot_msgs/include/webots_spot_msgs/webots_spot_msgs/msg/detail/gait_input__rosidl_typesupport_fastrtps_cpp.hpp
[7.299s] -- Symlinking: /home/gisbert12843/Projects/Robotics_Prak/prak2_ws/install/webots_spot_msgs/include/webots_spot_msgs/webots_spot_msgs/msg/detail/int32__rosidl_typesupport_fastrtps_cpp.hpp
[7.304s] -- Symlinking: /home/gisbert12843/Projects/Robotics_Prak/prak2_ws/install/webots_spot_msgs/include/webots_spot_msgs/webots_spot_msgs/msg/detail/legs__rosidl_typesupport_fastrtps_cpp.hpp
[7.310s] -- Symlinking: /home/gisbert12843/Projects/Robotics_Prak/prak2_ws/install/webots_spot_msgs/include/webots_spot_msgs/webots_spot_msgs/msg/rosidl_typesupport_fastrtps_cpp__visibility_control.h
[7.317s] -- Symlinking: /home/gisbert12843/Projects/Robotics_Prak/prak2_ws/install/webots_spot_msgs/include/webots_spot_msgs/webots_spot_msgs/srv/detail/block_pose__rosidl_typesupport_fastrtps_cpp.hpp
[7.323s] -- Symlinking: /home/gisbert12843/Projects/Robotics_Prak/prak2_ws/install/webots_spot_msgs/include/webots_spot_msgs/webots_spot_msgs/srv/detail/spot_height__rosidl_typesupport_fastrtps_cpp.hpp
[7.330s] -- Symlinking: /home/gisbert12843/Projects/Robotics_Prak/prak2_ws/install/webots_spot_msgs/include/webots_spot_msgs/webots_spot_msgs/srv/detail/spot_motion__rosidl_typesupport_fastrtps_cpp.hpp
[7.336s] -- Symlinking: /home/gisbert12843/Projects/Robotics_Prak/prak2_ws/install/webots_spot_msgs/include/webots_spot_msgs/webots_spot_msgs/action/detail/peak_and_detect_object__rosidl_typesupport_introspection_cpp.hpp
[7.342s] -- Symlinking: /home/gisbert12843/Projects/Robotics_Prak/prak2_ws/install/webots_spot_msgs/include/webots_spot_msgs/webots_spot_msgs/action/detail/stack__rosidl_typesupport_introspection_cpp.hpp
[7.347s] -- Symlinking: /home/gisbert12843/Projects/Robotics_Prak/prak2_ws/install/webots_spot_msgs/include/webots_spot_msgs/webots_spot_msgs/msg/detail/gait_input__rosidl_typesupport_introspection_cpp.hpp
[7.354s] -- Symlinking: /home/gisbert12843/Projects/Robotics_Prak/prak2_ws/install/webots_spot_msgs/include/webots_spot_msgs/webots_spot_msgs/msg/detail/int32__rosidl_typesupport_introspection_cpp.hpp
[7.360s] -- Symlinking: /home/gisbert12843/Projects/Robotics_Prak/prak2_ws/install/webots_spot_msgs/include/webots_spot_msgs/webots_spot_msgs/msg/detail/legs__rosidl_typesupport_introspection_cpp.hpp
[7.366s] -- Symlinking: /home/gisbert12843/Projects/Robotics_Prak/prak2_ws/install/webots_spot_msgs/include/webots_spot_msgs/webots_spot_msgs/srv/detail/block_pose__rosidl_typesupport_introspection_cpp.hpp
[7.371s] -- Symlinking: /home/gisbert12843/Projects/Robotics_Prak/prak2_ws/install/webots_spot_msgs/include/webots_spot_msgs/webots_spot_msgs/srv/detail/spot_height__rosidl_typesupport_introspection_cpp.hpp
[7.377s] -- Symlinking: /home/gisbert12843/Projects/Robotics_Prak/prak2_ws/install/webots_spot_msgs/include/webots_spot_msgs/webots_spot_msgs/srv/detail/spot_motion__rosidl_typesupport_introspection_cpp.hpp
[7.382s] -- Symlinking: /home/gisbert12843/Projects/Robotics_Prak/prak2_ws/install/webots_spot_msgs/share/webots_spot_msgs/environment/pythonpath.sh
[7.389s] -- Symlinking: /home/gisbert12843/Projects/Robotics_Prak/prak2_ws/install/webots_spot_msgs/share/webots_spot_msgs/environment/pythonpath.dsv
[7.396s] -- Symlinking: /home/gisbert12843/Projects/Robotics_Prak/prak2_ws/install/webots_spot_msgs/local/lib/python3.10/dist-packages/webots_spot_msgs-0.0.0-py3.10.egg-info/PKG-INFO
[7.402s] -- Symlinking: /home/gisbert12843/Projects/Robotics_Prak/prak2_ws/install/webots_spot_msgs/local/lib/python3.10/dist-packages/webots_spot_msgs-0.0.0-py3.10.egg-info/SOURCES.txt
[7.408s] -- Symlinking: /home/gisbert12843/Projects/Robotics_Prak/prak2_ws/install/webots_spot_msgs/local/lib/python3.10/dist-packages/webots_spot_msgs-0.0.0-py3.10.egg-info/dependency_links.txt
[7.414s] -- Symlinking: /home/gisbert12843/Projects/Robotics_Prak/prak2_ws/install/webots_spot_msgs/local/lib/python3.10/dist-packages/webots_spot_msgs-0.0.0-py3.10.egg-info/top_level.txt
[7.421s] -- Symlinking: /home/gisbert12843/Projects/Robotics_Prak/prak2_ws/install/webots_spot_msgs/local/lib/python3.10/dist-packages/webots_spot_msgs/__init__.py
[7.427s] -- Symlinking: /home/gisbert12843/Projects/Robotics_Prak/prak2_ws/install/webots_spot_msgs/local/lib/python3.10/dist-packages/webots_spot_msgs/_webots_spot_msgs_s.ep.rosidl_typesupport_c.c
[7.433s] -- Symlinking: /home/gisbert12843/Projects/Robotics_Prak/prak2_ws/install/webots_spot_msgs/local/lib/python3.10/dist-packages/webots_spot_msgs/_webots_spot_msgs_s.ep.rosidl_typesupport_fastrtps_c.c
[7.438s] -- Symlinking: /home/gisbert12843/Projects/Robotics_Prak/prak2_ws/install/webots_spot_msgs/local/lib/python3.10/dist-packages/webots_spot_msgs/_webots_spot_msgs_s.ep.rosidl_typesupport_introspection_c.c
[7.444s] -- Symlinking: /home/gisbert12843/Projects/Robotics_Prak/prak2_ws/install/webots_spot_msgs/local/lib/python3.10/dist-packages/webots_spot_msgs/action/__init__.py
[7.451s] -- Symlinking: /home/gisbert12843/Projects/Robotics_Prak/prak2_ws/install/webots_spot_msgs/local/lib/python3.10/dist-packages/webots_spot_msgs/action/_peak_and_detect_object.py
[7.459s] -- Symlinking: /home/gisbert12843/Projects/Robotics_Prak/prak2_ws/install/webots_spot_msgs/local/lib/python3.10/dist-packages/webots_spot_msgs/action/_peak_and_detect_object_s.c
[7.465s] -- Symlinking: /home/gisbert12843/Projects/Robotics_Prak/prak2_ws/install/webots_spot_msgs/local/lib/python3.10/dist-packages/webots_spot_msgs/action/_stack.py
[7.471s] -- Symlinking: /home/gisbert12843/Projects/Robotics_Prak/prak2_ws/install/webots_spot_msgs/local/lib/python3.10/dist-packages/webots_spot_msgs/action/_stack_s.c
[7.477s] -- Symlinking: /home/gisbert12843/Projects/Robotics_Prak/prak2_ws/install/webots_spot_msgs/local/lib/python3.10/dist-packages/webots_spot_msgs/libwebots_spot_msgs__rosidl_generator_py.so
[7.484s] -- Symlinking: /home/gisbert12843/Projects/Robotics_Prak/prak2_ws/install/webots_spot_msgs/local/lib/python3.10/dist-packages/webots_spot_msgs/msg/__init__.py
[7.491s] -- Symlinking: /home/gisbert12843/Projects/Robotics_Prak/prak2_ws/install/webots_spot_msgs/local/lib/python3.10/dist-packages/webots_spot_msgs/msg/_gait_input.py
[7.497s] -- Symlinking: /home/gisbert12843/Projects/Robotics_Prak/prak2_ws/install/webots_spot_msgs/local/lib/python3.10/dist-packages/webots_spot_msgs/msg/_gait_input_s.c
[7.503s] -- Symlinking: /home/gisbert12843/Projects/Robotics_Prak/prak2_ws/install/webots_spot_msgs/local/lib/python3.10/dist-packages/webots_spot_msgs/msg/_int32.py
[7.508s] -- Symlinking: /home/gisbert12843/Projects/Robotics_Prak/prak2_ws/install/webots_spot_msgs/local/lib/python3.10/dist-packages/webots_spot_msgs/msg/_int32_s.c
[7.515s] -- Symlinking: /home/gisbert12843/Projects/Robotics_Prak/prak2_ws/install/webots_spot_msgs/local/lib/python3.10/dist-packages/webots_spot_msgs/msg/_legs.py
[7.521s] -- Symlinking: /home/gisbert12843/Projects/Robotics_Prak/prak2_ws/install/webots_spot_msgs/local/lib/python3.10/dist-packages/webots_spot_msgs/msg/_legs_s.c
[7.527s] -- Symlinking: /home/gisbert12843/Projects/Robotics_Prak/prak2_ws/install/webots_spot_msgs/local/lib/python3.10/dist-packages/webots_spot_msgs/srv/__init__.py
[7.533s] -- Symlinking: /home/gisbert12843/Projects/Robotics_Prak/prak2_ws/install/webots_spot_msgs/local/lib/python3.10/dist-packages/webots_spot_msgs/srv/_block_pose.py
[7.538s] -- Symlinking: /home/gisbert12843/Projects/Robotics_Prak/prak2_ws/install/webots_spot_msgs/local/lib/python3.10/dist-packages/webots_spot_msgs/srv/_block_pose_s.c
[7.545s] -- Symlinking: /home/gisbert12843/Projects/Robotics_Prak/prak2_ws/install/webots_spot_msgs/local/lib/python3.10/dist-packages/webots_spot_msgs/srv/_spot_height.py
[7.551s] -- Symlinking: /home/gisbert12843/Projects/Robotics_Prak/prak2_ws/install/webots_spot_msgs/local/lib/python3.10/dist-packages/webots_spot_msgs/srv/_spot_height_s.c
[7.557s] -- Symlinking: /home/gisbert12843/Projects/Robotics_Prak/prak2_ws/install/webots_spot_msgs/local/lib/python3.10/dist-packages/webots_spot_msgs/srv/_spot_motion.py
[7.563s] -- Symlinking: /home/gisbert12843/Projects/Robotics_Prak/prak2_ws/install/webots_spot_msgs/local/lib/python3.10/dist-packages/webots_spot_msgs/srv/_spot_motion_s.c
[7.568s] -- Symlinking: /home/gisbert12843/Projects/Robotics_Prak/prak2_ws/install/webots_spot_msgs/local/lib/python3.10/dist-packages/webots_spot_msgs/webots_spot_msgs_s__rosidl_typesupport_c.cpython-310-x86_64-linux-gnu.so
[7.574s] -- Symlinking: /home/gisbert12843/Projects/Robotics_Prak/prak2_ws/install/webots_spot_msgs/local/lib/python3.10/dist-packages/webots_spot_msgs/webots_spot_msgs_s__rosidl_typesupport_fastrtps_c.cpython-310-x86_64-linux-gnu.so
[7.581s] -- Symlinking: /home/gisbert12843/Projects/Robotics_Prak/prak2_ws/install/webots_spot_msgs/local/lib/python3.10/dist-packages/webots_spot_msgs/webots_spot_msgs_s__rosidl_typesupport_introspection_c.cpython-310-x86_64-linux-gnu.so
[7.587s] -- Up-to-date symlink: /home/gisbert12843/Projects/Robotics_Prak/prak2_ws/install/webots_spot_msgs/local/lib/python3.10/dist-packages/webots_spot_msgs/webots_spot_msgs_s__rosidl_typesupport_fastrtps_c.cpython-310-x86_64-linux-gnu.so
[7.587s] -- Up-to-date symlink: /home/gisbert12843/Projects/Robotics_Prak/prak2_ws/install/webots_spot_msgs/local/lib/python3.10/dist-packages/webots_spot_msgs/webots_spot_msgs_s__rosidl_typesupport_introspection_c.cpython-310-x86_64-linux-gnu.so
[7.588s] -- Up-to-date symlink: /home/gisbert12843/Projects/Robotics_Prak/prak2_ws/install/webots_spot_msgs/local/lib/python3.10/dist-packages/webots_spot_msgs/webots_spot_msgs_s__rosidl_typesupport_c.cpython-310-x86_64-linux-gnu.so
[7.588s] -- Symlinking: /home/gisbert12843/Projects/Robotics_Prak/prak2_ws/install/webots_spot_msgs/share/webots_spot_msgs/msg/Int32.idl
[7.593s] -- Symlinking: /home/gisbert12843/Projects/Robotics_Prak/prak2_ws/install/webots_spot_msgs/share/webots_spot_msgs/msg/Legs.idl
[7.599s] -- Symlinking: /home/gisbert12843/Projects/Robotics_Prak/prak2_ws/install/webots_spot_msgs/share/webots_spot_msgs/msg/GaitInput.idl
[7.605s] -- Symlinking: /home/gisbert12843/Projects/Robotics_Prak/prak2_ws/install/webots_spot_msgs/share/webots_spot_msgs/srv/SpotMotion.idl
[7.611s] -- Symlinking: /home/gisbert12843/Projects/Robotics_Prak/prak2_ws/install/webots_spot_msgs/share/webots_spot_msgs/srv/SpotHeight.idl
[7.618s] -- Symlinking: /home/gisbert12843/Projects/Robotics_Prak/prak2_ws/install/webots_spot_msgs/share/webots_spot_msgs/srv/BlockPose.idl
[7.625s] -- Symlinking: /home/gisbert12843/Projects/Robotics_Prak/prak2_ws/install/webots_spot_msgs/share/webots_spot_msgs/action/Stack.idl
[7.631s] -- Symlinking: /home/gisbert12843/Projects/Robotics_Prak/prak2_ws/install/webots_spot_msgs/share/webots_spot_msgs/action/PeakAndDetectObject.idl
[7.637s] -- Symlinking: /home/gisbert12843/Projects/Robotics_Prak/prak2_ws/install/webots_spot_msgs/share/webots_spot_msgs/msg/Int32.msg
[7.644s] -- Symlinking: /home/gisbert12843/Projects/Robotics_Prak/prak2_ws/install/webots_spot_msgs/share/webots_spot_msgs/msg/Legs.msg
[7.650s] -- Symlinking: /home/gisbert12843/Projects/Robotics_Prak/prak2_ws/install/webots_spot_msgs/share/webots_spot_msgs/msg/GaitInput.msg
[7.656s] -- Symlinking: /home/gisbert12843/Projects/Robotics_Prak/prak2_ws/install/webots_spot_msgs/share/webots_spot_msgs/srv/SpotMotion.srv
[7.662s] -- Symlinking: /home/gisbert12843/Projects/Robotics_Prak/prak2_ws/install/webots_spot_msgs/share/webots_spot_msgs/srv/SpotMotion_Request.msg
[7.668s] -- Symlinking: /home/gisbert12843/Projects/Robotics_Prak/prak2_ws/install/webots_spot_msgs/share/webots_spot_msgs/srv/SpotMotion_Response.msg
[7.674s] -- Symlinking: /home/gisbert12843/Projects/Robotics_Prak/prak2_ws/install/webots_spot_msgs/share/webots_spot_msgs/srv/SpotHeight.srv
[7.681s] -- Symlinking: /home/gisbert12843/Projects/Robotics_Prak/prak2_ws/install/webots_spot_msgs/share/webots_spot_msgs/srv/SpotHeight_Request.msg
[7.687s] -- Symlinking: /home/gisbert12843/Projects/Robotics_Prak/prak2_ws/install/webots_spot_msgs/share/webots_spot_msgs/srv/SpotHeight_Response.msg
[7.693s] -- Symlinking: /home/gisbert12843/Projects/Robotics_Prak/prak2_ws/install/webots_spot_msgs/share/webots_spot_msgs/srv/BlockPose.srv
[7.698s] -- Symlinking: /home/gisbert12843/Projects/Robotics_Prak/prak2_ws/install/webots_spot_msgs/share/webots_spot_msgs/srv/BlockPose_Request.msg
[7.704s] -- Symlinking: /home/gisbert12843/Projects/Robotics_Prak/prak2_ws/install/webots_spot_msgs/share/webots_spot_msgs/srv/BlockPose_Response.msg
[7.710s] -- Symlinking: /home/gisbert12843/Projects/Robotics_Prak/prak2_ws/install/webots_spot_msgs/share/webots_spot_msgs/action/Stack.action
[7.717s] -- Symlinking: /home/gisbert12843/Projects/Robotics_Prak/prak2_ws/install/webots_spot_msgs/share/webots_spot_msgs/action/PeakAndDetectObject.action
[7.723s] -- Symlinking: /home/gisbert12843/Projects/Robotics_Prak/prak2_ws/install/webots_spot_msgs/share/ament_index/resource_index/package_run_dependencies/webots_spot_msgs
[7.728s] -- Symlinking: /home/gisbert12843/Projects/Robotics_Prak/prak2_ws/install/webots_spot_msgs/share/ament_index/resource_index/parent_prefix_path/webots_spot_msgs
[7.734s] -- Symlinking: /home/gisbert12843/Projects/Robotics_Prak/prak2_ws/install/webots_spot_msgs/share/webots_spot_msgs/environment/ament_prefix_path.sh
[7.741s] -- Symlinking: /home/gisbert12843/Projects/Robotics_Prak/prak2_ws/install/webots_spot_msgs/share/webots_spot_msgs/environment/ament_prefix_path.dsv
[7.747s] -- Symlinking: /home/gisbert12843/Projects/Robotics_Prak/prak2_ws/install/webots_spot_msgs/share/webots_spot_msgs/environment/path.sh
[7.753s] -- Symlinking: /home/gisbert12843/Projects/Robotics_Prak/prak2_ws/install/webots_spot_msgs/share/webots_spot_msgs/environment/path.dsv
[7.759s] -- Symlinking: /home/gisbert12843/Projects/Robotics_Prak/prak2_ws/install/webots_spot_msgs/share/webots_spot_msgs/local_setup.bash
[7.765s] -- Symlinking: /home/gisbert12843/Projects/Robotics_Prak/prak2_ws/install/webots_spot_msgs/share/webots_spot_msgs/local_setup.sh
[7.771s] -- Symlinking: /home/gisbert12843/Projects/Robotics_Prak/prak2_ws/install/webots_spot_msgs/share/webots_spot_msgs/local_setup.zsh
[7.779s] -- Symlinking: /home/gisbert12843/Projects/Robotics_Prak/prak2_ws/install/webots_spot_msgs/share/webots_spot_msgs/local_setup.dsv
[7.785s] -- Symlinking: /home/gisbert12843/Projects/Robotics_Prak/prak2_ws/install/webots_spot_msgs/share/webots_spot_msgs/package.dsv
[7.791s] -- Symlinking: /home/gisbert12843/Projects/Robotics_Prak/prak2_ws/install/webots_spot_msgs/share/ament_index/resource_index/packages/webots_spot_msgs
[7.797s] -- Symlinking: /home/gisbert12843/Projects/Robotics_Prak/prak2_ws/install/webots_spot_msgs/share/webots_spot_msgs/cmake/rosidl_cmake-extras.cmake
[7.805s] -- Symlinking: /home/gisbert12843/Projects/Robotics_Prak/prak2_ws/install/webots_spot_msgs/share/webots_spot_msgs/cmake/ament_cmake_export_dependencies-extras.cmake
[7.813s] -- Symlinking: /home/gisbert12843/Projects/Robotics_Prak/prak2_ws/install/webots_spot_msgs/share/webots_spot_msgs/cmake/ament_cmake_export_include_directories-extras.cmake
[7.819s] -- Symlinking: /home/gisbert12843/Projects/Robotics_Prak/prak2_ws/install/webots_spot_msgs/share/webots_spot_msgs/cmake/ament_cmake_export_libraries-extras.cmake
[7.825s] -- Symlinking: /home/gisbert12843/Projects/Robotics_Prak/prak2_ws/install/webots_spot_msgs/share/webots_spot_msgs/cmake/ament_cmake_export_targets-extras.cmake
[7.831s] -- Symlinking: /home/gisbert12843/Projects/Robotics_Prak/prak2_ws/install/webots_spot_msgs/share/webots_spot_msgs/cmake/rosidl_cmake_export_typesupport_targets-extras.cmake
[7.837s] -- Symlinking: /home/gisbert12843/Projects/Robotics_Prak/prak2_ws/install/webots_spot_msgs/share/webots_spot_msgs/cmake/rosidl_cmake_export_typesupport_libraries-extras.cmake
[7.844s] -- Symlinking: /home/gisbert12843/Projects/Robotics_Prak/prak2_ws/install/webots_spot_msgs/share/webots_spot_msgs/cmake/webots_spot_msgsConfig.cmake
[7.850s] -- Symlinking: /home/gisbert12843/Projects/Robotics_Prak/prak2_ws/install/webots_spot_msgs/share/webots_spot_msgs/cmake/webots_spot_msgsConfig-version.cmake
[7.857s] -- Symlinking: /home/gisbert12843/Projects/Robotics_Prak/prak2_ws/install/webots_spot_msgs/share/webots_spot_msgs/package.xml
[7.866s] -- Installing: /home/gisbert12843/Projects/Robotics_Prak/prak2_ws/install/webots_spot_msgs/lib/libwebots_spot_msgs__rosidl_generator_c.so
[7.870s] -- Set runtime path of "/home/gisbert12843/Projects/Robotics_Prak/prak2_ws/install/webots_spot_msgs/lib/libwebots_spot_msgs__rosidl_generator_c.so" to ""
[7.870s] -- Installing: /home/gisbert12843/Projects/Robotics_Prak/prak2_ws/install/webots_spot_msgs/lib/libwebots_spot_msgs__rosidl_typesupport_fastrtps_c.so
[7.870s] -- Set runtime path of "/home/gisbert12843/Projects/Robotics_Prak/prak2_ws/install/webots_spot_msgs/lib/libwebots_spot_msgs__rosidl_typesupport_fastrtps_c.so" to ""
[7.870s] -- Installing: /home/gisbert12843/Projects/Robotics_Prak/prak2_ws/install/webots_spot_msgs/lib/libwebots_spot_msgs__rosidl_typesupport_introspection_c.so
[7.870s] -- Set runtime path of "/home/gisbert12843/Projects/Robotics_Prak/prak2_ws/install/webots_spot_msgs/lib/libwebots_spot_msgs__rosidl_typesupport_introspection_c.so" to ""
[7.870s] -- Installing: /home/gisbert12843/Projects/Robotics_Prak/prak2_ws/install/webots_spot_msgs/lib/libwebots_spot_msgs__rosidl_typesupport_c.so
[7.870s] -- Set runtime path of "/home/gisbert12843/Projects/Robotics_Prak/prak2_ws/install/webots_spot_msgs/lib/libwebots_spot_msgs__rosidl_typesupport_c.so" to ""
[7.870s] -- Installing: /home/gisbert12843/Projects/Robotics_Prak/prak2_ws/install/webots_spot_msgs/lib/libwebots_spot_msgs__rosidl_typesupport_fastrtps_cpp.so
[7.870s] -- Set runtime path of "/home/gisbert12843/Projects/Robotics_Prak/prak2_ws/install/webots_spot_msgs/lib/libwebots_spot_msgs__rosidl_typesupport_fastrtps_cpp.so" to ""
[7.870s] -- Installing: /home/gisbert12843/Projects/Robotics_Prak/prak2_ws/install/webots_spot_msgs/lib/libwebots_spot_msgs__rosidl_typesupport_introspection_cpp.so
[7.870s] -- Set runtime path of "/home/gisbert12843/Projects/Robotics_Prak/prak2_ws/install/webots_spot_msgs/lib/libwebots_spot_msgs__rosidl_typesupport_introspection_cpp.so" to ""
[7.870s] -- Installing: /home/gisbert12843/Projects/Robotics_Prak/prak2_ws/install/webots_spot_msgs/lib/libwebots_spot_msgs__rosidl_typesupport_cpp.so
[7.871s] -- Set runtime path of "/home/gisbert12843/Projects/Robotics_Prak/prak2_ws/install/webots_spot_msgs/lib/libwebots_spot_msgs__rosidl_typesupport_cpp.so" to ""
[7.921s] Listing '/home/gisbert12843/Projects/Robotics_Prak/prak2_ws/install/webots_spot_msgs/local/lib/python3.10/dist-packages/webots_spot_msgs'...
[7.921s] Compiling '/home/gisbert12843/Projects/Robotics_Prak/prak2_ws/install/webots_spot_msgs/local/lib/python3.10/dist-packages/webots_spot_msgs/__init__.py'...
[7.921s] Listing '/home/gisbert12843/Projects/Robotics_Prak/prak2_ws/install/webots_spot_msgs/local/lib/python3.10/dist-packages/webots_spot_msgs/action'...
[7.921s] Compiling '/home/gisbert12843/Projects/Robotics_Prak/prak2_ws/install/webots_spot_msgs/local/lib/python3.10/dist-packages/webots_spot_msgs/action/__init__.py'...
[7.921s] Compiling '/home/gisbert12843/Projects/Robotics_Prak/prak2_ws/install/webots_spot_msgs/local/lib/python3.10/dist-packages/webots_spot_msgs/action/_peak_and_detect_object.py'...
[7.921s] Compiling '/home/gisbert12843/Projects/Robotics_Prak/prak2_ws/install/webots_spot_msgs/local/lib/python3.10/dist-packages/webots_spot_msgs/action/_stack.py'...
[7.921s] Listing '/home/gisbert12843/Projects/Robotics_Prak/prak2_ws/install/webots_spot_msgs/local/lib/python3.10/dist-packages/webots_spot_msgs/msg'...
[7.921s] Compiling '/home/gisbert12843/Projects/Robotics_Prak/prak2_ws/install/webots_spot_msgs/local/lib/python3.10/dist-packages/webots_spot_msgs/msg/__init__.py'...
[7.921s] Compiling '/home/gisbert12843/Projects/Robotics_Prak/prak2_ws/install/webots_spot_msgs/local/lib/python3.10/dist-packages/webots_spot_msgs/msg/_gait_input.py'...
[7.921s] Compiling '/home/gisbert12843/Projects/Robotics_Prak/prak2_ws/install/webots_spot_msgs/local/lib/python3.10/dist-packages/webots_spot_msgs/msg/_int32.py'...
[7.921s] Compiling '/home/gisbert12843/Projects/Robotics_Prak/prak2_ws/install/webots_spot_msgs/local/lib/python3.10/dist-packages/webots_spot_msgs/msg/_legs.py'...
[7.921s] Listing '/home/gisbert12843/Projects/Robotics_Prak/prak2_ws/install/webots_spot_msgs/local/lib/python3.10/dist-packages/webots_spot_msgs/srv'...
[7.921s] Compiling '/home/gisbert12843/Projects/Robotics_Prak/prak2_ws/install/webots_spot_msgs/local/lib/python3.10/dist-packages/webots_spot_msgs/srv/__init__.py'...
[7.921s] Compiling '/home/gisbert12843/Projects/Robotics_Prak/prak2_ws/install/webots_spot_msgs/local/lib/python3.10/dist-packages/webots_spot_msgs/srv/_block_pose.py'...
[7.921s] Compiling '/home/gisbert12843/Projects/Robotics_Prak/prak2_ws/install/webots_spot_msgs/local/lib/python3.10/dist-packages/webots_spot_msgs/srv/_spot_height.py'...
[7.921s] Compiling '/home/gisbert12843/Projects/Robotics_Prak/prak2_ws/install/webots_spot_msgs/local/lib/python3.10/dist-packages/webots_spot_msgs/srv/_spot_motion.py'...
[7.924s] -- Installing: /home/gisbert12843/Projects/Robotics_Prak/prak2_ws/install/webots_spot_msgs/lib/libwebots_spot_msgs__rosidl_generator_py.so
[7.925s] -- Set runtime path of "/home/gisbert12843/Projects/Robotics_Prak/prak2_ws/install/webots_spot_msgs/lib/libwebots_spot_msgs__rosidl_generator_py.so" to ""
[7.925s] -- Installing: /home/gisbert12843/Projects/Robotics_Prak/prak2_ws/install/webots_spot_msgs/share/webots_spot_msgs/cmake/export_webots_spot_msgs__rosidl_generator_cExport.cmake
[7.925s] -- Installing: /home/gisbert12843/Projects/Robotics_Prak/prak2_ws/install/webots_spot_msgs/share/webots_spot_msgs/cmake/export_webots_spot_msgs__rosidl_generator_cExport-noconfig.cmake
[7.925s] -- Installing: /home/gisbert12843/Projects/Robotics_Prak/prak2_ws/install/webots_spot_msgs/share/webots_spot_msgs/cmake/export_webots_spot_msgs__rosidl_typesupport_fastrtps_cExport.cmake
[7.925s] -- Installing: /home/gisbert12843/Projects/Robotics_Prak/prak2_ws/install/webots_spot_msgs/share/webots_spot_msgs/cmake/export_webots_spot_msgs__rosidl_typesupport_fastrtps_cExport-noconfig.cmake
[7.925s] -- Installing: /home/gisbert12843/Projects/Robotics_Prak/prak2_ws/install/webots_spot_msgs/share/webots_spot_msgs/cmake/webots_spot_msgs__rosidl_typesupport_introspection_cExport.cmake
[7.926s] -- Installing: /home/gisbert12843/Projects/Robotics_Prak/prak2_ws/install/webots_spot_msgs/share/webots_spot_msgs/cmake/webots_spot_msgs__rosidl_typesupport_introspection_cExport-noconfig.cmake
[7.926s] -- Installing: /home/gisbert12843/Projects/Robotics_Prak/prak2_ws/install/webots_spot_msgs/share/webots_spot_msgs/cmake/webots_spot_msgs__rosidl_typesupport_cExport.cmake
[7.926s] -- Installing: /home/gisbert12843/Projects/Robotics_Prak/prak2_ws/install/webots_spot_msgs/share/webots_spot_msgs/cmake/webots_spot_msgs__rosidl_typesupport_cExport-noconfig.cmake
[7.926s] -- Installing: /home/gisbert12843/Projects/Robotics_Prak/prak2_ws/install/webots_spot_msgs/share/webots_spot_msgs/cmake/export_webots_spot_msgs__rosidl_generator_cppExport.cmake
[7.926s] -- Installing: /home/gisbert12843/Projects/Robotics_Prak/prak2_ws/install/webots_spot_msgs/share/webots_spot_msgs/cmake/export_webots_spot_msgs__rosidl_typesupport_fastrtps_cppExport.cmake
[7.926s] -- Installing: /home/gisbert12843/Projects/Robotics_Prak/prak2_ws/install/webots_spot_msgs/share/webots_spot_msgs/cmake/export_webots_spot_msgs__rosidl_typesupport_fastrtps_cppExport-noconfig.cmake
[7.926s] -- Installing: /home/gisbert12843/Projects/Robotics_Prak/prak2_ws/install/webots_spot_msgs/share/webots_spot_msgs/cmake/webots_spot_msgs__rosidl_typesupport_introspection_cppExport.cmake
[7.926s] -- Installing: /home/gisbert12843/Projects/Robotics_Prak/prak2_ws/install/webots_spot_msgs/share/webots_spot_msgs/cmake/webots_spot_msgs__rosidl_typesupport_introspection_cppExport-noconfig.cmake
[7.927s] -- Installing: /home/gisbert12843/Projects/Robotics_Prak/prak2_ws/install/webots_spot_msgs/share/webots_spot_msgs/cmake/webots_spot_msgs__rosidl_typesupport_cppExport.cmake
[7.927s] -- Installing: /home/gisbert12843/Projects/Robotics_Prak/prak2_ws/install/webots_spot_msgs/share/webots_spot_msgs/cmake/webots_spot_msgs__rosidl_typesupport_cppExport-noconfig.cmake
[7.927s] -- Installing: /home/gisbert12843/Projects/Robotics_Prak/prak2_ws/install/webots_spot_msgs/share/webots_spot_msgs/cmake/export_webots_spot_msgs__rosidl_generator_pyExport.cmake
[7.927s] -- Installing: /home/gisbert12843/Projects/Robotics_Prak/prak2_ws/install/webots_spot_msgs/share/webots_spot_msgs/cmake/export_webots_spot_msgs__rosidl_generator_pyExport-noconfig.cmake
[7.930s] Invoked command in '/home/gisbert12843/Projects/Robotics_Prak/prak2_ws/build/webots_spot_msgs' returned '0': CMAKE_PREFIX_PATH=${CMAKE_PREFIX_PATH}:/home/gisbert12843/Projects/Robotics_Prak/prak2_ws/install/webots_spot_teleop:/home/gisbert12843/Projects/Robotics_Prak/prak2_ws/install/webots_spot:/home/gisbert12843/Projects/Robotics_Prak/prak2_ws/install/webots_ros2:/home/gisbert12843/Projects/Robotics_Prak/prak2_ws/install/webots_ros2_universal_robot:/home/gisbert12843/Projects/Robotics_Prak/prak2_ws/install/webots_ros2_turtlebot:/home/gisbert12843/Projects/Robotics_Prak/prak2_ws/install/webots_ros2_tiago:/home/gisbert12843/Projects/Robotics_Prak/prak2_ws/install/webots_ros2_tests:/home/gisbert12843/Projects/Robotics_Prak/prak2_ws/install/webots_ros2_tesla:/home/gisbert12843/Projects/Robotics_Prak/prak2_ws/install/webots_ros2_mavic:/home/gisbert12843/Projects/Robotics_Prak/prak2_ws/install/webots_ros2_epuck:/home/gisbert12843/Projects/Robotics_Prak/prak2_ws/install/webots_ros2_importer:/home/gisbert12843/Projects/Robotics_Prak/prak2_ws/install/prak2_pkg:/opt/ros/humble /usr/bin/cmake --install /home/gisbert12843/Projects/Robotics_Prak/prak2_ws/build/webots_spot_msgs
