[11.944s] Invoking command in '/home/jizzy/ros_ws/src/my_package': DEBUGINFOD_URLS=https://debuginfod.ubuntu.com PYTHONPATH=/home/jizzy/ros_ws/build/my_package/prefix_override:/usr/lib/python3/dist-packages/colcon_core/task/python/colcon_distutils_commands:/home/jizzy/ros_ws/install/my_package/lib/python3.12/site-packages:${PYTHONPATH} /usr/bin/python3 -W ignore:setup.py install is deprecated setup.py egg_info --egg-base ../../build/my_package build --build-base /home/jizzy/ros_ws/build/my_package/build install --record /home/jizzy/ros_ws/build/my_package/install.log --single-version-externally-managed install_data
[13.603s] running egg_info
[13.714s] writing ../../build/my_package/my_package.egg-info/PKG-INFO
[13.736s] writing dependency_links to ../../build/my_package/my_package.egg-info/dependency_links.txt
[13.738s] writing entry points to ../../build/my_package/my_package.egg-info/entry_points.txt
[13.740s] writing requirements to ../../build/my_package/my_package.egg-info/requires.txt
[13.742s] writing top-level names to ../../build/my_package/my_package.egg-info/top_level.txt
[14.031s] reading manifest file '../../build/my_package/my_package.egg-info/SOURCES.txt'
[14.051s] adding license file 'LICENSE'
[14.054s] writing manifest file '../../build/my_package/my_package.egg-info/SOURCES.txt'
[14.056s] running build
[14.058s] running build_py
[14.061s] copying my_package/run_circle_command.py -> /home/jizzy/ros_ws/build/my_package/build/lib/my_package
[14.070s] running install
[14.104s] running install_lib
[14.272s] copying /home/jizzy/ros_ws/build/my_package/build/lib/my_package/run_circle_command.py -> /home/jizzy/ros_ws/install/my_package/lib/python3.12/site-packages/my_package
[14.277s] byte-compiling /home/jizzy/ros_ws/install/my_package/lib/python3.12/site-packages/my_package/run_circle_command.py to run_circle_command.cpython-312.pyc
[14.282s] running install_data
[14.308s] running install_egg_info
[14.428s] removing '/home/jizzy/ros_ws/install/my_package/lib/python3.12/site-packages/my_package-0.0.0-py3.12.egg-info' (and everything under it)
[14.431s] Copying ../../build/my_package/my_package.egg-info to /home/jizzy/ros_ws/install/my_package/lib/python3.12/site-packages/my_package-0.0.0-py3.12.egg-info
[14.458s] running install_scripts
[15.169s] Installing my_node script to /home/jizzy/ros_ws/install/my_package/lib/my_package
[15.172s] Installing run_circle_command script to /home/jizzy/ros_ws/install/my_package/lib/my_package
[15.174s] writing list of installed files to '/home/jizzy/ros_ws/build/my_package/install.log'
[15.334s] Invoked command in '/home/jizzy/ros_ws/src/my_package' returned '0': DEBUGINFOD_URLS=https://debuginfod.ubuntu.com PYTHONPATH=/home/jizzy/ros_ws/build/my_package/prefix_override:/usr/lib/python3/dist-packages/colcon_core/task/python/colcon_distutils_commands:/home/jizzy/ros_ws/install/my_package/lib/python3.12/site-packages:${PYTHONPATH} /usr/bin/python3 -W ignore:setup.py install is deprecated setup.py egg_info --egg-base ../../build/my_package build --build-base /home/jizzy/ros_ws/build/my_package/build install --record /home/jizzy/ros_ws/build/my_package/install.log --single-version-externally-managed install_data
