[6.497s] Invoking command in '/home/jizzy/ros_ws/src/my_package': DEBUGINFOD_URLS=https://debuginfod.ubuntu.com PYTHONPATH=/home/jizzy/ros_ws/build/my_package/prefix_override:/usr/lib/python3/dist-packages/colcon_core/task/python/colcon_distutils_commands:/home/jizzy/ros_ws/install/my_package/lib/python3.12/site-packages:${PYTHONPATH} /usr/bin/python3 -W ignore:setup.py install is deprecated setup.py egg_info --egg-base ../../build/my_package build --build-base /home/jizzy/ros_ws/build/my_package/build install --record /home/jizzy/ros_ws/build/my_package/install.log --single-version-externally-managed install_data
[10.218s] running egg_info
[10.477s] writing ../../build/my_package/my_package.egg-info/PKG-INFO
[10.482s] writing dependency_links to ../../build/my_package/my_package.egg-info/dependency_links.txt
[10.487s] writing entry points to ../../build/my_package/my_package.egg-info/entry_points.txt
[10.490s] writing requirements to ../../build/my_package/my_package.egg-info/requires.txt
[10.491s] writing top-level names to ../../build/my_package/my_package.egg-info/top_level.txt
[10.914s] reading manifest file '../../build/my_package/my_package.egg-info/SOURCES.txt'
[10.918s] adding license file 'LICENSE'
[10.922s] writing manifest file '../../build/my_package/my_package.egg-info/SOURCES.txt'
[10.927s] running build
[10.928s] running build_py
[10.928s] copying my_package/run_cricle_command.py -> /home/jizzy/ros_ws/build/my_package/build/lib/my_package
[10.931s] running install
[10.995s] running install_lib
[11.209s] copying /home/jizzy/ros_ws/build/my_package/build/lib/my_package/run_cricle_command.py -> /home/jizzy/ros_ws/install/my_package/lib/python3.12/site-packages/my_package
[11.216s] byte-compiling /home/jizzy/ros_ws/install/my_package/lib/python3.12/site-packages/my_package/run_cricle_command.py to run_cricle_command.cpython-312.pyc
[11.224s] running install_data
[11.227s] running install_egg_info
[11.398s] removing '/home/jizzy/ros_ws/install/my_package/lib/python3.12/site-packages/my_package-0.0.0-py3.12.egg-info' (and everything under it)
[11.409s] Copying ../../build/my_package/my_package.egg-info to /home/jizzy/ros_ws/install/my_package/lib/python3.12/site-packages/my_package-0.0.0-py3.12.egg-info
[11.415s] running install_scripts
[12.206s] Installing my_node script to /home/jizzy/ros_ws/install/my_package/lib/my_package
[12.209s] Installing run_circle_command script to /home/jizzy/ros_ws/install/my_package/lib/my_package
[12.211s] writing list of installed files to '/home/jizzy/ros_ws/build/my_package/install.log'
[12.385s] Invoked command in '/home/jizzy/ros_ws/src/my_package' returned '0': DEBUGINFOD_URLS=https://debuginfod.ubuntu.com PYTHONPATH=/home/jizzy/ros_ws/build/my_package/prefix_override:/usr/lib/python3/dist-packages/colcon_core/task/python/colcon_distutils_commands:/home/jizzy/ros_ws/install/my_package/lib/python3.12/site-packages:${PYTHONPATH} /usr/bin/python3 -W ignore:setup.py install is deprecated setup.py egg_info --egg-base ../../build/my_package build --build-base /home/jizzy/ros_ws/build/my_package/build install --record /home/jizzy/ros_ws/build/my_package/install.log --single-version-externally-managed install_data
