[0.528s] Invoking command in '/home/gisbert12843/Projects/Robotics_Prak/prak2_ws/build/webots_ros2_importer': PYTHONPATH=/home/gisbert12843/Projects/Robotics_Prak/prak2_ws/build/webots_ros2_importer/prefix_override:/usr/lib/python3/dist-packages/colcon_core/task/python/colcon_distutils_commands:/home/gisbert12843/Projects/Robotics_Prak/prak2_ws/install/webots_ros2_importer/lib/python3.10/site-packages:${PYTHONPATH} /usr/bin/python3 -W ignore:setup.py install is deprecated setup.py develop --editable --build-directory /home/gisbert12843/Projects/Robotics_Prak/prak2_ws/build/webots_ros2_importer/build --no-deps symlink_data
[0.672s] running develop
[0.672s] /usr/lib/python3/dist-packages/setuptools/command/easy_install.py:158: EasyInstallDeprecationWarning: easy_install command is deprecated. Use build and pip and other standards-based tools.
[0.672s]   warnings.warn(
[0.762s] running egg_info
[0.762s] creating webots_ros2_importer.egg-info
[0.762s] writing webots_ros2_importer.egg-info/PKG-INFO
[0.762s] writing dependency_links to webots_ros2_importer.egg-info/dependency_links.txt
[0.762s] writing entry points to webots_ros2_importer.egg-info/entry_points.txt
[0.762s] writing requirements to webots_ros2_importer.egg-info/requires.txt
[0.762s] writing top-level names to webots_ros2_importer.egg-info/top_level.txt
[0.763s] writing manifest file 'webots_ros2_importer.egg-info/SOURCES.txt'
[0.764s] reading manifest file 'webots_ros2_importer.egg-info/SOURCES.txt'
[0.764s] writing manifest file 'webots_ros2_importer.egg-info/SOURCES.txt'
[0.765s] running build_ext
[0.765s] Creating /home/gisbert12843/Projects/Robotics_Prak/prak2_ws/install/webots_ros2_importer/lib/python3.10/site-packages/webots-ros2-importer.egg-link (link to .)
[0.766s] Installing urdf2proto script to /home/gisbert12843/Projects/Robotics_Prak/prak2_ws/install/webots_ros2_importer/lib/webots_ros2_importer
[0.766s] Installing xacro2proto script to /home/gisbert12843/Projects/Robotics_Prak/prak2_ws/install/webots_ros2_importer/lib/webots_ros2_importer
[0.766s] 
[0.766s] Installed /home/gisbert12843/Projects/Robotics_Prak/prak2_ws/build/webots_ros2_importer
[0.766s] running symlink_data
[0.766s] creating /home/gisbert12843/Projects/Robotics_Prak/prak2_ws/install/webots_ros2_importer/share/ament_index
[0.766s] creating /home/gisbert12843/Projects/Robotics_Prak/prak2_ws/install/webots_ros2_importer/share/ament_index/resource_index
[0.766s] creating /home/gisbert12843/Projects/Robotics_Prak/prak2_ws/install/webots_ros2_importer/share/ament_index/resource_index/packages
[0.766s] symbolically linking /home/gisbert12843/Projects/Robotics_Prak/prak2_ws/build/webots_ros2_importer/resource/webots_ros2_importer -> /home/gisbert12843/Projects/Robotics_Prak/prak2_ws/install/webots_ros2_importer/share/ament_index/resource_index/packages
[0.766s] symbolically linking /home/gisbert12843/Projects/Robotics_Prak/prak2_ws/build/webots_ros2_importer/package.xml -> /home/gisbert12843/Projects/Robotics_Prak/prak2_ws/install/webots_ros2_importer/share/webots_ros2_importer
[0.785s] Invoked command in '/home/gisbert12843/Projects/Robotics_Prak/prak2_ws/build/webots_ros2_importer' returned '0': PYTHONPATH=/home/gisbert12843/Projects/Robotics_Prak/prak2_ws/build/webots_ros2_importer/prefix_override:/usr/lib/python3/dist-packages/colcon_core/task/python/colcon_distutils_commands:/home/gisbert12843/Projects/Robotics_Prak/prak2_ws/install/webots_ros2_importer/lib/python3.10/site-packages:${PYTHONPATH} /usr/bin/python3 -W ignore:setup.py install is deprecated setup.py develop --editable --build-directory /home/gisbert12843/Projects/Robotics_Prak/prak2_ws/build/webots_ros2_importer/build --no-deps symlink_data
