[0.832s] Invoking command in '/home/gisbert12843/Robotics_Prak/prak2_ws/build/webots_ros2_importer': PYTHONPATH=/home/gisbert12843/Robotics_Prak/prak2_ws/build/webots_ros2_importer/prefix_override:/usr/lib/python3/dist-packages/colcon_core/task/python/colcon_distutils_commands:/home/gisbert12843/Robotics_Prak/prak2_ws/install/webots_ros2_importer/lib/python3.10/site-packages:${PYTHONPATH} /usr/bin/python3 -W ignore:setup.py install is deprecated setup.py develop --editable --build-directory /home/gisbert12843/Robotics_Prak/prak2_ws/build/webots_ros2_importer/build --no-deps symlink_data
[1.088s] running develop
[1.088s] /usr/lib/python3/dist-packages/setuptools/command/easy_install.py:158: EasyInstallDeprecationWarning: easy_install command is deprecated. Use build and pip and other standards-based tools.
[1.088s]   warnings.warn(
[1.241s] running egg_info
[1.241s] creating webots_ros2_importer.egg-info
[1.241s] writing webots_ros2_importer.egg-info/PKG-INFO
[1.242s] writing dependency_links to webots_ros2_importer.egg-info/dependency_links.txt
[1.242s] writing entry points to webots_ros2_importer.egg-info/entry_points.txt
[1.242s] writing requirements to webots_ros2_importer.egg-info/requires.txt
[1.242s] writing top-level names to webots_ros2_importer.egg-info/top_level.txt
[1.242s] writing manifest file 'webots_ros2_importer.egg-info/SOURCES.txt'
[1.244s] reading manifest file 'webots_ros2_importer.egg-info/SOURCES.txt'
[1.245s] writing manifest file 'webots_ros2_importer.egg-info/SOURCES.txt'
[1.246s] running build_ext
[1.246s] Creating /home/gisbert12843/Robotics_Prak/prak2_ws/install/webots_ros2_importer/lib/python3.10/site-packages/webots-ros2-importer.egg-link (link to .)
[1.247s] Installing urdf2proto script to /home/gisbert12843/Robotics_Prak/prak2_ws/install/webots_ros2_importer/lib/webots_ros2_importer
[1.248s] Installing xacro2proto script to /home/gisbert12843/Robotics_Prak/prak2_ws/install/webots_ros2_importer/lib/webots_ros2_importer
[1.248s] 
[1.248s] Installed /home/gisbert12843/Robotics_Prak/prak2_ws/build/webots_ros2_importer
[1.248s] running symlink_data
[1.248s] creating /home/gisbert12843/Robotics_Prak/prak2_ws/install/webots_ros2_importer/share/ament_index
[1.248s] creating /home/gisbert12843/Robotics_Prak/prak2_ws/install/webots_ros2_importer/share/ament_index/resource_index
[1.248s] creating /home/gisbert12843/Robotics_Prak/prak2_ws/install/webots_ros2_importer/share/ament_index/resource_index/packages
[1.248s] symbolically linking /home/gisbert12843/Robotics_Prak/prak2_ws/build/webots_ros2_importer/resource/webots_ros2_importer -> /home/gisbert12843/Robotics_Prak/prak2_ws/install/webots_ros2_importer/share/ament_index/resource_index/packages
[1.248s] symbolically linking /home/gisbert12843/Robotics_Prak/prak2_ws/build/webots_ros2_importer/package.xml -> /home/gisbert12843/Robotics_Prak/prak2_ws/install/webots_ros2_importer/share/webots_ros2_importer
[1.282s] Invoked command in '/home/gisbert12843/Robotics_Prak/prak2_ws/build/webots_ros2_importer' returned '0': PYTHONPATH=/home/gisbert12843/Robotics_Prak/prak2_ws/build/webots_ros2_importer/prefix_override:/usr/lib/python3/dist-packages/colcon_core/task/python/colcon_distutils_commands:/home/gisbert12843/Robotics_Prak/prak2_ws/install/webots_ros2_importer/lib/python3.10/site-packages:${PYTHONPATH} /usr/bin/python3 -W ignore:setup.py install is deprecated setup.py develop --editable --build-directory /home/gisbert12843/Robotics_Prak/prak2_ws/build/webots_ros2_importer/build --no-deps symlink_data
