[0.016s] Invoking command in '/home/gisbert12843/ros2_ws/build/webots_ros2_driver': AMENT_PREFIX_PATH=/home/gisbert12843/ros2_ws/install/webots_ros2_importer:/home/gisbert12843/ros2_ws/install/aruco_marker_detection:/home/gisbert12843/ros2_ws/install/webots_spot_teleop:/home/gisbert12843/ros2_ws/install/webots_spot_msgs:/home/gisbert12843/ros2_ws/install/webots_spot:/home/gisbert12843/ros2_ws/install/webots_ros2:/home/gisbert12843/ros2_ws/install/webots_ros2_universal_robot:/home/gisbert12843/ros2_ws/install/webots_ros2_turtlebot:/home/gisbert12843/ros2_ws/install/webots_ros2_tiago:/home/gisbert12843/ros2_ws/install/webots_ros2_tests:/home/gisbert12843/ros2_ws/install/webots_ros2_tesla:/home/gisbert12843/ros2_ws/install/webots_ros2_mavic:/home/gisbert12843/ros2_ws/install/webots_ros2_epuck:/home/gisbert12843/ros2_ws/install/webots_ros2_control:/home/gisbert12843/ros2_ws/install/webots_ros2_driver:/home/gisbert12843/ros2_ws/install/webots_ros2_msgs:/opt/ros/humble CMAKE_PREFIX_PATH=/home/gisbert12843/ros2_ws/install/webots_ros2_msgs:/home/gisbert12843/ros2_ws/install/webots_spot_msgs:/home/gisbert12843/ros2_ws/install/webots_ros2_control:/home/gisbert12843/ros2_ws/install/webots_ros2_driver:/home/gisbert12843/ros2_ws/install/aruco_marker_detection:/home/gisbert12843/ros2_ws/install/webots_spot_teleop:/home/gisbert12843/ros2_ws/install/webots_spot:/home/gisbert12843/ros2_ws/install/webots_ros2:/home/gisbert12843/ros2_ws/install/webots_ros2_universal_robot:/home/gisbert12843/ros2_ws/install/webots_ros2_turtlebot:/home/gisbert12843/ros2_ws/install/webots_ros2_tiago:/home/gisbert12843/ros2_ws/install/webots_ros2_tests:/home/gisbert12843/ros2_ws/install/webots_ros2_tesla:/home/gisbert12843/ros2_ws/install/webots_ros2_mavic:/home/gisbert12843/ros2_ws/install/webots_ros2_epuck:/home/gisbert12843/ros2_ws/install/webots_ros2_importer:/opt/ros/humble LD_LIBRARY_PATH=/home/gisbert12843/ros2_ws/install/webots_ros2_msgs/lib:/home/gisbert12843/ros2_ws/install/webots_spot_msgs/lib:/home/gisbert12843/ros2_ws/install/webots_ros2_control/lib:/home/gisbert12843/ros2_ws/install/webots_ros2_driver/lib:/opt/ros/humble/opt/rviz_ogre_vendor/lib:/opt/ros/humble/lib/x86_64-linux-gnu:/opt/ros/humble/lib PYTHONPATH=/home/gisbert12843/ros2_ws/build/webots_ros2_importer:/home/gisbert12843/ros2_ws/install/webots_ros2_importer/lib/python3.10/site-packages:/home/gisbert12843/ros2_ws/build/aruco_marker_detection:/home/gisbert12843/ros2_ws/install/aruco_marker_detection/lib/python3.10/site-packages:/home/gisbert12843/ros2_ws/build/webots_spot_teleop:/home/gisbert12843/ros2_ws/install/webots_spot_teleop/lib/python3.10/site-packages:/home/gisbert12843/ros2_ws/install/webots_spot_msgs/local/lib/python3.10/dist-packages:/home/gisbert12843/ros2_ws/build/webots_spot:/home/gisbert12843/ros2_ws/install/webots_spot/lib/python3.10/site-packages:/home/gisbert12843/ros2_ws/build/webots_ros2:/home/gisbert12843/ros2_ws/install/webots_ros2/lib/python3.10/site-packages:/home/gisbert12843/ros2_ws/build/webots_ros2_universal_robot:/home/gisbert12843/ros2_ws/install/webots_ros2_universal_robot/lib/python3.10/site-packages:/home/gisbert12843/ros2_ws/build/webots_ros2_turtlebot:/home/gisbert12843/ros2_ws/install/webots_ros2_turtlebot/lib/python3.10/site-packages:/home/gisbert12843/ros2_ws/build/webots_ros2_tiago:/home/gisbert12843/ros2_ws/install/webots_ros2_tiago/lib/python3.10/site-packages:/home/gisbert12843/ros2_ws/build/webots_ros2_tests:/home/gisbert12843/ros2_ws/install/webots_ros2_tests/lib/python3.10/site-packages:/home/gisbert12843/ros2_ws/build/webots_ros2_tesla:/home/gisbert12843/ros2_ws/install/webots_ros2_tesla/lib/python3.10/site-packages:/home/gisbert12843/ros2_ws/build/webots_ros2_mavic:/home/gisbert12843/ros2_ws/install/webots_ros2_mavic/lib/python3.10/site-packages:/home/gisbert12843/ros2_ws/build/webots_ros2_epuck:/home/gisbert12843/ros2_ws/install/webots_ros2_epuck/lib/python3.10/site-packages:/home/gisbert12843/ros2_ws/install/webots_ros2_driver/local/lib/python3.10/dist-packages:/home/gisbert12843/ros2_ws/install/webots_ros2_msgs/local/lib/python3.10/dist-packages:/home/gisbert12843/ros2_ws/build/my-test-package:/home/gisbert12843/ros2_ws/install/my-test-package/lib/python3.10/site-packages:/opt/ros/humble/lib/python3.10/site-packages:/opt/ros/humble/local/lib/python3.10/dist-packages /usr/bin/cmake --build /home/gisbert12843/ros2_ws/build/webots_ros2_driver -- -j8 -l8
[0.102s] [  0%] Built target ament_cmake_python_symlink_webots_ros2_driver
[0.104s] [  0%] Built target ament_cmake_python_symlink_controller
[0.106s] [  0%] Built target ament_cmake_python_symlink_vehicle
[0.663s] running egg_info
[0.666s] writing webots_ros2_driver.egg-info/PKG-INFO
[0.669s] writing dependency_links to webots_ros2_driver.egg-info/dependency_links.txt
[0.669s] writing top-level names to webots_ros2_driver.egg-info/top_level.txt
[0.671s] reading manifest file 'webots_ros2_driver.egg-info/SOURCES.txt'
[0.672s] writing manifest file 'webots_ros2_driver.egg-info/SOURCES.txt'
[0.681s] running egg_info
[0.684s] writing vehicle.egg-info/PKG-INFO
[0.684s] writing dependency_links to vehicle.egg-info/dependency_links.txt
[0.684s] writing top-level names to vehicle.egg-info/top_level.txt
[0.689s] reading manifest file 'vehicle.egg-info/SOURCES.txt'
[0.689s] writing manifest file 'vehicle.egg-info/SOURCES.txt'
[0.725s] [  0%] Built target ament_cmake_python_build_webots_ros2_driver_egg
[0.732s] running egg_info
[0.734s] writing controller.egg-info/PKG-INFO
[0.734s] writing dependency_links to controller.egg-info/dependency_links.txt
[0.738s] writing top-level names to controller.egg-info/top_level.txt
[0.738s] [  0%] Built target ament_cmake_python_build_vehicle_egg
[0.740s] reading manifest file 'controller.egg-info/SOURCES.txt'
[0.743s] writing manifest file 'controller.egg-info/SOURCES.txt'
[0.797s] [  0%] Built target ament_cmake_python_build_controller_egg
[1.154s] [  0%] Built target compile-lib-controller
[1.311s] [  0%] Built target compile-generic-window
[2.029s] [  0%] Built target compile-lib-vehicle
[2.045s] [35m[1mConsolidate compiler generated dependencies of target webots_ros2_driver_rgbd[0m
[2.046s] [35m[1mConsolidate compiler generated dependencies of target webots_ros2_driver_imu[0m
[2.062s] [35m[1mConsolidate compiler generated dependencies of target driver[0m
[2.074s] [ 14%] Built target webots_ros2_driver_imu
[2.086s] [ 29%] Built target webots_ros2_driver_rgbd
[2.136s] [100%] Built target driver
[2.151s] Invoked command in '/home/gisbert12843/ros2_ws/build/webots_ros2_driver' returned '0': AMENT_PREFIX_PATH=/home/gisbert12843/ros2_ws/install/webots_ros2_importer:/home/gisbert12843/ros2_ws/install/aruco_marker_detection:/home/gisbert12843/ros2_ws/install/webots_spot_teleop:/home/gisbert12843/ros2_ws/install/webots_spot_msgs:/home/gisbert12843/ros2_ws/install/webots_spot:/home/gisbert12843/ros2_ws/install/webots_ros2:/home/gisbert12843/ros2_ws/install/webots_ros2_universal_robot:/home/gisbert12843/ros2_ws/install/webots_ros2_turtlebot:/home/gisbert12843/ros2_ws/install/webots_ros2_tiago:/home/gisbert12843/ros2_ws/install/webots_ros2_tests:/home/gisbert12843/ros2_ws/install/webots_ros2_tesla:/home/gisbert12843/ros2_ws/install/webots_ros2_mavic:/home/gisbert12843/ros2_ws/install/webots_ros2_epuck:/home/gisbert12843/ros2_ws/install/webots_ros2_control:/home/gisbert12843/ros2_ws/install/webots_ros2_driver:/home/gisbert12843/ros2_ws/install/webots_ros2_msgs:/opt/ros/humble CMAKE_PREFIX_PATH=/home/gisbert12843/ros2_ws/install/webots_ros2_msgs:/home/gisbert12843/ros2_ws/install/webots_spot_msgs:/home/gisbert12843/ros2_ws/install/webots_ros2_control:/home/gisbert12843/ros2_ws/install/webots_ros2_driver:/home/gisbert12843/ros2_ws/install/aruco_marker_detection:/home/gisbert12843/ros2_ws/install/webots_spot_teleop:/home/gisbert12843/ros2_ws/install/webots_spot:/home/gisbert12843/ros2_ws/install/webots_ros2:/home/gisbert12843/ros2_ws/install/webots_ros2_universal_robot:/home/gisbert12843/ros2_ws/install/webots_ros2_turtlebot:/home/gisbert12843/ros2_ws/install/webots_ros2_tiago:/home/gisbert12843/ros2_ws/install/webots_ros2_tests:/home/gisbert12843/ros2_ws/install/webots_ros2_tesla:/home/gisbert12843/ros2_ws/install/webots_ros2_mavic:/home/gisbert12843/ros2_ws/install/webots_ros2_epuck:/home/gisbert12843/ros2_ws/install/webots_ros2_importer:/opt/ros/humble LD_LIBRARY_PATH=/home/gisbert12843/ros2_ws/install/webots_ros2_msgs/lib:/home/gisbert12843/ros2_ws/install/webots_spot_msgs/lib:/home/gisbert12843/ros2_ws/install/webots_ros2_control/lib:/home/gisbert12843/ros2_ws/install/webots_ros2_driver/lib:/opt/ros/humble/opt/rviz_ogre_vendor/lib:/opt/ros/humble/lib/x86_64-linux-gnu:/opt/ros/humble/lib PYTHONPATH=/home/gisbert12843/ros2_ws/build/webots_ros2_importer:/home/gisbert12843/ros2_ws/install/webots_ros2_importer/lib/python3.10/site-packages:/home/gisbert12843/ros2_ws/build/aruco_marker_detection:/home/gisbert12843/ros2_ws/install/aruco_marker_detection/lib/python3.10/site-packages:/home/gisbert12843/ros2_ws/build/webots_spot_teleop:/home/gisbert12843/ros2_ws/install/webots_spot_teleop/lib/python3.10/site-packages:/home/gisbert12843/ros2_ws/install/webots_spot_msgs/local/lib/python3.10/dist-packages:/home/gisbert12843/ros2_ws/build/webots_spot:/home/gisbert12843/ros2_ws/install/webots_spot/lib/python3.10/site-packages:/home/gisbert12843/ros2_ws/build/webots_ros2:/home/gisbert12843/ros2_ws/install/webots_ros2/lib/python3.10/site-packages:/home/gisbert12843/ros2_ws/build/webots_ros2_universal_robot:/home/gisbert12843/ros2_ws/install/webots_ros2_universal_robot/lib/python3.10/site-packages:/home/gisbert12843/ros2_ws/build/webots_ros2_turtlebot:/home/gisbert12843/ros2_ws/install/webots_ros2_turtlebot/lib/python3.10/site-packages:/home/gisbert12843/ros2_ws/build/webots_ros2_tiago:/home/gisbert12843/ros2_ws/install/webots_ros2_tiago/lib/python3.10/site-packages:/home/gisbert12843/ros2_ws/build/webots_ros2_tests:/home/gisbert12843/ros2_ws/install/webots_ros2_tests/lib/python3.10/site-packages:/home/gisbert12843/ros2_ws/build/webots_ros2_tesla:/home/gisbert12843/ros2_ws/install/webots_ros2_tesla/lib/python3.10/site-packages:/home/gisbert12843/ros2_ws/build/webots_ros2_mavic:/home/gisbert12843/ros2_ws/install/webots_ros2_mavic/lib/python3.10/site-packages:/home/gisbert12843/ros2_ws/build/webots_ros2_epuck:/home/gisbert12843/ros2_ws/install/webots_ros2_epuck/lib/python3.10/site-packages:/home/gisbert12843/ros2_ws/install/webots_ros2_driver/local/lib/python3.10/dist-packages:/home/gisbert12843/ros2_ws/install/webots_ros2_msgs/local/lib/python3.10/dist-packages:/home/gisbert12843/ros2_ws/build/my-test-package:/home/gisbert12843/ros2_ws/install/my-test-package/lib/python3.10/site-packages:/opt/ros/humble/lib/python3.10/site-packages:/opt/ros/humble/local/lib/python3.10/dist-packages /usr/bin/cmake --build /home/gisbert12843/ros2_ws/build/webots_ros2_driver -- -j8 -l8
[2.246s] Invoking command in '/home/gisbert12843/ros2_ws/build/webots_ros2_driver': AMENT_PREFIX_PATH=/home/gisbert12843/ros2_ws/install/webots_ros2_importer:/home/gisbert12843/ros2_ws/install/aruco_marker_detection:/home/gisbert12843/ros2_ws/install/webots_spot_teleop:/home/gisbert12843/ros2_ws/install/webots_spot_msgs:/home/gisbert12843/ros2_ws/install/webots_spot:/home/gisbert12843/ros2_ws/install/webots_ros2:/home/gisbert12843/ros2_ws/install/webots_ros2_universal_robot:/home/gisbert12843/ros2_ws/install/webots_ros2_turtlebot:/home/gisbert12843/ros2_ws/install/webots_ros2_tiago:/home/gisbert12843/ros2_ws/install/webots_ros2_tests:/home/gisbert12843/ros2_ws/install/webots_ros2_tesla:/home/gisbert12843/ros2_ws/install/webots_ros2_mavic:/home/gisbert12843/ros2_ws/install/webots_ros2_epuck:/home/gisbert12843/ros2_ws/install/webots_ros2_control:/home/gisbert12843/ros2_ws/install/webots_ros2_driver:/home/gisbert12843/ros2_ws/install/webots_ros2_msgs:/opt/ros/humble CMAKE_PREFIX_PATH=/home/gisbert12843/ros2_ws/install/webots_ros2_msgs:/home/gisbert12843/ros2_ws/install/webots_spot_msgs:/home/gisbert12843/ros2_ws/install/webots_ros2_control:/home/gisbert12843/ros2_ws/install/webots_ros2_driver:/home/gisbert12843/ros2_ws/install/aruco_marker_detection:/home/gisbert12843/ros2_ws/install/webots_spot_teleop:/home/gisbert12843/ros2_ws/install/webots_spot:/home/gisbert12843/ros2_ws/install/webots_ros2:/home/gisbert12843/ros2_ws/install/webots_ros2_universal_robot:/home/gisbert12843/ros2_ws/install/webots_ros2_turtlebot:/home/gisbert12843/ros2_ws/install/webots_ros2_tiago:/home/gisbert12843/ros2_ws/install/webots_ros2_tests:/home/gisbert12843/ros2_ws/install/webots_ros2_tesla:/home/gisbert12843/ros2_ws/install/webots_ros2_mavic:/home/gisbert12843/ros2_ws/install/webots_ros2_epuck:/home/gisbert12843/ros2_ws/install/webots_ros2_importer:/opt/ros/humble LD_LIBRARY_PATH=/home/gisbert12843/ros2_ws/install/webots_ros2_msgs/lib:/home/gisbert12843/ros2_ws/install/webots_spot_msgs/lib:/home/gisbert12843/ros2_ws/install/webots_ros2_control/lib:/home/gisbert12843/ros2_ws/install/webots_ros2_driver/lib:/opt/ros/humble/opt/rviz_ogre_vendor/lib:/opt/ros/humble/lib/x86_64-linux-gnu:/opt/ros/humble/lib PYTHONPATH=/home/gisbert12843/ros2_ws/build/webots_ros2_importer:/home/gisbert12843/ros2_ws/install/webots_ros2_importer/lib/python3.10/site-packages:/home/gisbert12843/ros2_ws/build/aruco_marker_detection:/home/gisbert12843/ros2_ws/install/aruco_marker_detection/lib/python3.10/site-packages:/home/gisbert12843/ros2_ws/build/webots_spot_teleop:/home/gisbert12843/ros2_ws/install/webots_spot_teleop/lib/python3.10/site-packages:/home/gisbert12843/ros2_ws/install/webots_spot_msgs/local/lib/python3.10/dist-packages:/home/gisbert12843/ros2_ws/build/webots_spot:/home/gisbert12843/ros2_ws/install/webots_spot/lib/python3.10/site-packages:/home/gisbert12843/ros2_ws/build/webots_ros2:/home/gisbert12843/ros2_ws/install/webots_ros2/lib/python3.10/site-packages:/home/gisbert12843/ros2_ws/build/webots_ros2_universal_robot:/home/gisbert12843/ros2_ws/install/webots_ros2_universal_robot/lib/python3.10/site-packages:/home/gisbert12843/ros2_ws/build/webots_ros2_turtlebot:/home/gisbert12843/ros2_ws/install/webots_ros2_turtlebot/lib/python3.10/site-packages:/home/gisbert12843/ros2_ws/build/webots_ros2_tiago:/home/gisbert12843/ros2_ws/install/webots_ros2_tiago/lib/python3.10/site-packages:/home/gisbert12843/ros2_ws/build/webots_ros2_tests:/home/gisbert12843/ros2_ws/install/webots_ros2_tests/lib/python3.10/site-packages:/home/gisbert12843/ros2_ws/build/webots_ros2_tesla:/home/gisbert12843/ros2_ws/install/webots_ros2_tesla/lib/python3.10/site-packages:/home/gisbert12843/ros2_ws/build/webots_ros2_mavic:/home/gisbert12843/ros2_ws/install/webots_ros2_mavic/lib/python3.10/site-packages:/home/gisbert12843/ros2_ws/build/webots_ros2_epuck:/home/gisbert12843/ros2_ws/install/webots_ros2_epuck/lib/python3.10/site-packages:/home/gisbert12843/ros2_ws/install/webots_ros2_driver/local/lib/python3.10/dist-packages:/home/gisbert12843/ros2_ws/install/webots_ros2_msgs/local/lib/python3.10/dist-packages:/home/gisbert12843/ros2_ws/build/my-test-package:/home/gisbert12843/ros2_ws/install/my-test-package/lib/python3.10/site-packages:/opt/ros/humble/lib/python3.10/site-packages:/opt/ros/humble/local/lib/python3.10/dist-packages /usr/bin/cmake --install /home/gisbert12843/ros2_ws/build/webots_ros2_driver
[2.255s] -- Install configuration: ""
[2.256s] -- Execute custom install script
[2.256s] -- Up-to-date symlink: /home/gisbert12843/ros2_ws/install/webots_ros2_driver/share/webots_ros2_driver/environment/pythonpath.sh
[2.256s] -- Up-to-date symlink: /home/gisbert12843/ros2_ws/install/webots_ros2_driver/share/webots_ros2_driver/environment/pythonpath.dsv
[2.257s] -- Up-to-date symlink: /home/gisbert12843/ros2_ws/install/webots_ros2_driver/local/lib/python3.10/dist-packages/controller-2023.1.3-py3.10.egg-info/PKG-INFO
[2.257s] -- Up-to-date symlink: /home/gisbert12843/ros2_ws/install/webots_ros2_driver/local/lib/python3.10/dist-packages/controller-2023.1.3-py3.10.egg-info/SOURCES.txt
[2.257s] -- Up-to-date symlink: /home/gisbert12843/ros2_ws/install/webots_ros2_driver/local/lib/python3.10/dist-packages/controller-2023.1.3-py3.10.egg-info/dependency_links.txt
[2.257s] -- Up-to-date symlink: /home/gisbert12843/ros2_ws/install/webots_ros2_driver/local/lib/python3.10/dist-packages/controller-2023.1.3-py3.10.egg-info/top_level.txt
[2.259s] -- Up-to-date symlink: /home/gisbert12843/ros2_ws/install/webots_ros2_driver/local/lib/python3.10/dist-packages/controller/__init__.py
[2.259s] -- Up-to-date symlink: /home/gisbert12843/ros2_ws/install/webots_ros2_driver/local/lib/python3.10/dist-packages/controller/accelerometer.py
[2.259s] -- Up-to-date symlink: /home/gisbert12843/ros2_ws/install/webots_ros2_driver/local/lib/python3.10/dist-packages/controller/altimeter.py
[2.259s] -- Up-to-date symlink: /home/gisbert12843/ros2_ws/install/webots_ros2_driver/local/lib/python3.10/dist-packages/controller/ansi_codes.py
[2.259s] -- Up-to-date symlink: /home/gisbert12843/ros2_ws/install/webots_ros2_driver/local/lib/python3.10/dist-packages/controller/brake.py
[2.260s] -- Up-to-date symlink: /home/gisbert12843/ros2_ws/install/webots_ros2_driver/local/lib/python3.10/dist-packages/controller/camera.py
[2.260s] -- Up-to-date symlink: /home/gisbert12843/ros2_ws/install/webots_ros2_driver/local/lib/python3.10/dist-packages/controller/compass.py
[2.260s] -- Up-to-date symlink: /home/gisbert12843/ros2_ws/install/webots_ros2_driver/local/lib/python3.10/dist-packages/controller/connector.py
[2.260s] -- Up-to-date symlink: /home/gisbert12843/ros2_ws/install/webots_ros2_driver/local/lib/python3.10/dist-packages/controller/constants.py
[2.260s] -- Up-to-date symlink: /home/gisbert12843/ros2_ws/install/webots_ros2_driver/local/lib/python3.10/dist-packages/controller/device.py
[2.260s] -- Up-to-date symlink: /home/gisbert12843/ros2_ws/install/webots_ros2_driver/local/lib/python3.10/dist-packages/controller/display.py
[2.260s] -- Up-to-date symlink: /home/gisbert12843/ros2_ws/install/webots_ros2_driver/local/lib/python3.10/dist-packages/controller/distance_sensor.py
[2.261s] -- Up-to-date symlink: /home/gisbert12843/ros2_ws/install/webots_ros2_driver/local/lib/python3.10/dist-packages/controller/emitter.py
[2.261s] -- Up-to-date symlink: /home/gisbert12843/ros2_ws/install/webots_ros2_driver/local/lib/python3.10/dist-packages/controller/field.py
[2.261s] -- Up-to-date symlink: /home/gisbert12843/ros2_ws/install/webots_ros2_driver/local/lib/python3.10/dist-packages/controller/gps.py
[2.261s] -- Up-to-date symlink: /home/gisbert12843/ros2_ws/install/webots_ros2_driver/local/lib/python3.10/dist-packages/controller/gyro.py
[2.261s] -- Up-to-date symlink: /home/gisbert12843/ros2_ws/install/webots_ros2_driver/local/lib/python3.10/dist-packages/controller/inertial_unit.py
[2.261s] -- Up-to-date symlink: /home/gisbert12843/ros2_ws/install/webots_ros2_driver/local/lib/python3.10/dist-packages/controller/joystick.py
[2.262s] -- Up-to-date symlink: /home/gisbert12843/ros2_ws/install/webots_ros2_driver/local/lib/python3.10/dist-packages/controller/keyboard.py
[2.262s] -- Up-to-date symlink: /home/gisbert12843/ros2_ws/install/webots_ros2_driver/local/lib/python3.10/dist-packages/controller/led.py
[2.262s] -- Up-to-date symlink: /home/gisbert12843/ros2_ws/install/webots_ros2_driver/local/lib/python3.10/dist-packages/controller/lidar.py
[2.262s] -- Up-to-date symlink: /home/gisbert12843/ros2_ws/install/webots_ros2_driver/local/lib/python3.10/dist-packages/controller/lidar_point.py
[2.262s] -- Up-to-date symlink: /home/gisbert12843/ros2_ws/install/webots_ros2_driver/local/lib/python3.10/dist-packages/controller/light_sensor.py
[2.262s] -- Up-to-date symlink: /home/gisbert12843/ros2_ws/install/webots_ros2_driver/local/lib/python3.10/dist-packages/controller/motion.py
[2.262s] -- Up-to-date symlink: /home/gisbert12843/ros2_ws/install/webots_ros2_driver/local/lib/python3.10/dist-packages/controller/motor.py
[2.263s] -- Up-to-date symlink: /home/gisbert12843/ros2_ws/install/webots_ros2_driver/local/lib/python3.10/dist-packages/controller/mouse.py
[2.263s] -- Up-to-date symlink: /home/gisbert12843/ros2_ws/install/webots_ros2_driver/local/lib/python3.10/dist-packages/controller/node.py
[2.263s] -- Up-to-date symlink: /home/gisbert12843/ros2_ws/install/webots_ros2_driver/local/lib/python3.10/dist-packages/controller/pen.py
[2.263s] -- Up-to-date symlink: /home/gisbert12843/ros2_ws/install/webots_ros2_driver/local/lib/python3.10/dist-packages/controller/position_sensor.py
[2.263s] -- Up-to-date symlink: /home/gisbert12843/ros2_ws/install/webots_ros2_driver/local/lib/python3.10/dist-packages/controller/radar.py
[2.263s] -- Up-to-date symlink: /home/gisbert12843/ros2_ws/install/webots_ros2_driver/local/lib/python3.10/dist-packages/controller/radar_target.py
[2.263s] -- Up-to-date symlink: /home/gisbert12843/ros2_ws/install/webots_ros2_driver/local/lib/python3.10/dist-packages/controller/range_finder.py
[2.263s] -- Up-to-date symlink: /home/gisbert12843/ros2_ws/install/webots_ros2_driver/local/lib/python3.10/dist-packages/controller/receiver.py
[2.264s] -- Up-to-date symlink: /home/gisbert12843/ros2_ws/install/webots_ros2_driver/local/lib/python3.10/dist-packages/controller/robot.py
[2.264s] -- Up-to-date symlink: /home/gisbert12843/ros2_ws/install/webots_ros2_driver/local/lib/python3.10/dist-packages/controller/sensor.py
[2.264s] -- Up-to-date symlink: /home/gisbert12843/ros2_ws/install/webots_ros2_driver/local/lib/python3.10/dist-packages/controller/skin.py
[2.264s] -- Up-to-date symlink: /home/gisbert12843/ros2_ws/install/webots_ros2_driver/local/lib/python3.10/dist-packages/controller/speaker.py
[2.264s] -- Up-to-date symlink: /home/gisbert12843/ros2_ws/install/webots_ros2_driver/local/lib/python3.10/dist-packages/controller/supervisor.py
[2.264s] -- Up-to-date symlink: /home/gisbert12843/ros2_ws/install/webots_ros2_driver/local/lib/python3.10/dist-packages/controller/touch_sensor.py
[2.265s] -- Up-to-date symlink: /home/gisbert12843/ros2_ws/install/webots_ros2_driver/local/lib/python3.10/dist-packages/controller/vacuum_gripper.py
[2.265s] -- Up-to-date symlink: /home/gisbert12843/ros2_ws/install/webots_ros2_driver/local/lib/python3.10/dist-packages/controller/wb.py
[2.265s] -- Up-to-date symlink: /home/gisbert12843/ros2_ws/install/webots_ros2_driver/local/lib/python3.10/dist-packages/vehicle-2023.1.3-py3.10.egg-info/PKG-INFO
[2.265s] -- Up-to-date symlink: /home/gisbert12843/ros2_ws/install/webots_ros2_driver/local/lib/python3.10/dist-packages/vehicle-2023.1.3-py3.10.egg-info/SOURCES.txt
[2.265s] -- Up-to-date symlink: /home/gisbert12843/ros2_ws/install/webots_ros2_driver/local/lib/python3.10/dist-packages/vehicle-2023.1.3-py3.10.egg-info/dependency_links.txt
[2.265s] -- Up-to-date symlink: /home/gisbert12843/ros2_ws/install/webots_ros2_driver/local/lib/python3.10/dist-packages/vehicle-2023.1.3-py3.10.egg-info/top_level.txt
[2.266s] -- Up-to-date symlink: /home/gisbert12843/ros2_ws/install/webots_ros2_driver/local/lib/python3.10/dist-packages/vehicle/__init__.py
[2.266s] -- Up-to-date symlink: /home/gisbert12843/ros2_ws/install/webots_ros2_driver/local/lib/python3.10/dist-packages/vehicle/car.py
[2.266s] -- Up-to-date symlink: /home/gisbert12843/ros2_ws/install/webots_ros2_driver/local/lib/python3.10/dist-packages/vehicle/driver.py
[2.267s] -- Up-to-date symlink: /home/gisbert12843/ros2_ws/install/webots_ros2_driver/local/lib/python3.10/dist-packages/webots_ros2_driver-2023.1.3-py3.10.egg-info/PKG-INFO
[2.267s] -- Up-to-date symlink: /home/gisbert12843/ros2_ws/install/webots_ros2_driver/local/lib/python3.10/dist-packages/webots_ros2_driver-2023.1.3-py3.10.egg-info/SOURCES.txt
[2.267s] -- Up-to-date symlink: /home/gisbert12843/ros2_ws/install/webots_ros2_driver/local/lib/python3.10/dist-packages/webots_ros2_driver-2023.1.3-py3.10.egg-info/dependency_links.txt
[2.267s] -- Up-to-date symlink: /home/gisbert12843/ros2_ws/install/webots_ros2_driver/local/lib/python3.10/dist-packages/webots_ros2_driver-2023.1.3-py3.10.egg-info/top_level.txt
[2.268s] -- Up-to-date symlink: /home/gisbert12843/ros2_ws/install/webots_ros2_driver/local/lib/python3.10/dist-packages/webots_ros2_driver/__init__.py
[2.268s] -- Up-to-date symlink: /home/gisbert12843/ros2_ws/install/webots_ros2_driver/local/lib/python3.10/dist-packages/webots_ros2_driver/ros2_supervisor.py
[2.268s] -- Up-to-date symlink: /home/gisbert12843/ros2_ws/install/webots_ros2_driver/local/lib/python3.10/dist-packages/webots_ros2_driver/urdf_spawner.py
[2.268s] -- Up-to-date symlink: /home/gisbert12843/ros2_ws/install/webots_ros2_driver/local/lib/python3.10/dist-packages/webots_ros2_driver/utils.py
[2.268s] -- Up-to-date symlink: /home/gisbert12843/ros2_ws/install/webots_ros2_driver/local/lib/python3.10/dist-packages/webots_ros2_driver/wait_for_controller_connection.py
[2.269s] -- Up-to-date symlink: /home/gisbert12843/ros2_ws/install/webots_ros2_driver/local/lib/python3.10/dist-packages/webots_ros2_driver/webots_controller.py
[2.269s] -- Up-to-date symlink: /home/gisbert12843/ros2_ws/install/webots_ros2_driver/local/lib/python3.10/dist-packages/webots_ros2_driver/webots_launcher.py
[2.269s] -- Up-to-date symlink: /home/gisbert12843/ros2_ws/install/webots_ros2_driver/include/webots_ros2_driver/PluginInterface.hpp
[2.269s] -- Up-to-date symlink: /home/gisbert12843/ros2_ws/install/webots_ros2_driver/include/webots_ros2_driver/PythonPlugin.hpp
[2.270s] -- Up-to-date symlink: /home/gisbert12843/ros2_ws/install/webots_ros2_driver/include/webots_ros2_driver/WebotsNode.hpp
[2.270s] -- Up-to-date symlink: /home/gisbert12843/ros2_ws/install/webots_ros2_driver/include/webots_ros2_driver/plugins/Ros2SensorPlugin.hpp
[2.270s] -- Up-to-date symlink: /home/gisbert12843/ros2_ws/install/webots_ros2_driver/include/webots_ros2_driver/plugins/dynamic/Ros2IMU.hpp
[2.270s] -- Up-to-date symlink: /home/gisbert12843/ros2_ws/install/webots_ros2_driver/include/webots_ros2_driver/plugins/dynamic/Ros2RGBD.hpp
[2.270s] -- Up-to-date symlink: /home/gisbert12843/ros2_ws/install/webots_ros2_driver/include/webots_ros2_driver/plugins/static/Ros2Camera.hpp
[2.270s] -- Up-to-date symlink: /home/gisbert12843/ros2_ws/install/webots_ros2_driver/include/webots_ros2_driver/plugins/static/Ros2Compass.hpp
[2.270s] -- Up-to-date symlink: /home/gisbert12843/ros2_ws/install/webots_ros2_driver/include/webots_ros2_driver/plugins/static/Ros2DistanceSensor.hpp
[2.271s] -- Up-to-date symlink: /home/gisbert12843/ros2_ws/install/webots_ros2_driver/include/webots_ros2_driver/plugins/static/Ros2Emitter.hpp
[2.271s] -- Up-to-date symlink: /home/gisbert12843/ros2_ws/install/webots_ros2_driver/include/webots_ros2_driver/plugins/static/Ros2GPS.hpp
[2.271s] -- Up-to-date symlink: /home/gisbert12843/ros2_ws/install/webots_ros2_driver/include/webots_ros2_driver/plugins/static/Ros2LED.hpp
[2.271s] -- Up-to-date symlink: /home/gisbert12843/ros2_ws/install/webots_ros2_driver/include/webots_ros2_driver/plugins/static/Ros2Lidar.hpp
[2.271s] -- Up-to-date symlink: /home/gisbert12843/ros2_ws/install/webots_ros2_driver/include/webots_ros2_driver/plugins/static/Ros2LightSensor.hpp
[2.271s] -- Up-to-date symlink: /home/gisbert12843/ros2_ws/install/webots_ros2_driver/include/webots_ros2_driver/plugins/static/Ros2Pen.hpp
[2.271s] -- Up-to-date symlink: /home/gisbert12843/ros2_ws/install/webots_ros2_driver/include/webots_ros2_driver/plugins/static/Ros2RangeFinder.hpp
[2.272s] -- Up-to-date symlink: /home/gisbert12843/ros2_ws/install/webots_ros2_driver/include/webots_ros2_driver/plugins/static/Ros2Receiver.hpp
[2.272s] -- Up-to-date symlink: /home/gisbert12843/ros2_ws/install/webots_ros2_driver/include/webots_ros2_driver/plugins/static/Ros2VacuumGripper.hpp
[2.272s] -- Up-to-date symlink: /home/gisbert12843/ros2_ws/install/webots_ros2_driver/include/webots_ros2_driver/utils/Math.hpp
[2.272s] -- Up-to-date symlink: /home/gisbert12843/ros2_ws/install/webots_ros2_driver/include/webots_ros2_driver/utils/Utils.hpp
[2.272s] -- Up-to-date symlink: /home/gisbert12843/ros2_ws/install/webots_ros2_driver/lib/webots_ros2_driver/driver
[2.273s] -- Up-to-date symlink: /home/gisbert12843/ros2_ws/install/webots_ros2_driver/lib/libwebots_ros2_driver_imu.so
[2.273s] -- Up-to-date symlink: /home/gisbert12843/ros2_ws/install/webots_ros2_driver/lib/libwebots_ros2_driver_rgbd.so
[2.274s] -- Up-to-date symlink: /home/gisbert12843/ros2_ws/install/webots_ros2_driver/include/webots/c/webots/accelerometer.h
[2.274s] -- Up-to-date symlink: /home/gisbert12843/ros2_ws/install/webots_ros2_driver/include/webots/c/webots/altimeter.h
[2.274s] -- Up-to-date symlink: /home/gisbert12843/ros2_ws/install/webots_ros2_driver/include/webots/c/webots/brake.h
[2.275s] -- Up-to-date symlink: /home/gisbert12843/ros2_ws/install/webots_ros2_driver/include/webots/c/webots/camera.h
[2.275s] -- Up-to-date symlink: /home/gisbert12843/ros2_ws/install/webots_ros2_driver/include/webots/c/webots/camera_recognition_object.h
[2.275s] -- Up-to-date symlink: /home/gisbert12843/ros2_ws/install/webots_ros2_driver/include/webots/c/webots/compass.h
[2.275s] -- Up-to-date symlink: /home/gisbert12843/ros2_ws/install/webots_ros2_driver/include/webots/c/webots/connector.h
[2.275s] -- Up-to-date symlink: /home/gisbert12843/ros2_ws/install/webots_ros2_driver/include/webots/c/webots/console.h
[2.276s] -- Up-to-date symlink: /home/gisbert12843/ros2_ws/install/webots_ros2_driver/include/webots/c/webots/contact_point.h
[2.276s] -- Up-to-date symlink: /home/gisbert12843/ros2_ws/install/webots_ros2_driver/include/webots/c/webots/device.h
[2.276s] -- Up-to-date symlink: /home/gisbert12843/ros2_ws/install/webots_ros2_driver/include/webots/c/webots/display.h
[2.276s] -- Up-to-date symlink: /home/gisbert12843/ros2_ws/install/webots_ros2_driver/include/webots/c/webots/distance_sensor.h
[2.276s] -- Up-to-date symlink: /home/gisbert12843/ros2_ws/install/webots_ros2_driver/include/webots/c/webots/emitter.h
[2.276s] -- Up-to-date symlink: /home/gisbert12843/ros2_ws/install/webots_ros2_driver/include/webots/c/webots/gps.h
[2.276s] -- Up-to-date symlink: /home/gisbert12843/ros2_ws/install/webots_ros2_driver/include/webots/c/webots/gyro.h
[2.277s] -- Up-to-date symlink: /home/gisbert12843/ros2_ws/install/webots_ros2_driver/include/webots/c/webots/inertial_unit.h
[2.277s] -- Up-to-date symlink: /home/gisbert12843/ros2_ws/install/webots_ros2_driver/include/webots/c/webots/joystick.h
[2.277s] -- Up-to-date symlink: /home/gisbert12843/ros2_ws/install/webots_ros2_driver/include/webots/c/webots/keyboard.h
[2.277s] -- Up-to-date symlink: /home/gisbert12843/ros2_ws/install/webots_ros2_driver/include/webots/c/webots/led.h
[2.277s] -- Up-to-date symlink: /home/gisbert12843/ros2_ws/install/webots_ros2_driver/include/webots/c/webots/lidar.h
[2.277s] -- Up-to-date symlink: /home/gisbert12843/ros2_ws/install/webots_ros2_driver/include/webots/c/webots/lidar_point.h
[2.277s] -- Up-to-date symlink: /home/gisbert12843/ros2_ws/install/webots_ros2_driver/include/webots/c/webots/light_sensor.h
[2.278s] -- Up-to-date symlink: /home/gisbert12843/ros2_ws/install/webots_ros2_driver/include/webots/c/webots/microphone.h
[2.278s] -- Up-to-date symlink: /home/gisbert12843/ros2_ws/install/webots_ros2_driver/include/webots/c/webots/motor.h
[2.278s] -- Up-to-date symlink: /home/gisbert12843/ros2_ws/install/webots_ros2_driver/include/webots/c/webots/mouse.h
[2.278s] -- Up-to-date symlink: /home/gisbert12843/ros2_ws/install/webots_ros2_driver/include/webots/c/webots/mouse_state.h
[2.278s] -- Up-to-date symlink: /home/gisbert12843/ros2_ws/install/webots_ros2_driver/include/webots/c/webots/nodes.h
[2.278s] -- Up-to-date symlink: /home/gisbert12843/ros2_ws/install/webots_ros2_driver/include/webots/c/webots/pen.h
[2.278s] -- Up-to-date symlink: /home/gisbert12843/ros2_ws/install/webots_ros2_driver/include/webots/c/webots/plugins/robot_window/default.h
[2.279s] -- Up-to-date symlink: /home/gisbert12843/ros2_ws/install/webots_ros2_driver/include/webots/c/webots/plugins/robot_window/generic_robot_window/generic.h
[2.279s] -- Up-to-date symlink: /home/gisbert12843/ros2_ws/install/webots_ros2_driver/include/webots/c/webots/plugins/robot_window/robot_window.h
[2.279s] -- Up-to-date symlink: /home/gisbert12843/ros2_ws/install/webots_ros2_driver/include/webots/c/webots/plugins/robot_window/robot_wwi.h
[2.279s] -- Up-to-date symlink: /home/gisbert12843/ros2_ws/install/webots_ros2_driver/include/webots/c/webots/position_sensor.h
[2.279s] -- Up-to-date symlink: /home/gisbert12843/ros2_ws/install/webots_ros2_driver/include/webots/c/webots/radar.h
[2.279s] -- Up-to-date symlink: /home/gisbert12843/ros2_ws/install/webots_ros2_driver/include/webots/c/webots/radar_target.h
[2.280s] -- Up-to-date symlink: /home/gisbert12843/ros2_ws/install/webots_ros2_driver/include/webots/c/webots/radio.h
[2.280s] -- Up-to-date symlink: /home/gisbert12843/ros2_ws/install/webots_ros2_driver/include/webots/c/webots/range_finder.h
[2.280s] -- Up-to-date symlink: /home/gisbert12843/ros2_ws/install/webots_ros2_driver/include/webots/c/webots/receiver.h
[2.280s] -- Up-to-date symlink: /home/gisbert12843/ros2_ws/install/webots_ros2_driver/include/webots/c/webots/remote_control.h
[2.280s] -- Up-to-date symlink: /home/gisbert12843/ros2_ws/install/webots_ros2_driver/include/webots/c/webots/robot.h
[2.280s] -- Up-to-date symlink: /home/gisbert12843/ros2_ws/install/webots_ros2_driver/include/webots/c/webots/skin.h
[2.281s] -- Up-to-date symlink: /home/gisbert12843/ros2_ws/install/webots_ros2_driver/include/webots/c/webots/speaker.h
[2.281s] -- Up-to-date symlink: /home/gisbert12843/ros2_ws/install/webots_ros2_driver/include/webots/c/webots/supervisor.h
[2.281s] -- Up-to-date symlink: /home/gisbert12843/ros2_ws/install/webots_ros2_driver/include/webots/c/webots/touch_sensor.h
[2.281s] -- Up-to-date symlink: /home/gisbert12843/ros2_ws/install/webots_ros2_driver/include/webots/c/webots/types.h
[2.281s] -- Up-to-date symlink: /home/gisbert12843/ros2_ws/install/webots_ros2_driver/include/webots/c/webots/utils/ansi_codes.h
[2.282s] -- Up-to-date symlink: /home/gisbert12843/ros2_ws/install/webots_ros2_driver/include/webots/c/webots/utils/motion.h
[2.282s] -- Up-to-date symlink: /home/gisbert12843/ros2_ws/install/webots_ros2_driver/include/webots/c/webots/utils/string.h
[2.282s] -- Up-to-date symlink: /home/gisbert12843/ros2_ws/install/webots_ros2_driver/include/webots/c/webots/utils/system.h
[2.283s] -- Up-to-date symlink: /home/gisbert12843/ros2_ws/install/webots_ros2_driver/include/webots/c/webots/vacuum_gripper.h
[2.283s] -- Up-to-date symlink: /home/gisbert12843/ros2_ws/install/webots_ros2_driver/include/webots/c/webots/vehicle/car.h
[2.283s] -- Up-to-date symlink: /home/gisbert12843/ros2_ws/install/webots_ros2_driver/include/webots/c/webots/vehicle/driver.h
[2.283s] -- Up-to-date symlink: /home/gisbert12843/ros2_ws/install/webots_ros2_driver/include/webots/cpp/webots/Accelerometer.hpp
[2.284s] -- Up-to-date symlink: /home/gisbert12843/ros2_ws/install/webots_ros2_driver/include/webots/cpp/webots/Altimeter.hpp
[2.284s] -- Up-to-date symlink: /home/gisbert12843/ros2_ws/install/webots_ros2_driver/include/webots/cpp/webots/Brake.hpp
[2.284s] -- Up-to-date symlink: /home/gisbert12843/ros2_ws/install/webots_ros2_driver/include/webots/cpp/webots/Camera.hpp
[2.284s] -- Up-to-date symlink: /home/gisbert12843/ros2_ws/install/webots_ros2_driver/include/webots/cpp/webots/Compass.hpp
[2.284s] -- Up-to-date symlink: /home/gisbert12843/ros2_ws/install/webots_ros2_driver/include/webots/cpp/webots/Connector.hpp
[2.285s] -- Up-to-date symlink: /home/gisbert12843/ros2_ws/install/webots_ros2_driver/include/webots/cpp/webots/Device.hpp
[2.285s] -- Up-to-date symlink: /home/gisbert12843/ros2_ws/install/webots_ros2_driver/include/webots/cpp/webots/Display.hpp
[2.285s] -- Up-to-date symlink: /home/gisbert12843/ros2_ws/install/webots_ros2_driver/include/webots/cpp/webots/DistanceSensor.hpp
[2.285s] -- Up-to-date symlink: /home/gisbert12843/ros2_ws/install/webots_ros2_driver/include/webots/cpp/webots/Emitter.hpp
[2.286s] -- Up-to-date symlink: /home/gisbert12843/ros2_ws/install/webots_ros2_driver/include/webots/cpp/webots/Field.hpp
[2.286s] -- Up-to-date symlink: /home/gisbert12843/ros2_ws/install/webots_ros2_driver/include/webots/cpp/webots/GPS.hpp
[2.286s] -- Up-to-date symlink: /home/gisbert12843/ros2_ws/install/webots_ros2_driver/include/webots/cpp/webots/Gyro.hpp
[2.286s] -- Up-to-date symlink: /home/gisbert12843/ros2_ws/install/webots_ros2_driver/include/webots/cpp/webots/ImageRef.hpp
[2.286s] -- Up-to-date symlink: /home/gisbert12843/ros2_ws/install/webots_ros2_driver/include/webots/cpp/webots/InertialUnit.hpp
[2.287s] -- Up-to-date symlink: /home/gisbert12843/ros2_ws/install/webots_ros2_driver/include/webots/cpp/webots/Joystick.hpp
[2.287s] -- Up-to-date symlink: /home/gisbert12843/ros2_ws/install/webots_ros2_driver/include/webots/cpp/webots/Keyboard.hpp
[2.287s] -- Up-to-date symlink: /home/gisbert12843/ros2_ws/install/webots_ros2_driver/include/webots/cpp/webots/LED.hpp
[2.287s] -- Up-to-date symlink: /home/gisbert12843/ros2_ws/install/webots_ros2_driver/include/webots/cpp/webots/Lidar.hpp
[2.287s] -- Up-to-date symlink: /home/gisbert12843/ros2_ws/install/webots_ros2_driver/include/webots/cpp/webots/LightSensor.hpp
[2.287s] -- Up-to-date symlink: /home/gisbert12843/ros2_ws/install/webots_ros2_driver/include/webots/cpp/webots/Motor.hpp
[2.288s] -- Up-to-date symlink: /home/gisbert12843/ros2_ws/install/webots_ros2_driver/include/webots/cpp/webots/Mouse.hpp
[2.288s] -- Up-to-date symlink: /home/gisbert12843/ros2_ws/install/webots_ros2_driver/include/webots/cpp/webots/Node.hpp
[2.288s] -- Up-to-date symlink: /home/gisbert12843/ros2_ws/install/webots_ros2_driver/include/webots/cpp/webots/Pen.hpp
[2.288s] -- Up-to-date symlink: /home/gisbert12843/ros2_ws/install/webots_ros2_driver/include/webots/cpp/webots/PositionSensor.hpp
[2.288s] -- Up-to-date symlink: /home/gisbert12843/ros2_ws/install/webots_ros2_driver/include/webots/cpp/webots/Radar.hpp
[2.289s] -- Up-to-date symlink: /home/gisbert12843/ros2_ws/install/webots_ros2_driver/include/webots/cpp/webots/RangeFinder.hpp
[2.289s] -- Up-to-date symlink: /home/gisbert12843/ros2_ws/install/webots_ros2_driver/include/webots/cpp/webots/Receiver.hpp
[2.289s] -- Up-to-date symlink: /home/gisbert12843/ros2_ws/install/webots_ros2_driver/include/webots/cpp/webots/Robot.hpp
[2.289s] -- Up-to-date symlink: /home/gisbert12843/ros2_ws/install/webots_ros2_driver/include/webots/cpp/webots/Skin.hpp
[2.289s] -- Up-to-date symlink: /home/gisbert12843/ros2_ws/install/webots_ros2_driver/include/webots/cpp/webots/Speaker.hpp
[2.289s] -- Up-to-date symlink: /home/gisbert12843/ros2_ws/install/webots_ros2_driver/include/webots/cpp/webots/Supervisor.hpp
[2.289s] -- Up-to-date symlink: /home/gisbert12843/ros2_ws/install/webots_ros2_driver/include/webots/cpp/webots/TouchSensor.hpp
[2.290s] -- Up-to-date symlink: /home/gisbert12843/ros2_ws/install/webots_ros2_driver/include/webots/cpp/webots/VacuumGripper.hpp
[2.290s] -- Up-to-date symlink: /home/gisbert12843/ros2_ws/install/webots_ros2_driver/include/webots/cpp/webots/utils/AnsiCodes.hpp
[2.290s] -- Up-to-date symlink: /home/gisbert12843/ros2_ws/install/webots_ros2_driver/include/webots/cpp/webots/utils/Motion.hpp
[2.290s] -- Up-to-date symlink: /home/gisbert12843/ros2_ws/install/webots_ros2_driver/include/webots/cpp/webots/vehicle/Car.hpp
[2.290s] -- Up-to-date symlink: /home/gisbert12843/ros2_ws/install/webots_ros2_driver/include/webots/cpp/webots/vehicle/Driver.hpp
[2.293s] -- Up-to-date symlink: /home/gisbert12843/ros2_ws/install/webots_ros2_driver/lib/controller/libController.so
[2.294s] -- Up-to-date symlink: /home/gisbert12843/ros2_ws/install/webots_ros2_driver/lib/controller/libCppCar.so
[2.294s] -- Up-to-date symlink: /home/gisbert12843/ros2_ws/install/webots_ros2_driver/lib/controller/libCppController.so
[2.294s] -- Up-to-date symlink: /home/gisbert12843/ros2_ws/install/webots_ros2_driver/lib/controller/libCppController.so
[2.294s] -- Up-to-date symlink: /home/gisbert12843/ros2_ws/install/webots_ros2_driver/lib/controller/libCppDriver.so
[2.295s] -- Up-to-date symlink: /home/gisbert12843/ros2_ws/install/webots_ros2_driver/lib/controller/libcar.so
[2.295s] -- Up-to-date symlink: /home/gisbert12843/ros2_ws/install/webots_ros2_driver/lib/controller/libdriver.so
[2.295s] -- Up-to-date symlink: /home/gisbert12843/ros2_ws/install/webots_ros2_driver/lib/controller/libgeneric_robot_window.so
[2.295s] -- Up-to-date symlink: /home/gisbert12843/ros2_ws/install/webots_ros2_driver/lib/controller/python/vehicle/car.py
[2.295s] -- Up-to-date symlink: /home/gisbert12843/ros2_ws/install/webots_ros2_driver/lib/controller/python/vehicle/driver.py
[2.296s] -- Up-to-date symlink: /home/gisbert12843/ros2_ws/install/webots_ros2_driver/share/webots_ros2_driver//webots_ros2_imu.xml
[2.296s] -- Up-to-date symlink: /home/gisbert12843/ros2_ws/install/webots_ros2_driver/share/webots_ros2_driver//webots_ros2_rgbd.xml
[2.296s] -- Up-to-date symlink: /home/gisbert12843/ros2_ws/install/webots_ros2_driver/lib/webots_ros2_driver/ros2_supervisor.py
[2.296s] -- Up-to-date symlink: /home/gisbert12843/ros2_ws/install/webots_ros2_driver/share/webots_ros2_driver/scripts/webots_tcp_client.py
[2.296s] -- Up-to-date symlink: /home/gisbert12843/ros2_ws/install/webots_ros2_driver/share/webots_ros2_driver/scripts/webots-controller
[2.297s] -- Up-to-date symlink: /home/gisbert12843/ros2_ws/install/webots_ros2_driver/share/webots_ros2_driver/environment/library_path.sh
[2.297s] -- Up-to-date symlink: /home/gisbert12843/ros2_ws/install/webots_ros2_driver/share/webots_ros2_driver/environment/library_path.dsv
[2.297s] -- Up-to-date symlink: /home/gisbert12843/ros2_ws/install/webots_ros2_driver/share/ament_index/resource_index/package_run_dependencies/webots_ros2_driver
[2.297s] -- Up-to-date symlink: /home/gisbert12843/ros2_ws/install/webots_ros2_driver/share/ament_index/resource_index/parent_prefix_path/webots_ros2_driver
[2.297s] -- Up-to-date symlink: /home/gisbert12843/ros2_ws/install/webots_ros2_driver/share/webots_ros2_driver/environment/ament_prefix_path.sh
[2.298s] -- Up-to-date symlink: /home/gisbert12843/ros2_ws/install/webots_ros2_driver/share/webots_ros2_driver/environment/ament_prefix_path.dsv
[2.298s] -- Up-to-date symlink: /home/gisbert12843/ros2_ws/install/webots_ros2_driver/share/webots_ros2_driver/environment/path.sh
[2.298s] -- Up-to-date symlink: /home/gisbert12843/ros2_ws/install/webots_ros2_driver/share/webots_ros2_driver/environment/path.dsv
[2.298s] -- Up-to-date symlink: /home/gisbert12843/ros2_ws/install/webots_ros2_driver/share/webots_ros2_driver/local_setup.bash
[2.299s] -- Up-to-date symlink: /home/gisbert12843/ros2_ws/install/webots_ros2_driver/share/webots_ros2_driver/local_setup.sh
[2.299s] -- Up-to-date symlink: /home/gisbert12843/ros2_ws/install/webots_ros2_driver/share/webots_ros2_driver/local_setup.zsh
[2.299s] -- Up-to-date symlink: /home/gisbert12843/ros2_ws/install/webots_ros2_driver/share/webots_ros2_driver/local_setup.dsv
[2.299s] -- Symlinking: /home/gisbert12843/ros2_ws/install/webots_ros2_driver/share/webots_ros2_driver/package.dsv
[2.310s] -- Up-to-date symlink: /home/gisbert12843/ros2_ws/install/webots_ros2_driver/share/ament_index/resource_index/packages/webots_ros2_driver
[2.311s] -- Up-to-date symlink: /home/gisbert12843/ros2_ws/install/webots_ros2_driver/share/ament_index/resource_index/webots_ros2_driver__pluginlib__plugin/webots_ros2_driver
[2.311s] -- Up-to-date symlink: /home/gisbert12843/ros2_ws/install/webots_ros2_driver/share/webots_ros2_driver/cmake/ament_cmake_export_include_directories-extras.cmake
[2.311s] -- Up-to-date symlink: /home/gisbert12843/ros2_ws/install/webots_ros2_driver/share/webots_ros2_driver/cmake/ament_cmake_export_dependencies-extras.cmake
[2.311s] -- Up-to-date symlink: /home/gisbert12843/ros2_ws/install/webots_ros2_driver/share/webots_ros2_driver/cmake/ament_cmake_export_libraries-extras.cmake
[2.311s] -- Up-to-date symlink: /home/gisbert12843/ros2_ws/install/webots_ros2_driver/share/webots_ros2_driver/cmake/webots_ros2_driverConfig.cmake
[2.311s] -- Up-to-date symlink: /home/gisbert12843/ros2_ws/install/webots_ros2_driver/share/webots_ros2_driver/cmake/webots_ros2_driverConfig-version.cmake
[2.312s] -- Up-to-date symlink: /home/gisbert12843/ros2_ws/install/webots_ros2_driver/share/webots_ros2_driver/package.xml
[2.379s] Listing '/home/gisbert12843/ros2_ws/install/webots_ros2_driver/local/lib/python3.10/dist-packages/controller'...
[2.447s] Listing '/home/gisbert12843/ros2_ws/install/webots_ros2_driver/local/lib/python3.10/dist-packages/vehicle'...
[2.515s] Listing '/home/gisbert12843/ros2_ws/install/webots_ros2_driver/local/lib/python3.10/dist-packages/webots_ros2_driver'...
[2.523s] Invoked command in '/home/gisbert12843/ros2_ws/build/webots_ros2_driver' returned '0': AMENT_PREFIX_PATH=/home/gisbert12843/ros2_ws/install/webots_ros2_importer:/home/gisbert12843/ros2_ws/install/aruco_marker_detection:/home/gisbert12843/ros2_ws/install/webots_spot_teleop:/home/gisbert12843/ros2_ws/install/webots_spot_msgs:/home/gisbert12843/ros2_ws/install/webots_spot:/home/gisbert12843/ros2_ws/install/webots_ros2:/home/gisbert12843/ros2_ws/install/webots_ros2_universal_robot:/home/gisbert12843/ros2_ws/install/webots_ros2_turtlebot:/home/gisbert12843/ros2_ws/install/webots_ros2_tiago:/home/gisbert12843/ros2_ws/install/webots_ros2_tests:/home/gisbert12843/ros2_ws/install/webots_ros2_tesla:/home/gisbert12843/ros2_ws/install/webots_ros2_mavic:/home/gisbert12843/ros2_ws/install/webots_ros2_epuck:/home/gisbert12843/ros2_ws/install/webots_ros2_control:/home/gisbert12843/ros2_ws/install/webots_ros2_driver:/home/gisbert12843/ros2_ws/install/webots_ros2_msgs:/opt/ros/humble CMAKE_PREFIX_PATH=/home/gisbert12843/ros2_ws/install/webots_ros2_msgs:/home/gisbert12843/ros2_ws/install/webots_spot_msgs:/home/gisbert12843/ros2_ws/install/webots_ros2_control:/home/gisbert12843/ros2_ws/install/webots_ros2_driver:/home/gisbert12843/ros2_ws/install/aruco_marker_detection:/home/gisbert12843/ros2_ws/install/webots_spot_teleop:/home/gisbert12843/ros2_ws/install/webots_spot:/home/gisbert12843/ros2_ws/install/webots_ros2:/home/gisbert12843/ros2_ws/install/webots_ros2_universal_robot:/home/gisbert12843/ros2_ws/install/webots_ros2_turtlebot:/home/gisbert12843/ros2_ws/install/webots_ros2_tiago:/home/gisbert12843/ros2_ws/install/webots_ros2_tests:/home/gisbert12843/ros2_ws/install/webots_ros2_tesla:/home/gisbert12843/ros2_ws/install/webots_ros2_mavic:/home/gisbert12843/ros2_ws/install/webots_ros2_epuck:/home/gisbert12843/ros2_ws/install/webots_ros2_importer:/opt/ros/humble LD_LIBRARY_PATH=/home/gisbert12843/ros2_ws/install/webots_ros2_msgs/lib:/home/gisbert12843/ros2_ws/install/webots_spot_msgs/lib:/home/gisbert12843/ros2_ws/install/webots_ros2_control/lib:/home/gisbert12843/ros2_ws/install/webots_ros2_driver/lib:/opt/ros/humble/opt/rviz_ogre_vendor/lib:/opt/ros/humble/lib/x86_64-linux-gnu:/opt/ros/humble/lib PYTHONPATH=/home/gisbert12843/ros2_ws/build/webots_ros2_importer:/home/gisbert12843/ros2_ws/install/webots_ros2_importer/lib/python3.10/site-packages:/home/gisbert12843/ros2_ws/build/aruco_marker_detection:/home/gisbert12843/ros2_ws/install/aruco_marker_detection/lib/python3.10/site-packages:/home/gisbert12843/ros2_ws/build/webots_spot_teleop:/home/gisbert12843/ros2_ws/install/webots_spot_teleop/lib/python3.10/site-packages:/home/gisbert12843/ros2_ws/install/webots_spot_msgs/local/lib/python3.10/dist-packages:/home/gisbert12843/ros2_ws/build/webots_spot:/home/gisbert12843/ros2_ws/install/webots_spot/lib/python3.10/site-packages:/home/gisbert12843/ros2_ws/build/webots_ros2:/home/gisbert12843/ros2_ws/install/webots_ros2/lib/python3.10/site-packages:/home/gisbert12843/ros2_ws/build/webots_ros2_universal_robot:/home/gisbert12843/ros2_ws/install/webots_ros2_universal_robot/lib/python3.10/site-packages:/home/gisbert12843/ros2_ws/build/webots_ros2_turtlebot:/home/gisbert12843/ros2_ws/install/webots_ros2_turtlebot/lib/python3.10/site-packages:/home/gisbert12843/ros2_ws/build/webots_ros2_tiago:/home/gisbert12843/ros2_ws/install/webots_ros2_tiago/lib/python3.10/site-packages:/home/gisbert12843/ros2_ws/build/webots_ros2_tests:/home/gisbert12843/ros2_ws/install/webots_ros2_tests/lib/python3.10/site-packages:/home/gisbert12843/ros2_ws/build/webots_ros2_tesla:/home/gisbert12843/ros2_ws/install/webots_ros2_tesla/lib/python3.10/site-packages:/home/gisbert12843/ros2_ws/build/webots_ros2_mavic:/home/gisbert12843/ros2_ws/install/webots_ros2_mavic/lib/python3.10/site-packages:/home/gisbert12843/ros2_ws/build/webots_ros2_epuck:/home/gisbert12843/ros2_ws/install/webots_ros2_epuck/lib/python3.10/site-packages:/home/gisbert12843/ros2_ws/install/webots_ros2_driver/local/lib/python3.10/dist-packages:/home/gisbert12843/ros2_ws/install/webots_ros2_msgs/local/lib/python3.10/dist-packages:/home/gisbert12843/ros2_ws/build/my-test-package:/home/gisbert12843/ros2_ws/install/my-test-package/lib/python3.10/site-packages:/opt/ros/humble/lib/python3.10/site-packages:/opt/ros/humble/local/lib/python3.10/dist-packages /usr/bin/cmake --install /home/gisbert12843/ros2_ws/build/webots_ros2_driver
