[7.079s] Invoking command in '/home/jizzy/ros_ws/src/my_package': DEBUGINFOD_URLS=https://debuginfod.ubuntu.com PYTHONPATH=/home/jizzy/ros_ws/build/my_package/prefix_override:/usr/lib/python3/dist-packages/colcon_core/task/python/colcon_distutils_commands:/home/jizzy/ros_ws/install/my_package/lib/python3.12/site-packages:${PYTHONPATH} /usr/bin/python3 -W ignore:setup.py install is deprecated setup.py egg_info --egg-base ../../build/my_package build --build-base /home/jizzy/ros_ws/build/my_package/build install --record /home/jizzy/ros_ws/build/my_package/install.log --single-version-externally-managed install_data
[10.367s] running egg_info
[10.558s] writing ../../build/my_package/my_package.egg-info/PKG-INFO
[10.562s] writing dependency_links to ../../build/my_package/my_package.egg-info/dependency_links.txt
[10.566s] writing entry points to ../../build/my_package/my_package.egg-info/entry_points.txt
[10.566s] writing requirements to ../../build/my_package/my_package.egg-info/requires.txt
[10.578s] writing top-level names to ../../build/my_package/my_package.egg-info/top_level.txt
[11.456s] reading manifest file '../../build/my_package/my_package.egg-info/SOURCES.txt'
[11.456s] adding license file 'LICENSE'
[11.499s] writing manifest file '../../build/my_package/my_package.egg-info/SOURCES.txt'
[11.519s] running build
[11.523s] running build_py
[11.539s] copying my_package/run_circle_command.py -> /home/jizzy/ros_ws/build/my_package/build/lib/my_package
[11.557s] running install
[11.738s] running install_lib
[12.051s] copying /home/jizzy/ros_ws/build/my_package/build/lib/my_package/run_circle_command.py -> /home/jizzy/ros_ws/install/my_package/lib/python3.12/site-packages/my_package
[12.104s] byte-compiling /home/jizzy/ros_ws/install/my_package/lib/python3.12/site-packages/my_package/run_circle_command.py to run_circle_command.cpython-312.pyc
[12.149s] running install_data
[12.161s] running install_egg_info
[12.826s] removing '/home/jizzy/ros_ws/install/my_package/lib/python3.12/site-packages/my_package-0.0.0-py3.12.egg-info' (and everything under it)
[12.838s] Copying ../../build/my_package/my_package.egg-info to /home/jizzy/ros_ws/install/my_package/lib/python3.12/site-packages/my_package-0.0.0-py3.12.egg-info
[12.888s] running install_scripts
[16.166s] Installing my_node script to /home/jizzy/ros_ws/install/my_package/lib/my_package
[16.187s] Installing run_circle_command script to /home/jizzy/ros_ws/install/my_package/lib/my_package
[16.189s] writing list of installed files to '/home/jizzy/ros_ws/build/my_package/install.log'
[16.635s] Invoked command in '/home/jizzy/ros_ws/src/my_package' returned '0': DEBUGINFOD_URLS=https://debuginfod.ubuntu.com PYTHONPATH=/home/jizzy/ros_ws/build/my_package/prefix_override:/usr/lib/python3/dist-packages/colcon_core/task/python/colcon_distutils_commands:/home/jizzy/ros_ws/install/my_package/lib/python3.12/site-packages:${PYTHONPATH} /usr/bin/python3 -W ignore:setup.py install is deprecated setup.py egg_info --egg-base ../../build/my_package build --build-base /home/jizzy/ros_ws/build/my_package/build install --record /home/jizzy/ros_ws/build/my_package/install.log --single-version-externally-managed install_data
