[5.919s] Invoking command in '/home/jizzy/ros_ws/src/my_package': DEBUGINFOD_URLS=https://debuginfod.ubuntu.com PYTHONPATH=/home/jizzy/ros_ws/build/my_package/prefix_override:/usr/lib/python3/dist-packages/colcon_core/task/python/colcon_distutils_commands:/home/jizzy/ros_ws/install/my_package/lib/python3.12/site-packages:${PYTHONPATH} /usr/bin/python3 -W ignore:setup.py install is deprecated setup.py egg_info --egg-base ../../build/my_package build --build-base /home/jizzy/ros_ws/build/my_package/build install --record /home/jizzy/ros_ws/build/my_package/install.log --single-version-externally-managed install_data
[8.065s] running egg_info
[8.560s] writing ../../build/my_package/my_package.egg-info/PKG-INFO
[8.560s] writing dependency_links to ../../build/my_package/my_package.egg-info/dependency_links.txt
[8.565s] writing entry points to ../../build/my_package/my_package.egg-info/entry_points.txt
[8.589s] writing requirements to ../../build/my_package/my_package.egg-info/requires.txt
[8.590s] writing top-level names to ../../build/my_package/my_package.egg-info/top_level.txt
[9.216s] reading manifest file '../../build/my_package/my_package.egg-info/SOURCES.txt'
[9.222s] adding license file 'LICENSE'
[9.223s] writing manifest file '../../build/my_package/my_package.egg-info/SOURCES.txt'
[9.228s] running build
[9.233s] running build_py
[9.254s] copying my_package/run_cricle_command.py -> /home/jizzy/ros_ws/build/my_package/build/lib/my_package
[9.255s] running install
[9.391s] running install_lib
[9.776s] copying /home/jizzy/ros_ws/build/my_package/build/lib/my_package/run_cricle_command.py -> /home/jizzy/ros_ws/install/my_package/lib/python3.12/site-packages/my_package
[9.795s] byte-compiling /home/jizzy/ros_ws/install/my_package/lib/python3.12/site-packages/my_package/run_cricle_command.py to run_cricle_command.cpython-312.pyc
[9.795s] running install_data
[9.796s] running install_egg_info
[10.030s] removing '/home/jizzy/ros_ws/install/my_package/lib/python3.12/site-packages/my_package-0.0.0-py3.12.egg-info' (and everything under it)
[10.039s] Copying ../../build/my_package/my_package.egg-info to /home/jizzy/ros_ws/install/my_package/lib/python3.12/site-packages/my_package-0.0.0-py3.12.egg-info
[10.056s] running install_scripts
[12.074s] Installing my_node script to /home/jizzy/ros_ws/install/my_package/lib/my_package
[12.074s] Installing run_circle_command script to /home/jizzy/ros_ws/install/my_package/lib/my_package
[12.075s] writing list of installed files to '/home/jizzy/ros_ws/build/my_package/install.log'
[12.992s] Invoked command in '/home/jizzy/ros_ws/src/my_package' returned '0': DEBUGINFOD_URLS=https://debuginfod.ubuntu.com PYTHONPATH=/home/jizzy/ros_ws/build/my_package/prefix_override:/usr/lib/python3/dist-packages/colcon_core/task/python/colcon_distutils_commands:/home/jizzy/ros_ws/install/my_package/lib/python3.12/site-packages:${PYTHONPATH} /usr/bin/python3 -W ignore:setup.py install is deprecated setup.py egg_info --egg-base ../../build/my_package build --build-base /home/jizzy/ros_ws/build/my_package/build install --record /home/jizzy/ros_ws/build/my_package/install.log --single-version-externally-managed install_data
