[0.814s] Invoking command in '/home/gisbert12843/ros2_ws/build/aruco_marker_detection': PYTHONPATH=/home/gisbert12843/ros2_ws/build/aruco_marker_detection/prefix_override:/usr/lib/python3/dist-packages/colcon_core/task/python/colcon_distutils_commands:/home/gisbert12843/ros2_ws/install/aruco_marker_detection/lib/python3.10/site-packages:${PYTHONPATH} /usr/bin/python3 -W ignore:setup.py install is deprecated setup.py develop --editable --build-directory /home/gisbert12843/ros2_ws/build/aruco_marker_detection/build --no-deps symlink_data
[1.090s] running develop
[1.091s] /usr/lib/python3/dist-packages/setuptools/command/easy_install.py:158: EasyInstallDeprecationWarning: easy_install command is deprecated. Use build and pip and other standards-based tools.
[1.091s]   warnings.warn(
[1.246s] running egg_info
[1.246s] creating aruco_marker_detection.egg-info
[1.246s] writing aruco_marker_detection.egg-info/PKG-INFO
[1.246s] writing dependency_links to aruco_marker_detection.egg-info/dependency_links.txt
[1.246s] writing entry points to aruco_marker_detection.egg-info/entry_points.txt
[1.246s] writing requirements to aruco_marker_detection.egg-info/requires.txt
[1.247s] writing top-level names to aruco_marker_detection.egg-info/top_level.txt
[1.247s] writing manifest file 'aruco_marker_detection.egg-info/SOURCES.txt'
[1.248s] reading manifest file 'aruco_marker_detection.egg-info/SOURCES.txt'
[1.249s] writing manifest file 'aruco_marker_detection.egg-info/SOURCES.txt'
[1.250s] running build_ext
[1.251s] Creating /home/gisbert12843/ros2_ws/install/aruco_marker_detection/lib/python3.10/site-packages/aruco-marker-detection.egg-link (link to .)
[1.251s] Installing aruco_marker_detection_node script to /home/gisbert12843/ros2_ws/install/aruco_marker_detection/lib/aruco_marker_detection
[1.251s] 
[1.252s] Installed /home/gisbert12843/ros2_ws/build/aruco_marker_detection
[1.252s] running symlink_data
[1.252s] creating /home/gisbert12843/ros2_ws/install/aruco_marker_detection/share/ament_index
[1.252s] creating /home/gisbert12843/ros2_ws/install/aruco_marker_detection/share/ament_index/resource_index
[1.252s] creating /home/gisbert12843/ros2_ws/install/aruco_marker_detection/share/ament_index/resource_index/packages
[1.252s] symbolically linking /home/gisbert12843/ros2_ws/build/aruco_marker_detection/resource/aruco_marker_detection -> /home/gisbert12843/ros2_ws/install/aruco_marker_detection/share/ament_index/resource_index/packages
[1.252s] symbolically linking /home/gisbert12843/ros2_ws/build/aruco_marker_detection/package.xml -> /home/gisbert12843/ros2_ws/install/aruco_marker_detection/share/aruco_marker_detection
[1.252s] creating /home/gisbert12843/ros2_ws/install/aruco_marker_detection/share/aruco_marker_detection/launch
[1.253s] symbolically linking /home/gisbert12843/ros2_ws/build/aruco_marker_detection/launch/launch_detection.py -> /home/gisbert12843/ros2_ws/install/aruco_marker_detection/share/aruco_marker_detection/launch
[1.253s] symbolically linking /home/gisbert12843/ros2_ws/build/aruco_marker_detection/launch/launch_full.py -> /home/gisbert12843/ros2_ws/install/aruco_marker_detection/share/aruco_marker_detection/launch
[1.281s] Invoked command in '/home/gisbert12843/ros2_ws/build/aruco_marker_detection' returned '0': PYTHONPATH=/home/gisbert12843/ros2_ws/build/aruco_marker_detection/prefix_override:/usr/lib/python3/dist-packages/colcon_core/task/python/colcon_distutils_commands:/home/gisbert12843/ros2_ws/install/aruco_marker_detection/lib/python3.10/site-packages:${PYTHONPATH} /usr/bin/python3 -W ignore:setup.py install is deprecated setup.py develop --editable --build-directory /home/gisbert12843/ros2_ws/build/aruco_marker_detection/build --no-deps symlink_data
