[6.282s] Invoking command in '/home/jizzy/ros_ws/src/my_package': DEBUGINFOD_URLS=https://debuginfod.ubuntu.com PYTHONPATH=/home/jizzy/ros_ws/build/my_package/prefix_override:/usr/lib/python3/dist-packages/colcon_core/task/python/colcon_distutils_commands:/home/jizzy/ros_ws/install/my_package/lib/python3.12/site-packages:${PYTHONPATH} /usr/bin/python3 -W ignore:setup.py install is deprecated setup.py egg_info --egg-base ../../build/my_package build --build-base /home/jizzy/ros_ws/build/my_package/build install --record /home/jizzy/ros_ws/build/my_package/install.log --single-version-externally-managed install_data
[9.204s] running egg_info
[9.359s] writing ../../build/my_package/my_package.egg-info/PKG-INFO
[9.364s] writing dependency_links to ../../build/my_package/my_package.egg-info/dependency_links.txt
[9.365s] writing entry points to ../../build/my_package/my_package.egg-info/entry_points.txt
[9.367s] writing requirements to ../../build/my_package/my_package.egg-info/requires.txt
[9.368s] writing top-level names to ../../build/my_package/my_package.egg-info/top_level.txt
[9.635s] reading manifest file '../../build/my_package/my_package.egg-info/SOURCES.txt'
[9.639s] adding license file 'LICENSE'
[9.642s] writing manifest file '../../build/my_package/my_package.egg-info/SOURCES.txt'
[9.644s] running build
[9.647s] running build_py
[9.647s] copying my_package/run_cricle_command.py -> /home/jizzy/ros_ws/build/my_package/build/lib/my_package
[9.648s] running install
[9.680s] running install_lib
[9.856s] copying /home/jizzy/ros_ws/build/my_package/build/lib/my_package/run_cricle_command.py -> /home/jizzy/ros_ws/install/my_package/lib/python3.12/site-packages/my_package
[9.870s] byte-compiling /home/jizzy/ros_ws/install/my_package/lib/python3.12/site-packages/my_package/run_cricle_command.py to run_cricle_command.cpython-312.pyc
[9.913s] running install_data
[9.913s] running install_egg_info
[10.208s] removing '/home/jizzy/ros_ws/install/my_package/lib/python3.12/site-packages/my_package-0.0.0-py3.12.egg-info' (and everything under it)
[10.208s] Copying ../../build/my_package/my_package.egg-info to /home/jizzy/ros_ws/install/my_package/lib/python3.12/site-packages/my_package-0.0.0-py3.12.egg-info
[10.295s] running install_scripts
[11.449s] Installing my_node script to /home/jizzy/ros_ws/install/my_package/lib/my_package
[11.453s] Installing run_circle_command script to /home/jizzy/ros_ws/install/my_package/lib/my_package
[11.477s] writing list of installed files to '/home/jizzy/ros_ws/build/my_package/install.log'
[11.906s] Invoked command in '/home/jizzy/ros_ws/src/my_package' returned '0': DEBUGINFOD_URLS=https://debuginfod.ubuntu.com PYTHONPATH=/home/jizzy/ros_ws/build/my_package/prefix_override:/usr/lib/python3/dist-packages/colcon_core/task/python/colcon_distutils_commands:/home/jizzy/ros_ws/install/my_package/lib/python3.12/site-packages:${PYTHONPATH} /usr/bin/python3 -W ignore:setup.py install is deprecated setup.py egg_info --egg-base ../../build/my_package build --build-base /home/jizzy/ros_ws/build/my_package/build install --record /home/jizzy/ros_ws/build/my_package/install.log --single-version-externally-managed install_data
