[1.392s] Invoking command in '/home/jizzy/ros_ws/build/turtlesim': CMAKE_PREFIX_PATH=${CMAKE_PREFIX_PATH}:/home/jizzy/ros_ws/install/my_package:/home/jizzy/ros_ws/install/MyFirstPackage:/opt/ros/jazzy DEBUGINFOD_URLS=https://debuginfod.ubuntu.com /usr/bin/cmake --build /home/jizzy/ros_ws/build/turtlesim -- -j2 -l2
[1.726s] [  0%] Built target turtlesim__rosidl_generator_type_description
[1.880s] [  0%] Built target ament_cmake_python_copy_turtlesim
[2.016s] [  1%] Built target turtlesim__cpp
[2.153s] [ 24%] Built target turtlesim__rosidl_generator_c
[3.451s] running egg_info
[3.584s] writing turtlesim.egg-info/PKG-INFO
[3.589s] writing dependency_links to turtlesim.egg-info/dependency_links.txt
[3.590s] writing top-level names to turtlesim.egg-info/top_level.txt
[3.958s] reading manifest file 'turtlesim.egg-info/SOURCES.txt'
[3.964s] writing manifest file 'turtlesim.egg-info/SOURCES.txt'
[4.133s] [ 24%] Built target ament_cmake_python_build_turtlesim_egg
[4.246s] [ 33%] Built target turtlesim__rosidl_typesupport_cpp
[4.367s] [ 41%] Built target turtlesim__rosidl_typesupport_fastrtps_c
[4.515s] [ 50%] Built target turtlesim__rosidl_typesupport_fastrtps_cpp
[4.658s] [ 59%] Built target turtlesim__rosidl_typesupport_introspection_c
[4.816s] [ 68%] Built target turtlesim__rosidl_typesupport_c
[5.017s] [ 76%] Built target turtlesim__rosidl_typesupport_introspection_cpp
[5.203s] [ 77%] [32mBuilding CXX object CMakeFiles/turtlesim_node.dir/src/turtle_frame.cpp.o[0m
[71.515s] [ 78%] [32m[1mLinking CXX executable turtlesim_node[0m
[83.293s] [ 81%] Built target turtlesim_node
[83.419s] [ 83%] Built target turtle_teleop_key
[83.538s] [ 84%] Built target draw_square
[83.654s] [ 86%] Built target mimic
[83.742s] [ 86%] Built target turtlesim
[83.839s] [ 86%] Built target turtlesim__py
[83.951s] [ 94%] Built target turtlesim__rosidl_generator_py
[84.053s] [ 96%] Built target turtlesim_s__rosidl_typesupport_fastrtps_c
[84.153s] [ 98%] Built target turtlesim_s__rosidl_typesupport_introspection_c
[84.256s] [100%] Built target turtlesim_s__rosidl_typesupport_c
[84.319s] Invoked command in '/home/jizzy/ros_ws/build/turtlesim' returned '0': CMAKE_PREFIX_PATH=${CMAKE_PREFIX_PATH}:/home/jizzy/ros_ws/install/my_package:/home/jizzy/ros_ws/install/MyFirstPackage:/opt/ros/jazzy DEBUGINFOD_URLS=https://debuginfod.ubuntu.com /usr/bin/cmake --build /home/jizzy/ros_ws/build/turtlesim -- -j2 -l2
[85.418s] Invoking command in '/home/jizzy/ros_ws/build/turtlesim': CMAKE_PREFIX_PATH=${CMAKE_PREFIX_PATH}:/home/jizzy/ros_ws/install/my_package:/home/jizzy/ros_ws/install/MyFirstPackage:/opt/ros/jazzy DEBUGINFOD_URLS=https://debuginfod.ubuntu.com /usr/bin/cmake --install /home/jizzy/ros_ws/build/turtlesim
[85.452s] -- Install configuration: ""
[85.453s] -- Up-to-date: /home/jizzy/ros_ws/install/turtlesim/share/ament_index/resource_index/rosidl_interfaces/turtlesim
[85.453s] -- Up-to-date: /home/jizzy/ros_ws/install/turtlesim/share/turtlesim/action/RotateAbsolute.json
[85.454s] -- Up-to-date: /home/jizzy/ros_ws/install/turtlesim/share/turtlesim/msg/Color.json
[85.454s] -- Up-to-date: /home/jizzy/ros_ws/install/turtlesim/share/turtlesim/msg/Pose.json
[85.457s] -- Up-to-date: /home/jizzy/ros_ws/install/turtlesim/share/turtlesim/srv/Kill.json
[85.457s] -- Up-to-date: /home/jizzy/ros_ws/install/turtlesim/share/turtlesim/srv/SetPen.json
[85.458s] -- Up-to-date: /home/jizzy/ros_ws/install/turtlesim/share/turtlesim/srv/Spawn.json
[85.458s] -- Up-to-date: /home/jizzy/ros_ws/install/turtlesim/share/turtlesim/srv/TeleportAbsolute.json
[85.462s] -- Up-to-date: /home/jizzy/ros_ws/install/turtlesim/share/turtlesim/srv/TeleportRelative.json
[85.462s] -- Up-to-date: /home/jizzy/ros_ws/install/turtlesim/include/turtlesim/turtlesim
[85.463s] -- Up-to-date: /home/jizzy/ros_ws/install/turtlesim/include/turtlesim/turtlesim/action
[85.464s] -- Up-to-date: /home/jizzy/ros_ws/install/turtlesim/include/turtlesim/turtlesim/action/detail
[85.466s] -- Up-to-date: /home/jizzy/ros_ws/install/turtlesim/include/turtlesim/turtlesim/action/detail/rotate_absolute__type_support.h
[85.469s] -- Installing: /home/jizzy/ros_ws/install/turtlesim/include/turtlesim/turtlesim/action/detail/rotate_absolute__type_support.c
[85.469s] -- Up-to-date: /home/jizzy/ros_ws/install/turtlesim/include/turtlesim/turtlesim/action/detail/rotate_absolute__description.c
[85.470s] -- Up-to-date: /home/jizzy/ros_ws/install/turtlesim/include/turtlesim/turtlesim/action/detail/rotate_absolute__struct.h
[85.470s] -- Up-to-date: /home/jizzy/ros_ws/install/turtlesim/include/turtlesim/turtlesim/action/detail/rotate_absolute__functions.c
[85.474s] -- Up-to-date: /home/jizzy/ros_ws/install/turtlesim/include/turtlesim/turtlesim/action/detail/rotate_absolute__functions.h
[85.475s] -- Up-to-date: /home/jizzy/ros_ws/install/turtlesim/include/turtlesim/turtlesim/action/rotate_absolute.h
[85.480s] -- Up-to-date: /home/jizzy/ros_ws/install/turtlesim/include/turtlesim/turtlesim/msg
[85.481s] -- Up-to-date: /home/jizzy/ros_ws/install/turtlesim/include/turtlesim/turtlesim/msg/detail
[85.481s] -- Up-to-date: /home/jizzy/ros_ws/install/turtlesim/include/turtlesim/turtlesim/msg/detail/color__functions.c
[85.482s] -- Up-to-date: /home/jizzy/ros_ws/install/turtlesim/include/turtlesim/turtlesim/msg/detail/pose__type_support.h
[85.482s] -- Installing: /home/jizzy/ros_ws/install/turtlesim/include/turtlesim/turtlesim/msg/detail/pose__type_support.c
[85.487s] -- Up-to-date: /home/jizzy/ros_ws/install/turtlesim/include/turtlesim/turtlesim/msg/detail/pose__functions.c
[85.491s] -- Up-to-date: /home/jizzy/ros_ws/install/turtlesim/include/turtlesim/turtlesim/msg/detail/color__type_support.h
[85.494s] -- Up-to-date: /home/jizzy/ros_ws/install/turtlesim/include/turtlesim/turtlesim/msg/detail/color__description.c
[85.494s] -- Installing: /home/jizzy/ros_ws/install/turtlesim/include/turtlesim/turtlesim/msg/detail/color__type_support.c
[85.495s] -- Up-to-date: /home/jizzy/ros_ws/install/turtlesim/include/turtlesim/turtlesim/msg/detail/pose__struct.h
[85.495s] -- Up-to-date: /home/jizzy/ros_ws/install/turtlesim/include/turtlesim/turtlesim/msg/detail/color__functions.h
[85.497s] -- Up-to-date: /home/jizzy/ros_ws/install/turtlesim/include/turtlesim/turtlesim/msg/detail/pose__description.c
[85.498s] -- Up-to-date: /home/jizzy/ros_ws/install/turtlesim/include/turtlesim/turtlesim/msg/detail/color__struct.h
[85.498s] -- Up-to-date: /home/jizzy/ros_ws/install/turtlesim/include/turtlesim/turtlesim/msg/detail/pose__functions.h
[85.499s] -- Up-to-date: /home/jizzy/ros_ws/install/turtlesim/include/turtlesim/turtlesim/msg/color.h
[85.500s] -- Up-to-date: /home/jizzy/ros_ws/install/turtlesim/include/turtlesim/turtlesim/msg/rosidl_generator_c__visibility_control.h
[85.500s] -- Up-to-date: /home/jizzy/ros_ws/install/turtlesim/include/turtlesim/turtlesim/msg/pose.h
[85.508s] -- Up-to-date: /home/jizzy/ros_ws/install/turtlesim/include/turtlesim/turtlesim/srv
[85.511s] -- Up-to-date: /home/jizzy/ros_ws/install/turtlesim/include/turtlesim/turtlesim/srv/teleport_absolute.h
[85.511s] -- Up-to-date: /home/jizzy/ros_ws/install/turtlesim/include/turtlesim/turtlesim/srv/detail
[85.516s] -- Up-to-date: /home/jizzy/ros_ws/install/turtlesim/include/turtlesim/turtlesim/srv/detail/set_pen__type_support.h
[85.517s] -- Up-to-date: /home/jizzy/ros_ws/install/turtlesim/include/turtlesim/turtlesim/srv/detail/kill__functions.c
[85.518s] -- Up-to-date: /home/jizzy/ros_ws/install/turtlesim/include/turtlesim/turtlesim/srv/detail/spawn__functions.h
[85.518s] -- Up-to-date: /home/jizzy/ros_ws/install/turtlesim/include/turtlesim/turtlesim/srv/detail/teleport_absolute__functions.h
[85.518s] -- Up-to-date: /home/jizzy/ros_ws/install/turtlesim/include/turtlesim/turtlesim/srv/detail/kill__struct.h
[85.519s] -- Installing: /home/jizzy/ros_ws/install/turtlesim/include/turtlesim/turtlesim/srv/detail/spawn__type_support.c
[85.519s] -- Up-to-date: /home/jizzy/ros_ws/install/turtlesim/include/turtlesim/turtlesim/srv/detail/teleport_relative__functions.c
[85.520s] -- Up-to-date: /home/jizzy/ros_ws/install/turtlesim/include/turtlesim/turtlesim/srv/detail/spawn__struct.h
[85.520s] -- Installing: /home/jizzy/ros_ws/install/turtlesim/include/turtlesim/turtlesim/srv/detail/teleport_absolute__type_support.c
[85.521s] -- Up-to-date: /home/jizzy/ros_ws/install/turtlesim/include/turtlesim/turtlesim/srv/detail/teleport_relative__description.c
[85.521s] -- Installing: /home/jizzy/ros_ws/install/turtlesim/include/turtlesim/turtlesim/srv/detail/kill__type_support.c
[85.522s] -- Up-to-date: /home/jizzy/ros_ws/install/turtlesim/include/turtlesim/turtlesim/srv/detail/teleport_relative__type_support.h
[85.522s] -- Up-to-date: /home/jizzy/ros_ws/install/turtlesim/include/turtlesim/turtlesim/srv/detail/kill__type_support.h
[85.523s] -- Up-to-date: /home/jizzy/ros_ws/install/turtlesim/include/turtlesim/turtlesim/srv/detail/teleport_absolute__description.c
[85.523s] -- Up-to-date: /home/jizzy/ros_ws/install/turtlesim/include/turtlesim/turtlesim/srv/detail/set_pen__functions.h
[85.524s] -- Up-to-date: /home/jizzy/ros_ws/install/turtlesim/include/turtlesim/turtlesim/srv/detail/spawn__functions.c
[85.524s] -- Up-to-date: /home/jizzy/ros_ws/install/turtlesim/include/turtlesim/turtlesim/srv/detail/set_pen__description.c
[85.525s] -- Up-to-date: /home/jizzy/ros_ws/install/turtlesim/include/turtlesim/turtlesim/srv/detail/spawn__description.c
[85.525s] -- Up-to-date: /home/jizzy/ros_ws/install/turtlesim/include/turtlesim/turtlesim/srv/detail/kill__description.c
[85.526s] -- Up-to-date: /home/jizzy/ros_ws/install/turtlesim/include/turtlesim/turtlesim/srv/detail/teleport_absolute__type_support.h
[85.527s] -- Up-to-date: /home/jizzy/ros_ws/install/turtlesim/include/turtlesim/turtlesim/srv/detail/teleport_relative__functions.h
[85.528s] -- Up-to-date: /home/jizzy/ros_ws/install/turtlesim/include/turtlesim/turtlesim/srv/detail/set_pen__functions.c
[85.528s] -- Up-to-date: /home/jizzy/ros_ws/install/turtlesim/include/turtlesim/turtlesim/srv/detail/teleport_absolute__struct.h
[85.529s] -- Up-to-date: /home/jizzy/ros_ws/install/turtlesim/include/turtlesim/turtlesim/srv/detail/kill__functions.h
[85.529s] -- Installing: /home/jizzy/ros_ws/install/turtlesim/include/turtlesim/turtlesim/srv/detail/set_pen__type_support.c
[85.530s] -- Up-to-date: /home/jizzy/ros_ws/install/turtlesim/include/turtlesim/turtlesim/srv/detail/teleport_relative__struct.h
[85.530s] -- Installing: /home/jizzy/ros_ws/install/turtlesim/include/turtlesim/turtlesim/srv/detail/teleport_relative__type_support.c
[85.531s] -- Up-to-date: /home/jizzy/ros_ws/install/turtlesim/include/turtlesim/turtlesim/srv/detail/spawn__type_support.h
[85.532s] -- Up-to-date: /home/jizzy/ros_ws/install/turtlesim/include/turtlesim/turtlesim/srv/detail/teleport_absolute__functions.c
[85.532s] -- Up-to-date: /home/jizzy/ros_ws/install/turtlesim/include/turtlesim/turtlesim/srv/detail/set_pen__struct.h
[85.533s] -- Up-to-date: /home/jizzy/ros_ws/install/turtlesim/include/turtlesim/turtlesim/srv/set_pen.h
[85.533s] -- Up-to-date: /home/jizzy/ros_ws/install/turtlesim/include/turtlesim/turtlesim/srv/teleport_relative.h
[85.534s] -- Up-to-date: /home/jizzy/ros_ws/install/turtlesim/include/turtlesim/turtlesim/srv/spawn.h
[85.534s] -- Up-to-date: /home/jizzy/ros_ws/install/turtlesim/include/turtlesim/turtlesim/srv/kill.h
[85.535s] -- Up-to-date: /home/jizzy/ros_ws/install/turtlesim/share/turtlesim/environment/library_path.sh
[85.535s] -- Up-to-date: /home/jizzy/ros_ws/install/turtlesim/share/turtlesim/environment/library_path.dsv
[85.536s] -- Up-to-date: /home/jizzy/ros_ws/install/turtlesim/lib/libturtlesim__rosidl_generator_c.so
[85.536s] -- Up-to-date: /home/jizzy/ros_ws/install/turtlesim/include/turtlesim/turtlesim
[85.537s] -- Up-to-date: /home/jizzy/ros_ws/install/turtlesim/include/turtlesim/turtlesim/action
[85.537s] -- Up-to-date: /home/jizzy/ros_ws/install/turtlesim/include/turtlesim/turtlesim/action/detail
[85.538s] -- Up-to-date: /home/jizzy/ros_ws/install/turtlesim/include/turtlesim/turtlesim/action/detail/rotate_absolute__rosidl_typesupport_fastrtps_c.h
[85.538s] -- Up-to-date: /home/jizzy/ros_ws/install/turtlesim/include/turtlesim/turtlesim/msg
[85.538s] -- Up-to-date: /home/jizzy/ros_ws/install/turtlesim/include/turtlesim/turtlesim/msg/detail
[85.539s] -- Up-to-date: /home/jizzy/ros_ws/install/turtlesim/include/turtlesim/turtlesim/msg/detail/pose__rosidl_typesupport_fastrtps_c.h
[85.539s] -- Up-to-date: /home/jizzy/ros_ws/install/turtlesim/include/turtlesim/turtlesim/msg/detail/color__rosidl_typesupport_fastrtps_c.h
[85.540s] -- Up-to-date: /home/jizzy/ros_ws/install/turtlesim/include/turtlesim/turtlesim/msg/rosidl_typesupport_fastrtps_c__visibility_control.h
[85.540s] -- Up-to-date: /home/jizzy/ros_ws/install/turtlesim/include/turtlesim/turtlesim/srv
[85.541s] -- Up-to-date: /home/jizzy/ros_ws/install/turtlesim/include/turtlesim/turtlesim/srv/detail
[85.541s] -- Up-to-date: /home/jizzy/ros_ws/install/turtlesim/include/turtlesim/turtlesim/srv/detail/spawn__rosidl_typesupport_fastrtps_c.h
[85.542s] -- Up-to-date: /home/jizzy/ros_ws/install/turtlesim/include/turtlesim/turtlesim/srv/detail/kill__rosidl_typesupport_fastrtps_c.h
[85.542s] -- Up-to-date: /home/jizzy/ros_ws/install/turtlesim/include/turtlesim/turtlesim/srv/detail/teleport_absolute__rosidl_typesupport_fastrtps_c.h
[85.543s] -- Up-to-date: /home/jizzy/ros_ws/install/turtlesim/include/turtlesim/turtlesim/srv/detail/teleport_relative__rosidl_typesupport_fastrtps_c.h
[85.543s] -- Up-to-date: /home/jizzy/ros_ws/install/turtlesim/include/turtlesim/turtlesim/srv/detail/set_pen__rosidl_typesupport_fastrtps_c.h
[85.544s] -- Up-to-date: /home/jizzy/ros_ws/install/turtlesim/lib/libturtlesim__rosidl_typesupport_fastrtps_c.so
[85.544s] -- Up-to-date: /home/jizzy/ros_ws/install/turtlesim/include/turtlesim/turtlesim
[85.545s] -- Up-to-date: /home/jizzy/ros_ws/install/turtlesim/include/turtlesim/turtlesim/action
[85.545s] -- Up-to-date: /home/jizzy/ros_ws/install/turtlesim/include/turtlesim/turtlesim/action/detail
[85.549s] -- Up-to-date: /home/jizzy/ros_ws/install/turtlesim/include/turtlesim/turtlesim/action/detail/rotate_absolute__struct.hpp
[85.549s] -- Up-to-date: /home/jizzy/ros_ws/install/turtlesim/include/turtlesim/turtlesim/action/detail/rotate_absolute__type_support.hpp
[85.550s] -- Up-to-date: /home/jizzy/ros_ws/install/turtlesim/include/turtlesim/turtlesim/action/detail/rotate_absolute__builder.hpp
[85.550s] -- Up-to-date: /home/jizzy/ros_ws/install/turtlesim/include/turtlesim/turtlesim/action/detail/rotate_absolute__traits.hpp
[85.553s] -- Up-to-date: /home/jizzy/ros_ws/install/turtlesim/include/turtlesim/turtlesim/action/rotate_absolute.hpp
[85.553s] -- Up-to-date: /home/jizzy/ros_ws/install/turtlesim/include/turtlesim/turtlesim/msg
[85.555s] -- Up-to-date: /home/jizzy/ros_ws/install/turtlesim/include/turtlesim/turtlesim/msg/detail
[85.556s] -- Up-to-date: /home/jizzy/ros_ws/install/turtlesim/include/turtlesim/turtlesim/msg/detail/color__traits.hpp
[85.556s] -- Up-to-date: /home/jizzy/ros_ws/install/turtlesim/include/turtlesim/turtlesim/msg/detail/color__struct.hpp
[85.557s] -- Up-to-date: /home/jizzy/ros_ws/install/turtlesim/include/turtlesim/turtlesim/msg/detail/color__builder.hpp
[85.557s] -- Up-to-date: /home/jizzy/ros_ws/install/turtlesim/include/turtlesim/turtlesim/msg/detail/color__type_support.hpp
[85.558s] -- Up-to-date: /home/jizzy/ros_ws/install/turtlesim/include/turtlesim/turtlesim/msg/detail/pose__type_support.hpp
[85.558s] -- Up-to-date: /home/jizzy/ros_ws/install/turtlesim/include/turtlesim/turtlesim/msg/detail/pose__traits.hpp
[85.559s] -- Up-to-date: /home/jizzy/ros_ws/install/turtlesim/include/turtlesim/turtlesim/msg/detail/pose__builder.hpp
[85.559s] -- Up-to-date: /home/jizzy/ros_ws/install/turtlesim/include/turtlesim/turtlesim/msg/detail/pose__struct.hpp
[85.560s] -- Up-to-date: /home/jizzy/ros_ws/install/turtlesim/include/turtlesim/turtlesim/msg/rosidl_generator_cpp__visibility_control.hpp
[85.560s] -- Up-to-date: /home/jizzy/ros_ws/install/turtlesim/include/turtlesim/turtlesim/msg/color.hpp
[85.561s] -- Up-to-date: /home/jizzy/ros_ws/install/turtlesim/include/turtlesim/turtlesim/msg/pose.hpp
[85.561s] -- Up-to-date: /home/jizzy/ros_ws/install/turtlesim/include/turtlesim/turtlesim/srv
[85.561s] -- Up-to-date: /home/jizzy/ros_ws/install/turtlesim/include/turtlesim/turtlesim/srv/detail
[85.562s] -- Up-to-date: /home/jizzy/ros_ws/install/turtlesim/include/turtlesim/turtlesim/srv/detail/kill__builder.hpp
[85.563s] -- Up-to-date: /home/jizzy/ros_ws/install/turtlesim/include/turtlesim/turtlesim/srv/detail/teleport_relative__builder.hpp
[85.564s] -- Up-to-date: /home/jizzy/ros_ws/install/turtlesim/include/turtlesim/turtlesim/srv/detail/teleport_absolute__struct.hpp
[85.564s] -- Up-to-date: /home/jizzy/ros_ws/install/turtlesim/include/turtlesim/turtlesim/srv/detail/teleport_absolute__type_support.hpp
[85.564s] -- Up-to-date: /home/jizzy/ros_ws/install/turtlesim/include/turtlesim/turtlesim/srv/detail/spawn__struct.hpp
[85.565s] -- Up-to-date: /home/jizzy/ros_ws/install/turtlesim/include/turtlesim/turtlesim/srv/detail/kill__struct.hpp
[85.565s] -- Up-to-date: /home/jizzy/ros_ws/install/turtlesim/include/turtlesim/turtlesim/srv/detail/set_pen__type_support.hpp
[85.566s] -- Up-to-date: /home/jizzy/ros_ws/install/turtlesim/include/turtlesim/turtlesim/srv/detail/kill__traits.hpp
[85.566s] -- Up-to-date: /home/jizzy/ros_ws/install/turtlesim/include/turtlesim/turtlesim/srv/detail/teleport_absolute__traits.hpp
[85.567s] -- Up-to-date: /home/jizzy/ros_ws/install/turtlesim/include/turtlesim/turtlesim/srv/detail/spawn__traits.hpp
[85.567s] -- Up-to-date: /home/jizzy/ros_ws/install/turtlesim/include/turtlesim/turtlesim/srv/detail/teleport_relative__struct.hpp
[85.570s] -- Up-to-date: /home/jizzy/ros_ws/install/turtlesim/include/turtlesim/turtlesim/srv/detail/set_pen__traits.hpp
[85.570s] -- Up-to-date: /home/jizzy/ros_ws/install/turtlesim/include/turtlesim/turtlesim/srv/detail/kill__type_support.hpp
[85.571s] -- Up-to-date: /home/jizzy/ros_ws/install/turtlesim/include/turtlesim/turtlesim/srv/detail/teleport_relative__traits.hpp
[85.571s] -- Up-to-date: /home/jizzy/ros_ws/install/turtlesim/include/turtlesim/turtlesim/srv/detail/set_pen__struct.hpp
[85.573s] -- Up-to-date: /home/jizzy/ros_ws/install/turtlesim/include/turtlesim/turtlesim/srv/detail/teleport_absolute__builder.hpp
[85.573s] -- Up-to-date: /home/jizzy/ros_ws/install/turtlesim/include/turtlesim/turtlesim/srv/detail/spawn__type_support.hpp
[85.574s] -- Up-to-date: /home/jizzy/ros_ws/install/turtlesim/include/turtlesim/turtlesim/srv/detail/teleport_relative__type_support.hpp
[85.574s] -- Up-to-date: /home/jizzy/ros_ws/install/turtlesim/include/turtlesim/turtlesim/srv/detail/spawn__builder.hpp
[85.578s] -- Up-to-date: /home/jizzy/ros_ws/install/turtlesim/include/turtlesim/turtlesim/srv/detail/set_pen__builder.hpp
[85.579s] -- Up-to-date: /home/jizzy/ros_ws/install/turtlesim/include/turtlesim/turtlesim/srv/spawn.hpp
[85.584s] -- Up-to-date: /home/jizzy/ros_ws/install/turtlesim/include/turtlesim/turtlesim/srv/teleport_relative.hpp
[85.584s] -- Up-to-date: /home/jizzy/ros_ws/install/turtlesim/include/turtlesim/turtlesim/srv/teleport_absolute.hpp
[85.585s] -- Up-to-date: /home/jizzy/ros_ws/install/turtlesim/include/turtlesim/turtlesim/srv/kill.hpp
[85.585s] -- Up-to-date: /home/jizzy/ros_ws/install/turtlesim/include/turtlesim/turtlesim/srv/set_pen.hpp
[85.588s] -- Up-to-date: /home/jizzy/ros_ws/install/turtlesim/include/turtlesim/turtlesim
[85.589s] -- Up-to-date: /home/jizzy/ros_ws/install/turtlesim/include/turtlesim/turtlesim/action
[85.589s] -- Up-to-date: /home/jizzy/ros_ws/install/turtlesim/include/turtlesim/turtlesim/action/detail
[85.592s] -- Up-to-date: /home/jizzy/ros_ws/install/turtlesim/include/turtlesim/turtlesim/action/detail/rotate_absolute__rosidl_typesupport_fastrtps_cpp.hpp
[85.592s] -- Up-to-date: /home/jizzy/ros_ws/install/turtlesim/include/turtlesim/turtlesim/action/detail/dds_fastrtps
[85.593s] -- Up-to-date: /home/jizzy/ros_ws/install/turtlesim/include/turtlesim/turtlesim/msg
[85.593s] -- Up-to-date: /home/jizzy/ros_ws/install/turtlesim/include/turtlesim/turtlesim/msg/detail
[85.596s] -- Up-to-date: /home/jizzy/ros_ws/install/turtlesim/include/turtlesim/turtlesim/msg/detail/pose__rosidl_typesupport_fastrtps_cpp.hpp
[85.597s] -- Up-to-date: /home/jizzy/ros_ws/install/turtlesim/include/turtlesim/turtlesim/msg/detail/dds_fastrtps
[85.597s] -- Up-to-date: /home/jizzy/ros_ws/install/turtlesim/include/turtlesim/turtlesim/msg/detail/color__rosidl_typesupport_fastrtps_cpp.hpp
[85.601s] -- Up-to-date: /home/jizzy/ros_ws/install/turtlesim/include/turtlesim/turtlesim/msg/rosidl_typesupport_fastrtps_cpp__visibility_control.h
[85.602s] -- Up-to-date: /home/jizzy/ros_ws/install/turtlesim/include/turtlesim/turtlesim/srv
[85.602s] -- Up-to-date: /home/jizzy/ros_ws/install/turtlesim/include/turtlesim/turtlesim/srv/detail
[85.608s] -- Up-to-date: /home/jizzy/ros_ws/install/turtlesim/include/turtlesim/turtlesim/srv/detail/kill__rosidl_typesupport_fastrtps_cpp.hpp
[85.609s] -- Up-to-date: /home/jizzy/ros_ws/install/turtlesim/include/turtlesim/turtlesim/srv/detail/spawn__rosidl_typesupport_fastrtps_cpp.hpp
[85.609s] -- Up-to-date: /home/jizzy/ros_ws/install/turtlesim/include/turtlesim/turtlesim/srv/detail/set_pen__rosidl_typesupport_fastrtps_cpp.hpp
[85.614s] -- Up-to-date: /home/jizzy/ros_ws/install/turtlesim/include/turtlesim/turtlesim/srv/detail/teleport_absolute__rosidl_typesupport_fastrtps_cpp.hpp
[85.615s] -- Up-to-date: /home/jizzy/ros_ws/install/turtlesim/include/turtlesim/turtlesim/srv/detail/dds_fastrtps
[85.617s] -- Up-to-date: /home/jizzy/ros_ws/install/turtlesim/include/turtlesim/turtlesim/srv/detail/teleport_relative__rosidl_typesupport_fastrtps_cpp.hpp
[85.617s] -- Up-to-date: /home/jizzy/ros_ws/install/turtlesim/lib/libturtlesim__rosidl_typesupport_fastrtps_cpp.so
[85.618s] -- Up-to-date: /home/jizzy/ros_ws/install/turtlesim/include/turtlesim/turtlesim
[85.618s] -- Up-to-date: /home/jizzy/ros_ws/install/turtlesim/include/turtlesim/turtlesim/action
[85.619s] -- Up-to-date: /home/jizzy/ros_ws/install/turtlesim/include/turtlesim/turtlesim/action/detail
[85.619s] -- Installing: /home/jizzy/ros_ws/install/turtlesim/include/turtlesim/turtlesim/action/detail/rotate_absolute__type_support.c
[85.620s] -- Up-to-date: /home/jizzy/ros_ws/install/turtlesim/include/turtlesim/turtlesim/action/detail/rotate_absolute__rosidl_typesupport_introspection_c.h
[85.620s] -- Up-to-date: /home/jizzy/ros_ws/install/turtlesim/include/turtlesim/turtlesim/msg
[85.621s] -- Up-to-date: /home/jizzy/ros_ws/install/turtlesim/include/turtlesim/turtlesim/msg/detail
[85.621s] -- Up-to-date: /home/jizzy/ros_ws/install/turtlesim/include/turtlesim/turtlesim/msg/detail/color__rosidl_typesupport_introspection_c.h
[85.622s] -- Installing: /home/jizzy/ros_ws/install/turtlesim/include/turtlesim/turtlesim/msg/detail/pose__type_support.c
[85.622s] -- Installing: /home/jizzy/ros_ws/install/turtlesim/include/turtlesim/turtlesim/msg/detail/color__type_support.c
[85.622s] -- Up-to-date: /home/jizzy/ros_ws/install/turtlesim/include/turtlesim/turtlesim/msg/detail/pose__rosidl_typesupport_introspection_c.h
[85.623s] -- Up-to-date: /home/jizzy/ros_ws/install/turtlesim/include/turtlesim/turtlesim/msg/rosidl_typesupport_introspection_c__visibility_control.h
[85.623s] -- Up-to-date: /home/jizzy/ros_ws/install/turtlesim/include/turtlesim/turtlesim/srv
[85.624s] -- Up-to-date: /home/jizzy/ros_ws/install/turtlesim/include/turtlesim/turtlesim/srv/detail
[85.624s] -- Installing: /home/jizzy/ros_ws/install/turtlesim/include/turtlesim/turtlesim/srv/detail/spawn__type_support.c
[85.625s] -- Up-to-date: /home/jizzy/ros_ws/install/turtlesim/include/turtlesim/turtlesim/srv/detail/teleport_relative__rosidl_typesupport_introspection_c.h
[85.625s] -- Installing: /home/jizzy/ros_ws/install/turtlesim/include/turtlesim/turtlesim/srv/detail/teleport_absolute__type_support.c
[85.625s] -- Installing: /home/jizzy/ros_ws/install/turtlesim/include/turtlesim/turtlesim/srv/detail/kill__type_support.c
[85.626s] -- Up-to-date: /home/jizzy/ros_ws/install/turtlesim/include/turtlesim/turtlesim/srv/detail/spawn__rosidl_typesupport_introspection_c.h
[85.626s] -- Up-to-date: /home/jizzy/ros_ws/install/turtlesim/include/turtlesim/turtlesim/srv/detail/teleport_absolute__rosidl_typesupport_introspection_c.h
[85.627s] -- Installing: /home/jizzy/ros_ws/install/turtlesim/include/turtlesim/turtlesim/srv/detail/set_pen__type_support.c
[85.628s] -- Up-to-date: /home/jizzy/ros_ws/install/turtlesim/include/turtlesim/turtlesim/srv/detail/kill__rosidl_typesupport_introspection_c.h
[85.628s] -- Installing: /home/jizzy/ros_ws/install/turtlesim/include/turtlesim/turtlesim/srv/detail/teleport_relative__type_support.c
[85.629s] -- Up-to-date: /home/jizzy/ros_ws/install/turtlesim/include/turtlesim/turtlesim/srv/detail/set_pen__rosidl_typesupport_introspection_c.h
[85.629s] -- Up-to-date: /home/jizzy/ros_ws/install/turtlesim/lib/libturtlesim__rosidl_typesupport_introspection_c.so
[85.630s] -- Up-to-date: /home/jizzy/ros_ws/install/turtlesim/lib/libturtlesim__rosidl_typesupport_c.so
[85.630s] -- Up-to-date: /home/jizzy/ros_ws/install/turtlesim/include/turtlesim/turtlesim
[85.631s] -- Up-to-date: /home/jizzy/ros_ws/install/turtlesim/include/turtlesim/turtlesim/action
[85.631s] -- Up-to-date: /home/jizzy/ros_ws/install/turtlesim/include/turtlesim/turtlesim/action/detail
[85.631s] -- Up-to-date: /home/jizzy/ros_ws/install/turtlesim/include/turtlesim/turtlesim/action/detail/rotate_absolute__type_support.cpp
[85.632s] -- Up-to-date: /home/jizzy/ros_ws/install/turtlesim/include/turtlesim/turtlesim/action/detail/rotate_absolute__rosidl_typesupport_introspection_cpp.hpp
[85.632s] -- Up-to-date: /home/jizzy/ros_ws/install/turtlesim/include/turtlesim/turtlesim/msg
[85.633s] -- Up-to-date: /home/jizzy/ros_ws/install/turtlesim/include/turtlesim/turtlesim/msg/detail
[85.633s] -- Up-to-date: /home/jizzy/ros_ws/install/turtlesim/include/turtlesim/turtlesim/msg/detail/pose__rosidl_typesupport_introspection_cpp.hpp
[85.634s] -- Up-to-date: /home/jizzy/ros_ws/install/turtlesim/include/turtlesim/turtlesim/msg/detail/pose__type_support.cpp
[85.634s] -- Up-to-date: /home/jizzy/ros_ws/install/turtlesim/include/turtlesim/turtlesim/msg/detail/color__type_support.cpp
[85.635s] -- Up-to-date: /home/jizzy/ros_ws/install/turtlesim/include/turtlesim/turtlesim/msg/detail/color__rosidl_typesupport_introspection_cpp.hpp
[85.635s] -- Up-to-date: /home/jizzy/ros_ws/install/turtlesim/include/turtlesim/turtlesim/srv
[85.635s] -- Up-to-date: /home/jizzy/ros_ws/install/turtlesim/include/turtlesim/turtlesim/srv/detail
[85.636s] -- Up-to-date: /home/jizzy/ros_ws/install/turtlesim/include/turtlesim/turtlesim/srv/detail/kill__rosidl_typesupport_introspection_cpp.hpp
[85.636s] -- Up-to-date: /home/jizzy/ros_ws/install/turtlesim/include/turtlesim/turtlesim/srv/detail/spawn__rosidl_typesupport_introspection_cpp.hpp
[85.637s] -- Up-to-date: /home/jizzy/ros_ws/install/turtlesim/include/turtlesim/turtlesim/srv/detail/teleport_relative__type_support.cpp
[85.637s] -- Up-to-date: /home/jizzy/ros_ws/install/turtlesim/include/turtlesim/turtlesim/srv/detail/set_pen__rosidl_typesupport_introspection_cpp.hpp
[85.638s] -- Up-to-date: /home/jizzy/ros_ws/install/turtlesim/include/turtlesim/turtlesim/srv/detail/teleport_relative__rosidl_typesupport_introspection_cpp.hpp
[85.638s] -- Up-to-date: /home/jizzy/ros_ws/install/turtlesim/include/turtlesim/turtlesim/srv/detail/spawn__type_support.cpp
[85.638s] -- Up-to-date: /home/jizzy/ros_ws/install/turtlesim/include/turtlesim/turtlesim/srv/detail/set_pen__type_support.cpp
[85.639s] -- Up-to-date: /home/jizzy/ros_ws/install/turtlesim/include/turtlesim/turtlesim/srv/detail/teleport_absolute__type_support.cpp
[85.639s] -- Up-to-date: /home/jizzy/ros_ws/install/turtlesim/include/turtlesim/turtlesim/srv/detail/kill__type_support.cpp
[85.640s] -- Up-to-date: /home/jizzy/ros_ws/install/turtlesim/include/turtlesim/turtlesim/srv/detail/teleport_absolute__rosidl_typesupport_introspection_cpp.hpp
[85.640s] -- Up-to-date: /home/jizzy/ros_ws/install/turtlesim/lib/libturtlesim__rosidl_typesupport_introspection_cpp.so
[85.641s] -- Up-to-date: /home/jizzy/ros_ws/install/turtlesim/lib/libturtlesim__rosidl_typesupport_cpp.so
[85.641s] -- Up-to-date: /home/jizzy/ros_ws/install/turtlesim/share/turtlesim/environment/pythonpath.sh
[85.642s] -- Up-to-date: /home/jizzy/ros_ws/install/turtlesim/share/turtlesim/environment/pythonpath.dsv
[85.642s] -- Up-to-date: /home/jizzy/ros_ws/install/turtlesim/lib/python3.12/site-packages/turtlesim-1.8.3-py3.12.egg-info
[85.642s] -- Installing: /home/jizzy/ros_ws/install/turtlesim/lib/python3.12/site-packages/turtlesim-1.8.3-py3.12.egg-info/top_level.txt
[85.643s] -- Installing: /home/jizzy/ros_ws/install/turtlesim/lib/python3.12/site-packages/turtlesim-1.8.3-py3.12.egg-info/PKG-INFO
[85.643s] -- Installing: /home/jizzy/ros_ws/install/turtlesim/lib/python3.12/site-packages/turtlesim-1.8.3-py3.12.egg-info/SOURCES.txt
[85.644s] -- Installing: /home/jizzy/ros_ws/install/turtlesim/lib/python3.12/site-packages/turtlesim-1.8.3-py3.12.egg-info/dependency_links.txt
[85.644s] -- Up-to-date: /home/jizzy/ros_ws/install/turtlesim/lib/python3.12/site-packages/turtlesim
[85.645s] -- Up-to-date: /home/jizzy/ros_ws/install/turtlesim/lib/python3.12/site-packages/turtlesim/_turtlesim_s.ep.rosidl_typesupport_introspection_c.c
[85.645s] -- Up-to-date: /home/jizzy/ros_ws/install/turtlesim/lib/python3.12/site-packages/turtlesim/action
[85.645s] -- Up-to-date: /home/jizzy/ros_ws/install/turtlesim/lib/python3.12/site-packages/turtlesim/action/__init__.py
[85.646s] -- Up-to-date: /home/jizzy/ros_ws/install/turtlesim/lib/python3.12/site-packages/turtlesim/action/_rotate_absolute.py
[85.646s] -- Up-to-date: /home/jizzy/ros_ws/install/turtlesim/lib/python3.12/site-packages/turtlesim/action/_rotate_absolute_s.c
[85.647s] -- Up-to-date: /home/jizzy/ros_ws/install/turtlesim/lib/python3.12/site-packages/turtlesim/msg
[85.647s] -- Up-to-date: /home/jizzy/ros_ws/install/turtlesim/lib/python3.12/site-packages/turtlesim/msg/_pose.py
[85.648s] -- Up-to-date: /home/jizzy/ros_ws/install/turtlesim/lib/python3.12/site-packages/turtlesim/msg/__init__.py
[85.648s] -- Up-to-date: /home/jizzy/ros_ws/install/turtlesim/lib/python3.12/site-packages/turtlesim/msg/_pose_s.c
[85.648s] -- Up-to-date: /home/jizzy/ros_ws/install/turtlesim/lib/python3.12/site-packages/turtlesim/msg/_color_s.c
[85.649s] -- Up-to-date: /home/jizzy/ros_ws/install/turtlesim/lib/python3.12/site-packages/turtlesim/msg/_color.py
[85.649s] -- Up-to-date: /home/jizzy/ros_ws/install/turtlesim/lib/python3.12/site-packages/turtlesim/_turtlesim_s.ep.rosidl_typesupport_fastrtps_c.c
[85.650s] -- Up-to-date: /home/jizzy/ros_ws/install/turtlesim/lib/python3.12/site-packages/turtlesim/turtlesim_s__rosidl_typesupport_fastrtps_c.so
[85.650s] -- Up-to-date: /home/jizzy/ros_ws/install/turtlesim/lib/python3.12/site-packages/turtlesim/__init__.py
[85.651s] -- Up-to-date: /home/jizzy/ros_ws/install/turtlesim/lib/python3.12/site-packages/turtlesim/srv
[85.651s] -- Up-to-date: /home/jizzy/ros_ws/install/turtlesim/lib/python3.12/site-packages/turtlesim/srv/_teleport_relative.py
[85.651s] -- Up-to-date: /home/jizzy/ros_ws/install/turtlesim/lib/python3.12/site-packages/turtlesim/srv/_kill_s.c
[85.652s] -- Up-to-date: /home/jizzy/ros_ws/install/turtlesim/lib/python3.12/site-packages/turtlesim/srv/_set_pen_s.c
[85.652s] -- Up-to-date: /home/jizzy/ros_ws/install/turtlesim/lib/python3.12/site-packages/turtlesim/srv/_set_pen.py
[85.653s] -- Up-to-date: /home/jizzy/ros_ws/install/turtlesim/lib/python3.12/site-packages/turtlesim/srv/__init__.py
[85.653s] -- Up-to-date: /home/jizzy/ros_ws/install/turtlesim/lib/python3.12/site-packages/turtlesim/srv/_teleport_absolute.py
[85.654s] -- Up-to-date: /home/jizzy/ros_ws/install/turtlesim/lib/python3.12/site-packages/turtlesim/srv/_teleport_absolute_s.c
[85.654s] -- Up-to-date: /home/jizzy/ros_ws/install/turtlesim/lib/python3.12/site-packages/turtlesim/srv/_spawn.py
[85.654s] -- Up-to-date: /home/jizzy/ros_ws/install/turtlesim/lib/python3.12/site-packages/turtlesim/srv/_kill.py
[85.655s] -- Up-to-date: /home/jizzy/ros_ws/install/turtlesim/lib/python3.12/site-packages/turtlesim/srv/_spawn_s.c
[85.655s] -- Up-to-date: /home/jizzy/ros_ws/install/turtlesim/lib/python3.12/site-packages/turtlesim/srv/_teleport_relative_s.c
[85.656s] -- Up-to-date: /home/jizzy/ros_ws/install/turtlesim/lib/python3.12/site-packages/turtlesim/turtlesim_s__rosidl_typesupport_introspection_c.so
[85.656s] -- Up-to-date: /home/jizzy/ros_ws/install/turtlesim/lib/python3.12/site-packages/turtlesim/_turtlesim_s.ep.rosidl_typesupport_c.c
[85.657s] -- Up-to-date: /home/jizzy/ros_ws/install/turtlesim/lib/python3.12/site-packages/turtlesim/turtlesim_s__rosidl_typesupport_c.so
[85.795s] Listing '/home/jizzy/ros_ws/install/turtlesim/lib/python3.12/site-packages/turtlesim'...
[85.795s] Listing '/home/jizzy/ros_ws/install/turtlesim/lib/python3.12/site-packages/turtlesim/action'...
[85.796s] Listing '/home/jizzy/ros_ws/install/turtlesim/lib/python3.12/site-packages/turtlesim/msg'...
[85.796s] Listing '/home/jizzy/ros_ws/install/turtlesim/lib/python3.12/site-packages/turtlesim/srv'...
[85.829s] -- Up-to-date: /home/jizzy/ros_ws/install/turtlesim/lib/python3.12/site-packages/turtlesim/turtlesim_s__rosidl_typesupport_fastrtps_c.so
[85.833s] -- Up-to-date: /home/jizzy/ros_ws/install/turtlesim/lib/python3.12/site-packages/turtlesim/turtlesim_s__rosidl_typesupport_introspection_c.so
[85.837s] -- Up-to-date: /home/jizzy/ros_ws/install/turtlesim/lib/python3.12/site-packages/turtlesim/turtlesim_s__rosidl_typesupport_c.so
[85.837s] -- Up-to-date: /home/jizzy/ros_ws/install/turtlesim/lib/libturtlesim__rosidl_generator_py.so
[85.838s] -- Up-to-date: /home/jizzy/ros_ws/install/turtlesim/share/turtlesim/action/RotateAbsolute.idl
[85.841s] -- Up-to-date: /home/jizzy/ros_ws/install/turtlesim/share/turtlesim/msg/Color.idl
[85.841s] -- Up-to-date: /home/jizzy/ros_ws/install/turtlesim/share/turtlesim/msg/Pose.idl
[85.842s] -- Up-to-date: /home/jizzy/ros_ws/install/turtlesim/share/turtlesim/srv/Kill.idl
[85.843s] -- Up-to-date: /home/jizzy/ros_ws/install/turtlesim/share/turtlesim/srv/SetPen.idl
[85.843s] -- Up-to-date: /home/jizzy/ros_ws/install/turtlesim/share/turtlesim/srv/Spawn.idl
[85.843s] -- Up-to-date: /home/jizzy/ros_ws/install/turtlesim/share/turtlesim/srv/TeleportAbsolute.idl
[85.844s] -- Up-to-date: /home/jizzy/ros_ws/install/turtlesim/share/turtlesim/srv/TeleportRelative.idl
[85.844s] -- Up-to-date: /home/jizzy/ros_ws/install/turtlesim/share/turtlesim/action/RotateAbsolute.action
[85.849s] -- Up-to-date: /home/jizzy/ros_ws/install/turtlesim/share/turtlesim/msg/Color.msg
[85.850s] -- Up-to-date: /home/jizzy/ros_ws/install/turtlesim/share/turtlesim/msg/Pose.msg
[85.850s] -- Up-to-date: /home/jizzy/ros_ws/install/turtlesim/share/turtlesim/srv/Kill.srv
[85.851s] -- Up-to-date: /home/jizzy/ros_ws/install/turtlesim/share/turtlesim/srv/SetPen.srv
[85.852s] -- Up-to-date: /home/jizzy/ros_ws/install/turtlesim/share/turtlesim/srv/Spawn.srv
[85.852s] -- Up-to-date: /home/jizzy/ros_ws/install/turtlesim/share/turtlesim/srv/TeleportAbsolute.srv
[85.853s] -- Up-to-date: /home/jizzy/ros_ws/install/turtlesim/share/turtlesim/srv/TeleportRelative.srv
[85.853s] -- Installing: /home/jizzy/ros_ws/install/turtlesim/lib/turtlesim/turtlesim_node
[85.917s] -- Set non-toolchain portion of runtime path of "/home/jizzy/ros_ws/install/turtlesim/lib/turtlesim/turtlesim_node" to ""
[85.919s] -- Up-to-date: /home/jizzy/ros_ws/install/turtlesim/lib/turtlesim/turtle_teleop_key
[85.921s] -- Up-to-date: /home/jizzy/ros_ws/install/turtlesim/lib/turtlesim/draw_square
[85.922s] -- Up-to-date: /home/jizzy/ros_ws/install/turtlesim/lib/turtlesim/mimic
[85.923s] -- Up-to-date: /home/jizzy/ros_ws/install/turtlesim/share/turtlesim/images
[85.925s] -- Up-to-date: /home/jizzy/ros_ws/install/turtlesim/share/turtlesim/images/dashing.png
[85.925s] -- Up-to-date: /home/jizzy/ros_ws/install/turtlesim/share/turtlesim/images/crystal.png
[85.926s] -- Up-to-date: /home/jizzy/ros_ws/install/turtlesim/share/turtlesim/images/iron.png
[85.929s] -- Up-to-date: /home/jizzy/ros_ws/install/turtlesim/share/turtlesim/images/eloquent.png
[85.930s] -- Up-to-date: /home/jizzy/ros_ws/install/turtlesim/share/turtlesim/images/jazzy.png
[85.930s] -- Up-to-date: /home/jizzy/ros_ws/install/turtlesim/share/turtlesim/images/galactic.png
[85.932s] -- Up-to-date: /home/jizzy/ros_ws/install/turtlesim/share/turtlesim/images/foxy.png
[85.932s] -- Up-to-date: /home/jizzy/ros_ws/install/turtlesim/share/turtlesim/images/bouncy.png
[85.933s] -- Up-to-date: /home/jizzy/ros_ws/install/turtlesim/share/turtlesim/images/rolling.png
[85.936s] -- Up-to-date: /home/jizzy/ros_ws/install/turtlesim/share/turtlesim/images/humble.png
[85.936s] -- Up-to-date: /home/jizzy/ros_ws/install/turtlesim/share/turtlesim/images/ardent.png
[85.937s] -- Up-to-date: /home/jizzy/ros_ws/install/turtlesim/share/turtlesim/launch
[85.937s] -- Up-to-date: /home/jizzy/ros_ws/install/turtlesim/share/turtlesim/launch/multisim.launch.py
[85.940s] -- Up-to-date: /home/jizzy/ros_ws/install/turtlesim/share/ament_index/resource_index/package_run_dependencies/turtlesim
[85.941s] -- Up-to-date: /home/jizzy/ros_ws/install/turtlesim/share/ament_index/resource_index/parent_prefix_path/turtlesim
[85.941s] -- Up-to-date: /home/jizzy/ros_ws/install/turtlesim/share/turtlesim/environment/ament_prefix_path.sh
[85.945s] -- Up-to-date: /home/jizzy/ros_ws/install/turtlesim/share/turtlesim/environment/ament_prefix_path.dsv
[85.945s] -- Up-to-date: /home/jizzy/ros_ws/install/turtlesim/share/turtlesim/environment/path.sh
[85.945s] -- Up-to-date: /home/jizzy/ros_ws/install/turtlesim/share/turtlesim/environment/path.dsv
[85.946s] -- Up-to-date: /home/jizzy/ros_ws/install/turtlesim/share/turtlesim/local_setup.bash
[85.946s] -- Up-to-date: /home/jizzy/ros_ws/install/turtlesim/share/turtlesim/local_setup.sh
[85.950s] -- Up-to-date: /home/jizzy/ros_ws/install/turtlesim/share/turtlesim/local_setup.zsh
[85.950s] -- Up-to-date: /home/jizzy/ros_ws/install/turtlesim/share/turtlesim/local_setup.dsv
[85.951s] -- Installing: /home/jizzy/ros_ws/install/turtlesim/share/turtlesim/package.dsv
[85.951s] -- Up-to-date: /home/jizzy/ros_ws/install/turtlesim/share/ament_index/resource_index/packages/turtlesim
[85.956s] -- Up-to-date: /home/jizzy/ros_ws/install/turtlesim/share/turtlesim/cmake/export_turtlesim__rosidl_generator_cExport.cmake
[85.957s] -- Up-to-date: /home/jizzy/ros_ws/install/turtlesim/share/turtlesim/cmake/export_turtlesim__rosidl_generator_cExport-noconfig.cmake
[85.957s] -- Up-to-date: /home/jizzy/ros_ws/install/turtlesim/share/turtlesim/cmake/export_turtlesim__rosidl_typesupport_fastrtps_cExport.cmake
[85.960s] -- Up-to-date: /home/jizzy/ros_ws/install/turtlesim/share/turtlesim/cmake/export_turtlesim__rosidl_typesupport_fastrtps_cExport-noconfig.cmake
[85.961s] -- Up-to-date: /home/jizzy/ros_ws/install/turtlesim/share/turtlesim/cmake/export_turtlesim__rosidl_generator_cppExport.cmake
[85.961s] -- Up-to-date: /home/jizzy/ros_ws/install/turtlesim/share/turtlesim/cmake/export_turtlesim__rosidl_typesupport_fastrtps_cppExport.cmake
[85.963s] -- Up-to-date: /home/jizzy/ros_ws/install/turtlesim/share/turtlesim/cmake/export_turtlesim__rosidl_typesupport_fastrtps_cppExport-noconfig.cmake
[85.963s] -- Up-to-date: /home/jizzy/ros_ws/install/turtlesim/share/turtlesim/cmake/turtlesim__rosidl_typesupport_introspection_cExport.cmake
[85.964s] -- Up-to-date: /home/jizzy/ros_ws/install/turtlesim/share/turtlesim/cmake/turtlesim__rosidl_typesupport_introspection_cExport-noconfig.cmake
[85.964s] -- Up-to-date: /home/jizzy/ros_ws/install/turtlesim/share/turtlesim/cmake/turtlesim__rosidl_typesupport_cExport.cmake
[85.966s] -- Up-to-date: /home/jizzy/ros_ws/install/turtlesim/share/turtlesim/cmake/turtlesim__rosidl_typesupport_cExport-noconfig.cmake
[85.967s] -- Up-to-date: /home/jizzy/ros_ws/install/turtlesim/share/turtlesim/cmake/turtlesim__rosidl_typesupport_introspection_cppExport.cmake
[85.967s] -- Up-to-date: /home/jizzy/ros_ws/install/turtlesim/share/turtlesim/cmake/turtlesim__rosidl_typesupport_introspection_cppExport-noconfig.cmake
[85.971s] -- Up-to-date: /home/jizzy/ros_ws/install/turtlesim/share/turtlesim/cmake/turtlesim__rosidl_typesupport_cppExport.cmake
[85.971s] -- Up-to-date: /home/jizzy/ros_ws/install/turtlesim/share/turtlesim/cmake/turtlesim__rosidl_typesupport_cppExport-noconfig.cmake
[85.972s] -- Up-to-date: /home/jizzy/ros_ws/install/turtlesim/share/turtlesim/cmake/export_turtlesim__rosidl_generator_pyExport.cmake
[85.972s] -- Up-to-date: /home/jizzy/ros_ws/install/turtlesim/share/turtlesim/cmake/export_turtlesim__rosidl_generator_pyExport-noconfig.cmake
[85.975s] -- Up-to-date: /home/jizzy/ros_ws/install/turtlesim/share/turtlesim/cmake/rosidl_cmake-extras.cmake
[85.975s] -- Up-to-date: /home/jizzy/ros_ws/install/turtlesim/share/turtlesim/cmake/ament_cmake_export_dependencies-extras.cmake
[85.976s] -- Up-to-date: /home/jizzy/ros_ws/install/turtlesim/share/turtlesim/cmake/ament_cmake_export_include_directories-extras.cmake
[85.976s] -- Up-to-date: /home/jizzy/ros_ws/install/turtlesim/share/turtlesim/cmake/ament_cmake_export_libraries-extras.cmake
[85.979s] -- Up-to-date: /home/jizzy/ros_ws/install/turtlesim/share/turtlesim/cmake/ament_cmake_export_targets-extras.cmake
[85.979s] -- Up-to-date: /home/jizzy/ros_ws/install/turtlesim/share/turtlesim/cmake/rosidl_cmake_export_typesupport_targets-extras.cmake
[85.980s] -- Up-to-date: /home/jizzy/ros_ws/install/turtlesim/share/turtlesim/cmake/rosidl_cmake_export_typesupport_libraries-extras.cmake
[85.980s] -- Up-to-date: /home/jizzy/ros_ws/install/turtlesim/share/turtlesim/cmake/turtlesimConfig.cmake
[85.983s] -- Up-to-date: /home/jizzy/ros_ws/install/turtlesim/share/turtlesim/cmake/turtlesimConfig-version.cmake
[85.984s] -- Up-to-date: /home/jizzy/ros_ws/install/turtlesim/share/turtlesim/package.xml
[85.984s] Invoked command in '/home/jizzy/ros_ws/build/turtlesim' returned '0': CMAKE_PREFIX_PATH=${CMAKE_PREFIX_PATH}:/home/jizzy/ros_ws/install/my_package:/home/jizzy/ros_ws/install/MyFirstPackage:/opt/ros/jazzy DEBUGINFOD_URLS=https://debuginfod.ubuntu.com /usr/bin/cmake --install /home/jizzy/ros_ws/build/turtlesim
