[1.057s] Invoking command in '/home/gisbert12843/Robotics_Prak/prak4_ws/build/webots_spot_teleop': PYTHONPATH=/home/gisbert12843/Robotics_Prak/prak4_ws/build/webots_spot_teleop/prefix_override:/usr/lib/python3/dist-packages/colcon_core/task/python/colcon_distutils_commands:/home/gisbert12843/Robotics_Prak/prak4_ws/install/webots_spot_teleop/lib/python3.10/site-packages:${PYTHONPATH} /usr/bin/python3 -W ignore:setup.py install is deprecated -W ignore:easy_install command is deprecated setup.py develop --editable --build-directory /home/gisbert12843/Robotics_Prak/prak4_ws/build/webots_spot_teleop/build --no-deps symlink_data
[1.438s] /usr/lib/python3/dist-packages/setuptools/dist.py:723: UserWarning: Usage of dash-separated 'script-dir' will not be supported in future versions. Please use the underscore name 'script_dir' instead
[1.438s]   warnings.warn(
[1.480s] running develop
[1.747s] running egg_info
[1.747s] creating webots_spot_teleop.egg-info
[1.748s] writing webots_spot_teleop.egg-info/PKG-INFO
[1.748s] writing dependency_links to webots_spot_teleop.egg-info/dependency_links.txt
[1.748s] writing entry points to webots_spot_teleop.egg-info/entry_points.txt
[1.748s] writing requirements to webots_spot_teleop.egg-info/requires.txt
[1.748s] writing top-level names to webots_spot_teleop.egg-info/top_level.txt
[1.748s] writing manifest file 'webots_spot_teleop.egg-info/SOURCES.txt'
[1.750s] reading manifest file 'webots_spot_teleop.egg-info/SOURCES.txt'
[1.751s] writing manifest file 'webots_spot_teleop.egg-info/SOURCES.txt'
[1.754s] running build_ext
[1.754s] Creating /home/gisbert12843/Robotics_Prak/prak4_ws/install/webots_spot_teleop/lib/python3.10/site-packages/webots-spot-teleop.egg-link (link to .)
[1.755s] Installing keyboard script to /home/gisbert12843/Robotics_Prak/prak4_ws/install/webots_spot_teleop/lib/webots_spot_teleop
[1.755s] Installing sliders script to /home/gisbert12843/Robotics_Prak/prak4_ws/install/webots_spot_teleop/lib/webots_spot_teleop
[1.755s] 
[1.755s] Installed /home/gisbert12843/Robotics_Prak/prak4_ws/build/webots_spot_teleop
[1.755s] running symlink_data
[1.756s] creating /home/gisbert12843/Robotics_Prak/prak4_ws/install/webots_spot_teleop/share/ament_index
[1.756s] creating /home/gisbert12843/Robotics_Prak/prak4_ws/install/webots_spot_teleop/share/ament_index/resource_index
[1.756s] creating /home/gisbert12843/Robotics_Prak/prak4_ws/install/webots_spot_teleop/share/ament_index/resource_index/packages
[1.756s] symbolically linking /home/gisbert12843/Robotics_Prak/prak4_ws/build/webots_spot_teleop/resource/webots_spot_teleop -> /home/gisbert12843/Robotics_Prak/prak4_ws/install/webots_spot_teleop/share/ament_index/resource_index/packages
[1.756s] symbolically linking /home/gisbert12843/Robotics_Prak/prak4_ws/build/webots_spot_teleop/package.xml -> /home/gisbert12843/Robotics_Prak/prak4_ws/install/webots_spot_teleop/share/webots_spot_teleop
[1.786s] Invoked command in '/home/gisbert12843/Robotics_Prak/prak4_ws/build/webots_spot_teleop' returned '0': PYTHONPATH=/home/gisbert12843/Robotics_Prak/prak4_ws/build/webots_spot_teleop/prefix_override:/usr/lib/python3/dist-packages/colcon_core/task/python/colcon_distutils_commands:/home/gisbert12843/Robotics_Prak/prak4_ws/install/webots_spot_teleop/lib/python3.10/site-packages:${PYTHONPATH} /usr/bin/python3 -W ignore:setup.py install is deprecated -W ignore:easy_install command is deprecated setup.py develop --editable --build-directory /home/gisbert12843/Robotics_Prak/prak4_ws/build/webots_spot_teleop/build --no-deps symlink_data
